<?xml version="1.0" encoding="UTF-8"?>
<testsuite name="AccountServiceTest" tests="1" skipped="0" failures="0" errors="0" timestamp="2023-08-22T11:43:38" hostname="DESKTOP-DNM9F2A" time="21.137">
  <properties/>
  <testcase name="start" classname="AccountServiceTest" time="21.137"/>
  <system-out><![CDATA[?[1;31m
Start test 1?[0m
?[0;34m
?[0m?[0;34m  .   ____          _            __ _ _
?[0m?[0;34m /\\ / ___'_ __ _ _(_)_ __  __ _ \ \ \ \
?[0m?[0;34m( ( )\___ | '_ | '_| | '_ \/ _` | \ \ \ \
?[0m?[0;34m \\/  ___)| |_)| | | | | || (_| |  ) ) ) )
?[0m?[0;34m  '  |____| .__|_| |_|_| |_\__, | / / / /
?[0m?[0;34m =========|_|==============|___/=/_/_/_/
?[0m?[0;34m?[32m :: Spring Boot :: ?[39m              ?[2m (v3.0.2)?[0;39m
?[0m?[0;34m
?[0m?[0;34m?[2m2023-08-22T13:43:39.006+02:00?[0;39m ?[32m INFO?[0;39m ?[35m18216?[0;39m ?[2m---?[0;39m ?[2m[    Test worker]?[0;39m ?[36maccount.AccountServiceApplication       ?[0;39m ?[2m:?[0;39m Starting AccountServiceApplication using Java 17.0.6 with PID 18216 (started by rexxa in C:\Users\rexxa\IdeaProjects\Account Service (Java)\Account Service (Java)\task)
?[0m?[0;34m?[2m2023-08-22T13:43:39.010+02:00?[0;39m ?[32m INFO?[0;39m ?[35m18216?[0;39m ?[2m---?[0;39m ?[2m[    Test worker]?[0;39m ?[36maccount.AccountServiceApplication       ?[0;39m ?[2m:?[0;39m No active profile set, falling back to 1 default profile: "default"
?[0m?[0;34m?[2m2023-08-22T13:43:39.783+02:00?[0;39m ?[32m INFO?[0;39m ?[35m18216?[0;39m ?[2m---?[0;39m ?[2m[    Test worker]?[0;39m ?[36m.s.d.r.c.RepositoryConfigurationDelegate?[0;39m ?[2m:?[0;39m Bootstrapping Spring Data JPA repositories in DEFAULT mode.
?[0m?[0;34m?[2m2023-08-22T13:43:39.832+02:00?[0;39m ?[32m INFO?[0;39m ?[35m18216?[0;39m ?[2m---?[0;39m ?[2m[    Test worker]?[0;39m ?[36m.s.d.r.c.RepositoryConfigurationDelegate?[0;39m ?[2m:?[0;39m Finished Spring Data repository scanning in 39 ms. Found 1 JPA repository interfaces.
?[0m?[0;34m?[2m2023-08-22T13:43:40.329+02:00?[0;39m ?[32m INFO?[0;39m ?[35m18216?[0;39m ?[2m---?[0;39m ?[2m[    Test worker]?[0;39m ?[36mo.s.b.w.embedded.tomcat.TomcatWebServer ?[0;39m ?[2m:?[0;39m Tomcat initialized with port(s): 28852 (http)
?[0m?[0;34m?[2m2023-08-22T13:43:40.339+02:00?[0;39m ?[32m INFO?[0;39m ?[35m18216?[0;39m ?[2m---?[0;39m ?[2m[    Test worker]?[0;39m ?[36mo.apache.catalina.core.StandardService  ?[0;39m ?[2m:?[0;39m Starting service [Tomcat]
?[0m?[0;34m?[2m2023-08-22T13:43:40.340+02:00?[0;39m ?[32m INFO?[0;39m ?[35m18216?[0;39m ?[2m---?[0;39m ?[2m[    Test worker]?[0;39m ?[36mo.apache.catalina.core.StandardEngine   ?[0;39m ?[2m:?[0;39m Starting Servlet engine: [Apache Tomcat/10.1.5]
?[0m?[0;34m?[2m2023-08-22T13:43:40.411+02:00?[0;39m ?[32m INFO?[0;39m ?[35m18216?[0;39m ?[2m---?[0;39m ?[2m[    Test worker]?[0;39m ?[36mo.a.c.c.C.[Tomcat].[localhost].[/]      ?[0;39m ?[2m:?[0;39m Initializing Spring embedded WebApplicationContext
?[0m?[0;34m?[2m2023-08-22T13:43:40.413+02:00?[0;39m ?[32m INFO?[0;39m ?[35m18216?[0;39m ?[2m---?[0;39m ?[2m[    Test worker]?[0;39m ?[36mw.s.c.ServletWebServerApplicationContext?[0;39m ?[2m:?[0;39m Root WebApplicationContext: initialization completed in 1369 ms
?[0m?[0;34m?[2m2023-08-22T13:43:40.492+02:00?[0;39m ?[32m INFO?[0;39m ?[35m18216?[0;39m ?[2m---?[0;39m ?[2m[    Test worker]?[0;39m ?[36mcom.zaxxer.hikari.HikariDataSource      ?[0;39m ?[2m:?[0;39m HikariPool-1 - Starting...
?[0m?[0;34m?[2m2023-08-22T13:43:40.726+02:00?[0;39m ?[32m INFO?[0;39m ?[35m18216?[0;39m ?[2m---?[0;39m ?[2m[    Test worker]?[0;39m ?[36mcom.zaxxer.hikari.pool.HikariPool       ?[0;39m ?[2m:?[0;39m HikariPool-1 - Added connection conn0: url=jdbc:h2:file:../service_db user=
?[0m?[0;34m?[2m2023-08-22T13:43:40.728+02:00?[0;39m ?[32m INFO?[0;39m ?[35m18216?[0;39m ?[2m---?[0;39m ?[2m[    Test worker]?[0;39m ?[36mcom.zaxxer.hikari.HikariDataSource      ?[0;39m ?[2m:?[0;39m HikariPool-1 - Start completed.
?[0m?[0;34m?[2m2023-08-22T13:43:40.741+02:00?[0;39m ?[32m INFO?[0;39m ?[35m18216?[0;39m ?[2m---?[0;39m ?[2m[    Test worker]?[0;39m ?[36mo.s.b.a.h2.H2ConsoleAutoConfiguration   ?[0;39m ?[2m:?[0;39m H2 console available at '/h2-console'. Database available at 'jdbc:h2:file:../service_db'
?[0m?[0;34m?[2m2023-08-22T13:43:40.812+02:00?[0;39m ?[33m WARN?[0;39m ?[35m18216?[0;39m ?[2m---?[0;39m ?[2m[    Test worker]?[0;39m ?[36m.t.u.s.PrivilegedSetAccessControlContext?[0;39m ?[2m:?[0;39m Unable to set field Thread.inheritedAccessControlContext
?[0m?[0;34m
?[0m?[0;34mjava.lang.IllegalAccessException: class org.apache.tomcat.util.security.PrivilegedSetAccessControlContext cannot access a member of class java.lang.Thread (in module java.base) with modifiers "private"
?[0m?[0;34m	at java.base/jdk.internal.reflect.Reflection.newIllegalAccessException(Reflection.java:392) ~[na:na]
?[0m?[0;34m	at java.base/java.lang.reflect.AccessibleObject.checkAccess(AccessibleObject.java:674) ~[na:na]
?[0m?[0;34m	at java.base/java.lang.reflect.Field.checkAccess(Field.java:1102) ~[na:na]
?[0m?[0;34m	at java.base/java.lang.reflect.Field.set(Field.java:797) ~[na:na]
?[0m?[0;34m	at org.apache.tomcat.util.security.PrivilegedSetAccessControlContext.run(PrivilegedSetAccessControlContext.java:60) ~[tomcat-embed-core-10.1.5.jar:10.1.5]
?[0m?[0;34m	at org.apache.tomcat.util.security.PrivilegedSetAccessControlContext.run(PrivilegedSetAccessControlContext.java:28) ~[tomcat-embed-core-10.1.5.jar:10.1.5]
?[0m?[0;34m	at java.base/java.security.AccessController.doPrivileged(AccessController.java:318) ~[na:na]
?[0m?[0;34m	at org.apache.tomcat.util.threads.TaskThreadFactory.newThread(TaskThreadFactory.java:64) ~[tomcat-embed-core-10.1.5.jar:10.1.5]
?[0m?[0;34m	at java.base/java.util.concurrent.ThreadPoolExecutor$Worker.<init>(ThreadPoolExecutor.java:630) ~[na:na]
?[0m?[0;34m	at java.base/java.util.concurrent.ThreadPoolExecutor.addWorker(ThreadPoolExecutor.java:920) ~[na:na]
?[0m?[0;34m	at java.base/java.util.concurrent.ThreadPoolExecutor.ensurePrestart(ThreadPoolExecutor.java:1593) ~[na:na]
?[0m?[0;34m	at java.base/java.util.concurrent.ScheduledThreadPoolExecutor.delayedExecute(ScheduledThreadPoolExecutor.java:346) ~[na:na]
?[0m?[0;34m	at java.base/java.util.concurrent.ScheduledThreadPoolExecutor.scheduleWithFixedDelay(ScheduledThreadPoolExecutor.java:680) ~[na:na]
?[0m?[0;34m	at org.apache.tomcat.util.threads.ScheduledThreadPoolExecutor.scheduleWithFixedDelay(ScheduledThreadPoolExecutor.java:138) ~[tomcat-embed-core-10.1.5.jar:10.1.5]
?[0m?[0;34m	at org.apache.catalina.core.ContainerBase.startInternal(ContainerBase.java:948) ~[tomcat-embed-core-10.1.5.jar:10.1.5]
?[0m?[0;34m	at org.apache.catalina.core.StandardEngine.startInternal(StandardEngine.java:252) ~[tomcat-embed-core-10.1.5.jar:10.1.5]
?[0m?[0;34m	at org.apache.catalina.util.LifecycleBase.start(LifecycleBase.java:183) ~[tomcat-embed-core-10.1.5.jar:10.1.5]
?[0m?[0;34m	at org.apache.catalina.core.StandardService.startInternal(StandardService.java:430) ~[tomcat-embed-core-10.1.5.jar:10.1.5]
?[0m?[0;34m	at org.apache.catalina.util.LifecycleBase.start(LifecycleBase.java:183) ~[tomcat-embed-core-10.1.5.jar:10.1.5]
?[0m?[0;34m	at org.apache.catalina.core.StandardServer.startInternal(StandardServer.java:926) ~[tomcat-embed-core-10.1.5.jar:10.1.5]
?[0m?[0;34m	at org.apache.catalina.util.LifecycleBase.start(LifecycleBase.java:183) ~[tomcat-embed-core-10.1.5.jar:10.1.5]
?[0m?[0;34m	at org.apache.catalina.startup.Tomcat.start(Tomcat.java:485) ~[tomcat-embed-core-10.1.5.jar:10.1.5]
?[0m?[0;34m	at org.springframework.boot.web.embedded.tomcat.TomcatWebServer.initialize(TomcatWebServer.java:123) ~[spring-boot-3.0.2.jar:3.0.2]
?[0m?[0;34m	at org.springframework.boot.web.embedded.tomcat.TomcatWebServer.<init>(TomcatWebServer.java:104) ~[spring-boot-3.0.2.jar:3.0.2]
?[0m?[0;34m	at org.springframework.boot.web.embedded.tomcat.TomcatServletWebServerFactory.getTomcatWebServer(TomcatServletWebServerFactory.java:486) ~[spring-boot-3.0.2.jar:3.0.2]
?[0m?[0;34m	at org.springframework.boot.web.embedded.tomcat.TomcatServletWebServerFactory.getWebServer(TomcatServletWebServerFactory.java:210) ~[spring-boot-3.0.2.jar:3.0.2]
?[0m?[0;34m	at org.springframework.boot.web.servlet.context.ServletWebServerApplicationContext.createWebServer(ServletWebServerApplicationContext.java:183) ~[spring-boot-3.0.2.jar:3.0.2]
?[0m?[0;34m	at org.springframework.boot.web.servlet.context.ServletWebServerApplicationContext.onRefresh(ServletWebServerApplicationContext.java:161) ~[spring-boot-3.0.2.jar:3.0.2]
?[0m?[0;34m	at org.springframework.context.support.AbstractApplicationContext.refresh(AbstractApplicationContext.java:578) ~[spring-context-6.0.4.jar:6.0.4]
?[0m?[0;34m	at org.springframework.boot.web.servlet.context.ServletWebServerApplicationContext.refresh(ServletWebServerApplicationContext.java:146) ~[spring-boot-3.0.2.jar:3.0.2]
?[0m?[0;34m	at org.springframework.boot.SpringApplication.refresh(SpringApplication.java:730) ~[spring-boot-3.0.2.jar:3.0.2]
?[0m?[0;34m	at org.springframework.boot.SpringApplication.refreshContext(SpringApplication.java:432) ~[spring-boot-3.0.2.jar:3.0.2]
?[0m?[0;34m	at org.springframework.boot.SpringApplication.run(SpringApplication.java:308) ~[spring-boot-3.0.2.jar:3.0.2]
?[0m?[0;34m	at org.springframework.boot.SpringApplication.run(SpringApplication.java:1302) ~[spring-boot-3.0.2.jar:3.0.2]
?[0m?[0;34m	at org.springframework.boot.SpringApplication.run(SpringApplication.java:1291) ~[spring-boot-3.0.2.jar:3.0.2]
?[0m?[0;34m	at account.AccountServiceApplication.main(AccountServiceApplication.java:12) ~[main/:na]
?[0m?[0;34m	at java.base/jdk.internal.reflect.NativeMethodAccessorImpl.invoke0(Native Method) ~[na:na]
?[0m?[0;34m	at java.base/jdk.internal.reflect.NativeMethodAccessorImpl.invoke(NativeMethodAccessorImpl.java:77) ~[na:na]
?[0m?[0;34m	at java.base/jdk.internal.reflect.DelegatingMethodAccessorImpl.invoke(DelegatingMethodAccessorImpl.java:43) ~[na:na]
?[0m?[0;34m	at java.base/java.lang.reflect.Method.invoke(Method.java:568) ~[na:na]
?[0m?[0;34m	at org.hyperskill.hstest.stage.SpringTest.startSpring(SpringTest.java:187) ~[hs-test-release-SNAPSHOT.jar:na]
?[0m?[0;34m	at org.hyperskill.hstest.stage.SpringTest.launchSpring(SpringTest.java:49) ~[hs-test-release-SNAPSHOT.jar:na]
?[0m?[0;34m	at org.hyperskill.hstest.testing.runner.SpringApplicationRunner.launchSpringBootApplication(SpringApplicationRunner.java:20) ~[hs-test-release-SNAPSHOT.jar:na]
?[0m?[0;34m	at org.hyperskill.hstest.testing.runner.SpringApplicationRunner.setUp(SpringApplicationRunner.java:35) ~[hs-test-release-SNAPSHOT.jar:na]
?[0m?[0;34m	at org.hyperskill.hstest.testing.TestRun.setUp(TestRun.java:77) ~[hs-test-release-SNAPSHOT.jar:na]
?[0m?[0;34m	at org.hyperskill.hstest.stage.StageTest.start(StageTest.java:159) ~[hs-test-release-SNAPSHOT.jar:na]
?[0m?[0;34m	at java.base/jdk.internal.reflect.NativeMethodAccessorImpl.invoke0(Native Method) ~[na:na]
?[0m?[0;34m	at java.base/jdk.internal.reflect.NativeMethodAccessorImpl.invoke(NativeMethodAccessorImpl.java:77) ~[na:na]
?[0m?[0;34m	at java.base/jdk.internal.reflect.DelegatingMethodAccessorImpl.invoke(DelegatingMethodAccessorImpl.java:43) ~[na:na]
?[0m?[0;34m	at java.base/java.lang.reflect.Method.invoke(Method.java:568) ~[na:na]
?[0m?[0;34m	at org.junit.runners.model.FrameworkMethod$1.runReflectiveCall(FrameworkMethod.java:59) ~[junit-4.13.2.jar:4.13.2]
?[0m?[0;34m	at org.junit.internal.runners.model.ReflectiveCallable.run(ReflectiveCallable.java:12) ~[junit-4.13.2.jar:4.13.2]
?[0m?[0;34m	at org.junit.runners.model.FrameworkMethod.invokeExplosively(FrameworkMethod.java:56) ~[junit-4.13.2.jar:4.13.2]
?[0m?[0;34m	at org.junit.internal.runners.statements.InvokeMethod.evaluate(InvokeMethod.java:17) ~[junit-4.13.2.jar:4.13.2]
?[0m?[0;34m	at org.junit.internal.runners.statements.RunAfters.evaluate(RunAfters.java:27) ~[junit-4.13.2.jar:4.13.2]
?[0m?[0;34m	at org.junit.runners.ParentRunner$3.evaluate(ParentRunner.java:306) ~[junit-4.13.2.jar:4.13.2]
?[0m?[0;34m	at org.junit.runners.BlockJUnit4ClassRunner$1.evaluate(BlockJUnit4ClassRunner.java:100) ~[junit-4.13.2.jar:4.13.2]
?[0m?[0;34m	at org.junit.runners.ParentRunner.runLeaf(ParentRunner.java:366) ~[junit-4.13.2.jar:4.13.2]
?[0m?[0;34m	at org.junit.runners.BlockJUnit4ClassRunner.runChild(BlockJUnit4ClassRunner.java:103) ~[junit-4.13.2.jar:4.13.2]
?[0m?[0;34m	at org.junit.runners.BlockJUnit4ClassRunner.runChild(BlockJUnit4ClassRunner.java:63) ~[junit-4.13.2.jar:4.13.2]
?[0m?[0;34m	at org.junit.runners.ParentRunner$4.run(ParentRunner.java:331) ~[junit-4.13.2.jar:4.13.2]
?[0m?[0;34m	at org.junit.runners.ParentRunner$1.schedule(ParentRunner.java:79) ~[junit-4.13.2.jar:4.13.2]
?[0m?[0;34m	at org.junit.runners.ParentRunner.runChildren(ParentRunner.java:329) ~[junit-4.13.2.jar:4.13.2]
?[0m?[0;34m	at org.junit.runners.ParentRunner.access$100(ParentRunner.java:66) ~[junit-4.13.2.jar:4.13.2]
?[0m?[0;34m	at org.junit.runners.ParentRunner$2.evaluate(ParentRunner.java:293) ~[junit-4.13.2.jar:4.13.2]
?[0m?[0;34m	at org.junit.runners.ParentRunner$3.evaluate(ParentRunner.java:306) ~[junit-4.13.2.jar:4.13.2]
?[0m?[0;34m	at org.junit.runners.ParentRunner.run(ParentRunner.java:413) ~[junit-4.13.2.jar:4.13.2]
?[0m?[0;34m	at org.gradle.api.internal.tasks.testing.junit.JUnitTestClassExecutor.runTestClass(JUnitTestClassExecutor.java:108) ~[na:na]
?[0m?[0;34m	at org.gradle.api.internal.tasks.testing.junit.JUnitTestClassExecutor.execute(JUnitTestClassExecutor.java:57) ~[na:na]
?[0m?[0;34m	at org.gradle.api.internal.tasks.testing.junit.JUnitTestClassExecutor.execute(JUnitTestClassExecutor.java:39) ~[na:na]
?[0m?[0;34m	at org.gradle.api.internal.tasks.testing.junit.AbstractJUnitTestClassProcessor.processTestClass(AbstractJUnitTestClassProcessor.java:62) ~[na:na]
?[0m?[0;34m	at org.gradle.api.internal.tasks.testing.SuiteTestClassProcessor.processTestClass(SuiteTestClassProcessor.java:52) ~[na:na]
?[0m?[0;34m	at java.base/jdk.internal.reflect.NativeMethodAccessorImpl.invoke0(Native Method) ~[na:na]
?[0m?[0;34m	at java.base/jdk.internal.reflect.NativeMethodAccessorImpl.invoke(NativeMethodAccessorImpl.java:77) ~[na:na]
?[0m?[0;34m	at java.base/jdk.internal.reflect.DelegatingMethodAccessorImpl.invoke(DelegatingMethodAccessorImpl.java:43) ~[na:na]
?[0m?[0;34m	at java.base/java.lang.reflect.Method.invoke(Method.java:568) ~[na:na]
?[0m?[0;34m	at org.gradle.internal.dispatch.ReflectionDispatch.dispatch(ReflectionDispatch.java:36) ~[na:na]
?[0m?[0;34m	at org.gradle.internal.dispatch.ReflectionDispatch.dispatch(ReflectionDispatch.java:24) ~[na:na]
?[0m?[0;34m	at org.gradle.internal.dispatch.ContextClassLoaderDispatch.dispatch(ContextClassLoaderDispatch.java:33) ~[na:na]
?[0m?[0;34m	at org.gradle.internal.dispatch.ProxyDispatchAdapter$DispatchingInvocationHandler.invoke(ProxyDispatchAdapter.java:94) ~[na:na]
?[0m?[0;34m	at jdk.proxy1/jdk.proxy1.$Proxy2.processTestClass(Unknown Source) ~[na:na]
?[0m?[0;34m	at org.gradle.api.internal.tasks.testing.worker.TestWorker$2.run(TestWorker.java:176) ~[na:na]
?[0m?[0;34m	at org.gradle.api.internal.tasks.testing.worker.TestWorker.executeAndMaintainThreadName(TestWorker.java:129) ~[na:na]
?[0m?[0;34m	at org.gradle.api.internal.tasks.testing.worker.TestWorker.execute(TestWorker.java:100) ~[na:na]
?[0m?[0;34m	at org.gradle.api.internal.tasks.testing.worker.TestWorker.execute(TestWorker.java:60) ~[na:na]
?[0m?[0;34m	at org.gradle.process.internal.worker.child.ActionExecutionWorker.execute(ActionExecutionWorker.java:56) ~[na:na]
?[0m?[0;34m	at org.gradle.process.internal.worker.child.SystemApplicationClassLoaderWorker.call(SystemApplicationClassLoaderWorker.java:113) ~[na:na]
?[0m?[0;34m	at org.gradle.process.internal.worker.child.SystemApplicationClassLoaderWorker.call(SystemApplicationClassLoaderWorker.java:65) ~[na:na]
?[0m?[0;34m	at worker.org.gradle.process.internal.worker.GradleWorkerMain.run(GradleWorkerMain.java:69) ~[gradle-worker.jar:na]
?[0m?[0;34m	at worker.org.gradle.process.internal.worker.GradleWorkerMain.main(GradleWorkerMain.java:74) ~[gradle-worker.jar:na]
?[0m?[0;34m
?[0;34m?[2m2023-08-22T13:43:40.822+02:00?[0;39m ?[33m WARN?[0;39m ?[35m18216?[0;39m ?[2m---?[0;39m ?[2m[alina-utility-1]?[0;39m ?[36m.t.u.s.PrivilegedSetAccessControlContext?[0;39m ?[2m:?[0;39m Unable to set field Thread.inheritedAccessControlContext
?[0m?[0;34m
?[0m?[0;34mjava.lang.IllegalAccessException: class org.apache.tomcat.util.security.PrivilegedSetAccessControlContext cannot access a member of class java.lang.Thread (in module java.base) with modifiers "private"
?[0m?[0;34m	at java.base/jdk.internal.reflect.Reflection.newIllegalAccessException(Reflection.java:392) ~[na:na]
?[0m?[0;34m	at java.base/java.lang.reflect.AccessibleObject.checkAccess(AccessibleObject.java:674) ~[na:na]
?[0m?[0;34m	at java.base/java.lang.reflect.Field.checkAccess(Field.java:1102) ~[na:na]
?[0m?[0;34m	at java.base/java.lang.reflect.Field.set(Field.java:797) ~[na:na]
?[0m?[0;34m	at org.apache.tomcat.util.security.PrivilegedSetAccessControlContext.run(PrivilegedSetAccessControlContext.java:60) ~[tomcat-embed-core-10.1.5.jar:10.1.5]
?[0m?[0;34m	at org.apache.tomcat.util.security.PrivilegedSetAccessControlContext.run(PrivilegedSetAccessControlContext.java:28) ~[tomcat-embed-core-10.1.5.jar:10.1.5]
?[0m?[0;34m	at java.base/java.security.AccessController.doPrivileged(AccessController.java:318) ~[na:na]
?[0m?[0;34m	at org.apache.tomcat.util.threads.TaskThreadFactory.newThread(TaskThreadFactory.java:64) ~[tomcat-embed-core-10.1.5.jar:10.1.5]
?[0m?[0;34m	at java.base/java.util.concurrent.ThreadPoolExecutor$Worker.<init>(ThreadPoolExecutor.java:630) ~[na:na]
?[0m?[0;34m	at java.base/java.util.concurrent.ThreadPoolExecutor.addWorker(ThreadPoolExecutor.java:920) ~[na:na]
?[0m?[0;34m	at java.base/java.util.concurrent.ThreadPoolExecutor.ensurePrestart(ThreadPoolExecutor.java:1593) ~[na:na]
?[0m?[0;34m	at java.base/java.util.concurrent.ScheduledThreadPoolExecutor.delayedExecute(ScheduledThreadPoolExecutor.java:346) ~[na:na]
?[0m?[0;34m	at java.base/java.util.concurrent.ScheduledThreadPoolExecutor.scheduleWithFixedDelay(ScheduledThreadPoolExecutor.java:680) ~[na:na]
?[0m?[0;34m	at org.apache.tomcat.util.threads.ScheduledThreadPoolExecutor.scheduleWithFixedDelay(ScheduledThreadPoolExecutor.java:138) ~[tomcat-embed-core-10.1.5.jar:10.1.5]
?[0m?[0;34m	at org.apache.catalina.core.ContainerBase.threadStart(ContainerBase.java:1291) ~[tomcat-embed-core-10.1.5.jar:10.1.5]
?[0m?[0;34m	at org.apache.catalina.core.ContainerBase$ContainerBackgroundProcessorMonitor.run(ContainerBase.java:1331) ~[tomcat-embed-core-10.1.5.jar:10.1.5]
?[0m?[0;34m	at java.base/java.util.concurrent.Executors$RunnableAdapter.call(Executors.java:539) ~[na:na]
?[0m?[0;34m	at java.base/java.util.concurrent.FutureTask.runAndReset(FutureTask.java:305) ~[na:na]
?[0m?[0;34m	at java.base/java.util.concurrent.ScheduledThreadPoolExecutor$ScheduledFutureTask.run(ScheduledThreadPoolExecutor.java:305) ~[na:na]
?[0m?[0;34m	at java.base/java.util.concurrent.ThreadPoolExecutor.runWorker(ThreadPoolExecutor.java:1136) ~[na:na]
?[0m?[0;34m	at java.base/java.util.concurrent.ThreadPoolExecutor$Worker.run(ThreadPoolExecutor.java:635) ~[na:na]
?[0m?[0;34m	at org.apache.tomcat.util.threads.TaskThread$WrappingRunnable.run(TaskThread.java:61) ~[tomcat-embed-core-10.1.5.jar:10.1.5]
?[0m?[0;34m	at java.base/java.lang.Thread.run(Thread.java:833) ~[na:na]
?[0m?[0;34m
?[0m?[0;34m?[2m2023-08-22T13:43:40.889+02:00?[0;39m ?[32m INFO?[0;39m ?[35m18216?[0;39m ?[2m---?[0;39m ?[2m[    Test worker]?[0;39m ?[36mo.hibernate.jpa.internal.util.LogHelper ?[0;39m ?[2m:?[0;39m HHH000204: Processing PersistenceUnitInfo [name: default]
?[0m?[0;34m?[2m2023-08-22T13:43:40.944+02:00?[0;39m ?[32m INFO?[0;39m ?[35m18216?[0;39m ?[2m---?[0;39m ?[2m[    Test worker]?[0;39m ?[36morg.hibernate.Version                   ?[0;39m ?[2m:?[0;39m HHH000412: Hibernate ORM core version 6.1.6.Final
?[0m?[0;34m?[2m2023-08-22T13:43:41.115+02:00?[0;39m ?[33m WARN?[0;39m ?[35m18216?[0;39m ?[2m---?[0;39m ?[2m[    Test worker]?[0;39m ?[36morg.hibernate.orm.deprecation           ?[0;39m ?[2m:?[0;39m HHH90000021: Encountered deprecated setting [javax.persistence.sharedCache.mode], use [jakarta.persistence.sharedCache.mode] instead
?[0m?[0;34m?[2m2023-08-22T13:43:41.251+02:00?[0;39m ?[32m INFO?[0;39m ?[35m18216?[0;39m ?[2m---?[0;39m ?[2m[    Test worker]?[0;39m ?[36mSQL dialect                             ?[0;39m ?[2m:?[0;39m HHH000400: Using dialect: org.hibernate.dialect.H2Dialect
?[0m?[0;34mHibernate: create table users (id bigint generated by default as identity, email varchar(255), lastname varchar(255), name varchar(255), password varchar(255), primary key (id))
?[0m?[0;34m?[2m2023-08-22T13:43:42.004+02:00?[0;39m ?[32m INFO?[0;39m ?[35m18216?[0;39m ?[2m---?[0;39m ?[2m[    Test worker]?[0;39m ?[36mo.h.e.t.j.p.i.JtaPlatformInitiator      ?[0;39m ?[2m:?[0;39m HHH000490: Using JtaPlatform implementation: [org.hibernate.engine.transaction.jta.platform.internal.NoJtaPlatform]
?[0m?[0;34m?[2m2023-08-22T13:43:42.012+02:00?[0;39m ?[32m INFO?[0;39m ?[35m18216?[0;39m ?[2m---?[0;39m ?[2m[    Test worker]?[0;39m ?[36mj.LocalContainerEntityManagerFactoryBean?[0;39m ?[2m:?[0;39m Initialized JPA EntityManagerFactory for persistence unit 'default'
?[0m?[0;34m?[2m2023-08-22T13:43:42.336+02:00?[0;39m ?[33m WARN?[0;39m ?[35m18216?[0;39m ?[2m---?[0;39m ?[2m[    Test worker]?[0;39m ?[36mJpaBaseConfiguration$JpaWebConfiguration?[0;39m ?[2m:?[0;39m spring.jpa.open-in-view is enabled by default. Therefore, database queries may be performed during view rendering. Explicitly configure spring.jpa.open-in-view to disable this warning
?[0m?[0;34m?[2m2023-08-22T13:43:42.349+02:00?[0;39m ?[32mTRACE?[0;39m ?[35m18216?[0;39m ?[2m---?[0;39m ?[2m[    Test worker]?[0;39m ?[36meGlobalAuthenticationAutowiredConfigurer?[0;39m ?[2m:?[0;39m Eagerly initializing {securityConfig=account.businesslayer.security.SecurityConfig$$SpringCGLIB$$0@7cc842b0}
?[0m?[0;34m?[2m2023-08-22T13:43:42.677+02:00?[0;39m ?[32m INFO?[0;39m ?[35m18216?[0;39m ?[2m---?[0;39m ?[2m[    Test worker]?[0;39m ?[36mo.s.b.a.e.web.EndpointLinksResolver     ?[0;39m ?[2m:?[0;39m Exposing 14 endpoint(s) beneath base path '/actuator'
?[0m?[0;34m?[2m2023-08-22T13:43:42.717+02:00?[0;39m ?[32m INFO?[0;39m ?[35m18216?[0;39m ?[2m---?[0;39m ?[2m[    Test worker]?[0;39m ?[36mo.s.s.web.DefaultSecurityFilterChain    ?[0;39m ?[2m:?[0;39m Will secure any request with [org.springframework.security.web.session.DisableEncodeUrlFilter@5d51203b, org.springframework.security.web.context.request.async.WebAsyncManagerIntegrationFilter@32be672d, org.springframework.security.web.context.SecurityContextHolderFilter@74f54f8e, org.springframework.security.web.header.HeaderWriterFilter@157ff8f8, org.springframework.security.web.authentication.logout.LogoutFilter@72364a40, org.springframework.security.web.authentication.www.BasicAuthenticationFilter@a23b96b, org.springframework.security.web.savedrequest.RequestCacheAwareFilter@59b8a801, org.springframework.security.web.servletapi.SecurityContextHolderAwareRequestFilter@5aa026e9, org.springframework.security.web.authentication.AnonymousAuthenticationFilter@23e54c8a, org.springframework.security.web.session.SessionManagementFilter@79e3f444, org.springframework.security.web.access.ExceptionTranslationFilter@17a756db, org.springframework.security.web.access.intercept.AuthorizationFilter@55e75ce0]
?[0m?[0;34m?[2m2023-08-22T13:43:42.993+02:00?[0;39m ?[33m WARN?[0;39m ?[35m18216?[0;39m ?[2m---?[0;39m ?[2m[    Test worker]?[0;39m ?[36m.t.u.s.PrivilegedSetAccessControlContext?[0;39m ?[2m:?[0;39m Unable to set field Thread.inheritedAccessControlContext
?[0m?[0;34m
?[0m?[0;34mjava.lang.IllegalAccessException: class org.apache.tomcat.util.security.PrivilegedSetAccessControlContext cannot access a member of class java.lang.Thread (in module java.base) with modifiers "private"
?[0m?[0;34m	at java.base/jdk.internal.reflect.Reflection.newIllegalAccessException(Reflection.java:392) ~[na:na]
?[0m?[0;34m	at java.base/java.lang.reflect.AccessibleObject.checkAccess(AccessibleObject.java:674) ~[na:na]
?[0m?[0;34m	at java.base/java.lang.reflect.Field.checkAccess(Field.java:1102) ~[na:na]
?[0m?[0;34m	at java.base/java.lang.reflect.Field.set(Field.java:797) ~[na:na]
?[0m?[0;34m	at org.apache.tomcat.util.security.PrivilegedSetAccessControlContext.run(PrivilegedSetAccessControlContext.java:60) ~[tomcat-embed-core-10.1.5.jar:10.1.5]
?[0m?[0;34m	at org.apache.tomcat.util.security.PrivilegedSetAccessControlContext.run(PrivilegedSetAccessControlContext.java:28) ~[tomcat-embed-core-10.1.5.jar:10.1.5]
?[0m?[0;34m	at java.base/java.security.AccessController.doPrivileged(AccessController.java:318) ~[na:na]
?[0m?[0;34m	at org.apache.tomcat.util.threads.TaskThreadFactory.newThread(TaskThreadFactory.java:64) ~[tomcat-embed-core-10.1.5.jar:10.1.5]
?[0m?[0;34m	at org.apache.tomcat.util.threads.ThreadPoolExecutor$Worker.<init>(ThreadPoolExecutor.java:653) ~[tomcat-embed-core-10.1.5.jar:10.1.5]
?[0m?[0;34m	at org.apache.tomcat.util.threads.ThreadPoolExecutor.addWorker(ThreadPoolExecutor.java:957) ~[tomcat-embed-core-10.1.5.jar:10.1.5]
?[0m?[0;34m	at org.apache.tomcat.util.threads.ThreadPoolExecutor.prestartAllCoreThreads(ThreadPoolExecutor.java:1694) ~[tomcat-embed-core-10.1.5.jar:10.1.5]
?[0m?[0;34m	at org.apache.tomcat.util.threads.ThreadPoolExecutor.<init>(ThreadPoolExecutor.java:1370) ~[tomcat-embed-core-10.1.5.jar:10.1.5]
?[0m?[0;34m	at org.apache.tomcat.util.threads.ThreadPoolExecutor.<init>(ThreadPoolExecutor.java:1280) ~[tomcat-embed-core-10.1.5.jar:10.1.5]
?[0m?[0;34m	at org.apache.tomcat.util.net.AbstractEndpoint.createExecutor(AbstractEndpoint.java:948) ~[tomcat-embed-core-10.1.5.jar:10.1.5]
?[0m?[0;34m	at org.apache.tomcat.util.net.NioEndpoint.startInternal(NioEndpoint.java:279) ~[tomcat-embed-core-10.1.5.jar:10.1.5]
?[0m?[0;34m	at org.apache.tomcat.util.net.AbstractEndpoint.start(AbstractEndpoint.java:1261) ~[tomcat-embed-core-10.1.5.jar:10.1.5]
?[0m?[0;34m	at org.apache.coyote.AbstractProtocol.start(AbstractProtocol.java:586) ~[tomcat-embed-core-10.1.5.jar:10.1.5]
?[0m?[0;34m	at org.apache.catalina.connector.Connector.startInternal(Connector.java:1081) ~[tomcat-embed-core-10.1.5.jar:10.1.5]
?[0m?[0;34m	at org.apache.catalina.util.LifecycleBase.start(LifecycleBase.java:183) ~[tomcat-embed-core-10.1.5.jar:10.1.5]
?[0m?[0;34m	at org.apache.catalina.core.StandardService.addConnector(StandardService.java:234) ~[tomcat-embed-core-10.1.5.jar:10.1.5]
?[0m?[0;34m	at org.springframework.boot.web.embedded.tomcat.TomcatWebServer.addPreviouslyRemovedConnectors(TomcatWebServer.java:282) ~[spring-boot-3.0.2.jar:3.0.2]
?[0m?[0;34m	at org.springframework.boot.web.embedded.tomcat.TomcatWebServer.start(TomcatWebServer.java:213) ~[spring-boot-3.0.2.jar:3.0.2]
?[0m?[0;34m	at org.springframework.boot.web.servlet.context.WebServerStartStopLifecycle.start(WebServerStartStopLifecycle.java:44) ~[spring-boot-3.0.2.jar:3.0.2]
?[0m?[0;34m	at org.springframework.context.support.DefaultLifecycleProcessor.doStart(DefaultLifecycleProcessor.java:178) ~[spring-context-6.0.4.jar:6.0.4]
?[0m?[0;34m	at org.springframework.context.support.DefaultLifecycleProcessor$LifecycleGroup.start(DefaultLifecycleProcessor.java:356) ~[spring-context-6.0.4.jar:6.0.4]
?[0m?[0;34m	at java.base/java.lang.Iterable.forEach(Iterable.java:75) ~[na:na]
?[0m?[0;34m	at org.springframework.context.support.DefaultLifecycleProcessor.startBeans(DefaultLifecycleProcessor.java:155) ~[spring-context-6.0.4.jar:6.0.4]
?[0m?[0;34m	at org.springframework.context.support.DefaultLifecycleProcessor.onRefresh(DefaultLifecycleProcessor.java:123) ~[spring-context-6.0.4.jar:6.0.4]
?[0m?[0;34m	at org.springframework.context.support.AbstractApplicationContext.finishRefresh(AbstractApplicationContext.java:932) ~[spring-context-6.0.4.jar:6.0.4]
?[0m?[0;34m	at org.springframework.context.support.AbstractApplicationContext.refresh(AbstractApplicationContext.java:587) ~[spring-context-6.0.4.jar:6.0.4]
?[0m?[0;34m	at org.springframework.boot.web.servlet.context.ServletWebServerApplicationContext.refresh(ServletWebServerApplicationContext.java:146) ~[spring-boot-3.0.2.jar:3.0.2]
?[0m?[0;34m	at org.springframework.boot.SpringApplication.refresh(SpringApplication.java:730) ~[spring-boot-3.0.2.jar:3.0.2]
?[0m?[0;34m	at org.springframework.boot.SpringApplication.refreshContext(SpringApplication.java:432) ~[spring-boot-3.0.2.jar:3.0.2]
?[0m?[0;34m	at org.springframework.boot.SpringApplication.run(SpringApplication.java:308) ~[spring-boot-3.0.2.jar:3.0.2]
?[0m?[0;34m	at org.springframework.boot.SpringApplication.run(SpringApplication.java:1302) ~[spring-boot-3.0.2.jar:3.0.2]
?[0m?[0;34m	at org.springframework.boot.SpringApplication.run(SpringApplication.java:1291) ~[spring-boot-3.0.2.jar:3.0.2]
?[0m?[0;34m	at account.AccountServiceApplication.main(AccountServiceApplication.java:12) ~[main/:na]
?[0m?[0;34m	at java.base/jdk.internal.reflect.NativeMethodAccessorImpl.invoke0(Native Method) ~[na:na]
?[0m?[0;34m	at java.base/jdk.internal.reflect.NativeMethodAccessorImpl.invoke(NativeMethodAccessorImpl.java:77) ~[na:na]
?[0m?[0;34m	at java.base/jdk.internal.reflect.DelegatingMethodAccessorImpl.invoke(DelegatingMethodAccessorImpl.java:43) ~[na:na]
?[0m?[0;34m	at java.base/java.lang.reflect.Method.invoke(Method.java:568) ~[na:na]
?[0m?[0;34m	at org.hyperskill.hstest.stage.SpringTest.startSpring(SpringTest.java:187) ~[hs-test-release-SNAPSHOT.jar:na]
?[0m?[0;34m	at org.hyperskill.hstest.stage.SpringTest.launchSpring(SpringTest.java:49) ~[hs-test-release-SNAPSHOT.jar:na]
?[0m?[0;34m	at org.hyperskill.hstest.testing.runner.SpringApplicationRunner.launchSpringBootApplication(SpringApplicationRunner.java:20) ~[hs-test-release-SNAPSHOT.jar:na]
?[0m?[0;34m	at org.hyperskill.hstest.testing.runner.SpringApplicationRunner.setUp(SpringApplicationRunner.java:35) ~[hs-test-release-SNAPSHOT.jar:na]
?[0m?[0;34m	at org.hyperskill.hstest.testing.TestRun.setUp(TestRun.java:77) ~[hs-test-release-SNAPSHOT.jar:na]
?[0m?[0;34m	at org.hyperskill.hstest.stage.StageTest.start(StageTest.java:159) ~[hs-test-release-SNAPSHOT.jar:na]
?[0m?[0;34m	at java.base/jdk.internal.reflect.NativeMethodAccessorImpl.invoke0(Native Method) ~[na:na]
?[0m?[0;34m	at java.base/jdk.internal.reflect.NativeMethodAccessorImpl.invoke(NativeMethodAccessorImpl.java:77) ~[na:na]
?[0m?[0;34m	at java.base/jdk.internal.reflect.DelegatingMethodAccessorImpl.invoke(DelegatingMethodAccessorImpl.java:43) ~[na:na]
?[0m?[0;34m	at java.base/java.lang.reflect.Method.invoke(Method.java:568) ~[na:na]
?[0m?[0;34m	at org.junit.runners.model.FrameworkMethod$1.runReflectiveCall(FrameworkMethod.java:59) ~[junit-4.13.2.jar:4.13.2]
?[0m?[0;34m	at org.junit.internal.runners.model.ReflectiveCallable.run(ReflectiveCallable.java:12) ~[junit-4.13.2.jar:4.13.2]
?[0m?[0;34m	at org.junit.runners.model.FrameworkMethod.invokeExplosively(FrameworkMethod.java:56) ~[junit-4.13.2.jar:4.13.2]
?[0m?[0;34m	at org.junit.internal.runners.statements.InvokeMethod.evaluate(InvokeMethod.java:17) ~[junit-4.13.2.jar:4.13.2]
?[0m?[0;34m	at org.junit.internal.runners.statements.RunAfters.evaluate(RunAfters.java:27) ~[junit-4.13.2.jar:4.13.2]
?[0m?[0;34m	at org.junit.runners.ParentRunner$3.evaluate(ParentRunner.java:306) ~[junit-4.13.2.jar:4.13.2]
?[0m?[0;34m	at org.junit.runners.BlockJUnit4ClassRunner$1.evaluate(BlockJUnit4ClassRunner.java:100) ~[junit-4.13.2.jar:4.13.2]
?[0m?[0;34m	at org.junit.runners.ParentRunner.runLeaf(ParentRunner.java:366) ~[junit-4.13.2.jar:4.13.2]
?[0m?[0;34m	at org.junit.runners.BlockJUnit4ClassRunner.runChild(BlockJUnit4ClassRunner.java:103) ~[junit-4.13.2.jar:4.13.2]
?[0m?[0;34m	at org.junit.runners.BlockJUnit4ClassRunner.runChild(BlockJUnit4ClassRunner.java:63) ~[junit-4.13.2.jar:4.13.2]
?[0m?[0;34m	at org.junit.runners.ParentRunner$4.run(ParentRunner.java:331) ~[junit-4.13.2.jar:4.13.2]
?[0m?[0;34m	at org.junit.runners.ParentRunner$1.schedule(ParentRunner.java:79) ~[junit-4.13.2.jar:4.13.2]
?[0m?[0;34m	at org.junit.runners.ParentRunner.runChildren(ParentRunner.java:329) ~[junit-4.13.2.jar:4.13.2]
?[0m?[0;34m	at org.junit.runners.ParentRunner.access$100(ParentRunner.java:66) ~[junit-4.13.2.jar:4.13.2]
?[0m?[0;34m	at org.junit.runners.ParentRunner$2.evaluate(ParentRunner.java:293) ~[junit-4.13.2.jar:4.13.2]
?[0m?[0;34m	at org.junit.runners.ParentRunner$3.evaluate(ParentRunner.java:306) ~[junit-4.13.2.jar:4.13.2]
?[0m?[0;34m	at org.junit.runners.ParentRunner.run(ParentRunner.java:413) ~[junit-4.13.2.jar:4.13.2]
?[0m?[0;34m	at org.gradle.api.internal.tasks.testing.junit.JUnitTestClassExecutor.runTestClass(JUnitTestClassExecutor.java:108) ~[na:na]
?[0m?[0;34m	at org.gradle.api.internal.tasks.testing.junit.JUnitTestClassExecutor.execute(JUnitTestClassExecutor.java:57) ~[na:na]
?[0m?[0;34m	at org.gradle.api.internal.tasks.testing.junit.JUnitTestClassExecutor.execute(JUnitTestClassExecutor.java:39) ~[na:na]
?[0m?[0;34m	at org.gradle.api.internal.tasks.testing.junit.AbstractJUnitTestClassProcessor.processTestClass(AbstractJUnitTestClassProcessor.java:62) ~[na:na]
?[0m?[0;34m	at org.gradle.api.internal.tasks.testing.SuiteTestClassProcessor.processTestClass(SuiteTestClassProcessor.java:52) ~[na:na]
?[0m?[0;34m	at java.base/jdk.internal.reflect.NativeMethodAccessorImpl.invoke0(Native Method) ~[na:na]
?[0m?[0;34m	at java.base/jdk.internal.reflect.NativeMethodAccessorImpl.invoke(NativeMethodAccessorImpl.java:77) ~[na:na]
?[0m?[0;34m	at java.base/jdk.internal.reflect.DelegatingMethodAccessorImpl.invoke(DelegatingMethodAccessorImpl.java:43) ~[na:na]
?[0m?[0;34m	at java.base/java.lang.reflect.Method.invoke(Method.java:568) ~[na:na]
?[0m?[0;34m	at org.gradle.internal.dispatch.ReflectionDispatch.dispatch(ReflectionDispatch.java:36) ~[na:na]
?[0m?[0;34m	at org.gradle.internal.dispatch.ReflectionDispatch.dispatch(ReflectionDispatch.java:24) ~[na:na]
?[0m?[0;34m	at org.gradle.internal.dispatch.ContextClassLoaderDispatch.dispatch(ContextClassLoaderDispatch.java:33) ~[na:na]
?[0m?[0;34m	at org.gradle.internal.dispatch.ProxyDispatchAdapter$DispatchingInvocationHandler.invoke(ProxyDispatchAdapter.java:94) ~[na:na]
?[0m?[0;34m	at jdk.proxy1/jdk.proxy1.$Proxy2.processTestClass(Unknown Source) ~[na:na]
?[0m?[0;34m	at org.gradle.api.internal.tasks.testing.worker.TestWorker$2.run(TestWorker.java:176) ~[na:na]
?[0m?[0;34m	at org.gradle.api.internal.tasks.testing.worker.TestWorker.executeAndMaintainThreadName(TestWorker.java:129) ~[na:na]
?[0m?[0;34m	at org.gradle.api.internal.tasks.testing.worker.TestWorker.execute(TestWorker.java:100) ~[na:na]
?[0m?[0;34m	at org.gradle.api.internal.tasks.testing.worker.TestWorker.execute(TestWorker.java:60) ~[na:na]
?[0m?[0;34m	at org.gradle.process.internal.worker.child.ActionExecutionWorker.execute(ActionExecutionWorker.java:56) ~[na:na]
?[0m?[0;34m	at org.gradle.process.internal.worker.child.SystemApplicationClassLoaderWorker.call(SystemApplicationClassLoaderWorker.java:113) ~[na:na]
?[0m?[0;34m	at org.gradle.process.internal.worker.child.SystemApplicationClassLoaderWorker.call(SystemApplicationClassLoaderWorker.java:65) ~[na:na]
?[0m?[0;34m	at worker.org.gradle.process.internal.worker.GradleWorkerMain.run(GradleWorkerMain.java:69) ~[gradle-worker.jar:na]
?[0m?[0;34m	at worker.org.gradle.process.internal.worker.GradleWorkerMain.main(GradleWorkerMain.java:74) ~[gradle-worker.jar:na]
?[0m?[0;34m
?[0m?[0;34m?[2m2023-08-22T13:43:42.999+02:00?[0;39m ?[33m WARN?[0;39m ?[35m18216?[0;39m ?[2m---?[0;39m ?[2m[    Test worker]?[0;39m ?[36m.t.u.s.PrivilegedSetAccessControlContext?[0;39m ?[2m:?[0;39m Unable to set field Thread.inheritedAccessControlContext
?[0m?[0;34m
?[0m?[0;34mjava.lang.IllegalAccessException: class org.apache.tomcat.util.security.PrivilegedSetAccessControlContext cannot access a member of class java.lang.Thread (in module java.base) with modifiers "private"
?[0m?[0;34m	at java.base/jdk.internal.reflect.Reflection.newIllegalAccessException(Reflection.java:392) ~[na:na]
?[0m?[0;34m	at java.base/java.lang.reflect.AccessibleObject.checkAccess(AccessibleObject.java:674) ~[na:na]
?[0m?[0;34m	at java.base/java.lang.reflect.Field.checkAccess(Field.java:1102) ~[na:na]
?[0m?[0;34m	at java.base/java.lang.reflect.Field.set(Field.java:797) ~[na:na]
?[0m?[0;34m	at org.apache.tomcat.util.security.PrivilegedSetAccessControlContext.run(PrivilegedSetAccessControlContext.java:60) ~[tomcat-embed-core-10.1.5.jar:10.1.5]
?[0m?[0;34m	at org.apache.tomcat.util.security.PrivilegedSetAccessControlContext.run(PrivilegedSetAccessControlContext.java:28) ~[tomcat-embed-core-10.1.5.jar:10.1.5]
?[0m?[0;34m	at java.base/java.security.AccessController.doPrivileged(AccessController.java:318) ~[na:na]
?[0m?[0;34m	at org.apache.tomcat.util.threads.TaskThreadFactory.newThread(TaskThreadFactory.java:64) ~[tomcat-embed-core-10.1.5.jar:10.1.5]
?[0m?[0;34m	at org.apache.tomcat.util.threads.ThreadPoolExecutor$Worker.<init>(ThreadPoolExecutor.java:653) ~[tomcat-embed-core-10.1.5.jar:10.1.5]
?[0m?[0;34m	at org.apache.tomcat.util.threads.ThreadPoolExecutor.addWorker(ThreadPoolExecutor.java:957) ~[tomcat-embed-core-10.1.5.jar:10.1.5]
?[0m?[0;34m	at org.apache.tomcat.util.threads.ThreadPoolExecutor.prestartAllCoreThreads(ThreadPoolExecutor.java:1694) ~[tomcat-embed-core-10.1.5.jar:10.1.5]
?[0m?[0;34m	at org.apache.tomcat.util.threads.ThreadPoolExecutor.<init>(ThreadPoolExecutor.java:1370) ~[tomcat-embed-core-10.1.5.jar:10.1.5]
?[0m?[0;34m	at org.apache.tomcat.util.threads.ThreadPoolExecutor.<init>(ThreadPoolExecutor.java:1280) ~[tomcat-embed-core-10.1.5.jar:10.1.5]
?[0m?[0;34m	at org.apache.tomcat.util.net.AbstractEndpoint.createExecutor(AbstractEndpoint.java:948) ~[tomcat-embed-core-10.1.5.jar:10.1.5]
?[0m?[0;34m	at org.apache.tomcat.util.net.NioEndpoint.startInternal(NioEndpoint.java:279) ~[tomcat-embed-core-10.1.5.jar:10.1.5]
?[0m?[0;34m	at org.apache.tomcat.util.net.AbstractEndpoint.start(AbstractEndpoint.java:1261) ~[tomcat-embed-core-10.1.5.jar:10.1.5]
?[0m?[0;34m	at org.apache.coyote.AbstractProtocol.start(AbstractProtocol.java:586) ~[tomcat-embed-core-10.1.5.jar:10.1.5]
?[0m?[0;34m	at org.apache.catalina.connector.Connector.startInternal(Connector.java:1081) ~[tomcat-embed-core-10.1.5.jar:10.1.5]
?[0m?[0;34m	at org.apache.catalina.util.LifecycleBase.start(LifecycleBase.java:183) ~[tomcat-embed-core-10.1.5.jar:10.1.5]
?[0m?[0;34m	at org.apache.catalina.core.StandardService.addConnector(StandardService.java:234) ~[tomcat-embed-core-10.1.5.jar:10.1.5]
?[0m?[0;34m	at org.springframework.boot.web.embedded.tomcat.TomcatWebServer.addPreviouslyRemovedConnectors(TomcatWebServer.java:282) ~[spring-boot-3.0.2.jar:3.0.2]
?[0m?[0;34m	at org.springframework.boot.web.embedded.tomcat.TomcatWebServer.start(TomcatWebServer.java:213) ~[spring-boot-3.0.2.jar:3.0.2]
?[0m?[0;34m	at org.springframework.boot.web.servlet.context.WebServerStartStopLifecycle.start(WebServerStartStopLifecycle.java:44) ~[spring-boot-3.0.2.jar:3.0.2]
?[0m?[0;34m	at org.springframework.context.support.DefaultLifecycleProcessor.doStart(DefaultLifecycleProcessor.java:178) ~[spring-context-6.0.4.jar:6.0.4]
?[0m?[0;34m	at org.springframework.context.support.DefaultLifecycleProcessor$LifecycleGroup.start(DefaultLifecycleProcessor.java:356) ~[spring-context-6.0.4.jar:6.0.4]
?[0m?[0;34m	at java.base/java.lang.Iterable.forEach(Iterable.java:75) ~[na:na]
?[0m?[0;34m	at org.springframework.context.support.DefaultLifecycleProcessor.startBeans(DefaultLifecycleProcessor.java:155) ~[spring-context-6.0.4.jar:6.0.4]
?[0m?[0;34m	at org.springframework.context.support.DefaultLifecycleProcessor.onRefresh(DefaultLifecycleProcessor.java:123) ~[spring-context-6.0.4.jar:6.0.4]
?[0m?[0;34m	at org.springframework.context.support.AbstractApplicationContext.finishRefresh(AbstractApplicationContext.java:932) ~[spring-context-6.0.4.jar:6.0.4]
?[0m?[0;34m	at org.springframework.context.support.AbstractApplicationContext.refresh(AbstractApplicationContext.java:587) ~[spring-context-6.0.4.jar:6.0.4]
?[0m?[0;34m	at org.springframework.boot.web.servlet.context.ServletWebServerApplicationContext.refresh(ServletWebServerApplicationContext.java:146) ~[spring-boot-3.0.2.jar:3.0.2]
?[0m?[0;34m	at org.springframework.boot.SpringApplication.refresh(SpringApplication.java:730) ~[spring-boot-3.0.2.jar:3.0.2]
?[0m?[0;34m	at org.springframework.boot.SpringApplication.refreshContext(SpringApplication.java:432) ~[spring-boot-3.0.2.jar:3.0.2]
?[0m?[0;34m	at org.springframework.boot.SpringApplication.run(SpringApplication.java:308) ~[spring-boot-3.0.2.jar:3.0.2]
?[0m?[0;34m	at org.springframework.boot.SpringApplication.run(SpringApplication.java:1302) ~[spring-boot-3.0.2.jar:3.0.2]
?[0m?[0;34m	at org.springframework.boot.SpringApplication.run(SpringApplication.java:1291) ~[spring-boot-3.0.2.jar:3.0.2]
?[0m?[0;34m	at account.AccountServiceApplication.main(AccountServiceApplication.java:12) ~[main/:na]
?[0m?[0;34m	at java.base/jdk.internal.reflect.NativeMethodAccessorImpl.invoke0(Native Method) ~[na:na]
?[0m?[0;34m	at java.base/jdk.internal.reflect.NativeMethodAccessorImpl.invoke(NativeMethodAccessorImpl.java:77) ~[na:na]
?[0m?[0;34m	at java.base/jdk.internal.reflect.DelegatingMethodAccessorImpl.invoke(DelegatingMethodAccessorImpl.java:43) ~[na:na]
?[0m?[0;34m	at java.base/java.lang.reflect.Method.invoke(Method.java:568) ~[na:na]
?[0m?[0;34m	at org.hyperskill.hstest.stage.SpringTest.startSpring(SpringTest.java:187) ~[hs-test-release-SNAPSHOT.jar:na]
?[0m?[0;34m	at org.hyperskill.hstest.stage.SpringTest.launchSpring(SpringTest.java:49) ~[hs-test-release-SNAPSHOT.jar:na]
?[0m?[0;34m	at org.hyperskill.hstest.testing.runner.SpringApplicationRunner.launchSpringBootApplication(SpringApplicationRunner.java:20) ~[hs-test-release-SNAPSHOT.jar:na]
?[0m?[0;34m	at org.hyperskill.hstest.testing.runner.SpringApplicationRunner.setUp(SpringApplicationRunner.java:35) ~[hs-test-release-SNAPSHOT.jar:na]
?[0m?[0;34m	at org.hyperskill.hstest.testing.TestRun.setUp(TestRun.java:77) ~[hs-test-release-SNAPSHOT.jar:na]
?[0m?[0;34m	at org.hyperskill.hstest.stage.StageTest.start(StageTest.java:159) ~[hs-test-release-SNAPSHOT.jar:na]
?[0m?[0;34m	at java.base/jdk.internal.reflect.NativeMethodAccessorImpl.invoke0(Native Method) ~[na:na]
?[0m?[0;34m	at java.base/jdk.internal.reflect.NativeMethodAccessorImpl.invoke(NativeMethodAccessorImpl.java:77) ~[na:na]
?[0m?[0;34m	at java.base/jdk.internal.reflect.DelegatingMethodAccessorImpl.invoke(DelegatingMethodAccessorImpl.java:43) ~[na:na]
?[0m?[0;34m	at java.base/java.lang.reflect.Method.invoke(Method.java:568) ~[na:na]
?[0m?[0;34m	at org.junit.runners.model.FrameworkMethod$1.runReflectiveCall(FrameworkMethod.java:59) ~[junit-4.13.2.jar:4.13.2]
?[0m?[0;34m	at org.junit.internal.runners.model.ReflectiveCallable.run(ReflectiveCallable.java:12) ~[junit-4.13.2.jar:4.13.2]
?[0m?[0;34m	at org.junit.runners.model.FrameworkMethod.invokeExplosively(FrameworkMethod.java:56) ~[junit-4.13.2.jar:4.13.2]
?[0m?[0;34m	at org.junit.internal.runners.statements.InvokeMethod.evaluate(InvokeMethod.java:17) ~[junit-4.13.2.jar:4.13.2]
?[0m?[0;34m	at org.junit.internal.runners.statements.RunAfters.evaluate(RunAfters.java:27) ~[junit-4.13.2.jar:4.13.2]
?[0m?[0;34m	at org.junit.runners.ParentRunner$3.evaluate(ParentRunner.java:306) ~[junit-4.13.2.jar:4.13.2]
?[0m?[0;34m	at org.junit.runners.BlockJUnit4ClassRunner$1.evaluate(BlockJUnit4ClassRunner.java:100) ~[junit-4.13.2.jar:4.13.2]
?[0m?[0;34m	at org.junit.runners.ParentRunner.runLeaf(ParentRunner.java:366) ~[junit-4.13.2.jar:4.13.2]
?[0m?[0;34m	at org.junit.runners.BlockJUnit4ClassRunner.runChild(BlockJUnit4ClassRunner.java:103) ~[junit-4.13.2.jar:4.13.2]
?[0m?[0;34m	at org.junit.runners.BlockJUnit4ClassRunner.runChild(BlockJUnit4ClassRunner.java:63) ~[junit-4.13.2.jar:4.13.2]
?[0m?[0;34m	at org.junit.runners.ParentRunner$4.run(ParentRunner.java:331) ~[junit-4.13.2.jar:4.13.2]
?[0m?[0;34m	at org.junit.runners.ParentRunner$1.schedule(ParentRunner.java:79) ~[junit-4.13.2.jar:4.13.2]
?[0m?[0;34m	at org.junit.runners.ParentRunner.runChildren(ParentRunner.java:329) ~[junit-4.13.2.jar:4.13.2]
?[0m?[0;34m	at org.junit.runners.ParentRunner.access$100(ParentRunner.java:66) ~[junit-4.13.2.jar:4.13.2]
?[0m?[0;34m	at org.junit.runners.ParentRunner$2.evaluate(ParentRunner.java:293) ~[junit-4.13.2.jar:4.13.2]
?[0m?[0;34m	at org.junit.runners.ParentRunner$3.evaluate(ParentRunner.java:306) ~[junit-4.13.2.jar:4.13.2]
?[0m?[0;34m	at org.junit.runners.ParentRunner.run(ParentRunner.java:413) ~[junit-4.13.2.jar:4.13.2]
?[0m?[0;34m	at org.gradle.api.internal.tasks.testing.junit.JUnitTestClassExecutor.runTestClass(JUnitTestClassExecutor.java:108) ~[na:na]
?[0m?[0;34m	at org.gradle.api.internal.tasks.testing.junit.JUnitTestClassExecutor.execute(JUnitTestClassExecutor.java:57) ~[na:na]
?[0m?[0;34m	at org.gradle.api.internal.tasks.testing.junit.JUnitTestClassExecutor.execute(JUnitTestClassExecutor.java:39) ~[na:na]
?[0m?[0;34m	at org.gradle.api.internal.tasks.testing.junit.AbstractJUnitTestClassProcessor.processTestClass(AbstractJUnitTestClassProcessor.java:62) ~[na:na]
?[0m?[0;34m	at org.gradle.api.internal.tasks.testing.SuiteTestClassProcessor.processTestClass(SuiteTestClassProcessor.java:52) ~[na:na]
?[0m?[0;34m	at java.base/jdk.internal.reflect.NativeMethodAccessorImpl.invoke0(Native Method) ~[na:na]
?[0m?[0;34m	at java.base/jdk.internal.reflect.NativeMethodAccessorImpl.invoke(NativeMethodAccessorImpl.java:77) ~[na:na]
?[0m?[0;34m	at java.base/jdk.internal.reflect.DelegatingMethodAccessorImpl.invoke(DelegatingMethodAccessorImpl.java:43) ~[na:na]
?[0m?[0;34m	at java.base/java.lang.reflect.Method.invoke(Method.java:568) ~[na:na]
?[0m?[0;34m	at org.gradle.internal.dispatch.ReflectionDispatch.dispatch(ReflectionDispatch.java:36) ~[na:na]
?[0m?[0;34m	at org.gradle.internal.dispatch.ReflectionDispatch.dispatch(ReflectionDispatch.java:24) ~[na:na]
?[0m?[0;34m	at org.gradle.internal.dispatch.ContextClassLoaderDispatch.dispatch(ContextClassLoaderDispatch.java:33) ~[na:na]
?[0m?[0;34m	at org.gradle.internal.dispatch.ProxyDispatchAdapter$DispatchingInvocationHandler.invoke(ProxyDispatchAdapter.java:94) ~[na:na]
?[0m?[0;34m	at jdk.proxy1/jdk.proxy1.$Proxy2.processTestClass(Unknown Source) ~[na:na]
?[0m?[0;34m	at org.gradle.api.internal.tasks.testing.worker.TestWorker$2.run(TestWorker.java:176) ~[na:na]
?[0m?[0;34m	at org.gradle.api.internal.tasks.testing.worker.TestWorker.executeAndMaintainThreadName(TestWorker.java:129) ~[na:na]
?[0m?[0;34m	at org.gradle.api.internal.tasks.testing.worker.TestWorker.execute(TestWorker.java:100) ~[na:na]
?[0m?[0;34m	at org.gradle.api.internal.tasks.testing.worker.TestWorker.execute(TestWorker.java:60) ~[na:na]
?[0m?[0;34m	at org.gradle.process.internal.worker.child.ActionExecutionWorker.execute(ActionExecutionWorker.java:56) ~[na:na]
?[0m?[0;34m	at org.gradle.process.internal.worker.child.SystemApplicationClassLoaderWorker.call(SystemApplicationClassLoaderWorker.java:113) ~[na:na]
?[0m?[0;34m	at org.gradle.process.internal.worker.child.SystemApplicationClassLoaderWorker.call(SystemApplicationClassLoaderWorker.java:65) ~[na:na]
?[0m?[0;34m	at worker.org.gradle.process.internal.worker.GradleWorkerMain.run(GradleWorkerMain.java:69) ~[gradle-worker.jar:na]
?[0m?[0;34m	at worker.org.gradle.process.internal.worker.GradleWorkerMain.main(GradleWorkerMain.java:74) ~[gradle-worker.jar:na]
?[0m?[0;34m
?[0m?[0;34m?[2m2023-08-22T13:43:43.006+02:00?[0;39m ?[33m WARN?[0;39m ?[35m18216?[0;39m ?[2m---?[0;39m ?[2m[    Test worker]?[0;39m ?[36m.t.u.s.PrivilegedSetAccessControlContext?[0;39m ?[2m:?[0;39m Unable to set field Thread.inheritedAccessControlContext
?[0m?[0;34m
?[0m?[0;34mjava.lang.IllegalAccessException: class org.apache.tomcat.util.security.PrivilegedSetAccessControlContext cannot access a member of class java.lang.Thread (in module java.base) with modifiers "private"
?[0m?[0;34m	at java.base/jdk.internal.reflect.Reflection.newIllegalAccessException(Reflection.java:392) ~[na:na]
?[0m?[0;34m	at java.base/java.lang.reflect.AccessibleObject.checkAccess(AccessibleObject.java:674) ~[na:na]
?[0m?[0;34m	at java.base/java.lang.reflect.Field.checkAccess(Field.java:1102) ~[na:na]
?[0m?[0;34m	at java.base/java.lang.reflect.Field.set(Field.java:797) ~[na:na]
?[0m?[0;34m	at org.apache.tomcat.util.security.PrivilegedSetAccessControlContext.run(PrivilegedSetAccessControlContext.java:60) ~[tomcat-embed-core-10.1.5.jar:10.1.5]
?[0m?[0;34m	at org.apache.tomcat.util.security.PrivilegedSetAccessControlContext.run(PrivilegedSetAccessControlContext.java:28) ~[tomcat-embed-core-10.1.5.jar:10.1.5]
?[0m?[0;34m	at java.base/java.security.AccessController.doPrivileged(AccessController.java:318) ~[na:na]
?[0m?[0;34m	at org.apache.tomcat.util.threads.TaskThreadFactory.newThread(TaskThreadFactory.java:64) ~[tomcat-embed-core-10.1.5.jar:10.1.5]
?[0m?[0;34m	at org.apache.tomcat.util.threads.ThreadPoolExecutor$Worker.<init>(ThreadPoolExecutor.java:653) ~[tomcat-embed-core-10.1.5.jar:10.1.5]
?[0m?[0;34m	at org.apache.tomcat.util.threads.ThreadPoolExecutor.addWorker(ThreadPoolExecutor.java:957) ~[tomcat-embed-core-10.1.5.jar:10.1.5]
?[0m?[0;34m	at org.apache.tomcat.util.threads.ThreadPoolExecutor.prestartAllCoreThreads(ThreadPoolExecutor.java:1694) ~[tomcat-embed-core-10.1.5.jar:10.1.5]
?[0m?[0;34m	at org.apache.tomcat.util.threads.ThreadPoolExecutor.<init>(ThreadPoolExecutor.java:1370) ~[tomcat-embed-core-10.1.5.jar:10.1.5]
?[0m?[0;34m	at org.apache.tomcat.util.threads.ThreadPoolExecutor.<init>(ThreadPoolExecutor.java:1280) ~[tomcat-embed-core-10.1.5.jar:10.1.5]
?[0m?[0;34m	at org.apache.tomcat.util.net.AbstractEndpoint.createExecutor(AbstractEndpoint.java:948) ~[tomcat-embed-core-10.1.5.jar:10.1.5]
?[0m?[0;34m	at org.apache.tomcat.util.net.NioEndpoint.startInternal(NioEndpoint.java:279) ~[tomcat-embed-core-10.1.5.jar:10.1.5]
?[0m?[0;34m	at org.apache.tomcat.util.net.AbstractEndpoint.start(AbstractEndpoint.java:1261) ~[tomcat-embed-core-10.1.5.jar:10.1.5]
?[0m?[0;34m	at org.apache.coyote.AbstractProtocol.start(AbstractProtocol.java:586) ~[tomcat-embed-core-10.1.5.jar:10.1.5]
?[0m?[0;34m	at org.apache.catalina.connector.Connector.startInternal(Connector.java:1081) ~[tomcat-embed-core-10.1.5.jar:10.1.5]
?[0m?[0;34m	at org.apache.catalina.util.LifecycleBase.start(LifecycleBase.java:183) ~[tomcat-embed-core-10.1.5.jar:10.1.5]
?[0m?[0;34m	at org.apache.catalina.core.StandardService.addConnector(StandardService.java:234) ~[tomcat-embed-core-10.1.5.jar:10.1.5]
?[0m?[0;34m	at org.springframework.boot.web.embedded.tomcat.TomcatWebServer.addPreviouslyRemovedConnectors(TomcatWebServer.java:282) ~[spring-boot-3.0.2.jar:3.0.2]
?[0m?[0;34m	at org.springframework.boot.web.embedded.tomcat.TomcatWebServer.start(TomcatWebServer.java:213) ~[spring-boot-3.0.2.jar:3.0.2]
?[0m?[0;34m	at org.springframework.boot.web.servlet.context.WebServerStartStopLifecycle.start(WebServerStartStopLifecycle.java:44) ~[spring-boot-3.0.2.jar:3.0.2]
?[0m?[0;34m	at org.springframework.context.support.DefaultLifecycleProcessor.doStart(DefaultLifecycleProcessor.java:178) ~[spring-context-6.0.4.jar:6.0.4]
?[0m?[0;34m	at org.springframework.context.support.DefaultLifecycleProcessor$LifecycleGroup.start(DefaultLifecycleProcessor.java:356) ~[spring-context-6.0.4.jar:6.0.4]
?[0m?[0;34m	at java.base/java.lang.Iterable.forEach(Iterable.java:75) ~[na:na]
?[0m?[0;34m	at org.springframework.context.support.DefaultLifecycleProcessor.startBeans(DefaultLifecycleProcessor.java:155) ~[spring-context-6.0.4.jar:6.0.4]
?[0m?[0;34m	at org.springframework.context.support.DefaultLifecycleProcessor.onRefresh(DefaultLifecycleProcessor.java:123) ~[spring-context-6.0.4.jar:6.0.4]
?[0m?[0;34m	at org.springframework.context.support.AbstractApplicationContext.finishRefresh(AbstractApplicationContext.java:932) ~[spring-context-6.0.4.jar:6.0.4]
?[0m?[0;34m	at org.springframework.context.support.AbstractApplicationContext.refresh(AbstractApplicationContext.java:587) ~[spring-context-6.0.4.jar:6.0.4]
?[0m?[0;34m	at org.springframework.boot.web.servlet.context.ServletWebServerApplicationContext.refresh(ServletWebServerApplicationContext.java:146) ~[spring-boot-3.0.2.jar:3.0.2]
?[0m?[0;34m	at org.springframework.boot.SpringApplication.refresh(SpringApplication.java:730) ~[spring-boot-3.0.2.jar:3.0.2]
?[0m?[0;34m	at org.springframework.boot.SpringApplication.refreshContext(SpringApplication.java:432) ~[spring-boot-3.0.2.jar:3.0.2]
?[0m?[0;34m	at org.springframework.boot.SpringApplication.run(SpringApplication.java:308) ~[spring-boot-3.0.2.jar:3.0.2]
?[0m?[0;34m	at org.springframework.boot.SpringApplication.run(SpringApplication.java:1302) ~[spring-boot-3.0.2.jar:3.0.2]
?[0m?[0;34m	at org.springframework.boot.SpringApplication.run(SpringApplication.java:1291) ~[spring-boot-3.0.2.jar:3.0.2]
?[0m?[0;34m	at account.AccountServiceApplication.main(AccountServiceApplication.java:12) ~[main/:na]
?[0m?[0;34m	at java.base/jdk.internal.reflect.NativeMethodAccessorImpl.invoke0(Native Method) ~[na:na]
?[0m?[0;34m	at java.base/jdk.internal.reflect.NativeMethodAccessorImpl.invoke(NativeMethodAccessorImpl.java:77) ~[na:na]
?[0m?[0;34m	at java.base/jdk.internal.reflect.DelegatingMethodAccessorImpl.invoke(DelegatingMethodAccessorImpl.java:43) ~[na:na]
?[0m?[0;34m	at java.base/java.lang.reflect.Method.invoke(Method.java:568) ~[na:na]
?[0m?[0;34m	at org.hyperskill.hstest.stage.SpringTest.startSpring(SpringTest.java:187) ~[hs-test-release-SNAPSHOT.jar:na]
?[0m?[0;34m	at org.hyperskill.hstest.stage.SpringTest.launchSpring(SpringTest.java:49) ~[hs-test-release-SNAPSHOT.jar:na]
?[0m?[0;34m	at org.hyperskill.hstest.testing.runner.SpringApplicationRunner.launchSpringBootApplication(SpringApplicationRunner.java:20) ~[hs-test-release-SNAPSHOT.jar:na]
?[0m?[0;34m	at org.hyperskill.hstest.testing.runner.SpringApplicationRunner.setUp(SpringApplicationRunner.java:35) ~[hs-test-release-SNAPSHOT.jar:na]
?[0m?[0;34m	at org.hyperskill.hstest.testing.TestRun.setUp(TestRun.java:77) ~[hs-test-release-SNAPSHOT.jar:na]
?[0m?[0;34m	at org.hyperskill.hstest.stage.StageTest.start(StageTest.java:159) ~[hs-test-release-SNAPSHOT.jar:na]
?[0m?[0;34m	at java.base/jdk.internal.reflect.NativeMethodAccessorImpl.invoke0(Native Method) ~[na:na]
?[0m?[0;34m	at java.base/jdk.internal.reflect.NativeMethodAccessorImpl.invoke(NativeMethodAccessorImpl.java:77) ~[na:na]
?[0m?[0;34m	at java.base/jdk.internal.reflect.DelegatingMethodAccessorImpl.invoke(DelegatingMethodAccessorImpl.java:43) ~[na:na]
?[0m?[0;34m	at java.base/java.lang.reflect.Method.invoke(Method.java:568) ~[na:na]
?[0m?[0;34m	at org.junit.runners.model.FrameworkMethod$1.runReflectiveCall(FrameworkMethod.java:59) ~[junit-4.13.2.jar:4.13.2]
?[0m?[0;34m	at org.junit.internal.runners.model.ReflectiveCallable.run(ReflectiveCallable.java:12) ~[junit-4.13.2.jar:4.13.2]
?[0m?[0;34m	at org.junit.runners.model.FrameworkMethod.invokeExplosively(FrameworkMethod.java:56) ~[junit-4.13.2.jar:4.13.2]
?[0m?[0;34m	at org.junit.internal.runners.statements.InvokeMethod.evaluate(InvokeMethod.java:17) ~[junit-4.13.2.jar:4.13.2]
?[0m?[0;34m	at org.junit.internal.runners.statements.RunAfters.evaluate(RunAfters.java:27) ~[junit-4.13.2.jar:4.13.2]
?[0m?[0;34m	at org.junit.runners.ParentRunner$3.evaluate(ParentRunner.java:306) ~[junit-4.13.2.jar:4.13.2]
?[0m?[0;34m	at org.junit.runners.BlockJUnit4ClassRunner$1.evaluate(BlockJUnit4ClassRunner.java:100) ~[junit-4.13.2.jar:4.13.2]
?[0m?[0;34m	at org.junit.runners.ParentRunner.runLeaf(ParentRunner.java:366) ~[junit-4.13.2.jar:4.13.2]
?[0m?[0;34m	at org.junit.runners.BlockJUnit4ClassRunner.runChild(BlockJUnit4ClassRunner.java:103) ~[junit-4.13.2.jar:4.13.2]
?[0m?[0;34m	at org.junit.runners.BlockJUnit4ClassRunner.runChild(BlockJUnit4ClassRunner.java:63) ~[junit-4.13.2.jar:4.13.2]
?[0m?[0;34m	at org.junit.runners.ParentRunner$4.run(ParentRunner.java:331) ~[junit-4.13.2.jar:4.13.2]
?[0m?[0;34m	at org.junit.runners.ParentRunner$1.schedule(ParentRunner.java:79) ~[junit-4.13.2.jar:4.13.2]
?[0m?[0;34m	at org.junit.runners.ParentRunner.runChildren(ParentRunner.java:329) ~[junit-4.13.2.jar:4.13.2]
?[0m?[0;34m	at org.junit.runners.ParentRunner.access$100(ParentRunner.java:66) ~[junit-4.13.2.jar:4.13.2]
?[0m?[0;34m	at org.junit.runners.ParentRunner$2.evaluate(ParentRunner.java:293) ~[junit-4.13.2.jar:4.13.2]
?[0m?[0;34m	at org.junit.runners.ParentRunner$3.evaluate(ParentRunner.java:306) ~[junit-4.13.2.jar:4.13.2]
?[0m?[0;34m	at org.junit.runners.ParentRunner.run(ParentRunner.java:413) ~[junit-4.13.2.jar:4.13.2]
?[0m?[0;34m	at org.gradle.api.internal.tasks.testing.junit.JUnitTestClassExecutor.runTestClass(JUnitTestClassExecutor.java:108) ~[na:na]
?[0m?[0;34m	at org.gradle.api.internal.tasks.testing.junit.JUnitTestClassExecutor.execute(JUnitTestClassExecutor.java:57) ~[na:na]
?[0m?[0;34m	at org.gradle.api.internal.tasks.testing.junit.JUnitTestClassExecutor.execute(JUnitTestClassExecutor.java:39) ~[na:na]
?[0m?[0;34m	at org.gradle.api.internal.tasks.testing.junit.AbstractJUnitTestClassProcessor.processTestClass(AbstractJUnitTestClassProcessor.java:62) ~[na:na]
?[0m?[0;34m	at org.gradle.api.internal.tasks.testing.SuiteTestClassProcessor.processTestClass(SuiteTestClassProcessor.java:52) ~[na:na]
?[0m?[0;34m	at java.base/jdk.internal.reflect.NativeMethodAccessorImpl.invoke0(Native Method) ~[na:na]
?[0m?[0;34m	at java.base/jdk.internal.reflect.NativeMethodAccessorImpl.invoke(NativeMethodAccessorImpl.java:77) ~[na:na]
?[0m?[0;34m	at java.base/jdk.internal.reflect.DelegatingMethodAccessorImpl.invoke(DelegatingMethodAccessorImpl.java:43) ~[na:na]
?[0m?[0;34m	at java.base/java.lang.reflect.Method.invoke(Method.java:568) ~[na:na]
?[0m?[0;34m	at org.gradle.internal.dispatch.ReflectionDispatch.dispatch(ReflectionDispatch.java:36) ~[na:na]
?[0m?[0;34m	at org.gradle.internal.dispatch.ReflectionDispatch.dispatch(ReflectionDispatch.java:24) ~[na:na]
?[0m?[0;34m	at org.gradle.internal.dispatch.ContextClassLoaderDispatch.dispatch(ContextClassLoaderDispatch.java:33) ~[na:na]
?[0m?[0;34m	at org.gradle.internal.dispatch.ProxyDispatchAdapter$DispatchingInvocationHandler.invoke(ProxyDispatchAdapter.java:94) ~[na:na]
?[0m?[0;34m	at jdk.proxy1/jdk.proxy1.$Proxy2.processTestClass(Unknown Source) ~[na:na]
?[0m?[0;34m	at org.gradle.api.internal.tasks.testing.worker.TestWorker$2.run(TestWorker.java:176) ~[na:na]
?[0m?[0;34m	at org.gradle.api.internal.tasks.testing.worker.TestWorker.executeAndMaintainThreadName(TestWorker.java:129) ~[na:na]
?[0m?[0;34m	at org.gradle.api.internal.tasks.testing.worker.TestWorker.execute(TestWorker.java:100) ~[na:na]
?[0m?[0;34m	at org.gradle.api.internal.tasks.testing.worker.TestWorker.execute(TestWorker.java:60) ~[na:na]
?[0m?[0;34m	at org.gradle.process.internal.worker.child.ActionExecutionWorker.execute(ActionExecutionWorker.java:56) ~[na:na]
?[0m?[0;34m	at org.gradle.process.internal.worker.child.SystemApplicationClassLoaderWorker.call(SystemApplicationClassLoaderWorker.java:113) ~[na:na]
?[0m?[0;34m	at org.gradle.process.internal.worker.child.SystemApplicationClassLoaderWorker.call(SystemApplicationClassLoaderWorker.java:65) ~[na:na]
?[0m?[0;34m	at worker.org.gradle.process.internal.worker.GradleWorkerMain.run(GradleWorkerMain.java:69) ~[gradle-worker.jar:na]
?[0m?[0;34m	at worker.org.gradle.process.internal.worker.GradleWorkerMain.main(GradleWorkerMain.java:74) ~[gradle-worker.jar:na]
?[0m?[0;34m
?[0m?[0;34m?[2m2023-08-22T13:43:43.012+02:00?[0;39m ?[33m WARN?[0;39m ?[35m18216?[0;39m ?[2m---?[0;39m ?[2m[    Test worker]?[0;39m ?[36m.t.u.s.PrivilegedSetAccessControlContext?[0;39m ?[2m:?[0;39m Unable to set field Thread.inheritedAccessControlContext
?[0m?[0;34m
?[0m?[0;34mjava.lang.IllegalAccessException: class org.apache.tomcat.util.security.PrivilegedSetAccessControlContext cannot access a member of class java.lang.Thread (in module java.base) with modifiers "private"
?[0m?[0;34m	at java.base/jdk.internal.reflect.Reflection.newIllegalAccessException(Reflection.java:392) ~[na:na]
?[0m?[0;34m	at java.base/java.lang.reflect.AccessibleObject.checkAccess(AccessibleObject.java:674) ~[na:na]
?[0m?[0;34m	at java.base/java.lang.reflect.Field.checkAccess(Field.java:1102) ~[na:na]
?[0m?[0;34m	at java.base/java.lang.reflect.Field.set(Field.java:797) ~[na:na]
?[0m?[0;34m	at org.apache.tomcat.util.security.PrivilegedSetAccessControlContext.run(PrivilegedSetAccessControlContext.java:60) ~[tomcat-embed-core-10.1.5.jar:10.1.5]
?[0m?[0;34m	at org.apache.tomcat.util.security.PrivilegedSetAccessControlContext.run(PrivilegedSetAccessControlContext.java:28) ~[tomcat-embed-core-10.1.5.jar:10.1.5]
?[0m?[0;34m	at java.base/java.security.AccessController.doPrivileged(AccessController.java:318) ~[na:na]
?[0m?[0;34m	at org.apache.tomcat.util.threads.TaskThreadFactory.newThread(TaskThreadFactory.java:64) ~[tomcat-embed-core-10.1.5.jar:10.1.5]
?[0m?[0;34m	at org.apache.tomcat.util.threads.ThreadPoolExecutor$Worker.<init>(ThreadPoolExecutor.java:653) ~[tomcat-embed-core-10.1.5.jar:10.1.5]
?[0m?[0;34m	at org.apache.tomcat.util.threads.ThreadPoolExecutor.addWorker(ThreadPoolExecutor.java:957) ~[tomcat-embed-core-10.1.5.jar:10.1.5]
?[0m?[0;34m	at org.apache.tomcat.util.threads.ThreadPoolExecutor.prestartAllCoreThreads(ThreadPoolExecutor.java:1694) ~[tomcat-embed-core-10.1.5.jar:10.1.5]
?[0m?[0;34m	at org.apache.tomcat.util.threads.ThreadPoolExecutor.<init>(ThreadPoolExecutor.java:1370) ~[tomcat-embed-core-10.1.5.jar:10.1.5]
?[0m?[0;34m	at org.apache.tomcat.util.threads.ThreadPoolExecutor.<init>(ThreadPoolExecutor.java:1280) ~[tomcat-embed-core-10.1.5.jar:10.1.5]
?[0m?[0;34m	at org.apache.tomcat.util.net.AbstractEndpoint.createExecutor(AbstractEndpoint.java:948) ~[tomcat-embed-core-10.1.5.jar:10.1.5]
?[0m?[0;34m	at org.apache.tomcat.util.net.NioEndpoint.startInternal(NioEndpoint.java:279) ~[tomcat-embed-core-10.1.5.jar:10.1.5]
?[0m?[0;34m	at org.apache.tomcat.util.net.AbstractEndpoint.start(AbstractEndpoint.java:1261) ~[tomcat-embed-core-10.1.5.jar:10.1.5]
?[0m?[0;34m	at org.apache.coyote.AbstractProtocol.start(AbstractProtocol.java:586) ~[tomcat-embed-core-10.1.5.jar:10.1.5]
?[0m?[0;34m	at org.apache.catalina.connector.Connector.startInternal(Connector.java:1081) ~[tomcat-embed-core-10.1.5.jar:10.1.5]
?[0m?[0;34m	at org.apache.catalina.util.LifecycleBase.start(LifecycleBase.java:183) ~[tomcat-embed-core-10.1.5.jar:10.1.5]
?[0m?[0;34m	at org.apache.catalina.core.StandardService.addConnector(StandardService.java:234) ~[tomcat-embed-core-10.1.5.jar:10.1.5]
?[0m?[0;34m	at org.springframework.boot.web.embedded.tomcat.TomcatWebServer.addPreviouslyRemovedConnectors(TomcatWebServer.java:282) ~[spring-boot-3.0.2.jar:3.0.2]
?[0m?[0;34m	at org.springframework.boot.web.embedded.tomcat.TomcatWebServer.start(TomcatWebServer.java:213) ~[spring-boot-3.0.2.jar:3.0.2]
?[0m?[0;34m	at org.springframework.boot.web.servlet.context.WebServerStartStopLifecycle.start(WebServerStartStopLifecycle.java:44) ~[spring-boot-3.0.2.jar:3.0.2]
?[0m?[0;34m	at org.springframework.context.support.DefaultLifecycleProcessor.doStart(DefaultLifecycleProcessor.java:178) ~[spring-context-6.0.4.jar:6.0.4]
?[0m?[0;34m	at org.springframework.context.support.DefaultLifecycleProcessor$LifecycleGroup.start(DefaultLifecycleProcessor.java:356) ~[spring-context-6.0.4.jar:6.0.4]
?[0m?[0;34m	at java.base/java.lang.Iterable.forEach(Iterable.java:75) ~[na:na]
?[0m?[0;34m	at org.springframework.context.support.DefaultLifecycleProcessor.startBeans(DefaultLifecycleProcessor.java:155) ~[spring-context-6.0.4.jar:6.0.4]
?[0m?[0;34m	at org.springframework.context.support.DefaultLifecycleProcessor.onRefresh(DefaultLifecycleProcessor.java:123) ~[spring-context-6.0.4.jar:6.0.4]
?[0m?[0;34m	at org.springframework.context.support.AbstractApplicationContext.finishRefresh(AbstractApplicationContext.java:932) ~[spring-context-6.0.4.jar:6.0.4]
?[0m?[0;34m	at org.springframework.context.support.AbstractApplicationContext.refresh(AbstractApplicationContext.java:587) ~[spring-context-6.0.4.jar:6.0.4]
?[0m?[0;34m	at org.springframework.boot.web.servlet.context.ServletWebServerApplicationContext.refresh(ServletWebServerApplicationContext.java:146) ~[spring-boot-3.0.2.jar:3.0.2]
?[0m?[0;34m	at org.springframework.boot.SpringApplication.refresh(SpringApplication.java:730) ~[spring-boot-3.0.2.jar:3.0.2]
?[0m?[0;34m	at org.springframework.boot.SpringApplication.refreshContext(SpringApplication.java:432) ~[spring-boot-3.0.2.jar:3.0.2]
?[0m?[0;34m	at org.springframework.boot.SpringApplication.run(SpringApplication.java:308) ~[spring-boot-3.0.2.jar:3.0.2]
?[0m?[0;34m	at org.springframework.boot.SpringApplication.run(SpringApplication.java:1302) ~[spring-boot-3.0.2.jar:3.0.2]
?[0m?[0;34m	at org.springframework.boot.SpringApplication.run(SpringApplication.java:1291) ~[spring-boot-3.0.2.jar:3.0.2]
?[0m?[0;34m	at account.AccountServiceApplication.main(AccountServiceApplication.java:12) ~[main/:na]
?[0m?[0;34m	at java.base/jdk.internal.reflect.NativeMethodAccessorImpl.invoke0(Native Method) ~[na:na]
?[0m?[0;34m	at java.base/jdk.internal.reflect.NativeMethodAccessorImpl.invoke(NativeMethodAccessorImpl.java:77) ~[na:na]
?[0m?[0;34m	at java.base/jdk.internal.reflect.DelegatingMethodAccessorImpl.invoke(DelegatingMethodAccessorImpl.java:43) ~[na:na]
?[0m?[0;34m	at java.base/java.lang.reflect.Method.invoke(Method.java:568) ~[na:na]
?[0m?[0;34m	at org.hyperskill.hstest.stage.SpringTest.startSpring(SpringTest.java:187) ~[hs-test-release-SNAPSHOT.jar:na]
?[0m?[0;34m	at org.hyperskill.hstest.stage.SpringTest.launchSpring(SpringTest.java:49) ~[hs-test-release-SNAPSHOT.jar:na]
?[0m?[0;34m	at org.hyperskill.hstest.testing.runner.SpringApplicationRunner.launchSpringBootApplication(SpringApplicationRunner.java:20) ~[hs-test-release-SNAPSHOT.jar:na]
?[0m?[0;34m	at org.hyperskill.hstest.testing.runner.SpringApplicationRunner.setUp(SpringApplicationRunner.java:35) ~[hs-test-release-SNAPSHOT.jar:na]
?[0m?[0;34m	at org.hyperskill.hstest.testing.TestRun.setUp(TestRun.java:77) ~[hs-test-release-SNAPSHOT.jar:na]
?[0m?[0;34m	at org.hyperskill.hstest.stage.StageTest.start(StageTest.java:159) ~[hs-test-release-SNAPSHOT.jar:na]
?[0m?[0;34m	at java.base/jdk.internal.reflect.NativeMethodAccessorImpl.invoke0(Native Method) ~[na:na]
?[0m?[0;34m	at java.base/jdk.internal.reflect.NativeMethodAccessorImpl.invoke(NativeMethodAccessorImpl.java:77) ~[na:na]
?[0m?[0;34m	at java.base/jdk.internal.reflect.DelegatingMethodAccessorImpl.invoke(DelegatingMethodAccessorImpl.java:43) ~[na:na]
?[0m?[0;34m	at java.base/java.lang.reflect.Method.invoke(Method.java:568) ~[na:na]
?[0m?[0;34m	at org.junit.runners.model.FrameworkMethod$1.runReflectiveCall(FrameworkMethod.java:59) ~[junit-4.13.2.jar:4.13.2]
?[0m?[0;34m	at org.junit.internal.runners.model.ReflectiveCallable.run(ReflectiveCallable.java:12) ~[junit-4.13.2.jar:4.13.2]
?[0m?[0;34m	at org.junit.runners.model.FrameworkMethod.invokeExplosively(FrameworkMethod.java:56) ~[junit-4.13.2.jar:4.13.2]
?[0m?[0;34m	at org.junit.internal.runners.statements.InvokeMethod.evaluate(InvokeMethod.java:17) ~[junit-4.13.2.jar:4.13.2]
?[0m?[0;34m	at org.junit.internal.runners.statements.RunAfters.evaluate(RunAfters.java:27) ~[junit-4.13.2.jar:4.13.2]
?[0m?[0;34m	at org.junit.runners.ParentRunner$3.evaluate(ParentRunner.java:306) ~[junit-4.13.2.jar:4.13.2]
?[0m?[0;34m	at org.junit.runners.BlockJUnit4ClassRunner$1.evaluate(BlockJUnit4ClassRunner.java:100) ~[junit-4.13.2.jar:4.13.2]
?[0m?[0;34m	at org.junit.runners.ParentRunner.runLeaf(ParentRunner.java:366) ~[junit-4.13.2.jar:4.13.2]
?[0m?[0;34m	at org.junit.runners.BlockJUnit4ClassRunner.runChild(BlockJUnit4ClassRunner.java:103) ~[junit-4.13.2.jar:4.13.2]
?[0m?[0;34m	at org.junit.runners.BlockJUnit4ClassRunner.runChild(BlockJUnit4ClassRunner.java:63) ~[junit-4.13.2.jar:4.13.2]
?[0m?[0;34m	at org.junit.runners.ParentRunner$4.run(ParentRunner.java:331) ~[junit-4.13.2.jar:4.13.2]
?[0m?[0;34m	at org.junit.runners.ParentRunner$1.schedule(ParentRunner.java:79) ~[junit-4.13.2.jar:4.13.2]
?[0m?[0;34m	at org.junit.runners.ParentRunner.runChildren(ParentRunner.java:329) ~[junit-4.13.2.jar:4.13.2]
?[0m?[0;34m	at org.junit.runners.ParentRunner.access$100(ParentRunner.java:66) ~[junit-4.13.2.jar:4.13.2]
?[0m?[0;34m	at org.junit.runners.ParentRunner$2.evaluate(ParentRunner.java:293) ~[junit-4.13.2.jar:4.13.2]
?[0m?[0;34m	at org.junit.runners.ParentRunner$3.evaluate(ParentRunner.java:306) ~[junit-4.13.2.jar:4.13.2]
?[0m?[0;34m	at org.junit.runners.ParentRunner.run(ParentRunner.java:413) ~[junit-4.13.2.jar:4.13.2]
?[0m?[0;34m	at org.gradle.api.internal.tasks.testing.junit.JUnitTestClassExecutor.runTestClass(JUnitTestClassExecutor.java:108) ~[na:na]
?[0m?[0;34m	at org.gradle.api.internal.tasks.testing.junit.JUnitTestClassExecutor.execute(JUnitTestClassExecutor.java:57) ~[na:na]
?[0m?[0;34m	at org.gradle.api.internal.tasks.testing.junit.JUnitTestClassExecutor.execute(JUnitTestClassExecutor.java:39) ~[na:na]
?[0m?[0;34m	at org.gradle.api.internal.tasks.testing.junit.AbstractJUnitTestClassProcessor.processTestClass(AbstractJUnitTestClassProcessor.java:62) ~[na:na]
?[0m?[0;34m	at org.gradle.api.internal.tasks.testing.SuiteTestClassProcessor.processTestClass(SuiteTestClassProcessor.java:52) ~[na:na]
?[0m?[0;34m	at java.base/jdk.internal.reflect.NativeMethodAccessorImpl.invoke0(Native Method) ~[na:na]
?[0m?[0;34m	at java.base/jdk.internal.reflect.NativeMethodAccessorImpl.invoke(NativeMethodAccessorImpl.java:77) ~[na:na]
?[0m?[0;34m	at java.base/jdk.internal.reflect.DelegatingMethodAccessorImpl.invoke(DelegatingMethodAccessorImpl.java:43) ~[na:na]
?[0m?[0;34m	at java.base/java.lang.reflect.Method.invoke(Method.java:568) ~[na:na]
?[0m?[0;34m	at org.gradle.internal.dispatch.ReflectionDispatch.dispatch(ReflectionDispatch.java:36) ~[na:na]
?[0m?[0;34m	at org.gradle.internal.dispatch.ReflectionDispatch.dispatch(ReflectionDispatch.java:24) ~[na:na]
?[0m?[0;34m	at org.gradle.internal.dispatch.ContextClassLoaderDispatch.dispatch(ContextClassLoaderDispatch.java:33) ~[na:na]
?[0m?[0;34m	at org.gradle.internal.dispatch.ProxyDispatchAdapter$DispatchingInvocationHandler.invoke(ProxyDispatchAdapter.java:94) ~[na:na]
?[0m?[0;34m	at jdk.proxy1/jdk.proxy1.$Proxy2.processTestClass(Unknown Source) ~[na:na]
?[0m?[0;34m	at org.gradle.api.internal.tasks.testing.worker.TestWorker$2.run(TestWorker.java:176) ~[na:na]
?[0m?[0;34m	at org.gradle.api.internal.tasks.testing.worker.TestWorker.executeAndMaintainThreadName(TestWorker.java:129) ~[na:na]
?[0m?[0;34m	at org.gradle.api.internal.tasks.testing.worker.TestWorker.execute(TestWorker.java:100) ~[na:na]
?[0m?[0;34m	at org.gradle.api.internal.tasks.testing.worker.TestWorker.execute(TestWorker.java:60) ~[na:na]
?[0m?[0;34m	at org.gradle.process.internal.worker.child.ActionExecutionWorker.execute(ActionExecutionWorker.java:56) ~[na:na]
?[0m?[0;34m	at org.gradle.process.internal.worker.child.SystemApplicationClassLoaderWorker.call(SystemApplicationClassLoaderWorker.java:113) ~[na:na]
?[0m?[0;34m	at org.gradle.process.internal.worker.child.SystemApplicationClassLoaderWorker.call(SystemApplicationClassLoaderWorker.java:65) ~[na:na]
?[0m?[0;34m	at worker.org.gradle.process.internal.worker.GradleWorkerMain.run(GradleWorkerMain.java:69) ~[gradle-worker.jar:na]
?[0m?[0;34m	at worker.org.gradle.process.internal.worker.GradleWorkerMain.main(GradleWorkerMain.java:74) ~[gradle-worker.jar:na]
?[0m?[0;34m
?[0m?[0;34m?[2m2023-08-22T13:43:43.017+02:00?[0;39m ?[33m WARN?[0;39m ?[35m18216?[0;39m ?[2m---?[0;39m ?[2m[    Test worker]?[0;39m ?[36m.t.u.s.PrivilegedSetAccessControlContext?[0;39m ?[2m:?[0;39m Unable to set field Thread.inheritedAccessControlContext
?[0m?[0;34m
?[0m?[0;34mjava.lang.IllegalAccessException: class org.apache.tomcat.util.security.PrivilegedSetAccessControlContext cannot access a member of class java.lang.Thread (in module java.base) with modifiers "private"
?[0m?[0;34m	at java.base/jdk.internal.reflect.Reflection.newIllegalAccessException(Reflection.java:392) ~[na:na]
?[0m?[0;34m	at java.base/java.lang.reflect.AccessibleObject.checkAccess(AccessibleObject.java:674) ~[na:na]
?[0m?[0;34m	at java.base/java.lang.reflect.Field.checkAccess(Field.java:1102) ~[na:na]
?[0m?[0;34m	at java.base/java.lang.reflect.Field.set(Field.java:797) ~[na:na]
?[0m?[0;34m	at org.apache.tomcat.util.security.PrivilegedSetAccessControlContext.run(PrivilegedSetAccessControlContext.java:60) ~[tomcat-embed-core-10.1.5.jar:10.1.5]
?[0m?[0;34m	at org.apache.tomcat.util.security.PrivilegedSetAccessControlContext.run(PrivilegedSetAccessControlContext.java:28) ~[tomcat-embed-core-10.1.5.jar:10.1.5]
?[0m?[0;34m	at java.base/java.security.AccessController.doPrivileged(AccessController.java:318) ~[na:na]
?[0m?[0;34m	at org.apache.tomcat.util.threads.TaskThreadFactory.newThread(TaskThreadFactory.java:64) ~[tomcat-embed-core-10.1.5.jar:10.1.5]
?[0m?[0;34m	at org.apache.tomcat.util.threads.ThreadPoolExecutor$Worker.<init>(ThreadPoolExecutor.java:653) ~[tomcat-embed-core-10.1.5.jar:10.1.5]
?[0m?[0;34m	at org.apache.tomcat.util.threads.ThreadPoolExecutor.addWorker(ThreadPoolExecutor.java:957) ~[tomcat-embed-core-10.1.5.jar:10.1.5]
?[0m?[0;34m	at org.apache.tomcat.util.threads.ThreadPoolExecutor.prestartAllCoreThreads(ThreadPoolExecutor.java:1694) ~[tomcat-embed-core-10.1.5.jar:10.1.5]
?[0m?[0;34m	at org.apache.tomcat.util.threads.ThreadPoolExecutor.<init>(ThreadPoolExecutor.java:1370) ~[tomcat-embed-core-10.1.5.jar:10.1.5]
?[0m?[0;34m	at org.apache.tomcat.util.threads.ThreadPoolExecutor.<init>(ThreadPoolExecutor.java:1280) ~[tomcat-embed-core-10.1.5.jar:10.1.5]
?[0m?[0;34m	at org.apache.tomcat.util.net.AbstractEndpoint.createExecutor(AbstractEndpoint.java:948) ~[tomcat-embed-core-10.1.5.jar:10.1.5]
?[0m?[0;34m	at org.apache.tomcat.util.net.NioEndpoint.startInternal(NioEndpoint.java:279) ~[tomcat-embed-core-10.1.5.jar:10.1.5]
?[0m?[0;34m	at org.apache.tomcat.util.net.AbstractEndpoint.start(AbstractEndpoint.java:1261) ~[tomcat-embed-core-10.1.5.jar:10.1.5]
?[0m?[0;34m	at org.apache.coyote.AbstractProtocol.start(AbstractProtocol.java:586) ~[tomcat-embed-core-10.1.5.jar:10.1.5]
?[0m?[0;34m	at org.apache.catalina.connector.Connector.startInternal(Connector.java:1081) ~[tomcat-embed-core-10.1.5.jar:10.1.5]
?[0m?[0;34m	at org.apache.catalina.util.LifecycleBase.start(LifecycleBase.java:183) ~[tomcat-embed-core-10.1.5.jar:10.1.5]
?[0m?[0;34m	at org.apache.catalina.core.StandardService.addConnector(StandardService.java:234) ~[tomcat-embed-core-10.1.5.jar:10.1.5]
?[0m?[0;34m	at org.springframework.boot.web.embedded.tomcat.TomcatWebServer.addPreviouslyRemovedConnectors(TomcatWebServer.java:282) ~[spring-boot-3.0.2.jar:3.0.2]
?[0m?[0;34m	at org.springframework.boot.web.embedded.tomcat.TomcatWebServer.start(TomcatWebServer.java:213) ~[spring-boot-3.0.2.jar:3.0.2]
?[0m?[0;34m	at org.springframework.boot.web.servlet.context.WebServerStartStopLifecycle.start(WebServerStartStopLifecycle.java:44) ~[spring-boot-3.0.2.jar:3.0.2]
?[0m?[0;34m	at org.springframework.context.support.DefaultLifecycleProcessor.doStart(DefaultLifecycleProcessor.java:178) ~[spring-context-6.0.4.jar:6.0.4]
?[0m?[0;34m	at org.springframework.context.support.DefaultLifecycleProcessor$LifecycleGroup.start(DefaultLifecycleProcessor.java:356) ~[spring-context-6.0.4.jar:6.0.4]
?[0m?[0;34m	at java.base/java.lang.Iterable.forEach(Iterable.java:75) ~[na:na]
?[0m?[0;34m	at org.springframework.context.support.DefaultLifecycleProcessor.startBeans(DefaultLifecycleProcessor.java:155) ~[spring-context-6.0.4.jar:6.0.4]
?[0m?[0;34m	at org.springframework.context.support.DefaultLifecycleProcessor.onRefresh(DefaultLifecycleProcessor.java:123) ~[spring-context-6.0.4.jar:6.0.4]
?[0m?[0;34m	at org.springframework.context.support.AbstractApplicationContext.finishRefresh(AbstractApplicationContext.java:932) ~[spring-context-6.0.4.jar:6.0.4]
?[0m?[0;34m	at org.springframework.context.support.AbstractApplicationContext.refresh(AbstractApplicationContext.java:587) ~[spring-context-6.0.4.jar:6.0.4]
?[0m?[0;34m	at org.springframework.boot.web.servlet.context.ServletWebServerApplicationContext.refresh(ServletWebServerApplicationContext.java:146) ~[spring-boot-3.0.2.jar:3.0.2]
?[0m?[0;34m	at org.springframework.boot.SpringApplication.refresh(SpringApplication.java:730) ~[spring-boot-3.0.2.jar:3.0.2]
?[0m?[0;34m	at org.springframework.boot.SpringApplication.refreshContext(SpringApplication.java:432) ~[spring-boot-3.0.2.jar:3.0.2]
?[0m?[0;34m	at org.springframework.boot.SpringApplication.run(SpringApplication.java:308) ~[spring-boot-3.0.2.jar:3.0.2]
?[0m?[0;34m	at org.springframework.boot.SpringApplication.run(SpringApplication.java:1302) ~[spring-boot-3.0.2.jar:3.0.2]
?[0m?[0;34m	at org.springframework.boot.SpringApplication.run(SpringApplication.java:1291) ~[spring-boot-3.0.2.jar:3.0.2]
?[0m?[0;34m	at account.AccountServiceApplication.main(AccountServiceApplication.java:12) ~[main/:na]
?[0m?[0;34m	at java.base/jdk.internal.reflect.NativeMethodAccessorImpl.invoke0(Native Method) ~[na:na]
?[0m?[0;34m	at java.base/jdk.internal.reflect.NativeMethodAccessorImpl.invoke(NativeMethodAccessorImpl.java:77) ~[na:na]
?[0m?[0;34m	at java.base/jdk.internal.reflect.DelegatingMethodAccessorImpl.invoke(DelegatingMethodAccessorImpl.java:43) ~[na:na]
?[0m?[0;34m	at java.base/java.lang.reflect.Method.invoke(Method.java:568) ~[na:na]
?[0m?[0;34m	at org.hyperskill.hstest.stage.SpringTest.startSpring(SpringTest.java:187) ~[hs-test-release-SNAPSHOT.jar:na]
?[0m?[0;34m	at org.hyperskill.hstest.stage.SpringTest.launchSpring(SpringTest.java:49) ~[hs-test-release-SNAPSHOT.jar:na]
?[0m?[0;34m	at org.hyperskill.hstest.testing.runner.SpringApplicationRunner.launchSpringBootApplication(SpringApplicationRunner.java:20) ~[hs-test-release-SNAPSHOT.jar:na]
?[0m?[0;34m	at org.hyperskill.hstest.testing.runner.SpringApplicationRunner.setUp(SpringApplicationRunner.java:35) ~[hs-test-release-SNAPSHOT.jar:na]
?[0m?[0;34m	at org.hyperskill.hstest.testing.TestRun.setUp(TestRun.java:77) ~[hs-test-release-SNAPSHOT.jar:na]
?[0m?[0;34m	at org.hyperskill.hstest.stage.StageTest.start(StageTest.java:159) ~[hs-test-release-SNAPSHOT.jar:na]
?[0m?[0;34m	at java.base/jdk.internal.reflect.NativeMethodAccessorImpl.invoke0(Native Method) ~[na:na]
?[0m?[0;34m	at java.base/jdk.internal.reflect.NativeMethodAccessorImpl.invoke(NativeMethodAccessorImpl.java:77) ~[na:na]
?[0m?[0;34m	at java.base/jdk.internal.reflect.DelegatingMethodAccessorImpl.invoke(DelegatingMethodAccessorImpl.java:43) ~[na:na]
?[0m?[0;34m	at java.base/java.lang.reflect.Method.invoke(Method.java:568) ~[na:na]
?[0m?[0;34m	at org.junit.runners.model.FrameworkMethod$1.runReflectiveCall(FrameworkMethod.java:59) ~[junit-4.13.2.jar:4.13.2]
?[0m?[0;34m	at org.junit.internal.runners.model.ReflectiveCallable.run(ReflectiveCallable.java:12) ~[junit-4.13.2.jar:4.13.2]
?[0m?[0;34m	at org.junit.runners.model.FrameworkMethod.invokeExplosively(FrameworkMethod.java:56) ~[junit-4.13.2.jar:4.13.2]
?[0m?[0;34m	at org.junit.internal.runners.statements.InvokeMethod.evaluate(InvokeMethod.java:17) ~[junit-4.13.2.jar:4.13.2]
?[0m?[0;34m	at org.junit.internal.runners.statements.RunAfters.evaluate(RunAfters.java:27) ~[junit-4.13.2.jar:4.13.2]
?[0m?[0;34m	at org.junit.runners.ParentRunner$3.evaluate(ParentRunner.java:306) ~[junit-4.13.2.jar:4.13.2]
?[0m?[0;34m	at org.junit.runners.BlockJUnit4ClassRunner$1.evaluate(BlockJUnit4ClassRunner.java:100) ~[junit-4.13.2.jar:4.13.2]
?[0m?[0;34m	at org.junit.runners.ParentRunner.runLeaf(ParentRunner.java:366) ~[junit-4.13.2.jar:4.13.2]
?[0m?[0;34m	at org.junit.runners.BlockJUnit4ClassRunner.runChild(BlockJUnit4ClassRunner.java:103) ~[junit-4.13.2.jar:4.13.2]
?[0m?[0;34m	at org.junit.runners.BlockJUnit4ClassRunner.runChild(BlockJUnit4ClassRunner.java:63) ~[junit-4.13.2.jar:4.13.2]
?[0m?[0;34m	at org.junit.runners.ParentRunner$4.run(ParentRunner.java:331) ~[junit-4.13.2.jar:4.13.2]
?[0m?[0;34m	at org.junit.runners.ParentRunner$1.schedule(ParentRunner.java:79) ~[junit-4.13.2.jar:4.13.2]
?[0m?[0;34m	at org.junit.runners.ParentRunner.runChildren(ParentRunner.java:329) ~[junit-4.13.2.jar:4.13.2]
?[0m?[0;34m	at org.junit.runners.ParentRunner.access$100(ParentRunner.java:66) ~[junit-4.13.2.jar:4.13.2]
?[0m?[0;34m	at org.junit.runners.ParentRunner$2.evaluate(ParentRunner.java:293) ~[junit-4.13.2.jar:4.13.2]
?[0m?[0;34m	at org.junit.runners.ParentRunner$3.evaluate(ParentRunner.java:306) ~[junit-4.13.2.jar:4.13.2]
?[0m?[0;34m	at org.junit.runners.ParentRunner.run(ParentRunner.java:413) ~[junit-4.13.2.jar:4.13.2]
?[0m?[0;34m	at org.gradle.api.internal.tasks.testing.junit.JUnitTestClassExecutor.runTestClass(JUnitTestClassExecutor.java:108) ~[na:na]
?[0m?[0;34m	at org.gradle.api.internal.tasks.testing.junit.JUnitTestClassExecutor.execute(JUnitTestClassExecutor.java:57) ~[na:na]
?[0m?[0;34m	at org.gradle.api.internal.tasks.testing.junit.JUnitTestClassExecutor.execute(JUnitTestClassExecutor.java:39) ~[na:na]
?[0m?[0;34m	at org.gradle.api.internal.tasks.testing.junit.AbstractJUnitTestClassProcessor.processTestClass(AbstractJUnitTestClassProcessor.java:62) ~[na:na]
?[0m?[0;34m	at org.gradle.api.internal.tasks.testing.SuiteTestClassProcessor.processTestClass(SuiteTestClassProcessor.java:52) ~[na:na]
?[0m?[0;34m	at java.base/jdk.internal.reflect.NativeMethodAccessorImpl.invoke0(Native Method) ~[na:na]
?[0m?[0;34m	at java.base/jdk.internal.reflect.NativeMethodAccessorImpl.invoke(NativeMethodAccessorImpl.java:77) ~[na:na]
?[0m?[0;34m	at java.base/jdk.internal.reflect.DelegatingMethodAccessorImpl.invoke(DelegatingMethodAccessorImpl.java:43) ~[na:na]
?[0m?[0;34m	at java.base/java.lang.reflect.Method.invoke(Method.java:568) ~[na:na]
?[0m?[0;34m	at org.gradle.internal.dispatch.ReflectionDispatch.dispatch(ReflectionDispatch.java:36) ~[na:na]
?[0m?[0;34m	at org.gradle.internal.dispatch.ReflectionDispatch.dispatch(ReflectionDispatch.java:24) ~[na:na]
?[0m?[0;34m	at org.gradle.internal.dispatch.ContextClassLoaderDispatch.dispatch(ContextClassLoaderDispatch.java:33) ~[na:na]
?[0m?[0;34m	at org.gradle.internal.dispatch.ProxyDispatchAdapter$DispatchingInvocationHandler.invoke(ProxyDispatchAdapter.java:94) ~[na:na]
?[0m?[0;34m	at jdk.proxy1/jdk.proxy1.$Proxy2.processTestClass(Unknown Source) ~[na:na]
?[0m?[0;34m	at org.gradle.api.internal.tasks.testing.worker.TestWorker$2.run(TestWorker.java:176) ~[na:na]
?[0m?[0;34m	at org.gradle.api.internal.tasks.testing.worker.TestWorker.executeAndMaintainThreadName(TestWorker.java:129) ~[na:na]
?[0m?[0;34m	at org.gradle.api.internal.tasks.testing.worker.TestWorker.execute(TestWorker.java:100) ~[na:na]
?[0m?[0;34m	at org.gradle.api.internal.tasks.testing.worker.TestWorker.execute(TestWorker.java:60) ~[na:na]
?[0m?[0;34m	at org.gradle.process.internal.worker.child.ActionExecutionWorker.execute(ActionExecutionWorker.java:56) ~[na:na]
?[0m?[0;34m	at org.gradle.process.internal.worker.child.SystemApplicationClassLoaderWorker.call(SystemApplicationClassLoaderWorker.java:113) ~[na:na]
?[0m?[0;34m	at org.gradle.process.internal.worker.child.SystemApplicationClassLoaderWorker.call(SystemApplicationClassLoaderWorker.java:65) ~[na:na]
?[0m?[0;34m	at worker.org.gradle.process.internal.worker.GradleWorkerMain.run(GradleWorkerMain.java:69) ~[gradle-worker.jar:na]
?[0m?[0;34m	at worker.org.gradle.process.internal.worker.GradleWorkerMain.main(GradleWorkerMain.java:74) ~[gradle-worker.jar:na]
?[0m?[0;34m
?[0m?[0;34m?[2m2023-08-22T13:43:43.023+02:00?[0;39m ?[33m WARN?[0;39m ?[35m18216?[0;39m ?[2m---?[0;39m ?[2m[    Test worker]?[0;39m ?[36m.t.u.s.PrivilegedSetAccessControlContext?[0;39m ?[2m:?[0;39m Unable to set field Thread.inheritedAccessControlContext
?[0m?[0;34m
?[0m?[0;34mjava.lang.IllegalAccessException: class org.apache.tomcat.util.security.PrivilegedSetAccessControlContext cannot access a member of class java.lang.Thread (in module java.base) with modifiers "private"
?[0m?[0;34m	at java.base/jdk.internal.reflect.Reflection.newIllegalAccessException(Reflection.java:392) ~[na:na]
?[0m?[0;34m	at java.base/java.lang.reflect.AccessibleObject.checkAccess(AccessibleObject.java:674) ~[na:na]
?[0m?[0;34m	at java.base/java.lang.reflect.Field.checkAccess(Field.java:1102) ~[na:na]
?[0m?[0;34m	at java.base/java.lang.reflect.Field.set(Field.java:797) ~[na:na]
?[0m?[0;34m	at org.apache.tomcat.util.security.PrivilegedSetAccessControlContext.run(PrivilegedSetAccessControlContext.java:60) ~[tomcat-embed-core-10.1.5.jar:10.1.5]
?[0m?[0;34m	at org.apache.tomcat.util.security.PrivilegedSetAccessControlContext.run(PrivilegedSetAccessControlContext.java:28) ~[tomcat-embed-core-10.1.5.jar:10.1.5]
?[0m?[0;34m	at java.base/java.security.AccessController.doPrivileged(AccessController.java:318) ~[na:na]
?[0m?[0;34m	at org.apache.tomcat.util.threads.TaskThreadFactory.newThread(TaskThreadFactory.java:64) ~[tomcat-embed-core-10.1.5.jar:10.1.5]
?[0m?[0;34m	at org.apache.tomcat.util.threads.ThreadPoolExecutor$Worker.<init>(ThreadPoolExecutor.java:653) ~[tomcat-embed-core-10.1.5.jar:10.1.5]
?[0m?[0;34m	at org.apache.tomcat.util.threads.ThreadPoolExecutor.addWorker(ThreadPoolExecutor.java:957) ~[tomcat-embed-core-10.1.5.jar:10.1.5]
?[0m?[0;34m	at org.apache.tomcat.util.threads.ThreadPoolExecutor.prestartAllCoreThreads(ThreadPoolExecutor.java:1694) ~[tomcat-embed-core-10.1.5.jar:10.1.5]
?[0m?[0;34m	at org.apache.tomcat.util.threads.ThreadPoolExecutor.<init>(ThreadPoolExecutor.java:1370) ~[tomcat-embed-core-10.1.5.jar:10.1.5]
?[0m?[0;34m	at org.apache.tomcat.util.threads.ThreadPoolExecutor.<init>(ThreadPoolExecutor.java:1280) ~[tomcat-embed-core-10.1.5.jar:10.1.5]
?[0m?[0;34m	at org.apache.tomcat.util.net.AbstractEndpoint.createExecutor(AbstractEndpoint.java:948) ~[tomcat-embed-core-10.1.5.jar:10.1.5]
?[0m?[0;34m	at org.apache.tomcat.util.net.NioEndpoint.startInternal(NioEndpoint.java:279) ~[tomcat-embed-core-10.1.5.jar:10.1.5]
?[0m?[0;34m	at org.apache.tomcat.util.net.AbstractEndpoint.start(AbstractEndpoint.java:1261) ~[tomcat-embed-core-10.1.5.jar:10.1.5]
?[0m?[0;34m	at org.apache.coyote.AbstractProtocol.start(AbstractProtocol.java:586) ~[tomcat-embed-core-10.1.5.jar:10.1.5]
?[0m?[0;34m	at org.apache.catalina.connector.Connector.startInternal(Connector.java:1081) ~[tomcat-embed-core-10.1.5.jar:10.1.5]
?[0m?[0;34m	at org.apache.catalina.util.LifecycleBase.start(LifecycleBase.java:183) ~[tomcat-embed-core-10.1.5.jar:10.1.5]
?[0m?[0;34m	at org.apache.catalina.core.StandardService.addConnector(StandardService.java:234) ~[tomcat-embed-core-10.1.5.jar:10.1.5]
?[0m?[0;34m	at org.springframework.boot.web.embedded.tomcat.TomcatWebServer.addPreviouslyRemovedConnectors(TomcatWebServer.java:282) ~[spring-boot-3.0.2.jar:3.0.2]
?[0m?[0;34m	at org.springframework.boot.web.embedded.tomcat.TomcatWebServer.start(TomcatWebServer.java:213) ~[spring-boot-3.0.2.jar:3.0.2]
?[0m?[0;34m	at org.springframework.boot.web.servlet.context.WebServerStartStopLifecycle.start(WebServerStartStopLifecycle.java:44) ~[spring-boot-3.0.2.jar:3.0.2]
?[0m?[0;34m	at org.springframework.context.support.DefaultLifecycleProcessor.doStart(DefaultLifecycleProcessor.java:178) ~[spring-context-6.0.4.jar:6.0.4]
?[0m?[0;34m	at org.springframework.context.support.DefaultLifecycleProcessor$LifecycleGroup.start(DefaultLifecycleProcessor.java:356) ~[spring-context-6.0.4.jar:6.0.4]
?[0m?[0;34m	at java.base/java.lang.Iterable.forEach(Iterable.java:75) ~[na:na]
?[0m?[0;34m	at org.springframework.context.support.DefaultLifecycleProcessor.startBeans(DefaultLifecycleProcessor.java:155) ~[spring-context-6.0.4.jar:6.0.4]
?[0m?[0;34m	at org.springframework.context.support.DefaultLifecycleProcessor.onRefresh(DefaultLifecycleProcessor.java:123) ~[spring-context-6.0.4.jar:6.0.4]
?[0m?[0;34m	at org.springframework.context.support.AbstractApplicationContext.finishRefresh(AbstractApplicationContext.java:932) ~[spring-context-6.0.4.jar:6.0.4]
?[0m?[0;34m	at org.springframework.context.support.AbstractApplicationContext.refresh(AbstractApplicationContext.java:587) ~[spring-context-6.0.4.jar:6.0.4]
?[0m?[0;34m	at org.springframework.boot.web.servlet.context.ServletWebServerApplicationContext.refresh(ServletWebServerApplicationContext.java:146) ~[spring-boot-3.0.2.jar:3.0.2]
?[0m?[0;34m	at org.springframework.boot.SpringApplication.refresh(SpringApplication.java:730) ~[spring-boot-3.0.2.jar:3.0.2]
?[0m?[0;34m	at org.springframework.boot.SpringApplication.refreshContext(SpringApplication.java:432) ~[spring-boot-3.0.2.jar:3.0.2]
?[0m?[0;34m	at org.springframework.boot.SpringApplication.run(SpringApplication.java:308) ~[spring-boot-3.0.2.jar:3.0.2]
?[0m?[0;34m	at org.springframework.boot.SpringApplication.run(SpringApplication.java:1302) ~[spring-boot-3.0.2.jar:3.0.2]
?[0m?[0;34m	at org.springframework.boot.SpringApplication.run(SpringApplication.java:1291) ~[spring-boot-3.0.2.jar:3.0.2]
?[0m?[0;34m	at account.AccountServiceApplication.main(AccountServiceApplication.java:12) ~[main/:na]
?[0m?[0;34m	at java.base/jdk.internal.reflect.NativeMethodAccessorImpl.invoke0(Native Method) ~[na:na]
?[0m?[0;34m	at java.base/jdk.internal.reflect.NativeMethodAccessorImpl.invoke(NativeMethodAccessorImpl.java:77) ~[na:na]
?[0m?[0;34m	at java.base/jdk.internal.reflect.DelegatingMethodAccessorImpl.invoke(DelegatingMethodAccessorImpl.java:43) ~[na:na]
?[0m?[0;34m	at java.base/java.lang.reflect.Method.invoke(Method.java:568) ~[na:na]
?[0m?[0;34m	at org.hyperskill.hstest.stage.SpringTest.startSpring(SpringTest.java:187) ~[hs-test-release-SNAPSHOT.jar:na]
?[0m?[0;34m	at org.hyperskill.hstest.stage.SpringTest.launchSpring(SpringTest.java:49) ~[hs-test-release-SNAPSHOT.jar:na]
?[0m?[0;34m	at org.hyperskill.hstest.testing.runner.SpringApplicationRunner.launchSpringBootApplication(SpringApplicationRunner.java:20) ~[hs-test-release-SNAPSHOT.jar:na]
?[0m?[0;34m	at org.hyperskill.hstest.testing.runner.SpringApplicationRunner.setUp(SpringApplicationRunner.java:35) ~[hs-test-release-SNAPSHOT.jar:na]
?[0m?[0;34m	at org.hyperskill.hstest.testing.TestRun.setUp(TestRun.java:77) ~[hs-test-release-SNAPSHOT.jar:na]
?[0m?[0;34m	at org.hyperskill.hstest.stage.StageTest.start(StageTest.java:159) ~[hs-test-release-SNAPSHOT.jar:na]
?[0m?[0;34m	at java.base/jdk.internal.reflect.NativeMethodAccessorImpl.invoke0(Native Method) ~[na:na]
?[0m?[0;34m	at java.base/jdk.internal.reflect.NativeMethodAccessorImpl.invoke(NativeMethodAccessorImpl.java:77) ~[na:na]
?[0m?[0;34m	at java.base/jdk.internal.reflect.DelegatingMethodAccessorImpl.invoke(DelegatingMethodAccessorImpl.java:43) ~[na:na]
?[0m?[0;34m	at java.base/java.lang.reflect.Method.invoke(Method.java:568) ~[na:na]
?[0m?[0;34m	at org.junit.runners.model.FrameworkMethod$1.runReflectiveCall(FrameworkMethod.java:59) ~[junit-4.13.2.jar:4.13.2]
?[0m?[0;34m	at org.junit.internal.runners.model.ReflectiveCallable.run(ReflectiveCallable.java:12) ~[junit-4.13.2.jar:4.13.2]
?[0m?[0;34m	at org.junit.runners.model.FrameworkMethod.invokeExplosively(FrameworkMethod.java:56) ~[junit-4.13.2.jar:4.13.2]
?[0m?[0;34m	at org.junit.internal.runners.statements.InvokeMethod.evaluate(InvokeMethod.java:17) ~[junit-4.13.2.jar:4.13.2]
?[0m?[0;34m	at org.junit.internal.runners.statements.RunAfters.evaluate(RunAfters.java:27) ~[junit-4.13.2.jar:4.13.2]
?[0m?[0;34m	at org.junit.runners.ParentRunner$3.evaluate(ParentRunner.java:306) ~[junit-4.13.2.jar:4.13.2]
?[0m?[0;34m	at org.junit.runners.BlockJUnit4ClassRunner$1.evaluate(BlockJUnit4ClassRunner.java:100) ~[junit-4.13.2.jar:4.13.2]
?[0m?[0;34m	at org.junit.runners.ParentRunner.runLeaf(ParentRunner.java:366) ~[junit-4.13.2.jar:4.13.2]
?[0m?[0;34m	at org.junit.runners.BlockJUnit4ClassRunner.runChild(BlockJUnit4ClassRunner.java:103) ~[junit-4.13.2.jar:4.13.2]
?[0m?[0;34m	at org.junit.runners.BlockJUnit4ClassRunner.runChild(BlockJUnit4ClassRunner.java:63) ~[junit-4.13.2.jar:4.13.2]
?[0m?[0;34m	at org.junit.runners.ParentRunner$4.run(ParentRunner.java:331) ~[junit-4.13.2.jar:4.13.2]
?[0m?[0;34m	at org.junit.runners.ParentRunner$1.schedule(ParentRunner.java:79) ~[junit-4.13.2.jar:4.13.2]
?[0m?[0;34m	at org.junit.runners.ParentRunner.runChildren(ParentRunner.java:329) ~[junit-4.13.2.jar:4.13.2]
?[0m?[0;34m	at org.junit.runners.ParentRunner.access$100(ParentRunner.java:66) ~[junit-4.13.2.jar:4.13.2]
?[0m?[0;34m	at org.junit.runners.ParentRunner$2.evaluate(ParentRunner.java:293) ~[junit-4.13.2.jar:4.13.2]
?[0m?[0;34m	at org.junit.runners.ParentRunner$3.evaluate(ParentRunner.java:306) ~[junit-4.13.2.jar:4.13.2]
?[0m?[0;34m	at org.junit.runners.ParentRunner.run(ParentRunner.java:413) ~[junit-4.13.2.jar:4.13.2]
?[0m?[0;34m	at org.gradle.api.internal.tasks.testing.junit.JUnitTestClassExecutor.runTestClass(JUnitTestClassExecutor.java:108) ~[na:na]
?[0m?[0;34m	at org.gradle.api.internal.tasks.testing.junit.JUnitTestClassExecutor.execute(JUnitTestClassExecutor.java:57) ~[na:na]
?[0m?[0;34m	at org.gradle.api.internal.tasks.testing.junit.JUnitTestClassExecutor.execute(JUnitTestClassExecutor.java:39) ~[na:na]
?[0m?[0;34m	at org.gradle.api.internal.tasks.testing.junit.AbstractJUnitTestClassProcessor.processTestClass(AbstractJUnitTestClassProcessor.java:62) ~[na:na]
?[0m?[0;34m	at org.gradle.api.internal.tasks.testing.SuiteTestClassProcessor.processTestClass(SuiteTestClassProcessor.java:52) ~[na:na]
?[0m?[0;34m	at java.base/jdk.internal.reflect.NativeMethodAccessorImpl.invoke0(Native Method) ~[na:na]
?[0m?[0;34m	at java.base/jdk.internal.reflect.NativeMethodAccessorImpl.invoke(NativeMethodAccessorImpl.java:77) ~[na:na]
?[0m?[0;34m	at java.base/jdk.internal.reflect.DelegatingMethodAccessorImpl.invoke(DelegatingMethodAccessorImpl.java:43) ~[na:na]
?[0m?[0;34m	at java.base/java.lang.reflect.Method.invoke(Method.java:568) ~[na:na]
?[0m?[0;34m	at org.gradle.internal.dispatch.ReflectionDispatch.dispatch(ReflectionDispatch.java:36) ~[na:na]
?[0m?[0;34m	at org.gradle.internal.dispatch.ReflectionDispatch.dispatch(ReflectionDispatch.java:24) ~[na:na]
?[0m?[0;34m	at org.gradle.internal.dispatch.ContextClassLoaderDispatch.dispatch(ContextClassLoaderDispatch.java:33) ~[na:na]
?[0m?[0;34m	at org.gradle.internal.dispatch.ProxyDispatchAdapter$DispatchingInvocationHandler.invoke(ProxyDispatchAdapter.java:94) ~[na:na]
?[0m?[0;34m	at jdk.proxy1/jdk.proxy1.$Proxy2.processTestClass(Unknown Source) ~[na:na]
?[0m?[0;34m	at org.gradle.api.internal.tasks.testing.worker.TestWorker$2.run(TestWorker.java:176) ~[na:na]
?[0m?[0;34m	at org.gradle.api.internal.tasks.testing.worker.TestWorker.executeAndMaintainThreadName(TestWorker.java:129) ~[na:na]
?[0m?[0;34m	at org.gradle.api.internal.tasks.testing.worker.TestWorker.execute(TestWorker.java:100) ~[na:na]
?[0m?[0;34m	at org.gradle.api.internal.tasks.testing.worker.TestWorker.execute(TestWorker.java:60) ~[na:na]
?[0m?[0;34m	at org.gradle.process.internal.worker.child.ActionExecutionWorker.execute(ActionExecutionWorker.java:56) ~[na:na]
?[0m?[0;34m	at org.gradle.process.internal.worker.child.SystemApplicationClassLoaderWorker.call(SystemApplicationClassLoaderWorker.java:113) ~[na:na]
?[0m?[0;34m	at org.gradle.process.internal.worker.child.SystemApplicationClassLoaderWorker.call(SystemApplicationClassLoaderWorker.java:65) ~[na:na]
?[0m?[0;34m	at worker.org.gradle.process.internal.worker.GradleWorkerMain.run(GradleWorkerMain.java:69) ~[gradle-worker.jar:na]
?[0m?[0;34m	at worker.org.gradle.process.internal.worker.GradleWorkerMain.main(GradleWorkerMain.java:74) ~[gradle-worker.jar:na]
?[0m?[0;34m
?[0m?[0;34m?[2m2023-08-22T13:43:43.029+02:00?[0;39m ?[33m WARN?[0;39m ?[35m18216?[0;39m ?[2m---?[0;39m ?[2m[    Test worker]?[0;39m ?[36m.t.u.s.PrivilegedSetAccessControlContext?[0;39m ?[2m:?[0;39m Unable to set field Thread.inheritedAccessControlContext
?[0m?[0;34m
?[0m?[0;34mjava.lang.IllegalAccessException: class org.apache.tomcat.util.security.PrivilegedSetAccessControlContext cannot access a member of class java.lang.Thread (in module java.base) with modifiers "private"
?[0m?[0;34m	at java.base/jdk.internal.reflect.Reflection.newIllegalAccessException(Reflection.java:392) ~[na:na]
?[0m?[0;34m	at java.base/java.lang.reflect.AccessibleObject.checkAccess(AccessibleObject.java:674) ~[na:na]
?[0m?[0;34m	at java.base/java.lang.reflect.Field.checkAccess(Field.java:1102) ~[na:na]
?[0m?[0;34m	at java.base/java.lang.reflect.Field.set(Field.java:797) ~[na:na]
?[0m?[0;34m	at org.apache.tomcat.util.security.PrivilegedSetAccessControlContext.run(PrivilegedSetAccessControlContext.java:60) ~[tomcat-embed-core-10.1.5.jar:10.1.5]
?[0m?[0;34m	at org.apache.tomcat.util.security.PrivilegedSetAccessControlContext.run(PrivilegedSetAccessControlContext.java:28) ~[tomcat-embed-core-10.1.5.jar:10.1.5]
?[0m?[0;34m	at java.base/java.security.AccessController.doPrivileged(AccessController.java:318) ~[na:na]
?[0m?[0;34m	at org.apache.tomcat.util.threads.TaskThreadFactory.newThread(TaskThreadFactory.java:64) ~[tomcat-embed-core-10.1.5.jar:10.1.5]
?[0m?[0;34m	at org.apache.tomcat.util.threads.ThreadPoolExecutor$Worker.<init>(ThreadPoolExecutor.java:653) ~[tomcat-embed-core-10.1.5.jar:10.1.5]
?[0m?[0;34m	at org.apache.tomcat.util.threads.ThreadPoolExecutor.addWorker(ThreadPoolExecutor.java:957) ~[tomcat-embed-core-10.1.5.jar:10.1.5]
?[0m?[0;34m	at org.apache.tomcat.util.threads.ThreadPoolExecutor.prestartAllCoreThreads(ThreadPoolExecutor.java:1694) ~[tomcat-embed-core-10.1.5.jar:10.1.5]
?[0m?[0;34m	at org.apache.tomcat.util.threads.ThreadPoolExecutor.<init>(ThreadPoolExecutor.java:1370) ~[tomcat-embed-core-10.1.5.jar:10.1.5]
?[0m?[0;34m	at org.apache.tomcat.util.threads.ThreadPoolExecutor.<init>(ThreadPoolExecutor.java:1280) ~[tomcat-embed-core-10.1.5.jar:10.1.5]
?[0m?[0;34m	at org.apache.tomcat.util.net.AbstractEndpoint.createExecutor(AbstractEndpoint.java:948) ~[tomcat-embed-core-10.1.5.jar:10.1.5]
?[0m?[0;34m	at org.apache.tomcat.util.net.NioEndpoint.startInternal(NioEndpoint.java:279) ~[tomcat-embed-core-10.1.5.jar:10.1.5]
?[0m?[0;34m	at org.apache.tomcat.util.net.AbstractEndpoint.start(AbstractEndpoint.java:1261) ~[tomcat-embed-core-10.1.5.jar:10.1.5]
?[0m?[0;34m	at org.apache.coyote.AbstractProtocol.start(AbstractProtocol.java:586) ~[tomcat-embed-core-10.1.5.jar:10.1.5]
?[0m?[0;34m	at org.apache.catalina.connector.Connector.startInternal(Connector.java:1081) ~[tomcat-embed-core-10.1.5.jar:10.1.5]
?[0m?[0;34m	at org.apache.catalina.util.LifecycleBase.start(LifecycleBase.java:183) ~[tomcat-embed-core-10.1.5.jar:10.1.5]
?[0m?[0;34m	at org.apache.catalina.core.StandardService.addConnector(StandardService.java:234) ~[tomcat-embed-core-10.1.5.jar:10.1.5]
?[0m?[0;34m	at org.springframework.boot.web.embedded.tomcat.TomcatWebServer.addPreviouslyRemovedConnectors(TomcatWebServer.java:282) ~[spring-boot-3.0.2.jar:3.0.2]
?[0m?[0;34m	at org.springframework.boot.web.embedded.tomcat.TomcatWebServer.start(TomcatWebServer.java:213) ~[spring-boot-3.0.2.jar:3.0.2]
?[0m?[0;34m	at org.springframework.boot.web.servlet.context.WebServerStartStopLifecycle.start(WebServerStartStopLifecycle.java:44) ~[spring-boot-3.0.2.jar:3.0.2]
?[0m?[0;34m	at org.springframework.context.support.DefaultLifecycleProcessor.doStart(DefaultLifecycleProcessor.java:178) ~[spring-context-6.0.4.jar:6.0.4]
?[0m?[0;34m	at org.springframework.context.support.DefaultLifecycleProcessor$LifecycleGroup.start(DefaultLifecycleProcessor.java:356) ~[spring-context-6.0.4.jar:6.0.4]
?[0m?[0;34m	at java.base/java.lang.Iterable.forEach(Iterable.java:75) ~[na:na]
?[0m?[0;34m	at org.springframework.context.support.DefaultLifecycleProcessor.startBeans(DefaultLifecycleProcessor.java:155) ~[spring-context-6.0.4.jar:6.0.4]
?[0m?[0;34m	at org.springframework.context.support.DefaultLifecycleProcessor.onRefresh(DefaultLifecycleProcessor.java:123) ~[spring-context-6.0.4.jar:6.0.4]
?[0m?[0;34m	at org.springframework.context.support.AbstractApplicationContext.finishRefresh(AbstractApplicationContext.java:932) ~[spring-context-6.0.4.jar:6.0.4]
?[0m?[0;34m	at org.springframework.context.support.AbstractApplicationContext.refresh(AbstractApplicationContext.java:587) ~[spring-context-6.0.4.jar:6.0.4]
?[0m?[0;34m	at org.springframework.boot.web.servlet.context.ServletWebServerApplicationContext.refresh(ServletWebServerApplicationContext.java:146) ~[spring-boot-3.0.2.jar:3.0.2]
?[0m?[0;34m	at org.springframework.boot.SpringApplication.refresh(SpringApplication.java:730) ~[spring-boot-3.0.2.jar:3.0.2]
?[0m?[0;34m	at org.springframework.boot.SpringApplication.refreshContext(SpringApplication.java:432) ~[spring-boot-3.0.2.jar:3.0.2]
?[0m?[0;34m	at org.springframework.boot.SpringApplication.run(SpringApplication.java:308) ~[spring-boot-3.0.2.jar:3.0.2]
?[0m?[0;34m	at org.springframework.boot.SpringApplication.run(SpringApplication.java:1302) ~[spring-boot-3.0.2.jar:3.0.2]
?[0m?[0;34m	at org.springframework.boot.SpringApplication.run(SpringApplication.java:1291) ~[spring-boot-3.0.2.jar:3.0.2]
?[0m?[0;34m	at account.AccountServiceApplication.main(AccountServiceApplication.java:12) ~[main/:na]
?[0m?[0;34m	at java.base/jdk.internal.reflect.NativeMethodAccessorImpl.invoke0(Native Method) ~[na:na]
?[0m?[0;34m	at java.base/jdk.internal.reflect.NativeMethodAccessorImpl.invoke(NativeMethodAccessorImpl.java:77) ~[na:na]
?[0m?[0;34m	at java.base/jdk.internal.reflect.DelegatingMethodAccessorImpl.invoke(DelegatingMethodAccessorImpl.java:43) ~[na:na]
?[0m?[0;34m	at java.base/java.lang.reflect.Method.invoke(Method.java:568) ~[na:na]
?[0m?[0;34m	at org.hyperskill.hstest.stage.SpringTest.startSpring(SpringTest.java:187) ~[hs-test-release-SNAPSHOT.jar:na]
?[0m?[0;34m	at org.hyperskill.hstest.stage.SpringTest.launchSpring(SpringTest.java:49) ~[hs-test-release-SNAPSHOT.jar:na]
?[0m?[0;34m	at org.hyperskill.hstest.testing.runner.SpringApplicationRunner.launchSpringBootApplication(SpringApplicationRunner.java:20) ~[hs-test-release-SNAPSHOT.jar:na]
?[0m?[0;34m	at org.hyperskill.hstest.testing.runner.SpringApplicationRunner.setUp(SpringApplicationRunner.java:35) ~[hs-test-release-SNAPSHOT.jar:na]
?[0m?[0;34m	at org.hyperskill.hstest.testing.TestRun.setUp(TestRun.java:77) ~[hs-test-release-SNAPSHOT.jar:na]
?[0m?[0;34m	at org.hyperskill.hstest.stage.StageTest.start(StageTest.java:159) ~[hs-test-release-SNAPSHOT.jar:na]
?[0m?[0;34m	at java.base/jdk.internal.reflect.NativeMethodAccessorImpl.invoke0(Native Method) ~[na:na]
?[0m?[0;34m	at java.base/jdk.internal.reflect.NativeMethodAccessorImpl.invoke(NativeMethodAccessorImpl.java:77) ~[na:na]
?[0m?[0;34m	at java.base/jdk.internal.reflect.DelegatingMethodAccessorImpl.invoke(DelegatingMethodAccessorImpl.java:43) ~[na:na]
?[0m?[0;34m	at java.base/java.lang.reflect.Method.invoke(Method.java:568) ~[na:na]
?[0m?[0;34m	at org.junit.runners.model.FrameworkMethod$1.runReflectiveCall(FrameworkMethod.java:59) ~[junit-4.13.2.jar:4.13.2]
?[0m?[0;34m	at org.junit.internal.runners.model.ReflectiveCallable.run(ReflectiveCallable.java:12) ~[junit-4.13.2.jar:4.13.2]
?[0m?[0;34m	at org.junit.runners.model.FrameworkMethod.invokeExplosively(FrameworkMethod.java:56) ~[junit-4.13.2.jar:4.13.2]
?[0m?[0;34m	at org.junit.internal.runners.statements.InvokeMethod.evaluate(InvokeMethod.java:17) ~[junit-4.13.2.jar:4.13.2]
?[0m?[0;34m	at org.junit.internal.runners.statements.RunAfters.evaluate(RunAfters.java:27) ~[junit-4.13.2.jar:4.13.2]
?[0m?[0;34m	at org.junit.runners.ParentRunner$3.evaluate(ParentRunner.java:306) ~[junit-4.13.2.jar:4.13.2]
?[0m?[0;34m	at org.junit.runners.BlockJUnit4ClassRunner$1.evaluate(BlockJUnit4ClassRunner.java:100) ~[junit-4.13.2.jar:4.13.2]
?[0m?[0;34m	at org.junit.runners.ParentRunner.runLeaf(ParentRunner.java:366) ~[junit-4.13.2.jar:4.13.2]
?[0m?[0;34m	at org.junit.runners.BlockJUnit4ClassRunner.runChild(BlockJUnit4ClassRunner.java:103) ~[junit-4.13.2.jar:4.13.2]
?[0m?[0;34m	at org.junit.runners.BlockJUnit4ClassRunner.runChild(BlockJUnit4ClassRunner.java:63) ~[junit-4.13.2.jar:4.13.2]
?[0m?[0;34m	at org.junit.runners.ParentRunner$4.run(ParentRunner.java:331) ~[junit-4.13.2.jar:4.13.2]
?[0m?[0;34m	at org.junit.runners.ParentRunner$1.schedule(ParentRunner.java:79) ~[junit-4.13.2.jar:4.13.2]
?[0m?[0;34m	at org.junit.runners.ParentRunner.runChildren(ParentRunner.java:329) ~[junit-4.13.2.jar:4.13.2]
?[0m?[0;34m	at org.junit.runners.ParentRunner.access$100(ParentRunner.java:66) ~[junit-4.13.2.jar:4.13.2]
?[0m?[0;34m	at org.junit.runners.ParentRunner$2.evaluate(ParentRunner.java:293) ~[junit-4.13.2.jar:4.13.2]
?[0m?[0;34m	at org.junit.runners.ParentRunner$3.evaluate(ParentRunner.java:306) ~[junit-4.13.2.jar:4.13.2]
?[0m?[0;34m	at org.junit.runners.ParentRunner.run(ParentRunner.java:413) ~[junit-4.13.2.jar:4.13.2]
?[0m?[0;34m	at org.gradle.api.internal.tasks.testing.junit.JUnitTestClassExecutor.runTestClass(JUnitTestClassExecutor.java:108) ~[na:na]
?[0m?[0;34m	at org.gradle.api.internal.tasks.testing.junit.JUnitTestClassExecutor.execute(JUnitTestClassExecutor.java:57) ~[na:na]
?[0m?[0;34m	at org.gradle.api.internal.tasks.testing.junit.JUnitTestClassExecutor.execute(JUnitTestClassExecutor.java:39) ~[na:na]
?[0m?[0;34m	at org.gradle.api.internal.tasks.testing.junit.AbstractJUnitTestClassProcessor.processTestClass(AbstractJUnitTestClassProcessor.java:62) ~[na:na]
?[0m?[0;34m	at org.gradle.api.internal.tasks.testing.SuiteTestClassProcessor.processTestClass(SuiteTestClassProcessor.java:52) ~[na:na]
?[0m?[0;34m	at java.base/jdk.internal.reflect.NativeMethodAccessorImpl.invoke0(Native Method) ~[na:na]
?[0m?[0;34m	at java.base/jdk.internal.reflect.NativeMethodAccessorImpl.invoke(NativeMethodAccessorImpl.java:77) ~[na:na]
?[0m?[0;34m	at java.base/jdk.internal.reflect.DelegatingMethodAccessorImpl.invoke(DelegatingMethodAccessorImpl.java:43) ~[na:na]
?[0m?[0;34m	at java.base/java.lang.reflect.Method.invoke(Method.java:568) ~[na:na]
?[0m?[0;34m	at org.gradle.internal.dispatch.ReflectionDispatch.dispatch(ReflectionDispatch.java:36) ~[na:na]
?[0m?[0;34m	at org.gradle.internal.dispatch.ReflectionDispatch.dispatch(ReflectionDispatch.java:24) ~[na:na]
?[0m?[0;34m	at org.gradle.internal.dispatch.ContextClassLoaderDispatch.dispatch(ContextClassLoaderDispatch.java:33) ~[na:na]
?[0m?[0;34m	at org.gradle.internal.dispatch.ProxyDispatchAdapter$DispatchingInvocationHandler.invoke(ProxyDispatchAdapter.java:94) ~[na:na]
?[0m?[0;34m	at jdk.proxy1/jdk.proxy1.$Proxy2.processTestClass(Unknown Source) ~[na:na]
?[0m?[0;34m	at org.gradle.api.internal.tasks.testing.worker.TestWorker$2.run(TestWorker.java:176) ~[na:na]
?[0m?[0;34m	at org.gradle.api.internal.tasks.testing.worker.TestWorker.executeAndMaintainThreadName(TestWorker.java:129) ~[na:na]
?[0m?[0;34m	at org.gradle.api.internal.tasks.testing.worker.TestWorker.execute(TestWorker.java:100) ~[na:na]
?[0m?[0;34m	at org.gradle.api.internal.tasks.testing.worker.TestWorker.execute(TestWorker.java:60) ~[na:na]
?[0m?[0;34m	at org.gradle.process.internal.worker.child.ActionExecutionWorker.execute(ActionExecutionWorker.java:56) ~[na:na]
?[0m?[0;34m	at org.gradle.process.internal.worker.child.SystemApplicationClassLoaderWorker.call(SystemApplicationClassLoaderWorker.java:113) ~[na:na]
?[0m?[0;34m	at org.gradle.process.internal.worker.child.SystemApplicationClassLoaderWorker.call(SystemApplicationClassLoaderWorker.java:65) ~[na:na]
?[0m?[0;34m	at worker.org.gradle.process.internal.worker.GradleWorkerMain.run(GradleWorkerMain.java:69) ~[gradle-worker.jar:na]
?[0m?[0;34m	at worker.org.gradle.process.internal.worker.GradleWorkerMain.main(GradleWorkerMain.java:74) ~[gradle-worker.jar:na]
?[0m?[0;34m
?[0m?[0;34m?[2m2023-08-22T13:43:43.039+02:00?[0;39m ?[33m WARN?[0;39m ?[35m18216?[0;39m ?[2m---?[0;39m ?[2m[    Test worker]?[0;39m ?[36m.t.u.s.PrivilegedSetAccessControlContext?[0;39m ?[2m:?[0;39m Unable to set field Thread.inheritedAccessControlContext
?[0m?[0;34m
?[0m?[0;34mjava.lang.IllegalAccessException: class org.apache.tomcat.util.security.PrivilegedSetAccessControlContext cannot access a member of class java.lang.Thread (in module java.base) with modifiers "private"
?[0m?[0;34m	at java.base/jdk.internal.reflect.Reflection.newIllegalAccessException(Reflection.java:392) ~[na:na]
?[0m?[0;34m	at java.base/java.lang.reflect.AccessibleObject.checkAccess(AccessibleObject.java:674) ~[na:na]
?[0m?[0;34m	at java.base/java.lang.reflect.Field.checkAccess(Field.java:1102) ~[na:na]
?[0m?[0;34m	at java.base/java.lang.reflect.Field.set(Field.java:797) ~[na:na]
?[0m?[0;34m	at org.apache.tomcat.util.security.PrivilegedSetAccessControlContext.run(PrivilegedSetAccessControlContext.java:60) ~[tomcat-embed-core-10.1.5.jar:10.1.5]
?[0m?[0;34m	at org.apache.tomcat.util.security.PrivilegedSetAccessControlContext.run(PrivilegedSetAccessControlContext.java:28) ~[tomcat-embed-core-10.1.5.jar:10.1.5]
?[0m?[0;34m	at java.base/java.security.AccessController.doPrivileged(AccessController.java:318) ~[na:na]
?[0m?[0;34m	at org.apache.tomcat.util.threads.TaskThreadFactory.newThread(TaskThreadFactory.java:64) ~[tomcat-embed-core-10.1.5.jar:10.1.5]
?[0m?[0;34m	at org.apache.tomcat.util.threads.ThreadPoolExecutor$Worker.<init>(ThreadPoolExecutor.java:653) ~[tomcat-embed-core-10.1.5.jar:10.1.5]
?[0m?[0;34m	at org.apache.tomcat.util.threads.ThreadPoolExecutor.addWorker(ThreadPoolExecutor.java:957) ~[tomcat-embed-core-10.1.5.jar:10.1.5]
?[0m?[0;34m	at org.apache.tomcat.util.threads.ThreadPoolExecutor.prestartAllCoreThreads(ThreadPoolExecutor.java:1694) ~[tomcat-embed-core-10.1.5.jar:10.1.5]
?[0m?[0;34m	at org.apache.tomcat.util.threads.ThreadPoolExecutor.<init>(ThreadPoolExecutor.java:1370) ~[tomcat-embed-core-10.1.5.jar:10.1.5]
?[0m?[0;34m	at org.apache.tomcat.util.threads.ThreadPoolExecutor.<init>(ThreadPoolExecutor.java:1280) ~[tomcat-embed-core-10.1.5.jar:10.1.5]
?[0m?[0;34m	at org.apache.tomcat.util.net.AbstractEndpoint.createExecutor(AbstractEndpoint.java:948) ~[tomcat-embed-core-10.1.5.jar:10.1.5]
?[0m?[0;34m	at org.apache.tomcat.util.net.NioEndpoint.startInternal(NioEndpoint.java:279) ~[tomcat-embed-core-10.1.5.jar:10.1.5]
?[0m?[0;34m	at org.apache.tomcat.util.net.AbstractEndpoint.start(AbstractEndpoint.java:1261) ~[tomcat-embed-core-10.1.5.jar:10.1.5]
?[0m?[0;34m	at org.apache.coyote.AbstractProtocol.start(AbstractProtocol.java:586) ~[tomcat-embed-core-10.1.5.jar:10.1.5]
?[0m?[0;34m	at org.apache.catalina.connector.Connector.startInternal(Connector.java:1081) ~[tomcat-embed-core-10.1.5.jar:10.1.5]
?[0m?[0;34m	at org.apache.catalina.util.LifecycleBase.start(LifecycleBase.java:183) ~[tomcat-embed-core-10.1.5.jar:10.1.5]
?[0m?[0;34m	at org.apache.catalina.core.StandardService.addConnector(StandardService.java:234) ~[tomcat-embed-core-10.1.5.jar:10.1.5]
?[0m?[0;34m	at org.springframework.boot.web.embedded.tomcat.TomcatWebServer.addPreviouslyRemovedConnectors(TomcatWebServer.java:282) ~[spring-boot-3.0.2.jar:3.0.2]
?[0m?[0;34m	at org.springframework.boot.web.embedded.tomcat.TomcatWebServer.start(TomcatWebServer.java:213) ~[spring-boot-3.0.2.jar:3.0.2]
?[0m?[0;34m	at org.springframework.boot.web.servlet.context.WebServerStartStopLifecycle.start(WebServerStartStopLifecycle.java:44) ~[spring-boot-3.0.2.jar:3.0.2]
?[0m?[0;34m	at org.springframework.context.support.DefaultLifecycleProcessor.doStart(DefaultLifecycleProcessor.java:178) ~[spring-context-6.0.4.jar:6.0.4]
?[0m?[0;34m	at org.springframework.context.support.DefaultLifecycleProcessor$LifecycleGroup.start(DefaultLifecycleProcessor.java:356) ~[spring-context-6.0.4.jar:6.0.4]
?[0m?[0;34m	at java.base/java.lang.Iterable.forEach(Iterable.java:75) ~[na:na]
?[0m?[0;34m	at org.springframework.context.support.DefaultLifecycleProcessor.startBeans(DefaultLifecycleProcessor.java:155) ~[spring-context-6.0.4.jar:6.0.4]
?[0m?[0;34m	at org.springframework.context.support.DefaultLifecycleProcessor.onRefresh(DefaultLifecycleProcessor.java:123) ~[spring-context-6.0.4.jar:6.0.4]
?[0m?[0;34m	at org.springframework.context.support.AbstractApplicationContext.finishRefresh(AbstractApplicationContext.java:932) ~[spring-context-6.0.4.jar:6.0.4]
?[0m?[0;34m	at org.springframework.context.support.AbstractApplicationContext.refresh(AbstractApplicationContext.java:587) ~[spring-context-6.0.4.jar:6.0.4]
?[0m?[0;34m	at org.springframework.boot.web.servlet.context.ServletWebServerApplicationContext.refresh(ServletWebServerApplicationContext.java:146) ~[spring-boot-3.0.2.jar:3.0.2]
?[0m?[0;34m	at org.springframework.boot.SpringApplication.refresh(SpringApplication.java:730) ~[spring-boot-3.0.2.jar:3.0.2]
?[0m?[0;34m	at org.springframework.boot.SpringApplication.refreshContext(SpringApplication.java:432) ~[spring-boot-3.0.2.jar:3.0.2]
?[0m?[0;34m	at org.springframework.boot.SpringApplication.run(SpringApplication.java:308) ~[spring-boot-3.0.2.jar:3.0.2]
?[0m?[0;34m	at org.springframework.boot.SpringApplication.run(SpringApplication.java:1302) ~[spring-boot-3.0.2.jar:3.0.2]
?[0m?[0;34m	at org.springframework.boot.SpringApplication.run(SpringApplication.java:1291) ~[spring-boot-3.0.2.jar:3.0.2]
?[0m?[0;34m	at account.AccountServiceApplication.main(AccountServiceApplication.java:12) ~[main/:na]
?[0m?[0;34m	at java.base/jdk.internal.reflect.NativeMethodAccessorImpl.invoke0(Native Method) ~[na:na]
?[0m?[0;34m	at java.base/jdk.internal.reflect.NativeMethodAccessorImpl.invoke(NativeMethodAccessorImpl.java:77) ~[na:na]
?[0m?[0;34m	at java.base/jdk.internal.reflect.DelegatingMethodAccessorImpl.invoke(DelegatingMethodAccessorImpl.java:43) ~[na:na]
?[0m?[0;34m	at java.base/java.lang.reflect.Method.invoke(Method.java:568) ~[na:na]
?[0m?[0;34m	at org.hyperskill.hstest.stage.SpringTest.startSpring(SpringTest.java:187) ~[hs-test-release-SNAPSHOT.jar:na]
?[0m?[0;34m	at org.hyperskill.hstest.stage.SpringTest.launchSpring(SpringTest.java:49) ~[hs-test-release-SNAPSHOT.jar:na]
?[0m?[0;34m	at org.hyperskill.hstest.testing.runner.SpringApplicationRunner.launchSpringBootApplication(SpringApplicationRunner.java:20) ~[hs-test-release-SNAPSHOT.jar:na]
?[0m?[0;34m	at org.hyperskill.hstest.testing.runner.SpringApplicationRunner.setUp(SpringApplicationRunner.java:35) ~[hs-test-release-SNAPSHOT.jar:na]
?[0m?[0;34m	at org.hyperskill.hstest.testing.TestRun.setUp(TestRun.java:77) ~[hs-test-release-SNAPSHOT.jar:na]
?[0m?[0;34m	at org.hyperskill.hstest.stage.StageTest.start(StageTest.java:159) ~[hs-test-release-SNAPSHOT.jar:na]
?[0m?[0;34m	at java.base/jdk.internal.reflect.NativeMethodAccessorImpl.invoke0(Native Method) ~[na:na]
?[0m?[0;34m	at java.base/jdk.internal.reflect.NativeMethodAccessorImpl.invoke(NativeMethodAccessorImpl.java:77) ~[na:na]
?[0m?[0;34m	at java.base/jdk.internal.reflect.DelegatingMethodAccessorImpl.invoke(DelegatingMethodAccessorImpl.java:43) ~[na:na]
?[0m?[0;34m	at java.base/java.lang.reflect.Method.invoke(Method.java:568) ~[na:na]
?[0m?[0;34m	at org.junit.runners.model.FrameworkMethod$1.runReflectiveCall(FrameworkMethod.java:59) ~[junit-4.13.2.jar:4.13.2]
?[0m?[0;34m	at org.junit.internal.runners.model.ReflectiveCallable.run(ReflectiveCallable.java:12) ~[junit-4.13.2.jar:4.13.2]
?[0m?[0;34m	at org.junit.runners.model.FrameworkMethod.invokeExplosively(FrameworkMethod.java:56) ~[junit-4.13.2.jar:4.13.2]
?[0m?[0;34m	at org.junit.internal.runners.statements.InvokeMethod.evaluate(InvokeMethod.java:17) ~[junit-4.13.2.jar:4.13.2]
?[0m?[0;34m	at org.junit.internal.runners.statements.RunAfters.evaluate(RunAfters.java:27) ~[junit-4.13.2.jar:4.13.2]
?[0m?[0;34m	at org.junit.runners.ParentRunner$3.evaluate(ParentRunner.java:306) ~[junit-4.13.2.jar:4.13.2]
?[0m?[0;34m	at org.junit.runners.BlockJUnit4ClassRunner$1.evaluate(BlockJUnit4ClassRunner.java:100) ~[junit-4.13.2.jar:4.13.2]
?[0m?[0;34m	at org.junit.runners.ParentRunner.runLeaf(ParentRunner.java:366) ~[junit-4.13.2.jar:4.13.2]
?[0m?[0;34m	at org.junit.runners.BlockJUnit4ClassRunner.runChild(BlockJUnit4ClassRunner.java:103) ~[junit-4.13.2.jar:4.13.2]
?[0m?[0;34m	at org.junit.runners.BlockJUnit4ClassRunner.runChild(BlockJUnit4ClassRunner.java:63) ~[junit-4.13.2.jar:4.13.2]
?[0m?[0;34m	at org.junit.runners.ParentRunner$4.run(ParentRunner.java:331) ~[junit-4.13.2.jar:4.13.2]
?[0m?[0;34m	at org.junit.runners.ParentRunner$1.schedule(ParentRunner.java:79) ~[junit-4.13.2.jar:4.13.2]
?[0m?[0;34m	at org.junit.runners.ParentRunner.runChildren(ParentRunner.java:329) ~[junit-4.13.2.jar:4.13.2]
?[0m?[0;34m	at org.junit.runners.ParentRunner.access$100(ParentRunner.java:66) ~[junit-4.13.2.jar:4.13.2]
?[0m?[0;34m	at org.junit.runners.ParentRunner$2.evaluate(ParentRunner.java:293) ~[junit-4.13.2.jar:4.13.2]
?[0m?[0;34m	at org.junit.runners.ParentRunner$3.evaluate(ParentRunner.java:306) ~[junit-4.13.2.jar:4.13.2]
?[0m?[0;34m	at org.junit.runners.ParentRunner.run(ParentRunner.java:413) ~[junit-4.13.2.jar:4.13.2]
?[0m?[0;34m	at org.gradle.api.internal.tasks.testing.junit.JUnitTestClassExecutor.runTestClass(JUnitTestClassExecutor.java:108) ~[na:na]
?[0m?[0;34m	at org.gradle.api.internal.tasks.testing.junit.JUnitTestClassExecutor.execute(JUnitTestClassExecutor.java:57) ~[na:na]
?[0m?[0;34m	at org.gradle.api.internal.tasks.testing.junit.JUnitTestClassExecutor.execute(JUnitTestClassExecutor.java:39) ~[na:na]
?[0m?[0;34m	at org.gradle.api.internal.tasks.testing.junit.AbstractJUnitTestClassProcessor.processTestClass(AbstractJUnitTestClassProcessor.java:62) ~[na:na]
?[0m?[0;34m	at org.gradle.api.internal.tasks.testing.SuiteTestClassProcessor.processTestClass(SuiteTestClassProcessor.java:52) ~[na:na]
?[0m?[0;34m	at java.base/jdk.internal.reflect.NativeMethodAccessorImpl.invoke0(Native Method) ~[na:na]
?[0m?[0;34m	at java.base/jdk.internal.reflect.NativeMethodAccessorImpl.invoke(NativeMethodAccessorImpl.java:77) ~[na:na]
?[0m?[0;34m	at java.base/jdk.internal.reflect.DelegatingMethodAccessorImpl.invoke(DelegatingMethodAccessorImpl.java:43) ~[na:na]
?[0m?[0;34m	at java.base/java.lang.reflect.Method.invoke(Method.java:568) ~[na:na]
?[0m?[0;34m	at org.gradle.internal.dispatch.ReflectionDispatch.dispatch(ReflectionDispatch.java:36) ~[na:na]
?[0m?[0;34m	at org.gradle.internal.dispatch.ReflectionDispatch.dispatch(ReflectionDispatch.java:24) ~[na:na]
?[0m?[0;34m	at org.gradle.internal.dispatch.ContextClassLoaderDispatch.dispatch(ContextClassLoaderDispatch.java:33) ~[na:na]
?[0m?[0;34m	at org.gradle.internal.dispatch.ProxyDispatchAdapter$DispatchingInvocationHandler.invoke(ProxyDispatchAdapter.java:94) ~[na:na]
?[0m?[0;34m	at jdk.proxy1/jdk.proxy1.$Proxy2.processTestClass(Unknown Source) ~[na:na]
?[0m?[0;34m	at org.gradle.api.internal.tasks.testing.worker.TestWorker$2.run(TestWorker.java:176) ~[na:na]
?[0m?[0;34m	at org.gradle.api.internal.tasks.testing.worker.TestWorker.executeAndMaintainThreadName(TestWorker.java:129) ~[na:na]
?[0m?[0;34m	at org.gradle.api.internal.tasks.testing.worker.TestWorker.execute(TestWorker.java:100) ~[na:na]
?[0m?[0;34m	at org.gradle.api.internal.tasks.testing.worker.TestWorker.execute(TestWorker.java:60) ~[na:na]
?[0m?[0;34m	at org.gradle.process.internal.worker.child.ActionExecutionWorker.execute(ActionExecutionWorker.java:56) ~[na:na]
?[0m?[0;34m	at org.gradle.process.internal.worker.child.SystemApplicationClassLoaderWorker.call(SystemApplicationClassLoaderWorker.java:113) ~[na:na]
?[0m?[0;34m	at org.gradle.process.internal.worker.child.SystemApplicationClassLoaderWorker.call(SystemApplicationClassLoaderWorker.java:65) ~[na:na]
?[0m?[0;34m	at worker.org.gradle.process.internal.worker.GradleWorkerMain.run(GradleWorkerMain.java:69) ~[gradle-worker.jar:na]
?[0m?[0;34m	at worker.org.gradle.process.internal.worker.GradleWorkerMain.main(GradleWorkerMain.java:74) ~[gradle-worker.jar:na]
?[0m?[0;34m
?[0m?[0;34m?[2m2023-08-22T13:43:43.046+02:00?[0;39m ?[33m WARN?[0;39m ?[35m18216?[0;39m ?[2m---?[0;39m ?[2m[    Test worker]?[0;39m ?[36m.t.u.s.PrivilegedSetAccessControlContext?[0;39m ?[2m:?[0;39m Unable to set field Thread.inheritedAccessControlContext
?[0m?[0;34m
?[0m?[0;34mjava.lang.IllegalAccessException: class org.apache.tomcat.util.security.PrivilegedSetAccessControlContext cannot access a member of class java.lang.Thread (in module java.base) with modifiers "private"
?[0m?[0;34m	at java.base/jdk.internal.reflect.Reflection.newIllegalAccessException(Reflection.java:392) ~[na:na]
?[0m?[0;34m	at java.base/java.lang.reflect.AccessibleObject.checkAccess(AccessibleObject.java:674) ~[na:na]
?[0m?[0;34m	at java.base/java.lang.reflect.Field.checkAccess(Field.java:1102) ~[na:na]
?[0m?[0;34m	at java.base/java.lang.reflect.Field.set(Field.java:797) ~[na:na]
?[0m?[0;34m	at org.apache.tomcat.util.security.PrivilegedSetAccessControlContext.run(PrivilegedSetAccessControlContext.java:60) ~[tomcat-embed-core-10.1.5.jar:10.1.5]
?[0m?[0;34m	at org.apache.tomcat.util.security.PrivilegedSetAccessControlContext.run(PrivilegedSetAccessControlContext.java:28) ~[tomcat-embed-core-10.1.5.jar:10.1.5]
?[0m?[0;34m	at java.base/java.security.AccessController.doPrivileged(AccessController.java:318) ~[na:na]
?[0m?[0;34m	at org.apache.tomcat.util.threads.TaskThreadFactory.newThread(TaskThreadFactory.java:64) ~[tomcat-embed-core-10.1.5.jar:10.1.5]
?[0m?[0;34m	at org.apache.tomcat.util.threads.ThreadPoolExecutor$Worker.<init>(ThreadPoolExecutor.java:653) ~[tomcat-embed-core-10.1.5.jar:10.1.5]
?[0m?[0;34m	at org.apache.tomcat.util.threads.ThreadPoolExecutor.addWorker(ThreadPoolExecutor.java:957) ~[tomcat-embed-core-10.1.5.jar:10.1.5]
?[0m?[0;34m	at org.apache.tomcat.util.threads.ThreadPoolExecutor.prestartAllCoreThreads(ThreadPoolExecutor.java:1694) ~[tomcat-embed-core-10.1.5.jar:10.1.5]
?[0m?[0;34m	at org.apache.tomcat.util.threads.ThreadPoolExecutor.<init>(ThreadPoolExecutor.java:1370) ~[tomcat-embed-core-10.1.5.jar:10.1.5]
?[0m?[0;34m	at org.apache.tomcat.util.threads.ThreadPoolExecutor.<init>(ThreadPoolExecutor.java:1280) ~[tomcat-embed-core-10.1.5.jar:10.1.5]
?[0m?[0;34m	at org.apache.tomcat.util.net.AbstractEndpoint.createExecutor(AbstractEndpoint.java:948) ~[tomcat-embed-core-10.1.5.jar:10.1.5]
?[0m?[0;34m	at org.apache.tomcat.util.net.NioEndpoint.startInternal(NioEndpoint.java:279) ~[tomcat-embed-core-10.1.5.jar:10.1.5]
?[0m?[0;34m	at org.apache.tomcat.util.net.AbstractEndpoint.start(AbstractEndpoint.java:1261) ~[tomcat-embed-core-10.1.5.jar:10.1.5]
?[0m?[0;34m	at org.apache.coyote.AbstractProtocol.start(AbstractProtocol.java:586) ~[tomcat-embed-core-10.1.5.jar:10.1.5]
?[0m?[0;34m	at org.apache.catalina.connector.Connector.startInternal(Connector.java:1081) ~[tomcat-embed-core-10.1.5.jar:10.1.5]
?[0m?[0;34m	at org.apache.catalina.util.LifecycleBase.start(LifecycleBase.java:183) ~[tomcat-embed-core-10.1.5.jar:10.1.5]
?[0m?[0;34m	at org.apache.catalina.core.StandardService.addConnector(StandardService.java:234) ~[tomcat-embed-core-10.1.5.jar:10.1.5]
?[0m?[0;34m	at org.springframework.boot.web.embedded.tomcat.TomcatWebServer.addPreviouslyRemovedConnectors(TomcatWebServer.java:282) ~[spring-boot-3.0.2.jar:3.0.2]
?[0m?[0;34m	at org.springframework.boot.web.embedded.tomcat.TomcatWebServer.start(TomcatWebServer.java:213) ~[spring-boot-3.0.2.jar:3.0.2]
?[0m?[0;34m	at org.springframework.boot.web.servlet.context.WebServerStartStopLifecycle.start(WebServerStartStopLifecycle.java:44) ~[spring-boot-3.0.2.jar:3.0.2]
?[0m?[0;34m	at org.springframework.context.support.DefaultLifecycleProcessor.doStart(DefaultLifecycleProcessor.java:178) ~[spring-context-6.0.4.jar:6.0.4]
?[0m?[0;34m	at org.springframework.context.support.DefaultLifecycleProcessor$LifecycleGroup.start(DefaultLifecycleProcessor.java:356) ~[spring-context-6.0.4.jar:6.0.4]
?[0m?[0;34m	at java.base/java.lang.Iterable.forEach(Iterable.java:75) ~[na:na]
?[0m?[0;34m	at org.springframework.context.support.DefaultLifecycleProcessor.startBeans(DefaultLifecycleProcessor.java:155) ~[spring-context-6.0.4.jar:6.0.4]
?[0m?[0;34m	at org.springframework.context.support.DefaultLifecycleProcessor.onRefresh(DefaultLifecycleProcessor.java:123) ~[spring-context-6.0.4.jar:6.0.4]
?[0m?[0;34m	at org.springframework.context.support.AbstractApplicationContext.finishRefresh(AbstractApplicationContext.java:932) ~[spring-context-6.0.4.jar:6.0.4]
?[0m?[0;34m	at org.springframework.context.support.AbstractApplicationContext.refresh(AbstractApplicationContext.java:587) ~[spring-context-6.0.4.jar:6.0.4]
?[0m?[0;34m	at org.springframework.boot.web.servlet.context.ServletWebServerApplicationContext.refresh(ServletWebServerApplicationContext.java:146) ~[spring-boot-3.0.2.jar:3.0.2]
?[0m?[0;34m	at org.springframework.boot.SpringApplication.refresh(SpringApplication.java:730) ~[spring-boot-3.0.2.jar:3.0.2]
?[0m?[0;34m	at org.springframework.boot.SpringApplication.refreshContext(SpringApplication.java:432) ~[spring-boot-3.0.2.jar:3.0.2]
?[0m?[0;34m	at org.springframework.boot.SpringApplication.run(SpringApplication.java:308) ~[spring-boot-3.0.2.jar:3.0.2]
?[0m?[0;34m	at org.springframework.boot.SpringApplication.run(SpringApplication.java:1302) ~[spring-boot-3.0.2.jar:3.0.2]
?[0m?[0;34m	at org.springframework.boot.SpringApplication.run(SpringApplication.java:1291) ~[spring-boot-3.0.2.jar:3.0.2]
?[0m?[0;34m	at account.AccountServiceApplication.main(AccountServiceApplication.java:12) ~[main/:na]
?[0m?[0;34m	at java.base/jdk.internal.reflect.NativeMethodAccessorImpl.invoke0(Native Method) ~[na:na]
?[0m?[0;34m	at java.base/jdk.internal.reflect.NativeMethodAccessorImpl.invoke(NativeMethodAccessorImpl.java:77) ~[na:na]
?[0m?[0;34m	at java.base/jdk.internal.reflect.DelegatingMethodAccessorImpl.invoke(DelegatingMethodAccessorImpl.java:43) ~[na:na]
?[0m?[0;34m	at java.base/java.lang.reflect.Method.invoke(Method.java:568) ~[na:na]
?[0m?[0;34m	at org.hyperskill.hstest.stage.SpringTest.startSpring(SpringTest.java:187) ~[hs-test-release-SNAPSHOT.jar:na]
?[0m?[0;34m	at org.hyperskill.hstest.stage.SpringTest.launchSpring(SpringTest.java:49) ~[hs-test-release-SNAPSHOT.jar:na]
?[0m?[0;34m	at org.hyperskill.hstest.testing.runner.SpringApplicationRunner.launchSpringBootApplication(SpringApplicationRunner.java:20) ~[hs-test-release-SNAPSHOT.jar:na]
?[0m?[0;34m	at org.hyperskill.hstest.testing.runner.SpringApplicationRunner.setUp(SpringApplicationRunner.java:35) ~[hs-test-release-SNAPSHOT.jar:na]
?[0m?[0;34m	at org.hyperskill.hstest.testing.TestRun.setUp(TestRun.java:77) ~[hs-test-release-SNAPSHOT.jar:na]
?[0m?[0;34m	at org.hyperskill.hstest.stage.StageTest.start(StageTest.java:159) ~[hs-test-release-SNAPSHOT.jar:na]
?[0m?[0;34m	at java.base/jdk.internal.reflect.NativeMethodAccessorImpl.invoke0(Native Method) ~[na:na]
?[0m?[0;34m	at java.base/jdk.internal.reflect.NativeMethodAccessorImpl.invoke(NativeMethodAccessorImpl.java:77) ~[na:na]
?[0m?[0;34m	at java.base/jdk.internal.reflect.DelegatingMethodAccessorImpl.invoke(DelegatingMethodAccessorImpl.java:43) ~[na:na]
?[0m?[0;34m	at java.base/java.lang.reflect.Method.invoke(Method.java:568) ~[na:na]
?[0m?[0;34m	at org.junit.runners.model.FrameworkMethod$1.runReflectiveCall(FrameworkMethod.java:59) ~[junit-4.13.2.jar:4.13.2]
?[0m?[0;34m	at org.junit.internal.runners.model.ReflectiveCallable.run(ReflectiveCallable.java:12) ~[junit-4.13.2.jar:4.13.2]
?[0m?[0;34m	at org.junit.runners.model.FrameworkMethod.invokeExplosively(FrameworkMethod.java:56) ~[junit-4.13.2.jar:4.13.2]
?[0m?[0;34m	at org.junit.internal.runners.statements.InvokeMethod.evaluate(InvokeMethod.java:17) ~[junit-4.13.2.jar:4.13.2]
?[0m?[0;34m	at org.junit.internal.runners.statements.RunAfters.evaluate(RunAfters.java:27) ~[junit-4.13.2.jar:4.13.2]
?[0m?[0;34m	at org.junit.runners.ParentRunner$3.evaluate(ParentRunner.java:306) ~[junit-4.13.2.jar:4.13.2]
?[0m?[0;34m	at org.junit.runners.BlockJUnit4ClassRunner$1.evaluate(BlockJUnit4ClassRunner.java:100) ~[junit-4.13.2.jar:4.13.2]
?[0m?[0;34m	at org.junit.runners.ParentRunner.runLeaf(ParentRunner.java:366) ~[junit-4.13.2.jar:4.13.2]
?[0m?[0;34m	at org.junit.runners.BlockJUnit4ClassRunner.runChild(BlockJUnit4ClassRunner.java:103) ~[junit-4.13.2.jar:4.13.2]
?[0m?[0;34m	at org.junit.runners.BlockJUnit4ClassRunner.runChild(BlockJUnit4ClassRunner.java:63) ~[junit-4.13.2.jar:4.13.2]
?[0m?[0;34m	at org.junit.runners.ParentRunner$4.run(ParentRunner.java:331) ~[junit-4.13.2.jar:4.13.2]
?[0m?[0;34m	at org.junit.runners.ParentRunner$1.schedule(ParentRunner.java:79) ~[junit-4.13.2.jar:4.13.2]
?[0m?[0;34m	at org.junit.runners.ParentRunner.runChildren(ParentRunner.java:329) ~[junit-4.13.2.jar:4.13.2]
?[0m?[0;34m	at org.junit.runners.ParentRunner.access$100(ParentRunner.java:66) ~[junit-4.13.2.jar:4.13.2]
?[0m?[0;34m	at org.junit.runners.ParentRunner$2.evaluate(ParentRunner.java:293) ~[junit-4.13.2.jar:4.13.2]
?[0m?[0;34m	at org.junit.runners.ParentRunner$3.evaluate(ParentRunner.java:306) ~[junit-4.13.2.jar:4.13.2]
?[0m?[0;34m	at org.junit.runners.ParentRunner.run(ParentRunner.java:413) ~[junit-4.13.2.jar:4.13.2]
?[0m?[0;34m	at org.gradle.api.internal.tasks.testing.junit.JUnitTestClassExecutor.runTestClass(JUnitTestClassExecutor.java:108) ~[na:na]
?[0m?[0;34m	at org.gradle.api.internal.tasks.testing.junit.JUnitTestClassExecutor.execute(JUnitTestClassExecutor.java:57) ~[na:na]
?[0m?[0;34m	at org.gradle.api.internal.tasks.testing.junit.JUnitTestClassExecutor.execute(JUnitTestClassExecutor.java:39) ~[na:na]
?[0m?[0;34m	at org.gradle.api.internal.tasks.testing.junit.AbstractJUnitTestClassProcessor.processTestClass(AbstractJUnitTestClassProcessor.java:62) ~[na:na]
?[0m?[0;34m	at org.gradle.api.internal.tasks.testing.SuiteTestClassProcessor.processTestClass(SuiteTestClassProcessor.java:52) ~[na:na]
?[0m?[0;34m	at java.base/jdk.internal.reflect.NativeMethodAccessorImpl.invoke0(Native Method) ~[na:na]
?[0m?[0;34m	at java.base/jdk.internal.reflect.NativeMethodAccessorImpl.invoke(NativeMethodAccessorImpl.java:77) ~[na:na]
?[0m?[0;34m	at java.base/jdk.internal.reflect.DelegatingMethodAccessorImpl.invoke(DelegatingMethodAccessorImpl.java:43) ~[na:na]
?[0m?[0;34m	at java.base/java.lang.reflect.Method.invoke(Method.java:568) ~[na:na]
?[0m?[0;34m	at org.gradle.internal.dispatch.ReflectionDispatch.dispatch(ReflectionDispatch.java:36) ~[na:na]
?[0m?[0;34m	at org.gradle.internal.dispatch.ReflectionDispatch.dispatch(ReflectionDispatch.java:24) ~[na:na]
?[0m?[0;34m	at org.gradle.internal.dispatch.ContextClassLoaderDispatch.dispatch(ContextClassLoaderDispatch.java:33) ~[na:na]
?[0m?[0;34m	at org.gradle.internal.dispatch.ProxyDispatchAdapter$DispatchingInvocationHandler.invoke(ProxyDispatchAdapter.java:94) ~[na:na]
?[0m?[0;34m	at jdk.proxy1/jdk.proxy1.$Proxy2.processTestClass(Unknown Source) ~[na:na]
?[0m?[0;34m	at org.gradle.api.internal.tasks.testing.worker.TestWorker$2.run(TestWorker.java:176) ~[na:na]
?[0m?[0;34m	at org.gradle.api.internal.tasks.testing.worker.TestWorker.executeAndMaintainThreadName(TestWorker.java:129) ~[na:na]
?[0m?[0;34m	at org.gradle.api.internal.tasks.testing.worker.TestWorker.execute(TestWorker.java:100) ~[na:na]
?[0m?[0;34m	at org.gradle.api.internal.tasks.testing.worker.TestWorker.execute(TestWorker.java:60) ~[na:na]
?[0m?[0;34m	at org.gradle.process.internal.worker.child.ActionExecutionWorker.execute(ActionExecutionWorker.java:56) ~[na:na]
?[0m?[0;34m	at org.gradle.process.internal.worker.child.SystemApplicationClassLoaderWorker.call(SystemApplicationClassLoaderWorker.java:113) ~[na:na]
?[0m?[0;34m	at org.gradle.process.internal.worker.child.SystemApplicationClassLoaderWorker.call(SystemApplicationClassLoaderWorker.java:65) ~[na:na]
?[0m?[0;34m	at worker.org.gradle.process.internal.worker.GradleWorkerMain.run(GradleWorkerMain.java:69) ~[gradle-worker.jar:na]
?[0m?[0;34m	at worker.org.gradle.process.internal.worker.GradleWorkerMain.main(GradleWorkerMain.java:74) ~[gradle-worker.jar:na]
?[0m?[0;34m
?[0m?[0;34m?[2m2023-08-22T13:43:43.053+02:00?[0;39m ?[33m WARN?[0;39m ?[35m18216?[0;39m ?[2m---?[0;39m ?[2m[    Test worker]?[0;39m ?[36m.t.u.s.PrivilegedSetAccessControlContext?[0;39m ?[2m:?[0;39m Unable to set field Thread.inheritedAccessControlContext
?[0m?[0;34m
?[0m?[0;34mjava.lang.IllegalAccessException: class org.apache.tomcat.util.security.PrivilegedSetAccessControlContext cannot access a member of class java.lang.Thread (in module java.base) with modifiers "private"
?[0m?[0;34m	at java.base/jdk.internal.reflect.Reflection.newIllegalAccessException(Reflection.java:392) ~[na:na]
?[0m?[0;34m	at java.base/java.lang.reflect.AccessibleObject.checkAccess(AccessibleObject.java:674) ~[na:na]
?[0m?[0;34m	at java.base/java.lang.reflect.Field.checkAccess(Field.java:1102) ~[na:na]
?[0m?[0;34m	at java.base/java.lang.reflect.Field.set(Field.java:797) ~[na:na]
?[0m?[0;34m	at org.apache.tomcat.util.security.PrivilegedSetAccessControlContext.run(PrivilegedSetAccessControlContext.java:60) ~[tomcat-embed-core-10.1.5.jar:10.1.5]
?[0m?[0;34m	at org.apache.tomcat.util.security.PrivilegedSetAccessControlContext.run(PrivilegedSetAccessControlContext.java:28) ~[tomcat-embed-core-10.1.5.jar:10.1.5]
?[0m?[0;34m	at java.base/java.security.AccessController.doPrivileged(AccessController.java:318) ~[na:na]
?[0m?[0;34m	at org.apache.tomcat.util.threads.TaskThreadFactory.newThread(TaskThreadFactory.java:64) ~[tomcat-embed-core-10.1.5.jar:10.1.5]
?[0m?[0;34m	at org.apache.tomcat.util.threads.ThreadPoolExecutor$Worker.<init>(ThreadPoolExecutor.java:653) ~[tomcat-embed-core-10.1.5.jar:10.1.5]
?[0m?[0;34m	at org.apache.tomcat.util.threads.ThreadPoolExecutor.addWorker(ThreadPoolExecutor.java:957) ~[tomcat-embed-core-10.1.5.jar:10.1.5]
?[0m?[0;34m	at org.apache.tomcat.util.threads.ThreadPoolExecutor.prestartAllCoreThreads(ThreadPoolExecutor.java:1694) ~[tomcat-embed-core-10.1.5.jar:10.1.5]
?[0m?[0;34m	at org.apache.tomcat.util.threads.ThreadPoolExecutor.<init>(ThreadPoolExecutor.java:1370) ~[tomcat-embed-core-10.1.5.jar:10.1.5]
?[0m?[0;34m	at org.apache.tomcat.util.threads.ThreadPoolExecutor.<init>(ThreadPoolExecutor.java:1280) ~[tomcat-embed-core-10.1.5.jar:10.1.5]
?[0m?[0;34m	at org.apache.tomcat.util.net.AbstractEndpoint.createExecutor(AbstractEndpoint.java:948) ~[tomcat-embed-core-10.1.5.jar:10.1.5]
?[0m?[0;34m	at org.apache.tomcat.util.net.NioEndpoint.startInternal(NioEndpoint.java:279) ~[tomcat-embed-core-10.1.5.jar:10.1.5]
?[0m?[0;34m	at org.apache.tomcat.util.net.AbstractEndpoint.start(AbstractEndpoint.java:1261) ~[tomcat-embed-core-10.1.5.jar:10.1.5]
?[0m?[0;34m	at org.apache.coyote.AbstractProtocol.start(AbstractProtocol.java:586) ~[tomcat-embed-core-10.1.5.jar:10.1.5]
?[0m?[0;34m	at org.apache.catalina.connector.Connector.startInternal(Connector.java:1081) ~[tomcat-embed-core-10.1.5.jar:10.1.5]
?[0m?[0;34m	at org.apache.catalina.util.LifecycleBase.start(LifecycleBase.java:183) ~[tomcat-embed-core-10.1.5.jar:10.1.5]
?[0m?[0;34m	at org.apache.catalina.core.StandardService.addConnector(StandardService.java:234) ~[tomcat-embed-core-10.1.5.jar:10.1.5]
?[0m?[0;34m	at org.springframework.boot.web.embedded.tomcat.TomcatWebServer.addPreviouslyRemovedConnectors(TomcatWebServer.java:282) ~[spring-boot-3.0.2.jar:3.0.2]
?[0m?[0;34m	at org.springframework.boot.web.embedded.tomcat.TomcatWebServer.start(TomcatWebServer.java:213) ~[spring-boot-3.0.2.jar:3.0.2]
?[0m?[0;34m	at org.springframework.boot.web.servlet.context.WebServerStartStopLifecycle.start(WebServerStartStopLifecycle.java:44) ~[spring-boot-3.0.2.jar:3.0.2]
?[0m?[0;34m	at org.springframework.context.support.DefaultLifecycleProcessor.doStart(DefaultLifecycleProcessor.java:178) ~[spring-context-6.0.4.jar:6.0.4]
?[0m?[0;34m	at org.springframework.context.support.DefaultLifecycleProcessor$LifecycleGroup.start(DefaultLifecycleProcessor.java:356) ~[spring-context-6.0.4.jar:6.0.4]
?[0m?[0;34m	at java.base/java.lang.Iterable.forEach(Iterable.java:75) ~[na:na]
?[0m?[0;34m	at org.springframework.context.support.DefaultLifecycleProcessor.startBeans(DefaultLifecycleProcessor.java:155) ~[spring-context-6.0.4.jar:6.0.4]
?[0m?[0;34m	at org.springframework.context.support.DefaultLifecycleProcessor.onRefresh(DefaultLifecycleProcessor.java:123) ~[spring-context-6.0.4.jar:6.0.4]
?[0m?[0;34m	at org.springframework.context.support.AbstractApplicationContext.finishRefresh(AbstractApplicationContext.java:932) ~[spring-context-6.0.4.jar:6.0.4]
?[0m?[0;34m	at org.springframework.context.support.AbstractApplicationContext.refresh(AbstractApplicationContext.java:587) ~[spring-context-6.0.4.jar:6.0.4]
?[0m?[0;34m	at org.springframework.boot.web.servlet.context.ServletWebServerApplicationContext.refresh(ServletWebServerApplicationContext.java:146) ~[spring-boot-3.0.2.jar:3.0.2]
?[0m?[0;34m	at org.springframework.boot.SpringApplication.refresh(SpringApplication.java:730) ~[spring-boot-3.0.2.jar:3.0.2]
?[0m?[0;34m	at org.springframework.boot.SpringApplication.refreshContext(SpringApplication.java:432) ~[spring-boot-3.0.2.jar:3.0.2]
?[0m?[0;34m	at org.springframework.boot.SpringApplication.run(SpringApplication.java:308) ~[spring-boot-3.0.2.jar:3.0.2]
?[0m?[0;34m	at org.springframework.boot.SpringApplication.run(SpringApplication.java:1302) ~[spring-boot-3.0.2.jar:3.0.2]
?[0m?[0;34m	at org.springframework.boot.SpringApplication.run(SpringApplication.java:1291) ~[spring-boot-3.0.2.jar:3.0.2]
?[0m?[0;34m	at account.AccountServiceApplication.main(AccountServiceApplication.java:12) ~[main/:na]
?[0m?[0;34m	at java.base/jdk.internal.reflect.NativeMethodAccessorImpl.invoke0(Native Method) ~[na:na]
?[0m?[0;34m	at java.base/jdk.internal.reflect.NativeMethodAccessorImpl.invoke(NativeMethodAccessorImpl.java:77) ~[na:na]
?[0m?[0;34m	at java.base/jdk.internal.reflect.DelegatingMethodAccessorImpl.invoke(DelegatingMethodAccessorImpl.java:43) ~[na:na]
?[0m?[0;34m	at java.base/java.lang.reflect.Method.invoke(Method.java:568) ~[na:na]
?[0m?[0;34m	at org.hyperskill.hstest.stage.SpringTest.startSpring(SpringTest.java:187) ~[hs-test-release-SNAPSHOT.jar:na]
?[0m?[0;34m	at org.hyperskill.hstest.stage.SpringTest.launchSpring(SpringTest.java:49) ~[hs-test-release-SNAPSHOT.jar:na]
?[0m?[0;34m	at org.hyperskill.hstest.testing.runner.SpringApplicationRunner.launchSpringBootApplication(SpringApplicationRunner.java:20) ~[hs-test-release-SNAPSHOT.jar:na]
?[0m?[0;34m	at org.hyperskill.hstest.testing.runner.SpringApplicationRunner.setUp(SpringApplicationRunner.java:35) ~[hs-test-release-SNAPSHOT.jar:na]
?[0m?[0;34m	at org.hyperskill.hstest.testing.TestRun.setUp(TestRun.java:77) ~[hs-test-release-SNAPSHOT.jar:na]
?[0m?[0;34m	at org.hyperskill.hstest.stage.StageTest.start(StageTest.java:159) ~[hs-test-release-SNAPSHOT.jar:na]
?[0m?[0;34m	at java.base/jdk.internal.reflect.NativeMethodAccessorImpl.invoke0(Native Method) ~[na:na]
?[0m?[0;34m	at java.base/jdk.internal.reflect.NativeMethodAccessorImpl.invoke(NativeMethodAccessorImpl.java:77) ~[na:na]
?[0m?[0;34m	at java.base/jdk.internal.reflect.DelegatingMethodAccessorImpl.invoke(DelegatingMethodAccessorImpl.java:43) ~[na:na]
?[0m?[0;34m	at java.base/java.lang.reflect.Method.invoke(Method.java:568) ~[na:na]
?[0m?[0;34m	at org.junit.runners.model.FrameworkMethod$1.runReflectiveCall(FrameworkMethod.java:59) ~[junit-4.13.2.jar:4.13.2]
?[0m?[0;34m	at org.junit.internal.runners.model.ReflectiveCallable.run(ReflectiveCallable.java:12) ~[junit-4.13.2.jar:4.13.2]
?[0m?[0;34m	at org.junit.runners.model.FrameworkMethod.invokeExplosively(FrameworkMethod.java:56) ~[junit-4.13.2.jar:4.13.2]
?[0m?[0;34m	at org.junit.internal.runners.statements.InvokeMethod.evaluate(InvokeMethod.java:17) ~[junit-4.13.2.jar:4.13.2]
?[0m?[0;34m	at org.junit.internal.runners.statements.RunAfters.evaluate(RunAfters.java:27) ~[junit-4.13.2.jar:4.13.2]
?[0m?[0;34m	at org.junit.runners.ParentRunner$3.evaluate(ParentRunner.java:306) ~[junit-4.13.2.jar:4.13.2]
?[0m?[0;34m	at org.junit.runners.BlockJUnit4ClassRunner$1.evaluate(BlockJUnit4ClassRunner.java:100) ~[junit-4.13.2.jar:4.13.2]
?[0m?[0;34m	at org.junit.runners.ParentRunner.runLeaf(ParentRunner.java:366) ~[junit-4.13.2.jar:4.13.2]
?[0m?[0;34m	at org.junit.runners.BlockJUnit4ClassRunner.runChild(BlockJUnit4ClassRunner.java:103) ~[junit-4.13.2.jar:4.13.2]
?[0m?[0;34m	at org.junit.runners.BlockJUnit4ClassRunner.runChild(BlockJUnit4ClassRunner.java:63) ~[junit-4.13.2.jar:4.13.2]
?[0m?[0;34m	at org.junit.runners.ParentRunner$4.run(ParentRunner.java:331) ~[junit-4.13.2.jar:4.13.2]
?[0m?[0;34m	at org.junit.runners.ParentRunner$1.schedule(ParentRunner.java:79) ~[junit-4.13.2.jar:4.13.2]
?[0m?[0;34m	at org.junit.runners.ParentRunner.runChildren(ParentRunner.java:329) ~[junit-4.13.2.jar:4.13.2]
?[0m?[0;34m	at org.junit.runners.ParentRunner.access$100(ParentRunner.java:66) ~[junit-4.13.2.jar:4.13.2]
?[0m?[0;34m	at org.junit.runners.ParentRunner$2.evaluate(ParentRunner.java:293) ~[junit-4.13.2.jar:4.13.2]
?[0m?[0;34m	at org.junit.runners.ParentRunner$3.evaluate(ParentRunner.java:306) ~[junit-4.13.2.jar:4.13.2]
?[0m?[0;34m	at org.junit.runners.ParentRunner.run(ParentRunner.java:413) ~[junit-4.13.2.jar:4.13.2]
?[0m?[0;34m	at org.gradle.api.internal.tasks.testing.junit.JUnitTestClassExecutor.runTestClass(JUnitTestClassExecutor.java:108) ~[na:na]
?[0m?[0;34m	at org.gradle.api.internal.tasks.testing.junit.JUnitTestClassExecutor.execute(JUnitTestClassExecutor.java:57) ~[na:na]
?[0m?[0;34m	at org.gradle.api.internal.tasks.testing.junit.JUnitTestClassExecutor.execute(JUnitTestClassExecutor.java:39) ~[na:na]
?[0m?[0;34m	at org.gradle.api.internal.tasks.testing.junit.AbstractJUnitTestClassProcessor.processTestClass(AbstractJUnitTestClassProcessor.java:62) ~[na:na]
?[0m?[0;34m	at org.gradle.api.internal.tasks.testing.SuiteTestClassProcessor.processTestClass(SuiteTestClassProcessor.java:52) ~[na:na]
?[0m?[0;34m	at java.base/jdk.internal.reflect.NativeMethodAccessorImpl.invoke0(Native Method) ~[na:na]
?[0m?[0;34m	at java.base/jdk.internal.reflect.NativeMethodAccessorImpl.invoke(NativeMethodAccessorImpl.java:77) ~[na:na]
?[0m?[0;34m	at java.base/jdk.internal.reflect.DelegatingMethodAccessorImpl.invoke(DelegatingMethodAccessorImpl.java:43) ~[na:na]
?[0m?[0;34m	at java.base/java.lang.reflect.Method.invoke(Method.java:568) ~[na:na]
?[0m?[0;34m	at org.gradle.internal.dispatch.ReflectionDispatch.dispatch(ReflectionDispatch.java:36) ~[na:na]
?[0m?[0;34m	at org.gradle.internal.dispatch.ReflectionDispatch.dispatch(ReflectionDispatch.java:24) ~[na:na]
?[0m?[0;34m	at org.gradle.internal.dispatch.ContextClassLoaderDispatch.dispatch(ContextClassLoaderDispatch.java:33) ~[na:na]
?[0m?[0;34m	at org.gradle.internal.dispatch.ProxyDispatchAdapter$DispatchingInvocationHandler.invoke(ProxyDispatchAdapter.java:94) ~[na:na]
?[0m?[0;34m	at jdk.proxy1/jdk.proxy1.$Proxy2.processTestClass(Unknown Source) ~[na:na]
?[0m?[0;34m	at org.gradle.api.internal.tasks.testing.worker.TestWorker$2.run(TestWorker.java:176) ~[na:na]
?[0m?[0;34m	at org.gradle.api.internal.tasks.testing.worker.TestWorker.executeAndMaintainThreadName(TestWorker.java:129) ~[na:na]
?[0m?[0;34m	at org.gradle.api.internal.tasks.testing.worker.TestWorker.execute(TestWorker.java:100) ~[na:na]
?[0m?[0;34m	at org.gradle.api.internal.tasks.testing.worker.TestWorker.execute(TestWorker.java:60) ~[na:na]
?[0m?[0;34m	at org.gradle.process.internal.worker.child.ActionExecutionWorker.execute(ActionExecutionWorker.java:56) ~[na:na]
?[0m?[0;34m	at org.gradle.process.internal.worker.child.SystemApplicationClassLoaderWorker.call(SystemApplicationClassLoaderWorker.java:113) ~[na:na]
?[0m?[0;34m	at org.gradle.process.internal.worker.child.SystemApplicationClassLoaderWorker.call(SystemApplicationClassLoaderWorker.java:65) ~[na:na]
?[0m?[0;34m	at worker.org.gradle.process.internal.worker.GradleWorkerMain.run(GradleWorkerMain.java:69) ~[gradle-worker.jar:na]
?[0m?[0;34m	at worker.org.gradle.process.internal.worker.GradleWorkerMain.main(GradleWorkerMain.java:74) ~[gradle-worker.jar:na]
?[0m?[0;34m
?[0m?[0;34m?[2m2023-08-22T13:43:43.069+02:00?[0;39m ?[32m INFO?[0;39m ?[35m18216?[0;39m ?[2m---?[0;39m ?[2m[    Test worker]?[0;39m ?[36mo.s.b.w.embedded.tomcat.TomcatWebServer ?[0;39m ?[2m:?[0;39m Tomcat started on port(s): 28852 (http) with context path ''
?[0m?[0;34m?[2m2023-08-22T13:43:43.081+02:00?[0;39m ?[32m INFO?[0;39m ?[35m18216?[0;39m ?[2m---?[0;39m ?[2m[    Test worker]?[0;39m ?[36maccount.AccountServiceApplication       ?[0;39m ?[2m:?[0;39m Started AccountServiceApplication in 4.387 seconds (process running for 5.242)
?[0;34m?[2m2023-08-22T13:43:43.340+02:00?[0;39m ?[32m INFO?[0;39m ?[35m18216?[0;39m ?[2m---?[0;39m ?[2m[io-28852-exec-1]?[0;39m ?[36mo.a.c.c.C.[Tomcat].[localhost].[/]      ?[0;39m ?[2m:?[0;39m Initializing Spring DispatcherServlet 'dispatcherServlet'
?[0m?[0;34m?[2m2023-08-22T13:43:43.340+02:00?[0;39m ?[32m INFO?[0;39m ?[35m18216?[0;39m ?[2m---?[0;39m ?[2m[io-28852-exec-1]?[0;39m ?[36mo.s.web.servlet.DispatcherServlet       ?[0;39m ?[2m:?[0;39m Initializing Servlet 'dispatcherServlet'
?[0m?[0;34m?[2m2023-08-22T13:43:43.342+02:00?[0;39m ?[32m INFO?[0;39m ?[35m18216?[0;39m ?[2m---?[0;39m ?[2m[io-28852-exec-1]?[0;39m ?[36mo.s.web.servlet.DispatcherServlet       ?[0;39m ?[2m:?[0;39m Completed initialization in 1 ms
?[0m?[0;34m?[2m2023-08-22T13:43:43.358+02:00?[0;39m ?[32mTRACE?[0;39m ?[35m18216?[0;39m ?[2m---?[0;39m ?[2m[io-28852-exec-1]?[0;39m ?[36mo.s.security.web.FilterChainProxy       ?[0;39m ?[2m:?[0;39m Trying to match request against DefaultSecurityFilterChain [RequestMatcher=any request, Filters=[org.springframework.security.web.session.DisableEncodeUrlFilter@5d51203b, org.springframework.security.web.context.request.async.WebAsyncManagerIntegrationFilter@32be672d, org.springframework.security.web.context.SecurityContextHolderFilter@74f54f8e, org.springframework.security.web.header.HeaderWriterFilter@157ff8f8, org.springframework.security.web.authentication.logout.LogoutFilter@72364a40, org.springframework.security.web.authentication.www.BasicAuthenticationFilter@a23b96b, org.springframework.security.web.savedrequest.RequestCacheAwareFilter@59b8a801, org.springframework.security.web.servletapi.SecurityContextHolderAwareRequestFilter@5aa026e9, org.springframework.security.web.authentication.AnonymousAuthenticationFilter@23e54c8a, org.springframework.security.web.session.SessionManagementFilter@79e3f444, org.springframework.security.web.access.ExceptionTranslationFilter@17a756db, org.springframework.security.web.access.intercept.AuthorizationFilter@55e75ce0]] (1/1)
?[0m?[0;34m?[2m2023-08-22T13:43:43.359+02:00?[0;39m ?[32mDEBUG?[0;39m ?[35m18216?[0;39m ?[2m---?[0;39m ?[2m[io-28852-exec-1]?[0;39m ?[36mo.s.security.web.FilterChainProxy       ?[0;39m ?[2m:?[0;39m Securing POST /api/auth/signup
?[0m?[0;34m?[2m2023-08-22T13:43:43.360+02:00?[0;39m ?[32mTRACE?[0;39m ?[35m18216?[0;39m ?[2m---?[0;39m ?[2m[io-28852-exec-1]?[0;39m ?[36mo.s.security.web.FilterChainProxy       ?[0;39m ?[2m:?[0;39m Invoking DisableEncodeUrlFilter (1/12)
?[0m?[0;34m?[2m2023-08-22T13:43:43.364+02:00?[0;39m ?[32mTRACE?[0;39m ?[35m18216?[0;39m ?[2m---?[0;39m ?[2m[io-28852-exec-1]?[0;39m ?[36mo.s.security.web.FilterChainProxy       ?[0;39m ?[2m:?[0;39m Invoking WebAsyncManagerIntegrationFilter (2/12)
?[0m?[0;34m?[2m2023-08-22T13:43:43.366+02:00?[0;39m ?[32mTRACE?[0;39m ?[35m18216?[0;39m ?[2m---?[0;39m ?[2m[io-28852-exec-1]?[0;39m ?[36mo.s.security.web.FilterChainProxy       ?[0;39m ?[2m:?[0;39m Invoking SecurityContextHolderFilter (3/12)
?[0m?[0;34m?[2m2023-08-22T13:43:43.367+02:00?[0;39m ?[32mTRACE?[0;39m ?[35m18216?[0;39m ?[2m---?[0;39m ?[2m[io-28852-exec-1]?[0;39m ?[36mo.s.security.web.FilterChainProxy       ?[0;39m ?[2m:?[0;39m Invoking HeaderWriterFilter (4/12)
?[0m?[0;34m?[2m2023-08-22T13:43:43.368+02:00?[0;39m ?[32mTRACE?[0;39m ?[35m18216?[0;39m ?[2m---?[0;39m ?[2m[io-28852-exec-1]?[0;39m ?[36mo.s.security.web.FilterChainProxy       ?[0;39m ?[2m:?[0;39m Invoking LogoutFilter (5/12)
?[0m?[0;34m?[2m2023-08-22T13:43:43.368+02:00?[0;39m ?[32mTRACE?[0;39m ?[35m18216?[0;39m ?[2m---?[0;39m ?[2m[io-28852-exec-1]?[0;39m ?[36mo.s.s.w.a.logout.LogoutFilter           ?[0;39m ?[2m:?[0;39m Did not match request to Or [Ant [pattern='/logout', GET], Ant [pattern='/logout', POST], Ant [pattern='/logout', PUT], Ant [pattern='/logout', DELETE]]
?[0m?[0;34m?[2m2023-08-22T13:43:43.368+02:00?[0;39m ?[32mTRACE?[0;39m ?[35m18216?[0;39m ?[2m---?[0;39m ?[2m[io-28852-exec-1]?[0;39m ?[36mo.s.security.web.FilterChainProxy       ?[0;39m ?[2m:?[0;39m Invoking BasicAuthenticationFilter (6/12)
?[0m?[0;34m?[2m2023-08-22T13:43:43.368+02:00?[0;39m ?[32mTRACE?[0;39m ?[35m18216?[0;39m ?[2m---?[0;39m ?[2m[io-28852-exec-1]?[0;39m ?[36mo.s.s.w.a.www.BasicAuthenticationFilter ?[0;39m ?[2m:?[0;39m Did not process authentication request since failed to find username and password in Basic Authorization header
?[0m?[0;34m?[2m2023-08-22T13:43:43.368+02:00?[0;39m ?[32mTRACE?[0;39m ?[35m18216?[0;39m ?[2m---?[0;39m ?[2m[io-28852-exec-1]?[0;39m ?[36mo.s.security.web.FilterChainProxy       ?[0;39m ?[2m:?[0;39m Invoking RequestCacheAwareFilter (7/12)
?[0m?[0;34m?[2m2023-08-22T13:43:43.369+02:00?[0;39m ?[32mTRACE?[0;39m ?[35m18216?[0;39m ?[2m---?[0;39m ?[2m[io-28852-exec-1]?[0;39m ?[36mo.s.security.web.FilterChainProxy       ?[0;39m ?[2m:?[0;39m Invoking SecurityContextHolderAwareRequestFilter (8/12)
?[0m?[0;34m?[2m2023-08-22T13:43:43.369+02:00?[0;39m ?[32mTRACE?[0;39m ?[35m18216?[0;39m ?[2m---?[0;39m ?[2m[io-28852-exec-1]?[0;39m ?[36mo.s.security.web.FilterChainProxy       ?[0;39m ?[2m:?[0;39m Invoking AnonymousAuthenticationFilter (9/12)
?[0m?[0;34m?[2m2023-08-22T13:43:43.370+02:00?[0;39m ?[32mTRACE?[0;39m ?[35m18216?[0;39m ?[2m---?[0;39m ?[2m[io-28852-exec-1]?[0;39m ?[36mo.s.security.web.FilterChainProxy       ?[0;39m ?[2m:?[0;39m Invoking SessionManagementFilter (10/12)
?[0m?[0;34m?[2m2023-08-22T13:43:43.370+02:00?[0;39m ?[32mTRACE?[0;39m ?[35m18216?[0;39m ?[2m---?[0;39m ?[2m[io-28852-exec-1]?[0;39m ?[36m.s.s.w.c.SupplierDeferredSecurityContext?[0;39m ?[2m:?[0;39m Created SecurityContextImpl [Null authentication]
?[0m?[0;34m?[2m2023-08-22T13:43:43.371+02:00?[0;39m ?[32mTRACE?[0;39m ?[35m18216?[0;39m ?[2m---?[0;39m ?[2m[io-28852-exec-1]?[0;39m ?[36mo.s.s.w.a.AnonymousAuthenticationFilter ?[0;39m ?[2m:?[0;39m Set SecurityContextHolder to AnonymousAuthenticationToken [Principal=anonymousUser, Credentials=[PROTECTED], Authenticated=true, Details=WebAuthenticationDetails [RemoteIpAddress=127.0.0.1, SessionId=null], Granted Authorities=[ROLE_ANONYMOUS]]
?[0m?[0;34m?[2m2023-08-22T13:43:43.371+02:00?[0;39m ?[32mTRACE?[0;39m ?[35m18216?[0;39m ?[2m---?[0;39m ?[2m[io-28852-exec-1]?[0;39m ?[36mo.s.security.web.FilterChainProxy       ?[0;39m ?[2m:?[0;39m Invoking ExceptionTranslationFilter (11/12)
?[0m?[0;34m?[2m2023-08-22T13:43:43.371+02:00?[0;39m ?[32mTRACE?[0;39m ?[35m18216?[0;39m ?[2m---?[0;39m ?[2m[io-28852-exec-1]?[0;39m ?[36mo.s.security.web.FilterChainProxy       ?[0;39m ?[2m:?[0;39m Invoking AuthorizationFilter (12/12)
?[0m?[0;34m?[2m2023-08-22T13:43:43.372+02:00?[0;39m ?[32mTRACE?[0;39m ?[35m18216?[0;39m ?[2m---?[0;39m ?[2m[io-28852-exec-1]?[0;39m ?[36mestMatcherDelegatingAuthorizationManager?[0;39m ?[2m:?[0;39m Authorizing SecurityContextHolderAwareRequestWrapper[ org.springframework.security.web.header.HeaderWriterFilter$HeaderWriterRequest@6b93e937]
?[0m?[0;34m?[2m2023-08-22T13:43:43.380+02:00?[0;39m ?[32mTRACE?[0;39m ?[35m18216?[0;39m ?[2m---?[0;39m ?[2m[io-28852-exec-1]?[0;39m ?[36mestMatcherDelegatingAuthorizationManager?[0;39m ?[2m:?[0;39m Checking authorization on SecurityContextHolderAwareRequestWrapper[ org.springframework.security.web.header.HeaderWriterFilter$HeaderWriterRequest@6b93e937] using org.springframework.security.config.annotation.web.configurers.AuthorizeHttpRequestsConfigurer$$Lambda$1316/0x0000000100a4d140@528cc85a
?[0m?[0;34m?[2m2023-08-22T13:43:43.383+02:00?[0;39m ?[32mDEBUG?[0;39m ?[35m18216?[0;39m ?[2m---?[0;39m ?[2m[io-28852-exec-1]?[0;39m ?[36mo.s.security.web.FilterChainProxy       ?[0;39m ?[2m:?[0;39m Secured POST /api/auth/signup
?[0m?[0;34m?[2m2023-08-22T13:43:43.501+02:00?[0;39m ?[32mTRACE?[0;39m ?[35m18216?[0;39m ?[2m---?[0;39m ?[2m[io-28852-exec-1]?[0;39m ?[36mo.s.s.w.header.writers.HstsHeaderWriter ?[0;39m ?[2m:?[0;39m Not injecting HSTS header since it did not match request to [Is Secure]
?[0m?[0;34m?[2m2023-08-22T13:43:43.502+02:00?[0;39m ?[33m WARN?[0;39m ?[35m18216?[0;39m ?[2m---?[0;39m ?[2m[io-28852-exec-1]?[0;39m ?[36m.w.s.m.s.DefaultHandlerExceptionResolver?[0;39m ?[2m:?[0;39m Resolved [org.springframework.web.bind.MethodArgumentNotValidException: Validation failed for argument [0] in public org.springframework.http.ResponseEntity<java.lang.Object> account.presentationlayer.Controller.signup(account.businesslayer.user.User): [Field error in object 'user' on field 'name': rejected value []; codes [NotBlank.user.name,NotBlank.name,NotBlank.java.lang.String,NotBlank]; arguments [org.springframework.context.support.DefaultMessageSourceResolvable: codes [user.name,name]; arguments []; default message [name]]; default message [must not be blank]] ]
?[0m?[0;34m?[2m2023-08-22T13:43:43.507+02:00?[0;39m ?[32mTRACE?[0;39m ?[35m18216?[0;39m ?[2m---?[0;39m ?[2m[io-28852-exec-1]?[0;39m ?[36mo.s.security.web.FilterChainProxy       ?[0;39m ?[2m:?[0;39m Trying to match request against DefaultSecurityFilterChain [RequestMatcher=any request, Filters=[org.springframework.security.web.session.DisableEncodeUrlFilter@5d51203b, org.springframework.security.web.context.request.async.WebAsyncManagerIntegrationFilter@32be672d, org.springframework.security.web.context.SecurityContextHolderFilter@74f54f8e, org.springframework.security.web.header.HeaderWriterFilter@157ff8f8, org.springframework.security.web.authentication.logout.LogoutFilter@72364a40, org.springframework.security.web.authentication.www.BasicAuthenticationFilter@a23b96b, org.springframework.security.web.savedrequest.RequestCacheAwareFilter@59b8a801, org.springframework.security.web.servletapi.SecurityContextHolderAwareRequestFilter@5aa026e9, org.springframework.security.web.authentication.AnonymousAuthenticationFilter@23e54c8a, org.springframework.security.web.session.SessionManagementFilter@79e3f444, org.springframework.security.web.access.ExceptionTranslationFilter@17a756db, org.springframework.security.web.access.intercept.AuthorizationFilter@55e75ce0]] (1/1)
?[0m?[0;34m?[2m2023-08-22T13:43:43.508+02:00?[0;39m ?[32mDEBUG?[0;39m ?[35m18216?[0;39m ?[2m---?[0;39m ?[2m[io-28852-exec-1]?[0;39m ?[36mo.s.security.web.FilterChainProxy       ?[0;39m ?[2m:?[0;39m Securing POST /error
?[0m?[0;34m?[2m2023-08-22T13:43:43.508+02:00?[0;39m ?[32mTRACE?[0;39m ?[35m18216?[0;39m ?[2m---?[0;39m ?[2m[io-28852-exec-1]?[0;39m ?[36mo.s.security.web.FilterChainProxy       ?[0;39m ?[2m:?[0;39m Invoking DisableEncodeUrlFilter (1/12)
?[0m?[0;34m?[2m2023-08-22T13:43:43.508+02:00?[0;39m ?[32mTRACE?[0;39m ?[35m18216?[0;39m ?[2m---?[0;39m ?[2m[io-28852-exec-1]?[0;39m ?[36mo.s.security.web.FilterChainProxy       ?[0;39m ?[2m:?[0;39m Invoking WebAsyncManagerIntegrationFilter (2/12)
?[0m?[0;34m?[2m2023-08-22T13:43:43.508+02:00?[0;39m ?[32mTRACE?[0;39m ?[35m18216?[0;39m ?[2m---?[0;39m ?[2m[io-28852-exec-1]?[0;39m ?[36mo.s.security.web.FilterChainProxy       ?[0;39m ?[2m:?[0;39m Invoking SecurityContextHolderFilter (3/12)
?[0m?[0;34m?[2m2023-08-22T13:43:43.508+02:00?[0;39m ?[32mTRACE?[0;39m ?[35m18216?[0;39m ?[2m---?[0;39m ?[2m[io-28852-exec-1]?[0;39m ?[36mo.s.security.web.FilterChainProxy       ?[0;39m ?[2m:?[0;39m Invoking HeaderWriterFilter (4/12)
?[0m?[0;34m?[2m2023-08-22T13:43:43.508+02:00?[0;39m ?[32mTRACE?[0;39m ?[35m18216?[0;39m ?[2m---?[0;39m ?[2m[io-28852-exec-1]?[0;39m ?[36mo.s.security.web.FilterChainProxy       ?[0;39m ?[2m:?[0;39m Invoking LogoutFilter (5/12)
?[0m?[0;34m?[2m2023-08-22T13:43:43.509+02:00?[0;39m ?[32mTRACE?[0;39m ?[35m18216?[0;39m ?[2m---?[0;39m ?[2m[io-28852-exec-1]?[0;39m ?[36mo.s.s.w.a.logout.LogoutFilter           ?[0;39m ?[2m:?[0;39m Did not match request to Or [Ant [pattern='/logout', GET], Ant [pattern='/logout', POST], Ant [pattern='/logout', PUT], Ant [pattern='/logout', DELETE]]
?[0m?[0;34m?[2m2023-08-22T13:43:43.509+02:00?[0;39m ?[32mTRACE?[0;39m ?[35m18216?[0;39m ?[2m---?[0;39m ?[2m[io-28852-exec-1]?[0;39m ?[36mo.s.security.web.FilterChainProxy       ?[0;39m ?[2m:?[0;39m Invoking BasicAuthenticationFilter (6/12)
?[0m?[0;34m?[2m2023-08-22T13:43:43.509+02:00?[0;39m ?[32mTRACE?[0;39m ?[35m18216?[0;39m ?[2m---?[0;39m ?[2m[io-28852-exec-1]?[0;39m ?[36mo.s.security.web.FilterChainProxy       ?[0;39m ?[2m:?[0;39m Invoking RequestCacheAwareFilter (7/12)
?[0m?[0;34m?[2m2023-08-22T13:43:43.509+02:00?[0;39m ?[32mTRACE?[0;39m ?[35m18216?[0;39m ?[2m---?[0;39m ?[2m[io-28852-exec-1]?[0;39m ?[36mo.s.security.web.FilterChainProxy       ?[0;39m ?[2m:?[0;39m Invoking SecurityContextHolderAwareRequestFilter (8/12)
?[0m?[0;34m?[2m2023-08-22T13:43:43.509+02:00?[0;39m ?[32mTRACE?[0;39m ?[35m18216?[0;39m ?[2m---?[0;39m ?[2m[io-28852-exec-1]?[0;39m ?[36mo.s.security.web.FilterChainProxy       ?[0;39m ?[2m:?[0;39m Invoking AnonymousAuthenticationFilter (9/12)
?[0m?[0;34m?[2m2023-08-22T13:43:43.509+02:00?[0;39m ?[32mTRACE?[0;39m ?[35m18216?[0;39m ?[2m---?[0;39m ?[2m[io-28852-exec-1]?[0;39m ?[36mo.s.security.web.FilterChainProxy       ?[0;39m ?[2m:?[0;39m Invoking SessionManagementFilter (10/12)
?[0m?[0;34m?[2m2023-08-22T13:43:43.509+02:00?[0;39m ?[32mTRACE?[0;39m ?[35m18216?[0;39m ?[2m---?[0;39m ?[2m[io-28852-exec-1]?[0;39m ?[36mo.s.security.web.FilterChainProxy       ?[0;39m ?[2m:?[0;39m Invoking ExceptionTranslationFilter (11/12)
?[0m?[0;34m?[2m2023-08-22T13:43:43.509+02:00?[0;39m ?[32mTRACE?[0;39m ?[35m18216?[0;39m ?[2m---?[0;39m ?[2m[io-28852-exec-1]?[0;39m ?[36mo.s.security.web.FilterChainProxy       ?[0;39m ?[2m:?[0;39m Invoking AuthorizationFilter (12/12)
?[0m?[0;34m?[2m2023-08-22T13:43:43.510+02:00?[0;39m ?[32mTRACE?[0;39m ?[35m18216?[0;39m ?[2m---?[0;39m ?[2m[io-28852-exec-1]?[0;39m ?[36mestMatcherDelegatingAuthorizationManager?[0;39m ?[2m:?[0;39m Authorizing SecurityContextHolderAwareRequestWrapper[ FirewalledRequest[ org.apache.catalina.core.ApplicationHttpRequest@5765ba28]]
?[0m?[0;34m?[2m2023-08-22T13:43:43.511+02:00?[0;39m ?[32mTRACE?[0;39m ?[35m18216?[0;39m ?[2m---?[0;39m ?[2m[io-28852-exec-1]?[0;39m ?[36mestMatcherDelegatingAuthorizationManager?[0;39m ?[2m:?[0;39m Checking authorization on SecurityContextHolderAwareRequestWrapper[ FirewalledRequest[ org.apache.catalina.core.ApplicationHttpRequest@5765ba28]] using org.springframework.security.config.annotation.web.configurers.AuthorizeHttpRequestsConfigurer$$Lambda$1316/0x0000000100a4d140@528cc85a
?[0m?[0;34m?[2m2023-08-22T13:43:43.511+02:00?[0;39m ?[32mDEBUG?[0;39m ?[35m18216?[0;39m ?[2m---?[0;39m ?[2m[io-28852-exec-1]?[0;39m ?[36mo.s.security.web.FilterChainProxy       ?[0;39m ?[2m:?[0;39m Secured POST /error
?[0m?[0;34m?[2m2023-08-22T13:43:43.512+02:00?[0;39m ?[32mTRACE?[0;39m ?[35m18216?[0;39m ?[2m---?[0;39m ?[2m[io-28852-exec-1]?[0;39m ?[36m.s.s.w.c.SupplierDeferredSecurityContext?[0;39m ?[2m:?[0;39m Created SecurityContextImpl [Null authentication]
?[0m?[0;34m?[2m2023-08-22T13:43:43.512+02:00?[0;39m ?[32mTRACE?[0;39m ?[35m18216?[0;39m ?[2m---?[0;39m ?[2m[io-28852-exec-1]?[0;39m ?[36mo.s.s.w.a.AnonymousAuthenticationFilter ?[0;39m ?[2m:?[0;39m Set SecurityContextHolder to AnonymousAuthenticationToken [Principal=anonymousUser, Credentials=[PROTECTED], Authenticated=true, Details=WebAuthenticationDetails [RemoteIpAddress=127.0.0.1, SessionId=null], Granted Authorities=[ROLE_ANONYMOUS]]
?[0m?[1;31m
Start test 2?[0m
?[0;34m?[2m2023-08-22T13:43:43.542+02:00?[0;39m ?[32mTRACE?[0;39m ?[35m18216?[0;39m ?[2m---?[0;39m ?[2m[io-28852-exec-2]?[0;39m ?[36mo.s.security.web.FilterChainProxy       ?[0;39m ?[2m:?[0;39m Trying to match request against DefaultSecurityFilterChain [RequestMatcher=any request, Filters=[org.springframework.security.web.session.DisableEncodeUrlFilter@5d51203b, org.springframework.security.web.context.request.async.WebAsyncManagerIntegrationFilter@32be672d, org.springframework.security.web.context.SecurityContextHolderFilter@74f54f8e, org.springframework.security.web.header.HeaderWriterFilter@157ff8f8, org.springframework.security.web.authentication.logout.LogoutFilter@72364a40, org.springframework.security.web.authentication.www.BasicAuthenticationFilter@a23b96b, org.springframework.security.web.savedrequest.RequestCacheAwareFilter@59b8a801, org.springframework.security.web.servletapi.SecurityContextHolderAwareRequestFilter@5aa026e9, org.springframework.security.web.authentication.AnonymousAuthenticationFilter@23e54c8a, org.springframework.security.web.session.SessionManagementFilter@79e3f444, org.springframework.security.web.access.ExceptionTranslationFilter@17a756db, org.springframework.security.web.access.intercept.AuthorizationFilter@55e75ce0]] (1/1)
?[0m?[0;34m?[2m2023-08-22T13:43:43.542+02:00?[0;39m ?[32mDEBUG?[0;39m ?[35m18216?[0;39m ?[2m---?[0;39m ?[2m[io-28852-exec-2]?[0;39m ?[36mo.s.security.web.FilterChainProxy       ?[0;39m ?[2m:?[0;39m Securing POST /api/auth/signup
?[0m?[0;34m?[2m2023-08-22T13:43:43.542+02:00?[0;39m ?[32mTRACE?[0;39m ?[35m18216?[0;39m ?[2m---?[0;39m ?[2m[io-28852-exec-2]?[0;39m ?[36mo.s.security.web.FilterChainProxy       ?[0;39m ?[2m:?[0;39m Invoking DisableEncodeUrlFilter (1/12)
?[0m?[0;34m?[2m2023-08-22T13:43:43.543+02:00?[0;39m ?[32mTRACE?[0;39m ?[35m18216?[0;39m ?[2m---?[0;39m ?[2m[io-28852-exec-2]?[0;39m ?[36mo.s.security.web.FilterChainProxy       ?[0;39m ?[2m:?[0;39m Invoking WebAsyncManagerIntegrationFilter (2/12)
?[0m?[0;34m?[2m2023-08-22T13:43:43.543+02:00?[0;39m ?[32mTRACE?[0;39m ?[35m18216?[0;39m ?[2m---?[0;39m ?[2m[io-28852-exec-2]?[0;39m ?[36mo.s.security.web.FilterChainProxy       ?[0;39m ?[2m:?[0;39m Invoking SecurityContextHolderFilter (3/12)
?[0m?[0;34m?[2m2023-08-22T13:43:43.543+02:00?[0;39m ?[32mTRACE?[0;39m ?[35m18216?[0;39m ?[2m---?[0;39m ?[2m[io-28852-exec-2]?[0;39m ?[36mo.s.security.web.FilterChainProxy       ?[0;39m ?[2m:?[0;39m Invoking HeaderWriterFilter (4/12)
?[0m?[0;34m?[2m2023-08-22T13:43:43.543+02:00?[0;39m ?[32mTRACE?[0;39m ?[35m18216?[0;39m ?[2m---?[0;39m ?[2m[io-28852-exec-2]?[0;39m ?[36mo.s.security.web.FilterChainProxy       ?[0;39m ?[2m:?[0;39m Invoking LogoutFilter (5/12)
?[0m?[0;34m?[2m2023-08-22T13:43:43.543+02:00?[0;39m ?[32mTRACE?[0;39m ?[35m18216?[0;39m ?[2m---?[0;39m ?[2m[io-28852-exec-2]?[0;39m ?[36mo.s.s.w.a.logout.LogoutFilter           ?[0;39m ?[2m:?[0;39m Did not match request to Or [Ant [pattern='/logout', GET], Ant [pattern='/logout', POST], Ant [pattern='/logout', PUT], Ant [pattern='/logout', DELETE]]
?[0m?[0;34m?[2m2023-08-22T13:43:43.543+02:00?[0;39m ?[32mTRACE?[0;39m ?[35m18216?[0;39m ?[2m---?[0;39m ?[2m[io-28852-exec-2]?[0;39m ?[36mo.s.security.web.FilterChainProxy       ?[0;39m ?[2m:?[0;39m Invoking BasicAuthenticationFilter (6/12)
?[0m?[0;34m?[2m2023-08-22T13:43:43.543+02:00?[0;39m ?[32mTRACE?[0;39m ?[35m18216?[0;39m ?[2m---?[0;39m ?[2m[io-28852-exec-2]?[0;39m ?[36mo.s.s.w.a.www.BasicAuthenticationFilter ?[0;39m ?[2m:?[0;39m Did not process authentication request since failed to find username and password in Basic Authorization header
?[0m?[0;34m?[2m2023-08-22T13:43:43.543+02:00?[0;39m ?[32mTRACE?[0;39m ?[35m18216?[0;39m ?[2m---?[0;39m ?[2m[io-28852-exec-2]?[0;39m ?[36mo.s.security.web.FilterChainProxy       ?[0;39m ?[2m:?[0;39m Invoking RequestCacheAwareFilter (7/12)
?[0m?[0;34m?[2m2023-08-22T13:43:43.543+02:00?[0;39m ?[32mTRACE?[0;39m ?[35m18216?[0;39m ?[2m---?[0;39m ?[2m[io-28852-exec-2]?[0;39m ?[36mo.s.security.web.FilterChainProxy       ?[0;39m ?[2m:?[0;39m Invoking SecurityContextHolderAwareRequestFilter (8/12)
?[0m?[0;34m?[2m2023-08-22T13:43:43.544+02:00?[0;39m ?[32mTRACE?[0;39m ?[35m18216?[0;39m ?[2m---?[0;39m ?[2m[io-28852-exec-2]?[0;39m ?[36mo.s.security.web.FilterChainProxy       ?[0;39m ?[2m:?[0;39m Invoking AnonymousAuthenticationFilter (9/12)
?[0m?[0;34m?[2m2023-08-22T13:43:43.544+02:00?[0;39m ?[32mTRACE?[0;39m ?[35m18216?[0;39m ?[2m---?[0;39m ?[2m[io-28852-exec-2]?[0;39m ?[36mo.s.security.web.FilterChainProxy       ?[0;39m ?[2m:?[0;39m Invoking SessionManagementFilter (10/12)
?[0m?[0;34m?[2m2023-08-22T13:43:43.544+02:00?[0;39m ?[32mTRACE?[0;39m ?[35m18216?[0;39m ?[2m---?[0;39m ?[2m[io-28852-exec-2]?[0;39m ?[36m.s.s.w.c.SupplierDeferredSecurityContext?[0;39m ?[2m:?[0;39m Created SecurityContextImpl [Null authentication]
?[0m?[0;34m?[2m2023-08-22T13:43:43.544+02:00?[0;39m ?[32mTRACE?[0;39m ?[35m18216?[0;39m ?[2m---?[0;39m ?[2m[io-28852-exec-2]?[0;39m ?[36mo.s.s.w.a.AnonymousAuthenticationFilter ?[0;39m ?[2m:?[0;39m Set SecurityContextHolder to AnonymousAuthenticationToken [Principal=anonymousUser, Credentials=[PROTECTED], Authenticated=true, Details=WebAuthenticationDetails [RemoteIpAddress=127.0.0.1, SessionId=null], Granted Authorities=[ROLE_ANONYMOUS]]
?[0m?[0;34m?[2m2023-08-22T13:43:43.544+02:00?[0;39m ?[32mTRACE?[0;39m ?[35m18216?[0;39m ?[2m---?[0;39m ?[2m[io-28852-exec-2]?[0;39m ?[36mo.s.security.web.FilterChainProxy       ?[0;39m ?[2m:?[0;39m Invoking ExceptionTranslationFilter (11/12)
?[0m?[0;34m?[2m2023-08-22T13:43:43.544+02:00?[0;39m ?[32mTRACE?[0;39m ?[35m18216?[0;39m ?[2m---?[0;39m ?[2m[io-28852-exec-2]?[0;39m ?[36mo.s.security.web.FilterChainProxy       ?[0;39m ?[2m:?[0;39m Invoking AuthorizationFilter (12/12)
?[0m?[0;34m?[2m2023-08-22T13:43:43.544+02:00?[0;39m ?[32mTRACE?[0;39m ?[35m18216?[0;39m ?[2m---?[0;39m ?[2m[io-28852-exec-2]?[0;39m ?[36mestMatcherDelegatingAuthorizationManager?[0;39m ?[2m:?[0;39m Authorizing SecurityContextHolderAwareRequestWrapper[ org.springframework.security.web.header.HeaderWriterFilter$HeaderWriterRequest@6f8f3f49]
?[0m?[0;34m?[2m2023-08-22T13:43:43.545+02:00?[0;39m ?[32mTRACE?[0;39m ?[35m18216?[0;39m ?[2m---?[0;39m ?[2m[io-28852-exec-2]?[0;39m ?[36mestMatcherDelegatingAuthorizationManager?[0;39m ?[2m:?[0;39m Checking authorization on SecurityContextHolderAwareRequestWrapper[ org.springframework.security.web.header.HeaderWriterFilter$HeaderWriterRequest@6f8f3f49] using org.springframework.security.config.annotation.web.configurers.AuthorizeHttpRequestsConfigurer$$Lambda$1316/0x0000000100a4d140@528cc85a
?[0m?[0;34m?[2m2023-08-22T13:43:43.545+02:00?[0;39m ?[32mDEBUG?[0;39m ?[35m18216?[0;39m ?[2m---?[0;39m ?[2m[io-28852-exec-2]?[0;39m ?[36mo.s.security.web.FilterChainProxy       ?[0;39m ?[2m:?[0;39m Secured POST /api/auth/signup
?[0m?[0;34m?[2m2023-08-22T13:43:43.547+02:00?[0;39m ?[32mTRACE?[0;39m ?[35m18216?[0;39m ?[2m---?[0;39m ?[2m[io-28852-exec-2]?[0;39m ?[36mo.s.s.w.header.writers.HstsHeaderWriter ?[0;39m ?[2m:?[0;39m Not injecting HSTS header since it did not match request to [Is Secure]
?[0m?[0;34m?[2m2023-08-22T13:43:43.548+02:00?[0;39m ?[33m WARN?[0;39m ?[35m18216?[0;39m ?[2m---?[0;39m ?[2m[io-28852-exec-2]?[0;39m ?[36m.w.s.m.s.DefaultHandlerExceptionResolver?[0;39m ?[2m:?[0;39m Resolved [org.springframework.web.bind.MethodArgumentNotValidException: Validation failed for argument [0] in public org.springframework.http.ResponseEntity<java.lang.Object> account.presentationlayer.Controller.signup(account.businesslayer.user.User): [Field error in object 'user' on field 'name': rejected value [null]; codes [NotBlank.user.name,NotBlank.name,NotBlank.java.lang.String,NotBlank]; arguments [org.springframework.context.support.DefaultMessageSourceResolvable: codes [user.name,name]; arguments []; default message [name]]; default message [must not be blank]] ]
?[0m?[0;34m?[2m2023-08-22T13:43:43.549+02:00?[0;39m ?[32mTRACE?[0;39m ?[35m18216?[0;39m ?[2m---?[0;39m ?[2m[io-28852-exec-2]?[0;39m ?[36mo.s.security.web.FilterChainProxy       ?[0;39m ?[2m:?[0;39m Trying to match request against DefaultSecurityFilterChain [RequestMatcher=any request, Filters=[org.springframework.security.web.session.DisableEncodeUrlFilter@5d51203b, org.springframework.security.web.context.request.async.WebAsyncManagerIntegrationFilter@32be672d, org.springframework.security.web.context.SecurityContextHolderFilter@74f54f8e, org.springframework.security.web.header.HeaderWriterFilter@157ff8f8, org.springframework.security.web.authentication.logout.LogoutFilter@72364a40, org.springframework.security.web.authentication.www.BasicAuthenticationFilter@a23b96b, org.springframework.security.web.savedrequest.RequestCacheAwareFilter@59b8a801, org.springframework.security.web.servletapi.SecurityContextHolderAwareRequestFilter@5aa026e9, org.springframework.security.web.authentication.AnonymousAuthenticationFilter@23e54c8a, org.springframework.security.web.session.SessionManagementFilter@79e3f444, org.springframework.security.web.access.ExceptionTranslationFilter@17a756db, org.springframework.security.web.access.intercept.AuthorizationFilter@55e75ce0]] (1/1)
?[0m?[0;34m?[2m2023-08-22T13:43:43.549+02:00?[0;39m ?[32mDEBUG?[0;39m ?[35m18216?[0;39m ?[2m---?[0;39m ?[2m[io-28852-exec-2]?[0;39m ?[36mo.s.security.web.FilterChainProxy       ?[0;39m ?[2m:?[0;39m Securing POST /error
?[0m?[0;34m?[2m2023-08-22T13:43:43.549+02:00?[0;39m ?[32mTRACE?[0;39m ?[35m18216?[0;39m ?[2m---?[0;39m ?[2m[io-28852-exec-2]?[0;39m ?[36mo.s.security.web.FilterChainProxy       ?[0;39m ?[2m:?[0;39m Invoking DisableEncodeUrlFilter (1/12)
?[0m?[0;34m?[2m2023-08-22T13:43:43.550+02:00?[0;39m ?[32mTRACE?[0;39m ?[35m18216?[0;39m ?[2m---?[0;39m ?[2m[io-28852-exec-2]?[0;39m ?[36mo.s.security.web.FilterChainProxy       ?[0;39m ?[2m:?[0;39m Invoking WebAsyncManagerIntegrationFilter (2/12)
?[0m?[0;34m?[2m2023-08-22T13:43:43.550+02:00?[0;39m ?[32mTRACE?[0;39m ?[35m18216?[0;39m ?[2m---?[0;39m ?[2m[io-28852-exec-2]?[0;39m ?[36mo.s.security.web.FilterChainProxy       ?[0;39m ?[2m:?[0;39m Invoking SecurityContextHolderFilter (3/12)
?[0m?[0;34m?[2m2023-08-22T13:43:43.550+02:00?[0;39m ?[32mTRACE?[0;39m ?[35m18216?[0;39m ?[2m---?[0;39m ?[2m[io-28852-exec-2]?[0;39m ?[36mo.s.security.web.FilterChainProxy       ?[0;39m ?[2m:?[0;39m Invoking HeaderWriterFilter (4/12)
?[0m?[0;34m?[2m2023-08-22T13:43:43.550+02:00?[0;39m ?[32mTRACE?[0;39m ?[35m18216?[0;39m ?[2m---?[0;39m ?[2m[io-28852-exec-2]?[0;39m ?[36mo.s.security.web.FilterChainProxy       ?[0;39m ?[2m:?[0;39m Invoking LogoutFilter (5/12)
?[0m?[0;34m?[2m2023-08-22T13:43:43.550+02:00?[0;39m ?[32mTRACE?[0;39m ?[35m18216?[0;39m ?[2m---?[0;39m ?[2m[io-28852-exec-2]?[0;39m ?[36mo.s.s.w.a.logout.LogoutFilter           ?[0;39m ?[2m:?[0;39m Did not match request to Or [Ant [pattern='/logout', GET], Ant [pattern='/logout', POST], Ant [pattern='/logout', PUT], Ant [pattern='/logout', DELETE]]
?[0m?[0;34m?[2m2023-08-22T13:43:43.550+02:00?[0;39m ?[32mTRACE?[0;39m ?[35m18216?[0;39m ?[2m---?[0;39m ?[2m[io-28852-exec-2]?[0;39m ?[36mo.s.security.web.FilterChainProxy       ?[0;39m ?[2m:?[0;39m Invoking BasicAuthenticationFilter (6/12)
?[0m?[0;34m?[2m2023-08-22T13:43:43.550+02:00?[0;39m ?[32mTRACE?[0;39m ?[35m18216?[0;39m ?[2m---?[0;39m ?[2m[io-28852-exec-2]?[0;39m ?[36mo.s.security.web.FilterChainProxy       ?[0;39m ?[2m:?[0;39m Invoking RequestCacheAwareFilter (7/12)
?[0m?[0;34m?[2m2023-08-22T13:43:43.550+02:00?[0;39m ?[32mTRACE?[0;39m ?[35m18216?[0;39m ?[2m---?[0;39m ?[2m[io-28852-exec-2]?[0;39m ?[36mo.s.security.web.FilterChainProxy       ?[0;39m ?[2m:?[0;39m Invoking SecurityContextHolderAwareRequestFilter (8/12)
?[0m?[0;34m?[2m2023-08-22T13:43:43.551+02:00?[0;39m ?[32mTRACE?[0;39m ?[35m18216?[0;39m ?[2m---?[0;39m ?[2m[io-28852-exec-2]?[0;39m ?[36mo.s.security.web.FilterChainProxy       ?[0;39m ?[2m:?[0;39m Invoking AnonymousAuthenticationFilter (9/12)
?[0m?[0;34m?[2m2023-08-22T13:43:43.551+02:00?[0;39m ?[32mTRACE?[0;39m ?[35m18216?[0;39m ?[2m---?[0;39m ?[2m[io-28852-exec-2]?[0;39m ?[36mo.s.security.web.FilterChainProxy       ?[0;39m ?[2m:?[0;39m Invoking SessionManagementFilter (10/12)
?[0m?[0;34m?[2m2023-08-22T13:43:43.551+02:00?[0;39m ?[32mTRACE?[0;39m ?[35m18216?[0;39m ?[2m---?[0;39m ?[2m[io-28852-exec-2]?[0;39m ?[36mo.s.security.web.FilterChainProxy       ?[0;39m ?[2m:?[0;39m Invoking ExceptionTranslationFilter (11/12)
?[0m?[0;34m?[2m2023-08-22T13:43:43.551+02:00?[0;39m ?[32mTRACE?[0;39m ?[35m18216?[0;39m ?[2m---?[0;39m ?[2m[io-28852-exec-2]?[0;39m ?[36mo.s.security.web.FilterChainProxy       ?[0;39m ?[2m:?[0;39m Invoking AuthorizationFilter (12/12)
?[0m?[0;34m?[2m2023-08-22T13:43:43.551+02:00?[0;39m ?[32mTRACE?[0;39m ?[35m18216?[0;39m ?[2m---?[0;39m ?[2m[io-28852-exec-2]?[0;39m ?[36mestMatcherDelegatingAuthorizationManager?[0;39m ?[2m:?[0;39m Authorizing SecurityContextHolderAwareRequestWrapper[ FirewalledRequest[ org.apache.catalina.core.ApplicationHttpRequest@3616d0c3]]
?[0m?[0;34m?[2m2023-08-22T13:43:43.552+02:00?[0;39m ?[32mTRACE?[0;39m ?[35m18216?[0;39m ?[2m---?[0;39m ?[2m[io-28852-exec-2]?[0;39m ?[36mestMatcherDelegatingAuthorizationManager?[0;39m ?[2m:?[0;39m Checking authorization on SecurityContextHolderAwareRequestWrapper[ FirewalledRequest[ org.apache.catalina.core.ApplicationHttpRequest@3616d0c3]] using org.springframework.security.config.annotation.web.configurers.AuthorizeHttpRequestsConfigurer$$Lambda$1316/0x0000000100a4d140@528cc85a
?[0m?[0;34m?[2m2023-08-22T13:43:43.553+02:00?[0;39m ?[32mDEBUG?[0;39m ?[35m18216?[0;39m ?[2m---?[0;39m ?[2m[io-28852-exec-2]?[0;39m ?[36mo.s.security.web.FilterChainProxy       ?[0;39m ?[2m:?[0;39m Secured POST /error
?[0m?[0;34m?[2m2023-08-22T13:43:43.553+02:00?[0;39m ?[32mTRACE?[0;39m ?[35m18216?[0;39m ?[2m---?[0;39m ?[2m[io-28852-exec-2]?[0;39m ?[36m.s.s.w.c.SupplierDeferredSecurityContext?[0;39m ?[2m:?[0;39m Created SecurityContextImpl [Null authentication]
?[0m?[0;34m?[2m2023-08-22T13:43:43.553+02:00?[0;39m ?[32mTRACE?[0;39m ?[35m18216?[0;39m ?[2m---?[0;39m ?[2m[io-28852-exec-2]?[0;39m ?[36mo.s.s.w.a.AnonymousAuthenticationFilter ?[0;39m ?[2m:?[0;39m Set SecurityContextHolder to AnonymousAuthenticationToken [Principal=anonymousUser, Credentials=[PROTECTED], Authenticated=true, Details=WebAuthenticationDetails [RemoteIpAddress=127.0.0.1, SessionId=null], Granted Authorities=[ROLE_ANONYMOUS]]
?[1;31m
Start test 3?[0m
?[0;34m?[2m2023-08-22T13:43:43.561+02:00?[0;39m ?[32mTRACE?[0;39m ?[35m18216?[0;39m ?[2m---?[0;39m ?[2m[io-28852-exec-3]?[0;39m ?[36mo.s.security.web.FilterChainProxy       ?[0;39m ?[2m:?[0;39m Trying to match request against DefaultSecurityFilterChain [RequestMatcher=any request, Filters=[org.springframework.security.web.session.DisableEncodeUrlFilter@5d51203b, org.springframework.security.web.context.request.async.WebAsyncManagerIntegrationFilter@32be672d, org.springframework.security.web.context.SecurityContextHolderFilter@74f54f8e, org.springframework.security.web.header.HeaderWriterFilter@157ff8f8, org.springframework.security.web.authentication.logout.LogoutFilter@72364a40, org.springframework.security.web.authentication.www.BasicAuthenticationFilter@a23b96b, org.springframework.security.web.savedrequest.RequestCacheAwareFilter@59b8a801, org.springframework.security.web.servletapi.SecurityContextHolderAwareRequestFilter@5aa026e9, org.springframework.security.web.authentication.AnonymousAuthenticationFilter@23e54c8a, org.springframework.security.web.session.SessionManagementFilter@79e3f444, org.springframework.security.web.access.ExceptionTranslationFilter@17a756db, org.springframework.security.web.access.intercept.AuthorizationFilter@55e75ce0]] (1/1)
?[0m?[0;34m?[2m2023-08-22T13:43:43.562+02:00?[0;39m ?[32mDEBUG?[0;39m ?[35m18216?[0;39m ?[2m---?[0;39m ?[2m[io-28852-exec-3]?[0;39m ?[36mo.s.security.web.FilterChainProxy       ?[0;39m ?[2m:?[0;39m Securing POST /api/auth/signup
?[0m?[0;34m?[2m2023-08-22T13:43:43.562+02:00?[0;39m ?[32mTRACE?[0;39m ?[35m18216?[0;39m ?[2m---?[0;39m ?[2m[io-28852-exec-3]?[0;39m ?[36mo.s.security.web.FilterChainProxy       ?[0;39m ?[2m:?[0;39m Invoking DisableEncodeUrlFilter (1/12)
?[0m?[0;34m?[2m2023-08-22T13:43:43.562+02:00?[0;39m ?[32mTRACE?[0;39m ?[35m18216?[0;39m ?[2m---?[0;39m ?[2m[io-28852-exec-3]?[0;39m ?[36mo.s.security.web.FilterChainProxy       ?[0;39m ?[2m:?[0;39m Invoking WebAsyncManagerIntegrationFilter (2/12)
?[0m?[0;34m?[2m2023-08-22T13:43:43.562+02:00?[0;39m ?[32mTRACE?[0;39m ?[35m18216?[0;39m ?[2m---?[0;39m ?[2m[io-28852-exec-3]?[0;39m ?[36mo.s.security.web.FilterChainProxy       ?[0;39m ?[2m:?[0;39m Invoking SecurityContextHolderFilter (3/12)
?[0m?[0;34m?[2m2023-08-22T13:43:43.562+02:00?[0;39m ?[32mTRACE?[0;39m ?[35m18216?[0;39m ?[2m---?[0;39m ?[2m[io-28852-exec-3]?[0;39m ?[36mo.s.security.web.FilterChainProxy       ?[0;39m ?[2m:?[0;39m Invoking HeaderWriterFilter (4/12)
?[0m?[0;34m?[2m2023-08-22T13:43:43.562+02:00?[0;39m ?[32mTRACE?[0;39m ?[35m18216?[0;39m ?[2m---?[0;39m ?[2m[io-28852-exec-3]?[0;39m ?[36mo.s.security.web.FilterChainProxy       ?[0;39m ?[2m:?[0;39m Invoking LogoutFilter (5/12)
?[0m?[0;34m?[2m2023-08-22T13:43:43.563+02:00?[0;39m ?[32mTRACE?[0;39m ?[35m18216?[0;39m ?[2m---?[0;39m ?[2m[io-28852-exec-3]?[0;39m ?[36mo.s.s.w.a.logout.LogoutFilter           ?[0;39m ?[2m:?[0;39m Did not match request to Or [Ant [pattern='/logout', GET], Ant [pattern='/logout', POST], Ant [pattern='/logout', PUT], Ant [pattern='/logout', DELETE]]
?[0m?[0;34m?[2m2023-08-22T13:43:43.563+02:00?[0;39m ?[32mTRACE?[0;39m ?[35m18216?[0;39m ?[2m---?[0;39m ?[2m[io-28852-exec-3]?[0;39m ?[36mo.s.security.web.FilterChainProxy       ?[0;39m ?[2m:?[0;39m Invoking BasicAuthenticationFilter (6/12)
?[0m?[0;34m?[2m2023-08-22T13:43:43.563+02:00?[0;39m ?[32mTRACE?[0;39m ?[35m18216?[0;39m ?[2m---?[0;39m ?[2m[io-28852-exec-3]?[0;39m ?[36mo.s.s.w.a.www.BasicAuthenticationFilter ?[0;39m ?[2m:?[0;39m Did not process authentication request since failed to find username and password in Basic Authorization header
?[0m?[0;34m?[2m2023-08-22T13:43:43.563+02:00?[0;39m ?[32mTRACE?[0;39m ?[35m18216?[0;39m ?[2m---?[0;39m ?[2m[io-28852-exec-3]?[0;39m ?[36mo.s.security.web.FilterChainProxy       ?[0;39m ?[2m:?[0;39m Invoking RequestCacheAwareFilter (7/12)
?[0m?[0;34m?[2m2023-08-22T13:43:43.563+02:00?[0;39m ?[32mTRACE?[0;39m ?[35m18216?[0;39m ?[2m---?[0;39m ?[2m[io-28852-exec-3]?[0;39m ?[36mo.s.security.web.FilterChainProxy       ?[0;39m ?[2m:?[0;39m Invoking SecurityContextHolderAwareRequestFilter (8/12)
?[0m?[0;34m?[2m2023-08-22T13:43:43.563+02:00?[0;39m ?[32mTRACE?[0;39m ?[35m18216?[0;39m ?[2m---?[0;39m ?[2m[io-28852-exec-3]?[0;39m ?[36mo.s.security.web.FilterChainProxy       ?[0;39m ?[2m:?[0;39m Invoking AnonymousAuthenticationFilter (9/12)
?[0m?[0;34m?[2m2023-08-22T13:43:43.563+02:00?[0;39m ?[32mTRACE?[0;39m ?[35m18216?[0;39m ?[2m---?[0;39m ?[2m[io-28852-exec-3]?[0;39m ?[36mo.s.security.web.FilterChainProxy       ?[0;39m ?[2m:?[0;39m Invoking SessionManagementFilter (10/12)
?[0m?[0;34m?[2m2023-08-22T13:43:43.563+02:00?[0;39m ?[32mTRACE?[0;39m ?[35m18216?[0;39m ?[2m---?[0;39m ?[2m[io-28852-exec-3]?[0;39m ?[36m.s.s.w.c.SupplierDeferredSecurityContext?[0;39m ?[2m:?[0;39m Created SecurityContextImpl [Null authentication]
?[0m?[0;34m?[2m2023-08-22T13:43:43.563+02:00?[0;39m ?[32mTRACE?[0;39m ?[35m18216?[0;39m ?[2m---?[0;39m ?[2m[io-28852-exec-3]?[0;39m ?[36mo.s.s.w.a.AnonymousAuthenticationFilter ?[0;39m ?[2m:?[0;39m Set SecurityContextHolder to AnonymousAuthenticationToken [Principal=anonymousUser, Credentials=[PROTECTED], Authenticated=true, Details=WebAuthenticationDetails [RemoteIpAddress=127.0.0.1, SessionId=null], Granted Authorities=[ROLE_ANONYMOUS]]
?[0m?[0;34m?[2m2023-08-22T13:43:43.564+02:00?[0;39m ?[32mTRACE?[0;39m ?[35m18216?[0;39m ?[2m---?[0;39m ?[2m[io-28852-exec-3]?[0;39m ?[36mo.s.security.web.FilterChainProxy       ?[0;39m ?[2m:?[0;39m Invoking ExceptionTranslationFilter (11/12)
?[0m?[0;34m?[2m2023-08-22T13:43:43.564+02:00?[0;39m ?[32mTRACE?[0;39m ?[35m18216?[0;39m ?[2m---?[0;39m ?[2m[io-28852-exec-3]?[0;39m ?[36mo.s.security.web.FilterChainProxy       ?[0;39m ?[2m:?[0;39m Invoking AuthorizationFilter (12/12)
?[0m?[0;34m?[2m2023-08-22T13:43:43.564+02:00?[0;39m ?[32mTRACE?[0;39m ?[35m18216?[0;39m ?[2m---?[0;39m ?[2m[io-28852-exec-3]?[0;39m ?[36mestMatcherDelegatingAuthorizationManager?[0;39m ?[2m:?[0;39m Authorizing SecurityContextHolderAwareRequestWrapper[ org.springframework.security.web.header.HeaderWriterFilter$HeaderWriterRequest@308d0b9b]
?[0m?[0;34m?[2m2023-08-22T13:43:43.565+02:00?[0;39m ?[32mTRACE?[0;39m ?[35m18216?[0;39m ?[2m---?[0;39m ?[2m[io-28852-exec-3]?[0;39m ?[36mestMatcherDelegatingAuthorizationManager?[0;39m ?[2m:?[0;39m Checking authorization on SecurityContextHolderAwareRequestWrapper[ org.springframework.security.web.header.HeaderWriterFilter$HeaderWriterRequest@308d0b9b] using org.springframework.security.config.annotation.web.configurers.AuthorizeHttpRequestsConfigurer$$Lambda$1316/0x0000000100a4d140@528cc85a
?[0m?[0;34m?[2m2023-08-22T13:43:43.565+02:00?[0;39m ?[32mDEBUG?[0;39m ?[35m18216?[0;39m ?[2m---?[0;39m ?[2m[io-28852-exec-3]?[0;39m ?[36mo.s.security.web.FilterChainProxy       ?[0;39m ?[2m:?[0;39m Secured POST /api/auth/signup
?[0m?[0;34m?[2m2023-08-22T13:43:43.568+02:00?[0;39m ?[32mTRACE?[0;39m ?[35m18216?[0;39m ?[2m---?[0;39m ?[2m[io-28852-exec-3]?[0;39m ?[36mo.s.s.w.header.writers.HstsHeaderWriter ?[0;39m ?[2m:?[0;39m Not injecting HSTS header since it did not match request to [Is Secure]
?[0m?[0;34m?[2m2023-08-22T13:43:43.568+02:00?[0;39m ?[33m WARN?[0;39m ?[35m18216?[0;39m ?[2m---?[0;39m ?[2m[io-28852-exec-3]?[0;39m ?[36m.w.s.m.s.DefaultHandlerExceptionResolver?[0;39m ?[2m:?[0;39m Resolved [org.springframework.web.bind.MethodArgumentNotValidException: Validation failed for argument [0] in public org.springframework.http.ResponseEntity<java.lang.Object> account.presentationlayer.Controller.signup(account.businesslayer.user.User): [Field error in object 'user' on field 'lastname': rejected value []; codes [NotBlank.user.lastname,NotBlank.lastname,NotBlank.java.lang.String,NotBlank]; arguments [org.springframework.context.support.DefaultMessageSourceResolvable: codes [user.lastname,lastname]; arguments []; default message [lastname]]; default message [must not be blank]] ]
?[0m?[0;34m?[2m2023-08-22T13:43:43.569+02:00?[0;39m ?[32mTRACE?[0;39m ?[35m18216?[0;39m ?[2m---?[0;39m ?[2m[io-28852-exec-3]?[0;39m ?[36mo.s.security.web.FilterChainProxy       ?[0;39m ?[2m:?[0;39m Trying to match request against DefaultSecurityFilterChain [RequestMatcher=any request, Filters=[org.springframework.security.web.session.DisableEncodeUrlFilter@5d51203b, org.springframework.security.web.context.request.async.WebAsyncManagerIntegrationFilter@32be672d, org.springframework.security.web.context.SecurityContextHolderFilter@74f54f8e, org.springframework.security.web.header.HeaderWriterFilter@157ff8f8, org.springframework.security.web.authentication.logout.LogoutFilter@72364a40, org.springframework.security.web.authentication.www.BasicAuthenticationFilter@a23b96b, org.springframework.security.web.savedrequest.RequestCacheAwareFilter@59b8a801, org.springframework.security.web.servletapi.SecurityContextHolderAwareRequestFilter@5aa026e9, org.springframework.security.web.authentication.AnonymousAuthenticationFilter@23e54c8a, org.springframework.security.web.session.SessionManagementFilter@79e3f444, org.springframework.security.web.access.ExceptionTranslationFilter@17a756db, org.springframework.security.web.access.intercept.AuthorizationFilter@55e75ce0]] (1/1)
?[0m?[0;34m?[2m2023-08-22T13:43:43.569+02:00?[0;39m ?[32mDEBUG?[0;39m ?[35m18216?[0;39m ?[2m---?[0;39m ?[2m[io-28852-exec-3]?[0;39m ?[36mo.s.security.web.FilterChainProxy       ?[0;39m ?[2m:?[0;39m Securing POST /error
?[0m?[0;34m?[2m2023-08-22T13:43:43.569+02:00?[0;39m ?[32mTRACE?[0;39m ?[35m18216?[0;39m ?[2m---?[0;39m ?[2m[io-28852-exec-3]?[0;39m ?[36mo.s.security.web.FilterChainProxy       ?[0;39m ?[2m:?[0;39m Invoking DisableEncodeUrlFilter (1/12)
?[0m?[0;34m?[2m2023-08-22T13:43:43.569+02:00?[0;39m ?[32mTRACE?[0;39m ?[35m18216?[0;39m ?[2m---?[0;39m ?[2m[io-28852-exec-3]?[0;39m ?[36mo.s.security.web.FilterChainProxy       ?[0;39m ?[2m:?[0;39m Invoking WebAsyncManagerIntegrationFilter (2/12)
?[0m?[0;34m?[2m2023-08-22T13:43:43.570+02:00?[0;39m ?[32mTRACE?[0;39m ?[35m18216?[0;39m ?[2m---?[0;39m ?[2m[io-28852-exec-3]?[0;39m ?[36mo.s.security.web.FilterChainProxy       ?[0;39m ?[2m:?[0;39m Invoking SecurityContextHolderFilter (3/12)
?[0m?[0;34m?[2m2023-08-22T13:43:43.570+02:00?[0;39m ?[32mTRACE?[0;39m ?[35m18216?[0;39m ?[2m---?[0;39m ?[2m[io-28852-exec-3]?[0;39m ?[36mo.s.security.web.FilterChainProxy       ?[0;39m ?[2m:?[0;39m Invoking HeaderWriterFilter (4/12)
?[0m?[0;34m?[2m2023-08-22T13:43:43.570+02:00?[0;39m ?[32mTRACE?[0;39m ?[35m18216?[0;39m ?[2m---?[0;39m ?[2m[io-28852-exec-3]?[0;39m ?[36mo.s.security.web.FilterChainProxy       ?[0;39m ?[2m:?[0;39m Invoking LogoutFilter (5/12)
?[0m?[0;34m?[2m2023-08-22T13:43:43.570+02:00?[0;39m ?[32mTRACE?[0;39m ?[35m18216?[0;39m ?[2m---?[0;39m ?[2m[io-28852-exec-3]?[0;39m ?[36mo.s.s.w.a.logout.LogoutFilter           ?[0;39m ?[2m:?[0;39m Did not match request to Or [Ant [pattern='/logout', GET], Ant [pattern='/logout', POST], Ant [pattern='/logout', PUT], Ant [pattern='/logout', DELETE]]
?[0m?[0;34m?[2m2023-08-22T13:43:43.570+02:00?[0;39m ?[32mTRACE?[0;39m ?[35m18216?[0;39m ?[2m---?[0;39m ?[2m[io-28852-exec-3]?[0;39m ?[36mo.s.security.web.FilterChainProxy       ?[0;39m ?[2m:?[0;39m Invoking BasicAuthenticationFilter (6/12)
?[0m?[0;34m?[2m2023-08-22T13:43:43.570+02:00?[0;39m ?[32mTRACE?[0;39m ?[35m18216?[0;39m ?[2m---?[0;39m ?[2m[io-28852-exec-3]?[0;39m ?[36mo.s.security.web.FilterChainProxy       ?[0;39m ?[2m:?[0;39m Invoking RequestCacheAwareFilter (7/12)
?[0m?[0;34m?[2m2023-08-22T13:43:43.570+02:00?[0;39m ?[32mTRACE?[0;39m ?[35m18216?[0;39m ?[2m---?[0;39m ?[2m[io-28852-exec-3]?[0;39m ?[36mo.s.security.web.FilterChainProxy       ?[0;39m ?[2m:?[0;39m Invoking SecurityContextHolderAwareRequestFilter (8/12)
?[0m?[0;34m?[2m2023-08-22T13:43:43.570+02:00?[0;39m ?[32mTRACE?[0;39m ?[35m18216?[0;39m ?[2m---?[0;39m ?[2m[io-28852-exec-3]?[0;39m ?[36mo.s.security.web.FilterChainProxy       ?[0;39m ?[2m:?[0;39m Invoking AnonymousAuthenticationFilter (9/12)
?[0m?[0;34m?[2m2023-08-22T13:43:43.570+02:00?[0;39m ?[32mTRACE?[0;39m ?[35m18216?[0;39m ?[2m---?[0;39m ?[2m[io-28852-exec-3]?[0;39m ?[36mo.s.security.web.FilterChainProxy       ?[0;39m ?[2m:?[0;39m Invoking SessionManagementFilter (10/12)
?[0m?[0;34m?[2m2023-08-22T13:43:43.570+02:00?[0;39m ?[32mTRACE?[0;39m ?[35m18216?[0;39m ?[2m---?[0;39m ?[2m[io-28852-exec-3]?[0;39m ?[36mo.s.security.web.FilterChainProxy       ?[0;39m ?[2m:?[0;39m Invoking ExceptionTranslationFilter (11/12)
?[0m?[0;34m?[2m2023-08-22T13:43:43.570+02:00?[0;39m ?[32mTRACE?[0;39m ?[35m18216?[0;39m ?[2m---?[0;39m ?[2m[io-28852-exec-3]?[0;39m ?[36mo.s.security.web.FilterChainProxy       ?[0;39m ?[2m:?[0;39m Invoking AuthorizationFilter (12/12)
?[0m?[0;34m?[2m2023-08-22T13:43:43.571+02:00?[0;39m ?[32mTRACE?[0;39m ?[35m18216?[0;39m ?[2m---?[0;39m ?[2m[io-28852-exec-3]?[0;39m ?[36mestMatcherDelegatingAuthorizationManager?[0;39m ?[2m:?[0;39m Authorizing SecurityContextHolderAwareRequestWrapper[ FirewalledRequest[ org.apache.catalina.core.ApplicationHttpRequest@3a7560eb]]
?[0m?[0;34m?[2m2023-08-22T13:43:43.571+02:00?[0;39m ?[32mTRACE?[0;39m ?[35m18216?[0;39m ?[2m---?[0;39m ?[2m[io-28852-exec-3]?[0;39m ?[36mestMatcherDelegatingAuthorizationManager?[0;39m ?[2m:?[0;39m Checking authorization on SecurityContextHolderAwareRequestWrapper[ FirewalledRequest[ org.apache.catalina.core.ApplicationHttpRequest@3a7560eb]] using org.springframework.security.config.annotation.web.configurers.AuthorizeHttpRequestsConfigurer$$Lambda$1316/0x0000000100a4d140@528cc85a
?[0m?[0;34m?[2m2023-08-22T13:43:43.571+02:00?[0;39m ?[32mDEBUG?[0;39m ?[35m18216?[0;39m ?[2m---?[0;39m ?[2m[io-28852-exec-3]?[0;39m ?[36mo.s.security.web.FilterChainProxy       ?[0;39m ?[2m:?[0;39m Secured POST /error
?[0m?[0;34m?[2m2023-08-22T13:43:43.571+02:00?[0;39m ?[32mTRACE?[0;39m ?[35m18216?[0;39m ?[2m---?[0;39m ?[2m[io-28852-exec-3]?[0;39m ?[36m.s.s.w.c.SupplierDeferredSecurityContext?[0;39m ?[2m:?[0;39m Created SecurityContextImpl [Null authentication]
?[0m?[0;34m?[2m2023-08-22T13:43:43.572+02:00?[0;39m ?[32mTRACE?[0;39m ?[35m18216?[0;39m ?[2m---?[0;39m ?[2m[io-28852-exec-3]?[0;39m ?[36mo.s.s.w.a.AnonymousAuthenticationFilter ?[0;39m ?[2m:?[0;39m Set SecurityContextHolder to AnonymousAuthenticationToken [Principal=anonymousUser, Credentials=[PROTECTED], Authenticated=true, Details=WebAuthenticationDetails [RemoteIpAddress=127.0.0.1, SessionId=null], Granted Authorities=[ROLE_ANONYMOUS]]
?[1;31m
Start test 4?[0m
?[0;34m?[2m2023-08-22T13:43:43.581+02:00?[0;39m ?[32mTRACE?[0;39m ?[35m18216?[0;39m ?[2m---?[0;39m ?[2m[io-28852-exec-4]?[0;39m ?[36mo.s.security.web.FilterChainProxy       ?[0;39m ?[2m:?[0;39m Trying to match request against DefaultSecurityFilterChain [RequestMatcher=any request, Filters=[org.springframework.security.web.session.DisableEncodeUrlFilter@5d51203b, org.springframework.security.web.context.request.async.WebAsyncManagerIntegrationFilter@32be672d, org.springframework.security.web.context.SecurityContextHolderFilter@74f54f8e, org.springframework.security.web.header.HeaderWriterFilter@157ff8f8, org.springframework.security.web.authentication.logout.LogoutFilter@72364a40, org.springframework.security.web.authentication.www.BasicAuthenticationFilter@a23b96b, org.springframework.security.web.savedrequest.RequestCacheAwareFilter@59b8a801, org.springframework.security.web.servletapi.SecurityContextHolderAwareRequestFilter@5aa026e9, org.springframework.security.web.authentication.AnonymousAuthenticationFilter@23e54c8a, org.springframework.security.web.session.SessionManagementFilter@79e3f444, org.springframework.security.web.access.ExceptionTranslationFilter@17a756db, org.springframework.security.web.access.intercept.AuthorizationFilter@55e75ce0]] (1/1)
?[0m?[0;34m?[2m2023-08-22T13:43:43.581+02:00?[0;39m ?[32mDEBUG?[0;39m ?[35m18216?[0;39m ?[2m---?[0;39m ?[2m[io-28852-exec-4]?[0;39m ?[36mo.s.security.web.FilterChainProxy       ?[0;39m ?[2m:?[0;39m Securing POST /api/auth/signup
?[0m?[0;34m?[2m2023-08-22T13:43:43.581+02:00?[0;39m ?[32mTRACE?[0;39m ?[35m18216?[0;39m ?[2m---?[0;39m ?[2m[io-28852-exec-4]?[0;39m ?[36mo.s.security.web.FilterChainProxy       ?[0;39m ?[2m:?[0;39m Invoking DisableEncodeUrlFilter (1/12)
?[0m?[0;34m?[2m2023-08-22T13:43:43.581+02:00?[0;39m ?[32mTRACE?[0;39m ?[35m18216?[0;39m ?[2m---?[0;39m ?[2m[io-28852-exec-4]?[0;39m ?[36mo.s.security.web.FilterChainProxy       ?[0;39m ?[2m:?[0;39m Invoking WebAsyncManagerIntegrationFilter (2/12)
?[0m?[0;34m?[2m2023-08-22T13:43:43.581+02:00?[0;39m ?[32mTRACE?[0;39m ?[35m18216?[0;39m ?[2m---?[0;39m ?[2m[io-28852-exec-4]?[0;39m ?[36mo.s.security.web.FilterChainProxy       ?[0;39m ?[2m:?[0;39m Invoking SecurityContextHolderFilter (3/12)
?[0m?[0;34m?[2m2023-08-22T13:43:43.581+02:00?[0;39m ?[32mTRACE?[0;39m ?[35m18216?[0;39m ?[2m---?[0;39m ?[2m[io-28852-exec-4]?[0;39m ?[36mo.s.security.web.FilterChainProxy       ?[0;39m ?[2m:?[0;39m Invoking HeaderWriterFilter (4/12)
?[0m?[0;34m?[2m2023-08-22T13:43:43.581+02:00?[0;39m ?[32mTRACE?[0;39m ?[35m18216?[0;39m ?[2m---?[0;39m ?[2m[io-28852-exec-4]?[0;39m ?[36mo.s.security.web.FilterChainProxy       ?[0;39m ?[2m:?[0;39m Invoking LogoutFilter (5/12)
?[0m?[0;34m?[2m2023-08-22T13:43:43.581+02:00?[0;39m ?[32mTRACE?[0;39m ?[35m18216?[0;39m ?[2m---?[0;39m ?[2m[io-28852-exec-4]?[0;39m ?[36mo.s.s.w.a.logout.LogoutFilter           ?[0;39m ?[2m:?[0;39m Did not match request to Or [Ant [pattern='/logout', GET], Ant [pattern='/logout', POST], Ant [pattern='/logout', PUT], Ant [pattern='/logout', DELETE]]
?[0m?[0;34m?[2m2023-08-22T13:43:43.581+02:00?[0;39m ?[32mTRACE?[0;39m ?[35m18216?[0;39m ?[2m---?[0;39m ?[2m[io-28852-exec-4]?[0;39m ?[36mo.s.security.web.FilterChainProxy       ?[0;39m ?[2m:?[0;39m Invoking BasicAuthenticationFilter (6/12)
?[0m?[0;34m?[2m2023-08-22T13:43:43.582+02:00?[0;39m ?[32mTRACE?[0;39m ?[35m18216?[0;39m ?[2m---?[0;39m ?[2m[io-28852-exec-4]?[0;39m ?[36mo.s.s.w.a.www.BasicAuthenticationFilter ?[0;39m ?[2m:?[0;39m Did not process authentication request since failed to find username and password in Basic Authorization header
?[0m?[0;34m?[2m2023-08-22T13:43:43.582+02:00?[0;39m ?[32mTRACE?[0;39m ?[35m18216?[0;39m ?[2m---?[0;39m ?[2m[io-28852-exec-4]?[0;39m ?[36mo.s.security.web.FilterChainProxy       ?[0;39m ?[2m:?[0;39m Invoking RequestCacheAwareFilter (7/12)
?[0m?[0;34m?[2m2023-08-22T13:43:43.582+02:00?[0;39m ?[32mTRACE?[0;39m ?[35m18216?[0;39m ?[2m---?[0;39m ?[2m[io-28852-exec-4]?[0;39m ?[36mo.s.security.web.FilterChainProxy       ?[0;39m ?[2m:?[0;39m Invoking SecurityContextHolderAwareRequestFilter (8/12)
?[0m?[0;34m?[2m2023-08-22T13:43:43.582+02:00?[0;39m ?[32mTRACE?[0;39m ?[35m18216?[0;39m ?[2m---?[0;39m ?[2m[io-28852-exec-4]?[0;39m ?[36mo.s.security.web.FilterChainProxy       ?[0;39m ?[2m:?[0;39m Invoking AnonymousAuthenticationFilter (9/12)
?[0m?[0;34m?[2m2023-08-22T13:43:43.582+02:00?[0;39m ?[32mTRACE?[0;39m ?[35m18216?[0;39m ?[2m---?[0;39m ?[2m[io-28852-exec-4]?[0;39m ?[36mo.s.security.web.FilterChainProxy       ?[0;39m ?[2m:?[0;39m Invoking SessionManagementFilter (10/12)
?[0m?[0;34m?[2m2023-08-22T13:43:43.582+02:00?[0;39m ?[32mTRACE?[0;39m ?[35m18216?[0;39m ?[2m---?[0;39m ?[2m[io-28852-exec-4]?[0;39m ?[36m.s.s.w.c.SupplierDeferredSecurityContext?[0;39m ?[2m:?[0;39m Created SecurityContextImpl [Null authentication]
?[0m?[0;34m?[2m2023-08-22T13:43:43.582+02:00?[0;39m ?[32mTRACE?[0;39m ?[35m18216?[0;39m ?[2m---?[0;39m ?[2m[io-28852-exec-4]?[0;39m ?[36mo.s.s.w.a.AnonymousAuthenticationFilter ?[0;39m ?[2m:?[0;39m Set SecurityContextHolder to AnonymousAuthenticationToken [Principal=anonymousUser, Credentials=[PROTECTED], Authenticated=true, Details=WebAuthenticationDetails [RemoteIpAddress=127.0.0.1, SessionId=null], Granted Authorities=[ROLE_ANONYMOUS]]
?[0m?[0;34m?[2m2023-08-22T13:43:43.582+02:00?[0;39m ?[32mTRACE?[0;39m ?[35m18216?[0;39m ?[2m---?[0;39m ?[2m[io-28852-exec-4]?[0;39m ?[36mo.s.security.web.FilterChainProxy       ?[0;39m ?[2m:?[0;39m Invoking ExceptionTranslationFilter (11/12)
?[0m?[0;34m?[2m2023-08-22T13:43:43.582+02:00?[0;39m ?[32mTRACE?[0;39m ?[35m18216?[0;39m ?[2m---?[0;39m ?[2m[io-28852-exec-4]?[0;39m ?[36mo.s.security.web.FilterChainProxy       ?[0;39m ?[2m:?[0;39m Invoking AuthorizationFilter (12/12)
?[0m?[0;34m?[2m2023-08-22T13:43:43.583+02:00?[0;39m ?[32mTRACE?[0;39m ?[35m18216?[0;39m ?[2m---?[0;39m ?[2m[io-28852-exec-4]?[0;39m ?[36mestMatcherDelegatingAuthorizationManager?[0;39m ?[2m:?[0;39m Authorizing SecurityContextHolderAwareRequestWrapper[ org.springframework.security.web.header.HeaderWriterFilter$HeaderWriterRequest@7835f303]
?[0m?[0;34m?[2m2023-08-22T13:43:43.583+02:00?[0;39m ?[32mTRACE?[0;39m ?[35m18216?[0;39m ?[2m---?[0;39m ?[2m[io-28852-exec-4]?[0;39m ?[36mestMatcherDelegatingAuthorizationManager?[0;39m ?[2m:?[0;39m Checking authorization on SecurityContextHolderAwareRequestWrapper[ org.springframework.security.web.header.HeaderWriterFilter$HeaderWriterRequest@7835f303] using org.springframework.security.config.annotation.web.configurers.AuthorizeHttpRequestsConfigurer$$Lambda$1316/0x0000000100a4d140@528cc85a
?[0m?[0;34m?[2m2023-08-22T13:43:43.584+02:00?[0;39m ?[32mDEBUG?[0;39m ?[35m18216?[0;39m ?[2m---?[0;39m ?[2m[io-28852-exec-4]?[0;39m ?[36mo.s.security.web.FilterChainProxy       ?[0;39m ?[2m:?[0;39m Secured POST /api/auth/signup
?[0m?[0;34m?[2m2023-08-22T13:43:43.585+02:00?[0;39m ?[32mTRACE?[0;39m ?[35m18216?[0;39m ?[2m---?[0;39m ?[2m[io-28852-exec-4]?[0;39m ?[36mo.s.s.w.header.writers.HstsHeaderWriter ?[0;39m ?[2m:?[0;39m Not injecting HSTS header since it did not match request to [Is Secure]
?[0m?[0;34m?[2m2023-08-22T13:43:43.586+02:00?[0;39m ?[33m WARN?[0;39m ?[35m18216?[0;39m ?[2m---?[0;39m ?[2m[io-28852-exec-4]?[0;39m ?[36m.w.s.m.s.DefaultHandlerExceptionResolver?[0;39m ?[2m:?[0;39m Resolved [org.springframework.web.bind.MethodArgumentNotValidException: Validation failed for argument [0] in public org.springframework.http.ResponseEntity<java.lang.Object> account.presentationlayer.Controller.signup(account.businesslayer.user.User): [Field error in object 'user' on field 'lastname': rejected value [null]; codes [NotBlank.user.lastname,NotBlank.lastname,NotBlank.java.lang.String,NotBlank]; arguments [org.springframework.context.support.DefaultMessageSourceResolvable: codes [user.lastname,lastname]; arguments []; default message [lastname]]; default message [must not be blank]] ]
?[0m?[0;34m?[2m2023-08-22T13:43:43.587+02:00?[0;39m ?[32mTRACE?[0;39m ?[35m18216?[0;39m ?[2m---?[0;39m ?[2m[io-28852-exec-4]?[0;39m ?[36mo.s.security.web.FilterChainProxy       ?[0;39m ?[2m:?[0;39m Trying to match request against DefaultSecurityFilterChain [RequestMatcher=any request, Filters=[org.springframework.security.web.session.DisableEncodeUrlFilter@5d51203b, org.springframework.security.web.context.request.async.WebAsyncManagerIntegrationFilter@32be672d, org.springframework.security.web.context.SecurityContextHolderFilter@74f54f8e, org.springframework.security.web.header.HeaderWriterFilter@157ff8f8, org.springframework.security.web.authentication.logout.LogoutFilter@72364a40, org.springframework.security.web.authentication.www.BasicAuthenticationFilter@a23b96b, org.springframework.security.web.savedrequest.RequestCacheAwareFilter@59b8a801, org.springframework.security.web.servletapi.SecurityContextHolderAwareRequestFilter@5aa026e9, org.springframework.security.web.authentication.AnonymousAuthenticationFilter@23e54c8a, org.springframework.security.web.session.SessionManagementFilter@79e3f444, org.springframework.security.web.access.ExceptionTranslationFilter@17a756db, org.springframework.security.web.access.intercept.AuthorizationFilter@55e75ce0]] (1/1)
?[0m?[0;34m?[2m2023-08-22T13:43:43.587+02:00?[0;39m ?[32mDEBUG?[0;39m ?[35m18216?[0;39m ?[2m---?[0;39m ?[2m[io-28852-exec-4]?[0;39m ?[36mo.s.security.web.FilterChainProxy       ?[0;39m ?[2m:?[0;39m Securing POST /error
?[0m?[0;34m?[2m2023-08-22T13:43:43.587+02:00?[0;39m ?[32mTRACE?[0;39m ?[35m18216?[0;39m ?[2m---?[0;39m ?[2m[io-28852-exec-4]?[0;39m ?[36mo.s.security.web.FilterChainProxy       ?[0;39m ?[2m:?[0;39m Invoking DisableEncodeUrlFilter (1/12)
?[0m?[0;34m?[2m2023-08-22T13:43:43.587+02:00?[0;39m ?[32mTRACE?[0;39m ?[35m18216?[0;39m ?[2m---?[0;39m ?[2m[io-28852-exec-4]?[0;39m ?[36mo.s.security.web.FilterChainProxy       ?[0;39m ?[2m:?[0;39m Invoking WebAsyncManagerIntegrationFilter (2/12)
?[0m?[0;34m?[2m2023-08-22T13:43:43.587+02:00?[0;39m ?[32mTRACE?[0;39m ?[35m18216?[0;39m ?[2m---?[0;39m ?[2m[io-28852-exec-4]?[0;39m ?[36mo.s.security.web.FilterChainProxy       ?[0;39m ?[2m:?[0;39m Invoking SecurityContextHolderFilter (3/12)
?[0m?[0;34m?[2m2023-08-22T13:43:43.587+02:00?[0;39m ?[32mTRACE?[0;39m ?[35m18216?[0;39m ?[2m---?[0;39m ?[2m[io-28852-exec-4]?[0;39m ?[36mo.s.security.web.FilterChainProxy       ?[0;39m ?[2m:?[0;39m Invoking HeaderWriterFilter (4/12)
?[0m?[0;34m?[2m2023-08-22T13:43:43.587+02:00?[0;39m ?[32mTRACE?[0;39m ?[35m18216?[0;39m ?[2m---?[0;39m ?[2m[io-28852-exec-4]?[0;39m ?[36mo.s.security.web.FilterChainProxy       ?[0;39m ?[2m:?[0;39m Invoking LogoutFilter (5/12)
?[0m?[0;34m?[2m2023-08-22T13:43:43.587+02:00?[0;39m ?[32mTRACE?[0;39m ?[35m18216?[0;39m ?[2m---?[0;39m ?[2m[io-28852-exec-4]?[0;39m ?[36mo.s.s.w.a.logout.LogoutFilter           ?[0;39m ?[2m:?[0;39m Did not match request to Or [Ant [pattern='/logout', GET], Ant [pattern='/logout', POST], Ant [pattern='/logout', PUT], Ant [pattern='/logout', DELETE]]
?[0m?[0;34m?[2m2023-08-22T13:43:43.587+02:00?[0;39m ?[32mTRACE?[0;39m ?[35m18216?[0;39m ?[2m---?[0;39m ?[2m[io-28852-exec-4]?[0;39m ?[36mo.s.security.web.FilterChainProxy       ?[0;39m ?[2m:?[0;39m Invoking BasicAuthenticationFilter (6/12)
?[0m?[0;34m?[2m2023-08-22T13:43:43.587+02:00?[0;39m ?[32mTRACE?[0;39m ?[35m18216?[0;39m ?[2m---?[0;39m ?[2m[io-28852-exec-4]?[0;39m ?[36mo.s.security.web.FilterChainProxy       ?[0;39m ?[2m:?[0;39m Invoking RequestCacheAwareFilter (7/12)
?[0m?[0;34m?[2m2023-08-22T13:43:43.587+02:00?[0;39m ?[32mTRACE?[0;39m ?[35m18216?[0;39m ?[2m---?[0;39m ?[2m[io-28852-exec-4]?[0;39m ?[36mo.s.security.web.FilterChainProxy       ?[0;39m ?[2m:?[0;39m Invoking SecurityContextHolderAwareRequestFilter (8/12)
?[0m?[0;34m?[2m2023-08-22T13:43:43.588+02:00?[0;39m ?[32mTRACE?[0;39m ?[35m18216?[0;39m ?[2m---?[0;39m ?[2m[io-28852-exec-4]?[0;39m ?[36mo.s.security.web.FilterChainProxy       ?[0;39m ?[2m:?[0;39m Invoking AnonymousAuthenticationFilter (9/12)
?[0m?[0;34m?[2m2023-08-22T13:43:43.588+02:00?[0;39m ?[32mTRACE?[0;39m ?[35m18216?[0;39m ?[2m---?[0;39m ?[2m[io-28852-exec-4]?[0;39m ?[36mo.s.security.web.FilterChainProxy       ?[0;39m ?[2m:?[0;39m Invoking SessionManagementFilter (10/12)
?[0m?[0;34m?[2m2023-08-22T13:43:43.588+02:00?[0;39m ?[32mTRACE?[0;39m ?[35m18216?[0;39m ?[2m---?[0;39m ?[2m[io-28852-exec-4]?[0;39m ?[36mo.s.security.web.FilterChainProxy       ?[0;39m ?[2m:?[0;39m Invoking ExceptionTranslationFilter (11/12)
?[0m?[0;34m?[2m2023-08-22T13:43:43.588+02:00?[0;39m ?[32mTRACE?[0;39m ?[35m18216?[0;39m ?[2m---?[0;39m ?[2m[io-28852-exec-4]?[0;39m ?[36mo.s.security.web.FilterChainProxy       ?[0;39m ?[2m:?[0;39m Invoking AuthorizationFilter (12/12)
?[0m?[0;34m?[2m2023-08-22T13:43:43.588+02:00?[0;39m ?[32mTRACE?[0;39m ?[35m18216?[0;39m ?[2m---?[0;39m ?[2m[io-28852-exec-4]?[0;39m ?[36mestMatcherDelegatingAuthorizationManager?[0;39m ?[2m:?[0;39m Authorizing SecurityContextHolderAwareRequestWrapper[ FirewalledRequest[ org.apache.catalina.core.ApplicationHttpRequest@72cd9873]]
?[0m?[0;34m?[2m2023-08-22T13:43:43.588+02:00?[0;39m ?[32mTRACE?[0;39m ?[35m18216?[0;39m ?[2m---?[0;39m ?[2m[io-28852-exec-4]?[0;39m ?[36mestMatcherDelegatingAuthorizationManager?[0;39m ?[2m:?[0;39m Checking authorization on SecurityContextHolderAwareRequestWrapper[ FirewalledRequest[ org.apache.catalina.core.ApplicationHttpRequest@72cd9873]] using org.springframework.security.config.annotation.web.configurers.AuthorizeHttpRequestsConfigurer$$Lambda$1316/0x0000000100a4d140@528cc85a
?[0m?[0;34m?[2m2023-08-22T13:43:43.589+02:00?[0;39m ?[32mDEBUG?[0;39m ?[35m18216?[0;39m ?[2m---?[0;39m ?[2m[io-28852-exec-4]?[0;39m ?[36mo.s.security.web.FilterChainProxy       ?[0;39m ?[2m:?[0;39m Secured POST /error
?[0m?[0;34m?[2m2023-08-22T13:43:43.589+02:00?[0;39m ?[32mTRACE?[0;39m ?[35m18216?[0;39m ?[2m---?[0;39m ?[2m[io-28852-exec-4]?[0;39m ?[36m.s.s.w.c.SupplierDeferredSecurityContext?[0;39m ?[2m:?[0;39m Created SecurityContextImpl [Null authentication]
?[0m?[0;34m?[2m2023-08-22T13:43:43.589+02:00?[0;39m ?[32mTRACE?[0;39m ?[35m18216?[0;39m ?[2m---?[0;39m ?[2m[io-28852-exec-4]?[0;39m ?[36mo.s.s.w.a.AnonymousAuthenticationFilter ?[0;39m ?[2m:?[0;39m Set SecurityContextHolder to AnonymousAuthenticationToken [Principal=anonymousUser, Credentials=[PROTECTED], Authenticated=true, Details=WebAuthenticationDetails [RemoteIpAddress=127.0.0.1, SessionId=null], Granted Authorities=[ROLE_ANONYMOUS]]
?[1;31m
Start test 5?[0m
?[0;34m?[2m2023-08-22T13:43:43.596+02:00?[0;39m ?[32mTRACE?[0;39m ?[35m18216?[0;39m ?[2m---?[0;39m ?[2m[io-28852-exec-5]?[0;39m ?[36mo.s.security.web.FilterChainProxy       ?[0;39m ?[2m:?[0;39m Trying to match request against DefaultSecurityFilterChain [RequestMatcher=any request, Filters=[org.springframework.security.web.session.DisableEncodeUrlFilter@5d51203b, org.springframework.security.web.context.request.async.WebAsyncManagerIntegrationFilter@32be672d, org.springframework.security.web.context.SecurityContextHolderFilter@74f54f8e, org.springframework.security.web.header.HeaderWriterFilter@157ff8f8, org.springframework.security.web.authentication.logout.LogoutFilter@72364a40, org.springframework.security.web.authentication.www.BasicAuthenticationFilter@a23b96b, org.springframework.security.web.savedrequest.RequestCacheAwareFilter@59b8a801, org.springframework.security.web.servletapi.SecurityContextHolderAwareRequestFilter@5aa026e9, org.springframework.security.web.authentication.AnonymousAuthenticationFilter@23e54c8a, org.springframework.security.web.session.SessionManagementFilter@79e3f444, org.springframework.security.web.access.ExceptionTranslationFilter@17a756db, org.springframework.security.web.access.intercept.AuthorizationFilter@55e75ce0]] (1/1)
?[0m?[0;34m?[2m2023-08-22T13:43:43.597+02:00?[0;39m ?[32mDEBUG?[0;39m ?[35m18216?[0;39m ?[2m---?[0;39m ?[2m[io-28852-exec-5]?[0;39m ?[36mo.s.security.web.FilterChainProxy       ?[0;39m ?[2m:?[0;39m Securing POST /api/auth/signup
?[0m?[0;34m?[2m2023-08-22T13:43:43.597+02:00?[0;39m ?[32mTRACE?[0;39m ?[35m18216?[0;39m ?[2m---?[0;39m ?[2m[io-28852-exec-5]?[0;39m ?[36mo.s.security.web.FilterChainProxy       ?[0;39m ?[2m:?[0;39m Invoking DisableEncodeUrlFilter (1/12)
?[0m?[0;34m?[2m2023-08-22T13:43:43.597+02:00?[0;39m ?[32mTRACE?[0;39m ?[35m18216?[0;39m ?[2m---?[0;39m ?[2m[io-28852-exec-5]?[0;39m ?[36mo.s.security.web.FilterChainProxy       ?[0;39m ?[2m:?[0;39m Invoking WebAsyncManagerIntegrationFilter (2/12)
?[0m?[0;34m?[2m2023-08-22T13:43:43.597+02:00?[0;39m ?[32mTRACE?[0;39m ?[35m18216?[0;39m ?[2m---?[0;39m ?[2m[io-28852-exec-5]?[0;39m ?[36mo.s.security.web.FilterChainProxy       ?[0;39m ?[2m:?[0;39m Invoking SecurityContextHolderFilter (3/12)
?[0m?[0;34m?[2m2023-08-22T13:43:43.597+02:00?[0;39m ?[32mTRACE?[0;39m ?[35m18216?[0;39m ?[2m---?[0;39m ?[2m[io-28852-exec-5]?[0;39m ?[36mo.s.security.web.FilterChainProxy       ?[0;39m ?[2m:?[0;39m Invoking HeaderWriterFilter (4/12)
?[0m?[0;34m?[2m2023-08-22T13:43:43.597+02:00?[0;39m ?[32mTRACE?[0;39m ?[35m18216?[0;39m ?[2m---?[0;39m ?[2m[io-28852-exec-5]?[0;39m ?[36mo.s.security.web.FilterChainProxy       ?[0;39m ?[2m:?[0;39m Invoking LogoutFilter (5/12)
?[0m?[0;34m?[2m2023-08-22T13:43:43.597+02:00?[0;39m ?[32mTRACE?[0;39m ?[35m18216?[0;39m ?[2m---?[0;39m ?[2m[io-28852-exec-5]?[0;39m ?[36mo.s.s.w.a.logout.LogoutFilter           ?[0;39m ?[2m:?[0;39m Did not match request to Or [Ant [pattern='/logout', GET], Ant [pattern='/logout', POST], Ant [pattern='/logout', PUT], Ant [pattern='/logout', DELETE]]
?[0m?[0;34m?[2m2023-08-22T13:43:43.597+02:00?[0;39m ?[32mTRACE?[0;39m ?[35m18216?[0;39m ?[2m---?[0;39m ?[2m[io-28852-exec-5]?[0;39m ?[36mo.s.security.web.FilterChainProxy       ?[0;39m ?[2m:?[0;39m Invoking BasicAuthenticationFilter (6/12)
?[0m?[0;34m?[2m2023-08-22T13:43:43.597+02:00?[0;39m ?[32mTRACE?[0;39m ?[35m18216?[0;39m ?[2m---?[0;39m ?[2m[io-28852-exec-5]?[0;39m ?[36mo.s.s.w.a.www.BasicAuthenticationFilter ?[0;39m ?[2m:?[0;39m Did not process authentication request since failed to find username and password in Basic Authorization header
?[0m?[0;34m?[2m2023-08-22T13:43:43.597+02:00?[0;39m ?[32mTRACE?[0;39m ?[35m18216?[0;39m ?[2m---?[0;39m ?[2m[io-28852-exec-5]?[0;39m ?[36mo.s.security.web.FilterChainProxy       ?[0;39m ?[2m:?[0;39m Invoking RequestCacheAwareFilter (7/12)
?[0m?[0;34m?[2m2023-08-22T13:43:43.597+02:00?[0;39m ?[32mTRACE?[0;39m ?[35m18216?[0;39m ?[2m---?[0;39m ?[2m[io-28852-exec-5]?[0;39m ?[36mo.s.security.web.FilterChainProxy       ?[0;39m ?[2m:?[0;39m Invoking SecurityContextHolderAwareRequestFilter (8/12)
?[0m?[0;34m?[2m2023-08-22T13:43:43.597+02:00?[0;39m ?[32mTRACE?[0;39m ?[35m18216?[0;39m ?[2m---?[0;39m ?[2m[io-28852-exec-5]?[0;39m ?[36mo.s.security.web.FilterChainProxy       ?[0;39m ?[2m:?[0;39m Invoking AnonymousAuthenticationFilter (9/12)
?[0m?[0;34m?[2m2023-08-22T13:43:43.598+02:00?[0;39m ?[32mTRACE?[0;39m ?[35m18216?[0;39m ?[2m---?[0;39m ?[2m[io-28852-exec-5]?[0;39m ?[36mo.s.security.web.FilterChainProxy       ?[0;39m ?[2m:?[0;39m Invoking SessionManagementFilter (10/12)
?[0m?[0;34m?[2m2023-08-22T13:43:43.598+02:00?[0;39m ?[32mTRACE?[0;39m ?[35m18216?[0;39m ?[2m---?[0;39m ?[2m[io-28852-exec-5]?[0;39m ?[36m.s.s.w.c.SupplierDeferredSecurityContext?[0;39m ?[2m:?[0;39m Created SecurityContextImpl [Null authentication]
?[0m?[0;34m?[2m2023-08-22T13:43:43.598+02:00?[0;39m ?[32mTRACE?[0;39m ?[35m18216?[0;39m ?[2m---?[0;39m ?[2m[io-28852-exec-5]?[0;39m ?[36mo.s.s.w.a.AnonymousAuthenticationFilter ?[0;39m ?[2m:?[0;39m Set SecurityContextHolder to AnonymousAuthenticationToken [Principal=anonymousUser, Credentials=[PROTECTED], Authenticated=true, Details=WebAuthenticationDetails [RemoteIpAddress=127.0.0.1, SessionId=null], Granted Authorities=[ROLE_ANONYMOUS]]
?[0m?[0;34m?[2m2023-08-22T13:43:43.598+02:00?[0;39m ?[32mTRACE?[0;39m ?[35m18216?[0;39m ?[2m---?[0;39m ?[2m[io-28852-exec-5]?[0;39m ?[36mo.s.security.web.FilterChainProxy       ?[0;39m ?[2m:?[0;39m Invoking ExceptionTranslationFilter (11/12)
?[0m?[0;34m?[2m2023-08-22T13:43:43.598+02:00?[0;39m ?[32mTRACE?[0;39m ?[35m18216?[0;39m ?[2m---?[0;39m ?[2m[io-28852-exec-5]?[0;39m ?[36mo.s.security.web.FilterChainProxy       ?[0;39m ?[2m:?[0;39m Invoking AuthorizationFilter (12/12)
?[0m?[0;34m?[2m2023-08-22T13:43:43.598+02:00?[0;39m ?[32mTRACE?[0;39m ?[35m18216?[0;39m ?[2m---?[0;39m ?[2m[io-28852-exec-5]?[0;39m ?[36mestMatcherDelegatingAuthorizationManager?[0;39m ?[2m:?[0;39m Authorizing SecurityContextHolderAwareRequestWrapper[ org.springframework.security.web.header.HeaderWriterFilter$HeaderWriterRequest@1c05c03b]
?[0m?[0;34m?[2m2023-08-22T13:43:43.599+02:00?[0;39m ?[32mTRACE?[0;39m ?[35m18216?[0;39m ?[2m---?[0;39m ?[2m[io-28852-exec-5]?[0;39m ?[36mestMatcherDelegatingAuthorizationManager?[0;39m ?[2m:?[0;39m Checking authorization on SecurityContextHolderAwareRequestWrapper[ org.springframework.security.web.header.HeaderWriterFilter$HeaderWriterRequest@1c05c03b] using org.springframework.security.config.annotation.web.configurers.AuthorizeHttpRequestsConfigurer$$Lambda$1316/0x0000000100a4d140@528cc85a
?[0m?[0;34m?[2m2023-08-22T13:43:43.599+02:00?[0;39m ?[32mDEBUG?[0;39m ?[35m18216?[0;39m ?[2m---?[0;39m ?[2m[io-28852-exec-5]?[0;39m ?[36mo.s.security.web.FilterChainProxy       ?[0;39m ?[2m:?[0;39m Secured POST /api/auth/signup
?[0m?[0;34m?[2m2023-08-22T13:43:43.601+02:00?[0;39m ?[32mTRACE?[0;39m ?[35m18216?[0;39m ?[2m---?[0;39m ?[2m[io-28852-exec-5]?[0;39m ?[36mo.s.s.w.header.writers.HstsHeaderWriter ?[0;39m ?[2m:?[0;39m Not injecting HSTS header since it did not match request to [Is Secure]
?[0m?[0;34m?[2m2023-08-22T13:43:43.601+02:00?[0;39m ?[33m WARN?[0;39m ?[35m18216?[0;39m ?[2m---?[0;39m ?[2m[io-28852-exec-5]?[0;39m ?[36m.w.s.m.s.DefaultHandlerExceptionResolver?[0;39m ?[2m:?[0;39m Resolved [org.springframework.web.bind.MethodArgumentNotValidException: Validation failed for argument [0] in public org.springframework.http.ResponseEntity<java.lang.Object> account.presentationlayer.Controller.signup(account.businesslayer.user.User) with 2 errors: [Field error in object 'user' on field 'email': rejected value []; codes [Email.user.email,Email.email,Email.java.lang.String,Email]; arguments [org.springframework.context.support.DefaultMessageSourceResolvable: codes [user.email,email]; arguments []; default message [email],[Ljakarta.validation.constraints.Pattern$Flag;@33d0c8bf,^(.+)@acme.com$]; default message [must be a well-formed email address]] [Field error in object 'user' on field 'email': rejected value []; codes [NotBlank.user.email,NotBlank.email,NotBlank.java.lang.String,NotBlank]; arguments [org.springframework.context.support.DefaultMessageSourceResolvable: codes [user.email,email]; arguments []; default message [email]]; default message [must not be blank]] ]
?[0m?[0;34m?[2m2023-08-22T13:43:43.603+02:00?[0;39m ?[32mTRACE?[0;39m ?[35m18216?[0;39m ?[2m---?[0;39m ?[2m[io-28852-exec-5]?[0;39m ?[36mo.s.security.web.FilterChainProxy       ?[0;39m ?[2m:?[0;39m Trying to match request against DefaultSecurityFilterChain [RequestMatcher=any request, Filters=[org.springframework.security.web.session.DisableEncodeUrlFilter@5d51203b, org.springframework.security.web.context.request.async.WebAsyncManagerIntegrationFilter@32be672d, org.springframework.security.web.context.SecurityContextHolderFilter@74f54f8e, org.springframework.security.web.header.HeaderWriterFilter@157ff8f8, org.springframework.security.web.authentication.logout.LogoutFilter@72364a40, org.springframework.security.web.authentication.www.BasicAuthenticationFilter@a23b96b, org.springframework.security.web.savedrequest.RequestCacheAwareFilter@59b8a801, org.springframework.security.web.servletapi.SecurityContextHolderAwareRequestFilter@5aa026e9, org.springframework.security.web.authentication.AnonymousAuthenticationFilter@23e54c8a, org.springframework.security.web.session.SessionManagementFilter@79e3f444, org.springframework.security.web.access.ExceptionTranslationFilter@17a756db, org.springframework.security.web.access.intercept.AuthorizationFilter@55e75ce0]] (1/1)
?[0m?[0;34m?[2m2023-08-22T13:43:43.603+02:00?[0;39m ?[32mDEBUG?[0;39m ?[35m18216?[0;39m ?[2m---?[0;39m ?[2m[io-28852-exec-5]?[0;39m ?[36mo.s.security.web.FilterChainProxy       ?[0;39m ?[2m:?[0;39m Securing POST /error
?[0m?[0;34m?[2m2023-08-22T13:43:43.603+02:00?[0;39m ?[32mTRACE?[0;39m ?[35m18216?[0;39m ?[2m---?[0;39m ?[2m[io-28852-exec-5]?[0;39m ?[36mo.s.security.web.FilterChainProxy       ?[0;39m ?[2m:?[0;39m Invoking DisableEncodeUrlFilter (1/12)
?[0m?[0;34m?[2m2023-08-22T13:43:43.603+02:00?[0;39m ?[32mTRACE?[0;39m ?[35m18216?[0;39m ?[2m---?[0;39m ?[2m[io-28852-exec-5]?[0;39m ?[36mo.s.security.web.FilterChainProxy       ?[0;39m ?[2m:?[0;39m Invoking WebAsyncManagerIntegrationFilter (2/12)
?[0m?[0;34m?[2m2023-08-22T13:43:43.603+02:00?[0;39m ?[32mTRACE?[0;39m ?[35m18216?[0;39m ?[2m---?[0;39m ?[2m[io-28852-exec-5]?[0;39m ?[36mo.s.security.web.FilterChainProxy       ?[0;39m ?[2m:?[0;39m Invoking SecurityContextHolderFilter (3/12)
?[0m?[0;34m?[2m2023-08-22T13:43:43.603+02:00?[0;39m ?[32mTRACE?[0;39m ?[35m18216?[0;39m ?[2m---?[0;39m ?[2m[io-28852-exec-5]?[0;39m ?[36mo.s.security.web.FilterChainProxy       ?[0;39m ?[2m:?[0;39m Invoking HeaderWriterFilter (4/12)
?[0m?[0;34m?[2m2023-08-22T13:43:43.603+02:00?[0;39m ?[32mTRACE?[0;39m ?[35m18216?[0;39m ?[2m---?[0;39m ?[2m[io-28852-exec-5]?[0;39m ?[36mo.s.security.web.FilterChainProxy       ?[0;39m ?[2m:?[0;39m Invoking LogoutFilter (5/12)
?[0m?[0;34m?[2m2023-08-22T13:43:43.604+02:00?[0;39m ?[32mTRACE?[0;39m ?[35m18216?[0;39m ?[2m---?[0;39m ?[2m[io-28852-exec-5]?[0;39m ?[36mo.s.s.w.a.logout.LogoutFilter           ?[0;39m ?[2m:?[0;39m Did not match request to Or [Ant [pattern='/logout', GET], Ant [pattern='/logout', POST], Ant [pattern='/logout', PUT], Ant [pattern='/logout', DELETE]]
?[0m?[0;34m?[2m2023-08-22T13:43:43.604+02:00?[0;39m ?[32mTRACE?[0;39m ?[35m18216?[0;39m ?[2m---?[0;39m ?[2m[io-28852-exec-5]?[0;39m ?[36mo.s.security.web.FilterChainProxy       ?[0;39m ?[2m:?[0;39m Invoking BasicAuthenticationFilter (6/12)
?[0m?[0;34m?[2m2023-08-22T13:43:43.604+02:00?[0;39m ?[32mTRACE?[0;39m ?[35m18216?[0;39m ?[2m---?[0;39m ?[2m[io-28852-exec-5]?[0;39m ?[36mo.s.security.web.FilterChainProxy       ?[0;39m ?[2m:?[0;39m Invoking RequestCacheAwareFilter (7/12)
?[0m?[0;34m?[2m2023-08-22T13:43:43.604+02:00?[0;39m ?[32mTRACE?[0;39m ?[35m18216?[0;39m ?[2m---?[0;39m ?[2m[io-28852-exec-5]?[0;39m ?[36mo.s.security.web.FilterChainProxy       ?[0;39m ?[2m:?[0;39m Invoking SecurityContextHolderAwareRequestFilter (8/12)
?[0m?[0;34m?[2m2023-08-22T13:43:43.604+02:00?[0;39m ?[32mTRACE?[0;39m ?[35m18216?[0;39m ?[2m---?[0;39m ?[2m[io-28852-exec-5]?[0;39m ?[36mo.s.security.web.FilterChainProxy       ?[0;39m ?[2m:?[0;39m Invoking AnonymousAuthenticationFilter (9/12)
?[0m?[0;34m?[2m2023-08-22T13:43:43.604+02:00?[0;39m ?[32mTRACE?[0;39m ?[35m18216?[0;39m ?[2m---?[0;39m ?[2m[io-28852-exec-5]?[0;39m ?[36mo.s.security.web.FilterChainProxy       ?[0;39m ?[2m:?[0;39m Invoking SessionManagementFilter (10/12)
?[0m?[0;34m?[2m2023-08-22T13:43:43.604+02:00?[0;39m ?[32mTRACE?[0;39m ?[35m18216?[0;39m ?[2m---?[0;39m ?[2m[io-28852-exec-5]?[0;39m ?[36mo.s.security.web.FilterChainProxy       ?[0;39m ?[2m:?[0;39m Invoking ExceptionTranslationFilter (11/12)
?[0m?[0;34m?[2m2023-08-22T13:43:43.604+02:00?[0;39m ?[32mTRACE?[0;39m ?[35m18216?[0;39m ?[2m---?[0;39m ?[2m[io-28852-exec-5]?[0;39m ?[36mo.s.security.web.FilterChainProxy       ?[0;39m ?[2m:?[0;39m Invoking AuthorizationFilter (12/12)
?[0m?[0;34m?[2m2023-08-22T13:43:43.604+02:00?[0;39m ?[32mTRACE?[0;39m ?[35m18216?[0;39m ?[2m---?[0;39m ?[2m[io-28852-exec-5]?[0;39m ?[36mestMatcherDelegatingAuthorizationManager?[0;39m ?[2m:?[0;39m Authorizing SecurityContextHolderAwareRequestWrapper[ FirewalledRequest[ org.apache.catalina.core.ApplicationHttpRequest@2be3216]]
?[0m?[0;34m?[2m2023-08-22T13:43:43.605+02:00?[0;39m ?[32mTRACE?[0;39m ?[35m18216?[0;39m ?[2m---?[0;39m ?[2m[io-28852-exec-5]?[0;39m ?[36mestMatcherDelegatingAuthorizationManager?[0;39m ?[2m:?[0;39m Checking authorization on SecurityContextHolderAwareRequestWrapper[ FirewalledRequest[ org.apache.catalina.core.ApplicationHttpRequest@2be3216]] using org.springframework.security.config.annotation.web.configurers.AuthorizeHttpRequestsConfigurer$$Lambda$1316/0x0000000100a4d140@528cc85a
?[0m?[0;34m?[2m2023-08-22T13:43:43.605+02:00?[0;39m ?[32mDEBUG?[0;39m ?[35m18216?[0;39m ?[2m---?[0;39m ?[2m[io-28852-exec-5]?[0;39m ?[36mo.s.security.web.FilterChainProxy       ?[0;39m ?[2m:?[0;39m Secured POST /error
?[0m?[0;34m?[2m2023-08-22T13:43:43.605+02:00?[0;39m ?[32mTRACE?[0;39m ?[35m18216?[0;39m ?[2m---?[0;39m ?[2m[io-28852-exec-5]?[0;39m ?[36m.s.s.w.c.SupplierDeferredSecurityContext?[0;39m ?[2m:?[0;39m Created SecurityContextImpl [Null authentication]
?[0m?[0;34m?[2m2023-08-22T13:43:43.605+02:00?[0;39m ?[32mTRACE?[0;39m ?[35m18216?[0;39m ?[2m---?[0;39m ?[2m[io-28852-exec-5]?[0;39m ?[36mo.s.s.w.a.AnonymousAuthenticationFilter ?[0;39m ?[2m:?[0;39m Set SecurityContextHolder to AnonymousAuthenticationToken [Principal=anonymousUser, Credentials=[PROTECTED], Authenticated=true, Details=WebAuthenticationDetails [RemoteIpAddress=127.0.0.1, SessionId=null], Granted Authorities=[ROLE_ANONYMOUS]]
?[1;31m
Start test 6?[0m
?[0;34m?[2m2023-08-22T13:43:43.613+02:00?[0;39m ?[32mTRACE?[0;39m ?[35m18216?[0;39m ?[2m---?[0;39m ?[2m[io-28852-exec-6]?[0;39m ?[36mo.s.security.web.FilterChainProxy       ?[0;39m ?[2m:?[0;39m Trying to match request against DefaultSecurityFilterChain [RequestMatcher=any request, Filters=[org.springframework.security.web.session.DisableEncodeUrlFilter@5d51203b, org.springframework.security.web.context.request.async.WebAsyncManagerIntegrationFilter@32be672d, org.springframework.security.web.context.SecurityContextHolderFilter@74f54f8e, org.springframework.security.web.header.HeaderWriterFilter@157ff8f8, org.springframework.security.web.authentication.logout.LogoutFilter@72364a40, org.springframework.security.web.authentication.www.BasicAuthenticationFilter@a23b96b, org.springframework.security.web.savedrequest.RequestCacheAwareFilter@59b8a801, org.springframework.security.web.servletapi.SecurityContextHolderAwareRequestFilter@5aa026e9, org.springframework.security.web.authentication.AnonymousAuthenticationFilter@23e54c8a, org.springframework.security.web.session.SessionManagementFilter@79e3f444, org.springframework.security.web.access.ExceptionTranslationFilter@17a756db, org.springframework.security.web.access.intercept.AuthorizationFilter@55e75ce0]] (1/1)
?[0m?[0;34m?[2m2023-08-22T13:43:43.613+02:00?[0;39m ?[32mDEBUG?[0;39m ?[35m18216?[0;39m ?[2m---?[0;39m ?[2m[io-28852-exec-6]?[0;39m ?[36mo.s.security.web.FilterChainProxy       ?[0;39m ?[2m:?[0;39m Securing POST /api/auth/signup
?[0m?[0;34m?[2m2023-08-22T13:43:43.613+02:00?[0;39m ?[32mTRACE?[0;39m ?[35m18216?[0;39m ?[2m---?[0;39m ?[2m[io-28852-exec-6]?[0;39m ?[36mo.s.security.web.FilterChainProxy       ?[0;39m ?[2m:?[0;39m Invoking DisableEncodeUrlFilter (1/12)
?[0m?[0;34m?[2m2023-08-22T13:43:43.614+02:00?[0;39m ?[32mTRACE?[0;39m ?[35m18216?[0;39m ?[2m---?[0;39m ?[2m[io-28852-exec-6]?[0;39m ?[36mo.s.security.web.FilterChainProxy       ?[0;39m ?[2m:?[0;39m Invoking WebAsyncManagerIntegrationFilter (2/12)
?[0m?[0;34m?[2m2023-08-22T13:43:43.614+02:00?[0;39m ?[32mTRACE?[0;39m ?[35m18216?[0;39m ?[2m---?[0;39m ?[2m[io-28852-exec-6]?[0;39m ?[36mo.s.security.web.FilterChainProxy       ?[0;39m ?[2m:?[0;39m Invoking SecurityContextHolderFilter (3/12)
?[0m?[0;34m?[2m2023-08-22T13:43:43.614+02:00?[0;39m ?[32mTRACE?[0;39m ?[35m18216?[0;39m ?[2m---?[0;39m ?[2m[io-28852-exec-6]?[0;39m ?[36mo.s.security.web.FilterChainProxy       ?[0;39m ?[2m:?[0;39m Invoking HeaderWriterFilter (4/12)
?[0m?[0;34m?[2m2023-08-22T13:43:43.614+02:00?[0;39m ?[32mTRACE?[0;39m ?[35m18216?[0;39m ?[2m---?[0;39m ?[2m[io-28852-exec-6]?[0;39m ?[36mo.s.security.web.FilterChainProxy       ?[0;39m ?[2m:?[0;39m Invoking LogoutFilter (5/12)
?[0m?[0;34m?[2m2023-08-22T13:43:43.614+02:00?[0;39m ?[32mTRACE?[0;39m ?[35m18216?[0;39m ?[2m---?[0;39m ?[2m[io-28852-exec-6]?[0;39m ?[36mo.s.s.w.a.logout.LogoutFilter           ?[0;39m ?[2m:?[0;39m Did not match request to Or [Ant [pattern='/logout', GET], Ant [pattern='/logout', POST], Ant [pattern='/logout', PUT], Ant [pattern='/logout', DELETE]]
?[0m?[0;34m?[2m2023-08-22T13:43:43.614+02:00?[0;39m ?[32mTRACE?[0;39m ?[35m18216?[0;39m ?[2m---?[0;39m ?[2m[io-28852-exec-6]?[0;39m ?[36mo.s.security.web.FilterChainProxy       ?[0;39m ?[2m:?[0;39m Invoking BasicAuthenticationFilter (6/12)
?[0m?[0;34m?[2m2023-08-22T13:43:43.614+02:00?[0;39m ?[32mTRACE?[0;39m ?[35m18216?[0;39m ?[2m---?[0;39m ?[2m[io-28852-exec-6]?[0;39m ?[36mo.s.s.w.a.www.BasicAuthenticationFilter ?[0;39m ?[2m:?[0;39m Did not process authentication request since failed to find username and password in Basic Authorization header
?[0m?[0;34m?[2m2023-08-22T13:43:43.614+02:00?[0;39m ?[32mTRACE?[0;39m ?[35m18216?[0;39m ?[2m---?[0;39m ?[2m[io-28852-exec-6]?[0;39m ?[36mo.s.security.web.FilterChainProxy       ?[0;39m ?[2m:?[0;39m Invoking RequestCacheAwareFilter (7/12)
?[0m?[0;34m?[2m2023-08-22T13:43:43.614+02:00?[0;39m ?[32mTRACE?[0;39m ?[35m18216?[0;39m ?[2m---?[0;39m ?[2m[io-28852-exec-6]?[0;39m ?[36mo.s.security.web.FilterChainProxy       ?[0;39m ?[2m:?[0;39m Invoking SecurityContextHolderAwareRequestFilter (8/12)
?[0m?[0;34m?[2m2023-08-22T13:43:43.614+02:00?[0;39m ?[32mTRACE?[0;39m ?[35m18216?[0;39m ?[2m---?[0;39m ?[2m[io-28852-exec-6]?[0;39m ?[36mo.s.security.web.FilterChainProxy       ?[0;39m ?[2m:?[0;39m Invoking AnonymousAuthenticationFilter (9/12)
?[0m?[0;34m?[2m2023-08-22T13:43:43.615+02:00?[0;39m ?[32mTRACE?[0;39m ?[35m18216?[0;39m ?[2m---?[0;39m ?[2m[io-28852-exec-6]?[0;39m ?[36mo.s.security.web.FilterChainProxy       ?[0;39m ?[2m:?[0;39m Invoking SessionManagementFilter (10/12)
?[0m?[0;34m?[2m2023-08-22T13:43:43.615+02:00?[0;39m ?[32mTRACE?[0;39m ?[35m18216?[0;39m ?[2m---?[0;39m ?[2m[io-28852-exec-6]?[0;39m ?[36m.s.s.w.c.SupplierDeferredSecurityContext?[0;39m ?[2m:?[0;39m Created SecurityContextImpl [Null authentication]
?[0m?[0;34m?[2m2023-08-22T13:43:43.615+02:00?[0;39m ?[32mTRACE?[0;39m ?[35m18216?[0;39m ?[2m---?[0;39m ?[2m[io-28852-exec-6]?[0;39m ?[36mo.s.s.w.a.AnonymousAuthenticationFilter ?[0;39m ?[2m:?[0;39m Set SecurityContextHolder to AnonymousAuthenticationToken [Principal=anonymousUser, Credentials=[PROTECTED], Authenticated=true, Details=WebAuthenticationDetails [RemoteIpAddress=127.0.0.1, SessionId=null], Granted Authorities=[ROLE_ANONYMOUS]]
?[0m?[0;34m?[2m2023-08-22T13:43:43.615+02:00?[0;39m ?[32mTRACE?[0;39m ?[35m18216?[0;39m ?[2m---?[0;39m ?[2m[io-28852-exec-6]?[0;39m ?[36mo.s.security.web.FilterChainProxy       ?[0;39m ?[2m:?[0;39m Invoking ExceptionTranslationFilter (11/12)
?[0m?[0;34m?[2m2023-08-22T13:43:43.615+02:00?[0;39m ?[32mTRACE?[0;39m ?[35m18216?[0;39m ?[2m---?[0;39m ?[2m[io-28852-exec-6]?[0;39m ?[36mo.s.security.web.FilterChainProxy       ?[0;39m ?[2m:?[0;39m Invoking AuthorizationFilter (12/12)
?[0m?[0;34m?[2m2023-08-22T13:43:43.615+02:00?[0;39m ?[32mTRACE?[0;39m ?[35m18216?[0;39m ?[2m---?[0;39m ?[2m[io-28852-exec-6]?[0;39m ?[36mestMatcherDelegatingAuthorizationManager?[0;39m ?[2m:?[0;39m Authorizing SecurityContextHolderAwareRequestWrapper[ org.springframework.security.web.header.HeaderWriterFilter$HeaderWriterRequest@7b2d46d0]
?[0m?[0;34m?[2m2023-08-22T13:43:43.616+02:00?[0;39m ?[32mTRACE?[0;39m ?[35m18216?[0;39m ?[2m---?[0;39m ?[2m[io-28852-exec-6]?[0;39m ?[36mestMatcherDelegatingAuthorizationManager?[0;39m ?[2m:?[0;39m Checking authorization on SecurityContextHolderAwareRequestWrapper[ org.springframework.security.web.header.HeaderWriterFilter$HeaderWriterRequest@7b2d46d0] using org.springframework.security.config.annotation.web.configurers.AuthorizeHttpRequestsConfigurer$$Lambda$1316/0x0000000100a4d140@528cc85a
?[0m?[0;34m?[2m2023-08-22T13:43:43.616+02:00?[0;39m ?[32mDEBUG?[0;39m ?[35m18216?[0;39m ?[2m---?[0;39m ?[2m[io-28852-exec-6]?[0;39m ?[36mo.s.security.web.FilterChainProxy       ?[0;39m ?[2m:?[0;39m Secured POST /api/auth/signup
?[0m?[0;34m?[2m2023-08-22T13:43:43.618+02:00?[0;39m ?[32mTRACE?[0;39m ?[35m18216?[0;39m ?[2m---?[0;39m ?[2m[io-28852-exec-6]?[0;39m ?[36mo.s.s.w.header.writers.HstsHeaderWriter ?[0;39m ?[2m:?[0;39m Not injecting HSTS header since it did not match request to [Is Secure]
?[0m?[0;34m?[2m2023-08-22T13:43:43.618+02:00?[0;39m ?[33m WARN?[0;39m ?[35m18216?[0;39m ?[2m---?[0;39m ?[2m[io-28852-exec-6]?[0;39m ?[36m.w.s.m.s.DefaultHandlerExceptionResolver?[0;39m ?[2m:?[0;39m Resolved [org.springframework.web.bind.MethodArgumentNotValidException: Validation failed for argument [0] in public org.springframework.http.ResponseEntity<java.lang.Object> account.presentationlayer.Controller.signup(account.businesslayer.user.User): [Field error in object 'user' on field 'email': rejected value [null]; codes [NotBlank.user.email,NotBlank.email,NotBlank.java.lang.String,NotBlank]; arguments [org.springframework.context.support.DefaultMessageSourceResolvable: codes [user.email,email]; arguments []; default message [email]]; default message [must not be blank]] ]
?[0m?[0;34m?[2m2023-08-22T13:43:43.620+02:00?[0;39m ?[32mTRACE?[0;39m ?[35m18216?[0;39m ?[2m---?[0;39m ?[2m[io-28852-exec-6]?[0;39m ?[36mo.s.security.web.FilterChainProxy       ?[0;39m ?[2m:?[0;39m Trying to match request against DefaultSecurityFilterChain [RequestMatcher=any request, Filters=[org.springframework.security.web.session.DisableEncodeUrlFilter@5d51203b, org.springframework.security.web.context.request.async.WebAsyncManagerIntegrationFilter@32be672d, org.springframework.security.web.context.SecurityContextHolderFilter@74f54f8e, org.springframework.security.web.header.HeaderWriterFilter@157ff8f8, org.springframework.security.web.authentication.logout.LogoutFilter@72364a40, org.springframework.security.web.authentication.www.BasicAuthenticationFilter@a23b96b, org.springframework.security.web.savedrequest.RequestCacheAwareFilter@59b8a801, org.springframework.security.web.servletapi.SecurityContextHolderAwareRequestFilter@5aa026e9, org.springframework.security.web.authentication.AnonymousAuthenticationFilter@23e54c8a, org.springframework.security.web.session.SessionManagementFilter@79e3f444, org.springframework.security.web.access.ExceptionTranslationFilter@17a756db, org.springframework.security.web.access.intercept.AuthorizationFilter@55e75ce0]] (1/1)
?[0m?[0;34m?[2m2023-08-22T13:43:43.620+02:00?[0;39m ?[32mDEBUG?[0;39m ?[35m18216?[0;39m ?[2m---?[0;39m ?[2m[io-28852-exec-6]?[0;39m ?[36mo.s.security.web.FilterChainProxy       ?[0;39m ?[2m:?[0;39m Securing POST /error
?[0m?[0;34m?[2m2023-08-22T13:43:43.620+02:00?[0;39m ?[32mTRACE?[0;39m ?[35m18216?[0;39m ?[2m---?[0;39m ?[2m[io-28852-exec-6]?[0;39m ?[36mo.s.security.web.FilterChainProxy       ?[0;39m ?[2m:?[0;39m Invoking DisableEncodeUrlFilter (1/12)
?[0m?[0;34m?[2m2023-08-22T13:43:43.620+02:00?[0;39m ?[32mTRACE?[0;39m ?[35m18216?[0;39m ?[2m---?[0;39m ?[2m[io-28852-exec-6]?[0;39m ?[36mo.s.security.web.FilterChainProxy       ?[0;39m ?[2m:?[0;39m Invoking WebAsyncManagerIntegrationFilter (2/12)
?[0m?[0;34m?[2m2023-08-22T13:43:43.620+02:00?[0;39m ?[32mTRACE?[0;39m ?[35m18216?[0;39m ?[2m---?[0;39m ?[2m[io-28852-exec-6]?[0;39m ?[36mo.s.security.web.FilterChainProxy       ?[0;39m ?[2m:?[0;39m Invoking SecurityContextHolderFilter (3/12)
?[0m?[0;34m?[2m2023-08-22T13:43:43.620+02:00?[0;39m ?[32mTRACE?[0;39m ?[35m18216?[0;39m ?[2m---?[0;39m ?[2m[io-28852-exec-6]?[0;39m ?[36mo.s.security.web.FilterChainProxy       ?[0;39m ?[2m:?[0;39m Invoking HeaderWriterFilter (4/12)
?[0m?[0;34m?[2m2023-08-22T13:43:43.620+02:00?[0;39m ?[32mTRACE?[0;39m ?[35m18216?[0;39m ?[2m---?[0;39m ?[2m[io-28852-exec-6]?[0;39m ?[36mo.s.security.web.FilterChainProxy       ?[0;39m ?[2m:?[0;39m Invoking LogoutFilter (5/12)
?[0m?[0;34m?[2m2023-08-22T13:43:43.620+02:00?[0;39m ?[32mTRACE?[0;39m ?[35m18216?[0;39m ?[2m---?[0;39m ?[2m[io-28852-exec-6]?[0;39m ?[36mo.s.s.w.a.logout.LogoutFilter           ?[0;39m ?[2m:?[0;39m Did not match request to Or [Ant [pattern='/logout', GET], Ant [pattern='/logout', POST], Ant [pattern='/logout', PUT], Ant [pattern='/logout', DELETE]]
?[0m?[0;34m?[2m2023-08-22T13:43:43.620+02:00?[0;39m ?[32mTRACE?[0;39m ?[35m18216?[0;39m ?[2m---?[0;39m ?[2m[io-28852-exec-6]?[0;39m ?[36mo.s.security.web.FilterChainProxy       ?[0;39m ?[2m:?[0;39m Invoking BasicAuthenticationFilter (6/12)
?[0m?[0;34m?[2m2023-08-22T13:43:43.620+02:00?[0;39m ?[32mTRACE?[0;39m ?[35m18216?[0;39m ?[2m---?[0;39m ?[2m[io-28852-exec-6]?[0;39m ?[36mo.s.security.web.FilterChainProxy       ?[0;39m ?[2m:?[0;39m Invoking RequestCacheAwareFilter (7/12)
?[0m?[0;34m?[2m2023-08-22T13:43:43.620+02:00?[0;39m ?[32mTRACE?[0;39m ?[35m18216?[0;39m ?[2m---?[0;39m ?[2m[io-28852-exec-6]?[0;39m ?[36mo.s.security.web.FilterChainProxy       ?[0;39m ?[2m:?[0;39m Invoking SecurityContextHolderAwareRequestFilter (8/12)
?[0m?[0;34m?[2m2023-08-22T13:43:43.620+02:00?[0;39m ?[32mTRACE?[0;39m ?[35m18216?[0;39m ?[2m---?[0;39m ?[2m[io-28852-exec-6]?[0;39m ?[36mo.s.security.web.FilterChainProxy       ?[0;39m ?[2m:?[0;39m Invoking AnonymousAuthenticationFilter (9/12)
?[0m?[0;34m?[2m2023-08-22T13:43:43.621+02:00?[0;39m ?[32mTRACE?[0;39m ?[35m18216?[0;39m ?[2m---?[0;39m ?[2m[io-28852-exec-6]?[0;39m ?[36mo.s.security.web.FilterChainProxy       ?[0;39m ?[2m:?[0;39m Invoking SessionManagementFilter (10/12)
?[0m?[0;34m?[2m2023-08-22T13:43:43.621+02:00?[0;39m ?[32mTRACE?[0;39m ?[35m18216?[0;39m ?[2m---?[0;39m ?[2m[io-28852-exec-6]?[0;39m ?[36mo.s.security.web.FilterChainProxy       ?[0;39m ?[2m:?[0;39m Invoking ExceptionTranslationFilter (11/12)
?[0m?[0;34m?[2m2023-08-22T13:43:43.621+02:00?[0;39m ?[32mTRACE?[0;39m ?[35m18216?[0;39m ?[2m---?[0;39m ?[2m[io-28852-exec-6]?[0;39m ?[36mo.s.security.web.FilterChainProxy       ?[0;39m ?[2m:?[0;39m Invoking AuthorizationFilter (12/12)
?[0m?[0;34m?[2m2023-08-22T13:43:43.621+02:00?[0;39m ?[32mTRACE?[0;39m ?[35m18216?[0;39m ?[2m---?[0;39m ?[2m[io-28852-exec-6]?[0;39m ?[36mestMatcherDelegatingAuthorizationManager?[0;39m ?[2m:?[0;39m Authorizing SecurityContextHolderAwareRequestWrapper[ FirewalledRequest[ org.apache.catalina.core.ApplicationHttpRequest@25dd7672]]
?[0m?[0;34m?[2m2023-08-22T13:43:43.621+02:00?[0;39m ?[32mTRACE?[0;39m ?[35m18216?[0;39m ?[2m---?[0;39m ?[2m[io-28852-exec-6]?[0;39m ?[36mestMatcherDelegatingAuthorizationManager?[0;39m ?[2m:?[0;39m Checking authorization on SecurityContextHolderAwareRequestWrapper[ FirewalledRequest[ org.apache.catalina.core.ApplicationHttpRequest@25dd7672]] using org.springframework.security.config.annotation.web.configurers.AuthorizeHttpRequestsConfigurer$$Lambda$1316/0x0000000100a4d140@528cc85a
?[0m?[0;34m?[2m2023-08-22T13:43:43.622+02:00?[0;39m ?[32mDEBUG?[0;39m ?[35m18216?[0;39m ?[2m---?[0;39m ?[2m[io-28852-exec-6]?[0;39m ?[36mo.s.security.web.FilterChainProxy       ?[0;39m ?[2m:?[0;39m Secured POST /error
?[0m?[0;34m?[2m2023-08-22T13:43:43.622+02:00?[0;39m ?[32mTRACE?[0;39m ?[35m18216?[0;39m ?[2m---?[0;39m ?[2m[io-28852-exec-6]?[0;39m ?[36m.s.s.w.c.SupplierDeferredSecurityContext?[0;39m ?[2m:?[0;39m Created SecurityContextImpl [Null authentication]
?[0m?[0;34m?[2m2023-08-22T13:43:43.622+02:00?[0;39m ?[32mTRACE?[0;39m ?[35m18216?[0;39m ?[2m---?[0;39m ?[2m[io-28852-exec-6]?[0;39m ?[36mo.s.s.w.a.AnonymousAuthenticationFilter ?[0;39m ?[2m:?[0;39m Set SecurityContextHolder to AnonymousAuthenticationToken [Principal=anonymousUser, Credentials=[PROTECTED], Authenticated=true, Details=WebAuthenticationDetails [RemoteIpAddress=127.0.0.1, SessionId=null], Granted Authorities=[ROLE_ANONYMOUS]]
?[1;31m
Start test 7?[0m
?[0;34m?[2m2023-08-22T13:43:43.630+02:00?[0;39m ?[32mTRACE?[0;39m ?[35m18216?[0;39m ?[2m---?[0;39m ?[2m[io-28852-exec-7]?[0;39m ?[36mo.s.security.web.FilterChainProxy       ?[0;39m ?[2m:?[0;39m Trying to match request against DefaultSecurityFilterChain [RequestMatcher=any request, Filters=[org.springframework.security.web.session.DisableEncodeUrlFilter@5d51203b, org.springframework.security.web.context.request.async.WebAsyncManagerIntegrationFilter@32be672d, org.springframework.security.web.context.SecurityContextHolderFilter@74f54f8e, org.springframework.security.web.header.HeaderWriterFilter@157ff8f8, org.springframework.security.web.authentication.logout.LogoutFilter@72364a40, org.springframework.security.web.authentication.www.BasicAuthenticationFilter@a23b96b, org.springframework.security.web.savedrequest.RequestCacheAwareFilter@59b8a801, org.springframework.security.web.servletapi.SecurityContextHolderAwareRequestFilter@5aa026e9, org.springframework.security.web.authentication.AnonymousAuthenticationFilter@23e54c8a, org.springframework.security.web.session.SessionManagementFilter@79e3f444, org.springframework.security.web.access.ExceptionTranslationFilter@17a756db, org.springframework.security.web.access.intercept.AuthorizationFilter@55e75ce0]] (1/1)
?[0m?[0;34m?[2m2023-08-22T13:43:43.630+02:00?[0;39m ?[32mDEBUG?[0;39m ?[35m18216?[0;39m ?[2m---?[0;39m ?[2m[io-28852-exec-7]?[0;39m ?[36mo.s.security.web.FilterChainProxy       ?[0;39m ?[2m:?[0;39m Securing POST /api/auth/signup
?[0m?[0;34m?[2m2023-08-22T13:43:43.630+02:00?[0;39m ?[32mTRACE?[0;39m ?[35m18216?[0;39m ?[2m---?[0;39m ?[2m[io-28852-exec-7]?[0;39m ?[36mo.s.security.web.FilterChainProxy       ?[0;39m ?[2m:?[0;39m Invoking DisableEncodeUrlFilter (1/12)
?[0m?[0;34m?[2m2023-08-22T13:43:43.631+02:00?[0;39m ?[32mTRACE?[0;39m ?[35m18216?[0;39m ?[2m---?[0;39m ?[2m[io-28852-exec-7]?[0;39m ?[36mo.s.security.web.FilterChainProxy       ?[0;39m ?[2m:?[0;39m Invoking WebAsyncManagerIntegrationFilter (2/12)
?[0m?[0;34m?[2m2023-08-22T13:43:43.631+02:00?[0;39m ?[32mTRACE?[0;39m ?[35m18216?[0;39m ?[2m---?[0;39m ?[2m[io-28852-exec-7]?[0;39m ?[36mo.s.security.web.FilterChainProxy       ?[0;39m ?[2m:?[0;39m Invoking SecurityContextHolderFilter (3/12)
?[0m?[0;34m?[2m2023-08-22T13:43:43.631+02:00?[0;39m ?[32mTRACE?[0;39m ?[35m18216?[0;39m ?[2m---?[0;39m ?[2m[io-28852-exec-7]?[0;39m ?[36mo.s.security.web.FilterChainProxy       ?[0;39m ?[2m:?[0;39m Invoking HeaderWriterFilter (4/12)
?[0m?[0;34m?[2m2023-08-22T13:43:43.631+02:00?[0;39m ?[32mTRACE?[0;39m ?[35m18216?[0;39m ?[2m---?[0;39m ?[2m[io-28852-exec-7]?[0;39m ?[36mo.s.security.web.FilterChainProxy       ?[0;39m ?[2m:?[0;39m Invoking LogoutFilter (5/12)
?[0m?[0;34m?[2m2023-08-22T13:43:43.631+02:00?[0;39m ?[32mTRACE?[0;39m ?[35m18216?[0;39m ?[2m---?[0;39m ?[2m[io-28852-exec-7]?[0;39m ?[36mo.s.s.w.a.logout.LogoutFilter           ?[0;39m ?[2m:?[0;39m Did not match request to Or [Ant [pattern='/logout', GET], Ant [pattern='/logout', POST], Ant [pattern='/logout', PUT], Ant [pattern='/logout', DELETE]]
?[0m?[0;34m?[2m2023-08-22T13:43:43.631+02:00?[0;39m ?[32mTRACE?[0;39m ?[35m18216?[0;39m ?[2m---?[0;39m ?[2m[io-28852-exec-7]?[0;39m ?[36mo.s.security.web.FilterChainProxy       ?[0;39m ?[2m:?[0;39m Invoking BasicAuthenticationFilter (6/12)
?[0m?[0;34m?[2m2023-08-22T13:43:43.631+02:00?[0;39m ?[32mTRACE?[0;39m ?[35m18216?[0;39m ?[2m---?[0;39m ?[2m[io-28852-exec-7]?[0;39m ?[36mo.s.s.w.a.www.BasicAuthenticationFilter ?[0;39m ?[2m:?[0;39m Did not process authentication request since failed to find username and password in Basic Authorization header
?[0m?[0;34m?[2m2023-08-22T13:43:43.631+02:00?[0;39m ?[32mTRACE?[0;39m ?[35m18216?[0;39m ?[2m---?[0;39m ?[2m[io-28852-exec-7]?[0;39m ?[36mo.s.security.web.FilterChainProxy       ?[0;39m ?[2m:?[0;39m Invoking RequestCacheAwareFilter (7/12)
?[0m?[0;34m?[2m2023-08-22T13:43:43.631+02:00?[0;39m ?[32mTRACE?[0;39m ?[35m18216?[0;39m ?[2m---?[0;39m ?[2m[io-28852-exec-7]?[0;39m ?[36mo.s.security.web.FilterChainProxy       ?[0;39m ?[2m:?[0;39m Invoking SecurityContextHolderAwareRequestFilter (8/12)
?[0m?[0;34m?[2m2023-08-22T13:43:43.632+02:00?[0;39m ?[32mTRACE?[0;39m ?[35m18216?[0;39m ?[2m---?[0;39m ?[2m[io-28852-exec-7]?[0;39m ?[36mo.s.security.web.FilterChainProxy       ?[0;39m ?[2m:?[0;39m Invoking AnonymousAuthenticationFilter (9/12)
?[0m?[0;34m?[2m2023-08-22T13:43:43.632+02:00?[0;39m ?[32mTRACE?[0;39m ?[35m18216?[0;39m ?[2m---?[0;39m ?[2m[io-28852-exec-7]?[0;39m ?[36mo.s.security.web.FilterChainProxy       ?[0;39m ?[2m:?[0;39m Invoking SessionManagementFilter (10/12)
?[0m?[0;34m?[2m2023-08-22T13:43:43.632+02:00?[0;39m ?[32mTRACE?[0;39m ?[35m18216?[0;39m ?[2m---?[0;39m ?[2m[io-28852-exec-7]?[0;39m ?[36m.s.s.w.c.SupplierDeferredSecurityContext?[0;39m ?[2m:?[0;39m Created SecurityContextImpl [Null authentication]
?[0m?[0;34m?[2m2023-08-22T13:43:43.632+02:00?[0;39m ?[32mTRACE?[0;39m ?[35m18216?[0;39m ?[2m---?[0;39m ?[2m[io-28852-exec-7]?[0;39m ?[36mo.s.s.w.a.AnonymousAuthenticationFilter ?[0;39m ?[2m:?[0;39m Set SecurityContextHolder to AnonymousAuthenticationToken [Principal=anonymousUser, Credentials=[PROTECTED], Authenticated=true, Details=WebAuthenticationDetails [RemoteIpAddress=127.0.0.1, SessionId=null], Granted Authorities=[ROLE_ANONYMOUS]]
?[0m?[0;34m?[2m2023-08-22T13:43:43.632+02:00?[0;39m ?[32mTRACE?[0;39m ?[35m18216?[0;39m ?[2m---?[0;39m ?[2m[io-28852-exec-7]?[0;39m ?[36mo.s.security.web.FilterChainProxy       ?[0;39m ?[2m:?[0;39m Invoking ExceptionTranslationFilter (11/12)
?[0m?[0;34m?[2m2023-08-22T13:43:43.632+02:00?[0;39m ?[32mTRACE?[0;39m ?[35m18216?[0;39m ?[2m---?[0;39m ?[2m[io-28852-exec-7]?[0;39m ?[36mo.s.security.web.FilterChainProxy       ?[0;39m ?[2m:?[0;39m Invoking AuthorizationFilter (12/12)
?[0m?[0;34m?[2m2023-08-22T13:43:43.632+02:00?[0;39m ?[32mTRACE?[0;39m ?[35m18216?[0;39m ?[2m---?[0;39m ?[2m[io-28852-exec-7]?[0;39m ?[36mestMatcherDelegatingAuthorizationManager?[0;39m ?[2m:?[0;39m Authorizing SecurityContextHolderAwareRequestWrapper[ org.springframework.security.web.header.HeaderWriterFilter$HeaderWriterRequest@c3682a9]
?[0m?[0;34m?[2m2023-08-22T13:43:43.633+02:00?[0;39m ?[32mTRACE?[0;39m ?[35m18216?[0;39m ?[2m---?[0;39m ?[2m[io-28852-exec-7]?[0;39m ?[36mestMatcherDelegatingAuthorizationManager?[0;39m ?[2m:?[0;39m Checking authorization on SecurityContextHolderAwareRequestWrapper[ org.springframework.security.web.header.HeaderWriterFilter$HeaderWriterRequest@c3682a9] using org.springframework.security.config.annotation.web.configurers.AuthorizeHttpRequestsConfigurer$$Lambda$1316/0x0000000100a4d140@528cc85a
?[0m?[0;34m?[2m2023-08-22T13:43:43.633+02:00?[0;39m ?[32mDEBUG?[0;39m ?[35m18216?[0;39m ?[2m---?[0;39m ?[2m[io-28852-exec-7]?[0;39m ?[36mo.s.security.web.FilterChainProxy       ?[0;39m ?[2m:?[0;39m Secured POST /api/auth/signup
?[0m?[0;34m?[2m2023-08-22T13:43:43.635+02:00?[0;39m ?[32mTRACE?[0;39m ?[35m18216?[0;39m ?[2m---?[0;39m ?[2m[io-28852-exec-7]?[0;39m ?[36mo.s.s.w.header.writers.HstsHeaderWriter ?[0;39m ?[2m:?[0;39m Not injecting HSTS header since it did not match request to [Is Secure]
?[0m?[0;34m?[2m2023-08-22T13:43:43.635+02:00?[0;39m ?[33m WARN?[0;39m ?[35m18216?[0;39m ?[2m---?[0;39m ?[2m[io-28852-exec-7]?[0;39m ?[36m.w.s.m.s.DefaultHandlerExceptionResolver?[0;39m ?[2m:?[0;39m Resolved [org.springframework.web.bind.MethodArgumentNotValidException: Validation failed for argument [0] in public org.springframework.http.ResponseEntity<java.lang.Object> account.presentationlayer.Controller.signup(account.businesslayer.user.User): [Field error in object 'user' on field 'password': rejected value []; codes [NotBlank.user.password,NotBlank.password,NotBlank.java.lang.String,NotBlank]; arguments [org.springframework.context.support.DefaultMessageSourceResolvable: codes [user.password,password]; arguments []; default message [password]]; default message [must not be blank]] ]
?[0m?[0;34m?[2m2023-08-22T13:43:43.636+02:00?[0;39m ?[32mTRACE?[0;39m ?[35m18216?[0;39m ?[2m---?[0;39m ?[2m[io-28852-exec-7]?[0;39m ?[36mo.s.security.web.FilterChainProxy       ?[0;39m ?[2m:?[0;39m Trying to match request against DefaultSecurityFilterChain [RequestMatcher=any request, Filters=[org.springframework.security.web.session.DisableEncodeUrlFilter@5d51203b, org.springframework.security.web.context.request.async.WebAsyncManagerIntegrationFilter@32be672d, org.springframework.security.web.context.SecurityContextHolderFilter@74f54f8e, org.springframework.security.web.header.HeaderWriterFilter@157ff8f8, org.springframework.security.web.authentication.logout.LogoutFilter@72364a40, org.springframework.security.web.authentication.www.BasicAuthenticationFilter@a23b96b, org.springframework.security.web.savedrequest.RequestCacheAwareFilter@59b8a801, org.springframework.security.web.servletapi.SecurityContextHolderAwareRequestFilter@5aa026e9, org.springframework.security.web.authentication.AnonymousAuthenticationFilter@23e54c8a, org.springframework.security.web.session.SessionManagementFilter@79e3f444, org.springframework.security.web.access.ExceptionTranslationFilter@17a756db, org.springframework.security.web.access.intercept.AuthorizationFilter@55e75ce0]] (1/1)
?[0m?[0;34m?[2m2023-08-22T13:43:43.636+02:00?[0;39m ?[32mDEBUG?[0;39m ?[35m18216?[0;39m ?[2m---?[0;39m ?[2m[io-28852-exec-7]?[0;39m ?[36mo.s.security.web.FilterChainProxy       ?[0;39m ?[2m:?[0;39m Securing POST /error
?[0m?[0;34m?[2m2023-08-22T13:43:43.636+02:00?[0;39m ?[32mTRACE?[0;39m ?[35m18216?[0;39m ?[2m---?[0;39m ?[2m[io-28852-exec-7]?[0;39m ?[36mo.s.security.web.FilterChainProxy       ?[0;39m ?[2m:?[0;39m Invoking DisableEncodeUrlFilter (1/12)
?[0m?[0;34m?[2m2023-08-22T13:43:43.637+02:00?[0;39m ?[32mTRACE?[0;39m ?[35m18216?[0;39m ?[2m---?[0;39m ?[2m[io-28852-exec-7]?[0;39m ?[36mo.s.security.web.FilterChainProxy       ?[0;39m ?[2m:?[0;39m Invoking WebAsyncManagerIntegrationFilter (2/12)
?[0m?[0;34m?[2m2023-08-22T13:43:43.637+02:00?[0;39m ?[32mTRACE?[0;39m ?[35m18216?[0;39m ?[2m---?[0;39m ?[2m[io-28852-exec-7]?[0;39m ?[36mo.s.security.web.FilterChainProxy       ?[0;39m ?[2m:?[0;39m Invoking SecurityContextHolderFilter (3/12)
?[0m?[0;34m?[2m2023-08-22T13:43:43.637+02:00?[0;39m ?[32mTRACE?[0;39m ?[35m18216?[0;39m ?[2m---?[0;39m ?[2m[io-28852-exec-7]?[0;39m ?[36mo.s.security.web.FilterChainProxy       ?[0;39m ?[2m:?[0;39m Invoking HeaderWriterFilter (4/12)
?[0m?[0;34m?[2m2023-08-22T13:43:43.637+02:00?[0;39m ?[32mTRACE?[0;39m ?[35m18216?[0;39m ?[2m---?[0;39m ?[2m[io-28852-exec-7]?[0;39m ?[36mo.s.security.web.FilterChainProxy       ?[0;39m ?[2m:?[0;39m Invoking LogoutFilter (5/12)
?[0m?[0;34m?[2m2023-08-22T13:43:43.637+02:00?[0;39m ?[32mTRACE?[0;39m ?[35m18216?[0;39m ?[2m---?[0;39m ?[2m[io-28852-exec-7]?[0;39m ?[36mo.s.s.w.a.logout.LogoutFilter           ?[0;39m ?[2m:?[0;39m Did not match request to Or [Ant [pattern='/logout', GET], Ant [pattern='/logout', POST], Ant [pattern='/logout', PUT], Ant [pattern='/logout', DELETE]]
?[0m?[0;34m?[2m2023-08-22T13:43:43.637+02:00?[0;39m ?[32mTRACE?[0;39m ?[35m18216?[0;39m ?[2m---?[0;39m ?[2m[io-28852-exec-7]?[0;39m ?[36mo.s.security.web.FilterChainProxy       ?[0;39m ?[2m:?[0;39m Invoking BasicAuthenticationFilter (6/12)
?[0m?[0;34m?[2m2023-08-22T13:43:43.637+02:00?[0;39m ?[32mTRACE?[0;39m ?[35m18216?[0;39m ?[2m---?[0;39m ?[2m[io-28852-exec-7]?[0;39m ?[36mo.s.security.web.FilterChainProxy       ?[0;39m ?[2m:?[0;39m Invoking RequestCacheAwareFilter (7/12)
?[0m?[0;34m?[2m2023-08-22T13:43:43.637+02:00?[0;39m ?[32mTRACE?[0;39m ?[35m18216?[0;39m ?[2m---?[0;39m ?[2m[io-28852-exec-7]?[0;39m ?[36mo.s.security.web.FilterChainProxy       ?[0;39m ?[2m:?[0;39m Invoking SecurityContextHolderAwareRequestFilter (8/12)
?[0m?[0;34m?[2m2023-08-22T13:43:43.637+02:00?[0;39m ?[32mTRACE?[0;39m ?[35m18216?[0;39m ?[2m---?[0;39m ?[2m[io-28852-exec-7]?[0;39m ?[36mo.s.security.web.FilterChainProxy       ?[0;39m ?[2m:?[0;39m Invoking AnonymousAuthenticationFilter (9/12)
?[0m?[0;34m?[2m2023-08-22T13:43:43.637+02:00?[0;39m ?[32mTRACE?[0;39m ?[35m18216?[0;39m ?[2m---?[0;39m ?[2m[io-28852-exec-7]?[0;39m ?[36mo.s.security.web.FilterChainProxy       ?[0;39m ?[2m:?[0;39m Invoking SessionManagementFilter (10/12)
?[0m?[0;34m?[2m2023-08-22T13:43:43.637+02:00?[0;39m ?[32mTRACE?[0;39m ?[35m18216?[0;39m ?[2m---?[0;39m ?[2m[io-28852-exec-7]?[0;39m ?[36mo.s.security.web.FilterChainProxy       ?[0;39m ?[2m:?[0;39m Invoking ExceptionTranslationFilter (11/12)
?[0m?[0;34m?[2m2023-08-22T13:43:43.637+02:00?[0;39m ?[32mTRACE?[0;39m ?[35m18216?[0;39m ?[2m---?[0;39m ?[2m[io-28852-exec-7]?[0;39m ?[36mo.s.security.web.FilterChainProxy       ?[0;39m ?[2m:?[0;39m Invoking AuthorizationFilter (12/12)
?[0m?[0;34m?[2m2023-08-22T13:43:43.637+02:00?[0;39m ?[32mTRACE?[0;39m ?[35m18216?[0;39m ?[2m---?[0;39m ?[2m[io-28852-exec-7]?[0;39m ?[36mestMatcherDelegatingAuthorizationManager?[0;39m ?[2m:?[0;39m Authorizing SecurityContextHolderAwareRequestWrapper[ FirewalledRequest[ org.apache.catalina.core.ApplicationHttpRequest@6cee9d9]]
?[0m?[0;34m?[2m2023-08-22T13:43:43.638+02:00?[0;39m ?[32mTRACE?[0;39m ?[35m18216?[0;39m ?[2m---?[0;39m ?[2m[io-28852-exec-7]?[0;39m ?[36mestMatcherDelegatingAuthorizationManager?[0;39m ?[2m:?[0;39m Checking authorization on SecurityContextHolderAwareRequestWrapper[ FirewalledRequest[ org.apache.catalina.core.ApplicationHttpRequest@6cee9d9]] using org.springframework.security.config.annotation.web.configurers.AuthorizeHttpRequestsConfigurer$$Lambda$1316/0x0000000100a4d140@528cc85a
?[0m?[0;34m?[2m2023-08-22T13:43:43.638+02:00?[0;39m ?[32mDEBUG?[0;39m ?[35m18216?[0;39m ?[2m---?[0;39m ?[2m[io-28852-exec-7]?[0;39m ?[36mo.s.security.web.FilterChainProxy       ?[0;39m ?[2m:?[0;39m Secured POST /error
?[0m?[0;34m?[2m2023-08-22T13:43:43.638+02:00?[0;39m ?[32mTRACE?[0;39m ?[35m18216?[0;39m ?[2m---?[0;39m ?[2m[io-28852-exec-7]?[0;39m ?[36m.s.s.w.c.SupplierDeferredSecurityContext?[0;39m ?[2m:?[0;39m Created SecurityContextImpl [Null authentication]
?[0m?[0;34m?[2m2023-08-22T13:43:43.638+02:00?[0;39m ?[32mTRACE?[0;39m ?[35m18216?[0;39m ?[2m---?[0;39m ?[2m[io-28852-exec-7]?[0;39m ?[36mo.s.s.w.a.AnonymousAuthenticationFilter ?[0;39m ?[2m:?[0;39m Set SecurityContextHolder to AnonymousAuthenticationToken [Principal=anonymousUser, Credentials=[PROTECTED], Authenticated=true, Details=WebAuthenticationDetails [RemoteIpAddress=127.0.0.1, SessionId=null], Granted Authorities=[ROLE_ANONYMOUS]]
?[1;31m
Start test 8?[0m
?[0;34m?[2m2023-08-22T13:43:43.648+02:00?[0;39m ?[32mTRACE?[0;39m ?[35m18216?[0;39m ?[2m---?[0;39m ?[2m[io-28852-exec-8]?[0;39m ?[36mo.s.security.web.FilterChainProxy       ?[0;39m ?[2m:?[0;39m Trying to match request against DefaultSecurityFilterChain [RequestMatcher=any request, Filters=[org.springframework.security.web.session.DisableEncodeUrlFilter@5d51203b, org.springframework.security.web.context.request.async.WebAsyncManagerIntegrationFilter@32be672d, org.springframework.security.web.context.SecurityContextHolderFilter@74f54f8e, org.springframework.security.web.header.HeaderWriterFilter@157ff8f8, org.springframework.security.web.authentication.logout.LogoutFilter@72364a40, org.springframework.security.web.authentication.www.BasicAuthenticationFilter@a23b96b, org.springframework.security.web.savedrequest.RequestCacheAwareFilter@59b8a801, org.springframework.security.web.servletapi.SecurityContextHolderAwareRequestFilter@5aa026e9, org.springframework.security.web.authentication.AnonymousAuthenticationFilter@23e54c8a, org.springframework.security.web.session.SessionManagementFilter@79e3f444, org.springframework.security.web.access.ExceptionTranslationFilter@17a756db, org.springframework.security.web.access.intercept.AuthorizationFilter@55e75ce0]] (1/1)
?[0m?[0;34m?[2m2023-08-22T13:43:43.648+02:00?[0;39m ?[32mDEBUG?[0;39m ?[35m18216?[0;39m ?[2m---?[0;39m ?[2m[io-28852-exec-8]?[0;39m ?[36mo.s.security.web.FilterChainProxy       ?[0;39m ?[2m:?[0;39m Securing POST /api/auth/signup
?[0m?[0;34m?[2m2023-08-22T13:43:43.648+02:00?[0;39m ?[32mTRACE?[0;39m ?[35m18216?[0;39m ?[2m---?[0;39m ?[2m[io-28852-exec-8]?[0;39m ?[36mo.s.security.web.FilterChainProxy       ?[0;39m ?[2m:?[0;39m Invoking DisableEncodeUrlFilter (1/12)
?[0m?[0;34m?[2m2023-08-22T13:43:43.648+02:00?[0;39m ?[32mTRACE?[0;39m ?[35m18216?[0;39m ?[2m---?[0;39m ?[2m[io-28852-exec-8]?[0;39m ?[36mo.s.security.web.FilterChainProxy       ?[0;39m ?[2m:?[0;39m Invoking WebAsyncManagerIntegrationFilter (2/12)
?[0m?[0;34m?[2m2023-08-22T13:43:43.648+02:00?[0;39m ?[32mTRACE?[0;39m ?[35m18216?[0;39m ?[2m---?[0;39m ?[2m[io-28852-exec-8]?[0;39m ?[36mo.s.security.web.FilterChainProxy       ?[0;39m ?[2m:?[0;39m Invoking SecurityContextHolderFilter (3/12)
?[0m?[0;34m?[2m2023-08-22T13:43:43.648+02:00?[0;39m ?[32mTRACE?[0;39m ?[35m18216?[0;39m ?[2m---?[0;39m ?[2m[io-28852-exec-8]?[0;39m ?[36mo.s.security.web.FilterChainProxy       ?[0;39m ?[2m:?[0;39m Invoking HeaderWriterFilter (4/12)
?[0m?[0;34m?[2m2023-08-22T13:43:43.648+02:00?[0;39m ?[32mTRACE?[0;39m ?[35m18216?[0;39m ?[2m---?[0;39m ?[2m[io-28852-exec-8]?[0;39m ?[36mo.s.security.web.FilterChainProxy       ?[0;39m ?[2m:?[0;39m Invoking LogoutFilter (5/12)
?[0m?[0;34m?[2m2023-08-22T13:43:43.649+02:00?[0;39m ?[32mTRACE?[0;39m ?[35m18216?[0;39m ?[2m---?[0;39m ?[2m[io-28852-exec-8]?[0;39m ?[36mo.s.s.w.a.logout.LogoutFilter           ?[0;39m ?[2m:?[0;39m Did not match request to Or [Ant [pattern='/logout', GET], Ant [pattern='/logout', POST], Ant [pattern='/logout', PUT], Ant [pattern='/logout', DELETE]]
?[0m?[0;34m?[2m2023-08-22T13:43:43.649+02:00?[0;39m ?[32mTRACE?[0;39m ?[35m18216?[0;39m ?[2m---?[0;39m ?[2m[io-28852-exec-8]?[0;39m ?[36mo.s.security.web.FilterChainProxy       ?[0;39m ?[2m:?[0;39m Invoking BasicAuthenticationFilter (6/12)
?[0m?[0;34m?[2m2023-08-22T13:43:43.649+02:00?[0;39m ?[32mTRACE?[0;39m ?[35m18216?[0;39m ?[2m---?[0;39m ?[2m[io-28852-exec-8]?[0;39m ?[36mo.s.s.w.a.www.BasicAuthenticationFilter ?[0;39m ?[2m:?[0;39m Did not process authentication request since failed to find username and password in Basic Authorization header
?[0m?[0;34m?[2m2023-08-22T13:43:43.649+02:00?[0;39m ?[32mTRACE?[0;39m ?[35m18216?[0;39m ?[2m---?[0;39m ?[2m[io-28852-exec-8]?[0;39m ?[36mo.s.security.web.FilterChainProxy       ?[0;39m ?[2m:?[0;39m Invoking RequestCacheAwareFilter (7/12)
?[0m?[0;34m?[2m2023-08-22T13:43:43.649+02:00?[0;39m ?[32mTRACE?[0;39m ?[35m18216?[0;39m ?[2m---?[0;39m ?[2m[io-28852-exec-8]?[0;39m ?[36mo.s.security.web.FilterChainProxy       ?[0;39m ?[2m:?[0;39m Invoking SecurityContextHolderAwareRequestFilter (8/12)
?[0m?[0;34m?[2m2023-08-22T13:43:43.649+02:00?[0;39m ?[32mTRACE?[0;39m ?[35m18216?[0;39m ?[2m---?[0;39m ?[2m[io-28852-exec-8]?[0;39m ?[36mo.s.security.web.FilterChainProxy       ?[0;39m ?[2m:?[0;39m Invoking AnonymousAuthenticationFilter (9/12)
?[0m?[0;34m?[2m2023-08-22T13:43:43.649+02:00?[0;39m ?[32mTRACE?[0;39m ?[35m18216?[0;39m ?[2m---?[0;39m ?[2m[io-28852-exec-8]?[0;39m ?[36mo.s.security.web.FilterChainProxy       ?[0;39m ?[2m:?[0;39m Invoking SessionManagementFilter (10/12)
?[0m?[0;34m?[2m2023-08-22T13:43:43.649+02:00?[0;39m ?[32mTRACE?[0;39m ?[35m18216?[0;39m ?[2m---?[0;39m ?[2m[io-28852-exec-8]?[0;39m ?[36m.s.s.w.c.SupplierDeferredSecurityContext?[0;39m ?[2m:?[0;39m Created SecurityContextImpl [Null authentication]
?[0m?[0;34m?[2m2023-08-22T13:43:43.649+02:00?[0;39m ?[32mTRACE?[0;39m ?[35m18216?[0;39m ?[2m---?[0;39m ?[2m[io-28852-exec-8]?[0;39m ?[36mo.s.s.w.a.AnonymousAuthenticationFilter ?[0;39m ?[2m:?[0;39m Set SecurityContextHolder to AnonymousAuthenticationToken [Principal=anonymousUser, Credentials=[PROTECTED], Authenticated=true, Details=WebAuthenticationDetails [RemoteIpAddress=127.0.0.1, SessionId=null], Granted Authorities=[ROLE_ANONYMOUS]]
?[0m?[0;34m?[2m2023-08-22T13:43:43.650+02:00?[0;39m ?[32mTRACE?[0;39m ?[35m18216?[0;39m ?[2m---?[0;39m ?[2m[io-28852-exec-8]?[0;39m ?[36mo.s.security.web.FilterChainProxy       ?[0;39m ?[2m:?[0;39m Invoking ExceptionTranslationFilter (11/12)
?[0m?[0;34m?[2m2023-08-22T13:43:43.650+02:00?[0;39m ?[32mTRACE?[0;39m ?[35m18216?[0;39m ?[2m---?[0;39m ?[2m[io-28852-exec-8]?[0;39m ?[36mo.s.security.web.FilterChainProxy       ?[0;39m ?[2m:?[0;39m Invoking AuthorizationFilter (12/12)
?[0m?[0;34m?[2m2023-08-22T13:43:43.650+02:00?[0;39m ?[32mTRACE?[0;39m ?[35m18216?[0;39m ?[2m---?[0;39m ?[2m[io-28852-exec-8]?[0;39m ?[36mestMatcherDelegatingAuthorizationManager?[0;39m ?[2m:?[0;39m Authorizing SecurityContextHolderAwareRequestWrapper[ org.springframework.security.web.header.HeaderWriterFilter$HeaderWriterRequest@17aa8713]
?[0m?[0;34m?[2m2023-08-22T13:43:43.651+02:00?[0;39m ?[32mTRACE?[0;39m ?[35m18216?[0;39m ?[2m---?[0;39m ?[2m[io-28852-exec-8]?[0;39m ?[36mestMatcherDelegatingAuthorizationManager?[0;39m ?[2m:?[0;39m Checking authorization on SecurityContextHolderAwareRequestWrapper[ org.springframework.security.web.header.HeaderWriterFilter$HeaderWriterRequest@17aa8713] using org.springframework.security.config.annotation.web.configurers.AuthorizeHttpRequestsConfigurer$$Lambda$1316/0x0000000100a4d140@528cc85a
?[0m?[0;34m?[2m2023-08-22T13:43:43.651+02:00?[0;39m ?[32mDEBUG?[0;39m ?[35m18216?[0;39m ?[2m---?[0;39m ?[2m[io-28852-exec-8]?[0;39m ?[36mo.s.security.web.FilterChainProxy       ?[0;39m ?[2m:?[0;39m Secured POST /api/auth/signup
?[0m?[0;34m?[2m2023-08-22T13:43:43.653+02:00?[0;39m ?[32mTRACE?[0;39m ?[35m18216?[0;39m ?[2m---?[0;39m ?[2m[io-28852-exec-8]?[0;39m ?[36mo.s.s.w.header.writers.HstsHeaderWriter ?[0;39m ?[2m:?[0;39m Not injecting HSTS header since it did not match request to [Is Secure]
?[0m?[0;34m?[2m2023-08-22T13:43:43.653+02:00?[0;39m ?[33m WARN?[0;39m ?[35m18216?[0;39m ?[2m---?[0;39m ?[2m[io-28852-exec-8]?[0;39m ?[36m.w.s.m.s.DefaultHandlerExceptionResolver?[0;39m ?[2m:?[0;39m Resolved [org.springframework.web.bind.MethodArgumentNotValidException: Validation failed for argument [0] in public org.springframework.http.ResponseEntity<java.lang.Object> account.presentationlayer.Controller.signup(account.businesslayer.user.User): [Field error in object 'user' on field 'password': rejected value [null]; codes [NotBlank.user.password,NotBlank.password,NotBlank.java.lang.String,NotBlank]; arguments [org.springframework.context.support.DefaultMessageSourceResolvable: codes [user.password,password]; arguments []; default message [password]]; default message [must not be blank]] ]
?[0m?[0;34m?[2m2023-08-22T13:43:43.655+02:00?[0;39m ?[32mTRACE?[0;39m ?[35m18216?[0;39m ?[2m---?[0;39m ?[2m[io-28852-exec-8]?[0;39m ?[36mo.s.security.web.FilterChainProxy       ?[0;39m ?[2m:?[0;39m Trying to match request against DefaultSecurityFilterChain [RequestMatcher=any request, Filters=[org.springframework.security.web.session.DisableEncodeUrlFilter@5d51203b, org.springframework.security.web.context.request.async.WebAsyncManagerIntegrationFilter@32be672d, org.springframework.security.web.context.SecurityContextHolderFilter@74f54f8e, org.springframework.security.web.header.HeaderWriterFilter@157ff8f8, org.springframework.security.web.authentication.logout.LogoutFilter@72364a40, org.springframework.security.web.authentication.www.BasicAuthenticationFilter@a23b96b, org.springframework.security.web.savedrequest.RequestCacheAwareFilter@59b8a801, org.springframework.security.web.servletapi.SecurityContextHolderAwareRequestFilter@5aa026e9, org.springframework.security.web.authentication.AnonymousAuthenticationFilter@23e54c8a, org.springframework.security.web.session.SessionManagementFilter@79e3f444, org.springframework.security.web.access.ExceptionTranslationFilter@17a756db, org.springframework.security.web.access.intercept.AuthorizationFilter@55e75ce0]] (1/1)
?[0m?[0;34m?[2m2023-08-22T13:43:43.655+02:00?[0;39m ?[32mDEBUG?[0;39m ?[35m18216?[0;39m ?[2m---?[0;39m ?[2m[io-28852-exec-8]?[0;39m ?[36mo.s.security.web.FilterChainProxy       ?[0;39m ?[2m:?[0;39m Securing POST /error
?[0m?[0;34m?[2m2023-08-22T13:43:43.655+02:00?[0;39m ?[32mTRACE?[0;39m ?[35m18216?[0;39m ?[2m---?[0;39m ?[2m[io-28852-exec-8]?[0;39m ?[36mo.s.security.web.FilterChainProxy       ?[0;39m ?[2m:?[0;39m Invoking DisableEncodeUrlFilter (1/12)
?[0m?[0;34m?[2m2023-08-22T13:43:43.655+02:00?[0;39m ?[32mTRACE?[0;39m ?[35m18216?[0;39m ?[2m---?[0;39m ?[2m[io-28852-exec-8]?[0;39m ?[36mo.s.security.web.FilterChainProxy       ?[0;39m ?[2m:?[0;39m Invoking WebAsyncManagerIntegrationFilter (2/12)
?[0m?[0;34m?[2m2023-08-22T13:43:43.655+02:00?[0;39m ?[32mTRACE?[0;39m ?[35m18216?[0;39m ?[2m---?[0;39m ?[2m[io-28852-exec-8]?[0;39m ?[36mo.s.security.web.FilterChainProxy       ?[0;39m ?[2m:?[0;39m Invoking SecurityContextHolderFilter (3/12)
?[0m?[0;34m?[2m2023-08-22T13:43:43.655+02:00?[0;39m ?[32mTRACE?[0;39m ?[35m18216?[0;39m ?[2m---?[0;39m ?[2m[io-28852-exec-8]?[0;39m ?[36mo.s.security.web.FilterChainProxy       ?[0;39m ?[2m:?[0;39m Invoking HeaderWriterFilter (4/12)
?[0m?[0;34m?[2m2023-08-22T13:43:43.655+02:00?[0;39m ?[32mTRACE?[0;39m ?[35m18216?[0;39m ?[2m---?[0;39m ?[2m[io-28852-exec-8]?[0;39m ?[36mo.s.security.web.FilterChainProxy       ?[0;39m ?[2m:?[0;39m Invoking LogoutFilter (5/12)
?[0m?[0;34m?[2m2023-08-22T13:43:43.655+02:00?[0;39m ?[32mTRACE?[0;39m ?[35m18216?[0;39m ?[2m---?[0;39m ?[2m[io-28852-exec-8]?[0;39m ?[36mo.s.s.w.a.logout.LogoutFilter           ?[0;39m ?[2m:?[0;39m Did not match request to Or [Ant [pattern='/logout', GET], Ant [pattern='/logout', POST], Ant [pattern='/logout', PUT], Ant [pattern='/logout', DELETE]]
?[0m?[0;34m?[2m2023-08-22T13:43:43.655+02:00?[0;39m ?[32mTRACE?[0;39m ?[35m18216?[0;39m ?[2m---?[0;39m ?[2m[io-28852-exec-8]?[0;39m ?[36mo.s.security.web.FilterChainProxy       ?[0;39m ?[2m:?[0;39m Invoking BasicAuthenticationFilter (6/12)
?[0m?[0;34m?[2m2023-08-22T13:43:43.655+02:00?[0;39m ?[32mTRACE?[0;39m ?[35m18216?[0;39m ?[2m---?[0;39m ?[2m[io-28852-exec-8]?[0;39m ?[36mo.s.security.web.FilterChainProxy       ?[0;39m ?[2m:?[0;39m Invoking RequestCacheAwareFilter (7/12)
?[0m?[0;34m?[2m2023-08-22T13:43:43.656+02:00?[0;39m ?[32mTRACE?[0;39m ?[35m18216?[0;39m ?[2m---?[0;39m ?[2m[io-28852-exec-8]?[0;39m ?[36mo.s.security.web.FilterChainProxy       ?[0;39m ?[2m:?[0;39m Invoking SecurityContextHolderAwareRequestFilter (8/12)
?[0m?[0;34m?[2m2023-08-22T13:43:43.656+02:00?[0;39m ?[32mTRACE?[0;39m ?[35m18216?[0;39m ?[2m---?[0;39m ?[2m[io-28852-exec-8]?[0;39m ?[36mo.s.security.web.FilterChainProxy       ?[0;39m ?[2m:?[0;39m Invoking AnonymousAuthenticationFilter (9/12)
?[0m?[0;34m?[2m2023-08-22T13:43:43.656+02:00?[0;39m ?[32mTRACE?[0;39m ?[35m18216?[0;39m ?[2m---?[0;39m ?[2m[io-28852-exec-8]?[0;39m ?[36mo.s.security.web.FilterChainProxy       ?[0;39m ?[2m:?[0;39m Invoking SessionManagementFilter (10/12)
?[0m?[0;34m?[2m2023-08-22T13:43:43.656+02:00?[0;39m ?[32mTRACE?[0;39m ?[35m18216?[0;39m ?[2m---?[0;39m ?[2m[io-28852-exec-8]?[0;39m ?[36mo.s.security.web.FilterChainProxy       ?[0;39m ?[2m:?[0;39m Invoking ExceptionTranslationFilter (11/12)
?[0m?[0;34m?[2m2023-08-22T13:43:43.656+02:00?[0;39m ?[32mTRACE?[0;39m ?[35m18216?[0;39m ?[2m---?[0;39m ?[2m[io-28852-exec-8]?[0;39m ?[36mo.s.security.web.FilterChainProxy       ?[0;39m ?[2m:?[0;39m Invoking AuthorizationFilter (12/12)
?[0m?[0;34m?[2m2023-08-22T13:43:43.656+02:00?[0;39m ?[32mTRACE?[0;39m ?[35m18216?[0;39m ?[2m---?[0;39m ?[2m[io-28852-exec-8]?[0;39m ?[36mestMatcherDelegatingAuthorizationManager?[0;39m ?[2m:?[0;39m Authorizing SecurityContextHolderAwareRequestWrapper[ FirewalledRequest[ org.apache.catalina.core.ApplicationHttpRequest@1d52ec63]]
?[0m?[0;34m?[2m2023-08-22T13:43:43.656+02:00?[0;39m ?[32mTRACE?[0;39m ?[35m18216?[0;39m ?[2m---?[0;39m ?[2m[io-28852-exec-8]?[0;39m ?[36mestMatcherDelegatingAuthorizationManager?[0;39m ?[2m:?[0;39m Checking authorization on SecurityContextHolderAwareRequestWrapper[ FirewalledRequest[ org.apache.catalina.core.ApplicationHttpRequest@1d52ec63]] using org.springframework.security.config.annotation.web.configurers.AuthorizeHttpRequestsConfigurer$$Lambda$1316/0x0000000100a4d140@528cc85a
?[0m?[0;34m?[2m2023-08-22T13:43:43.657+02:00?[0;39m ?[32mDEBUG?[0;39m ?[35m18216?[0;39m ?[2m---?[0;39m ?[2m[io-28852-exec-8]?[0;39m ?[36mo.s.security.web.FilterChainProxy       ?[0;39m ?[2m:?[0;39m Secured POST /error
?[0m?[0;34m?[2m2023-08-22T13:43:43.657+02:00?[0;39m ?[32mTRACE?[0;39m ?[35m18216?[0;39m ?[2m---?[0;39m ?[2m[io-28852-exec-8]?[0;39m ?[36m.s.s.w.c.SupplierDeferredSecurityContext?[0;39m ?[2m:?[0;39m Created SecurityContextImpl [Null authentication]
?[0m?[0;34m?[2m2023-08-22T13:43:43.657+02:00?[0;39m ?[32mTRACE?[0;39m ?[35m18216?[0;39m ?[2m---?[0;39m ?[2m[io-28852-exec-8]?[0;39m ?[36mo.s.s.w.a.AnonymousAuthenticationFilter ?[0;39m ?[2m:?[0;39m Set SecurityContextHolder to AnonymousAuthenticationToken [Principal=anonymousUser, Credentials=[PROTECTED], Authenticated=true, Details=WebAuthenticationDetails [RemoteIpAddress=127.0.0.1, SessionId=null], Granted Authorities=[ROLE_ANONYMOUS]]
?[1;31m
Start test 9?[0m
?[0;34m?[2m2023-08-22T13:43:43.666+02:00?[0;39m ?[32mTRACE?[0;39m ?[35m18216?[0;39m ?[2m---?[0;39m ?[2m[io-28852-exec-9]?[0;39m ?[36mo.s.security.web.FilterChainProxy       ?[0;39m ?[2m:?[0;39m Trying to match request against DefaultSecurityFilterChain [RequestMatcher=any request, Filters=[org.springframework.security.web.session.DisableEncodeUrlFilter@5d51203b, org.springframework.security.web.context.request.async.WebAsyncManagerIntegrationFilter@32be672d, org.springframework.security.web.context.SecurityContextHolderFilter@74f54f8e, org.springframework.security.web.header.HeaderWriterFilter@157ff8f8, org.springframework.security.web.authentication.logout.LogoutFilter@72364a40, org.springframework.security.web.authentication.www.BasicAuthenticationFilter@a23b96b, org.springframework.security.web.savedrequest.RequestCacheAwareFilter@59b8a801, org.springframework.security.web.servletapi.SecurityContextHolderAwareRequestFilter@5aa026e9, org.springframework.security.web.authentication.AnonymousAuthenticationFilter@23e54c8a, org.springframework.security.web.session.SessionManagementFilter@79e3f444, org.springframework.security.web.access.ExceptionTranslationFilter@17a756db, org.springframework.security.web.access.intercept.AuthorizationFilter@55e75ce0]] (1/1)
?[0m?[0;34m?[2m2023-08-22T13:43:43.667+02:00?[0;39m ?[32mDEBUG?[0;39m ?[35m18216?[0;39m ?[2m---?[0;39m ?[2m[io-28852-exec-9]?[0;39m ?[36mo.s.security.web.FilterChainProxy       ?[0;39m ?[2m:?[0;39m Securing POST /api/auth/signup
?[0m?[0;34m?[2m2023-08-22T13:43:43.667+02:00?[0;39m ?[32mTRACE?[0;39m ?[35m18216?[0;39m ?[2m---?[0;39m ?[2m[io-28852-exec-9]?[0;39m ?[36mo.s.security.web.FilterChainProxy       ?[0;39m ?[2m:?[0;39m Invoking DisableEncodeUrlFilter (1/12)
?[0m?[0;34m?[2m2023-08-22T13:43:43.667+02:00?[0;39m ?[32mTRACE?[0;39m ?[35m18216?[0;39m ?[2m---?[0;39m ?[2m[io-28852-exec-9]?[0;39m ?[36mo.s.security.web.FilterChainProxy       ?[0;39m ?[2m:?[0;39m Invoking WebAsyncManagerIntegrationFilter (2/12)
?[0m?[0;34m?[2m2023-08-22T13:43:43.667+02:00?[0;39m ?[32mTRACE?[0;39m ?[35m18216?[0;39m ?[2m---?[0;39m ?[2m[io-28852-exec-9]?[0;39m ?[36mo.s.security.web.FilterChainProxy       ?[0;39m ?[2m:?[0;39m Invoking SecurityContextHolderFilter (3/12)
?[0m?[0;34m?[2m2023-08-22T13:43:43.667+02:00?[0;39m ?[32mTRACE?[0;39m ?[35m18216?[0;39m ?[2m---?[0;39m ?[2m[io-28852-exec-9]?[0;39m ?[36mo.s.security.web.FilterChainProxy       ?[0;39m ?[2m:?[0;39m Invoking HeaderWriterFilter (4/12)
?[0m?[0;34m?[2m2023-08-22T13:43:43.667+02:00?[0;39m ?[32mTRACE?[0;39m ?[35m18216?[0;39m ?[2m---?[0;39m ?[2m[io-28852-exec-9]?[0;39m ?[36mo.s.security.web.FilterChainProxy       ?[0;39m ?[2m:?[0;39m Invoking LogoutFilter (5/12)
?[0m?[0;34m?[2m2023-08-22T13:43:43.667+02:00?[0;39m ?[32mTRACE?[0;39m ?[35m18216?[0;39m ?[2m---?[0;39m ?[2m[io-28852-exec-9]?[0;39m ?[36mo.s.s.w.a.logout.LogoutFilter           ?[0;39m ?[2m:?[0;39m Did not match request to Or [Ant [pattern='/logout', GET], Ant [pattern='/logout', POST], Ant [pattern='/logout', PUT], Ant [pattern='/logout', DELETE]]
?[0m?[0;34m?[2m2023-08-22T13:43:43.667+02:00?[0;39m ?[32mTRACE?[0;39m ?[35m18216?[0;39m ?[2m---?[0;39m ?[2m[io-28852-exec-9]?[0;39m ?[36mo.s.security.web.FilterChainProxy       ?[0;39m ?[2m:?[0;39m Invoking BasicAuthenticationFilter (6/12)
?[0m?[0;34m?[2m2023-08-22T13:43:43.667+02:00?[0;39m ?[32mTRACE?[0;39m ?[35m18216?[0;39m ?[2m---?[0;39m ?[2m[io-28852-exec-9]?[0;39m ?[36mo.s.s.w.a.www.BasicAuthenticationFilter ?[0;39m ?[2m:?[0;39m Did not process authentication request since failed to find username and password in Basic Authorization header
?[0m?[0;34m?[2m2023-08-22T13:43:43.667+02:00?[0;39m ?[32mTRACE?[0;39m ?[35m18216?[0;39m ?[2m---?[0;39m ?[2m[io-28852-exec-9]?[0;39m ?[36mo.s.security.web.FilterChainProxy       ?[0;39m ?[2m:?[0;39m Invoking RequestCacheAwareFilter (7/12)
?[0m?[0;34m?[2m2023-08-22T13:43:43.667+02:00?[0;39m ?[32mTRACE?[0;39m ?[35m18216?[0;39m ?[2m---?[0;39m ?[2m[io-28852-exec-9]?[0;39m ?[36mo.s.security.web.FilterChainProxy       ?[0;39m ?[2m:?[0;39m Invoking SecurityContextHolderAwareRequestFilter (8/12)
?[0m?[0;34m?[2m2023-08-22T13:43:43.667+02:00?[0;39m ?[32mTRACE?[0;39m ?[35m18216?[0;39m ?[2m---?[0;39m ?[2m[io-28852-exec-9]?[0;39m ?[36mo.s.security.web.FilterChainProxy       ?[0;39m ?[2m:?[0;39m Invoking AnonymousAuthenticationFilter (9/12)
?[0m?[0;34m?[2m2023-08-22T13:43:43.668+02:00?[0;39m ?[32mTRACE?[0;39m ?[35m18216?[0;39m ?[2m---?[0;39m ?[2m[io-28852-exec-9]?[0;39m ?[36mo.s.security.web.FilterChainProxy       ?[0;39m ?[2m:?[0;39m Invoking SessionManagementFilter (10/12)
?[0m?[0;34m?[2m2023-08-22T13:43:43.668+02:00?[0;39m ?[32mTRACE?[0;39m ?[35m18216?[0;39m ?[2m---?[0;39m ?[2m[io-28852-exec-9]?[0;39m ?[36m.s.s.w.c.SupplierDeferredSecurityContext?[0;39m ?[2m:?[0;39m Created SecurityContextImpl [Null authentication]
?[0m?[0;34m?[2m2023-08-22T13:43:43.668+02:00?[0;39m ?[32mTRACE?[0;39m ?[35m18216?[0;39m ?[2m---?[0;39m ?[2m[io-28852-exec-9]?[0;39m ?[36mo.s.s.w.a.AnonymousAuthenticationFilter ?[0;39m ?[2m:?[0;39m Set SecurityContextHolder to AnonymousAuthenticationToken [Principal=anonymousUser, Credentials=[PROTECTED], Authenticated=true, Details=WebAuthenticationDetails [RemoteIpAddress=127.0.0.1, SessionId=null], Granted Authorities=[ROLE_ANONYMOUS]]
?[0m?[0;34m?[2m2023-08-22T13:43:43.668+02:00?[0;39m ?[32mTRACE?[0;39m ?[35m18216?[0;39m ?[2m---?[0;39m ?[2m[io-28852-exec-9]?[0;39m ?[36mo.s.security.web.FilterChainProxy       ?[0;39m ?[2m:?[0;39m Invoking ExceptionTranslationFilter (11/12)
?[0m?[0;34m?[2m2023-08-22T13:43:43.668+02:00?[0;39m ?[32mTRACE?[0;39m ?[35m18216?[0;39m ?[2m---?[0;39m ?[2m[io-28852-exec-9]?[0;39m ?[36mo.s.security.web.FilterChainProxy       ?[0;39m ?[2m:?[0;39m Invoking AuthorizationFilter (12/12)
?[0m?[0;34m?[2m2023-08-22T13:43:43.668+02:00?[0;39m ?[32mTRACE?[0;39m ?[35m18216?[0;39m ?[2m---?[0;39m ?[2m[io-28852-exec-9]?[0;39m ?[36mestMatcherDelegatingAuthorizationManager?[0;39m ?[2m:?[0;39m Authorizing SecurityContextHolderAwareRequestWrapper[ org.springframework.security.web.header.HeaderWriterFilter$HeaderWriterRequest@3e1076b8]
?[0m?[0;34m?[2m2023-08-22T13:43:43.668+02:00?[0;39m ?[32mTRACE?[0;39m ?[35m18216?[0;39m ?[2m---?[0;39m ?[2m[io-28852-exec-9]?[0;39m ?[36mestMatcherDelegatingAuthorizationManager?[0;39m ?[2m:?[0;39m Checking authorization on SecurityContextHolderAwareRequestWrapper[ org.springframework.security.web.header.HeaderWriterFilter$HeaderWriterRequest@3e1076b8] using org.springframework.security.config.annotation.web.configurers.AuthorizeHttpRequestsConfigurer$$Lambda$1316/0x0000000100a4d140@528cc85a
?[0m?[0;34m?[2m2023-08-22T13:43:43.669+02:00?[0;39m ?[32mDEBUG?[0;39m ?[35m18216?[0;39m ?[2m---?[0;39m ?[2m[io-28852-exec-9]?[0;39m ?[36mo.s.security.web.FilterChainProxy       ?[0;39m ?[2m:?[0;39m Secured POST /api/auth/signup
?[0m?[0;34m?[2m2023-08-22T13:43:43.670+02:00?[0;39m ?[32mTRACE?[0;39m ?[35m18216?[0;39m ?[2m---?[0;39m ?[2m[io-28852-exec-9]?[0;39m ?[36mo.s.s.w.header.writers.HstsHeaderWriter ?[0;39m ?[2m:?[0;39m Not injecting HSTS header since it did not match request to [Is Secure]
?[0m?[0;34m?[2m2023-08-22T13:43:43.671+02:00?[0;39m ?[33m WARN?[0;39m ?[35m18216?[0;39m ?[2m---?[0;39m ?[2m[io-28852-exec-9]?[0;39m ?[36m.w.s.m.s.DefaultHandlerExceptionResolver?[0;39m ?[2m:?[0;39m Resolved [org.springframework.web.bind.MethodArgumentNotValidException: Validation failed for argument [0] in public org.springframework.http.ResponseEntity<java.lang.Object> account.presentationlayer.Controller.signup(account.businesslayer.user.User): [Field error in object 'user' on field 'email': rejected value [johndoeacme.com]; codes [Email.user.email,Email.email,Email.java.lang.String,Email]; arguments [org.springframework.context.support.DefaultMessageSourceResolvable: codes [user.email,email]; arguments []; default message [email],[Ljakarta.validation.constraints.Pattern$Flag;@33d0c8bf,^(.+)@acme.com$]; default message [must be a well-formed email address]] ]
?[0m?[0;34m?[2m2023-08-22T13:43:43.672+02:00?[0;39m ?[32mTRACE?[0;39m ?[35m18216?[0;39m ?[2m---?[0;39m ?[2m[io-28852-exec-9]?[0;39m ?[36mo.s.security.web.FilterChainProxy       ?[0;39m ?[2m:?[0;39m Trying to match request against DefaultSecurityFilterChain [RequestMatcher=any request, Filters=[org.springframework.security.web.session.DisableEncodeUrlFilter@5d51203b, org.springframework.security.web.context.request.async.WebAsyncManagerIntegrationFilter@32be672d, org.springframework.security.web.context.SecurityContextHolderFilter@74f54f8e, org.springframework.security.web.header.HeaderWriterFilter@157ff8f8, org.springframework.security.web.authentication.logout.LogoutFilter@72364a40, org.springframework.security.web.authentication.www.BasicAuthenticationFilter@a23b96b, org.springframework.security.web.savedrequest.RequestCacheAwareFilter@59b8a801, org.springframework.security.web.servletapi.SecurityContextHolderAwareRequestFilter@5aa026e9, org.springframework.security.web.authentication.AnonymousAuthenticationFilter@23e54c8a, org.springframework.security.web.session.SessionManagementFilter@79e3f444, org.springframework.security.web.access.ExceptionTranslationFilter@17a756db, org.springframework.security.web.access.intercept.AuthorizationFilter@55e75ce0]] (1/1)
?[0m?[0;34m?[2m2023-08-22T13:43:43.672+02:00?[0;39m ?[32mDEBUG?[0;39m ?[35m18216?[0;39m ?[2m---?[0;39m ?[2m[io-28852-exec-9]?[0;39m ?[36mo.s.security.web.FilterChainProxy       ?[0;39m ?[2m:?[0;39m Securing POST /error
?[0m?[0;34m?[2m2023-08-22T13:43:43.672+02:00?[0;39m ?[32mTRACE?[0;39m ?[35m18216?[0;39m ?[2m---?[0;39m ?[2m[io-28852-exec-9]?[0;39m ?[36mo.s.security.web.FilterChainProxy       ?[0;39m ?[2m:?[0;39m Invoking DisableEncodeUrlFilter (1/12)
?[0m?[0;34m?[2m2023-08-22T13:43:43.673+02:00?[0;39m ?[32mTRACE?[0;39m ?[35m18216?[0;39m ?[2m---?[0;39m ?[2m[io-28852-exec-9]?[0;39m ?[36mo.s.security.web.FilterChainProxy       ?[0;39m ?[2m:?[0;39m Invoking WebAsyncManagerIntegrationFilter (2/12)
?[0m?[0;34m?[2m2023-08-22T13:43:43.673+02:00?[0;39m ?[32mTRACE?[0;39m ?[35m18216?[0;39m ?[2m---?[0;39m ?[2m[io-28852-exec-9]?[0;39m ?[36mo.s.security.web.FilterChainProxy       ?[0;39m ?[2m:?[0;39m Invoking SecurityContextHolderFilter (3/12)
?[0m?[0;34m?[2m2023-08-22T13:43:43.673+02:00?[0;39m ?[32mTRACE?[0;39m ?[35m18216?[0;39m ?[2m---?[0;39m ?[2m[io-28852-exec-9]?[0;39m ?[36mo.s.security.web.FilterChainProxy       ?[0;39m ?[2m:?[0;39m Invoking HeaderWriterFilter (4/12)
?[0m?[0;34m?[2m2023-08-22T13:43:43.673+02:00?[0;39m ?[32mTRACE?[0;39m ?[35m18216?[0;39m ?[2m---?[0;39m ?[2m[io-28852-exec-9]?[0;39m ?[36mo.s.security.web.FilterChainProxy       ?[0;39m ?[2m:?[0;39m Invoking LogoutFilter (5/12)
?[0m?[0;34m?[2m2023-08-22T13:43:43.673+02:00?[0;39m ?[32mTRACE?[0;39m ?[35m18216?[0;39m ?[2m---?[0;39m ?[2m[io-28852-exec-9]?[0;39m ?[36mo.s.s.w.a.logout.LogoutFilter           ?[0;39m ?[2m:?[0;39m Did not match request to Or [Ant [pattern='/logout', GET], Ant [pattern='/logout', POST], Ant [pattern='/logout', PUT], Ant [pattern='/logout', DELETE]]
?[0m?[0;34m?[2m2023-08-22T13:43:43.673+02:00?[0;39m ?[32mTRACE?[0;39m ?[35m18216?[0;39m ?[2m---?[0;39m ?[2m[io-28852-exec-9]?[0;39m ?[36mo.s.security.web.FilterChainProxy       ?[0;39m ?[2m:?[0;39m Invoking BasicAuthenticationFilter (6/12)
?[0m?[0;34m?[2m2023-08-22T13:43:43.673+02:00?[0;39m ?[32mTRACE?[0;39m ?[35m18216?[0;39m ?[2m---?[0;39m ?[2m[io-28852-exec-9]?[0;39m ?[36mo.s.security.web.FilterChainProxy       ?[0;39m ?[2m:?[0;39m Invoking RequestCacheAwareFilter (7/12)
?[0m?[0;34m?[2m2023-08-22T13:43:43.673+02:00?[0;39m ?[32mTRACE?[0;39m ?[35m18216?[0;39m ?[2m---?[0;39m ?[2m[io-28852-exec-9]?[0;39m ?[36mo.s.security.web.FilterChainProxy       ?[0;39m ?[2m:?[0;39m Invoking SecurityContextHolderAwareRequestFilter (8/12)
?[0m?[0;34m?[2m2023-08-22T13:43:43.674+02:00?[0;39m ?[32mTRACE?[0;39m ?[35m18216?[0;39m ?[2m---?[0;39m ?[2m[io-28852-exec-9]?[0;39m ?[36mo.s.security.web.FilterChainProxy       ?[0;39m ?[2m:?[0;39m Invoking AnonymousAuthenticationFilter (9/12)
?[0m?[0;34m?[2m2023-08-22T13:43:43.674+02:00?[0;39m ?[32mTRACE?[0;39m ?[35m18216?[0;39m ?[2m---?[0;39m ?[2m[io-28852-exec-9]?[0;39m ?[36mo.s.security.web.FilterChainProxy       ?[0;39m ?[2m:?[0;39m Invoking SessionManagementFilter (10/12)
?[0m?[0;34m?[2m2023-08-22T13:43:43.674+02:00?[0;39m ?[32mTRACE?[0;39m ?[35m18216?[0;39m ?[2m---?[0;39m ?[2m[io-28852-exec-9]?[0;39m ?[36mo.s.security.web.FilterChainProxy       ?[0;39m ?[2m:?[0;39m Invoking ExceptionTranslationFilter (11/12)
?[0m?[0;34m?[2m2023-08-22T13:43:43.674+02:00?[0;39m ?[32mTRACE?[0;39m ?[35m18216?[0;39m ?[2m---?[0;39m ?[2m[io-28852-exec-9]?[0;39m ?[36mo.s.security.web.FilterChainProxy       ?[0;39m ?[2m:?[0;39m Invoking AuthorizationFilter (12/12)
?[0m?[0;34m?[2m2023-08-22T13:43:43.674+02:00?[0;39m ?[32mTRACE?[0;39m ?[35m18216?[0;39m ?[2m---?[0;39m ?[2m[io-28852-exec-9]?[0;39m ?[36mestMatcherDelegatingAuthorizationManager?[0;39m ?[2m:?[0;39m Authorizing SecurityContextHolderAwareRequestWrapper[ FirewalledRequest[ org.apache.catalina.core.ApplicationHttpRequest@71ea9531]]
?[0m?[0;34m?[2m2023-08-22T13:43:43.675+02:00?[0;39m ?[32mTRACE?[0;39m ?[35m18216?[0;39m ?[2m---?[0;39m ?[2m[io-28852-exec-9]?[0;39m ?[36mestMatcherDelegatingAuthorizationManager?[0;39m ?[2m:?[0;39m Checking authorization on SecurityContextHolderAwareRequestWrapper[ FirewalledRequest[ org.apache.catalina.core.ApplicationHttpRequest@71ea9531]] using org.springframework.security.config.annotation.web.configurers.AuthorizeHttpRequestsConfigurer$$Lambda$1316/0x0000000100a4d140@528cc85a
?[0m?[0;34m?[2m2023-08-22T13:43:43.675+02:00?[0;39m ?[32mDEBUG?[0;39m ?[35m18216?[0;39m ?[2m---?[0;39m ?[2m[io-28852-exec-9]?[0;39m ?[36mo.s.security.web.FilterChainProxy       ?[0;39m ?[2m:?[0;39m Secured POST /error
?[0m?[0;34m?[2m2023-08-22T13:43:43.675+02:00?[0;39m ?[32mTRACE?[0;39m ?[35m18216?[0;39m ?[2m---?[0;39m ?[2m[io-28852-exec-9]?[0;39m ?[36m.s.s.w.c.SupplierDeferredSecurityContext?[0;39m ?[2m:?[0;39m Created SecurityContextImpl [Null authentication]
?[0m?[0;34m?[2m2023-08-22T13:43:43.675+02:00?[0;39m ?[32mTRACE?[0;39m ?[35m18216?[0;39m ?[2m---?[0;39m ?[2m[io-28852-exec-9]?[0;39m ?[36mo.s.s.w.a.AnonymousAuthenticationFilter ?[0;39m ?[2m:?[0;39m Set SecurityContextHolder to AnonymousAuthenticationToken [Principal=anonymousUser, Credentials=[PROTECTED], Authenticated=true, Details=WebAuthenticationDetails [RemoteIpAddress=127.0.0.1, SessionId=null], Granted Authorities=[ROLE_ANONYMOUS]]
?[1;31m
Start test 10?[0m
?[0;34m?[2m2023-08-22T13:43:43.685+02:00?[0;39m ?[32mTRACE?[0;39m ?[35m18216?[0;39m ?[2m---?[0;39m ?[2m[o-28852-exec-10]?[0;39m ?[36mo.s.security.web.FilterChainProxy       ?[0;39m ?[2m:?[0;39m Trying to match request against DefaultSecurityFilterChain [RequestMatcher=any request, Filters=[org.springframework.security.web.session.DisableEncodeUrlFilter@5d51203b, org.springframework.security.web.context.request.async.WebAsyncManagerIntegrationFilter@32be672d, org.springframework.security.web.context.SecurityContextHolderFilter@74f54f8e, org.springframework.security.web.header.HeaderWriterFilter@157ff8f8, org.springframework.security.web.authentication.logout.LogoutFilter@72364a40, org.springframework.security.web.authentication.www.BasicAuthenticationFilter@a23b96b, org.springframework.security.web.savedrequest.RequestCacheAwareFilter@59b8a801, org.springframework.security.web.servletapi.SecurityContextHolderAwareRequestFilter@5aa026e9, org.springframework.security.web.authentication.AnonymousAuthenticationFilter@23e54c8a, org.springframework.security.web.session.SessionManagementFilter@79e3f444, org.springframework.security.web.access.ExceptionTranslationFilter@17a756db, org.springframework.security.web.access.intercept.AuthorizationFilter@55e75ce0]] (1/1)
?[0m?[0;34m?[2m2023-08-22T13:43:43.685+02:00?[0;39m ?[32mDEBUG?[0;39m ?[35m18216?[0;39m ?[2m---?[0;39m ?[2m[o-28852-exec-10]?[0;39m ?[36mo.s.security.web.FilterChainProxy       ?[0;39m ?[2m:?[0;39m Securing POST /api/auth/signup
?[0m?[0;34m?[2m2023-08-22T13:43:43.685+02:00?[0;39m ?[32mTRACE?[0;39m ?[35m18216?[0;39m ?[2m---?[0;39m ?[2m[o-28852-exec-10]?[0;39m ?[36mo.s.security.web.FilterChainProxy       ?[0;39m ?[2m:?[0;39m Invoking DisableEncodeUrlFilter (1/12)
?[0m?[0;34m?[2m2023-08-22T13:43:43.685+02:00?[0;39m ?[32mTRACE?[0;39m ?[35m18216?[0;39m ?[2m---?[0;39m ?[2m[o-28852-exec-10]?[0;39m ?[36mo.s.security.web.FilterChainProxy       ?[0;39m ?[2m:?[0;39m Invoking WebAsyncManagerIntegrationFilter (2/12)
?[0m?[0;34m?[2m2023-08-22T13:43:43.685+02:00?[0;39m ?[32mTRACE?[0;39m ?[35m18216?[0;39m ?[2m---?[0;39m ?[2m[o-28852-exec-10]?[0;39m ?[36mo.s.security.web.FilterChainProxy       ?[0;39m ?[2m:?[0;39m Invoking SecurityContextHolderFilter (3/12)
?[0m?[0;34m?[2m2023-08-22T13:43:43.685+02:00?[0;39m ?[32mTRACE?[0;39m ?[35m18216?[0;39m ?[2m---?[0;39m ?[2m[o-28852-exec-10]?[0;39m ?[36mo.s.security.web.FilterChainProxy       ?[0;39m ?[2m:?[0;39m Invoking HeaderWriterFilter (4/12)
?[0m?[0;34m?[2m2023-08-22T13:43:43.686+02:00?[0;39m ?[32mTRACE?[0;39m ?[35m18216?[0;39m ?[2m---?[0;39m ?[2m[o-28852-exec-10]?[0;39m ?[36mo.s.security.web.FilterChainProxy       ?[0;39m ?[2m:?[0;39m Invoking LogoutFilter (5/12)
?[0m?[0;34m?[2m2023-08-22T13:43:43.686+02:00?[0;39m ?[32mTRACE?[0;39m ?[35m18216?[0;39m ?[2m---?[0;39m ?[2m[o-28852-exec-10]?[0;39m ?[36mo.s.s.w.a.logout.LogoutFilter           ?[0;39m ?[2m:?[0;39m Did not match request to Or [Ant [pattern='/logout', GET], Ant [pattern='/logout', POST], Ant [pattern='/logout', PUT], Ant [pattern='/logout', DELETE]]
?[0m?[0;34m?[2m2023-08-22T13:43:43.686+02:00?[0;39m ?[32mTRACE?[0;39m ?[35m18216?[0;39m ?[2m---?[0;39m ?[2m[o-28852-exec-10]?[0;39m ?[36mo.s.security.web.FilterChainProxy       ?[0;39m ?[2m:?[0;39m Invoking BasicAuthenticationFilter (6/12)
?[0m?[0;34m?[2m2023-08-22T13:43:43.686+02:00?[0;39m ?[32mTRACE?[0;39m ?[35m18216?[0;39m ?[2m---?[0;39m ?[2m[o-28852-exec-10]?[0;39m ?[36mo.s.s.w.a.www.BasicAuthenticationFilter ?[0;39m ?[2m:?[0;39m Did not process authentication request since failed to find username and password in Basic Authorization header
?[0m?[0;34m?[2m2023-08-22T13:43:43.686+02:00?[0;39m ?[32mTRACE?[0;39m ?[35m18216?[0;39m ?[2m---?[0;39m ?[2m[o-28852-exec-10]?[0;39m ?[36mo.s.security.web.FilterChainProxy       ?[0;39m ?[2m:?[0;39m Invoking RequestCacheAwareFilter (7/12)
?[0m?[0;34m?[2m2023-08-22T13:43:43.686+02:00?[0;39m ?[32mTRACE?[0;39m ?[35m18216?[0;39m ?[2m---?[0;39m ?[2m[o-28852-exec-10]?[0;39m ?[36mo.s.security.web.FilterChainProxy       ?[0;39m ?[2m:?[0;39m Invoking SecurityContextHolderAwareRequestFilter (8/12)
?[0m?[0;34m?[2m2023-08-22T13:43:43.686+02:00?[0;39m ?[32mTRACE?[0;39m ?[35m18216?[0;39m ?[2m---?[0;39m ?[2m[o-28852-exec-10]?[0;39m ?[36mo.s.security.web.FilterChainProxy       ?[0;39m ?[2m:?[0;39m Invoking AnonymousAuthenticationFilter (9/12)
?[0m?[0;34m?[2m2023-08-22T13:43:43.686+02:00?[0;39m ?[32mTRACE?[0;39m ?[35m18216?[0;39m ?[2m---?[0;39m ?[2m[o-28852-exec-10]?[0;39m ?[36mo.s.security.web.FilterChainProxy       ?[0;39m ?[2m:?[0;39m Invoking SessionManagementFilter (10/12)
?[0m?[0;34m?[2m2023-08-22T13:43:43.686+02:00?[0;39m ?[32mTRACE?[0;39m ?[35m18216?[0;39m ?[2m---?[0;39m ?[2m[o-28852-exec-10]?[0;39m ?[36m.s.s.w.c.SupplierDeferredSecurityContext?[0;39m ?[2m:?[0;39m Created SecurityContextImpl [Null authentication]
?[0m?[0;34m?[2m2023-08-22T13:43:43.686+02:00?[0;39m ?[32mTRACE?[0;39m ?[35m18216?[0;39m ?[2m---?[0;39m ?[2m[o-28852-exec-10]?[0;39m ?[36mo.s.s.w.a.AnonymousAuthenticationFilter ?[0;39m ?[2m:?[0;39m Set SecurityContextHolder to AnonymousAuthenticationToken [Principal=anonymousUser, Credentials=[PROTECTED], Authenticated=true, Details=WebAuthenticationDetails [RemoteIpAddress=127.0.0.1, SessionId=null], Granted Authorities=[ROLE_ANONYMOUS]]
?[0m?[0;34m?[2m2023-08-22T13:43:43.686+02:00?[0;39m ?[32mTRACE?[0;39m ?[35m18216?[0;39m ?[2m---?[0;39m ?[2m[o-28852-exec-10]?[0;39m ?[36mo.s.security.web.FilterChainProxy       ?[0;39m ?[2m:?[0;39m Invoking ExceptionTranslationFilter (11/12)
?[0m?[0;34m?[2m2023-08-22T13:43:43.686+02:00?[0;39m ?[32mTRACE?[0;39m ?[35m18216?[0;39m ?[2m---?[0;39m ?[2m[o-28852-exec-10]?[0;39m ?[36mo.s.security.web.FilterChainProxy       ?[0;39m ?[2m:?[0;39m Invoking AuthorizationFilter (12/12)
?[0m?[0;34m?[2m2023-08-22T13:43:43.686+02:00?[0;39m ?[32mTRACE?[0;39m ?[35m18216?[0;39m ?[2m---?[0;39m ?[2m[o-28852-exec-10]?[0;39m ?[36mestMatcherDelegatingAuthorizationManager?[0;39m ?[2m:?[0;39m Authorizing SecurityContextHolderAwareRequestWrapper[ org.springframework.security.web.header.HeaderWriterFilter$HeaderWriterRequest@4cd77e47]
?[0m?[0;34m?[2m2023-08-22T13:43:43.687+02:00?[0;39m ?[32mTRACE?[0;39m ?[35m18216?[0;39m ?[2m---?[0;39m ?[2m[o-28852-exec-10]?[0;39m ?[36mestMatcherDelegatingAuthorizationManager?[0;39m ?[2m:?[0;39m Checking authorization on SecurityContextHolderAwareRequestWrapper[ org.springframework.security.web.header.HeaderWriterFilter$HeaderWriterRequest@4cd77e47] using org.springframework.security.config.annotation.web.configurers.AuthorizeHttpRequestsConfigurer$$Lambda$1316/0x0000000100a4d140@528cc85a
?[0m?[0;34m?[2m2023-08-22T13:43:43.688+02:00?[0;39m ?[32mDEBUG?[0;39m ?[35m18216?[0;39m ?[2m---?[0;39m ?[2m[o-28852-exec-10]?[0;39m ?[36mo.s.security.web.FilterChainProxy       ?[0;39m ?[2m:?[0;39m Secured POST /api/auth/signup
?[0m?[0;34m?[2m2023-08-22T13:43:43.690+02:00?[0;39m ?[32mTRACE?[0;39m ?[35m18216?[0;39m ?[2m---?[0;39m ?[2m[o-28852-exec-10]?[0;39m ?[36mo.s.s.w.header.writers.HstsHeaderWriter ?[0;39m ?[2m:?[0;39m Not injecting HSTS header since it did not match request to [Is Secure]
?[0m?[0;34m?[2m2023-08-22T13:43:43.690+02:00?[0;39m ?[33m WARN?[0;39m ?[35m18216?[0;39m ?[2m---?[0;39m ?[2m[o-28852-exec-10]?[0;39m ?[36m.w.s.m.s.DefaultHandlerExceptionResolver?[0;39m ?[2m:?[0;39m Resolved [org.springframework.web.bind.MethodArgumentNotValidException: Validation failed for argument [0] in public org.springframework.http.ResponseEntity<java.lang.Object> account.presentationlayer.Controller.signup(account.businesslayer.user.User): [Field error in object 'user' on field 'email': rejected value [johndoe@google.com]; codes [Email.user.email,Email.email,Email.java.lang.String,Email]; arguments [org.springframework.context.support.DefaultMessageSourceResolvable: codes [user.email,email]; arguments []; default message [email],[Ljakarta.validation.constraints.Pattern$Flag;@33d0c8bf,^(.+)@acme.com$]; default message [must be a well-formed email address]] ]
?[0m?[0;34m?[2m2023-08-22T13:43:43.691+02:00?[0;39m ?[32mTRACE?[0;39m ?[35m18216?[0;39m ?[2m---?[0;39m ?[2m[o-28852-exec-10]?[0;39m ?[36mo.s.security.web.FilterChainProxy       ?[0;39m ?[2m:?[0;39m Trying to match request against DefaultSecurityFilterChain [RequestMatcher=any request, Filters=[org.springframework.security.web.session.DisableEncodeUrlFilter@5d51203b, org.springframework.security.web.context.request.async.WebAsyncManagerIntegrationFilter@32be672d, org.springframework.security.web.context.SecurityContextHolderFilter@74f54f8e, org.springframework.security.web.header.HeaderWriterFilter@157ff8f8, org.springframework.security.web.authentication.logout.LogoutFilter@72364a40, org.springframework.security.web.authentication.www.BasicAuthenticationFilter@a23b96b, org.springframework.security.web.savedrequest.RequestCacheAwareFilter@59b8a801, org.springframework.security.web.servletapi.SecurityContextHolderAwareRequestFilter@5aa026e9, org.springframework.security.web.authentication.AnonymousAuthenticationFilter@23e54c8a, org.springframework.security.web.session.SessionManagementFilter@79e3f444, org.springframework.security.web.access.ExceptionTranslationFilter@17a756db, org.springframework.security.web.access.intercept.AuthorizationFilter@55e75ce0]] (1/1)
?[0m?[0;34m?[2m2023-08-22T13:43:43.692+02:00?[0;39m ?[32mDEBUG?[0;39m ?[35m18216?[0;39m ?[2m---?[0;39m ?[2m[o-28852-exec-10]?[0;39m ?[36mo.s.security.web.FilterChainProxy       ?[0;39m ?[2m:?[0;39m Securing POST /error
?[0m?[0;34m?[2m2023-08-22T13:43:43.692+02:00?[0;39m ?[32mTRACE?[0;39m ?[35m18216?[0;39m ?[2m---?[0;39m ?[2m[o-28852-exec-10]?[0;39m ?[36mo.s.security.web.FilterChainProxy       ?[0;39m ?[2m:?[0;39m Invoking DisableEncodeUrlFilter (1/12)
?[0m?[0;34m?[2m2023-08-22T13:43:43.692+02:00?[0;39m ?[32mTRACE?[0;39m ?[35m18216?[0;39m ?[2m---?[0;39m ?[2m[o-28852-exec-10]?[0;39m ?[36mo.s.security.web.FilterChainProxy       ?[0;39m ?[2m:?[0;39m Invoking WebAsyncManagerIntegrationFilter (2/12)
?[0m?[0;34m?[2m2023-08-22T13:43:43.692+02:00?[0;39m ?[32mTRACE?[0;39m ?[35m18216?[0;39m ?[2m---?[0;39m ?[2m[o-28852-exec-10]?[0;39m ?[36mo.s.security.web.FilterChainProxy       ?[0;39m ?[2m:?[0;39m Invoking SecurityContextHolderFilter (3/12)
?[0m?[0;34m?[2m2023-08-22T13:43:43.692+02:00?[0;39m ?[32mTRACE?[0;39m ?[35m18216?[0;39m ?[2m---?[0;39m ?[2m[o-28852-exec-10]?[0;39m ?[36mo.s.security.web.FilterChainProxy       ?[0;39m ?[2m:?[0;39m Invoking HeaderWriterFilter (4/12)
?[0m?[0;34m?[2m2023-08-22T13:43:43.692+02:00?[0;39m ?[32mTRACE?[0;39m ?[35m18216?[0;39m ?[2m---?[0;39m ?[2m[o-28852-exec-10]?[0;39m ?[36mo.s.security.web.FilterChainProxy       ?[0;39m ?[2m:?[0;39m Invoking LogoutFilter (5/12)
?[0m?[0;34m?[2m2023-08-22T13:43:43.692+02:00?[0;39m ?[32mTRACE?[0;39m ?[35m18216?[0;39m ?[2m---?[0;39m ?[2m[o-28852-exec-10]?[0;39m ?[36mo.s.s.w.a.logout.LogoutFilter           ?[0;39m ?[2m:?[0;39m Did not match request to Or [Ant [pattern='/logout', GET], Ant [pattern='/logout', POST], Ant [pattern='/logout', PUT], Ant [pattern='/logout', DELETE]]
?[0m?[0;34m?[2m2023-08-22T13:43:43.692+02:00?[0;39m ?[32mTRACE?[0;39m ?[35m18216?[0;39m ?[2m---?[0;39m ?[2m[o-28852-exec-10]?[0;39m ?[36mo.s.security.web.FilterChainProxy       ?[0;39m ?[2m:?[0;39m Invoking BasicAuthenticationFilter (6/12)
?[0m?[0;34m?[2m2023-08-22T13:43:43.692+02:00?[0;39m ?[32mTRACE?[0;39m ?[35m18216?[0;39m ?[2m---?[0;39m ?[2m[o-28852-exec-10]?[0;39m ?[36mo.s.security.web.FilterChainProxy       ?[0;39m ?[2m:?[0;39m Invoking RequestCacheAwareFilter (7/12)
?[0m?[0;34m?[2m2023-08-22T13:43:43.692+02:00?[0;39m ?[32mTRACE?[0;39m ?[35m18216?[0;39m ?[2m---?[0;39m ?[2m[o-28852-exec-10]?[0;39m ?[36mo.s.security.web.FilterChainProxy       ?[0;39m ?[2m:?[0;39m Invoking SecurityContextHolderAwareRequestFilter (8/12)
?[0m?[0;34m?[2m2023-08-22T13:43:43.692+02:00?[0;39m ?[32mTRACE?[0;39m ?[35m18216?[0;39m ?[2m---?[0;39m ?[2m[o-28852-exec-10]?[0;39m ?[36mo.s.security.web.FilterChainProxy       ?[0;39m ?[2m:?[0;39m Invoking AnonymousAuthenticationFilter (9/12)
?[0m?[0;34m?[2m2023-08-22T13:43:43.693+02:00?[0;39m ?[32mTRACE?[0;39m ?[35m18216?[0;39m ?[2m---?[0;39m ?[2m[o-28852-exec-10]?[0;39m ?[36mo.s.security.web.FilterChainProxy       ?[0;39m ?[2m:?[0;39m Invoking SessionManagementFilter (10/12)
?[0m?[0;34m?[2m2023-08-22T13:43:43.693+02:00?[0;39m ?[32mTRACE?[0;39m ?[35m18216?[0;39m ?[2m---?[0;39m ?[2m[o-28852-exec-10]?[0;39m ?[36mo.s.security.web.FilterChainProxy       ?[0;39m ?[2m:?[0;39m Invoking ExceptionTranslationFilter (11/12)
?[0m?[0;34m?[2m2023-08-22T13:43:43.693+02:00?[0;39m ?[32mTRACE?[0;39m ?[35m18216?[0;39m ?[2m---?[0;39m ?[2m[o-28852-exec-10]?[0;39m ?[36mo.s.security.web.FilterChainProxy       ?[0;39m ?[2m:?[0;39m Invoking AuthorizationFilter (12/12)
?[0m?[0;34m?[2m2023-08-22T13:43:43.693+02:00?[0;39m ?[32mTRACE?[0;39m ?[35m18216?[0;39m ?[2m---?[0;39m ?[2m[o-28852-exec-10]?[0;39m ?[36mestMatcherDelegatingAuthorizationManager?[0;39m ?[2m:?[0;39m Authorizing SecurityContextHolderAwareRequestWrapper[ FirewalledRequest[ org.apache.catalina.core.ApplicationHttpRequest@32d8396]]
?[0m?[0;34m?[2m2023-08-22T13:43:43.694+02:00?[0;39m ?[32mTRACE?[0;39m ?[35m18216?[0;39m ?[2m---?[0;39m ?[2m[o-28852-exec-10]?[0;39m ?[36mestMatcherDelegatingAuthorizationManager?[0;39m ?[2m:?[0;39m Checking authorization on SecurityContextHolderAwareRequestWrapper[ FirewalledRequest[ org.apache.catalina.core.ApplicationHttpRequest@32d8396]] using org.springframework.security.config.annotation.web.configurers.AuthorizeHttpRequestsConfigurer$$Lambda$1316/0x0000000100a4d140@528cc85a
?[0m?[0;34m?[2m2023-08-22T13:43:43.694+02:00?[0;39m ?[32mDEBUG?[0;39m ?[35m18216?[0;39m ?[2m---?[0;39m ?[2m[o-28852-exec-10]?[0;39m ?[36mo.s.security.web.FilterChainProxy       ?[0;39m ?[2m:?[0;39m Secured POST /error
?[0m?[0;34m?[2m2023-08-22T13:43:43.694+02:00?[0;39m ?[32mTRACE?[0;39m ?[35m18216?[0;39m ?[2m---?[0;39m ?[2m[o-28852-exec-10]?[0;39m ?[36m.s.s.w.c.SupplierDeferredSecurityContext?[0;39m ?[2m:?[0;39m Created SecurityContextImpl [Null authentication]
?[0m?[0;34m?[2m2023-08-22T13:43:43.694+02:00?[0;39m ?[32mTRACE?[0;39m ?[35m18216?[0;39m ?[2m---?[0;39m ?[2m[o-28852-exec-10]?[0;39m ?[36mo.s.s.w.a.AnonymousAuthenticationFilter ?[0;39m ?[2m:?[0;39m Set SecurityContextHolder to AnonymousAuthenticationToken [Principal=anonymousUser, Credentials=[PROTECTED], Authenticated=true, Details=WebAuthenticationDetails [RemoteIpAddress=127.0.0.1, SessionId=null], Granted Authorities=[ROLE_ANONYMOUS]]
?[1;31m
Start test 11?[0m
?[0m?[0;34m?[2m2023-08-22T13:43:43.715+02:00?[0;39m ?[32mTRACE?[0;39m ?[35m18216?[0;39m ?[2m---?[0;39m ?[2m[io-28852-exec-1]?[0;39m ?[36mo.s.security.web.FilterChainProxy       ?[0;39m ?[2m:?[0;39m Trying to match request against DefaultSecurityFilterChain [RequestMatcher=any request, Filters=[org.springframework.security.web.session.DisableEncodeUrlFilter@5d51203b, org.springframework.security.web.context.request.async.WebAsyncManagerIntegrationFilter@32be672d, org.springframework.security.web.context.SecurityContextHolderFilter@74f54f8e, org.springframework.security.web.header.HeaderWriterFilter@157ff8f8, org.springframework.security.web.authentication.logout.LogoutFilter@72364a40, org.springframework.security.web.authentication.www.BasicAuthenticationFilter@a23b96b, org.springframework.security.web.savedrequest.RequestCacheAwareFilter@59b8a801, org.springframework.security.web.servletapi.SecurityContextHolderAwareRequestFilter@5aa026e9, org.springframework.security.web.authentication.AnonymousAuthenticationFilter@23e54c8a, org.springframework.security.web.session.SessionManagementFilter@79e3f444, org.springframework.security.web.access.ExceptionTranslationFilter@17a756db, org.springframework.security.web.access.intercept.AuthorizationFilter@55e75ce0]] (1/1)
?[0m?[0;34m?[2m2023-08-22T13:43:43.715+02:00?[0;39m ?[32mDEBUG?[0;39m ?[35m18216?[0;39m ?[2m---?[0;39m ?[2m[io-28852-exec-1]?[0;39m ?[36mo.s.security.web.FilterChainProxy       ?[0;39m ?[2m:?[0;39m Securing POST /api/auth/signup
?[0m?[0;34m?[2m2023-08-22T13:43:43.715+02:00?[0;39m ?[32mTRACE?[0;39m ?[35m18216?[0;39m ?[2m---?[0;39m ?[2m[io-28852-exec-1]?[0;39m ?[36mo.s.security.web.FilterChainProxy       ?[0;39m ?[2m:?[0;39m Invoking DisableEncodeUrlFilter (1/12)
?[0m?[0;34m?[2m2023-08-22T13:43:43.716+02:00?[0;39m ?[32mTRACE?[0;39m ?[35m18216?[0;39m ?[2m---?[0;39m ?[2m[io-28852-exec-1]?[0;39m ?[36mo.s.security.web.FilterChainProxy       ?[0;39m ?[2m:?[0;39m Invoking WebAsyncManagerIntegrationFilter (2/12)
?[0m?[0;34m?[2m2023-08-22T13:43:43.716+02:00?[0;39m ?[32mTRACE?[0;39m ?[35m18216?[0;39m ?[2m---?[0;39m ?[2m[io-28852-exec-1]?[0;39m ?[36mo.s.security.web.FilterChainProxy       ?[0;39m ?[2m:?[0;39m Invoking SecurityContextHolderFilter (3/12)
?[0m?[0;34m?[2m2023-08-22T13:43:43.716+02:00?[0;39m ?[32mTRACE?[0;39m ?[35m18216?[0;39m ?[2m---?[0;39m ?[2m[io-28852-exec-1]?[0;39m ?[36mo.s.security.web.FilterChainProxy       ?[0;39m ?[2m:?[0;39m Invoking HeaderWriterFilter (4/12)
?[0m?[0;34m?[2m2023-08-22T13:43:43.716+02:00?[0;39m ?[32mTRACE?[0;39m ?[35m18216?[0;39m ?[2m---?[0;39m ?[2m[io-28852-exec-1]?[0;39m ?[36mo.s.security.web.FilterChainProxy       ?[0;39m ?[2m:?[0;39m Invoking LogoutFilter (5/12)
?[0m?[0;34m?[2m2023-08-22T13:43:43.716+02:00?[0;39m ?[32mTRACE?[0;39m ?[35m18216?[0;39m ?[2m---?[0;39m ?[2m[io-28852-exec-1]?[0;39m ?[36mo.s.s.w.a.logout.LogoutFilter           ?[0;39m ?[2m:?[0;39m Did not match request to Or [Ant [pattern='/logout', GET], Ant [pattern='/logout', POST], Ant [pattern='/logout', PUT], Ant [pattern='/logout', DELETE]]
?[0m?[0;34m?[2m2023-08-22T13:43:43.716+02:00?[0;39m ?[32mTRACE?[0;39m ?[35m18216?[0;39m ?[2m---?[0;39m ?[2m[io-28852-exec-1]?[0;39m ?[36mo.s.security.web.FilterChainProxy       ?[0;39m ?[2m:?[0;39m Invoking BasicAuthenticationFilter (6/12)
?[0m?[0;34m?[2m2023-08-22T13:43:43.716+02:00?[0;39m ?[32mTRACE?[0;39m ?[35m18216?[0;39m ?[2m---?[0;39m ?[2m[io-28852-exec-1]?[0;39m ?[36mo.s.s.w.a.www.BasicAuthenticationFilter ?[0;39m ?[2m:?[0;39m Did not process authentication request since failed to find username and password in Basic Authorization header
?[0m?[0;34m?[2m2023-08-22T13:43:43.716+02:00?[0;39m ?[32mTRACE?[0;39m ?[35m18216?[0;39m ?[2m---?[0;39m ?[2m[io-28852-exec-1]?[0;39m ?[36mo.s.security.web.FilterChainProxy       ?[0;39m ?[2m:?[0;39m Invoking RequestCacheAwareFilter (7/12)
?[0m?[0;34m?[2m2023-08-22T13:43:43.716+02:00?[0;39m ?[32mTRACE?[0;39m ?[35m18216?[0;39m ?[2m---?[0;39m ?[2m[io-28852-exec-1]?[0;39m ?[36mo.s.security.web.FilterChainProxy       ?[0;39m ?[2m:?[0;39m Invoking SecurityContextHolderAwareRequestFilter (8/12)
?[0m?[0;34m?[2m2023-08-22T13:43:43.716+02:00?[0;39m ?[32mTRACE?[0;39m ?[35m18216?[0;39m ?[2m---?[0;39m ?[2m[io-28852-exec-1]?[0;39m ?[36mo.s.security.web.FilterChainProxy       ?[0;39m ?[2m:?[0;39m Invoking AnonymousAuthenticationFilter (9/12)
?[0m?[0;34m?[2m2023-08-22T13:43:43.716+02:00?[0;39m ?[32mTRACE?[0;39m ?[35m18216?[0;39m ?[2m---?[0;39m ?[2m[io-28852-exec-1]?[0;39m ?[36mo.s.security.web.FilterChainProxy       ?[0;39m ?[2m:?[0;39m Invoking SessionManagementFilter (10/12)
?[0m?[0;34m?[2m2023-08-22T13:43:43.716+02:00?[0;39m ?[32mTRACE?[0;39m ?[35m18216?[0;39m ?[2m---?[0;39m ?[2m[io-28852-exec-1]?[0;39m ?[36m.s.s.w.c.SupplierDeferredSecurityContext?[0;39m ?[2m:?[0;39m Created SecurityContextImpl [Null authentication]
?[0m?[0;34m?[2m2023-08-22T13:43:43.716+02:00?[0;39m ?[32mTRACE?[0;39m ?[35m18216?[0;39m ?[2m---?[0;39m ?[2m[io-28852-exec-1]?[0;39m ?[36mo.s.s.w.a.AnonymousAuthenticationFilter ?[0;39m ?[2m:?[0;39m Set SecurityContextHolder to AnonymousAuthenticationToken [Principal=anonymousUser, Credentials=[PROTECTED], Authenticated=true, Details=WebAuthenticationDetails [RemoteIpAddress=127.0.0.1, SessionId=null], Granted Authorities=[ROLE_ANONYMOUS]]
?[0m?[0;34m?[2m2023-08-22T13:43:43.716+02:00?[0;39m ?[32mTRACE?[0;39m ?[35m18216?[0;39m ?[2m---?[0;39m ?[2m[io-28852-exec-1]?[0;39m ?[36mo.s.security.web.FilterChainProxy       ?[0;39m ?[2m:?[0;39m Invoking ExceptionTranslationFilter (11/12)
?[0m?[0;34m?[2m2023-08-22T13:43:43.716+02:00?[0;39m ?[32mTRACE?[0;39m ?[35m18216?[0;39m ?[2m---?[0;39m ?[2m[io-28852-exec-1]?[0;39m ?[36mo.s.security.web.FilterChainProxy       ?[0;39m ?[2m:?[0;39m Invoking AuthorizationFilter (12/12)
?[0m?[0;34m?[2m2023-08-22T13:43:43.717+02:00?[0;39m ?[32mTRACE?[0;39m ?[35m18216?[0;39m ?[2m---?[0;39m ?[2m[io-28852-exec-1]?[0;39m ?[36mestMatcherDelegatingAuthorizationManager?[0;39m ?[2m:?[0;39m Authorizing SecurityContextHolderAwareRequestWrapper[ org.springframework.security.web.header.HeaderWriterFilter$HeaderWriterRequest@7edd5572]
?[0m?[0;34m?[2m2023-08-22T13:43:43.718+02:00?[0;39m ?[32mTRACE?[0;39m ?[35m18216?[0;39m ?[2m---?[0;39m ?[2m[io-28852-exec-1]?[0;39m ?[36mestMatcherDelegatingAuthorizationManager?[0;39m ?[2m:?[0;39m Checking authorization on SecurityContextHolderAwareRequestWrapper[ org.springframework.security.web.header.HeaderWriterFilter$HeaderWriterRequest@7edd5572] using org.springframework.security.config.annotation.web.configurers.AuthorizeHttpRequestsConfigurer$$Lambda$1316/0x0000000100a4d140@528cc85a
?[0m?[0;34m?[2m2023-08-22T13:43:43.718+02:00?[0;39m ?[32mDEBUG?[0;39m ?[35m18216?[0;39m ?[2m---?[0;39m ?[2m[io-28852-exec-1]?[0;39m ?[36mo.s.security.web.FilterChainProxy       ?[0;39m ?[2m:?[0;39m Secured POST /api/auth/signup
?[0m?[0;34mHibernate: select u1_0.id from users u1_0 where upper(u1_0.email)=upper(?) fetch first ? rows only
?[0m?[0;34m?[2m2023-08-22T13:43:43.833+02:00?[0;39m ?[32mTRACE?[0;39m ?[35m18216?[0;39m ?[2m---?[0;39m ?[2m[io-28852-exec-1]?[0;39m ?[36mo.s.s.w.header.writers.HstsHeaderWriter ?[0;39m ?[2m:?[0;39m Not injecting HSTS header since it did not match request to [Is Secure]
?[0m?[0;34m?[2m2023-08-22T13:43:43.834+02:00?[0;39m ?[32mTRACE?[0;39m ?[35m18216?[0;39m ?[2m---?[0;39m ?[2m[io-28852-exec-1]?[0;39m ?[36mo.s.security.web.FilterChainProxy       ?[0;39m ?[2m:?[0;39m Trying to match request against DefaultSecurityFilterChain [RequestMatcher=any request, Filters=[org.springframework.security.web.session.DisableEncodeUrlFilter@5d51203b, org.springframework.security.web.context.request.async.WebAsyncManagerIntegrationFilter@32be672d, org.springframework.security.web.context.SecurityContextHolderFilter@74f54f8e, org.springframework.security.web.header.HeaderWriterFilter@157ff8f8, org.springframework.security.web.authentication.logout.LogoutFilter@72364a40, org.springframework.security.web.authentication.www.BasicAuthenticationFilter@a23b96b, org.springframework.security.web.savedrequest.RequestCacheAwareFilter@59b8a801, org.springframework.security.web.servletapi.SecurityContextHolderAwareRequestFilter@5aa026e9, org.springframework.security.web.authentication.AnonymousAuthenticationFilter@23e54c8a, org.springframework.security.web.session.SessionManagementFilter@79e3f444, org.springframework.security.web.access.ExceptionTranslationFilter@17a756db, org.springframework.security.web.access.intercept.AuthorizationFilter@55e75ce0]] (1/1)
?[0m?[0;34m?[2m2023-08-22T13:43:43.834+02:00?[0;39m ?[32mDEBUG?[0;39m ?[35m18216?[0;39m ?[2m---?[0;39m ?[2m[io-28852-exec-1]?[0;39m ?[36mo.s.security.web.FilterChainProxy       ?[0;39m ?[2m:?[0;39m Securing POST /error
?[0m?[0;34m?[2m2023-08-22T13:43:43.834+02:00?[0;39m ?[32mTRACE?[0;39m ?[35m18216?[0;39m ?[2m---?[0;39m ?[2m[io-28852-exec-1]?[0;39m ?[36mo.s.security.web.FilterChainProxy       ?[0;39m ?[2m:?[0;39m Invoking DisableEncodeUrlFilter (1/12)
?[0m?[0;34m?[2m2023-08-22T13:43:43.834+02:00?[0;39m ?[32mTRACE?[0;39m ?[35m18216?[0;39m ?[2m---?[0;39m ?[2m[io-28852-exec-1]?[0;39m ?[36mo.s.security.web.FilterChainProxy       ?[0;39m ?[2m:?[0;39m Invoking WebAsyncManagerIntegrationFilter (2/12)
?[0m?[0;34m?[2m2023-08-22T13:43:43.834+02:00?[0;39m ?[32mTRACE?[0;39m ?[35m18216?[0;39m ?[2m---?[0;39m ?[2m[io-28852-exec-1]?[0;39m ?[36mo.s.security.web.FilterChainProxy       ?[0;39m ?[2m:?[0;39m Invoking SecurityContextHolderFilter (3/12)
?[0m?[0;34m?[2m2023-08-22T13:43:43.834+02:00?[0;39m ?[32mTRACE?[0;39m ?[35m18216?[0;39m ?[2m---?[0;39m ?[2m[io-28852-exec-1]?[0;39m ?[36mo.s.security.web.FilterChainProxy       ?[0;39m ?[2m:?[0;39m Invoking HeaderWriterFilter (4/12)
?[0m?[0;34m?[2m2023-08-22T13:43:43.835+02:00?[0;39m ?[32mTRACE?[0;39m ?[35m18216?[0;39m ?[2m---?[0;39m ?[2m[io-28852-exec-1]?[0;39m ?[36mo.s.security.web.FilterChainProxy       ?[0;39m ?[2m:?[0;39m Invoking LogoutFilter (5/12)
?[0m?[0;34m?[2m2023-08-22T13:43:43.835+02:00?[0;39m ?[32mTRACE?[0;39m ?[35m18216?[0;39m ?[2m---?[0;39m ?[2m[io-28852-exec-1]?[0;39m ?[36mo.s.s.w.a.logout.LogoutFilter           ?[0;39m ?[2m:?[0;39m Did not match request to Or [Ant [pattern='/logout', GET], Ant [pattern='/logout', POST], Ant [pattern='/logout', PUT], Ant [pattern='/logout', DELETE]]
?[0m?[0;34m?[2m2023-08-22T13:43:43.835+02:00?[0;39m ?[32mTRACE?[0;39m ?[35m18216?[0;39m ?[2m---?[0;39m ?[2m[io-28852-exec-1]?[0;39m ?[36mo.s.security.web.FilterChainProxy       ?[0;39m ?[2m:?[0;39m Invoking BasicAuthenticationFilter (6/12)
?[0m?[0;34m?[2m2023-08-22T13:43:43.835+02:00?[0;39m ?[32mTRACE?[0;39m ?[35m18216?[0;39m ?[2m---?[0;39m ?[2m[io-28852-exec-1]?[0;39m ?[36mo.s.security.web.FilterChainProxy       ?[0;39m ?[2m:?[0;39m Invoking RequestCacheAwareFilter (7/12)
?[0m?[0;34m?[2m2023-08-22T13:43:43.835+02:00?[0;39m ?[32mTRACE?[0;39m ?[35m18216?[0;39m ?[2m---?[0;39m ?[2m[io-28852-exec-1]?[0;39m ?[36mo.s.security.web.FilterChainProxy       ?[0;39m ?[2m:?[0;39m Invoking SecurityContextHolderAwareRequestFilter (8/12)
?[0m?[0;34m?[2m2023-08-22T13:43:43.835+02:00?[0;39m ?[32mTRACE?[0;39m ?[35m18216?[0;39m ?[2m---?[0;39m ?[2m[io-28852-exec-1]?[0;39m ?[36mo.s.security.web.FilterChainProxy       ?[0;39m ?[2m:?[0;39m Invoking AnonymousAuthenticationFilter (9/12)
?[0m?[0;34m?[2m2023-08-22T13:43:43.835+02:00?[0;39m ?[32mTRACE?[0;39m ?[35m18216?[0;39m ?[2m---?[0;39m ?[2m[io-28852-exec-1]?[0;39m ?[36mo.s.security.web.FilterChainProxy       ?[0;39m ?[2m:?[0;39m Invoking SessionManagementFilter (10/12)
?[0m?[0;34m?[2m2023-08-22T13:43:43.835+02:00?[0;39m ?[32mTRACE?[0;39m ?[35m18216?[0;39m ?[2m---?[0;39m ?[2m[io-28852-exec-1]?[0;39m ?[36mo.s.security.web.FilterChainProxy       ?[0;39m ?[2m:?[0;39m Invoking ExceptionTranslationFilter (11/12)
?[0m?[0;34m?[2m2023-08-22T13:43:43.835+02:00?[0;39m ?[32mTRACE?[0;39m ?[35m18216?[0;39m ?[2m---?[0;39m ?[2m[io-28852-exec-1]?[0;39m ?[36mo.s.security.web.FilterChainProxy       ?[0;39m ?[2m:?[0;39m Invoking AuthorizationFilter (12/12)
?[0m?[0;34m?[2m2023-08-22T13:43:43.835+02:00?[0;39m ?[32mTRACE?[0;39m ?[35m18216?[0;39m ?[2m---?[0;39m ?[2m[io-28852-exec-1]?[0;39m ?[36mestMatcherDelegatingAuthorizationManager?[0;39m ?[2m:?[0;39m Authorizing SecurityContextHolderAwareRequestWrapper[ FirewalledRequest[ org.apache.catalina.core.ApplicationHttpRequest@7633f1c6]]
?[0m?[0;34m?[2m2023-08-22T13:43:43.835+02:00?[0;39m ?[32mTRACE?[0;39m ?[35m18216?[0;39m ?[2m---?[0;39m ?[2m[io-28852-exec-1]?[0;39m ?[36mestMatcherDelegatingAuthorizationManager?[0;39m ?[2m:?[0;39m Checking authorization on SecurityContextHolderAwareRequestWrapper[ FirewalledRequest[ org.apache.catalina.core.ApplicationHttpRequest@7633f1c6]] using org.springframework.security.config.annotation.web.configurers.AuthorizeHttpRequestsConfigurer$$Lambda$1316/0x0000000100a4d140@528cc85a
?[0m?[0;34m?[2m2023-08-22T13:43:43.836+02:00?[0;39m ?[32mDEBUG?[0;39m ?[35m18216?[0;39m ?[2m---?[0;39m ?[2m[io-28852-exec-1]?[0;39m ?[36mo.s.security.web.FilterChainProxy       ?[0;39m ?[2m:?[0;39m Secured POST /error
?[0m?[0;34m?[2m2023-08-22T13:43:43.836+02:00?[0;39m ?[32mTRACE?[0;39m ?[35m18216?[0;39m ?[2m---?[0;39m ?[2m[io-28852-exec-1]?[0;39m ?[36m.s.s.w.c.SupplierDeferredSecurityContext?[0;39m ?[2m:?[0;39m Created SecurityContextImpl [Null authentication]
?[0m?[0;34m?[2m2023-08-22T13:43:43.836+02:00?[0;39m ?[32mTRACE?[0;39m ?[35m18216?[0;39m ?[2m---?[0;39m ?[2m[io-28852-exec-1]?[0;39m ?[36mo.s.s.w.a.AnonymousAuthenticationFilter ?[0;39m ?[2m:?[0;39m Set SecurityContextHolder to AnonymousAuthenticationToken [Principal=anonymousUser, Credentials=[PROTECTED], Authenticated=true, Details=WebAuthenticationDetails [RemoteIpAddress=127.0.0.1, SessionId=null], Granted Authorities=[ROLE_ANONYMOUS]]
?[0m?[0;34m?[2m2023-08-22T13:43:43.849+02:00?[0;39m ?[32mTRACE?[0;39m ?[35m18216?[0;39m ?[2m---?[0;39m ?[2m[io-28852-exec-2]?[0;39m ?[36mo.s.security.web.FilterChainProxy       ?[0;39m ?[2m:?[0;39m Trying to match request against DefaultSecurityFilterChain [RequestMatcher=any request, Filters=[org.springframework.security.web.session.DisableEncodeUrlFilter@5d51203b, org.springframework.security.web.context.request.async.WebAsyncManagerIntegrationFilter@32be672d, org.springframework.security.web.context.SecurityContextHolderFilter@74f54f8e, org.springframework.security.web.header.HeaderWriterFilter@157ff8f8, org.springframework.security.web.authentication.logout.LogoutFilter@72364a40, org.springframework.security.web.authentication.www.BasicAuthenticationFilter@a23b96b, org.springframework.security.web.savedrequest.RequestCacheAwareFilter@59b8a801, org.springframework.security.web.servletapi.SecurityContextHolderAwareRequestFilter@5aa026e9, org.springframework.security.web.authentication.AnonymousAuthenticationFilter@23e54c8a, org.springframework.security.web.session.SessionManagementFilter@79e3f444, org.springframework.security.web.access.ExceptionTranslationFilter@17a756db, org.springframework.security.web.access.intercept.AuthorizationFilter@55e75ce0]] (1/1)
?[0m?[0;34m?[2m2023-08-22T13:43:43.849+02:00?[0;39m ?[32mDEBUG?[0;39m ?[35m18216?[0;39m ?[2m---?[0;39m ?[2m[io-28852-exec-2]?[0;39m ?[36mo.s.security.web.FilterChainProxy       ?[0;39m ?[2m:?[0;39m Securing POST /api/auth/signup
?[0m?[0;34m?[2m2023-08-22T13:43:43.849+02:00?[0;39m ?[32mTRACE?[0;39m ?[35m18216?[0;39m ?[2m---?[0;39m ?[2m[io-28852-exec-2]?[0;39m ?[36mo.s.security.web.FilterChainProxy       ?[0;39m ?[2m:?[0;39m Invoking DisableEncodeUrlFilter (1/12)
?[0m?[0;34m?[2m2023-08-22T13:43:43.849+02:00?[0;39m ?[32mTRACE?[0;39m ?[35m18216?[0;39m ?[2m---?[0;39m ?[2m[io-28852-exec-2]?[0;39m ?[36mo.s.security.web.FilterChainProxy       ?[0;39m ?[2m:?[0;39m Invoking WebAsyncManagerIntegrationFilter (2/12)
?[0m?[0;34m?[2m2023-08-22T13:43:43.849+02:00?[0;39m ?[32mTRACE?[0;39m ?[35m18216?[0;39m ?[2m---?[0;39m ?[2m[io-28852-exec-2]?[0;39m ?[36mo.s.security.web.FilterChainProxy       ?[0;39m ?[2m:?[0;39m Invoking SecurityContextHolderFilter (3/12)
?[0m?[0;34m?[2m2023-08-22T13:43:43.849+02:00?[0;39m ?[32mTRACE?[0;39m ?[35m18216?[0;39m ?[2m---?[0;39m ?[2m[io-28852-exec-2]?[0;39m ?[36mo.s.security.web.FilterChainProxy       ?[0;39m ?[2m:?[0;39m Invoking HeaderWriterFilter (4/12)
?[0m?[0;34m?[2m2023-08-22T13:43:43.849+02:00?[0;39m ?[32mTRACE?[0;39m ?[35m18216?[0;39m ?[2m---?[0;39m ?[2m[io-28852-exec-2]?[0;39m ?[36mo.s.security.web.FilterChainProxy       ?[0;39m ?[2m:?[0;39m Invoking LogoutFilter (5/12)
?[0m?[0;34m?[2m2023-08-22T13:43:43.849+02:00?[0;39m ?[32mTRACE?[0;39m ?[35m18216?[0;39m ?[2m---?[0;39m ?[2m[io-28852-exec-2]?[0;39m ?[36mo.s.s.w.a.logout.LogoutFilter           ?[0;39m ?[2m:?[0;39m Did not match request to Or [Ant [pattern='/logout', GET], Ant [pattern='/logout', POST], Ant [pattern='/logout', PUT], Ant [pattern='/logout', DELETE]]
?[0m?[0;34m?[2m2023-08-22T13:43:43.849+02:00?[0;39m ?[32mTRACE?[0;39m ?[35m18216?[0;39m ?[2m---?[0;39m ?[2m[io-28852-exec-2]?[0;39m ?[36mo.s.security.web.FilterChainProxy       ?[0;39m ?[2m:?[0;39m Invoking BasicAuthenticationFilter (6/12)
?[0m?[0;34m?[2m2023-08-22T13:43:43.849+02:00?[0;39m ?[32mTRACE?[0;39m ?[35m18216?[0;39m ?[2m---?[0;39m ?[2m[io-28852-exec-2]?[0;39m ?[36mo.s.s.w.a.www.BasicAuthenticationFilter ?[0;39m ?[2m:?[0;39m Did not process authentication request since failed to find username and password in Basic Authorization header
?[0m?[0;34m?[2m2023-08-22T13:43:43.849+02:00?[0;39m ?[32mTRACE?[0;39m ?[35m18216?[0;39m ?[2m---?[0;39m ?[2m[io-28852-exec-2]?[0;39m ?[36mo.s.security.web.FilterChainProxy       ?[0;39m ?[2m:?[0;39m Invoking RequestCacheAwareFilter (7/12)
?[0m?[0;34m?[2m2023-08-22T13:43:43.849+02:00?[0;39m ?[32mTRACE?[0;39m ?[35m18216?[0;39m ?[2m---?[0;39m ?[2m[io-28852-exec-2]?[0;39m ?[36mo.s.security.web.FilterChainProxy       ?[0;39m ?[2m:?[0;39m Invoking SecurityContextHolderAwareRequestFilter (8/12)
?[0m?[0;34m?[2m2023-08-22T13:43:43.849+02:00?[0;39m ?[32mTRACE?[0;39m ?[35m18216?[0;39m ?[2m---?[0;39m ?[2m[io-28852-exec-2]?[0;39m ?[36mo.s.security.web.FilterChainProxy       ?[0;39m ?[2m:?[0;39m Invoking AnonymousAuthenticationFilter (9/12)
?[0m?[0;34m?[2m2023-08-22T13:43:43.850+02:00?[0;39m ?[32mTRACE?[0;39m ?[35m18216?[0;39m ?[2m---?[0;39m ?[2m[io-28852-exec-2]?[0;39m ?[36mo.s.security.web.FilterChainProxy       ?[0;39m ?[2m:?[0;39m Invoking SessionManagementFilter (10/12)
?[0m?[0;34m?[2m2023-08-22T13:43:43.850+02:00?[0;39m ?[32mTRACE?[0;39m ?[35m18216?[0;39m ?[2m---?[0;39m ?[2m[io-28852-exec-2]?[0;39m ?[36m.s.s.w.c.SupplierDeferredSecurityContext?[0;39m ?[2m:?[0;39m Created SecurityContextImpl [Null authentication]
?[0m?[0;34m?[2m2023-08-22T13:43:43.850+02:00?[0;39m ?[32mTRACE?[0;39m ?[35m18216?[0;39m ?[2m---?[0;39m ?[2m[io-28852-exec-2]?[0;39m ?[36mo.s.s.w.a.AnonymousAuthenticationFilter ?[0;39m ?[2m:?[0;39m Set SecurityContextHolder to AnonymousAuthenticationToken [Principal=anonymousUser, Credentials=[PROTECTED], Authenticated=true, Details=WebAuthenticationDetails [RemoteIpAddress=127.0.0.1, SessionId=null], Granted Authorities=[ROLE_ANONYMOUS]]
?[0m?[0;34m?[2m2023-08-22T13:43:43.850+02:00?[0;39m ?[32mTRACE?[0;39m ?[35m18216?[0;39m ?[2m---?[0;39m ?[2m[io-28852-exec-2]?[0;39m ?[36mo.s.security.web.FilterChainProxy       ?[0;39m ?[2m:?[0;39m Invoking ExceptionTranslationFilter (11/12)
?[0m?[0;34m?[2m2023-08-22T13:43:43.850+02:00?[0;39m ?[32mTRACE?[0;39m ?[35m18216?[0;39m ?[2m---?[0;39m ?[2m[io-28852-exec-2]?[0;39m ?[36mo.s.security.web.FilterChainProxy       ?[0;39m ?[2m:?[0;39m Invoking AuthorizationFilter (12/12)
?[0m?[0;34m?[2m2023-08-22T13:43:43.850+02:00?[0;39m ?[32mTRACE?[0;39m ?[35m18216?[0;39m ?[2m---?[0;39m ?[2m[io-28852-exec-2]?[0;39m ?[36mestMatcherDelegatingAuthorizationManager?[0;39m ?[2m:?[0;39m Authorizing SecurityContextHolderAwareRequestWrapper[ org.springframework.security.web.header.HeaderWriterFilter$HeaderWriterRequest@119f6445]
?[0m?[0;34m?[2m2023-08-22T13:43:43.851+02:00?[0;39m ?[32mTRACE?[0;39m ?[35m18216?[0;39m ?[2m---?[0;39m ?[2m[io-28852-exec-2]?[0;39m ?[36mestMatcherDelegatingAuthorizationManager?[0;39m ?[2m:?[0;39m Checking authorization on SecurityContextHolderAwareRequestWrapper[ org.springframework.security.web.header.HeaderWriterFilter$HeaderWriterRequest@119f6445] using org.springframework.security.config.annotation.web.configurers.AuthorizeHttpRequestsConfigurer$$Lambda$1316/0x0000000100a4d140@528cc85a
?[0m?[0;34m?[2m2023-08-22T13:43:43.851+02:00?[0;39m ?[32mDEBUG?[0;39m ?[35m18216?[0;39m ?[2m---?[0;39m ?[2m[io-28852-exec-2]?[0;39m ?[36mo.s.security.web.FilterChainProxy       ?[0;39m ?[2m:?[0;39m Secured POST /api/auth/signup
?[0m?[0;34mHibernate: select u1_0.id from users u1_0 where upper(u1_0.email)=upper(?) fetch first ? rows only
?[0m?[0;34m?[2m2023-08-22T13:43:43.855+02:00?[0;39m ?[32mTRACE?[0;39m ?[35m18216?[0;39m ?[2m---?[0;39m ?[2m[io-28852-exec-2]?[0;39m ?[36mo.s.s.w.header.writers.HstsHeaderWriter ?[0;39m ?[2m:?[0;39m Not injecting HSTS header since it did not match request to [Is Secure]
?[0m?[0;34m?[2m2023-08-22T13:43:43.856+02:00?[0;39m ?[32mTRACE?[0;39m ?[35m18216?[0;39m ?[2m---?[0;39m ?[2m[io-28852-exec-2]?[0;39m ?[36mo.s.security.web.FilterChainProxy       ?[0;39m ?[2m:?[0;39m Trying to match request against DefaultSecurityFilterChain [RequestMatcher=any request, Filters=[org.springframework.security.web.session.DisableEncodeUrlFilter@5d51203b, org.springframework.security.web.context.request.async.WebAsyncManagerIntegrationFilter@32be672d, org.springframework.security.web.context.SecurityContextHolderFilter@74f54f8e, org.springframework.security.web.header.HeaderWriterFilter@157ff8f8, org.springframework.security.web.authentication.logout.LogoutFilter@72364a40, org.springframework.security.web.authentication.www.BasicAuthenticationFilter@a23b96b, org.springframework.security.web.savedrequest.RequestCacheAwareFilter@59b8a801, org.springframework.security.web.servletapi.SecurityContextHolderAwareRequestFilter@5aa026e9, org.springframework.security.web.authentication.AnonymousAuthenticationFilter@23e54c8a, org.springframework.security.web.session.SessionManagementFilter@79e3f444, org.springframework.security.web.access.ExceptionTranslationFilter@17a756db, org.springframework.security.web.access.intercept.AuthorizationFilter@55e75ce0]] (1/1)
?[0m?[0;34m?[2m2023-08-22T13:43:43.856+02:00?[0;39m ?[32mDEBUG?[0;39m ?[35m18216?[0;39m ?[2m---?[0;39m ?[2m[io-28852-exec-2]?[0;39m ?[36mo.s.security.web.FilterChainProxy       ?[0;39m ?[2m:?[0;39m Securing POST /error
?[0m?[0;34m?[2m2023-08-22T13:43:43.856+02:00?[0;39m ?[32mTRACE?[0;39m ?[35m18216?[0;39m ?[2m---?[0;39m ?[2m[io-28852-exec-2]?[0;39m ?[36mo.s.security.web.FilterChainProxy       ?[0;39m ?[2m:?[0;39m Invoking DisableEncodeUrlFilter (1/12)
?[0m?[0;34m?[2m2023-08-22T13:43:43.856+02:00?[0;39m ?[32mTRACE?[0;39m ?[35m18216?[0;39m ?[2m---?[0;39m ?[2m[io-28852-exec-2]?[0;39m ?[36mo.s.security.web.FilterChainProxy       ?[0;39m ?[2m:?[0;39m Invoking WebAsyncManagerIntegrationFilter (2/12)
?[0m?[0;34m?[2m2023-08-22T13:43:43.856+02:00?[0;39m ?[32mTRACE?[0;39m ?[35m18216?[0;39m ?[2m---?[0;39m ?[2m[io-28852-exec-2]?[0;39m ?[36mo.s.security.web.FilterChainProxy       ?[0;39m ?[2m:?[0;39m Invoking SecurityContextHolderFilter (3/12)
?[0m?[0;34m?[2m2023-08-22T13:43:43.856+02:00?[0;39m ?[32mTRACE?[0;39m ?[35m18216?[0;39m ?[2m---?[0;39m ?[2m[io-28852-exec-2]?[0;39m ?[36mo.s.security.web.FilterChainProxy       ?[0;39m ?[2m:?[0;39m Invoking HeaderWriterFilter (4/12)
?[0m?[0;34m?[2m2023-08-22T13:43:43.856+02:00?[0;39m ?[32mTRACE?[0;39m ?[35m18216?[0;39m ?[2m---?[0;39m ?[2m[io-28852-exec-2]?[0;39m ?[36mo.s.security.web.FilterChainProxy       ?[0;39m ?[2m:?[0;39m Invoking LogoutFilter (5/12)
?[0m?[0;34m?[2m2023-08-22T13:43:43.856+02:00?[0;39m ?[32mTRACE?[0;39m ?[35m18216?[0;39m ?[2m---?[0;39m ?[2m[io-28852-exec-2]?[0;39m ?[36mo.s.s.w.a.logout.LogoutFilter           ?[0;39m ?[2m:?[0;39m Did not match request to Or [Ant [pattern='/logout', GET], Ant [pattern='/logout', POST], Ant [pattern='/logout', PUT], Ant [pattern='/logout', DELETE]]
?[0m?[0;34m?[2m2023-08-22T13:43:43.856+02:00?[0;39m ?[32mTRACE?[0;39m ?[35m18216?[0;39m ?[2m---?[0;39m ?[2m[io-28852-exec-2]?[0;39m ?[36mo.s.security.web.FilterChainProxy       ?[0;39m ?[2m:?[0;39m Invoking BasicAuthenticationFilter (6/12)
?[0m?[0;34m?[2m2023-08-22T13:43:43.856+02:00?[0;39m ?[32mTRACE?[0;39m ?[35m18216?[0;39m ?[2m---?[0;39m ?[2m[io-28852-exec-2]?[0;39m ?[36mo.s.security.web.FilterChainProxy       ?[0;39m ?[2m:?[0;39m Invoking RequestCacheAwareFilter (7/12)
?[0m?[0;34m?[2m2023-08-22T13:43:43.856+02:00?[0;39m ?[32mTRACE?[0;39m ?[35m18216?[0;39m ?[2m---?[0;39m ?[2m[io-28852-exec-2]?[0;39m ?[36mo.s.security.web.FilterChainProxy       ?[0;39m ?[2m:?[0;39m Invoking SecurityContextHolderAwareRequestFilter (8/12)
?[0m?[0;34m?[2m2023-08-22T13:43:43.856+02:00?[0;39m ?[32mTRACE?[0;39m ?[35m18216?[0;39m ?[2m---?[0;39m ?[2m[io-28852-exec-2]?[0;39m ?[36mo.s.security.web.FilterChainProxy       ?[0;39m ?[2m:?[0;39m Invoking AnonymousAuthenticationFilter (9/12)
?[0m?[0;34m?[2m2023-08-22T13:43:43.856+02:00?[0;39m ?[32mTRACE?[0;39m ?[35m18216?[0;39m ?[2m---?[0;39m ?[2m[io-28852-exec-2]?[0;39m ?[36mo.s.security.web.FilterChainProxy       ?[0;39m ?[2m:?[0;39m Invoking SessionManagementFilter (10/12)
?[0m?[0;34m?[2m2023-08-22T13:43:43.856+02:00?[0;39m ?[32mTRACE?[0;39m ?[35m18216?[0;39m ?[2m---?[0;39m ?[2m[io-28852-exec-2]?[0;39m ?[36mo.s.security.web.FilterChainProxy       ?[0;39m ?[2m:?[0;39m Invoking ExceptionTranslationFilter (11/12)
?[0m?[0;34m?[2m2023-08-22T13:43:43.857+02:00?[0;39m ?[32mTRACE?[0;39m ?[35m18216?[0;39m ?[2m---?[0;39m ?[2m[io-28852-exec-2]?[0;39m ?[36mo.s.security.web.FilterChainProxy       ?[0;39m ?[2m:?[0;39m Invoking AuthorizationFilter (12/12)
?[0m?[0;34m?[2m2023-08-22T13:43:43.857+02:00?[0;39m ?[32mTRACE?[0;39m ?[35m18216?[0;39m ?[2m---?[0;39m ?[2m[io-28852-exec-2]?[0;39m ?[36mestMatcherDelegatingAuthorizationManager?[0;39m ?[2m:?[0;39m Authorizing SecurityContextHolderAwareRequestWrapper[ FirewalledRequest[ org.apache.catalina.core.ApplicationHttpRequest@11dee144]]
?[0m?[0;34m?[2m2023-08-22T13:43:43.857+02:00?[0;39m ?[32mTRACE?[0;39m ?[35m18216?[0;39m ?[2m---?[0;39m ?[2m[io-28852-exec-2]?[0;39m ?[36mestMatcherDelegatingAuthorizationManager?[0;39m ?[2m:?[0;39m Checking authorization on SecurityContextHolderAwareRequestWrapper[ FirewalledRequest[ org.apache.catalina.core.ApplicationHttpRequest@11dee144]] using org.springframework.security.config.annotation.web.configurers.AuthorizeHttpRequestsConfigurer$$Lambda$1316/0x0000000100a4d140@528cc85a
?[0m?[0;34m?[2m2023-08-22T13:43:43.858+02:00?[0;39m ?[32mDEBUG?[0;39m ?[35m18216?[0;39m ?[2m---?[0;39m ?[2m[io-28852-exec-2]?[0;39m ?[36mo.s.security.web.FilterChainProxy       ?[0;39m ?[2m:?[0;39m Secured POST /error
?[0m?[0;34m?[2m2023-08-22T13:43:43.858+02:00?[0;39m ?[32mTRACE?[0;39m ?[35m18216?[0;39m ?[2m---?[0;39m ?[2m[io-28852-exec-2]?[0;39m ?[36m.s.s.w.c.SupplierDeferredSecurityContext?[0;39m ?[2m:?[0;39m Created SecurityContextImpl [Null authentication]
?[0m?[0;34m?[2m2023-08-22T13:43:43.858+02:00?[0;39m ?[32mTRACE?[0;39m ?[35m18216?[0;39m ?[2m---?[0;39m ?[2m[io-28852-exec-2]?[0;39m ?[36mo.s.s.w.a.AnonymousAuthenticationFilter ?[0;39m ?[2m:?[0;39m Set SecurityContextHolder to AnonymousAuthenticationToken [Principal=anonymousUser, Credentials=[PROTECTED], Authenticated=true, Details=WebAuthenticationDetails [RemoteIpAddress=127.0.0.1, SessionId=null], Granted Authorities=[ROLE_ANONYMOUS]]
?[0m?[0;34m?[2m2023-08-22T13:43:43.869+02:00?[0;39m ?[32mTRACE?[0;39m ?[35m18216?[0;39m ?[2m---?[0;39m ?[2m[io-28852-exec-3]?[0;39m ?[36mo.s.security.web.FilterChainProxy       ?[0;39m ?[2m:?[0;39m Trying to match request against DefaultSecurityFilterChain [RequestMatcher=any request, Filters=[org.springframework.security.web.session.DisableEncodeUrlFilter@5d51203b, org.springframework.security.web.context.request.async.WebAsyncManagerIntegrationFilter@32be672d, org.springframework.security.web.context.SecurityContextHolderFilter@74f54f8e, org.springframework.security.web.header.HeaderWriterFilter@157ff8f8, org.springframework.security.web.authentication.logout.LogoutFilter@72364a40, org.springframework.security.web.authentication.www.BasicAuthenticationFilter@a23b96b, org.springframework.security.web.savedrequest.RequestCacheAwareFilter@59b8a801, org.springframework.security.web.servletapi.SecurityContextHolderAwareRequestFilter@5aa026e9, org.springframework.security.web.authentication.AnonymousAuthenticationFilter@23e54c8a, org.springframework.security.web.session.SessionManagementFilter@79e3f444, org.springframework.security.web.access.ExceptionTranslationFilter@17a756db, org.springframework.security.web.access.intercept.AuthorizationFilter@55e75ce0]] (1/1)
?[0m?[0;34m?[2m2023-08-22T13:43:43.869+02:00?[0;39m ?[32mDEBUG?[0;39m ?[35m18216?[0;39m ?[2m---?[0;39m ?[2m[io-28852-exec-3]?[0;39m ?[36mo.s.security.web.FilterChainProxy       ?[0;39m ?[2m:?[0;39m Securing POST /api/auth/signup
?[0m?[0;34m?[2m2023-08-22T13:43:43.869+02:00?[0;39m ?[32mTRACE?[0;39m ?[35m18216?[0;39m ?[2m---?[0;39m ?[2m[io-28852-exec-3]?[0;39m ?[36mo.s.security.web.FilterChainProxy       ?[0;39m ?[2m:?[0;39m Invoking DisableEncodeUrlFilter (1/12)
?[0m?[0;34m?[2m2023-08-22T13:43:43.869+02:00?[0;39m ?[32mTRACE?[0;39m ?[35m18216?[0;39m ?[2m---?[0;39m ?[2m[io-28852-exec-3]?[0;39m ?[36mo.s.security.web.FilterChainProxy       ?[0;39m ?[2m:?[0;39m Invoking WebAsyncManagerIntegrationFilter (2/12)
?[0m?[0;34m?[2m2023-08-22T13:43:43.869+02:00?[0;39m ?[32mTRACE?[0;39m ?[35m18216?[0;39m ?[2m---?[0;39m ?[2m[io-28852-exec-3]?[0;39m ?[36mo.s.security.web.FilterChainProxy       ?[0;39m ?[2m:?[0;39m Invoking SecurityContextHolderFilter (3/12)
?[0m?[0;34m?[2m2023-08-22T13:43:43.869+02:00?[0;39m ?[32mTRACE?[0;39m ?[35m18216?[0;39m ?[2m---?[0;39m ?[2m[io-28852-exec-3]?[0;39m ?[36mo.s.security.web.FilterChainProxy       ?[0;39m ?[2m:?[0;39m Invoking HeaderWriterFilter (4/12)
?[0m?[0;34m?[2m2023-08-22T13:43:43.869+02:00?[0;39m ?[32mTRACE?[0;39m ?[35m18216?[0;39m ?[2m---?[0;39m ?[2m[io-28852-exec-3]?[0;39m ?[36mo.s.security.web.FilterChainProxy       ?[0;39m ?[2m:?[0;39m Invoking LogoutFilter (5/12)
?[0m?[0;34m?[2m2023-08-22T13:43:43.869+02:00?[0;39m ?[32mTRACE?[0;39m ?[35m18216?[0;39m ?[2m---?[0;39m ?[2m[io-28852-exec-3]?[0;39m ?[36mo.s.s.w.a.logout.LogoutFilter           ?[0;39m ?[2m:?[0;39m Did not match request to Or [Ant [pattern='/logout', GET], Ant [pattern='/logout', POST], Ant [pattern='/logout', PUT], Ant [pattern='/logout', DELETE]]
?[0m?[0;34m?[2m2023-08-22T13:43:43.869+02:00?[0;39m ?[32mTRACE?[0;39m ?[35m18216?[0;39m ?[2m---?[0;39m ?[2m[io-28852-exec-3]?[0;39m ?[36mo.s.security.web.FilterChainProxy       ?[0;39m ?[2m:?[0;39m Invoking BasicAuthenticationFilter (6/12)
?[0m?[0;34m?[2m2023-08-22T13:43:43.869+02:00?[0;39m ?[32mTRACE?[0;39m ?[35m18216?[0;39m ?[2m---?[0;39m ?[2m[io-28852-exec-3]?[0;39m ?[36mo.s.s.w.a.www.BasicAuthenticationFilter ?[0;39m ?[2m:?[0;39m Did not process authentication request since failed to find username and password in Basic Authorization header
?[0m?[0;34m?[2m2023-08-22T13:43:43.869+02:00?[0;39m ?[32mTRACE?[0;39m ?[35m18216?[0;39m ?[2m---?[0;39m ?[2m[io-28852-exec-3]?[0;39m ?[36mo.s.security.web.FilterChainProxy       ?[0;39m ?[2m:?[0;39m Invoking RequestCacheAwareFilter (7/12)
?[0m?[0;34m?[2m2023-08-22T13:43:43.870+02:00?[0;39m ?[32mTRACE?[0;39m ?[35m18216?[0;39m ?[2m---?[0;39m ?[2m[io-28852-exec-3]?[0;39m ?[36mo.s.security.web.FilterChainProxy       ?[0;39m ?[2m:?[0;39m Invoking SecurityContextHolderAwareRequestFilter (8/12)
?[0m?[0;34m?[2m2023-08-22T13:43:43.870+02:00?[0;39m ?[32mTRACE?[0;39m ?[35m18216?[0;39m ?[2m---?[0;39m ?[2m[io-28852-exec-3]?[0;39m ?[36mo.s.security.web.FilterChainProxy       ?[0;39m ?[2m:?[0;39m Invoking AnonymousAuthenticationFilter (9/12)
?[0m?[0;34m?[2m2023-08-22T13:43:43.870+02:00?[0;39m ?[32mTRACE?[0;39m ?[35m18216?[0;39m ?[2m---?[0;39m ?[2m[io-28852-exec-3]?[0;39m ?[36mo.s.security.web.FilterChainProxy       ?[0;39m ?[2m:?[0;39m Invoking SessionManagementFilter (10/12)
?[0m?[0;34m?[2m2023-08-22T13:43:43.870+02:00?[0;39m ?[32mTRACE?[0;39m ?[35m18216?[0;39m ?[2m---?[0;39m ?[2m[io-28852-exec-3]?[0;39m ?[36m.s.s.w.c.SupplierDeferredSecurityContext?[0;39m ?[2m:?[0;39m Created SecurityContextImpl [Null authentication]
?[0m?[0;34m?[2m2023-08-22T13:43:43.870+02:00?[0;39m ?[32mTRACE?[0;39m ?[35m18216?[0;39m ?[2m---?[0;39m ?[2m[io-28852-exec-3]?[0;39m ?[36mo.s.s.w.a.AnonymousAuthenticationFilter ?[0;39m ?[2m:?[0;39m Set SecurityContextHolder to AnonymousAuthenticationToken [Principal=anonymousUser, Credentials=[PROTECTED], Authenticated=true, Details=WebAuthenticationDetails [RemoteIpAddress=127.0.0.1, SessionId=null], Granted Authorities=[ROLE_ANONYMOUS]]
?[0m?[0;34m?[2m2023-08-22T13:43:43.870+02:00?[0;39m ?[32mTRACE?[0;39m ?[35m18216?[0;39m ?[2m---?[0;39m ?[2m[io-28852-exec-3]?[0;39m ?[36mo.s.security.web.FilterChainProxy       ?[0;39m ?[2m:?[0;39m Invoking ExceptionTranslationFilter (11/12)
?[0m?[0;34m?[2m2023-08-22T13:43:43.870+02:00?[0;39m ?[32mTRACE?[0;39m ?[35m18216?[0;39m ?[2m---?[0;39m ?[2m[io-28852-exec-3]?[0;39m ?[36mo.s.security.web.FilterChainProxy       ?[0;39m ?[2m:?[0;39m Invoking AuthorizationFilter (12/12)
?[0m?[0;34m?[2m2023-08-22T13:43:43.870+02:00?[0;39m ?[32mTRACE?[0;39m ?[35m18216?[0;39m ?[2m---?[0;39m ?[2m[io-28852-exec-3]?[0;39m ?[36mestMatcherDelegatingAuthorizationManager?[0;39m ?[2m:?[0;39m Authorizing SecurityContextHolderAwareRequestWrapper[ org.springframework.security.web.header.HeaderWriterFilter$HeaderWriterRequest@7f77e9c1]
?[0m?[0;34m?[2m2023-08-22T13:43:43.871+02:00?[0;39m ?[32mTRACE?[0;39m ?[35m18216?[0;39m ?[2m---?[0;39m ?[2m[io-28852-exec-3]?[0;39m ?[36mestMatcherDelegatingAuthorizationManager?[0;39m ?[2m:?[0;39m Checking authorization on SecurityContextHolderAwareRequestWrapper[ org.springframework.security.web.header.HeaderWriterFilter$HeaderWriterRequest@7f77e9c1] using org.springframework.security.config.annotation.web.configurers.AuthorizeHttpRequestsConfigurer$$Lambda$1316/0x0000000100a4d140@528cc85a
?[0m?[0;34m?[2m2023-08-22T13:43:43.871+02:00?[0;39m ?[32mDEBUG?[0;39m ?[35m18216?[0;39m ?[2m---?[0;39m ?[2m[io-28852-exec-3]?[0;39m ?[36mo.s.security.web.FilterChainProxy       ?[0;39m ?[2m:?[0;39m Secured POST /api/auth/signup
?[0m?[0;34mHibernate: select u1_0.id from users u1_0 where upper(u1_0.email)=upper(?) fetch first ? rows only
?[0m?[0;34m?[2m2023-08-22T13:43:43.875+02:00?[0;39m ?[32mTRACE?[0;39m ?[35m18216?[0;39m ?[2m---?[0;39m ?[2m[io-28852-exec-3]?[0;39m ?[36mo.s.s.w.header.writers.HstsHeaderWriter ?[0;39m ?[2m:?[0;39m Not injecting HSTS header since it did not match request to [Is Secure]
?[0m?[0;34m?[2m2023-08-22T13:43:43.876+02:00?[0;39m ?[32mTRACE?[0;39m ?[35m18216?[0;39m ?[2m---?[0;39m ?[2m[io-28852-exec-3]?[0;39m ?[36mo.s.security.web.FilterChainProxy       ?[0;39m ?[2m:?[0;39m Trying to match request against DefaultSecurityFilterChain [RequestMatcher=any request, Filters=[org.springframework.security.web.session.DisableEncodeUrlFilter@5d51203b, org.springframework.security.web.context.request.async.WebAsyncManagerIntegrationFilter@32be672d, org.springframework.security.web.context.SecurityContextHolderFilter@74f54f8e, org.springframework.security.web.header.HeaderWriterFilter@157ff8f8, org.springframework.security.web.authentication.logout.LogoutFilter@72364a40, org.springframework.security.web.authentication.www.BasicAuthenticationFilter@a23b96b, org.springframework.security.web.savedrequest.RequestCacheAwareFilter@59b8a801, org.springframework.security.web.servletapi.SecurityContextHolderAwareRequestFilter@5aa026e9, org.springframework.security.web.authentication.AnonymousAuthenticationFilter@23e54c8a, org.springframework.security.web.session.SessionManagementFilter@79e3f444, org.springframework.security.web.access.ExceptionTranslationFilter@17a756db, org.springframework.security.web.access.intercept.AuthorizationFilter@55e75ce0]] (1/1)
?[0m?[0;34m?[2m2023-08-22T13:43:43.876+02:00?[0;39m ?[32mDEBUG?[0;39m ?[35m18216?[0;39m ?[2m---?[0;39m ?[2m[io-28852-exec-3]?[0;39m ?[36mo.s.security.web.FilterChainProxy       ?[0;39m ?[2m:?[0;39m Securing POST /error
?[0m?[0;34m?[2m2023-08-22T13:43:43.876+02:00?[0;39m ?[32mTRACE?[0;39m ?[35m18216?[0;39m ?[2m---?[0;39m ?[2m[io-28852-exec-3]?[0;39m ?[36mo.s.security.web.FilterChainProxy       ?[0;39m ?[2m:?[0;39m Invoking DisableEncodeUrlFilter (1/12)
?[0m?[0;34m?[2m2023-08-22T13:43:43.876+02:00?[0;39m ?[32mTRACE?[0;39m ?[35m18216?[0;39m ?[2m---?[0;39m ?[2m[io-28852-exec-3]?[0;39m ?[36mo.s.security.web.FilterChainProxy       ?[0;39m ?[2m:?[0;39m Invoking WebAsyncManagerIntegrationFilter (2/12)
?[0m?[0;34m?[2m2023-08-22T13:43:43.876+02:00?[0;39m ?[32mTRACE?[0;39m ?[35m18216?[0;39m ?[2m---?[0;39m ?[2m[io-28852-exec-3]?[0;39m ?[36mo.s.security.web.FilterChainProxy       ?[0;39m ?[2m:?[0;39m Invoking SecurityContextHolderFilter (3/12)
?[0m?[0;34m?[2m2023-08-22T13:43:43.876+02:00?[0;39m ?[32mTRACE?[0;39m ?[35m18216?[0;39m ?[2m---?[0;39m ?[2m[io-28852-exec-3]?[0;39m ?[36mo.s.security.web.FilterChainProxy       ?[0;39m ?[2m:?[0;39m Invoking HeaderWriterFilter (4/12)
?[0m?[0;34m?[2m2023-08-22T13:43:43.876+02:00?[0;39m ?[32mTRACE?[0;39m ?[35m18216?[0;39m ?[2m---?[0;39m ?[2m[io-28852-exec-3]?[0;39m ?[36mo.s.security.web.FilterChainProxy       ?[0;39m ?[2m:?[0;39m Invoking LogoutFilter (5/12)
?[0m?[0;34m?[2m2023-08-22T13:43:43.876+02:00?[0;39m ?[32mTRACE?[0;39m ?[35m18216?[0;39m ?[2m---?[0;39m ?[2m[io-28852-exec-3]?[0;39m ?[36mo.s.s.w.a.logout.LogoutFilter           ?[0;39m ?[2m:?[0;39m Did not match request to Or [Ant [pattern='/logout', GET], Ant [pattern='/logout', POST], Ant [pattern='/logout', PUT], Ant [pattern='/logout', DELETE]]
?[0m?[0;34m?[2m2023-08-22T13:43:43.877+02:00?[0;39m ?[32mTRACE?[0;39m ?[35m18216?[0;39m ?[2m---?[0;39m ?[2m[io-28852-exec-3]?[0;39m ?[36mo.s.security.web.FilterChainProxy       ?[0;39m ?[2m:?[0;39m Invoking BasicAuthenticationFilter (6/12)
?[0m?[0;34m?[2m2023-08-22T13:43:43.877+02:00?[0;39m ?[32mTRACE?[0;39m ?[35m18216?[0;39m ?[2m---?[0;39m ?[2m[io-28852-exec-3]?[0;39m ?[36mo.s.security.web.FilterChainProxy       ?[0;39m ?[2m:?[0;39m Invoking RequestCacheAwareFilter (7/12)
?[0m?[0;34m?[2m2023-08-22T13:43:43.877+02:00?[0;39m ?[32mTRACE?[0;39m ?[35m18216?[0;39m ?[2m---?[0;39m ?[2m[io-28852-exec-3]?[0;39m ?[36mo.s.security.web.FilterChainProxy       ?[0;39m ?[2m:?[0;39m Invoking SecurityContextHolderAwareRequestFilter (8/12)
?[0m?[0;34m?[2m2023-08-22T13:43:43.877+02:00?[0;39m ?[32mTRACE?[0;39m ?[35m18216?[0;39m ?[2m---?[0;39m ?[2m[io-28852-exec-3]?[0;39m ?[36mo.s.security.web.FilterChainProxy       ?[0;39m ?[2m:?[0;39m Invoking AnonymousAuthenticationFilter (9/12)
?[0m?[0;34m?[2m2023-08-22T13:43:43.877+02:00?[0;39m ?[32mTRACE?[0;39m ?[35m18216?[0;39m ?[2m---?[0;39m ?[2m[io-28852-exec-3]?[0;39m ?[36mo.s.security.web.FilterChainProxy       ?[0;39m ?[2m:?[0;39m Invoking SessionManagementFilter (10/12)
?[0m?[0;34m?[2m2023-08-22T13:43:43.877+02:00?[0;39m ?[32mTRACE?[0;39m ?[35m18216?[0;39m ?[2m---?[0;39m ?[2m[io-28852-exec-3]?[0;39m ?[36mo.s.security.web.FilterChainProxy       ?[0;39m ?[2m:?[0;39m Invoking ExceptionTranslationFilter (11/12)
?[0m?[0;34m?[2m2023-08-22T13:43:43.877+02:00?[0;39m ?[32mTRACE?[0;39m ?[35m18216?[0;39m ?[2m---?[0;39m ?[2m[io-28852-exec-3]?[0;39m ?[36mo.s.security.web.FilterChainProxy       ?[0;39m ?[2m:?[0;39m Invoking AuthorizationFilter (12/12)
?[0m?[0;34m?[2m2023-08-22T13:43:43.877+02:00?[0;39m ?[32mTRACE?[0;39m ?[35m18216?[0;39m ?[2m---?[0;39m ?[2m[io-28852-exec-3]?[0;39m ?[36mestMatcherDelegatingAuthorizationManager?[0;39m ?[2m:?[0;39m Authorizing SecurityContextHolderAwareRequestWrapper[ FirewalledRequest[ org.apache.catalina.core.ApplicationHttpRequest@1b16ed77]]
?[0m?[0;34m?[2m2023-08-22T13:43:43.877+02:00?[0;39m ?[32mTRACE?[0;39m ?[35m18216?[0;39m ?[2m---?[0;39m ?[2m[io-28852-exec-3]?[0;39m ?[36mestMatcherDelegatingAuthorizationManager?[0;39m ?[2m:?[0;39m Checking authorization on SecurityContextHolderAwareRequestWrapper[ FirewalledRequest[ org.apache.catalina.core.ApplicationHttpRequest@1b16ed77]] using org.springframework.security.config.annotation.web.configurers.AuthorizeHttpRequestsConfigurer$$Lambda$1316/0x0000000100a4d140@528cc85a
?[0m?[0;34m?[2m2023-08-22T13:43:43.878+02:00?[0;39m ?[32mDEBUG?[0;39m ?[35m18216?[0;39m ?[2m---?[0;39m ?[2m[io-28852-exec-3]?[0;39m ?[36mo.s.security.web.FilterChainProxy       ?[0;39m ?[2m:?[0;39m Secured POST /error
?[0m?[0;34m?[2m2023-08-22T13:43:43.878+02:00?[0;39m ?[32mTRACE?[0;39m ?[35m18216?[0;39m ?[2m---?[0;39m ?[2m[io-28852-exec-3]?[0;39m ?[36m.s.s.w.c.SupplierDeferredSecurityContext?[0;39m ?[2m:?[0;39m Created SecurityContextImpl [Null authentication]
?[0m?[0;34m?[2m2023-08-22T13:43:43.878+02:00?[0;39m ?[32mTRACE?[0;39m ?[35m18216?[0;39m ?[2m---?[0;39m ?[2m[io-28852-exec-3]?[0;39m ?[36mo.s.s.w.a.AnonymousAuthenticationFilter ?[0;39m ?[2m:?[0;39m Set SecurityContextHolder to AnonymousAuthenticationToken [Principal=anonymousUser, Credentials=[PROTECTED], Authenticated=true, Details=WebAuthenticationDetails [RemoteIpAddress=127.0.0.1, SessionId=null], Granted Authorities=[ROLE_ANONYMOUS]]
?[0m?[0;34m?[2m2023-08-22T13:43:43.886+02:00?[0;39m ?[32mTRACE?[0;39m ?[35m18216?[0;39m ?[2m---?[0;39m ?[2m[io-28852-exec-4]?[0;39m ?[36mo.s.security.web.FilterChainProxy       ?[0;39m ?[2m:?[0;39m Trying to match request against DefaultSecurityFilterChain [RequestMatcher=any request, Filters=[org.springframework.security.web.session.DisableEncodeUrlFilter@5d51203b, org.springframework.security.web.context.request.async.WebAsyncManagerIntegrationFilter@32be672d, org.springframework.security.web.context.SecurityContextHolderFilter@74f54f8e, org.springframework.security.web.header.HeaderWriterFilter@157ff8f8, org.springframework.security.web.authentication.logout.LogoutFilter@72364a40, org.springframework.security.web.authentication.www.BasicAuthenticationFilter@a23b96b, org.springframework.security.web.savedrequest.RequestCacheAwareFilter@59b8a801, org.springframework.security.web.servletapi.SecurityContextHolderAwareRequestFilter@5aa026e9, org.springframework.security.web.authentication.AnonymousAuthenticationFilter@23e54c8a, org.springframework.security.web.session.SessionManagementFilter@79e3f444, org.springframework.security.web.access.ExceptionTranslationFilter@17a756db, org.springframework.security.web.access.intercept.AuthorizationFilter@55e75ce0]] (1/1)
?[0m?[0;34m?[2m2023-08-22T13:43:43.886+02:00?[0;39m ?[32mDEBUG?[0;39m ?[35m18216?[0;39m ?[2m---?[0;39m ?[2m[io-28852-exec-4]?[0;39m ?[36mo.s.security.web.FilterChainProxy       ?[0;39m ?[2m:?[0;39m Securing POST /api/auth/signup
?[0m?[0;34m?[2m2023-08-22T13:43:43.886+02:00?[0;39m ?[32mTRACE?[0;39m ?[35m18216?[0;39m ?[2m---?[0;39m ?[2m[io-28852-exec-4]?[0;39m ?[36mo.s.security.web.FilterChainProxy       ?[0;39m ?[2m:?[0;39m Invoking DisableEncodeUrlFilter (1/12)
?[0m?[0;34m?[2m2023-08-22T13:43:43.886+02:00?[0;39m ?[32mTRACE?[0;39m ?[35m18216?[0;39m ?[2m---?[0;39m ?[2m[io-28852-exec-4]?[0;39m ?[36mo.s.security.web.FilterChainProxy       ?[0;39m ?[2m:?[0;39m Invoking WebAsyncManagerIntegrationFilter (2/12)
?[0m?[0;34m?[2m2023-08-22T13:43:43.886+02:00?[0;39m ?[32mTRACE?[0;39m ?[35m18216?[0;39m ?[2m---?[0;39m ?[2m[io-28852-exec-4]?[0;39m ?[36mo.s.security.web.FilterChainProxy       ?[0;39m ?[2m:?[0;39m Invoking SecurityContextHolderFilter (3/12)
?[0m?[0;34m?[2m2023-08-22T13:43:43.887+02:00?[0;39m ?[32mTRACE?[0;39m ?[35m18216?[0;39m ?[2m---?[0;39m ?[2m[io-28852-exec-4]?[0;39m ?[36mo.s.security.web.FilterChainProxy       ?[0;39m ?[2m:?[0;39m Invoking HeaderWriterFilter (4/12)
?[0m?[0;34m?[2m2023-08-22T13:43:43.887+02:00?[0;39m ?[32mTRACE?[0;39m ?[35m18216?[0;39m ?[2m---?[0;39m ?[2m[io-28852-exec-4]?[0;39m ?[36mo.s.security.web.FilterChainProxy       ?[0;39m ?[2m:?[0;39m Invoking LogoutFilter (5/12)
?[0m?[0;34m?[2m2023-08-22T13:43:43.887+02:00?[0;39m ?[32mTRACE?[0;39m ?[35m18216?[0;39m ?[2m---?[0;39m ?[2m[io-28852-exec-4]?[0;39m ?[36mo.s.s.w.a.logout.LogoutFilter           ?[0;39m ?[2m:?[0;39m Did not match request to Or [Ant [pattern='/logout', GET], Ant [pattern='/logout', POST], Ant [pattern='/logout', PUT], Ant [pattern='/logout', DELETE]]
?[0m?[0;34m?[2m2023-08-22T13:43:43.887+02:00?[0;39m ?[32mTRACE?[0;39m ?[35m18216?[0;39m ?[2m---?[0;39m ?[2m[io-28852-exec-4]?[0;39m ?[36mo.s.security.web.FilterChainProxy       ?[0;39m ?[2m:?[0;39m Invoking BasicAuthenticationFilter (6/12)
?[0m?[0;34m?[2m2023-08-22T13:43:43.887+02:00?[0;39m ?[32mTRACE?[0;39m ?[35m18216?[0;39m ?[2m---?[0;39m ?[2m[io-28852-exec-4]?[0;39m ?[36mo.s.s.w.a.www.BasicAuthenticationFilter ?[0;39m ?[2m:?[0;39m Did not process authentication request since failed to find username and password in Basic Authorization header
?[0m?[0;34m?[2m2023-08-22T13:43:43.887+02:00?[0;39m ?[32mTRACE?[0;39m ?[35m18216?[0;39m ?[2m---?[0;39m ?[2m[io-28852-exec-4]?[0;39m ?[36mo.s.security.web.FilterChainProxy       ?[0;39m ?[2m:?[0;39m Invoking RequestCacheAwareFilter (7/12)
?[0m?[0;34m?[2m2023-08-22T13:43:43.887+02:00?[0;39m ?[32mTRACE?[0;39m ?[35m18216?[0;39m ?[2m---?[0;39m ?[2m[io-28852-exec-4]?[0;39m ?[36mo.s.security.web.FilterChainProxy       ?[0;39m ?[2m:?[0;39m Invoking SecurityContextHolderAwareRequestFilter (8/12)
?[0m?[0;34m?[2m2023-08-22T13:43:43.887+02:00?[0;39m ?[32mTRACE?[0;39m ?[35m18216?[0;39m ?[2m---?[0;39m ?[2m[io-28852-exec-4]?[0;39m ?[36mo.s.security.web.FilterChainProxy       ?[0;39m ?[2m:?[0;39m Invoking AnonymousAuthenticationFilter (9/12)
?[0m?[0;34m?[2m2023-08-22T13:43:43.887+02:00?[0;39m ?[32mTRACE?[0;39m ?[35m18216?[0;39m ?[2m---?[0;39m ?[2m[io-28852-exec-4]?[0;39m ?[36mo.s.security.web.FilterChainProxy       ?[0;39m ?[2m:?[0;39m Invoking SessionManagementFilter (10/12)
?[0m?[0;34m?[2m2023-08-22T13:43:43.887+02:00?[0;39m ?[32mTRACE?[0;39m ?[35m18216?[0;39m ?[2m---?[0;39m ?[2m[io-28852-exec-4]?[0;39m ?[36m.s.s.w.c.SupplierDeferredSecurityContext?[0;39m ?[2m:?[0;39m Created SecurityContextImpl [Null authentication]
?[0m?[0;34m?[2m2023-08-22T13:43:43.887+02:00?[0;39m ?[32mTRACE?[0;39m ?[35m18216?[0;39m ?[2m---?[0;39m ?[2m[io-28852-exec-4]?[0;39m ?[36mo.s.s.w.a.AnonymousAuthenticationFilter ?[0;39m ?[2m:?[0;39m Set SecurityContextHolder to AnonymousAuthenticationToken [Principal=anonymousUser, Credentials=[PROTECTED], Authenticated=true, Details=WebAuthenticationDetails [RemoteIpAddress=127.0.0.1, SessionId=null], Granted Authorities=[ROLE_ANONYMOUS]]
?[0m?[0;34m?[2m2023-08-22T13:43:43.887+02:00?[0;39m ?[32mTRACE?[0;39m ?[35m18216?[0;39m ?[2m---?[0;39m ?[2m[io-28852-exec-4]?[0;39m ?[36mo.s.security.web.FilterChainProxy       ?[0;39m ?[2m:?[0;39m Invoking ExceptionTranslationFilter (11/12)
?[0m?[0;34m?[2m2023-08-22T13:43:43.887+02:00?[0;39m ?[32mTRACE?[0;39m ?[35m18216?[0;39m ?[2m---?[0;39m ?[2m[io-28852-exec-4]?[0;39m ?[36mo.s.security.web.FilterChainProxy       ?[0;39m ?[2m:?[0;39m Invoking AuthorizationFilter (12/12)
?[0m?[0;34m?[2m2023-08-22T13:43:43.887+02:00?[0;39m ?[32mTRACE?[0;39m ?[35m18216?[0;39m ?[2m---?[0;39m ?[2m[io-28852-exec-4]?[0;39m ?[36mestMatcherDelegatingAuthorizationManager?[0;39m ?[2m:?[0;39m Authorizing SecurityContextHolderAwareRequestWrapper[ org.springframework.security.web.header.HeaderWriterFilter$HeaderWriterRequest@57e0f701]
?[0m?[0;34m?[2m2023-08-22T13:43:43.888+02:00?[0;39m ?[32mTRACE?[0;39m ?[35m18216?[0;39m ?[2m---?[0;39m ?[2m[io-28852-exec-4]?[0;39m ?[36mestMatcherDelegatingAuthorizationManager?[0;39m ?[2m:?[0;39m Checking authorization on SecurityContextHolderAwareRequestWrapper[ org.springframework.security.web.header.HeaderWriterFilter$HeaderWriterRequest@57e0f701] using org.springframework.security.config.annotation.web.configurers.AuthorizeHttpRequestsConfigurer$$Lambda$1316/0x0000000100a4d140@528cc85a
?[0m?[0;34m?[2m2023-08-22T13:43:43.889+02:00?[0;39m ?[32mDEBUG?[0;39m ?[35m18216?[0;39m ?[2m---?[0;39m ?[2m[io-28852-exec-4]?[0;39m ?[36mo.s.security.web.FilterChainProxy       ?[0;39m ?[2m:?[0;39m Secured POST /api/auth/signup
?[0m?[0;34mHibernate: select u1_0.id from users u1_0 where upper(u1_0.email)=upper(?) fetch first ? rows only
?[0m?[0;34m?[2m2023-08-22T13:43:43.892+02:00?[0;39m ?[32mTRACE?[0;39m ?[35m18216?[0;39m ?[2m---?[0;39m ?[2m[io-28852-exec-4]?[0;39m ?[36mo.s.s.w.header.writers.HstsHeaderWriter ?[0;39m ?[2m:?[0;39m Not injecting HSTS header since it did not match request to [Is Secure]
?[0m?[0;34m?[2m2023-08-22T13:43:43.893+02:00?[0;39m ?[32mTRACE?[0;39m ?[35m18216?[0;39m ?[2m---?[0;39m ?[2m[io-28852-exec-4]?[0;39m ?[36mo.s.security.web.FilterChainProxy       ?[0;39m ?[2m:?[0;39m Trying to match request against DefaultSecurityFilterChain [RequestMatcher=any request, Filters=[org.springframework.security.web.session.DisableEncodeUrlFilter@5d51203b, org.springframework.security.web.context.request.async.WebAsyncManagerIntegrationFilter@32be672d, org.springframework.security.web.context.SecurityContextHolderFilter@74f54f8e, org.springframework.security.web.header.HeaderWriterFilter@157ff8f8, org.springframework.security.web.authentication.logout.LogoutFilter@72364a40, org.springframework.security.web.authentication.www.BasicAuthenticationFilter@a23b96b, org.springframework.security.web.savedrequest.RequestCacheAwareFilter@59b8a801, org.springframework.security.web.servletapi.SecurityContextHolderAwareRequestFilter@5aa026e9, org.springframework.security.web.authentication.AnonymousAuthenticationFilter@23e54c8a, org.springframework.security.web.session.SessionManagementFilter@79e3f444, org.springframework.security.web.access.ExceptionTranslationFilter@17a756db, org.springframework.security.web.access.intercept.AuthorizationFilter@55e75ce0]] (1/1)
?[0m?[0;34m?[2m2023-08-22T13:43:43.893+02:00?[0;39m ?[32mDEBUG?[0;39m ?[35m18216?[0;39m ?[2m---?[0;39m ?[2m[io-28852-exec-4]?[0;39m ?[36mo.s.security.web.FilterChainProxy       ?[0;39m ?[2m:?[0;39m Securing POST /error
?[0m?[0;34m?[2m2023-08-22T13:43:43.893+02:00?[0;39m ?[32mTRACE?[0;39m ?[35m18216?[0;39m ?[2m---?[0;39m ?[2m[io-28852-exec-4]?[0;39m ?[36mo.s.security.web.FilterChainProxy       ?[0;39m ?[2m:?[0;39m Invoking DisableEncodeUrlFilter (1/12)
?[0m?[0;34m?[2m2023-08-22T13:43:43.893+02:00?[0;39m ?[32mTRACE?[0;39m ?[35m18216?[0;39m ?[2m---?[0;39m ?[2m[io-28852-exec-4]?[0;39m ?[36mo.s.security.web.FilterChainProxy       ?[0;39m ?[2m:?[0;39m Invoking WebAsyncManagerIntegrationFilter (2/12)
?[0m?[0;34m?[2m2023-08-22T13:43:43.893+02:00?[0;39m ?[32mTRACE?[0;39m ?[35m18216?[0;39m ?[2m---?[0;39m ?[2m[io-28852-exec-4]?[0;39m ?[36mo.s.security.web.FilterChainProxy       ?[0;39m ?[2m:?[0;39m Invoking SecurityContextHolderFilter (3/12)
?[0m?[0;34m?[2m2023-08-22T13:43:43.893+02:00?[0;39m ?[32mTRACE?[0;39m ?[35m18216?[0;39m ?[2m---?[0;39m ?[2m[io-28852-exec-4]?[0;39m ?[36mo.s.security.web.FilterChainProxy       ?[0;39m ?[2m:?[0;39m Invoking HeaderWriterFilter (4/12)
?[0m?[0;34m?[2m2023-08-22T13:43:43.893+02:00?[0;39m ?[32mTRACE?[0;39m ?[35m18216?[0;39m ?[2m---?[0;39m ?[2m[io-28852-exec-4]?[0;39m ?[36mo.s.security.web.FilterChainProxy       ?[0;39m ?[2m:?[0;39m Invoking LogoutFilter (5/12)
?[0m?[0;34m?[2m2023-08-22T13:43:43.894+02:00?[0;39m ?[32mTRACE?[0;39m ?[35m18216?[0;39m ?[2m---?[0;39m ?[2m[io-28852-exec-4]?[0;39m ?[36mo.s.s.w.a.logout.LogoutFilter           ?[0;39m ?[2m:?[0;39m Did not match request to Or [Ant [pattern='/logout', GET], Ant [pattern='/logout', POST], Ant [pattern='/logout', PUT], Ant [pattern='/logout', DELETE]]
?[0m?[0;34m?[2m2023-08-22T13:43:43.894+02:00?[0;39m ?[32mTRACE?[0;39m ?[35m18216?[0;39m ?[2m---?[0;39m ?[2m[io-28852-exec-4]?[0;39m ?[36mo.s.security.web.FilterChainProxy       ?[0;39m ?[2m:?[0;39m Invoking BasicAuthenticationFilter (6/12)
?[0m?[0;34m?[2m2023-08-22T13:43:43.894+02:00?[0;39m ?[32mTRACE?[0;39m ?[35m18216?[0;39m ?[2m---?[0;39m ?[2m[io-28852-exec-4]?[0;39m ?[36mo.s.security.web.FilterChainProxy       ?[0;39m ?[2m:?[0;39m Invoking RequestCacheAwareFilter (7/12)
?[0m?[0;34m?[2m2023-08-22T13:43:43.894+02:00?[0;39m ?[32mTRACE?[0;39m ?[35m18216?[0;39m ?[2m---?[0;39m ?[2m[io-28852-exec-4]?[0;39m ?[36mo.s.security.web.FilterChainProxy       ?[0;39m ?[2m:?[0;39m Invoking SecurityContextHolderAwareRequestFilter (8/12)
?[0m?[0;34m?[2m2023-08-22T13:43:43.894+02:00?[0;39m ?[32mTRACE?[0;39m ?[35m18216?[0;39m ?[2m---?[0;39m ?[2m[io-28852-exec-4]?[0;39m ?[36mo.s.security.web.FilterChainProxy       ?[0;39m ?[2m:?[0;39m Invoking AnonymousAuthenticationFilter (9/12)
?[0m?[0;34m?[2m2023-08-22T13:43:43.894+02:00?[0;39m ?[32mTRACE?[0;39m ?[35m18216?[0;39m ?[2m---?[0;39m ?[2m[io-28852-exec-4]?[0;39m ?[36mo.s.security.web.FilterChainProxy       ?[0;39m ?[2m:?[0;39m Invoking SessionManagementFilter (10/12)
?[0m?[0;34m?[2m2023-08-22T13:43:43.894+02:00?[0;39m ?[32mTRACE?[0;39m ?[35m18216?[0;39m ?[2m---?[0;39m ?[2m[io-28852-exec-4]?[0;39m ?[36mo.s.security.web.FilterChainProxy       ?[0;39m ?[2m:?[0;39m Invoking ExceptionTranslationFilter (11/12)
?[0m?[0;34m?[2m2023-08-22T13:43:43.894+02:00?[0;39m ?[32mTRACE?[0;39m ?[35m18216?[0;39m ?[2m---?[0;39m ?[2m[io-28852-exec-4]?[0;39m ?[36mo.s.security.web.FilterChainProxy       ?[0;39m ?[2m:?[0;39m Invoking AuthorizationFilter (12/12)
?[0m?[0;34m?[2m2023-08-22T13:43:43.894+02:00?[0;39m ?[32mTRACE?[0;39m ?[35m18216?[0;39m ?[2m---?[0;39m ?[2m[io-28852-exec-4]?[0;39m ?[36mestMatcherDelegatingAuthorizationManager?[0;39m ?[2m:?[0;39m Authorizing SecurityContextHolderAwareRequestWrapper[ FirewalledRequest[ org.apache.catalina.core.ApplicationHttpRequest@1396a9db]]
?[0m?[0;34m?[2m2023-08-22T13:43:43.895+02:00?[0;39m ?[32mTRACE?[0;39m ?[35m18216?[0;39m ?[2m---?[0;39m ?[2m[io-28852-exec-4]?[0;39m ?[36mestMatcherDelegatingAuthorizationManager?[0;39m ?[2m:?[0;39m Checking authorization on SecurityContextHolderAwareRequestWrapper[ FirewalledRequest[ org.apache.catalina.core.ApplicationHttpRequest@1396a9db]] using org.springframework.security.config.annotation.web.configurers.AuthorizeHttpRequestsConfigurer$$Lambda$1316/0x0000000100a4d140@528cc85a
?[0m?[0;34m?[2m2023-08-22T13:43:43.895+02:00?[0;39m ?[32mDEBUG?[0;39m ?[35m18216?[0;39m ?[2m---?[0;39m ?[2m[io-28852-exec-4]?[0;39m ?[36mo.s.security.web.FilterChainProxy       ?[0;39m ?[2m:?[0;39m Secured POST /error
?[0m?[0;34m?[2m2023-08-22T13:43:43.895+02:00?[0;39m ?[32mTRACE?[0;39m ?[35m18216?[0;39m ?[2m---?[0;39m ?[2m[io-28852-exec-4]?[0;39m ?[36m.s.s.w.c.SupplierDeferredSecurityContext?[0;39m ?[2m:?[0;39m Created SecurityContextImpl [Null authentication]
?[0m?[0;34m?[2m2023-08-22T13:43:43.895+02:00?[0;39m ?[32mTRACE?[0;39m ?[35m18216?[0;39m ?[2m---?[0;39m ?[2m[io-28852-exec-4]?[0;39m ?[36mo.s.s.w.a.AnonymousAuthenticationFilter ?[0;39m ?[2m:?[0;39m Set SecurityContextHolder to AnonymousAuthenticationToken [Principal=anonymousUser, Credentials=[PROTECTED], Authenticated=true, Details=WebAuthenticationDetails [RemoteIpAddress=127.0.0.1, SessionId=null], Granted Authorities=[ROLE_ANONYMOUS]]
?[0m?[0;34m?[2m2023-08-22T13:43:43.904+02:00?[0;39m ?[32mTRACE?[0;39m ?[35m18216?[0;39m ?[2m---?[0;39m ?[2m[io-28852-exec-5]?[0;39m ?[36mo.s.security.web.FilterChainProxy       ?[0;39m ?[2m:?[0;39m Trying to match request against DefaultSecurityFilterChain [RequestMatcher=any request, Filters=[org.springframework.security.web.session.DisableEncodeUrlFilter@5d51203b, org.springframework.security.web.context.request.async.WebAsyncManagerIntegrationFilter@32be672d, org.springframework.security.web.context.SecurityContextHolderFilter@74f54f8e, org.springframework.security.web.header.HeaderWriterFilter@157ff8f8, org.springframework.security.web.authentication.logout.LogoutFilter@72364a40, org.springframework.security.web.authentication.www.BasicAuthenticationFilter@a23b96b, org.springframework.security.web.savedrequest.RequestCacheAwareFilter@59b8a801, org.springframework.security.web.servletapi.SecurityContextHolderAwareRequestFilter@5aa026e9, org.springframework.security.web.authentication.AnonymousAuthenticationFilter@23e54c8a, org.springframework.security.web.session.SessionManagementFilter@79e3f444, org.springframework.security.web.access.ExceptionTranslationFilter@17a756db, org.springframework.security.web.access.intercept.AuthorizationFilter@55e75ce0]] (1/1)
?[0m?[0;34m?[2m2023-08-22T13:43:43.905+02:00?[0;39m ?[32mDEBUG?[0;39m ?[35m18216?[0;39m ?[2m---?[0;39m ?[2m[io-28852-exec-5]?[0;39m ?[36mo.s.security.web.FilterChainProxy       ?[0;39m ?[2m:?[0;39m Securing POST /api/auth/signup
?[0m?[0;34m?[2m2023-08-22T13:43:43.905+02:00?[0;39m ?[32mTRACE?[0;39m ?[35m18216?[0;39m ?[2m---?[0;39m ?[2m[io-28852-exec-5]?[0;39m ?[36mo.s.security.web.FilterChainProxy       ?[0;39m ?[2m:?[0;39m Invoking DisableEncodeUrlFilter (1/12)
?[0m?[0;34m?[2m2023-08-22T13:43:43.905+02:00?[0;39m ?[32mTRACE?[0;39m ?[35m18216?[0;39m ?[2m---?[0;39m ?[2m[io-28852-exec-5]?[0;39m ?[36mo.s.security.web.FilterChainProxy       ?[0;39m ?[2m:?[0;39m Invoking WebAsyncManagerIntegrationFilter (2/12)
?[0m?[0;34m?[2m2023-08-22T13:43:43.905+02:00?[0;39m ?[32mTRACE?[0;39m ?[35m18216?[0;39m ?[2m---?[0;39m ?[2m[io-28852-exec-5]?[0;39m ?[36mo.s.security.web.FilterChainProxy       ?[0;39m ?[2m:?[0;39m Invoking SecurityContextHolderFilter (3/12)
?[0m?[0;34m?[2m2023-08-22T13:43:43.905+02:00?[0;39m ?[32mTRACE?[0;39m ?[35m18216?[0;39m ?[2m---?[0;39m ?[2m[io-28852-exec-5]?[0;39m ?[36mo.s.security.web.FilterChainProxy       ?[0;39m ?[2m:?[0;39m Invoking HeaderWriterFilter (4/12)
?[0m?[0;34m?[2m2023-08-22T13:43:43.906+02:00?[0;39m ?[32mTRACE?[0;39m ?[35m18216?[0;39m ?[2m---?[0;39m ?[2m[io-28852-exec-5]?[0;39m ?[36mo.s.security.web.FilterChainProxy       ?[0;39m ?[2m:?[0;39m Invoking LogoutFilter (5/12)
?[0m?[0;34m?[2m2023-08-22T13:43:43.906+02:00?[0;39m ?[32mTRACE?[0;39m ?[35m18216?[0;39m ?[2m---?[0;39m ?[2m[io-28852-exec-5]?[0;39m ?[36mo.s.s.w.a.logout.LogoutFilter           ?[0;39m ?[2m:?[0;39m Did not match request to Or [Ant [pattern='/logout', GET], Ant [pattern='/logout', POST], Ant [pattern='/logout', PUT], Ant [pattern='/logout', DELETE]]
?[0m?[0;34m?[2m2023-08-22T13:43:43.906+02:00?[0;39m ?[32mTRACE?[0;39m ?[35m18216?[0;39m ?[2m---?[0;39m ?[2m[io-28852-exec-5]?[0;39m ?[36mo.s.security.web.FilterChainProxy       ?[0;39m ?[2m:?[0;39m Invoking BasicAuthenticationFilter (6/12)
?[0m?[0;34m?[2m2023-08-22T13:43:43.906+02:00?[0;39m ?[32mTRACE?[0;39m ?[35m18216?[0;39m ?[2m---?[0;39m ?[2m[io-28852-exec-5]?[0;39m ?[36mo.s.s.w.a.www.BasicAuthenticationFilter ?[0;39m ?[2m:?[0;39m Did not process authentication request since failed to find username and password in Basic Authorization header
?[0m?[0;34m?[2m2023-08-22T13:43:43.906+02:00?[0;39m ?[32mTRACE?[0;39m ?[35m18216?[0;39m ?[2m---?[0;39m ?[2m[io-28852-exec-5]?[0;39m ?[36mo.s.security.web.FilterChainProxy       ?[0;39m ?[2m:?[0;39m Invoking RequestCacheAwareFilter (7/12)
?[0m?[0;34m?[2m2023-08-22T13:43:43.906+02:00?[0;39m ?[32mTRACE?[0;39m ?[35m18216?[0;39m ?[2m---?[0;39m ?[2m[io-28852-exec-5]?[0;39m ?[36mo.s.security.web.FilterChainProxy       ?[0;39m ?[2m:?[0;39m Invoking SecurityContextHolderAwareRequestFilter (8/12)
?[0m?[0;34m?[2m2023-08-22T13:43:43.906+02:00?[0;39m ?[32mTRACE?[0;39m ?[35m18216?[0;39m ?[2m---?[0;39m ?[2m[io-28852-exec-5]?[0;39m ?[36mo.s.security.web.FilterChainProxy       ?[0;39m ?[2m:?[0;39m Invoking AnonymousAuthenticationFilter (9/12)
?[0m?[0;34m?[2m2023-08-22T13:43:43.906+02:00?[0;39m ?[32mTRACE?[0;39m ?[35m18216?[0;39m ?[2m---?[0;39m ?[2m[io-28852-exec-5]?[0;39m ?[36mo.s.security.web.FilterChainProxy       ?[0;39m ?[2m:?[0;39m Invoking SessionManagementFilter (10/12)
?[0m?[0;34m?[2m2023-08-22T13:43:43.906+02:00?[0;39m ?[32mTRACE?[0;39m ?[35m18216?[0;39m ?[2m---?[0;39m ?[2m[io-28852-exec-5]?[0;39m ?[36m.s.s.w.c.SupplierDeferredSecurityContext?[0;39m ?[2m:?[0;39m Created SecurityContextImpl [Null authentication]
?[0m?[0;34m?[2m2023-08-22T13:43:43.906+02:00?[0;39m ?[32mTRACE?[0;39m ?[35m18216?[0;39m ?[2m---?[0;39m ?[2m[io-28852-exec-5]?[0;39m ?[36mo.s.s.w.a.AnonymousAuthenticationFilter ?[0;39m ?[2m:?[0;39m Set SecurityContextHolder to AnonymousAuthenticationToken [Principal=anonymousUser, Credentials=[PROTECTED], Authenticated=true, Details=WebAuthenticationDetails [RemoteIpAddress=127.0.0.1, SessionId=null], Granted Authorities=[ROLE_ANONYMOUS]]
?[0m?[0;34m?[2m2023-08-22T13:43:43.906+02:00?[0;39m ?[32mTRACE?[0;39m ?[35m18216?[0;39m ?[2m---?[0;39m ?[2m[io-28852-exec-5]?[0;39m ?[36mo.s.security.web.FilterChainProxy       ?[0;39m ?[2m:?[0;39m Invoking ExceptionTranslationFilter (11/12)
?[0m?[0;34m?[2m2023-08-22T13:43:43.906+02:00?[0;39m ?[32mTRACE?[0;39m ?[35m18216?[0;39m ?[2m---?[0;39m ?[2m[io-28852-exec-5]?[0;39m ?[36mo.s.security.web.FilterChainProxy       ?[0;39m ?[2m:?[0;39m Invoking AuthorizationFilter (12/12)
?[0m?[0;34m?[2m2023-08-22T13:43:43.906+02:00?[0;39m ?[32mTRACE?[0;39m ?[35m18216?[0;39m ?[2m---?[0;39m ?[2m[io-28852-exec-5]?[0;39m ?[36mestMatcherDelegatingAuthorizationManager?[0;39m ?[2m:?[0;39m Authorizing SecurityContextHolderAwareRequestWrapper[ org.springframework.security.web.header.HeaderWriterFilter$HeaderWriterRequest@379e97ce]
?[0m?[0;34m?[2m2023-08-22T13:43:43.907+02:00?[0;39m ?[32mTRACE?[0;39m ?[35m18216?[0;39m ?[2m---?[0;39m ?[2m[io-28852-exec-5]?[0;39m ?[36mestMatcherDelegatingAuthorizationManager?[0;39m ?[2m:?[0;39m Checking authorization on SecurityContextHolderAwareRequestWrapper[ org.springframework.security.web.header.HeaderWriterFilter$HeaderWriterRequest@379e97ce] using org.springframework.security.config.annotation.web.configurers.AuthorizeHttpRequestsConfigurer$$Lambda$1316/0x0000000100a4d140@528cc85a
?[0m?[0;34m?[2m2023-08-22T13:43:43.907+02:00?[0;39m ?[32mDEBUG?[0;39m ?[35m18216?[0;39m ?[2m---?[0;39m ?[2m[io-28852-exec-5]?[0;39m ?[36mo.s.security.web.FilterChainProxy       ?[0;39m ?[2m:?[0;39m Secured POST /api/auth/signup
?[0m?[0;34mHibernate: select u1_0.id from users u1_0 where upper(u1_0.email)=upper(?) fetch first ? rows only
?[0m?[0;34m?[2m2023-08-22T13:43:43.911+02:00?[0;39m ?[32mTRACE?[0;39m ?[35m18216?[0;39m ?[2m---?[0;39m ?[2m[io-28852-exec-5]?[0;39m ?[36mo.s.s.w.header.writers.HstsHeaderWriter ?[0;39m ?[2m:?[0;39m Not injecting HSTS header since it did not match request to [Is Secure]
?[0m?[0;34m?[2m2023-08-22T13:43:43.912+02:00?[0;39m ?[32mTRACE?[0;39m ?[35m18216?[0;39m ?[2m---?[0;39m ?[2m[io-28852-exec-5]?[0;39m ?[36mo.s.security.web.FilterChainProxy       ?[0;39m ?[2m:?[0;39m Trying to match request against DefaultSecurityFilterChain [RequestMatcher=any request, Filters=[org.springframework.security.web.session.DisableEncodeUrlFilter@5d51203b, org.springframework.security.web.context.request.async.WebAsyncManagerIntegrationFilter@32be672d, org.springframework.security.web.context.SecurityContextHolderFilter@74f54f8e, org.springframework.security.web.header.HeaderWriterFilter@157ff8f8, org.springframework.security.web.authentication.logout.LogoutFilter@72364a40, org.springframework.security.web.authentication.www.BasicAuthenticationFilter@a23b96b, org.springframework.security.web.savedrequest.RequestCacheAwareFilter@59b8a801, org.springframework.security.web.servletapi.SecurityContextHolderAwareRequestFilter@5aa026e9, org.springframework.security.web.authentication.AnonymousAuthenticationFilter@23e54c8a, org.springframework.security.web.session.SessionManagementFilter@79e3f444, org.springframework.security.web.access.ExceptionTranslationFilter@17a756db, org.springframework.security.web.access.intercept.AuthorizationFilter@55e75ce0]] (1/1)
?[0m?[0;34m?[2m2023-08-22T13:43:43.912+02:00?[0;39m ?[32mDEBUG?[0;39m ?[35m18216?[0;39m ?[2m---?[0;39m ?[2m[io-28852-exec-5]?[0;39m ?[36mo.s.security.web.FilterChainProxy       ?[0;39m ?[2m:?[0;39m Securing POST /error
?[0m?[0;34m?[2m2023-08-22T13:43:43.912+02:00?[0;39m ?[32mTRACE?[0;39m ?[35m18216?[0;39m ?[2m---?[0;39m ?[2m[io-28852-exec-5]?[0;39m ?[36mo.s.security.web.FilterChainProxy       ?[0;39m ?[2m:?[0;39m Invoking DisableEncodeUrlFilter (1/12)
?[0m?[0;34m?[2m2023-08-22T13:43:43.913+02:00?[0;39m ?[32mTRACE?[0;39m ?[35m18216?[0;39m ?[2m---?[0;39m ?[2m[io-28852-exec-5]?[0;39m ?[36mo.s.security.web.FilterChainProxy       ?[0;39m ?[2m:?[0;39m Invoking WebAsyncManagerIntegrationFilter (2/12)
?[0m?[0;34m?[2m2023-08-22T13:43:43.913+02:00?[0;39m ?[32mTRACE?[0;39m ?[35m18216?[0;39m ?[2m---?[0;39m ?[2m[io-28852-exec-5]?[0;39m ?[36mo.s.security.web.FilterChainProxy       ?[0;39m ?[2m:?[0;39m Invoking SecurityContextHolderFilter (3/12)
?[0m?[0;34m?[2m2023-08-22T13:43:43.913+02:00?[0;39m ?[32mTRACE?[0;39m ?[35m18216?[0;39m ?[2m---?[0;39m ?[2m[io-28852-exec-5]?[0;39m ?[36mo.s.security.web.FilterChainProxy       ?[0;39m ?[2m:?[0;39m Invoking HeaderWriterFilter (4/12)
?[0m?[0;34m?[2m2023-08-22T13:43:43.913+02:00?[0;39m ?[32mTRACE?[0;39m ?[35m18216?[0;39m ?[2m---?[0;39m ?[2m[io-28852-exec-5]?[0;39m ?[36mo.s.security.web.FilterChainProxy       ?[0;39m ?[2m:?[0;39m Invoking LogoutFilter (5/12)
?[0m?[0;34m?[2m2023-08-22T13:43:43.913+02:00?[0;39m ?[32mTRACE?[0;39m ?[35m18216?[0;39m ?[2m---?[0;39m ?[2m[io-28852-exec-5]?[0;39m ?[36mo.s.s.w.a.logout.LogoutFilter           ?[0;39m ?[2m:?[0;39m Did not match request to Or [Ant [pattern='/logout', GET], Ant [pattern='/logout', POST], Ant [pattern='/logout', PUT], Ant [pattern='/logout', DELETE]]
?[0m?[0;34m?[2m2023-08-22T13:43:43.913+02:00?[0;39m ?[32mTRACE?[0;39m ?[35m18216?[0;39m ?[2m---?[0;39m ?[2m[io-28852-exec-5]?[0;39m ?[36mo.s.security.web.FilterChainProxy       ?[0;39m ?[2m:?[0;39m Invoking BasicAuthenticationFilter (6/12)
?[0m?[0;34m?[2m2023-08-22T13:43:43.913+02:00?[0;39m ?[32mTRACE?[0;39m ?[35m18216?[0;39m ?[2m---?[0;39m ?[2m[io-28852-exec-5]?[0;39m ?[36mo.s.security.web.FilterChainProxy       ?[0;39m ?[2m:?[0;39m Invoking RequestCacheAwareFilter (7/12)
?[0m?[0;34m?[2m2023-08-22T13:43:43.913+02:00?[0;39m ?[32mTRACE?[0;39m ?[35m18216?[0;39m ?[2m---?[0;39m ?[2m[io-28852-exec-5]?[0;39m ?[36mo.s.security.web.FilterChainProxy       ?[0;39m ?[2m:?[0;39m Invoking SecurityContextHolderAwareRequestFilter (8/12)
?[0m?[0;34m?[2m2023-08-22T13:43:43.913+02:00?[0;39m ?[32mTRACE?[0;39m ?[35m18216?[0;39m ?[2m---?[0;39m ?[2m[io-28852-exec-5]?[0;39m ?[36mo.s.security.web.FilterChainProxy       ?[0;39m ?[2m:?[0;39m Invoking AnonymousAuthenticationFilter (9/12)
?[0m?[0;34m?[2m2023-08-22T13:43:43.913+02:00?[0;39m ?[32mTRACE?[0;39m ?[35m18216?[0;39m ?[2m---?[0;39m ?[2m[io-28852-exec-5]?[0;39m ?[36mo.s.security.web.FilterChainProxy       ?[0;39m ?[2m:?[0;39m Invoking SessionManagementFilter (10/12)
?[0m?[0;34m?[2m2023-08-22T13:43:43.913+02:00?[0;39m ?[32mTRACE?[0;39m ?[35m18216?[0;39m ?[2m---?[0;39m ?[2m[io-28852-exec-5]?[0;39m ?[36mo.s.security.web.FilterChainProxy       ?[0;39m ?[2m:?[0;39m Invoking ExceptionTranslationFilter (11/12)
?[0m?[0;34m?[2m2023-08-22T13:43:43.913+02:00?[0;39m ?[32mTRACE?[0;39m ?[35m18216?[0;39m ?[2m---?[0;39m ?[2m[io-28852-exec-5]?[0;39m ?[36mo.s.security.web.FilterChainProxy       ?[0;39m ?[2m:?[0;39m Invoking AuthorizationFilter (12/12)
?[0m?[0;34m?[2m2023-08-22T13:43:43.913+02:00?[0;39m ?[32mTRACE?[0;39m ?[35m18216?[0;39m ?[2m---?[0;39m ?[2m[io-28852-exec-5]?[0;39m ?[36mestMatcherDelegatingAuthorizationManager?[0;39m ?[2m:?[0;39m Authorizing SecurityContextHolderAwareRequestWrapper[ FirewalledRequest[ org.apache.catalina.core.ApplicationHttpRequest@10bfb435]]
?[0m?[0;34m?[2m2023-08-22T13:43:43.914+02:00?[0;39m ?[32mTRACE?[0;39m ?[35m18216?[0;39m ?[2m---?[0;39m ?[2m[io-28852-exec-5]?[0;39m ?[36mestMatcherDelegatingAuthorizationManager?[0;39m ?[2m:?[0;39m Checking authorization on SecurityContextHolderAwareRequestWrapper[ FirewalledRequest[ org.apache.catalina.core.ApplicationHttpRequest@10bfb435]] using org.springframework.security.config.annotation.web.configurers.AuthorizeHttpRequestsConfigurer$$Lambda$1316/0x0000000100a4d140@528cc85a
?[0m?[0;34m?[2m2023-08-22T13:43:43.914+02:00?[0;39m ?[32mDEBUG?[0;39m ?[35m18216?[0;39m ?[2m---?[0;39m ?[2m[io-28852-exec-5]?[0;39m ?[36mo.s.security.web.FilterChainProxy       ?[0;39m ?[2m:?[0;39m Secured POST /error
?[0m?[0;34m?[2m2023-08-22T13:43:43.914+02:00?[0;39m ?[32mTRACE?[0;39m ?[35m18216?[0;39m ?[2m---?[0;39m ?[2m[io-28852-exec-5]?[0;39m ?[36m.s.s.w.c.SupplierDeferredSecurityContext?[0;39m ?[2m:?[0;39m Created SecurityContextImpl [Null authentication]
?[0m?[0;34m?[2m2023-08-22T13:43:43.914+02:00?[0;39m ?[32mTRACE?[0;39m ?[35m18216?[0;39m ?[2m---?[0;39m ?[2m[io-28852-exec-5]?[0;39m ?[36mo.s.s.w.a.AnonymousAuthenticationFilter ?[0;39m ?[2m:?[0;39m Set SecurityContextHolder to AnonymousAuthenticationToken [Principal=anonymousUser, Credentials=[PROTECTED], Authenticated=true, Details=WebAuthenticationDetails [RemoteIpAddress=127.0.0.1, SessionId=null], Granted Authorities=[ROLE_ANONYMOUS]]
?[0m?[0;34m?[2m2023-08-22T13:43:43.923+02:00?[0;39m ?[32mTRACE?[0;39m ?[35m18216?[0;39m ?[2m---?[0;39m ?[2m[io-28852-exec-6]?[0;39m ?[36mo.s.security.web.FilterChainProxy       ?[0;39m ?[2m:?[0;39m Trying to match request against DefaultSecurityFilterChain [RequestMatcher=any request, Filters=[org.springframework.security.web.session.DisableEncodeUrlFilter@5d51203b, org.springframework.security.web.context.request.async.WebAsyncManagerIntegrationFilter@32be672d, org.springframework.security.web.context.SecurityContextHolderFilter@74f54f8e, org.springframework.security.web.header.HeaderWriterFilter@157ff8f8, org.springframework.security.web.authentication.logout.LogoutFilter@72364a40, org.springframework.security.web.authentication.www.BasicAuthenticationFilter@a23b96b, org.springframework.security.web.savedrequest.RequestCacheAwareFilter@59b8a801, org.springframework.security.web.servletapi.SecurityContextHolderAwareRequestFilter@5aa026e9, org.springframework.security.web.authentication.AnonymousAuthenticationFilter@23e54c8a, org.springframework.security.web.session.SessionManagementFilter@79e3f444, org.springframework.security.web.access.ExceptionTranslationFilter@17a756db, org.springframework.security.web.access.intercept.AuthorizationFilter@55e75ce0]] (1/1)
?[0m?[0;34m?[2m2023-08-22T13:43:43.924+02:00?[0;39m ?[32mDEBUG?[0;39m ?[35m18216?[0;39m ?[2m---?[0;39m ?[2m[io-28852-exec-6]?[0;39m ?[36mo.s.security.web.FilterChainProxy       ?[0;39m ?[2m:?[0;39m Securing POST /api/auth/signup
?[0m?[0;34m?[2m2023-08-22T13:43:43.924+02:00?[0;39m ?[32mTRACE?[0;39m ?[35m18216?[0;39m ?[2m---?[0;39m ?[2m[io-28852-exec-6]?[0;39m ?[36mo.s.security.web.FilterChainProxy       ?[0;39m ?[2m:?[0;39m Invoking DisableEncodeUrlFilter (1/12)
?[0m?[0;34m?[2m2023-08-22T13:43:43.924+02:00?[0;39m ?[32mTRACE?[0;39m ?[35m18216?[0;39m ?[2m---?[0;39m ?[2m[io-28852-exec-6]?[0;39m ?[36mo.s.security.web.FilterChainProxy       ?[0;39m ?[2m:?[0;39m Invoking WebAsyncManagerIntegrationFilter (2/12)
?[0m?[0;34m?[2m2023-08-22T13:43:43.924+02:00?[0;39m ?[32mTRACE?[0;39m ?[35m18216?[0;39m ?[2m---?[0;39m ?[2m[io-28852-exec-6]?[0;39m ?[36mo.s.security.web.FilterChainProxy       ?[0;39m ?[2m:?[0;39m Invoking SecurityContextHolderFilter (3/12)
?[0m?[0;34m?[2m2023-08-22T13:43:43.924+02:00?[0;39m ?[32mTRACE?[0;39m ?[35m18216?[0;39m ?[2m---?[0;39m ?[2m[io-28852-exec-6]?[0;39m ?[36mo.s.security.web.FilterChainProxy       ?[0;39m ?[2m:?[0;39m Invoking HeaderWriterFilter (4/12)
?[0m?[0;34m?[2m2023-08-22T13:43:43.924+02:00?[0;39m ?[32mTRACE?[0;39m ?[35m18216?[0;39m ?[2m---?[0;39m ?[2m[io-28852-exec-6]?[0;39m ?[36mo.s.security.web.FilterChainProxy       ?[0;39m ?[2m:?[0;39m Invoking LogoutFilter (5/12)
?[0m?[0;34m?[2m2023-08-22T13:43:43.924+02:00?[0;39m ?[32mTRACE?[0;39m ?[35m18216?[0;39m ?[2m---?[0;39m ?[2m[io-28852-exec-6]?[0;39m ?[36mo.s.s.w.a.logout.LogoutFilter           ?[0;39m ?[2m:?[0;39m Did not match request to Or [Ant [pattern='/logout', GET], Ant [pattern='/logout', POST], Ant [pattern='/logout', PUT], Ant [pattern='/logout', DELETE]]
?[0m?[0;34m?[2m2023-08-22T13:43:43.924+02:00?[0;39m ?[32mTRACE?[0;39m ?[35m18216?[0;39m ?[2m---?[0;39m ?[2m[io-28852-exec-6]?[0;39m ?[36mo.s.security.web.FilterChainProxy       ?[0;39m ?[2m:?[0;39m Invoking BasicAuthenticationFilter (6/12)
?[0m?[0;34m?[2m2023-08-22T13:43:43.924+02:00?[0;39m ?[32mTRACE?[0;39m ?[35m18216?[0;39m ?[2m---?[0;39m ?[2m[io-28852-exec-6]?[0;39m ?[36mo.s.s.w.a.www.BasicAuthenticationFilter ?[0;39m ?[2m:?[0;39m Did not process authentication request since failed to find username and password in Basic Authorization header
?[0m?[0;34m?[2m2023-08-22T13:43:43.924+02:00?[0;39m ?[32mTRACE?[0;39m ?[35m18216?[0;39m ?[2m---?[0;39m ?[2m[io-28852-exec-6]?[0;39m ?[36mo.s.security.web.FilterChainProxy       ?[0;39m ?[2m:?[0;39m Invoking RequestCacheAwareFilter (7/12)
?[0m?[0;34m?[2m2023-08-22T13:43:43.924+02:00?[0;39m ?[32mTRACE?[0;39m ?[35m18216?[0;39m ?[2m---?[0;39m ?[2m[io-28852-exec-6]?[0;39m ?[36mo.s.security.web.FilterChainProxy       ?[0;39m ?[2m:?[0;39m Invoking SecurityContextHolderAwareRequestFilter (8/12)
?[0m?[0;34m?[2m2023-08-22T13:43:43.924+02:00?[0;39m ?[32mTRACE?[0;39m ?[35m18216?[0;39m ?[2m---?[0;39m ?[2m[io-28852-exec-6]?[0;39m ?[36mo.s.security.web.FilterChainProxy       ?[0;39m ?[2m:?[0;39m Invoking AnonymousAuthenticationFilter (9/12)
?[0m?[0;34m?[2m2023-08-22T13:43:43.924+02:00?[0;39m ?[32mTRACE?[0;39m ?[35m18216?[0;39m ?[2m---?[0;39m ?[2m[io-28852-exec-6]?[0;39m ?[36mo.s.security.web.FilterChainProxy       ?[0;39m ?[2m:?[0;39m Invoking SessionManagementFilter (10/12)
?[0m?[0;34m?[2m2023-08-22T13:43:43.924+02:00?[0;39m ?[32mTRACE?[0;39m ?[35m18216?[0;39m ?[2m---?[0;39m ?[2m[io-28852-exec-6]?[0;39m ?[36m.s.s.w.c.SupplierDeferredSecurityContext?[0;39m ?[2m:?[0;39m Created SecurityContextImpl [Null authentication]
?[0m?[0;34m?[2m2023-08-22T13:43:43.925+02:00?[0;39m ?[32mTRACE?[0;39m ?[35m18216?[0;39m ?[2m---?[0;39m ?[2m[io-28852-exec-6]?[0;39m ?[36mo.s.s.w.a.AnonymousAuthenticationFilter ?[0;39m ?[2m:?[0;39m Set SecurityContextHolder to AnonymousAuthenticationToken [Principal=anonymousUser, Credentials=[PROTECTED], Authenticated=true, Details=WebAuthenticationDetails [RemoteIpAddress=127.0.0.1, SessionId=null], Granted Authorities=[ROLE_ANONYMOUS]]
?[0m?[0;34m?[2m2023-08-22T13:43:43.925+02:00?[0;39m ?[32mTRACE?[0;39m ?[35m18216?[0;39m ?[2m---?[0;39m ?[2m[io-28852-exec-6]?[0;39m ?[36mo.s.security.web.FilterChainProxy       ?[0;39m ?[2m:?[0;39m Invoking ExceptionTranslationFilter (11/12)
?[0m?[0;34m?[2m2023-08-22T13:43:43.925+02:00?[0;39m ?[32mTRACE?[0;39m ?[35m18216?[0;39m ?[2m---?[0;39m ?[2m[io-28852-exec-6]?[0;39m ?[36mo.s.security.web.FilterChainProxy       ?[0;39m ?[2m:?[0;39m Invoking AuthorizationFilter (12/12)
?[0m?[0;34m?[2m2023-08-22T13:43:43.925+02:00?[0;39m ?[32mTRACE?[0;39m ?[35m18216?[0;39m ?[2m---?[0;39m ?[2m[io-28852-exec-6]?[0;39m ?[36mestMatcherDelegatingAuthorizationManager?[0;39m ?[2m:?[0;39m Authorizing SecurityContextHolderAwareRequestWrapper[ org.springframework.security.web.header.HeaderWriterFilter$HeaderWriterRequest@529a993]
?[0m?[0;34m?[2m2023-08-22T13:43:43.926+02:00?[0;39m ?[32mTRACE?[0;39m ?[35m18216?[0;39m ?[2m---?[0;39m ?[2m[io-28852-exec-6]?[0;39m ?[36mestMatcherDelegatingAuthorizationManager?[0;39m ?[2m:?[0;39m Checking authorization on SecurityContextHolderAwareRequestWrapper[ org.springframework.security.web.header.HeaderWriterFilter$HeaderWriterRequest@529a993] using org.springframework.security.config.annotation.web.configurers.AuthorizeHttpRequestsConfigurer$$Lambda$1316/0x0000000100a4d140@528cc85a
?[0m?[0;34m?[2m2023-08-22T13:43:43.926+02:00?[0;39m ?[32mDEBUG?[0;39m ?[35m18216?[0;39m ?[2m---?[0;39m ?[2m[io-28852-exec-6]?[0;39m ?[36mo.s.security.web.FilterChainProxy       ?[0;39m ?[2m:?[0;39m Secured POST /api/auth/signup
?[0m?[0;34mHibernate: select u1_0.id from users u1_0 where upper(u1_0.email)=upper(?) fetch first ? rows only
?[0m?[0;34m?[2m2023-08-22T13:43:43.929+02:00?[0;39m ?[32mTRACE?[0;39m ?[35m18216?[0;39m ?[2m---?[0;39m ?[2m[io-28852-exec-6]?[0;39m ?[36mo.s.s.w.header.writers.HstsHeaderWriter ?[0;39m ?[2m:?[0;39m Not injecting HSTS header since it did not match request to [Is Secure]
?[0m?[0;34m?[2m2023-08-22T13:43:43.930+02:00?[0;39m ?[32mTRACE?[0;39m ?[35m18216?[0;39m ?[2m---?[0;39m ?[2m[io-28852-exec-6]?[0;39m ?[36mo.s.security.web.FilterChainProxy       ?[0;39m ?[2m:?[0;39m Trying to match request against DefaultSecurityFilterChain [RequestMatcher=any request, Filters=[org.springframework.security.web.session.DisableEncodeUrlFilter@5d51203b, org.springframework.security.web.context.request.async.WebAsyncManagerIntegrationFilter@32be672d, org.springframework.security.web.context.SecurityContextHolderFilter@74f54f8e, org.springframework.security.web.header.HeaderWriterFilter@157ff8f8, org.springframework.security.web.authentication.logout.LogoutFilter@72364a40, org.springframework.security.web.authentication.www.BasicAuthenticationFilter@a23b96b, org.springframework.security.web.savedrequest.RequestCacheAwareFilter@59b8a801, org.springframework.security.web.servletapi.SecurityContextHolderAwareRequestFilter@5aa026e9, org.springframework.security.web.authentication.AnonymousAuthenticationFilter@23e54c8a, org.springframework.security.web.session.SessionManagementFilter@79e3f444, org.springframework.security.web.access.ExceptionTranslationFilter@17a756db, org.springframework.security.web.access.intercept.AuthorizationFilter@55e75ce0]] (1/1)
?[0m?[0;34m?[2m2023-08-22T13:43:43.930+02:00?[0;39m ?[32mDEBUG?[0;39m ?[35m18216?[0;39m ?[2m---?[0;39m ?[2m[io-28852-exec-6]?[0;39m ?[36mo.s.security.web.FilterChainProxy       ?[0;39m ?[2m:?[0;39m Securing POST /error
?[0m?[0;34m?[2m2023-08-22T13:43:43.930+02:00?[0;39m ?[32mTRACE?[0;39m ?[35m18216?[0;39m ?[2m---?[0;39m ?[2m[io-28852-exec-6]?[0;39m ?[36mo.s.security.web.FilterChainProxy       ?[0;39m ?[2m:?[0;39m Invoking DisableEncodeUrlFilter (1/12)
?[0m?[0;34m?[2m2023-08-22T13:43:43.931+02:00?[0;39m ?[32mTRACE?[0;39m ?[35m18216?[0;39m ?[2m---?[0;39m ?[2m[io-28852-exec-6]?[0;39m ?[36mo.s.security.web.FilterChainProxy       ?[0;39m ?[2m:?[0;39m Invoking WebAsyncManagerIntegrationFilter (2/12)
?[0m?[0;34m?[2m2023-08-22T13:43:43.931+02:00?[0;39m ?[32mTRACE?[0;39m ?[35m18216?[0;39m ?[2m---?[0;39m ?[2m[io-28852-exec-6]?[0;39m ?[36mo.s.security.web.FilterChainProxy       ?[0;39m ?[2m:?[0;39m Invoking SecurityContextHolderFilter (3/12)
?[0m?[0;34m?[2m2023-08-22T13:43:43.931+02:00?[0;39m ?[32mTRACE?[0;39m ?[35m18216?[0;39m ?[2m---?[0;39m ?[2m[io-28852-exec-6]?[0;39m ?[36mo.s.security.web.FilterChainProxy       ?[0;39m ?[2m:?[0;39m Invoking HeaderWriterFilter (4/12)
?[0m?[0;34m?[2m2023-08-22T13:43:43.931+02:00?[0;39m ?[32mTRACE?[0;39m ?[35m18216?[0;39m ?[2m---?[0;39m ?[2m[io-28852-exec-6]?[0;39m ?[36mo.s.security.web.FilterChainProxy       ?[0;39m ?[2m:?[0;39m Invoking LogoutFilter (5/12)
?[0m?[0;34m?[2m2023-08-22T13:43:43.931+02:00?[0;39m ?[32mTRACE?[0;39m ?[35m18216?[0;39m ?[2m---?[0;39m ?[2m[io-28852-exec-6]?[0;39m ?[36mo.s.s.w.a.logout.LogoutFilter           ?[0;39m ?[2m:?[0;39m Did not match request to Or [Ant [pattern='/logout', GET], Ant [pattern='/logout', POST], Ant [pattern='/logout', PUT], Ant [pattern='/logout', DELETE]]
?[0m?[0;34m?[2m2023-08-22T13:43:43.931+02:00?[0;39m ?[32mTRACE?[0;39m ?[35m18216?[0;39m ?[2m---?[0;39m ?[2m[io-28852-exec-6]?[0;39m ?[36mo.s.security.web.FilterChainProxy       ?[0;39m ?[2m:?[0;39m Invoking BasicAuthenticationFilter (6/12)
?[0m?[0;34m?[2m2023-08-22T13:43:43.931+02:00?[0;39m ?[32mTRACE?[0;39m ?[35m18216?[0;39m ?[2m---?[0;39m ?[2m[io-28852-exec-6]?[0;39m ?[36mo.s.security.web.FilterChainProxy       ?[0;39m ?[2m:?[0;39m Invoking RequestCacheAwareFilter (7/12)
?[0m?[0;34m?[2m2023-08-22T13:43:43.931+02:00?[0;39m ?[32mTRACE?[0;39m ?[35m18216?[0;39m ?[2m---?[0;39m ?[2m[io-28852-exec-6]?[0;39m ?[36mo.s.security.web.FilterChainProxy       ?[0;39m ?[2m:?[0;39m Invoking SecurityContextHolderAwareRequestFilter (8/12)
?[0m?[0;34m?[2m2023-08-22T13:43:43.931+02:00?[0;39m ?[32mTRACE?[0;39m ?[35m18216?[0;39m ?[2m---?[0;39m ?[2m[io-28852-exec-6]?[0;39m ?[36mo.s.security.web.FilterChainProxy       ?[0;39m ?[2m:?[0;39m Invoking AnonymousAuthenticationFilter (9/12)
?[0m?[0;34m?[2m2023-08-22T13:43:43.931+02:00?[0;39m ?[32mTRACE?[0;39m ?[35m18216?[0;39m ?[2m---?[0;39m ?[2m[io-28852-exec-6]?[0;39m ?[36mo.s.security.web.FilterChainProxy       ?[0;39m ?[2m:?[0;39m Invoking SessionManagementFilter (10/12)
?[0m?[0;34m?[2m2023-08-22T13:43:43.931+02:00?[0;39m ?[32mTRACE?[0;39m ?[35m18216?[0;39m ?[2m---?[0;39m ?[2m[io-28852-exec-6]?[0;39m ?[36mo.s.security.web.FilterChainProxy       ?[0;39m ?[2m:?[0;39m Invoking ExceptionTranslationFilter (11/12)
?[0m?[0;34m?[2m2023-08-22T13:43:43.931+02:00?[0;39m ?[32mTRACE?[0;39m ?[35m18216?[0;39m ?[2m---?[0;39m ?[2m[io-28852-exec-6]?[0;39m ?[36mo.s.security.web.FilterChainProxy       ?[0;39m ?[2m:?[0;39m Invoking AuthorizationFilter (12/12)
?[0m?[0;34m?[2m2023-08-22T13:43:43.931+02:00?[0;39m ?[32mTRACE?[0;39m ?[35m18216?[0;39m ?[2m---?[0;39m ?[2m[io-28852-exec-6]?[0;39m ?[36mestMatcherDelegatingAuthorizationManager?[0;39m ?[2m:?[0;39m Authorizing SecurityContextHolderAwareRequestWrapper[ FirewalledRequest[ org.apache.catalina.core.ApplicationHttpRequest@72066c06]]
?[0m?[0;34m?[2m2023-08-22T13:43:43.932+02:00?[0;39m ?[32mTRACE?[0;39m ?[35m18216?[0;39m ?[2m---?[0;39m ?[2m[io-28852-exec-6]?[0;39m ?[36mestMatcherDelegatingAuthorizationManager?[0;39m ?[2m:?[0;39m Checking authorization on SecurityContextHolderAwareRequestWrapper[ FirewalledRequest[ org.apache.catalina.core.ApplicationHttpRequest@72066c06]] using org.springframework.security.config.annotation.web.configurers.AuthorizeHttpRequestsConfigurer$$Lambda$1316/0x0000000100a4d140@528cc85a
?[0m?[0;34m?[2m2023-08-22T13:43:43.932+02:00?[0;39m ?[32mDEBUG?[0;39m ?[35m18216?[0;39m ?[2m---?[0;39m ?[2m[io-28852-exec-6]?[0;39m ?[36mo.s.security.web.FilterChainProxy       ?[0;39m ?[2m:?[0;39m Secured POST /error
?[0m?[0;34m?[2m2023-08-22T13:43:43.932+02:00?[0;39m ?[32mTRACE?[0;39m ?[35m18216?[0;39m ?[2m---?[0;39m ?[2m[io-28852-exec-6]?[0;39m ?[36m.s.s.w.c.SupplierDeferredSecurityContext?[0;39m ?[2m:?[0;39m Created SecurityContextImpl [Null authentication]
?[0m?[0;34m?[2m2023-08-22T13:43:43.933+02:00?[0;39m ?[32mTRACE?[0;39m ?[35m18216?[0;39m ?[2m---?[0;39m ?[2m[io-28852-exec-6]?[0;39m ?[36mo.s.s.w.a.AnonymousAuthenticationFilter ?[0;39m ?[2m:?[0;39m Set SecurityContextHolder to AnonymousAuthenticationToken [Principal=anonymousUser, Credentials=[PROTECTED], Authenticated=true, Details=WebAuthenticationDetails [RemoteIpAddress=127.0.0.1, SessionId=null], Granted Authorities=[ROLE_ANONYMOUS]]
?[0m?[0;34m?[2m2023-08-22T13:43:43.943+02:00?[0;39m ?[32mTRACE?[0;39m ?[35m18216?[0;39m ?[2m---?[0;39m ?[2m[io-28852-exec-7]?[0;39m ?[36mo.s.security.web.FilterChainProxy       ?[0;39m ?[2m:?[0;39m Trying to match request against DefaultSecurityFilterChain [RequestMatcher=any request, Filters=[org.springframework.security.web.session.DisableEncodeUrlFilter@5d51203b, org.springframework.security.web.context.request.async.WebAsyncManagerIntegrationFilter@32be672d, org.springframework.security.web.context.SecurityContextHolderFilter@74f54f8e, org.springframework.security.web.header.HeaderWriterFilter@157ff8f8, org.springframework.security.web.authentication.logout.LogoutFilter@72364a40, org.springframework.security.web.authentication.www.BasicAuthenticationFilter@a23b96b, org.springframework.security.web.savedrequest.RequestCacheAwareFilter@59b8a801, org.springframework.security.web.servletapi.SecurityContextHolderAwareRequestFilter@5aa026e9, org.springframework.security.web.authentication.AnonymousAuthenticationFilter@23e54c8a, org.springframework.security.web.session.SessionManagementFilter@79e3f444, org.springframework.security.web.access.ExceptionTranslationFilter@17a756db, org.springframework.security.web.access.intercept.AuthorizationFilter@55e75ce0]] (1/1)
?[0m?[0;34m?[2m2023-08-22T13:43:43.943+02:00?[0;39m ?[32mDEBUG?[0;39m ?[35m18216?[0;39m ?[2m---?[0;39m ?[2m[io-28852-exec-7]?[0;39m ?[36mo.s.security.web.FilterChainProxy       ?[0;39m ?[2m:?[0;39m Securing POST /api/auth/signup
?[0m?[0;34m?[2m2023-08-22T13:43:43.943+02:00?[0;39m ?[32mTRACE?[0;39m ?[35m18216?[0;39m ?[2m---?[0;39m ?[2m[io-28852-exec-7]?[0;39m ?[36mo.s.security.web.FilterChainProxy       ?[0;39m ?[2m:?[0;39m Invoking DisableEncodeUrlFilter (1/12)
?[0m?[0;34m?[2m2023-08-22T13:43:43.944+02:00?[0;39m ?[32mTRACE?[0;39m ?[35m18216?[0;39m ?[2m---?[0;39m ?[2m[io-28852-exec-7]?[0;39m ?[36mo.s.security.web.FilterChainProxy       ?[0;39m ?[2m:?[0;39m Invoking WebAsyncManagerIntegrationFilter (2/12)
?[0m?[0;34m?[2m2023-08-22T13:43:43.944+02:00?[0;39m ?[32mTRACE?[0;39m ?[35m18216?[0;39m ?[2m---?[0;39m ?[2m[io-28852-exec-7]?[0;39m ?[36mo.s.security.web.FilterChainProxy       ?[0;39m ?[2m:?[0;39m Invoking SecurityContextHolderFilter (3/12)
?[0m?[0;34m?[2m2023-08-22T13:43:43.944+02:00?[0;39m ?[32mTRACE?[0;39m ?[35m18216?[0;39m ?[2m---?[0;39m ?[2m[io-28852-exec-7]?[0;39m ?[36mo.s.security.web.FilterChainProxy       ?[0;39m ?[2m:?[0;39m Invoking HeaderWriterFilter (4/12)
?[0m?[0;34m?[2m2023-08-22T13:43:43.944+02:00?[0;39m ?[32mTRACE?[0;39m ?[35m18216?[0;39m ?[2m---?[0;39m ?[2m[io-28852-exec-7]?[0;39m ?[36mo.s.security.web.FilterChainProxy       ?[0;39m ?[2m:?[0;39m Invoking LogoutFilter (5/12)
?[0m?[0;34m?[2m2023-08-22T13:43:43.944+02:00?[0;39m ?[32mTRACE?[0;39m ?[35m18216?[0;39m ?[2m---?[0;39m ?[2m[io-28852-exec-7]?[0;39m ?[36mo.s.s.w.a.logout.LogoutFilter           ?[0;39m ?[2m:?[0;39m Did not match request to Or [Ant [pattern='/logout', GET], Ant [pattern='/logout', POST], Ant [pattern='/logout', PUT], Ant [pattern='/logout', DELETE]]
?[0m?[0;34m?[2m2023-08-22T13:43:43.944+02:00?[0;39m ?[32mTRACE?[0;39m ?[35m18216?[0;39m ?[2m---?[0;39m ?[2m[io-28852-exec-7]?[0;39m ?[36mo.s.security.web.FilterChainProxy       ?[0;39m ?[2m:?[0;39m Invoking BasicAuthenticationFilter (6/12)
?[0m?[0;34m?[2m2023-08-22T13:43:43.944+02:00?[0;39m ?[32mTRACE?[0;39m ?[35m18216?[0;39m ?[2m---?[0;39m ?[2m[io-28852-exec-7]?[0;39m ?[36mo.s.s.w.a.www.BasicAuthenticationFilter ?[0;39m ?[2m:?[0;39m Did not process authentication request since failed to find username and password in Basic Authorization header
?[0m?[0;34m?[2m2023-08-22T13:43:43.944+02:00?[0;39m ?[32mTRACE?[0;39m ?[35m18216?[0;39m ?[2m---?[0;39m ?[2m[io-28852-exec-7]?[0;39m ?[36mo.s.security.web.FilterChainProxy       ?[0;39m ?[2m:?[0;39m Invoking RequestCacheAwareFilter (7/12)
?[0m?[0;34m?[2m2023-08-22T13:43:43.944+02:00?[0;39m ?[32mTRACE?[0;39m ?[35m18216?[0;39m ?[2m---?[0;39m ?[2m[io-28852-exec-7]?[0;39m ?[36mo.s.security.web.FilterChainProxy       ?[0;39m ?[2m:?[0;39m Invoking SecurityContextHolderAwareRequestFilter (8/12)
?[0m?[0;34m?[2m2023-08-22T13:43:43.944+02:00?[0;39m ?[32mTRACE?[0;39m ?[35m18216?[0;39m ?[2m---?[0;39m ?[2m[io-28852-exec-7]?[0;39m ?[36mo.s.security.web.FilterChainProxy       ?[0;39m ?[2m:?[0;39m Invoking AnonymousAuthenticationFilter (9/12)
?[0m?[0;34m?[2m2023-08-22T13:43:43.944+02:00?[0;39m ?[32mTRACE?[0;39m ?[35m18216?[0;39m ?[2m---?[0;39m ?[2m[io-28852-exec-7]?[0;39m ?[36mo.s.security.web.FilterChainProxy       ?[0;39m ?[2m:?[0;39m Invoking SessionManagementFilter (10/12)
?[0m?[0;34m?[2m2023-08-22T13:43:43.944+02:00?[0;39m ?[32mTRACE?[0;39m ?[35m18216?[0;39m ?[2m---?[0;39m ?[2m[io-28852-exec-7]?[0;39m ?[36m.s.s.w.c.SupplierDeferredSecurityContext?[0;39m ?[2m:?[0;39m Created SecurityContextImpl [Null authentication]
?[0m?[0;34m?[2m2023-08-22T13:43:43.944+02:00?[0;39m ?[32mTRACE?[0;39m ?[35m18216?[0;39m ?[2m---?[0;39m ?[2m[io-28852-exec-7]?[0;39m ?[36mo.s.s.w.a.AnonymousAuthenticationFilter ?[0;39m ?[2m:?[0;39m Set SecurityContextHolder to AnonymousAuthenticationToken [Principal=anonymousUser, Credentials=[PROTECTED], Authenticated=true, Details=WebAuthenticationDetails [RemoteIpAddress=127.0.0.1, SessionId=null], Granted Authorities=[ROLE_ANONYMOUS]]
?[0m?[0;34m?[2m2023-08-22T13:43:43.944+02:00?[0;39m ?[32mTRACE?[0;39m ?[35m18216?[0;39m ?[2m---?[0;39m ?[2m[io-28852-exec-7]?[0;39m ?[36mo.s.security.web.FilterChainProxy       ?[0;39m ?[2m:?[0;39m Invoking ExceptionTranslationFilter (11/12)
?[0m?[0;34m?[2m2023-08-22T13:43:43.944+02:00?[0;39m ?[32mTRACE?[0;39m ?[35m18216?[0;39m ?[2m---?[0;39m ?[2m[io-28852-exec-7]?[0;39m ?[36mo.s.security.web.FilterChainProxy       ?[0;39m ?[2m:?[0;39m Invoking AuthorizationFilter (12/12)
?[0m?[0;34m?[2m2023-08-22T13:43:43.944+02:00?[0;39m ?[32mTRACE?[0;39m ?[35m18216?[0;39m ?[2m---?[0;39m ?[2m[io-28852-exec-7]?[0;39m ?[36mestMatcherDelegatingAuthorizationManager?[0;39m ?[2m:?[0;39m Authorizing SecurityContextHolderAwareRequestWrapper[ org.springframework.security.web.header.HeaderWriterFilter$HeaderWriterRequest@43cc7764]
?[0m?[0;34m?[2m2023-08-22T13:43:43.945+02:00?[0;39m ?[32mTRACE?[0;39m ?[35m18216?[0;39m ?[2m---?[0;39m ?[2m[io-28852-exec-7]?[0;39m ?[36mestMatcherDelegatingAuthorizationManager?[0;39m ?[2m:?[0;39m Checking authorization on SecurityContextHolderAwareRequestWrapper[ org.springframework.security.web.header.HeaderWriterFilter$HeaderWriterRequest@43cc7764] using org.springframework.security.config.annotation.web.configurers.AuthorizeHttpRequestsConfigurer$$Lambda$1316/0x0000000100a4d140@528cc85a
?[0m?[0;34m?[2m2023-08-22T13:43:43.945+02:00?[0;39m ?[32mDEBUG?[0;39m ?[35m18216?[0;39m ?[2m---?[0;39m ?[2m[io-28852-exec-7]?[0;39m ?[36mo.s.security.web.FilterChainProxy       ?[0;39m ?[2m:?[0;39m Secured POST /api/auth/signup
?[0m?[0;34mHibernate: select u1_0.id from users u1_0 where upper(u1_0.email)=upper(?) fetch first ? rows only
?[0m?[0;34m?[2m2023-08-22T13:43:43.950+02:00?[0;39m ?[32mTRACE?[0;39m ?[35m18216?[0;39m ?[2m---?[0;39m ?[2m[io-28852-exec-7]?[0;39m ?[36mo.s.s.w.header.writers.HstsHeaderWriter ?[0;39m ?[2m:?[0;39m Not injecting HSTS header since it did not match request to [Is Secure]
?[0m?[0;34m?[2m2023-08-22T13:43:43.951+02:00?[0;39m ?[32mTRACE?[0;39m ?[35m18216?[0;39m ?[2m---?[0;39m ?[2m[io-28852-exec-7]?[0;39m ?[36mo.s.security.web.FilterChainProxy       ?[0;39m ?[2m:?[0;39m Trying to match request against DefaultSecurityFilterChain [RequestMatcher=any request, Filters=[org.springframework.security.web.session.DisableEncodeUrlFilter@5d51203b, org.springframework.security.web.context.request.async.WebAsyncManagerIntegrationFilter@32be672d, org.springframework.security.web.context.SecurityContextHolderFilter@74f54f8e, org.springframework.security.web.header.HeaderWriterFilter@157ff8f8, org.springframework.security.web.authentication.logout.LogoutFilter@72364a40, org.springframework.security.web.authentication.www.BasicAuthenticationFilter@a23b96b, org.springframework.security.web.savedrequest.RequestCacheAwareFilter@59b8a801, org.springframework.security.web.servletapi.SecurityContextHolderAwareRequestFilter@5aa026e9, org.springframework.security.web.authentication.AnonymousAuthenticationFilter@23e54c8a, org.springframework.security.web.session.SessionManagementFilter@79e3f444, org.springframework.security.web.access.ExceptionTranslationFilter@17a756db, org.springframework.security.web.access.intercept.AuthorizationFilter@55e75ce0]] (1/1)
?[0m?[0;34m?[2m2023-08-22T13:43:43.951+02:00?[0;39m ?[32mDEBUG?[0;39m ?[35m18216?[0;39m ?[2m---?[0;39m ?[2m[io-28852-exec-7]?[0;39m ?[36mo.s.security.web.FilterChainProxy       ?[0;39m ?[2m:?[0;39m Securing POST /error
?[0m?[0;34m?[2m2023-08-22T13:43:43.951+02:00?[0;39m ?[32mTRACE?[0;39m ?[35m18216?[0;39m ?[2m---?[0;39m ?[2m[io-28852-exec-7]?[0;39m ?[36mo.s.security.web.FilterChainProxy       ?[0;39m ?[2m:?[0;39m Invoking DisableEncodeUrlFilter (1/12)
?[0m?[0;34m?[2m2023-08-22T13:43:43.951+02:00?[0;39m ?[32mTRACE?[0;39m ?[35m18216?[0;39m ?[2m---?[0;39m ?[2m[io-28852-exec-7]?[0;39m ?[36mo.s.security.web.FilterChainProxy       ?[0;39m ?[2m:?[0;39m Invoking WebAsyncManagerIntegrationFilter (2/12)
?[0m?[0;34m?[2m2023-08-22T13:43:43.951+02:00?[0;39m ?[32mTRACE?[0;39m ?[35m18216?[0;39m ?[2m---?[0;39m ?[2m[io-28852-exec-7]?[0;39m ?[36mo.s.security.web.FilterChainProxy       ?[0;39m ?[2m:?[0;39m Invoking SecurityContextHolderFilter (3/12)
?[0m?[0;34m?[2m2023-08-22T13:43:43.951+02:00?[0;39m ?[32mTRACE?[0;39m ?[35m18216?[0;39m ?[2m---?[0;39m ?[2m[io-28852-exec-7]?[0;39m ?[36mo.s.security.web.FilterChainProxy       ?[0;39m ?[2m:?[0;39m Invoking HeaderWriterFilter (4/12)
?[0m?[0;34m?[2m2023-08-22T13:43:43.951+02:00?[0;39m ?[32mTRACE?[0;39m ?[35m18216?[0;39m ?[2m---?[0;39m ?[2m[io-28852-exec-7]?[0;39m ?[36mo.s.security.web.FilterChainProxy       ?[0;39m ?[2m:?[0;39m Invoking LogoutFilter (5/12)
?[0m?[0;34m?[2m2023-08-22T13:43:43.952+02:00?[0;39m ?[32mTRACE?[0;39m ?[35m18216?[0;39m ?[2m---?[0;39m ?[2m[io-28852-exec-7]?[0;39m ?[36mo.s.s.w.a.logout.LogoutFilter           ?[0;39m ?[2m:?[0;39m Did not match request to Or [Ant [pattern='/logout', GET], Ant [pattern='/logout', POST], Ant [pattern='/logout', PUT], Ant [pattern='/logout', DELETE]]
?[0m?[0;34m?[2m2023-08-22T13:43:43.952+02:00?[0;39m ?[32mTRACE?[0;39m ?[35m18216?[0;39m ?[2m---?[0;39m ?[2m[io-28852-exec-7]?[0;39m ?[36mo.s.security.web.FilterChainProxy       ?[0;39m ?[2m:?[0;39m Invoking BasicAuthenticationFilter (6/12)
?[0m?[0;34m?[2m2023-08-22T13:43:43.952+02:00?[0;39m ?[32mTRACE?[0;39m ?[35m18216?[0;39m ?[2m---?[0;39m ?[2m[io-28852-exec-7]?[0;39m ?[36mo.s.security.web.FilterChainProxy       ?[0;39m ?[2m:?[0;39m Invoking RequestCacheAwareFilter (7/12)
?[0m?[0;34m?[2m2023-08-22T13:43:43.952+02:00?[0;39m ?[32mTRACE?[0;39m ?[35m18216?[0;39m ?[2m---?[0;39m ?[2m[io-28852-exec-7]?[0;39m ?[36mo.s.security.web.FilterChainProxy       ?[0;39m ?[2m:?[0;39m Invoking SecurityContextHolderAwareRequestFilter (8/12)
?[0m?[0;34m?[2m2023-08-22T13:43:43.952+02:00?[0;39m ?[32mTRACE?[0;39m ?[35m18216?[0;39m ?[2m---?[0;39m ?[2m[io-28852-exec-7]?[0;39m ?[36mo.s.security.web.FilterChainProxy       ?[0;39m ?[2m:?[0;39m Invoking AnonymousAuthenticationFilter (9/12)
?[0m?[0;34m?[2m2023-08-22T13:43:43.952+02:00?[0;39m ?[32mTRACE?[0;39m ?[35m18216?[0;39m ?[2m---?[0;39m ?[2m[io-28852-exec-7]?[0;39m ?[36mo.s.security.web.FilterChainProxy       ?[0;39m ?[2m:?[0;39m Invoking SessionManagementFilter (10/12)
?[0m?[0;34m?[2m2023-08-22T13:43:43.952+02:00?[0;39m ?[32mTRACE?[0;39m ?[35m18216?[0;39m ?[2m---?[0;39m ?[2m[io-28852-exec-7]?[0;39m ?[36mo.s.security.web.FilterChainProxy       ?[0;39m ?[2m:?[0;39m Invoking ExceptionTranslationFilter (11/12)
?[0m?[0;34m?[2m2023-08-22T13:43:43.952+02:00?[0;39m ?[32mTRACE?[0;39m ?[35m18216?[0;39m ?[2m---?[0;39m ?[2m[io-28852-exec-7]?[0;39m ?[36mo.s.security.web.FilterChainProxy       ?[0;39m ?[2m:?[0;39m Invoking AuthorizationFilter (12/12)
?[0m?[0;34m?[2m2023-08-22T13:43:43.952+02:00?[0;39m ?[32mTRACE?[0;39m ?[35m18216?[0;39m ?[2m---?[0;39m ?[2m[io-28852-exec-7]?[0;39m ?[36mestMatcherDelegatingAuthorizationManager?[0;39m ?[2m:?[0;39m Authorizing SecurityContextHolderAwareRequestWrapper[ FirewalledRequest[ org.apache.catalina.core.ApplicationHttpRequest@715be3ca]]
?[0m?[0;34m?[2m2023-08-22T13:43:43.952+02:00?[0;39m ?[32mTRACE?[0;39m ?[35m18216?[0;39m ?[2m---?[0;39m ?[2m[io-28852-exec-7]?[0;39m ?[36mestMatcherDelegatingAuthorizationManager?[0;39m ?[2m:?[0;39m Checking authorization on SecurityContextHolderAwareRequestWrapper[ FirewalledRequest[ org.apache.catalina.core.ApplicationHttpRequest@715be3ca]] using org.springframework.security.config.annotation.web.configurers.AuthorizeHttpRequestsConfigurer$$Lambda$1316/0x0000000100a4d140@528cc85a
?[0m?[0;34m?[2m2023-08-22T13:43:43.952+02:00?[0;39m ?[32mDEBUG?[0;39m ?[35m18216?[0;39m ?[2m---?[0;39m ?[2m[io-28852-exec-7]?[0;39m ?[36mo.s.security.web.FilterChainProxy       ?[0;39m ?[2m:?[0;39m Secured POST /error
?[0m?[0;34m?[2m2023-08-22T13:43:43.952+02:00?[0;39m ?[32mTRACE?[0;39m ?[35m18216?[0;39m ?[2m---?[0;39m ?[2m[io-28852-exec-7]?[0;39m ?[36m.s.s.w.c.SupplierDeferredSecurityContext?[0;39m ?[2m:?[0;39m Created SecurityContextImpl [Null authentication]
?[0m?[0;34m?[2m2023-08-22T13:43:43.953+02:00?[0;39m ?[32mTRACE?[0;39m ?[35m18216?[0;39m ?[2m---?[0;39m ?[2m[io-28852-exec-7]?[0;39m ?[36mo.s.s.w.a.AnonymousAuthenticationFilter ?[0;39m ?[2m:?[0;39m Set SecurityContextHolder to AnonymousAuthenticationToken [Principal=anonymousUser, Credentials=[PROTECTED], Authenticated=true, Details=WebAuthenticationDetails [RemoteIpAddress=127.0.0.1, SessionId=null], Granted Authorities=[ROLE_ANONYMOUS]]
?[0m?[0;34m?[2m2023-08-22T13:43:43.960+02:00?[0;39m ?[32mTRACE?[0;39m ?[35m18216?[0;39m ?[2m---?[0;39m ?[2m[io-28852-exec-8]?[0;39m ?[36mo.s.security.web.FilterChainProxy       ?[0;39m ?[2m:?[0;39m Trying to match request against DefaultSecurityFilterChain [RequestMatcher=any request, Filters=[org.springframework.security.web.session.DisableEncodeUrlFilter@5d51203b, org.springframework.security.web.context.request.async.WebAsyncManagerIntegrationFilter@32be672d, org.springframework.security.web.context.SecurityContextHolderFilter@74f54f8e, org.springframework.security.web.header.HeaderWriterFilter@157ff8f8, org.springframework.security.web.authentication.logout.LogoutFilter@72364a40, org.springframework.security.web.authentication.www.BasicAuthenticationFilter@a23b96b, org.springframework.security.web.savedrequest.RequestCacheAwareFilter@59b8a801, org.springframework.security.web.servletapi.SecurityContextHolderAwareRequestFilter@5aa026e9, org.springframework.security.web.authentication.AnonymousAuthenticationFilter@23e54c8a, org.springframework.security.web.session.SessionManagementFilter@79e3f444, org.springframework.security.web.access.ExceptionTranslationFilter@17a756db, org.springframework.security.web.access.intercept.AuthorizationFilter@55e75ce0]] (1/1)
?[0m?[0;34m?[2m2023-08-22T13:43:43.961+02:00?[0;39m ?[32mDEBUG?[0;39m ?[35m18216?[0;39m ?[2m---?[0;39m ?[2m[io-28852-exec-8]?[0;39m ?[36mo.s.security.web.FilterChainProxy       ?[0;39m ?[2m:?[0;39m Securing POST /api/auth/signup
?[0m?[0;34m?[2m2023-08-22T13:43:43.961+02:00?[0;39m ?[32mTRACE?[0;39m ?[35m18216?[0;39m ?[2m---?[0;39m ?[2m[io-28852-exec-8]?[0;39m ?[36mo.s.security.web.FilterChainProxy       ?[0;39m ?[2m:?[0;39m Invoking DisableEncodeUrlFilter (1/12)
?[0m?[0;34m?[2m2023-08-22T13:43:43.961+02:00?[0;39m ?[32mTRACE?[0;39m ?[35m18216?[0;39m ?[2m---?[0;39m ?[2m[io-28852-exec-8]?[0;39m ?[36mo.s.security.web.FilterChainProxy       ?[0;39m ?[2m:?[0;39m Invoking WebAsyncManagerIntegrationFilter (2/12)
?[0m?[0;34m?[2m2023-08-22T13:43:43.961+02:00?[0;39m ?[32mTRACE?[0;39m ?[35m18216?[0;39m ?[2m---?[0;39m ?[2m[io-28852-exec-8]?[0;39m ?[36mo.s.security.web.FilterChainProxy       ?[0;39m ?[2m:?[0;39m Invoking SecurityContextHolderFilter (3/12)
?[0m?[0;34m?[2m2023-08-22T13:43:43.961+02:00?[0;39m ?[32mTRACE?[0;39m ?[35m18216?[0;39m ?[2m---?[0;39m ?[2m[io-28852-exec-8]?[0;39m ?[36mo.s.security.web.FilterChainProxy       ?[0;39m ?[2m:?[0;39m Invoking HeaderWriterFilter (4/12)
?[0m?[0;34m?[2m2023-08-22T13:43:43.961+02:00?[0;39m ?[32mTRACE?[0;39m ?[35m18216?[0;39m ?[2m---?[0;39m ?[2m[io-28852-exec-8]?[0;39m ?[36mo.s.security.web.FilterChainProxy       ?[0;39m ?[2m:?[0;39m Invoking LogoutFilter (5/12)
?[0m?[0;34m?[2m2023-08-22T13:43:43.961+02:00?[0;39m ?[32mTRACE?[0;39m ?[35m18216?[0;39m ?[2m---?[0;39m ?[2m[io-28852-exec-8]?[0;39m ?[36mo.s.s.w.a.logout.LogoutFilter           ?[0;39m ?[2m:?[0;39m Did not match request to Or [Ant [pattern='/logout', GET], Ant [pattern='/logout', POST], Ant [pattern='/logout', PUT], Ant [pattern='/logout', DELETE]]
?[0m?[0;34m?[2m2023-08-22T13:43:43.961+02:00?[0;39m ?[32mTRACE?[0;39m ?[35m18216?[0;39m ?[2m---?[0;39m ?[2m[io-28852-exec-8]?[0;39m ?[36mo.s.security.web.FilterChainProxy       ?[0;39m ?[2m:?[0;39m Invoking BasicAuthenticationFilter (6/12)
?[0m?[0;34m?[2m2023-08-22T13:43:43.961+02:00?[0;39m ?[32mTRACE?[0;39m ?[35m18216?[0;39m ?[2m---?[0;39m ?[2m[io-28852-exec-8]?[0;39m ?[36mo.s.s.w.a.www.BasicAuthenticationFilter ?[0;39m ?[2m:?[0;39m Did not process authentication request since failed to find username and password in Basic Authorization header
?[0m?[0;34m?[2m2023-08-22T13:43:43.961+02:00?[0;39m ?[32mTRACE?[0;39m ?[35m18216?[0;39m ?[2m---?[0;39m ?[2m[io-28852-exec-8]?[0;39m ?[36mo.s.security.web.FilterChainProxy       ?[0;39m ?[2m:?[0;39m Invoking RequestCacheAwareFilter (7/12)
?[0m?[0;34m?[2m2023-08-22T13:43:43.961+02:00?[0;39m ?[32mTRACE?[0;39m ?[35m18216?[0;39m ?[2m---?[0;39m ?[2m[io-28852-exec-8]?[0;39m ?[36mo.s.security.web.FilterChainProxy       ?[0;39m ?[2m:?[0;39m Invoking SecurityContextHolderAwareRequestFilter (8/12)
?[0m?[0;34m?[2m2023-08-22T13:43:43.961+02:00?[0;39m ?[32mTRACE?[0;39m ?[35m18216?[0;39m ?[2m---?[0;39m ?[2m[io-28852-exec-8]?[0;39m ?[36mo.s.security.web.FilterChainProxy       ?[0;39m ?[2m:?[0;39m Invoking AnonymousAuthenticationFilter (9/12)
?[0m?[0;34m?[2m2023-08-22T13:43:43.961+02:00?[0;39m ?[32mTRACE?[0;39m ?[35m18216?[0;39m ?[2m---?[0;39m ?[2m[io-28852-exec-8]?[0;39m ?[36mo.s.security.web.FilterChainProxy       ?[0;39m ?[2m:?[0;39m Invoking SessionManagementFilter (10/12)
?[0m?[0;34m?[2m2023-08-22T13:43:43.961+02:00?[0;39m ?[32mTRACE?[0;39m ?[35m18216?[0;39m ?[2m---?[0;39m ?[2m[io-28852-exec-8]?[0;39m ?[36m.s.s.w.c.SupplierDeferredSecurityContext?[0;39m ?[2m:?[0;39m Created SecurityContextImpl [Null authentication]
?[0m?[0;34m?[2m2023-08-22T13:43:43.962+02:00?[0;39m ?[32mTRACE?[0;39m ?[35m18216?[0;39m ?[2m---?[0;39m ?[2m[io-28852-exec-8]?[0;39m ?[36mo.s.s.w.a.AnonymousAuthenticationFilter ?[0;39m ?[2m:?[0;39m Set SecurityContextHolder to AnonymousAuthenticationToken [Principal=anonymousUser, Credentials=[PROTECTED], Authenticated=true, Details=WebAuthenticationDetails [RemoteIpAddress=127.0.0.1, SessionId=null], Granted Authorities=[ROLE_ANONYMOUS]]
?[0m?[0;34m?[2m2023-08-22T13:43:43.962+02:00?[0;39m ?[32mTRACE?[0;39m ?[35m18216?[0;39m ?[2m---?[0;39m ?[2m[io-28852-exec-8]?[0;39m ?[36mo.s.security.web.FilterChainProxy       ?[0;39m ?[2m:?[0;39m Invoking ExceptionTranslationFilter (11/12)
?[0m?[0;34m?[2m2023-08-22T13:43:43.962+02:00?[0;39m ?[32mTRACE?[0;39m ?[35m18216?[0;39m ?[2m---?[0;39m ?[2m[io-28852-exec-8]?[0;39m ?[36mo.s.security.web.FilterChainProxy       ?[0;39m ?[2m:?[0;39m Invoking AuthorizationFilter (12/12)
?[0m?[0;34m?[2m2023-08-22T13:43:43.962+02:00?[0;39m ?[32mTRACE?[0;39m ?[35m18216?[0;39m ?[2m---?[0;39m ?[2m[io-28852-exec-8]?[0;39m ?[36mestMatcherDelegatingAuthorizationManager?[0;39m ?[2m:?[0;39m Authorizing SecurityContextHolderAwareRequestWrapper[ org.springframework.security.web.header.HeaderWriterFilter$HeaderWriterRequest@69421e86]
?[0m?[0;34m?[2m2023-08-22T13:43:43.962+02:00?[0;39m ?[32mTRACE?[0;39m ?[35m18216?[0;39m ?[2m---?[0;39m ?[2m[io-28852-exec-8]?[0;39m ?[36mestMatcherDelegatingAuthorizationManager?[0;39m ?[2m:?[0;39m Checking authorization on SecurityContextHolderAwareRequestWrapper[ org.springframework.security.web.header.HeaderWriterFilter$HeaderWriterRequest@69421e86] using org.springframework.security.config.annotation.web.configurers.AuthorizeHttpRequestsConfigurer$$Lambda$1316/0x0000000100a4d140@528cc85a
?[0m?[0;34m?[2m2023-08-22T13:43:43.963+02:00?[0;39m ?[32mDEBUG?[0;39m ?[35m18216?[0;39m ?[2m---?[0;39m ?[2m[io-28852-exec-8]?[0;39m ?[36mo.s.security.web.FilterChainProxy       ?[0;39m ?[2m:?[0;39m Secured POST /api/auth/signup
?[0m?[0;34mHibernate: select u1_0.id from users u1_0 where upper(u1_0.email)=upper(?) fetch first ? rows only
?[0m?[0;34m?[2m2023-08-22T13:43:43.967+02:00?[0;39m ?[32mTRACE?[0;39m ?[35m18216?[0;39m ?[2m---?[0;39m ?[2m[io-28852-exec-8]?[0;39m ?[36mo.s.s.w.header.writers.HstsHeaderWriter ?[0;39m ?[2m:?[0;39m Not injecting HSTS header since it did not match request to [Is Secure]
?[0m?[0;34m?[2m2023-08-22T13:43:43.968+02:00?[0;39m ?[32mTRACE?[0;39m ?[35m18216?[0;39m ?[2m---?[0;39m ?[2m[io-28852-exec-8]?[0;39m ?[36mo.s.security.web.FilterChainProxy       ?[0;39m ?[2m:?[0;39m Trying to match request against DefaultSecurityFilterChain [RequestMatcher=any request, Filters=[org.springframework.security.web.session.DisableEncodeUrlFilter@5d51203b, org.springframework.security.web.context.request.async.WebAsyncManagerIntegrationFilter@32be672d, org.springframework.security.web.context.SecurityContextHolderFilter@74f54f8e, org.springframework.security.web.header.HeaderWriterFilter@157ff8f8, org.springframework.security.web.authentication.logout.LogoutFilter@72364a40, org.springframework.security.web.authentication.www.BasicAuthenticationFilter@a23b96b, org.springframework.security.web.savedrequest.RequestCacheAwareFilter@59b8a801, org.springframework.security.web.servletapi.SecurityContextHolderAwareRequestFilter@5aa026e9, org.springframework.security.web.authentication.AnonymousAuthenticationFilter@23e54c8a, org.springframework.security.web.session.SessionManagementFilter@79e3f444, org.springframework.security.web.access.ExceptionTranslationFilter@17a756db, org.springframework.security.web.access.intercept.AuthorizationFilter@55e75ce0]] (1/1)
?[0m?[0;34m?[2m2023-08-22T13:43:43.968+02:00?[0;39m ?[32mDEBUG?[0;39m ?[35m18216?[0;39m ?[2m---?[0;39m ?[2m[io-28852-exec-8]?[0;39m ?[36mo.s.security.web.FilterChainProxy       ?[0;39m ?[2m:?[0;39m Securing POST /error
?[0m?[0;34m?[2m2023-08-22T13:43:43.968+02:00?[0;39m ?[32mTRACE?[0;39m ?[35m18216?[0;39m ?[2m---?[0;39m ?[2m[io-28852-exec-8]?[0;39m ?[36mo.s.security.web.FilterChainProxy       ?[0;39m ?[2m:?[0;39m Invoking DisableEncodeUrlFilter (1/12)
?[0m?[0;34m?[2m2023-08-22T13:43:43.968+02:00?[0;39m ?[32mTRACE?[0;39m ?[35m18216?[0;39m ?[2m---?[0;39m ?[2m[io-28852-exec-8]?[0;39m ?[36mo.s.security.web.FilterChainProxy       ?[0;39m ?[2m:?[0;39m Invoking WebAsyncManagerIntegrationFilter (2/12)
?[0m?[0;34m?[2m2023-08-22T13:43:43.968+02:00?[0;39m ?[32mTRACE?[0;39m ?[35m18216?[0;39m ?[2m---?[0;39m ?[2m[io-28852-exec-8]?[0;39m ?[36mo.s.security.web.FilterChainProxy       ?[0;39m ?[2m:?[0;39m Invoking SecurityContextHolderFilter (3/12)
?[0m?[0;34m?[2m2023-08-22T13:43:43.968+02:00?[0;39m ?[32mTRACE?[0;39m ?[35m18216?[0;39m ?[2m---?[0;39m ?[2m[io-28852-exec-8]?[0;39m ?[36mo.s.security.web.FilterChainProxy       ?[0;39m ?[2m:?[0;39m Invoking HeaderWriterFilter (4/12)
?[0m?[0;34m?[2m2023-08-22T13:43:43.968+02:00?[0;39m ?[32mTRACE?[0;39m ?[35m18216?[0;39m ?[2m---?[0;39m ?[2m[io-28852-exec-8]?[0;39m ?[36mo.s.security.web.FilterChainProxy       ?[0;39m ?[2m:?[0;39m Invoking LogoutFilter (5/12)
?[0m?[0;34m?[2m2023-08-22T13:43:43.969+02:00?[0;39m ?[32mTRACE?[0;39m ?[35m18216?[0;39m ?[2m---?[0;39m ?[2m[io-28852-exec-8]?[0;39m ?[36mo.s.s.w.a.logout.LogoutFilter           ?[0;39m ?[2m:?[0;39m Did not match request to Or [Ant [pattern='/logout', GET], Ant [pattern='/logout', POST], Ant [pattern='/logout', PUT], Ant [pattern='/logout', DELETE]]
?[0m?[0;34m?[2m2023-08-22T13:43:43.969+02:00?[0;39m ?[32mTRACE?[0;39m ?[35m18216?[0;39m ?[2m---?[0;39m ?[2m[io-28852-exec-8]?[0;39m ?[36mo.s.security.web.FilterChainProxy       ?[0;39m ?[2m:?[0;39m Invoking BasicAuthenticationFilter (6/12)
?[0m?[0;34m?[2m2023-08-22T13:43:43.969+02:00?[0;39m ?[32mTRACE?[0;39m ?[35m18216?[0;39m ?[2m---?[0;39m ?[2m[io-28852-exec-8]?[0;39m ?[36mo.s.security.web.FilterChainProxy       ?[0;39m ?[2m:?[0;39m Invoking RequestCacheAwareFilter (7/12)
?[0m?[0;34m?[2m2023-08-22T13:43:43.969+02:00?[0;39m ?[32mTRACE?[0;39m ?[35m18216?[0;39m ?[2m---?[0;39m ?[2m[io-28852-exec-8]?[0;39m ?[36mo.s.security.web.FilterChainProxy       ?[0;39m ?[2m:?[0;39m Invoking SecurityContextHolderAwareRequestFilter (8/12)
?[0m?[0;34m?[2m2023-08-22T13:43:43.969+02:00?[0;39m ?[32mTRACE?[0;39m ?[35m18216?[0;39m ?[2m---?[0;39m ?[2m[io-28852-exec-8]?[0;39m ?[36mo.s.security.web.FilterChainProxy       ?[0;39m ?[2m:?[0;39m Invoking AnonymousAuthenticationFilter (9/12)
?[0m?[0;34m?[2m2023-08-22T13:43:43.969+02:00?[0;39m ?[32mTRACE?[0;39m ?[35m18216?[0;39m ?[2m---?[0;39m ?[2m[io-28852-exec-8]?[0;39m ?[36mo.s.security.web.FilterChainProxy       ?[0;39m ?[2m:?[0;39m Invoking SessionManagementFilter (10/12)
?[0m?[0;34m?[2m2023-08-22T13:43:43.969+02:00?[0;39m ?[32mTRACE?[0;39m ?[35m18216?[0;39m ?[2m---?[0;39m ?[2m[io-28852-exec-8]?[0;39m ?[36mo.s.security.web.FilterChainProxy       ?[0;39m ?[2m:?[0;39m Invoking ExceptionTranslationFilter (11/12)
?[0m?[0;34m?[2m2023-08-22T13:43:43.969+02:00?[0;39m ?[32mTRACE?[0;39m ?[35m18216?[0;39m ?[2m---?[0;39m ?[2m[io-28852-exec-8]?[0;39m ?[36mo.s.security.web.FilterChainProxy       ?[0;39m ?[2m:?[0;39m Invoking AuthorizationFilter (12/12)
?[0m?[0;34m?[2m2023-08-22T13:43:43.969+02:00?[0;39m ?[32mTRACE?[0;39m ?[35m18216?[0;39m ?[2m---?[0;39m ?[2m[io-28852-exec-8]?[0;39m ?[36mestMatcherDelegatingAuthorizationManager?[0;39m ?[2m:?[0;39m Authorizing SecurityContextHolderAwareRequestWrapper[ FirewalledRequest[ org.apache.catalina.core.ApplicationHttpRequest@1db1ff25]]
?[0m?[0;34m?[2m2023-08-22T13:43:43.969+02:00?[0;39m ?[32mTRACE?[0;39m ?[35m18216?[0;39m ?[2m---?[0;39m ?[2m[io-28852-exec-8]?[0;39m ?[36mestMatcherDelegatingAuthorizationManager?[0;39m ?[2m:?[0;39m Checking authorization on SecurityContextHolderAwareRequestWrapper[ FirewalledRequest[ org.apache.catalina.core.ApplicationHttpRequest@1db1ff25]] using org.springframework.security.config.annotation.web.configurers.AuthorizeHttpRequestsConfigurer$$Lambda$1316/0x0000000100a4d140@528cc85a
?[0m?[0;34m?[2m2023-08-22T13:43:43.970+02:00?[0;39m ?[32mDEBUG?[0;39m ?[35m18216?[0;39m ?[2m---?[0;39m ?[2m[io-28852-exec-8]?[0;39m ?[36mo.s.security.web.FilterChainProxy       ?[0;39m ?[2m:?[0;39m Secured POST /error
?[0m?[0;34m?[2m2023-08-22T13:43:43.970+02:00?[0;39m ?[32mTRACE?[0;39m ?[35m18216?[0;39m ?[2m---?[0;39m ?[2m[io-28852-exec-8]?[0;39m ?[36m.s.s.w.c.SupplierDeferredSecurityContext?[0;39m ?[2m:?[0;39m Created SecurityContextImpl [Null authentication]
?[0m?[0;34m?[2m2023-08-22T13:43:43.970+02:00?[0;39m ?[32mTRACE?[0;39m ?[35m18216?[0;39m ?[2m---?[0;39m ?[2m[io-28852-exec-8]?[0;39m ?[36mo.s.s.w.a.AnonymousAuthenticationFilter ?[0;39m ?[2m:?[0;39m Set SecurityContextHolder to AnonymousAuthenticationToken [Principal=anonymousUser, Credentials=[PROTECTED], Authenticated=true, Details=WebAuthenticationDetails [RemoteIpAddress=127.0.0.1, SessionId=null], Granted Authorities=[ROLE_ANONYMOUS]]
?[0m?[0;34m?[2m2023-08-22T13:43:43.979+02:00?[0;39m ?[32mTRACE?[0;39m ?[35m18216?[0;39m ?[2m---?[0;39m ?[2m[io-28852-exec-9]?[0;39m ?[36mo.s.security.web.FilterChainProxy       ?[0;39m ?[2m:?[0;39m Trying to match request against DefaultSecurityFilterChain [RequestMatcher=any request, Filters=[org.springframework.security.web.session.DisableEncodeUrlFilter@5d51203b, org.springframework.security.web.context.request.async.WebAsyncManagerIntegrationFilter@32be672d, org.springframework.security.web.context.SecurityContextHolderFilter@74f54f8e, org.springframework.security.web.header.HeaderWriterFilter@157ff8f8, org.springframework.security.web.authentication.logout.LogoutFilter@72364a40, org.springframework.security.web.authentication.www.BasicAuthenticationFilter@a23b96b, org.springframework.security.web.savedrequest.RequestCacheAwareFilter@59b8a801, org.springframework.security.web.servletapi.SecurityContextHolderAwareRequestFilter@5aa026e9, org.springframework.security.web.authentication.AnonymousAuthenticationFilter@23e54c8a, org.springframework.security.web.session.SessionManagementFilter@79e3f444, org.springframework.security.web.access.ExceptionTranslationFilter@17a756db, org.springframework.security.web.access.intercept.AuthorizationFilter@55e75ce0]] (1/1)
?[0m?[0;34m?[2m2023-08-22T13:43:43.979+02:00?[0;39m ?[32mDEBUG?[0;39m ?[35m18216?[0;39m ?[2m---?[0;39m ?[2m[io-28852-exec-9]?[0;39m ?[36mo.s.security.web.FilterChainProxy       ?[0;39m ?[2m:?[0;39m Securing POST /api/auth/signup
?[0m?[0;34m?[2m2023-08-22T13:43:43.979+02:00?[0;39m ?[32mTRACE?[0;39m ?[35m18216?[0;39m ?[2m---?[0;39m ?[2m[io-28852-exec-9]?[0;39m ?[36mo.s.security.web.FilterChainProxy       ?[0;39m ?[2m:?[0;39m Invoking DisableEncodeUrlFilter (1/12)
?[0m?[0;34m?[2m2023-08-22T13:43:43.979+02:00?[0;39m ?[32mTRACE?[0;39m ?[35m18216?[0;39m ?[2m---?[0;39m ?[2m[io-28852-exec-9]?[0;39m ?[36mo.s.security.web.FilterChainProxy       ?[0;39m ?[2m:?[0;39m Invoking WebAsyncManagerIntegrationFilter (2/12)
?[0m?[0;34m?[2m2023-08-22T13:43:43.980+02:00?[0;39m ?[32mTRACE?[0;39m ?[35m18216?[0;39m ?[2m---?[0;39m ?[2m[io-28852-exec-9]?[0;39m ?[36mo.s.security.web.FilterChainProxy       ?[0;39m ?[2m:?[0;39m Invoking SecurityContextHolderFilter (3/12)
?[0m?[0;34m?[2m2023-08-22T13:43:43.980+02:00?[0;39m ?[32mTRACE?[0;39m ?[35m18216?[0;39m ?[2m---?[0;39m ?[2m[io-28852-exec-9]?[0;39m ?[36mo.s.security.web.FilterChainProxy       ?[0;39m ?[2m:?[0;39m Invoking HeaderWriterFilter (4/12)
?[0m?[0;34m?[2m2023-08-22T13:43:43.980+02:00?[0;39m ?[32mTRACE?[0;39m ?[35m18216?[0;39m ?[2m---?[0;39m ?[2m[io-28852-exec-9]?[0;39m ?[36mo.s.security.web.FilterChainProxy       ?[0;39m ?[2m:?[0;39m Invoking LogoutFilter (5/12)
?[0m?[0;34m?[2m2023-08-22T13:43:43.980+02:00?[0;39m ?[32mTRACE?[0;39m ?[35m18216?[0;39m ?[2m---?[0;39m ?[2m[io-28852-exec-9]?[0;39m ?[36mo.s.s.w.a.logout.LogoutFilter           ?[0;39m ?[2m:?[0;39m Did not match request to Or [Ant [pattern='/logout', GET], Ant [pattern='/logout', POST], Ant [pattern='/logout', PUT], Ant [pattern='/logout', DELETE]]
?[0m?[0;34m?[2m2023-08-22T13:43:43.980+02:00?[0;39m ?[32mTRACE?[0;39m ?[35m18216?[0;39m ?[2m---?[0;39m ?[2m[io-28852-exec-9]?[0;39m ?[36mo.s.security.web.FilterChainProxy       ?[0;39m ?[2m:?[0;39m Invoking BasicAuthenticationFilter (6/12)
?[0m?[0;34m?[2m2023-08-22T13:43:43.980+02:00?[0;39m ?[32mTRACE?[0;39m ?[35m18216?[0;39m ?[2m---?[0;39m ?[2m[io-28852-exec-9]?[0;39m ?[36mo.s.s.w.a.www.BasicAuthenticationFilter ?[0;39m ?[2m:?[0;39m Did not process authentication request since failed to find username and password in Basic Authorization header
?[0m?[0;34m?[2m2023-08-22T13:43:43.980+02:00?[0;39m ?[32mTRACE?[0;39m ?[35m18216?[0;39m ?[2m---?[0;39m ?[2m[io-28852-exec-9]?[0;39m ?[36mo.s.security.web.FilterChainProxy       ?[0;39m ?[2m:?[0;39m Invoking RequestCacheAwareFilter (7/12)
?[0m?[0;34m?[2m2023-08-22T13:43:43.980+02:00?[0;39m ?[32mTRACE?[0;39m ?[35m18216?[0;39m ?[2m---?[0;39m ?[2m[io-28852-exec-9]?[0;39m ?[36mo.s.security.web.FilterChainProxy       ?[0;39m ?[2m:?[0;39m Invoking SecurityContextHolderAwareRequestFilter (8/12)
?[0m?[0;34m?[2m2023-08-22T13:43:43.980+02:00?[0;39m ?[32mTRACE?[0;39m ?[35m18216?[0;39m ?[2m---?[0;39m ?[2m[io-28852-exec-9]?[0;39m ?[36mo.s.security.web.FilterChainProxy       ?[0;39m ?[2m:?[0;39m Invoking AnonymousAuthenticationFilter (9/12)
?[0m?[0;34m?[2m2023-08-22T13:43:43.980+02:00?[0;39m ?[32mTRACE?[0;39m ?[35m18216?[0;39m ?[2m---?[0;39m ?[2m[io-28852-exec-9]?[0;39m ?[36mo.s.security.web.FilterChainProxy       ?[0;39m ?[2m:?[0;39m Invoking SessionManagementFilter (10/12)
?[0m?[0;34m?[2m2023-08-22T13:43:43.980+02:00?[0;39m ?[32mTRACE?[0;39m ?[35m18216?[0;39m ?[2m---?[0;39m ?[2m[io-28852-exec-9]?[0;39m ?[36m.s.s.w.c.SupplierDeferredSecurityContext?[0;39m ?[2m:?[0;39m Created SecurityContextImpl [Null authentication]
?[0m?[0;34m?[2m2023-08-22T13:43:43.980+02:00?[0;39m ?[32mTRACE?[0;39m ?[35m18216?[0;39m ?[2m---?[0;39m ?[2m[io-28852-exec-9]?[0;39m ?[36mo.s.s.w.a.AnonymousAuthenticationFilter ?[0;39m ?[2m:?[0;39m Set SecurityContextHolder to AnonymousAuthenticationToken [Principal=anonymousUser, Credentials=[PROTECTED], Authenticated=true, Details=WebAuthenticationDetails [RemoteIpAddress=127.0.0.1, SessionId=null], Granted Authorities=[ROLE_ANONYMOUS]]
?[0m?[0;34m?[2m2023-08-22T13:43:43.980+02:00?[0;39m ?[32mTRACE?[0;39m ?[35m18216?[0;39m ?[2m---?[0;39m ?[2m[io-28852-exec-9]?[0;39m ?[36mo.s.security.web.FilterChainProxy       ?[0;39m ?[2m:?[0;39m Invoking ExceptionTranslationFilter (11/12)
?[0m?[0;34m?[2m2023-08-22T13:43:43.981+02:00?[0;39m ?[32mTRACE?[0;39m ?[35m18216?[0;39m ?[2m---?[0;39m ?[2m[io-28852-exec-9]?[0;39m ?[36mo.s.security.web.FilterChainProxy       ?[0;39m ?[2m:?[0;39m Invoking AuthorizationFilter (12/12)
?[0m?[0;34m?[2m2023-08-22T13:43:43.981+02:00?[0;39m ?[32mTRACE?[0;39m ?[35m18216?[0;39m ?[2m---?[0;39m ?[2m[io-28852-exec-9]?[0;39m ?[36mestMatcherDelegatingAuthorizationManager?[0;39m ?[2m:?[0;39m Authorizing SecurityContextHolderAwareRequestWrapper[ org.springframework.security.web.header.HeaderWriterFilter$HeaderWriterRequest@4c728802]
?[0m?[0;34m?[2m2023-08-22T13:43:43.982+02:00?[0;39m ?[32mTRACE?[0;39m ?[35m18216?[0;39m ?[2m---?[0;39m ?[2m[io-28852-exec-9]?[0;39m ?[36mestMatcherDelegatingAuthorizationManager?[0;39m ?[2m:?[0;39m Checking authorization on SecurityContextHolderAwareRequestWrapper[ org.springframework.security.web.header.HeaderWriterFilter$HeaderWriterRequest@4c728802] using org.springframework.security.config.annotation.web.configurers.AuthorizeHttpRequestsConfigurer$$Lambda$1316/0x0000000100a4d140@528cc85a
?[0m?[0;34m?[2m2023-08-22T13:43:43.982+02:00?[0;39m ?[32mDEBUG?[0;39m ?[35m18216?[0;39m ?[2m---?[0;39m ?[2m[io-28852-exec-9]?[0;39m ?[36mo.s.security.web.FilterChainProxy       ?[0;39m ?[2m:?[0;39m Secured POST /api/auth/signup
?[0m?[0;34mHibernate: select u1_0.id from users u1_0 where upper(u1_0.email)=upper(?) fetch first ? rows only
?[0m?[0;34m?[2m2023-08-22T13:43:43.986+02:00?[0;39m ?[32mTRACE?[0;39m ?[35m18216?[0;39m ?[2m---?[0;39m ?[2m[io-28852-exec-9]?[0;39m ?[36mo.s.s.w.header.writers.HstsHeaderWriter ?[0;39m ?[2m:?[0;39m Not injecting HSTS header since it did not match request to [Is Secure]
?[0m?[0;34m?[2m2023-08-22T13:43:43.988+02:00?[0;39m ?[32mTRACE?[0;39m ?[35m18216?[0;39m ?[2m---?[0;39m ?[2m[io-28852-exec-9]?[0;39m ?[36mo.s.security.web.FilterChainProxy       ?[0;39m ?[2m:?[0;39m Trying to match request against DefaultSecurityFilterChain [RequestMatcher=any request, Filters=[org.springframework.security.web.session.DisableEncodeUrlFilter@5d51203b, org.springframework.security.web.context.request.async.WebAsyncManagerIntegrationFilter@32be672d, org.springframework.security.web.context.SecurityContextHolderFilter@74f54f8e, org.springframework.security.web.header.HeaderWriterFilter@157ff8f8, org.springframework.security.web.authentication.logout.LogoutFilter@72364a40, org.springframework.security.web.authentication.www.BasicAuthenticationFilter@a23b96b, org.springframework.security.web.savedrequest.RequestCacheAwareFilter@59b8a801, org.springframework.security.web.servletapi.SecurityContextHolderAwareRequestFilter@5aa026e9, org.springframework.security.web.authentication.AnonymousAuthenticationFilter@23e54c8a, org.springframework.security.web.session.SessionManagementFilter@79e3f444, org.springframework.security.web.access.ExceptionTranslationFilter@17a756db, org.springframework.security.web.access.intercept.AuthorizationFilter@55e75ce0]] (1/1)
?[0m?[0;34m?[2m2023-08-22T13:43:43.988+02:00?[0;39m ?[32mDEBUG?[0;39m ?[35m18216?[0;39m ?[2m---?[0;39m ?[2m[io-28852-exec-9]?[0;39m ?[36mo.s.security.web.FilterChainProxy       ?[0;39m ?[2m:?[0;39m Securing POST /error
?[0m?[0;34m?[2m2023-08-22T13:43:43.988+02:00?[0;39m ?[32mTRACE?[0;39m ?[35m18216?[0;39m ?[2m---?[0;39m ?[2m[io-28852-exec-9]?[0;39m ?[36mo.s.security.web.FilterChainProxy       ?[0;39m ?[2m:?[0;39m Invoking DisableEncodeUrlFilter (1/12)
?[0m?[0;34m?[2m2023-08-22T13:43:43.988+02:00?[0;39m ?[32mTRACE?[0;39m ?[35m18216?[0;39m ?[2m---?[0;39m ?[2m[io-28852-exec-9]?[0;39m ?[36mo.s.security.web.FilterChainProxy       ?[0;39m ?[2m:?[0;39m Invoking WebAsyncManagerIntegrationFilter (2/12)
?[0m?[0;34m?[2m2023-08-22T13:43:43.988+02:00?[0;39m ?[32mTRACE?[0;39m ?[35m18216?[0;39m ?[2m---?[0;39m ?[2m[io-28852-exec-9]?[0;39m ?[36mo.s.security.web.FilterChainProxy       ?[0;39m ?[2m:?[0;39m Invoking SecurityContextHolderFilter (3/12)
?[0m?[0;34m?[2m2023-08-22T13:43:43.988+02:00?[0;39m ?[32mTRACE?[0;39m ?[35m18216?[0;39m ?[2m---?[0;39m ?[2m[io-28852-exec-9]?[0;39m ?[36mo.s.security.web.FilterChainProxy       ?[0;39m ?[2m:?[0;39m Invoking HeaderWriterFilter (4/12)
?[0m?[0;34m?[2m2023-08-22T13:43:43.988+02:00?[0;39m ?[32mTRACE?[0;39m ?[35m18216?[0;39m ?[2m---?[0;39m ?[2m[io-28852-exec-9]?[0;39m ?[36mo.s.security.web.FilterChainProxy       ?[0;39m ?[2m:?[0;39m Invoking LogoutFilter (5/12)
?[0m?[0;34m?[2m2023-08-22T13:43:43.988+02:00?[0;39m ?[32mTRACE?[0;39m ?[35m18216?[0;39m ?[2m---?[0;39m ?[2m[io-28852-exec-9]?[0;39m ?[36mo.s.s.w.a.logout.LogoutFilter           ?[0;39m ?[2m:?[0;39m Did not match request to Or [Ant [pattern='/logout', GET], Ant [pattern='/logout', POST], Ant [pattern='/logout', PUT], Ant [pattern='/logout', DELETE]]
?[0m?[0;34m?[2m2023-08-22T13:43:43.988+02:00?[0;39m ?[32mTRACE?[0;39m ?[35m18216?[0;39m ?[2m---?[0;39m ?[2m[io-28852-exec-9]?[0;39m ?[36mo.s.security.web.FilterChainProxy       ?[0;39m ?[2m:?[0;39m Invoking BasicAuthenticationFilter (6/12)
?[0m?[0;34m?[2m2023-08-22T13:43:43.988+02:00?[0;39m ?[32mTRACE?[0;39m ?[35m18216?[0;39m ?[2m---?[0;39m ?[2m[io-28852-exec-9]?[0;39m ?[36mo.s.security.web.FilterChainProxy       ?[0;39m ?[2m:?[0;39m Invoking RequestCacheAwareFilter (7/12)
?[0m?[0;34m?[2m2023-08-22T13:43:43.988+02:00?[0;39m ?[32mTRACE?[0;39m ?[35m18216?[0;39m ?[2m---?[0;39m ?[2m[io-28852-exec-9]?[0;39m ?[36mo.s.security.web.FilterChainProxy       ?[0;39m ?[2m:?[0;39m Invoking SecurityContextHolderAwareRequestFilter (8/12)
?[0m?[0;34m?[2m2023-08-22T13:43:43.989+02:00?[0;39m ?[32mTRACE?[0;39m ?[35m18216?[0;39m ?[2m---?[0;39m ?[2m[io-28852-exec-9]?[0;39m ?[36mo.s.security.web.FilterChainProxy       ?[0;39m ?[2m:?[0;39m Invoking AnonymousAuthenticationFilter (9/12)
?[0m?[0;34m?[2m2023-08-22T13:43:43.989+02:00?[0;39m ?[32mTRACE?[0;39m ?[35m18216?[0;39m ?[2m---?[0;39m ?[2m[io-28852-exec-9]?[0;39m ?[36mo.s.security.web.FilterChainProxy       ?[0;39m ?[2m:?[0;39m Invoking SessionManagementFilter (10/12)
?[0m?[0;34m?[2m2023-08-22T13:43:43.989+02:00?[0;39m ?[32mTRACE?[0;39m ?[35m18216?[0;39m ?[2m---?[0;39m ?[2m[io-28852-exec-9]?[0;39m ?[36mo.s.security.web.FilterChainProxy       ?[0;39m ?[2m:?[0;39m Invoking ExceptionTranslationFilter (11/12)
?[0m?[0;34m?[2m2023-08-22T13:43:43.989+02:00?[0;39m ?[32mTRACE?[0;39m ?[35m18216?[0;39m ?[2m---?[0;39m ?[2m[io-28852-exec-9]?[0;39m ?[36mo.s.security.web.FilterChainProxy       ?[0;39m ?[2m:?[0;39m Invoking AuthorizationFilter (12/12)
?[0m?[0;34m?[2m2023-08-22T13:43:43.989+02:00?[0;39m ?[32mTRACE?[0;39m ?[35m18216?[0;39m ?[2m---?[0;39m ?[2m[io-28852-exec-9]?[0;39m ?[36mestMatcherDelegatingAuthorizationManager?[0;39m ?[2m:?[0;39m Authorizing SecurityContextHolderAwareRequestWrapper[ FirewalledRequest[ org.apache.catalina.core.ApplicationHttpRequest@22051e55]]
?[0m?[0;34m?[2m2023-08-22T13:43:43.990+02:00?[0;39m ?[32mTRACE?[0;39m ?[35m18216?[0;39m ?[2m---?[0;39m ?[2m[io-28852-exec-9]?[0;39m ?[36mestMatcherDelegatingAuthorizationManager?[0;39m ?[2m:?[0;39m Checking authorization on SecurityContextHolderAwareRequestWrapper[ FirewalledRequest[ org.apache.catalina.core.ApplicationHttpRequest@22051e55]] using org.springframework.security.config.annotation.web.configurers.AuthorizeHttpRequestsConfigurer$$Lambda$1316/0x0000000100a4d140@528cc85a
?[0m?[0;34m?[2m2023-08-22T13:43:43.990+02:00?[0;39m ?[32mDEBUG?[0;39m ?[35m18216?[0;39m ?[2m---?[0;39m ?[2m[io-28852-exec-9]?[0;39m ?[36mo.s.security.web.FilterChainProxy       ?[0;39m ?[2m:?[0;39m Secured POST /error
?[0m?[0;34m?[2m2023-08-22T13:43:43.990+02:00?[0;39m ?[32mTRACE?[0;39m ?[35m18216?[0;39m ?[2m---?[0;39m ?[2m[io-28852-exec-9]?[0;39m ?[36m.s.s.w.c.SupplierDeferredSecurityContext?[0;39m ?[2m:?[0;39m Created SecurityContextImpl [Null authentication]
?[0m?[0;34m?[2m2023-08-22T13:43:43.991+02:00?[0;39m ?[32mTRACE?[0;39m ?[35m18216?[0;39m ?[2m---?[0;39m ?[2m[io-28852-exec-9]?[0;39m ?[36mo.s.s.w.a.AnonymousAuthenticationFilter ?[0;39m ?[2m:?[0;39m Set SecurityContextHolder to AnonymousAuthenticationToken [Principal=anonymousUser, Credentials=[PROTECTED], Authenticated=true, Details=WebAuthenticationDetails [RemoteIpAddress=127.0.0.1, SessionId=null], Granted Authorities=[ROLE_ANONYMOUS]]
?[0m?[0;34m?[2m2023-08-22T13:43:43.999+02:00?[0;39m ?[32mTRACE?[0;39m ?[35m18216?[0;39m ?[2m---?[0;39m ?[2m[o-28852-exec-10]?[0;39m ?[36mo.s.security.web.FilterChainProxy       ?[0;39m ?[2m:?[0;39m Trying to match request against DefaultSecurityFilterChain [RequestMatcher=any request, Filters=[org.springframework.security.web.session.DisableEncodeUrlFilter@5d51203b, org.springframework.security.web.context.request.async.WebAsyncManagerIntegrationFilter@32be672d, org.springframework.security.web.context.SecurityContextHolderFilter@74f54f8e, org.springframework.security.web.header.HeaderWriterFilter@157ff8f8, org.springframework.security.web.authentication.logout.LogoutFilter@72364a40, org.springframework.security.web.authentication.www.BasicAuthenticationFilter@a23b96b, org.springframework.security.web.savedrequest.RequestCacheAwareFilter@59b8a801, org.springframework.security.web.servletapi.SecurityContextHolderAwareRequestFilter@5aa026e9, org.springframework.security.web.authentication.AnonymousAuthenticationFilter@23e54c8a, org.springframework.security.web.session.SessionManagementFilter@79e3f444, org.springframework.security.web.access.ExceptionTranslationFilter@17a756db, org.springframework.security.web.access.intercept.AuthorizationFilter@55e75ce0]] (1/1)
?[0m?[0;34m?[2m2023-08-22T13:43:43.999+02:00?[0;39m ?[32mDEBUG?[0;39m ?[35m18216?[0;39m ?[2m---?[0;39m ?[2m[o-28852-exec-10]?[0;39m ?[36mo.s.security.web.FilterChainProxy       ?[0;39m ?[2m:?[0;39m Securing POST /api/auth/signup
?[0m?[0;34m?[2m2023-08-22T13:43:43.999+02:00?[0;39m ?[32mTRACE?[0;39m ?[35m18216?[0;39m ?[2m---?[0;39m ?[2m[o-28852-exec-10]?[0;39m ?[36mo.s.security.web.FilterChainProxy       ?[0;39m ?[2m:?[0;39m Invoking DisableEncodeUrlFilter (1/12)
?[0m?[0;34m?[2m2023-08-22T13:43:43.999+02:00?[0;39m ?[32mTRACE?[0;39m ?[35m18216?[0;39m ?[2m---?[0;39m ?[2m[o-28852-exec-10]?[0;39m ?[36mo.s.security.web.FilterChainProxy       ?[0;39m ?[2m:?[0;39m Invoking WebAsyncManagerIntegrationFilter (2/12)
?[0m?[0;34m?[2m2023-08-22T13:43:43.999+02:00?[0;39m ?[32mTRACE?[0;39m ?[35m18216?[0;39m ?[2m---?[0;39m ?[2m[o-28852-exec-10]?[0;39m ?[36mo.s.security.web.FilterChainProxy       ?[0;39m ?[2m:?[0;39m Invoking SecurityContextHolderFilter (3/12)
?[0m?[0;34m?[2m2023-08-22T13:43:44.000+02:00?[0;39m ?[32mTRACE?[0;39m ?[35m18216?[0;39m ?[2m---?[0;39m ?[2m[o-28852-exec-10]?[0;39m ?[36mo.s.security.web.FilterChainProxy       ?[0;39m ?[2m:?[0;39m Invoking HeaderWriterFilter (4/12)
?[0m?[0;34m?[2m2023-08-22T13:43:44.000+02:00?[0;39m ?[32mTRACE?[0;39m ?[35m18216?[0;39m ?[2m---?[0;39m ?[2m[o-28852-exec-10]?[0;39m ?[36mo.s.security.web.FilterChainProxy       ?[0;39m ?[2m:?[0;39m Invoking LogoutFilter (5/12)
?[0m?[0;34m?[2m2023-08-22T13:43:44.000+02:00?[0;39m ?[32mTRACE?[0;39m ?[35m18216?[0;39m ?[2m---?[0;39m ?[2m[o-28852-exec-10]?[0;39m ?[36mo.s.s.w.a.logout.LogoutFilter           ?[0;39m ?[2m:?[0;39m Did not match request to Or [Ant [pattern='/logout', GET], Ant [pattern='/logout', POST], Ant [pattern='/logout', PUT], Ant [pattern='/logout', DELETE]]
?[0m?[0;34m?[2m2023-08-22T13:43:44.000+02:00?[0;39m ?[32mTRACE?[0;39m ?[35m18216?[0;39m ?[2m---?[0;39m ?[2m[o-28852-exec-10]?[0;39m ?[36mo.s.security.web.FilterChainProxy       ?[0;39m ?[2m:?[0;39m Invoking BasicAuthenticationFilter (6/12)
?[0m?[0;34m?[2m2023-08-22T13:43:44.000+02:00?[0;39m ?[32mTRACE?[0;39m ?[35m18216?[0;39m ?[2m---?[0;39m ?[2m[o-28852-exec-10]?[0;39m ?[36mo.s.s.w.a.www.BasicAuthenticationFilter ?[0;39m ?[2m:?[0;39m Did not process authentication request since failed to find username and password in Basic Authorization header
?[0m?[0;34m?[2m2023-08-22T13:43:44.000+02:00?[0;39m ?[32mTRACE?[0;39m ?[35m18216?[0;39m ?[2m---?[0;39m ?[2m[o-28852-exec-10]?[0;39m ?[36mo.s.security.web.FilterChainProxy       ?[0;39m ?[2m:?[0;39m Invoking RequestCacheAwareFilter (7/12)
?[0m?[0;34m?[2m2023-08-22T13:43:44.000+02:00?[0;39m ?[32mTRACE?[0;39m ?[35m18216?[0;39m ?[2m---?[0;39m ?[2m[o-28852-exec-10]?[0;39m ?[36mo.s.security.web.FilterChainProxy       ?[0;39m ?[2m:?[0;39m Invoking SecurityContextHolderAwareRequestFilter (8/12)
?[0m?[0;34m?[2m2023-08-22T13:43:44.000+02:00?[0;39m ?[32mTRACE?[0;39m ?[35m18216?[0;39m ?[2m---?[0;39m ?[2m[o-28852-exec-10]?[0;39m ?[36mo.s.security.web.FilterChainProxy       ?[0;39m ?[2m:?[0;39m Invoking AnonymousAuthenticationFilter (9/12)
?[0m?[0;34m?[2m2023-08-22T13:43:44.000+02:00?[0;39m ?[32mTRACE?[0;39m ?[35m18216?[0;39m ?[2m---?[0;39m ?[2m[o-28852-exec-10]?[0;39m ?[36mo.s.security.web.FilterChainProxy       ?[0;39m ?[2m:?[0;39m Invoking SessionManagementFilter (10/12)
?[0m?[0;34m?[2m2023-08-22T13:43:44.000+02:00?[0;39m ?[32mTRACE?[0;39m ?[35m18216?[0;39m ?[2m---?[0;39m ?[2m[o-28852-exec-10]?[0;39m ?[36m.s.s.w.c.SupplierDeferredSecurityContext?[0;39m ?[2m:?[0;39m Created SecurityContextImpl [Null authentication]
?[0m?[0;34m?[2m2023-08-22T13:43:44.000+02:00?[0;39m ?[32mTRACE?[0;39m ?[35m18216?[0;39m ?[2m---?[0;39m ?[2m[o-28852-exec-10]?[0;39m ?[36mo.s.s.w.a.AnonymousAuthenticationFilter ?[0;39m ?[2m:?[0;39m Set SecurityContextHolder to AnonymousAuthenticationToken [Principal=anonymousUser, Credentials=[PROTECTED], Authenticated=true, Details=WebAuthenticationDetails [RemoteIpAddress=127.0.0.1, SessionId=null], Granted Authorities=[ROLE_ANONYMOUS]]
?[0m?[0;34m?[2m2023-08-22T13:43:44.000+02:00?[0;39m ?[32mTRACE?[0;39m ?[35m18216?[0;39m ?[2m---?[0;39m ?[2m[o-28852-exec-10]?[0;39m ?[36mo.s.security.web.FilterChainProxy       ?[0;39m ?[2m:?[0;39m Invoking ExceptionTranslationFilter (11/12)
?[0m?[0;34m?[2m2023-08-22T13:43:44.000+02:00?[0;39m ?[32mTRACE?[0;39m ?[35m18216?[0;39m ?[2m---?[0;39m ?[2m[o-28852-exec-10]?[0;39m ?[36mo.s.security.web.FilterChainProxy       ?[0;39m ?[2m:?[0;39m Invoking AuthorizationFilter (12/12)
?[0m?[0;34m?[2m2023-08-22T13:43:44.000+02:00?[0;39m ?[32mTRACE?[0;39m ?[35m18216?[0;39m ?[2m---?[0;39m ?[2m[o-28852-exec-10]?[0;39m ?[36mestMatcherDelegatingAuthorizationManager?[0;39m ?[2m:?[0;39m Authorizing SecurityContextHolderAwareRequestWrapper[ org.springframework.security.web.header.HeaderWriterFilter$HeaderWriterRequest@74fff0f2]
?[0m?[0;34m?[2m2023-08-22T13:43:44.001+02:00?[0;39m ?[32mTRACE?[0;39m ?[35m18216?[0;39m ?[2m---?[0;39m ?[2m[o-28852-exec-10]?[0;39m ?[36mestMatcherDelegatingAuthorizationManager?[0;39m ?[2m:?[0;39m Checking authorization on SecurityContextHolderAwareRequestWrapper[ org.springframework.security.web.header.HeaderWriterFilter$HeaderWriterRequest@74fff0f2] using org.springframework.security.config.annotation.web.configurers.AuthorizeHttpRequestsConfigurer$$Lambda$1316/0x0000000100a4d140@528cc85a
?[0m?[0;34m?[2m2023-08-22T13:43:44.002+02:00?[0;39m ?[32mDEBUG?[0;39m ?[35m18216?[0;39m ?[2m---?[0;39m ?[2m[o-28852-exec-10]?[0;39m ?[36mo.s.security.web.FilterChainProxy       ?[0;39m ?[2m:?[0;39m Secured POST /api/auth/signup
?[0m?[0;34mHibernate: select u1_0.id from users u1_0 where upper(u1_0.email)=upper(?) fetch first ? rows only
?[0m?[0;34m?[2m2023-08-22T13:43:44.005+02:00?[0;39m ?[32mTRACE?[0;39m ?[35m18216?[0;39m ?[2m---?[0;39m ?[2m[o-28852-exec-10]?[0;39m ?[36mo.s.s.w.header.writers.HstsHeaderWriter ?[0;39m ?[2m:?[0;39m Not injecting HSTS header since it did not match request to [Is Secure]
?[0m?[0;34m?[2m2023-08-22T13:43:44.006+02:00?[0;39m ?[32mTRACE?[0;39m ?[35m18216?[0;39m ?[2m---?[0;39m ?[2m[o-28852-exec-10]?[0;39m ?[36mo.s.security.web.FilterChainProxy       ?[0;39m ?[2m:?[0;39m Trying to match request against DefaultSecurityFilterChain [RequestMatcher=any request, Filters=[org.springframework.security.web.session.DisableEncodeUrlFilter@5d51203b, org.springframework.security.web.context.request.async.WebAsyncManagerIntegrationFilter@32be672d, org.springframework.security.web.context.SecurityContextHolderFilter@74f54f8e, org.springframework.security.web.header.HeaderWriterFilter@157ff8f8, org.springframework.security.web.authentication.logout.LogoutFilter@72364a40, org.springframework.security.web.authentication.www.BasicAuthenticationFilter@a23b96b, org.springframework.security.web.savedrequest.RequestCacheAwareFilter@59b8a801, org.springframework.security.web.servletapi.SecurityContextHolderAwareRequestFilter@5aa026e9, org.springframework.security.web.authentication.AnonymousAuthenticationFilter@23e54c8a, org.springframework.security.web.session.SessionManagementFilter@79e3f444, org.springframework.security.web.access.ExceptionTranslationFilter@17a756db, org.springframework.security.web.access.intercept.AuthorizationFilter@55e75ce0]] (1/1)
?[0m?[0;34m?[2m2023-08-22T13:43:44.006+02:00?[0;39m ?[32mDEBUG?[0;39m ?[35m18216?[0;39m ?[2m---?[0;39m ?[2m[o-28852-exec-10]?[0;39m ?[36mo.s.security.web.FilterChainProxy       ?[0;39m ?[2m:?[0;39m Securing POST /error
?[0m?[0;34m?[2m2023-08-22T13:43:44.006+02:00?[0;39m ?[32mTRACE?[0;39m ?[35m18216?[0;39m ?[2m---?[0;39m ?[2m[o-28852-exec-10]?[0;39m ?[36mo.s.security.web.FilterChainProxy       ?[0;39m ?[2m:?[0;39m Invoking DisableEncodeUrlFilter (1/12)
?[0m?[0;34m?[2m2023-08-22T13:43:44.007+02:00?[0;39m ?[32mTRACE?[0;39m ?[35m18216?[0;39m ?[2m---?[0;39m ?[2m[o-28852-exec-10]?[0;39m ?[36mo.s.security.web.FilterChainProxy       ?[0;39m ?[2m:?[0;39m Invoking WebAsyncManagerIntegrationFilter (2/12)
?[0m?[0;34m?[2m2023-08-22T13:43:44.007+02:00?[0;39m ?[32mTRACE?[0;39m ?[35m18216?[0;39m ?[2m---?[0;39m ?[2m[o-28852-exec-10]?[0;39m ?[36mo.s.security.web.FilterChainProxy       ?[0;39m ?[2m:?[0;39m Invoking SecurityContextHolderFilter (3/12)
?[0m?[0;34m?[2m2023-08-22T13:43:44.007+02:00?[0;39m ?[32mTRACE?[0;39m ?[35m18216?[0;39m ?[2m---?[0;39m ?[2m[o-28852-exec-10]?[0;39m ?[36mo.s.security.web.FilterChainProxy       ?[0;39m ?[2m:?[0;39m Invoking HeaderWriterFilter (4/12)
?[0m?[0;34m?[2m2023-08-22T13:43:44.007+02:00?[0;39m ?[32mTRACE?[0;39m ?[35m18216?[0;39m ?[2m---?[0;39m ?[2m[o-28852-exec-10]?[0;39m ?[36mo.s.security.web.FilterChainProxy       ?[0;39m ?[2m:?[0;39m Invoking LogoutFilter (5/12)
?[0m?[0;34m?[2m2023-08-22T13:43:44.007+02:00?[0;39m ?[32mTRACE?[0;39m ?[35m18216?[0;39m ?[2m---?[0;39m ?[2m[o-28852-exec-10]?[0;39m ?[36mo.s.s.w.a.logout.LogoutFilter           ?[0;39m ?[2m:?[0;39m Did not match request to Or [Ant [pattern='/logout', GET], Ant [pattern='/logout', POST], Ant [pattern='/logout', PUT], Ant [pattern='/logout', DELETE]]
?[0m?[0;34m?[2m2023-08-22T13:43:44.007+02:00?[0;39m ?[32mTRACE?[0;39m ?[35m18216?[0;39m ?[2m---?[0;39m ?[2m[o-28852-exec-10]?[0;39m ?[36mo.s.security.web.FilterChainProxy       ?[0;39m ?[2m:?[0;39m Invoking BasicAuthenticationFilter (6/12)
?[0m?[0;34m?[2m2023-08-22T13:43:44.007+02:00?[0;39m ?[32mTRACE?[0;39m ?[35m18216?[0;39m ?[2m---?[0;39m ?[2m[o-28852-exec-10]?[0;39m ?[36mo.s.security.web.FilterChainProxy       ?[0;39m ?[2m:?[0;39m Invoking RequestCacheAwareFilter (7/12)
?[0m?[0;34m?[2m2023-08-22T13:43:44.007+02:00?[0;39m ?[32mTRACE?[0;39m ?[35m18216?[0;39m ?[2m---?[0;39m ?[2m[o-28852-exec-10]?[0;39m ?[36mo.s.security.web.FilterChainProxy       ?[0;39m ?[2m:?[0;39m Invoking SecurityContextHolderAwareRequestFilter (8/12)
?[0m?[0;34m?[2m2023-08-22T13:43:44.007+02:00?[0;39m ?[32mTRACE?[0;39m ?[35m18216?[0;39m ?[2m---?[0;39m ?[2m[o-28852-exec-10]?[0;39m ?[36mo.s.security.web.FilterChainProxy       ?[0;39m ?[2m:?[0;39m Invoking AnonymousAuthenticationFilter (9/12)
?[0m?[0;34m?[2m2023-08-22T13:43:44.007+02:00?[0;39m ?[32mTRACE?[0;39m ?[35m18216?[0;39m ?[2m---?[0;39m ?[2m[o-28852-exec-10]?[0;39m ?[36mo.s.security.web.FilterChainProxy       ?[0;39m ?[2m:?[0;39m Invoking SessionManagementFilter (10/12)
?[0m?[0;34m?[2m2023-08-22T13:43:44.007+02:00?[0;39m ?[32mTRACE?[0;39m ?[35m18216?[0;39m ?[2m---?[0;39m ?[2m[o-28852-exec-10]?[0;39m ?[36mo.s.security.web.FilterChainProxy       ?[0;39m ?[2m:?[0;39m Invoking ExceptionTranslationFilter (11/12)
?[0m?[0;34m?[2m2023-08-22T13:43:44.007+02:00?[0;39m ?[32mTRACE?[0;39m ?[35m18216?[0;39m ?[2m---?[0;39m ?[2m[o-28852-exec-10]?[0;39m ?[36mo.s.security.web.FilterChainProxy       ?[0;39m ?[2m:?[0;39m Invoking AuthorizationFilter (12/12)
?[0m?[0;34m?[2m2023-08-22T13:43:44.007+02:00?[0;39m ?[32mTRACE?[0;39m ?[35m18216?[0;39m ?[2m---?[0;39m ?[2m[o-28852-exec-10]?[0;39m ?[36mestMatcherDelegatingAuthorizationManager?[0;39m ?[2m:?[0;39m Authorizing SecurityContextHolderAwareRequestWrapper[ FirewalledRequest[ org.apache.catalina.core.ApplicationHttpRequest@49fff88]]
?[0m?[0;34m?[2m2023-08-22T13:43:44.008+02:00?[0;39m ?[32mTRACE?[0;39m ?[35m18216?[0;39m ?[2m---?[0;39m ?[2m[o-28852-exec-10]?[0;39m ?[36mestMatcherDelegatingAuthorizationManager?[0;39m ?[2m:?[0;39m Checking authorization on SecurityContextHolderAwareRequestWrapper[ FirewalledRequest[ org.apache.catalina.core.ApplicationHttpRequest@49fff88]] using org.springframework.security.config.annotation.web.configurers.AuthorizeHttpRequestsConfigurer$$Lambda$1316/0x0000000100a4d140@528cc85a
?[0m?[0;34m?[2m2023-08-22T13:43:44.008+02:00?[0;39m ?[32mDEBUG?[0;39m ?[35m18216?[0;39m ?[2m---?[0;39m ?[2m[o-28852-exec-10]?[0;39m ?[36mo.s.security.web.FilterChainProxy       ?[0;39m ?[2m:?[0;39m Secured POST /error
?[0m?[0;34m?[2m2023-08-22T13:43:44.008+02:00?[0;39m ?[32mTRACE?[0;39m ?[35m18216?[0;39m ?[2m---?[0;39m ?[2m[o-28852-exec-10]?[0;39m ?[36m.s.s.w.c.SupplierDeferredSecurityContext?[0;39m ?[2m:?[0;39m Created SecurityContextImpl [Null authentication]
?[0m?[0;34m?[2m2023-08-22T13:43:44.008+02:00?[0;39m ?[32mTRACE?[0;39m ?[35m18216?[0;39m ?[2m---?[0;39m ?[2m[o-28852-exec-10]?[0;39m ?[36mo.s.s.w.a.AnonymousAuthenticationFilter ?[0;39m ?[2m:?[0;39m Set SecurityContextHolder to AnonymousAuthenticationToken [Principal=anonymousUser, Credentials=[PROTECTED], Authenticated=true, Details=WebAuthenticationDetails [RemoteIpAddress=127.0.0.1, SessionId=null], Granted Authorities=[ROLE_ANONYMOUS]]
?[0m?[0;34m?[2m2023-08-22T13:43:44.017+02:00?[0;39m ?[32mTRACE?[0;39m ?[35m18216?[0;39m ?[2m---?[0;39m ?[2m[io-28852-exec-1]?[0;39m ?[36mo.s.security.web.FilterChainProxy       ?[0;39m ?[2m:?[0;39m Trying to match request against DefaultSecurityFilterChain [RequestMatcher=any request, Filters=[org.springframework.security.web.session.DisableEncodeUrlFilter@5d51203b, org.springframework.security.web.context.request.async.WebAsyncManagerIntegrationFilter@32be672d, org.springframework.security.web.context.SecurityContextHolderFilter@74f54f8e, org.springframework.security.web.header.HeaderWriterFilter@157ff8f8, org.springframework.security.web.authentication.logout.LogoutFilter@72364a40, org.springframework.security.web.authentication.www.BasicAuthenticationFilter@a23b96b, org.springframework.security.web.savedrequest.RequestCacheAwareFilter@59b8a801, org.springframework.security.web.servletapi.SecurityContextHolderAwareRequestFilter@5aa026e9, org.springframework.security.web.authentication.AnonymousAuthenticationFilter@23e54c8a, org.springframework.security.web.session.SessionManagementFilter@79e3f444, org.springframework.security.web.access.ExceptionTranslationFilter@17a756db, org.springframework.security.web.access.intercept.AuthorizationFilter@55e75ce0]] (1/1)
?[0m?[0;34m?[2m2023-08-22T13:43:44.017+02:00?[0;39m ?[32mDEBUG?[0;39m ?[35m18216?[0;39m ?[2m---?[0;39m ?[2m[io-28852-exec-1]?[0;39m ?[36mo.s.security.web.FilterChainProxy       ?[0;39m ?[2m:?[0;39m Securing POST /api/auth/signup
?[0m?[0;34m?[2m2023-08-22T13:43:44.017+02:00?[0;39m ?[32mTRACE?[0;39m ?[35m18216?[0;39m ?[2m---?[0;39m ?[2m[io-28852-exec-1]?[0;39m ?[36mo.s.security.web.FilterChainProxy       ?[0;39m ?[2m:?[0;39m Invoking DisableEncodeUrlFilter (1/12)
?[0m?[0;34m?[2m2023-08-22T13:43:44.017+02:00?[0;39m ?[32mTRACE?[0;39m ?[35m18216?[0;39m ?[2m---?[0;39m ?[2m[io-28852-exec-1]?[0;39m ?[36mo.s.security.web.FilterChainProxy       ?[0;39m ?[2m:?[0;39m Invoking WebAsyncManagerIntegrationFilter (2/12)
?[0m?[0;34m?[2m2023-08-22T13:43:44.017+02:00?[0;39m ?[32mTRACE?[0;39m ?[35m18216?[0;39m ?[2m---?[0;39m ?[2m[io-28852-exec-1]?[0;39m ?[36mo.s.security.web.FilterChainProxy       ?[0;39m ?[2m:?[0;39m Invoking SecurityContextHolderFilter (3/12)
?[0m?[0;34m?[2m2023-08-22T13:43:44.017+02:00?[0;39m ?[32mTRACE?[0;39m ?[35m18216?[0;39m ?[2m---?[0;39m ?[2m[io-28852-exec-1]?[0;39m ?[36mo.s.security.web.FilterChainProxy       ?[0;39m ?[2m:?[0;39m Invoking HeaderWriterFilter (4/12)
?[0m?[0;34m?[2m2023-08-22T13:43:44.018+02:00?[0;39m ?[32mTRACE?[0;39m ?[35m18216?[0;39m ?[2m---?[0;39m ?[2m[io-28852-exec-1]?[0;39m ?[36mo.s.security.web.FilterChainProxy       ?[0;39m ?[2m:?[0;39m Invoking LogoutFilter (5/12)
?[0m?[0;34m?[2m2023-08-22T13:43:44.018+02:00?[0;39m ?[32mTRACE?[0;39m ?[35m18216?[0;39m ?[2m---?[0;39m ?[2m[io-28852-exec-1]?[0;39m ?[36mo.s.s.w.a.logout.LogoutFilter           ?[0;39m ?[2m:?[0;39m Did not match request to Or [Ant [pattern='/logout', GET], Ant [pattern='/logout', POST], Ant [pattern='/logout', PUT], Ant [pattern='/logout', DELETE]]
?[0m?[0;34m?[2m2023-08-22T13:43:44.018+02:00?[0;39m ?[32mTRACE?[0;39m ?[35m18216?[0;39m ?[2m---?[0;39m ?[2m[io-28852-exec-1]?[0;39m ?[36mo.s.security.web.FilterChainProxy       ?[0;39m ?[2m:?[0;39m Invoking BasicAuthenticationFilter (6/12)
?[0m?[0;34m?[2m2023-08-22T13:43:44.018+02:00?[0;39m ?[32mTRACE?[0;39m ?[35m18216?[0;39m ?[2m---?[0;39m ?[2m[io-28852-exec-1]?[0;39m ?[36mo.s.s.w.a.www.BasicAuthenticationFilter ?[0;39m ?[2m:?[0;39m Did not process authentication request since failed to find username and password in Basic Authorization header
?[0m?[0;34m?[2m2023-08-22T13:43:44.018+02:00?[0;39m ?[32mTRACE?[0;39m ?[35m18216?[0;39m ?[2m---?[0;39m ?[2m[io-28852-exec-1]?[0;39m ?[36mo.s.security.web.FilterChainProxy       ?[0;39m ?[2m:?[0;39m Invoking RequestCacheAwareFilter (7/12)
?[0m?[0;34m?[2m2023-08-22T13:43:44.018+02:00?[0;39m ?[32mTRACE?[0;39m ?[35m18216?[0;39m ?[2m---?[0;39m ?[2m[io-28852-exec-1]?[0;39m ?[36mo.s.security.web.FilterChainProxy       ?[0;39m ?[2m:?[0;39m Invoking SecurityContextHolderAwareRequestFilter (8/12)
?[0m?[0;34m?[2m2023-08-22T13:43:44.018+02:00?[0;39m ?[32mTRACE?[0;39m ?[35m18216?[0;39m ?[2m---?[0;39m ?[2m[io-28852-exec-1]?[0;39m ?[36mo.s.security.web.FilterChainProxy       ?[0;39m ?[2m:?[0;39m Invoking AnonymousAuthenticationFilter (9/12)
?[0m?[0;34m?[2m2023-08-22T13:43:44.018+02:00?[0;39m ?[32mTRACE?[0;39m ?[35m18216?[0;39m ?[2m---?[0;39m ?[2m[io-28852-exec-1]?[0;39m ?[36mo.s.security.web.FilterChainProxy       ?[0;39m ?[2m:?[0;39m Invoking SessionManagementFilter (10/12)
?[0m?[0;34m?[2m2023-08-22T13:43:44.018+02:00?[0;39m ?[32mTRACE?[0;39m ?[35m18216?[0;39m ?[2m---?[0;39m ?[2m[io-28852-exec-1]?[0;39m ?[36m.s.s.w.c.SupplierDeferredSecurityContext?[0;39m ?[2m:?[0;39m Created SecurityContextImpl [Null authentication]
?[0m?[0;34m?[2m2023-08-22T13:43:44.018+02:00?[0;39m ?[32mTRACE?[0;39m ?[35m18216?[0;39m ?[2m---?[0;39m ?[2m[io-28852-exec-1]?[0;39m ?[36mo.s.s.w.a.AnonymousAuthenticationFilter ?[0;39m ?[2m:?[0;39m Set SecurityContextHolder to AnonymousAuthenticationToken [Principal=anonymousUser, Credentials=[PROTECTED], Authenticated=true, Details=WebAuthenticationDetails [RemoteIpAddress=127.0.0.1, SessionId=null], Granted Authorities=[ROLE_ANONYMOUS]]
?[0m?[0;34m?[2m2023-08-22T13:43:44.018+02:00?[0;39m ?[32mTRACE?[0;39m ?[35m18216?[0;39m ?[2m---?[0;39m ?[2m[io-28852-exec-1]?[0;39m ?[36mo.s.security.web.FilterChainProxy       ?[0;39m ?[2m:?[0;39m Invoking ExceptionTranslationFilter (11/12)
?[0m?[0;34m?[2m2023-08-22T13:43:44.018+02:00?[0;39m ?[32mTRACE?[0;39m ?[35m18216?[0;39m ?[2m---?[0;39m ?[2m[io-28852-exec-1]?[0;39m ?[36mo.s.security.web.FilterChainProxy       ?[0;39m ?[2m:?[0;39m Invoking AuthorizationFilter (12/12)
?[0m?[0;34m?[2m2023-08-22T13:43:44.018+02:00?[0;39m ?[32mTRACE?[0;39m ?[35m18216?[0;39m ?[2m---?[0;39m ?[2m[io-28852-exec-1]?[0;39m ?[36mestMatcherDelegatingAuthorizationManager?[0;39m ?[2m:?[0;39m Authorizing SecurityContextHolderAwareRequestWrapper[ org.springframework.security.web.header.HeaderWriterFilter$HeaderWriterRequest@50761d09]
?[0m?[0;34m?[2m2023-08-22T13:43:44.019+02:00?[0;39m ?[32mTRACE?[0;39m ?[35m18216?[0;39m ?[2m---?[0;39m ?[2m[io-28852-exec-1]?[0;39m ?[36mestMatcherDelegatingAuthorizationManager?[0;39m ?[2m:?[0;39m Checking authorization on SecurityContextHolderAwareRequestWrapper[ org.springframework.security.web.header.HeaderWriterFilter$HeaderWriterRequest@50761d09] using org.springframework.security.config.annotation.web.configurers.AuthorizeHttpRequestsConfigurer$$Lambda$1316/0x0000000100a4d140@528cc85a
?[0m?[0;34m?[2m2023-08-22T13:43:44.020+02:00?[0;39m ?[32mDEBUG?[0;39m ?[35m18216?[0;39m ?[2m---?[0;39m ?[2m[io-28852-exec-1]?[0;39m ?[36mo.s.security.web.FilterChainProxy       ?[0;39m ?[2m:?[0;39m Secured POST /api/auth/signup
?[0m?[0;34mHibernate: select u1_0.id from users u1_0 where upper(u1_0.email)=upper(?) fetch first ? rows only
?[0m?[0;34m?[2m2023-08-22T13:43:44.023+02:00?[0;39m ?[32mTRACE?[0;39m ?[35m18216?[0;39m ?[2m---?[0;39m ?[2m[io-28852-exec-1]?[0;39m ?[36mo.s.s.w.header.writers.HstsHeaderWriter ?[0;39m ?[2m:?[0;39m Not injecting HSTS header since it did not match request to [Is Secure]
?[0m?[0;34m?[2m2023-08-22T13:43:44.024+02:00?[0;39m ?[32mTRACE?[0;39m ?[35m18216?[0;39m ?[2m---?[0;39m ?[2m[io-28852-exec-1]?[0;39m ?[36mo.s.security.web.FilterChainProxy       ?[0;39m ?[2m:?[0;39m Trying to match request against DefaultSecurityFilterChain [RequestMatcher=any request, Filters=[org.springframework.security.web.session.DisableEncodeUrlFilter@5d51203b, org.springframework.security.web.context.request.async.WebAsyncManagerIntegrationFilter@32be672d, org.springframework.security.web.context.SecurityContextHolderFilter@74f54f8e, org.springframework.security.web.header.HeaderWriterFilter@157ff8f8, org.springframework.security.web.authentication.logout.LogoutFilter@72364a40, org.springframework.security.web.authentication.www.BasicAuthenticationFilter@a23b96b, org.springframework.security.web.savedrequest.RequestCacheAwareFilter@59b8a801, org.springframework.security.web.servletapi.SecurityContextHolderAwareRequestFilter@5aa026e9, org.springframework.security.web.authentication.AnonymousAuthenticationFilter@23e54c8a, org.springframework.security.web.session.SessionManagementFilter@79e3f444, org.springframework.security.web.access.ExceptionTranslationFilter@17a756db, org.springframework.security.web.access.intercept.AuthorizationFilter@55e75ce0]] (1/1)
?[0m?[0;34m?[2m2023-08-22T13:43:44.025+02:00?[0;39m ?[32mDEBUG?[0;39m ?[35m18216?[0;39m ?[2m---?[0;39m ?[2m[io-28852-exec-1]?[0;39m ?[36mo.s.security.web.FilterChainProxy       ?[0;39m ?[2m:?[0;39m Securing POST /error
?[0m?[0;34m?[2m2023-08-22T13:43:44.025+02:00?[0;39m ?[32mTRACE?[0;39m ?[35m18216?[0;39m ?[2m---?[0;39m ?[2m[io-28852-exec-1]?[0;39m ?[36mo.s.security.web.FilterChainProxy       ?[0;39m ?[2m:?[0;39m Invoking DisableEncodeUrlFilter (1/12)
?[0m?[0;34m?[2m2023-08-22T13:43:44.025+02:00?[0;39m ?[32mTRACE?[0;39m ?[35m18216?[0;39m ?[2m---?[0;39m ?[2m[io-28852-exec-1]?[0;39m ?[36mo.s.security.web.FilterChainProxy       ?[0;39m ?[2m:?[0;39m Invoking WebAsyncManagerIntegrationFilter (2/12)
?[0m?[0;34m?[2m2023-08-22T13:43:44.025+02:00?[0;39m ?[32mTRACE?[0;39m ?[35m18216?[0;39m ?[2m---?[0;39m ?[2m[io-28852-exec-1]?[0;39m ?[36mo.s.security.web.FilterChainProxy       ?[0;39m ?[2m:?[0;39m Invoking SecurityContextHolderFilter (3/12)
?[0m?[0;34m?[2m2023-08-22T13:43:44.025+02:00?[0;39m ?[32mTRACE?[0;39m ?[35m18216?[0;39m ?[2m---?[0;39m ?[2m[io-28852-exec-1]?[0;39m ?[36mo.s.security.web.FilterChainProxy       ?[0;39m ?[2m:?[0;39m Invoking HeaderWriterFilter (4/12)
?[0m?[0;34m?[2m2023-08-22T13:43:44.025+02:00?[0;39m ?[32mTRACE?[0;39m ?[35m18216?[0;39m ?[2m---?[0;39m ?[2m[io-28852-exec-1]?[0;39m ?[36mo.s.security.web.FilterChainProxy       ?[0;39m ?[2m:?[0;39m Invoking LogoutFilter (5/12)
?[0m?[0;34m?[2m2023-08-22T13:43:44.025+02:00?[0;39m ?[32mTRACE?[0;39m ?[35m18216?[0;39m ?[2m---?[0;39m ?[2m[io-28852-exec-1]?[0;39m ?[36mo.s.s.w.a.logout.LogoutFilter           ?[0;39m ?[2m:?[0;39m Did not match request to Or [Ant [pattern='/logout', GET], Ant [pattern='/logout', POST], Ant [pattern='/logout', PUT], Ant [pattern='/logout', DELETE]]
?[0m?[0;34m?[2m2023-08-22T13:43:44.025+02:00?[0;39m ?[32mTRACE?[0;39m ?[35m18216?[0;39m ?[2m---?[0;39m ?[2m[io-28852-exec-1]?[0;39m ?[36mo.s.security.web.FilterChainProxy       ?[0;39m ?[2m:?[0;39m Invoking BasicAuthenticationFilter (6/12)
?[0m?[0;34m?[2m2023-08-22T13:43:44.025+02:00?[0;39m ?[32mTRACE?[0;39m ?[35m18216?[0;39m ?[2m---?[0;39m ?[2m[io-28852-exec-1]?[0;39m ?[36mo.s.security.web.FilterChainProxy       ?[0;39m ?[2m:?[0;39m Invoking RequestCacheAwareFilter (7/12)
?[0m?[0;34m?[2m2023-08-22T13:43:44.025+02:00?[0;39m ?[32mTRACE?[0;39m ?[35m18216?[0;39m ?[2m---?[0;39m ?[2m[io-28852-exec-1]?[0;39m ?[36mo.s.security.web.FilterChainProxy       ?[0;39m ?[2m:?[0;39m Invoking SecurityContextHolderAwareRequestFilter (8/12)
?[0m?[0;34m?[2m2023-08-22T13:43:44.025+02:00?[0;39m ?[32mTRACE?[0;39m ?[35m18216?[0;39m ?[2m---?[0;39m ?[2m[io-28852-exec-1]?[0;39m ?[36mo.s.security.web.FilterChainProxy       ?[0;39m ?[2m:?[0;39m Invoking AnonymousAuthenticationFilter (9/12)
?[0m?[0;34m?[2m2023-08-22T13:43:44.025+02:00?[0;39m ?[32mTRACE?[0;39m ?[35m18216?[0;39m ?[2m---?[0;39m ?[2m[io-28852-exec-1]?[0;39m ?[36mo.s.security.web.FilterChainProxy       ?[0;39m ?[2m:?[0;39m Invoking SessionManagementFilter (10/12)
?[0m?[0;34m?[2m2023-08-22T13:43:44.025+02:00?[0;39m ?[32mTRACE?[0;39m ?[35m18216?[0;39m ?[2m---?[0;39m ?[2m[io-28852-exec-1]?[0;39m ?[36mo.s.security.web.FilterChainProxy       ?[0;39m ?[2m:?[0;39m Invoking ExceptionTranslationFilter (11/12)
?[0m?[0;34m?[2m2023-08-22T13:43:44.025+02:00?[0;39m ?[32mTRACE?[0;39m ?[35m18216?[0;39m ?[2m---?[0;39m ?[2m[io-28852-exec-1]?[0;39m ?[36mo.s.security.web.FilterChainProxy       ?[0;39m ?[2m:?[0;39m Invoking AuthorizationFilter (12/12)
?[0m?[0;34m?[2m2023-08-22T13:43:44.025+02:00?[0;39m ?[32mTRACE?[0;39m ?[35m18216?[0;39m ?[2m---?[0;39m ?[2m[io-28852-exec-1]?[0;39m ?[36mestMatcherDelegatingAuthorizationManager?[0;39m ?[2m:?[0;39m Authorizing SecurityContextHolderAwareRequestWrapper[ FirewalledRequest[ org.apache.catalina.core.ApplicationHttpRequest@7bfe48e5]]
?[0m?[0;34m?[2m2023-08-22T13:43:44.026+02:00?[0;39m ?[32mTRACE?[0;39m ?[35m18216?[0;39m ?[2m---?[0;39m ?[2m[io-28852-exec-1]?[0;39m ?[36mestMatcherDelegatingAuthorizationManager?[0;39m ?[2m:?[0;39m Checking authorization on SecurityContextHolderAwareRequestWrapper[ FirewalledRequest[ org.apache.catalina.core.ApplicationHttpRequest@7bfe48e5]] using org.springframework.security.config.annotation.web.configurers.AuthorizeHttpRequestsConfigurer$$Lambda$1316/0x0000000100a4d140@528cc85a
?[0m?[0;34m?[2m2023-08-22T13:43:44.026+02:00?[0;39m ?[32mDEBUG?[0;39m ?[35m18216?[0;39m ?[2m---?[0;39m ?[2m[io-28852-exec-1]?[0;39m ?[36mo.s.security.web.FilterChainProxy       ?[0;39m ?[2m:?[0;39m Secured POST /error
?[0m?[0;34m?[2m2023-08-22T13:43:44.026+02:00?[0;39m ?[32mTRACE?[0;39m ?[35m18216?[0;39m ?[2m---?[0;39m ?[2m[io-28852-exec-1]?[0;39m ?[36m.s.s.w.c.SupplierDeferredSecurityContext?[0;39m ?[2m:?[0;39m Created SecurityContextImpl [Null authentication]
?[0m?[0;34m?[2m2023-08-22T13:43:44.026+02:00?[0;39m ?[32mTRACE?[0;39m ?[35m18216?[0;39m ?[2m---?[0;39m ?[2m[io-28852-exec-1]?[0;39m ?[36mo.s.s.w.a.AnonymousAuthenticationFilter ?[0;39m ?[2m:?[0;39m Set SecurityContextHolder to AnonymousAuthenticationToken [Principal=anonymousUser, Credentials=[PROTECTED], Authenticated=true, Details=WebAuthenticationDetails [RemoteIpAddress=127.0.0.1, SessionId=null], Granted Authorities=[ROLE_ANONYMOUS]]
?[0m?[0;34m?[2m2023-08-22T13:43:44.034+02:00?[0;39m ?[32mTRACE?[0;39m ?[35m18216?[0;39m ?[2m---?[0;39m ?[2m[io-28852-exec-2]?[0;39m ?[36mo.s.security.web.FilterChainProxy       ?[0;39m ?[2m:?[0;39m Trying to match request against DefaultSecurityFilterChain [RequestMatcher=any request, Filters=[org.springframework.security.web.session.DisableEncodeUrlFilter@5d51203b, org.springframework.security.web.context.request.async.WebAsyncManagerIntegrationFilter@32be672d, org.springframework.security.web.context.SecurityContextHolderFilter@74f54f8e, org.springframework.security.web.header.HeaderWriterFilter@157ff8f8, org.springframework.security.web.authentication.logout.LogoutFilter@72364a40, org.springframework.security.web.authentication.www.BasicAuthenticationFilter@a23b96b, org.springframework.security.web.savedrequest.RequestCacheAwareFilter@59b8a801, org.springframework.security.web.servletapi.SecurityContextHolderAwareRequestFilter@5aa026e9, org.springframework.security.web.authentication.AnonymousAuthenticationFilter@23e54c8a, org.springframework.security.web.session.SessionManagementFilter@79e3f444, org.springframework.security.web.access.ExceptionTranslationFilter@17a756db, org.springframework.security.web.access.intercept.AuthorizationFilter@55e75ce0]] (1/1)
?[0m?[0;34m?[2m2023-08-22T13:43:44.034+02:00?[0;39m ?[32mDEBUG?[0;39m ?[35m18216?[0;39m ?[2m---?[0;39m ?[2m[io-28852-exec-2]?[0;39m ?[36mo.s.security.web.FilterChainProxy       ?[0;39m ?[2m:?[0;39m Securing POST /api/auth/signup
?[0m?[0;34m?[2m2023-08-22T13:43:44.034+02:00?[0;39m ?[32mTRACE?[0;39m ?[35m18216?[0;39m ?[2m---?[0;39m ?[2m[io-28852-exec-2]?[0;39m ?[36mo.s.security.web.FilterChainProxy       ?[0;39m ?[2m:?[0;39m Invoking DisableEncodeUrlFilter (1/12)
?[0m?[0;34m?[2m2023-08-22T13:43:44.034+02:00?[0;39m ?[32mTRACE?[0;39m ?[35m18216?[0;39m ?[2m---?[0;39m ?[2m[io-28852-exec-2]?[0;39m ?[36mo.s.security.web.FilterChainProxy       ?[0;39m ?[2m:?[0;39m Invoking WebAsyncManagerIntegrationFilter (2/12)
?[0m?[0;34m?[2m2023-08-22T13:43:44.034+02:00?[0;39m ?[32mTRACE?[0;39m ?[35m18216?[0;39m ?[2m---?[0;39m ?[2m[io-28852-exec-2]?[0;39m ?[36mo.s.security.web.FilterChainProxy       ?[0;39m ?[2m:?[0;39m Invoking SecurityContextHolderFilter (3/12)
?[0m?[0;34m?[2m2023-08-22T13:43:44.035+02:00?[0;39m ?[32mTRACE?[0;39m ?[35m18216?[0;39m ?[2m---?[0;39m ?[2m[io-28852-exec-2]?[0;39m ?[36mo.s.security.web.FilterChainProxy       ?[0;39m ?[2m:?[0;39m Invoking HeaderWriterFilter (4/12)
?[0m?[0;34m?[2m2023-08-22T13:43:44.035+02:00?[0;39m ?[32mTRACE?[0;39m ?[35m18216?[0;39m ?[2m---?[0;39m ?[2m[io-28852-exec-2]?[0;39m ?[36mo.s.security.web.FilterChainProxy       ?[0;39m ?[2m:?[0;39m Invoking LogoutFilter (5/12)
?[0m?[0;34m?[2m2023-08-22T13:43:44.035+02:00?[0;39m ?[32mTRACE?[0;39m ?[35m18216?[0;39m ?[2m---?[0;39m ?[2m[io-28852-exec-2]?[0;39m ?[36mo.s.s.w.a.logout.LogoutFilter           ?[0;39m ?[2m:?[0;39m Did not match request to Or [Ant [pattern='/logout', GET], Ant [pattern='/logout', POST], Ant [pattern='/logout', PUT], Ant [pattern='/logout', DELETE]]
?[0m?[0;34m?[2m2023-08-22T13:43:44.035+02:00?[0;39m ?[32mTRACE?[0;39m ?[35m18216?[0;39m ?[2m---?[0;39m ?[2m[io-28852-exec-2]?[0;39m ?[36mo.s.security.web.FilterChainProxy       ?[0;39m ?[2m:?[0;39m Invoking BasicAuthenticationFilter (6/12)
?[0m?[0;34m?[2m2023-08-22T13:43:44.035+02:00?[0;39m ?[32mTRACE?[0;39m ?[35m18216?[0;39m ?[2m---?[0;39m ?[2m[io-28852-exec-2]?[0;39m ?[36mo.s.s.w.a.www.BasicAuthenticationFilter ?[0;39m ?[2m:?[0;39m Did not process authentication request since failed to find username and password in Basic Authorization header
?[0m?[0;34m?[2m2023-08-22T13:43:44.035+02:00?[0;39m ?[32mTRACE?[0;39m ?[35m18216?[0;39m ?[2m---?[0;39m ?[2m[io-28852-exec-2]?[0;39m ?[36mo.s.security.web.FilterChainProxy       ?[0;39m ?[2m:?[0;39m Invoking RequestCacheAwareFilter (7/12)
?[0m?[0;34m?[2m2023-08-22T13:43:44.035+02:00?[0;39m ?[32mTRACE?[0;39m ?[35m18216?[0;39m ?[2m---?[0;39m ?[2m[io-28852-exec-2]?[0;39m ?[36mo.s.security.web.FilterChainProxy       ?[0;39m ?[2m:?[0;39m Invoking SecurityContextHolderAwareRequestFilter (8/12)
?[0m?[0;34m?[2m2023-08-22T13:43:44.035+02:00?[0;39m ?[32mTRACE?[0;39m ?[35m18216?[0;39m ?[2m---?[0;39m ?[2m[io-28852-exec-2]?[0;39m ?[36mo.s.security.web.FilterChainProxy       ?[0;39m ?[2m:?[0;39m Invoking AnonymousAuthenticationFilter (9/12)
?[0m?[0;34m?[2m2023-08-22T13:43:44.035+02:00?[0;39m ?[32mTRACE?[0;39m ?[35m18216?[0;39m ?[2m---?[0;39m ?[2m[io-28852-exec-2]?[0;39m ?[36mo.s.security.web.FilterChainProxy       ?[0;39m ?[2m:?[0;39m Invoking SessionManagementFilter (10/12)
?[0m?[0;34m?[2m2023-08-22T13:43:44.035+02:00?[0;39m ?[32mTRACE?[0;39m ?[35m18216?[0;39m ?[2m---?[0;39m ?[2m[io-28852-exec-2]?[0;39m ?[36m.s.s.w.c.SupplierDeferredSecurityContext?[0;39m ?[2m:?[0;39m Created SecurityContextImpl [Null authentication]
?[0m?[0;34m?[2m2023-08-22T13:43:44.035+02:00?[0;39m ?[32mTRACE?[0;39m ?[35m18216?[0;39m ?[2m---?[0;39m ?[2m[io-28852-exec-2]?[0;39m ?[36mo.s.s.w.a.AnonymousAuthenticationFilter ?[0;39m ?[2m:?[0;39m Set SecurityContextHolder to AnonymousAuthenticationToken [Principal=anonymousUser, Credentials=[PROTECTED], Authenticated=true, Details=WebAuthenticationDetails [RemoteIpAddress=127.0.0.1, SessionId=null], Granted Authorities=[ROLE_ANONYMOUS]]
?[0m?[0;34m?[2m2023-08-22T13:43:44.035+02:00?[0;39m ?[32mTRACE?[0;39m ?[35m18216?[0;39m ?[2m---?[0;39m ?[2m[io-28852-exec-2]?[0;39m ?[36mo.s.security.web.FilterChainProxy       ?[0;39m ?[2m:?[0;39m Invoking ExceptionTranslationFilter (11/12)
?[0m?[0;34m?[2m2023-08-22T13:43:44.035+02:00?[0;39m ?[32mTRACE?[0;39m ?[35m18216?[0;39m ?[2m---?[0;39m ?[2m[io-28852-exec-2]?[0;39m ?[36mo.s.security.web.FilterChainProxy       ?[0;39m ?[2m:?[0;39m Invoking AuthorizationFilter (12/12)
?[0m?[0;34m?[2m2023-08-22T13:43:44.036+02:00?[0;39m ?[32mTRACE?[0;39m ?[35m18216?[0;39m ?[2m---?[0;39m ?[2m[io-28852-exec-2]?[0;39m ?[36mestMatcherDelegatingAuthorizationManager?[0;39m ?[2m:?[0;39m Authorizing SecurityContextHolderAwareRequestWrapper[ org.springframework.security.web.header.HeaderWriterFilter$HeaderWriterRequest@56076c66]
?[0m?[0;34m?[2m2023-08-22T13:43:44.036+02:00?[0;39m ?[32mTRACE?[0;39m ?[35m18216?[0;39m ?[2m---?[0;39m ?[2m[io-28852-exec-2]?[0;39m ?[36mestMatcherDelegatingAuthorizationManager?[0;39m ?[2m:?[0;39m Checking authorization on SecurityContextHolderAwareRequestWrapper[ org.springframework.security.web.header.HeaderWriterFilter$HeaderWriterRequest@56076c66] using org.springframework.security.config.annotation.web.configurers.AuthorizeHttpRequestsConfigurer$$Lambda$1316/0x0000000100a4d140@528cc85a
?[0m?[0;34m?[2m2023-08-22T13:43:44.036+02:00?[0;39m ?[32mDEBUG?[0;39m ?[35m18216?[0;39m ?[2m---?[0;39m ?[2m[io-28852-exec-2]?[0;39m ?[36mo.s.security.web.FilterChainProxy       ?[0;39m ?[2m:?[0;39m Secured POST /api/auth/signup
?[0m?[0;34mHibernate: select u1_0.id from users u1_0 where upper(u1_0.email)=upper(?) fetch first ? rows only
?[0m?[0;34m?[2m2023-08-22T13:43:44.042+02:00?[0;39m ?[32mTRACE?[0;39m ?[35m18216?[0;39m ?[2m---?[0;39m ?[2m[io-28852-exec-2]?[0;39m ?[36mo.s.s.w.header.writers.HstsHeaderWriter ?[0;39m ?[2m:?[0;39m Not injecting HSTS header since it did not match request to [Is Secure]
?[0m?[0;34m?[2m2023-08-22T13:43:44.043+02:00?[0;39m ?[32mTRACE?[0;39m ?[35m18216?[0;39m ?[2m---?[0;39m ?[2m[io-28852-exec-2]?[0;39m ?[36mo.s.security.web.FilterChainProxy       ?[0;39m ?[2m:?[0;39m Trying to match request against DefaultSecurityFilterChain [RequestMatcher=any request, Filters=[org.springframework.security.web.session.DisableEncodeUrlFilter@5d51203b, org.springframework.security.web.context.request.async.WebAsyncManagerIntegrationFilter@32be672d, org.springframework.security.web.context.SecurityContextHolderFilter@74f54f8e, org.springframework.security.web.header.HeaderWriterFilter@157ff8f8, org.springframework.security.web.authentication.logout.LogoutFilter@72364a40, org.springframework.security.web.authentication.www.BasicAuthenticationFilter@a23b96b, org.springframework.security.web.savedrequest.RequestCacheAwareFilter@59b8a801, org.springframework.security.web.servletapi.SecurityContextHolderAwareRequestFilter@5aa026e9, org.springframework.security.web.authentication.AnonymousAuthenticationFilter@23e54c8a, org.springframework.security.web.session.SessionManagementFilter@79e3f444, org.springframework.security.web.access.ExceptionTranslationFilter@17a756db, org.springframework.security.web.access.intercept.AuthorizationFilter@55e75ce0]] (1/1)
?[0m?[0;34m?[2m2023-08-22T13:43:44.043+02:00?[0;39m ?[32mDEBUG?[0;39m ?[35m18216?[0;39m ?[2m---?[0;39m ?[2m[io-28852-exec-2]?[0;39m ?[36mo.s.security.web.FilterChainProxy       ?[0;39m ?[2m:?[0;39m Securing POST /error
?[0m?[0;34m?[2m2023-08-22T13:43:44.043+02:00?[0;39m ?[32mTRACE?[0;39m ?[35m18216?[0;39m ?[2m---?[0;39m ?[2m[io-28852-exec-2]?[0;39m ?[36mo.s.security.web.FilterChainProxy       ?[0;39m ?[2m:?[0;39m Invoking DisableEncodeUrlFilter (1/12)
?[0m?[0;34m?[2m2023-08-22T13:43:44.044+02:00?[0;39m ?[32mTRACE?[0;39m ?[35m18216?[0;39m ?[2m---?[0;39m ?[2m[io-28852-exec-2]?[0;39m ?[36mo.s.security.web.FilterChainProxy       ?[0;39m ?[2m:?[0;39m Invoking WebAsyncManagerIntegrationFilter (2/12)
?[0m?[0;34m?[2m2023-08-22T13:43:44.044+02:00?[0;39m ?[32mTRACE?[0;39m ?[35m18216?[0;39m ?[2m---?[0;39m ?[2m[io-28852-exec-2]?[0;39m ?[36mo.s.security.web.FilterChainProxy       ?[0;39m ?[2m:?[0;39m Invoking SecurityContextHolderFilter (3/12)
?[0m?[0;34m?[2m2023-08-22T13:43:44.044+02:00?[0;39m ?[32mTRACE?[0;39m ?[35m18216?[0;39m ?[2m---?[0;39m ?[2m[io-28852-exec-2]?[0;39m ?[36mo.s.security.web.FilterChainProxy       ?[0;39m ?[2m:?[0;39m Invoking HeaderWriterFilter (4/12)
?[0m?[0;34m?[2m2023-08-22T13:43:44.044+02:00?[0;39m ?[32mTRACE?[0;39m ?[35m18216?[0;39m ?[2m---?[0;39m ?[2m[io-28852-exec-2]?[0;39m ?[36mo.s.security.web.FilterChainProxy       ?[0;39m ?[2m:?[0;39m Invoking LogoutFilter (5/12)
?[0m?[0;34m?[2m2023-08-22T13:43:44.044+02:00?[0;39m ?[32mTRACE?[0;39m ?[35m18216?[0;39m ?[2m---?[0;39m ?[2m[io-28852-exec-2]?[0;39m ?[36mo.s.s.w.a.logout.LogoutFilter           ?[0;39m ?[2m:?[0;39m Did not match request to Or [Ant [pattern='/logout', GET], Ant [pattern='/logout', POST], Ant [pattern='/logout', PUT], Ant [pattern='/logout', DELETE]]
?[0m?[0;34m?[2m2023-08-22T13:43:44.044+02:00?[0;39m ?[32mTRACE?[0;39m ?[35m18216?[0;39m ?[2m---?[0;39m ?[2m[io-28852-exec-2]?[0;39m ?[36mo.s.security.web.FilterChainProxy       ?[0;39m ?[2m:?[0;39m Invoking BasicAuthenticationFilter (6/12)
?[0m?[0;34m?[2m2023-08-22T13:43:44.044+02:00?[0;39m ?[32mTRACE?[0;39m ?[35m18216?[0;39m ?[2m---?[0;39m ?[2m[io-28852-exec-2]?[0;39m ?[36mo.s.security.web.FilterChainProxy       ?[0;39m ?[2m:?[0;39m Invoking RequestCacheAwareFilter (7/12)
?[0m?[0;34m?[2m2023-08-22T13:43:44.044+02:00?[0;39m ?[32mTRACE?[0;39m ?[35m18216?[0;39m ?[2m---?[0;39m ?[2m[io-28852-exec-2]?[0;39m ?[36mo.s.security.web.FilterChainProxy       ?[0;39m ?[2m:?[0;39m Invoking SecurityContextHolderAwareRequestFilter (8/12)
?[0m?[0;34m?[2m2023-08-22T13:43:44.044+02:00?[0;39m ?[32mTRACE?[0;39m ?[35m18216?[0;39m ?[2m---?[0;39m ?[2m[io-28852-exec-2]?[0;39m ?[36mo.s.security.web.FilterChainProxy       ?[0;39m ?[2m:?[0;39m Invoking AnonymousAuthenticationFilter (9/12)
?[0m?[0;34m?[2m2023-08-22T13:43:44.044+02:00?[0;39m ?[32mTRACE?[0;39m ?[35m18216?[0;39m ?[2m---?[0;39m ?[2m[io-28852-exec-2]?[0;39m ?[36mo.s.security.web.FilterChainProxy       ?[0;39m ?[2m:?[0;39m Invoking SessionManagementFilter (10/12)
?[0m?[0;34m?[2m2023-08-22T13:43:44.044+02:00?[0;39m ?[32mTRACE?[0;39m ?[35m18216?[0;39m ?[2m---?[0;39m ?[2m[io-28852-exec-2]?[0;39m ?[36mo.s.security.web.FilterChainProxy       ?[0;39m ?[2m:?[0;39m Invoking ExceptionTranslationFilter (11/12)
?[0m?[0;34m?[2m2023-08-22T13:43:44.044+02:00?[0;39m ?[32mTRACE?[0;39m ?[35m18216?[0;39m ?[2m---?[0;39m ?[2m[io-28852-exec-2]?[0;39m ?[36mo.s.security.web.FilterChainProxy       ?[0;39m ?[2m:?[0;39m Invoking AuthorizationFilter (12/12)
?[0m?[0;34m?[2m2023-08-22T13:43:44.044+02:00?[0;39m ?[32mTRACE?[0;39m ?[35m18216?[0;39m ?[2m---?[0;39m ?[2m[io-28852-exec-2]?[0;39m ?[36mestMatcherDelegatingAuthorizationManager?[0;39m ?[2m:?[0;39m Authorizing SecurityContextHolderAwareRequestWrapper[ FirewalledRequest[ org.apache.catalina.core.ApplicationHttpRequest@10b84120]]
?[0m?[0;34m?[2m2023-08-22T13:43:44.045+02:00?[0;39m ?[32mTRACE?[0;39m ?[35m18216?[0;39m ?[2m---?[0;39m ?[2m[io-28852-exec-2]?[0;39m ?[36mestMatcherDelegatingAuthorizationManager?[0;39m ?[2m:?[0;39m Checking authorization on SecurityContextHolderAwareRequestWrapper[ FirewalledRequest[ org.apache.catalina.core.ApplicationHttpRequest@10b84120]] using org.springframework.security.config.annotation.web.configurers.AuthorizeHttpRequestsConfigurer$$Lambda$1316/0x0000000100a4d140@528cc85a
?[0m?[0;34m?[2m2023-08-22T13:43:44.045+02:00?[0;39m ?[32mDEBUG?[0;39m ?[35m18216?[0;39m ?[2m---?[0;39m ?[2m[io-28852-exec-2]?[0;39m ?[36mo.s.security.web.FilterChainProxy       ?[0;39m ?[2m:?[0;39m Secured POST /error
?[0m?[0;34m?[2m2023-08-22T13:43:44.045+02:00?[0;39m ?[32mTRACE?[0;39m ?[35m18216?[0;39m ?[2m---?[0;39m ?[2m[io-28852-exec-2]?[0;39m ?[36m.s.s.w.c.SupplierDeferredSecurityContext?[0;39m ?[2m:?[0;39m Created SecurityContextImpl [Null authentication]
?[0m?[0;34m?[2m2023-08-22T13:43:44.045+02:00?[0;39m ?[32mTRACE?[0;39m ?[35m18216?[0;39m ?[2m---?[0;39m ?[2m[io-28852-exec-2]?[0;39m ?[36mo.s.s.w.a.AnonymousAuthenticationFilter ?[0;39m ?[2m:?[0;39m Set SecurityContextHolder to AnonymousAuthenticationToken [Principal=anonymousUser, Credentials=[PROTECTED], Authenticated=true, Details=WebAuthenticationDetails [RemoteIpAddress=127.0.0.1, SessionId=null], Granted Authorities=[ROLE_ANONYMOUS]]
?[1;31m
Start test 12?[0m
?[0m?[0;34m?[2m2023-08-22T13:43:44.055+02:00?[0;39m ?[32mTRACE?[0;39m ?[35m18216?[0;39m ?[2m---?[0;39m ?[2m[io-28852-exec-3]?[0;39m ?[36mo.s.security.web.FilterChainProxy       ?[0;39m ?[2m:?[0;39m Trying to match request against DefaultSecurityFilterChain [RequestMatcher=any request, Filters=[org.springframework.security.web.session.DisableEncodeUrlFilter@5d51203b, org.springframework.security.web.context.request.async.WebAsyncManagerIntegrationFilter@32be672d, org.springframework.security.web.context.SecurityContextHolderFilter@74f54f8e, org.springframework.security.web.header.HeaderWriterFilter@157ff8f8, org.springframework.security.web.authentication.logout.LogoutFilter@72364a40, org.springframework.security.web.authentication.www.BasicAuthenticationFilter@a23b96b, org.springframework.security.web.savedrequest.RequestCacheAwareFilter@59b8a801, org.springframework.security.web.servletapi.SecurityContextHolderAwareRequestFilter@5aa026e9, org.springframework.security.web.authentication.AnonymousAuthenticationFilter@23e54c8a, org.springframework.security.web.session.SessionManagementFilter@79e3f444, org.springframework.security.web.access.ExceptionTranslationFilter@17a756db, org.springframework.security.web.access.intercept.AuthorizationFilter@55e75ce0]] (1/1)
?[0m?[0;34m?[2m2023-08-22T13:43:44.055+02:00?[0;39m ?[32mDEBUG?[0;39m ?[35m18216?[0;39m ?[2m---?[0;39m ?[2m[io-28852-exec-3]?[0;39m ?[36mo.s.security.web.FilterChainProxy       ?[0;39m ?[2m:?[0;39m Securing POST /api/auth/signup
?[0m?[0;34m?[2m2023-08-22T13:43:44.055+02:00?[0;39m ?[32mTRACE?[0;39m ?[35m18216?[0;39m ?[2m---?[0;39m ?[2m[io-28852-exec-3]?[0;39m ?[36mo.s.security.web.FilterChainProxy       ?[0;39m ?[2m:?[0;39m Invoking DisableEncodeUrlFilter (1/12)
?[0m?[0;34m?[2m2023-08-22T13:43:44.055+02:00?[0;39m ?[32mTRACE?[0;39m ?[35m18216?[0;39m ?[2m---?[0;39m ?[2m[io-28852-exec-3]?[0;39m ?[36mo.s.security.web.FilterChainProxy       ?[0;39m ?[2m:?[0;39m Invoking WebAsyncManagerIntegrationFilter (2/12)
?[0m?[0;34m?[2m2023-08-22T13:43:44.055+02:00?[0;39m ?[32mTRACE?[0;39m ?[35m18216?[0;39m ?[2m---?[0;39m ?[2m[io-28852-exec-3]?[0;39m ?[36mo.s.security.web.FilterChainProxy       ?[0;39m ?[2m:?[0;39m Invoking SecurityContextHolderFilter (3/12)
?[0m?[0;34m?[2m2023-08-22T13:43:44.055+02:00?[0;39m ?[32mTRACE?[0;39m ?[35m18216?[0;39m ?[2m---?[0;39m ?[2m[io-28852-exec-3]?[0;39m ?[36mo.s.security.web.FilterChainProxy       ?[0;39m ?[2m:?[0;39m Invoking HeaderWriterFilter (4/12)
?[0m?[0;34m?[2m2023-08-22T13:43:44.055+02:00?[0;39m ?[32mTRACE?[0;39m ?[35m18216?[0;39m ?[2m---?[0;39m ?[2m[io-28852-exec-3]?[0;39m ?[36mo.s.security.web.FilterChainProxy       ?[0;39m ?[2m:?[0;39m Invoking LogoutFilter (5/12)
?[0m?[0;34m?[2m2023-08-22T13:43:44.055+02:00?[0;39m ?[32mTRACE?[0;39m ?[35m18216?[0;39m ?[2m---?[0;39m ?[2m[io-28852-exec-3]?[0;39m ?[36mo.s.s.w.a.logout.LogoutFilter           ?[0;39m ?[2m:?[0;39m Did not match request to Or [Ant [pattern='/logout', GET], Ant [pattern='/logout', POST], Ant [pattern='/logout', PUT], Ant [pattern='/logout', DELETE]]
?[0m?[0;34m?[2m2023-08-22T13:43:44.055+02:00?[0;39m ?[32mTRACE?[0;39m ?[35m18216?[0;39m ?[2m---?[0;39m ?[2m[io-28852-exec-3]?[0;39m ?[36mo.s.security.web.FilterChainProxy       ?[0;39m ?[2m:?[0;39m Invoking BasicAuthenticationFilter (6/12)
?[0m?[0;34m?[2m2023-08-22T13:43:44.055+02:00?[0;39m ?[32mTRACE?[0;39m ?[35m18216?[0;39m ?[2m---?[0;39m ?[2m[io-28852-exec-3]?[0;39m ?[36mo.s.s.w.a.www.BasicAuthenticationFilter ?[0;39m ?[2m:?[0;39m Did not process authentication request since failed to find username and password in Basic Authorization header
?[0m?[0;34m?[2m2023-08-22T13:43:44.055+02:00?[0;39m ?[32mTRACE?[0;39m ?[35m18216?[0;39m ?[2m---?[0;39m ?[2m[io-28852-exec-3]?[0;39m ?[36mo.s.security.web.FilterChainProxy       ?[0;39m ?[2m:?[0;39m Invoking RequestCacheAwareFilter (7/12)
?[0m?[0;34m?[2m2023-08-22T13:43:44.055+02:00?[0;39m ?[32mTRACE?[0;39m ?[35m18216?[0;39m ?[2m---?[0;39m ?[2m[io-28852-exec-3]?[0;39m ?[36mo.s.security.web.FilterChainProxy       ?[0;39m ?[2m:?[0;39m Invoking SecurityContextHolderAwareRequestFilter (8/12)
?[0m?[0;34m?[2m2023-08-22T13:43:44.056+02:00?[0;39m ?[32mTRACE?[0;39m ?[35m18216?[0;39m ?[2m---?[0;39m ?[2m[io-28852-exec-3]?[0;39m ?[36mo.s.security.web.FilterChainProxy       ?[0;39m ?[2m:?[0;39m Invoking AnonymousAuthenticationFilter (9/12)
?[0m?[0;34m?[2m2023-08-22T13:43:44.056+02:00?[0;39m ?[32mTRACE?[0;39m ?[35m18216?[0;39m ?[2m---?[0;39m ?[2m[io-28852-exec-3]?[0;39m ?[36mo.s.security.web.FilterChainProxy       ?[0;39m ?[2m:?[0;39m Invoking SessionManagementFilter (10/12)
?[0m?[0;34m?[2m2023-08-22T13:43:44.056+02:00?[0;39m ?[32mTRACE?[0;39m ?[35m18216?[0;39m ?[2m---?[0;39m ?[2m[io-28852-exec-3]?[0;39m ?[36m.s.s.w.c.SupplierDeferredSecurityContext?[0;39m ?[2m:?[0;39m Created SecurityContextImpl [Null authentication]
?[0m?[0;34m?[2m2023-08-22T13:43:44.056+02:00?[0;39m ?[32mTRACE?[0;39m ?[35m18216?[0;39m ?[2m---?[0;39m ?[2m[io-28852-exec-3]?[0;39m ?[36mo.s.s.w.a.AnonymousAuthenticationFilter ?[0;39m ?[2m:?[0;39m Set SecurityContextHolder to AnonymousAuthenticationToken [Principal=anonymousUser, Credentials=[PROTECTED], Authenticated=true, Details=WebAuthenticationDetails [RemoteIpAddress=127.0.0.1, SessionId=null], Granted Authorities=[ROLE_ANONYMOUS]]
?[0m?[0;34m?[2m2023-08-22T13:43:44.056+02:00?[0;39m ?[32mTRACE?[0;39m ?[35m18216?[0;39m ?[2m---?[0;39m ?[2m[io-28852-exec-3]?[0;39m ?[36mo.s.security.web.FilterChainProxy       ?[0;39m ?[2m:?[0;39m Invoking ExceptionTranslationFilter (11/12)
?[0m?[0;34m?[2m2023-08-22T13:43:44.056+02:00?[0;39m ?[32mTRACE?[0;39m ?[35m18216?[0;39m ?[2m---?[0;39m ?[2m[io-28852-exec-3]?[0;39m ?[36mo.s.security.web.FilterChainProxy       ?[0;39m ?[2m:?[0;39m Invoking AuthorizationFilter (12/12)
?[0m?[0;34m?[2m2023-08-22T13:43:44.056+02:00?[0;39m ?[32mTRACE?[0;39m ?[35m18216?[0;39m ?[2m---?[0;39m ?[2m[io-28852-exec-3]?[0;39m ?[36mestMatcherDelegatingAuthorizationManager?[0;39m ?[2m:?[0;39m Authorizing SecurityContextHolderAwareRequestWrapper[ org.springframework.security.web.header.HeaderWriterFilter$HeaderWriterRequest@7806e9bf]
?[0m?[0;34m?[2m2023-08-22T13:43:44.056+02:00?[0;39m ?[32mTRACE?[0;39m ?[35m18216?[0;39m ?[2m---?[0;39m ?[2m[io-28852-exec-3]?[0;39m ?[36mestMatcherDelegatingAuthorizationManager?[0;39m ?[2m:?[0;39m Checking authorization on SecurityContextHolderAwareRequestWrapper[ org.springframework.security.web.header.HeaderWriterFilter$HeaderWriterRequest@7806e9bf] using org.springframework.security.config.annotation.web.configurers.AuthorizeHttpRequestsConfigurer$$Lambda$1316/0x0000000100a4d140@528cc85a
?[0m?[0;34m?[2m2023-08-22T13:43:44.057+02:00?[0;39m ?[32mDEBUG?[0;39m ?[35m18216?[0;39m ?[2m---?[0;39m ?[2m[io-28852-exec-3]?[0;39m ?[36mo.s.security.web.FilterChainProxy       ?[0;39m ?[2m:?[0;39m Secured POST /api/auth/signup
?[0m?[0;34mHibernate: select u1_0.id from users u1_0 where upper(u1_0.email)=upper(?) fetch first ? rows only
?[0m?[0;34mHibernate: insert into users (id, email, lastname, name, password) values (default, ?, ?, ?, ?)
?[0m?[0;34m?[2m2023-08-22T13:43:44.200+02:00?[0;39m ?[32mTRACE?[0;39m ?[35m18216?[0;39m ?[2m---?[0;39m ?[2m[io-28852-exec-3]?[0;39m ?[36mo.s.s.w.header.writers.HstsHeaderWriter ?[0;39m ?[2m:?[0;39m Not injecting HSTS header since it did not match request to [Is Secure]
?[0m?[0;34m?[2m2023-08-22T13:43:44.208+02:00?[0;39m ?[32mTRACE?[0;39m ?[35m18216?[0;39m ?[2m---?[0;39m ?[2m[io-28852-exec-4]?[0;39m ?[36mo.s.security.web.FilterChainProxy       ?[0;39m ?[2m:?[0;39m Trying to match request against DefaultSecurityFilterChain [RequestMatcher=any request, Filters=[org.springframework.security.web.session.DisableEncodeUrlFilter@5d51203b, org.springframework.security.web.context.request.async.WebAsyncManagerIntegrationFilter@32be672d, org.springframework.security.web.context.SecurityContextHolderFilter@74f54f8e, org.springframework.security.web.header.HeaderWriterFilter@157ff8f8, org.springframework.security.web.authentication.logout.LogoutFilter@72364a40, org.springframework.security.web.authentication.www.BasicAuthenticationFilter@a23b96b, org.springframework.security.web.savedrequest.RequestCacheAwareFilter@59b8a801, org.springframework.security.web.servletapi.SecurityContextHolderAwareRequestFilter@5aa026e9, org.springframework.security.web.authentication.AnonymousAuthenticationFilter@23e54c8a, org.springframework.security.web.session.SessionManagementFilter@79e3f444, org.springframework.security.web.access.ExceptionTranslationFilter@17a756db, org.springframework.security.web.access.intercept.AuthorizationFilter@55e75ce0]] (1/1)
?[0m?[0;34m?[2m2023-08-22T13:43:44.208+02:00?[0;39m ?[32mDEBUG?[0;39m ?[35m18216?[0;39m ?[2m---?[0;39m ?[2m[io-28852-exec-4]?[0;39m ?[36mo.s.security.web.FilterChainProxy       ?[0;39m ?[2m:?[0;39m Securing POST /api/auth/signup
?[0m?[0;34m?[2m2023-08-22T13:43:44.208+02:00?[0;39m ?[32mTRACE?[0;39m ?[35m18216?[0;39m ?[2m---?[0;39m ?[2m[io-28852-exec-4]?[0;39m ?[36mo.s.security.web.FilterChainProxy       ?[0;39m ?[2m:?[0;39m Invoking DisableEncodeUrlFilter (1/12)
?[0m?[0;34m?[2m2023-08-22T13:43:44.208+02:00?[0;39m ?[32mTRACE?[0;39m ?[35m18216?[0;39m ?[2m---?[0;39m ?[2m[io-28852-exec-4]?[0;39m ?[36mo.s.security.web.FilterChainProxy       ?[0;39m ?[2m:?[0;39m Invoking WebAsyncManagerIntegrationFilter (2/12)
?[0m?[0;34m?[2m2023-08-22T13:43:44.208+02:00?[0;39m ?[32mTRACE?[0;39m ?[35m18216?[0;39m ?[2m---?[0;39m ?[2m[io-28852-exec-4]?[0;39m ?[36mo.s.security.web.FilterChainProxy       ?[0;39m ?[2m:?[0;39m Invoking SecurityContextHolderFilter (3/12)
?[0m?[0;34m?[2m2023-08-22T13:43:44.208+02:00?[0;39m ?[32mTRACE?[0;39m ?[35m18216?[0;39m ?[2m---?[0;39m ?[2m[io-28852-exec-4]?[0;39m ?[36mo.s.security.web.FilterChainProxy       ?[0;39m ?[2m:?[0;39m Invoking HeaderWriterFilter (4/12)
?[0m?[0;34m?[2m2023-08-22T13:43:44.208+02:00?[0;39m ?[32mTRACE?[0;39m ?[35m18216?[0;39m ?[2m---?[0;39m ?[2m[io-28852-exec-4]?[0;39m ?[36mo.s.security.web.FilterChainProxy       ?[0;39m ?[2m:?[0;39m Invoking LogoutFilter (5/12)
?[0m?[0;34m?[2m2023-08-22T13:43:44.208+02:00?[0;39m ?[32mTRACE?[0;39m ?[35m18216?[0;39m ?[2m---?[0;39m ?[2m[io-28852-exec-4]?[0;39m ?[36mo.s.s.w.a.logout.LogoutFilter           ?[0;39m ?[2m:?[0;39m Did not match request to Or [Ant [pattern='/logout', GET], Ant [pattern='/logout', POST], Ant [pattern='/logout', PUT], Ant [pattern='/logout', DELETE]]
?[0m?[0;34m?[2m2023-08-22T13:43:44.208+02:00?[0;39m ?[32mTRACE?[0;39m ?[35m18216?[0;39m ?[2m---?[0;39m ?[2m[io-28852-exec-4]?[0;39m ?[36mo.s.security.web.FilterChainProxy       ?[0;39m ?[2m:?[0;39m Invoking BasicAuthenticationFilter (6/12)
?[0m?[0;34m?[2m2023-08-22T13:43:44.208+02:00?[0;39m ?[32mTRACE?[0;39m ?[35m18216?[0;39m ?[2m---?[0;39m ?[2m[io-28852-exec-4]?[0;39m ?[36mo.s.s.w.a.www.BasicAuthenticationFilter ?[0;39m ?[2m:?[0;39m Did not process authentication request since failed to find username and password in Basic Authorization header
?[0m?[0;34m?[2m2023-08-22T13:43:44.208+02:00?[0;39m ?[32mTRACE?[0;39m ?[35m18216?[0;39m ?[2m---?[0;39m ?[2m[io-28852-exec-4]?[0;39m ?[36mo.s.security.web.FilterChainProxy       ?[0;39m ?[2m:?[0;39m Invoking RequestCacheAwareFilter (7/12)
?[0m?[0;34m?[2m2023-08-22T13:43:44.208+02:00?[0;39m ?[32mTRACE?[0;39m ?[35m18216?[0;39m ?[2m---?[0;39m ?[2m[io-28852-exec-4]?[0;39m ?[36mo.s.security.web.FilterChainProxy       ?[0;39m ?[2m:?[0;39m Invoking SecurityContextHolderAwareRequestFilter (8/12)
?[0m?[0;34m?[2m2023-08-22T13:43:44.208+02:00?[0;39m ?[32mTRACE?[0;39m ?[35m18216?[0;39m ?[2m---?[0;39m ?[2m[io-28852-exec-4]?[0;39m ?[36mo.s.security.web.FilterChainProxy       ?[0;39m ?[2m:?[0;39m Invoking AnonymousAuthenticationFilter (9/12)
?[0m?[0;34m?[2m2023-08-22T13:43:44.208+02:00?[0;39m ?[32mTRACE?[0;39m ?[35m18216?[0;39m ?[2m---?[0;39m ?[2m[io-28852-exec-4]?[0;39m ?[36mo.s.security.web.FilterChainProxy       ?[0;39m ?[2m:?[0;39m Invoking SessionManagementFilter (10/12)
?[0m?[0;34m?[2m2023-08-22T13:43:44.208+02:00?[0;39m ?[32mTRACE?[0;39m ?[35m18216?[0;39m ?[2m---?[0;39m ?[2m[io-28852-exec-4]?[0;39m ?[36m.s.s.w.c.SupplierDeferredSecurityContext?[0;39m ?[2m:?[0;39m Created SecurityContextImpl [Null authentication]
?[0m?[0;34m?[2m2023-08-22T13:43:44.209+02:00?[0;39m ?[32mTRACE?[0;39m ?[35m18216?[0;39m ?[2m---?[0;39m ?[2m[io-28852-exec-4]?[0;39m ?[36mo.s.s.w.a.AnonymousAuthenticationFilter ?[0;39m ?[2m:?[0;39m Set SecurityContextHolder to AnonymousAuthenticationToken [Principal=anonymousUser, Credentials=[PROTECTED], Authenticated=true, Details=WebAuthenticationDetails [RemoteIpAddress=127.0.0.1, SessionId=null], Granted Authorities=[ROLE_ANONYMOUS]]
?[0m?[0;34m?[2m2023-08-22T13:43:44.209+02:00?[0;39m ?[32mTRACE?[0;39m ?[35m18216?[0;39m ?[2m---?[0;39m ?[2m[io-28852-exec-4]?[0;39m ?[36mo.s.security.web.FilterChainProxy       ?[0;39m ?[2m:?[0;39m Invoking ExceptionTranslationFilter (11/12)
?[0m?[0;34m?[2m2023-08-22T13:43:44.209+02:00?[0;39m ?[32mTRACE?[0;39m ?[35m18216?[0;39m ?[2m---?[0;39m ?[2m[io-28852-exec-4]?[0;39m ?[36mo.s.security.web.FilterChainProxy       ?[0;39m ?[2m:?[0;39m Invoking AuthorizationFilter (12/12)
?[0m?[0;34m?[2m2023-08-22T13:43:44.209+02:00?[0;39m ?[32mTRACE?[0;39m ?[35m18216?[0;39m ?[2m---?[0;39m ?[2m[io-28852-exec-4]?[0;39m ?[36mestMatcherDelegatingAuthorizationManager?[0;39m ?[2m:?[0;39m Authorizing SecurityContextHolderAwareRequestWrapper[ org.springframework.security.web.header.HeaderWriterFilter$HeaderWriterRequest@b516dbd]
?[0m?[0;34m?[2m2023-08-22T13:43:44.209+02:00?[0;39m ?[32mTRACE?[0;39m ?[35m18216?[0;39m ?[2m---?[0;39m ?[2m[io-28852-exec-4]?[0;39m ?[36mestMatcherDelegatingAuthorizationManager?[0;39m ?[2m:?[0;39m Checking authorization on SecurityContextHolderAwareRequestWrapper[ org.springframework.security.web.header.HeaderWriterFilter$HeaderWriterRequest@b516dbd] using org.springframework.security.config.annotation.web.configurers.AuthorizeHttpRequestsConfigurer$$Lambda$1316/0x0000000100a4d140@528cc85a
?[0m?[0;34m?[2m2023-08-22T13:43:44.209+02:00?[0;39m ?[32mDEBUG?[0;39m ?[35m18216?[0;39m ?[2m---?[0;39m ?[2m[io-28852-exec-4]?[0;39m ?[36mo.s.security.web.FilterChainProxy       ?[0;39m ?[2m:?[0;39m Secured POST /api/auth/signup
?[0m?[0;34mHibernate: select u1_0.id from users u1_0 where upper(u1_0.email)=upper(?) fetch first ? rows only
?[0m?[0;34m?[2m2023-08-22T13:43:44.215+02:00?[0;39m ?[32mTRACE?[0;39m ?[35m18216?[0;39m ?[2m---?[0;39m ?[2m[io-28852-exec-4]?[0;39m ?[36mo.s.s.w.header.writers.HstsHeaderWriter ?[0;39m ?[2m:?[0;39m Not injecting HSTS header since it did not match request to [Is Secure]
?[0m?[0;34m?[2m2023-08-22T13:43:44.217+02:00?[0;39m ?[32mTRACE?[0;39m ?[35m18216?[0;39m ?[2m---?[0;39m ?[2m[io-28852-exec-4]?[0;39m ?[36mo.s.security.web.FilterChainProxy       ?[0;39m ?[2m:?[0;39m Trying to match request against DefaultSecurityFilterChain [RequestMatcher=any request, Filters=[org.springframework.security.web.session.DisableEncodeUrlFilter@5d51203b, org.springframework.security.web.context.request.async.WebAsyncManagerIntegrationFilter@32be672d, org.springframework.security.web.context.SecurityContextHolderFilter@74f54f8e, org.springframework.security.web.header.HeaderWriterFilter@157ff8f8, org.springframework.security.web.authentication.logout.LogoutFilter@72364a40, org.springframework.security.web.authentication.www.BasicAuthenticationFilter@a23b96b, org.springframework.security.web.savedrequest.RequestCacheAwareFilter@59b8a801, org.springframework.security.web.servletapi.SecurityContextHolderAwareRequestFilter@5aa026e9, org.springframework.security.web.authentication.AnonymousAuthenticationFilter@23e54c8a, org.springframework.security.web.session.SessionManagementFilter@79e3f444, org.springframework.security.web.access.ExceptionTranslationFilter@17a756db, org.springframework.security.web.access.intercept.AuthorizationFilter@55e75ce0]] (1/1)
?[0m?[0;34m?[2m2023-08-22T13:43:44.217+02:00?[0;39m ?[32mDEBUG?[0;39m ?[35m18216?[0;39m ?[2m---?[0;39m ?[2m[io-28852-exec-4]?[0;39m ?[36mo.s.security.web.FilterChainProxy       ?[0;39m ?[2m:?[0;39m Securing POST /error
?[0m?[0;34m?[2m2023-08-22T13:43:44.217+02:00?[0;39m ?[32mTRACE?[0;39m ?[35m18216?[0;39m ?[2m---?[0;39m ?[2m[io-28852-exec-4]?[0;39m ?[36mo.s.security.web.FilterChainProxy       ?[0;39m ?[2m:?[0;39m Invoking DisableEncodeUrlFilter (1/12)
?[0m?[0;34m?[2m2023-08-22T13:43:44.217+02:00?[0;39m ?[32mTRACE?[0;39m ?[35m18216?[0;39m ?[2m---?[0;39m ?[2m[io-28852-exec-4]?[0;39m ?[36mo.s.security.web.FilterChainProxy       ?[0;39m ?[2m:?[0;39m Invoking WebAsyncManagerIntegrationFilter (2/12)
?[0m?[0;34m?[2m2023-08-22T13:43:44.218+02:00?[0;39m ?[32mTRACE?[0;39m ?[35m18216?[0;39m ?[2m---?[0;39m ?[2m[io-28852-exec-4]?[0;39m ?[36mo.s.security.web.FilterChainProxy       ?[0;39m ?[2m:?[0;39m Invoking SecurityContextHolderFilter (3/12)
?[0m?[0;34m?[2m2023-08-22T13:43:44.218+02:00?[0;39m ?[32mTRACE?[0;39m ?[35m18216?[0;39m ?[2m---?[0;39m ?[2m[io-28852-exec-4]?[0;39m ?[36mo.s.security.web.FilterChainProxy       ?[0;39m ?[2m:?[0;39m Invoking HeaderWriterFilter (4/12)
?[0m?[0;34m?[2m2023-08-22T13:43:44.218+02:00?[0;39m ?[32mTRACE?[0;39m ?[35m18216?[0;39m ?[2m---?[0;39m ?[2m[io-28852-exec-4]?[0;39m ?[36mo.s.security.web.FilterChainProxy       ?[0;39m ?[2m:?[0;39m Invoking LogoutFilter (5/12)
?[0m?[0;34m?[2m2023-08-22T13:43:44.218+02:00?[0;39m ?[32mTRACE?[0;39m ?[35m18216?[0;39m ?[2m---?[0;39m ?[2m[io-28852-exec-4]?[0;39m ?[36mo.s.s.w.a.logout.LogoutFilter           ?[0;39m ?[2m:?[0;39m Did not match request to Or [Ant [pattern='/logout', GET], Ant [pattern='/logout', POST], Ant [pattern='/logout', PUT], Ant [pattern='/logout', DELETE]]
?[0m?[0;34m?[2m2023-08-22T13:43:44.218+02:00?[0;39m ?[32mTRACE?[0;39m ?[35m18216?[0;39m ?[2m---?[0;39m ?[2m[io-28852-exec-4]?[0;39m ?[36mo.s.security.web.FilterChainProxy       ?[0;39m ?[2m:?[0;39m Invoking BasicAuthenticationFilter (6/12)
?[0m?[0;34m?[2m2023-08-22T13:43:44.218+02:00?[0;39m ?[32mTRACE?[0;39m ?[35m18216?[0;39m ?[2m---?[0;39m ?[2m[io-28852-exec-4]?[0;39m ?[36mo.s.security.web.FilterChainProxy       ?[0;39m ?[2m:?[0;39m Invoking RequestCacheAwareFilter (7/12)
?[0m?[0;34m?[2m2023-08-22T13:43:44.218+02:00?[0;39m ?[32mTRACE?[0;39m ?[35m18216?[0;39m ?[2m---?[0;39m ?[2m[io-28852-exec-4]?[0;39m ?[36mo.s.security.web.FilterChainProxy       ?[0;39m ?[2m:?[0;39m Invoking SecurityContextHolderAwareRequestFilter (8/12)
?[0m?[0;34m?[2m2023-08-22T13:43:44.218+02:00?[0;39m ?[32mTRACE?[0;39m ?[35m18216?[0;39m ?[2m---?[0;39m ?[2m[io-28852-exec-4]?[0;39m ?[36mo.s.security.web.FilterChainProxy       ?[0;39m ?[2m:?[0;39m Invoking AnonymousAuthenticationFilter (9/12)
?[0m?[0;34m?[2m2023-08-22T13:43:44.218+02:00?[0;39m ?[32mTRACE?[0;39m ?[35m18216?[0;39m ?[2m---?[0;39m ?[2m[io-28852-exec-4]?[0;39m ?[36mo.s.security.web.FilterChainProxy       ?[0;39m ?[2m:?[0;39m Invoking SessionManagementFilter (10/12)
?[0m?[0;34m?[2m2023-08-22T13:43:44.218+02:00?[0;39m ?[32mTRACE?[0;39m ?[35m18216?[0;39m ?[2m---?[0;39m ?[2m[io-28852-exec-4]?[0;39m ?[36mo.s.security.web.FilterChainProxy       ?[0;39m ?[2m:?[0;39m Invoking ExceptionTranslationFilter (11/12)
?[0m?[0;34m?[2m2023-08-22T13:43:44.218+02:00?[0;39m ?[32mTRACE?[0;39m ?[35m18216?[0;39m ?[2m---?[0;39m ?[2m[io-28852-exec-4]?[0;39m ?[36mo.s.security.web.FilterChainProxy       ?[0;39m ?[2m:?[0;39m Invoking AuthorizationFilter (12/12)
?[0m?[0;34m?[2m2023-08-22T13:43:44.218+02:00?[0;39m ?[32mTRACE?[0;39m ?[35m18216?[0;39m ?[2m---?[0;39m ?[2m[io-28852-exec-4]?[0;39m ?[36mestMatcherDelegatingAuthorizationManager?[0;39m ?[2m:?[0;39m Authorizing SecurityContextHolderAwareRequestWrapper[ FirewalledRequest[ org.apache.catalina.core.ApplicationHttpRequest@5ec33bf5]]
?[0m?[0;34m?[2m2023-08-22T13:43:44.218+02:00?[0;39m ?[32mTRACE?[0;39m ?[35m18216?[0;39m ?[2m---?[0;39m ?[2m[io-28852-exec-4]?[0;39m ?[36mestMatcherDelegatingAuthorizationManager?[0;39m ?[2m:?[0;39m Checking authorization on SecurityContextHolderAwareRequestWrapper[ FirewalledRequest[ org.apache.catalina.core.ApplicationHttpRequest@5ec33bf5]] using org.springframework.security.config.annotation.web.configurers.AuthorizeHttpRequestsConfigurer$$Lambda$1316/0x0000000100a4d140@528cc85a
?[0m?[0;34m?[2m2023-08-22T13:43:44.219+02:00?[0;39m ?[32mDEBUG?[0;39m ?[35m18216?[0;39m ?[2m---?[0;39m ?[2m[io-28852-exec-4]?[0;39m ?[36mo.s.security.web.FilterChainProxy       ?[0;39m ?[2m:?[0;39m Secured POST /error
?[0m?[0;34m?[2m2023-08-22T13:43:44.219+02:00?[0;39m ?[32mTRACE?[0;39m ?[35m18216?[0;39m ?[2m---?[0;39m ?[2m[io-28852-exec-4]?[0;39m ?[36m.s.s.w.c.SupplierDeferredSecurityContext?[0;39m ?[2m:?[0;39m Created SecurityContextImpl [Null authentication]
?[0m?[0;34m?[2m2023-08-22T13:43:44.219+02:00?[0;39m ?[32mTRACE?[0;39m ?[35m18216?[0;39m ?[2m---?[0;39m ?[2m[io-28852-exec-4]?[0;39m ?[36mo.s.s.w.a.AnonymousAuthenticationFilter ?[0;39m ?[2m:?[0;39m Set SecurityContextHolder to AnonymousAuthenticationToken [Principal=anonymousUser, Credentials=[PROTECTED], Authenticated=true, Details=WebAuthenticationDetails [RemoteIpAddress=127.0.0.1, SessionId=null], Granted Authorities=[ROLE_ANONYMOUS]]
?[1;31m
Start test 13?[0m
?[0m?[0;34m?[2m2023-08-22T13:43:44.231+02:00?[0;39m ?[32mTRACE?[0;39m ?[35m18216?[0;39m ?[2m---?[0;39m ?[2m[io-28852-exec-6]?[0;39m ?[36mo.s.security.web.FilterChainProxy       ?[0;39m ?[2m:?[0;39m Trying to match request against DefaultSecurityFilterChain [RequestMatcher=any request, Filters=[org.springframework.security.web.session.DisableEncodeUrlFilter@5d51203b, org.springframework.security.web.context.request.async.WebAsyncManagerIntegrationFilter@32be672d, org.springframework.security.web.context.SecurityContextHolderFilter@74f54f8e, org.springframework.security.web.header.HeaderWriterFilter@157ff8f8, org.springframework.security.web.authentication.logout.LogoutFilter@72364a40, org.springframework.security.web.authentication.www.BasicAuthenticationFilter@a23b96b, org.springframework.security.web.savedrequest.RequestCacheAwareFilter@59b8a801, org.springframework.security.web.servletapi.SecurityContextHolderAwareRequestFilter@5aa026e9, org.springframework.security.web.authentication.AnonymousAuthenticationFilter@23e54c8a, org.springframework.security.web.session.SessionManagementFilter@79e3f444, org.springframework.security.web.access.ExceptionTranslationFilter@17a756db, org.springframework.security.web.access.intercept.AuthorizationFilter@55e75ce0]] (1/1)
?[0m?[0;34m?[2m2023-08-22T13:43:44.231+02:00?[0;39m ?[32mDEBUG?[0;39m ?[35m18216?[0;39m ?[2m---?[0;39m ?[2m[io-28852-exec-6]?[0;39m ?[36mo.s.security.web.FilterChainProxy       ?[0;39m ?[2m:?[0;39m Securing POST /api/auth/signup
?[0m?[0;34m?[2m2023-08-22T13:43:44.231+02:00?[0;39m ?[32mTRACE?[0;39m ?[35m18216?[0;39m ?[2m---?[0;39m ?[2m[io-28852-exec-6]?[0;39m ?[36mo.s.security.web.FilterChainProxy       ?[0;39m ?[2m:?[0;39m Invoking DisableEncodeUrlFilter (1/12)
?[0m?[0;34m?[2m2023-08-22T13:43:44.231+02:00?[0;39m ?[32mTRACE?[0;39m ?[35m18216?[0;39m ?[2m---?[0;39m ?[2m[io-28852-exec-6]?[0;39m ?[36mo.s.security.web.FilterChainProxy       ?[0;39m ?[2m:?[0;39m Invoking WebAsyncManagerIntegrationFilter (2/12)
?[0m?[0;34m?[2m2023-08-22T13:43:44.232+02:00?[0;39m ?[32mTRACE?[0;39m ?[35m18216?[0;39m ?[2m---?[0;39m ?[2m[io-28852-exec-6]?[0;39m ?[36mo.s.security.web.FilterChainProxy       ?[0;39m ?[2m:?[0;39m Invoking SecurityContextHolderFilter (3/12)
?[0m?[0;34m?[2m2023-08-22T13:43:44.232+02:00?[0;39m ?[32mTRACE?[0;39m ?[35m18216?[0;39m ?[2m---?[0;39m ?[2m[io-28852-exec-6]?[0;39m ?[36mo.s.security.web.FilterChainProxy       ?[0;39m ?[2m:?[0;39m Invoking HeaderWriterFilter (4/12)
?[0m?[0;34m?[2m2023-08-22T13:43:44.232+02:00?[0;39m ?[32mTRACE?[0;39m ?[35m18216?[0;39m ?[2m---?[0;39m ?[2m[io-28852-exec-6]?[0;39m ?[36mo.s.security.web.FilterChainProxy       ?[0;39m ?[2m:?[0;39m Invoking LogoutFilter (5/12)
?[0m?[0;34m?[2m2023-08-22T13:43:44.232+02:00?[0;39m ?[32mTRACE?[0;39m ?[35m18216?[0;39m ?[2m---?[0;39m ?[2m[io-28852-exec-6]?[0;39m ?[36mo.s.s.w.a.logout.LogoutFilter           ?[0;39m ?[2m:?[0;39m Did not match request to Or [Ant [pattern='/logout', GET], Ant [pattern='/logout', POST], Ant [pattern='/logout', PUT], Ant [pattern='/logout', DELETE]]
?[0m?[0;34m?[2m2023-08-22T13:43:44.232+02:00?[0;39m ?[32mTRACE?[0;39m ?[35m18216?[0;39m ?[2m---?[0;39m ?[2m[io-28852-exec-6]?[0;39m ?[36mo.s.security.web.FilterChainProxy       ?[0;39m ?[2m:?[0;39m Invoking BasicAuthenticationFilter (6/12)
?[0m?[0;34m?[2m2023-08-22T13:43:44.232+02:00?[0;39m ?[32mTRACE?[0;39m ?[35m18216?[0;39m ?[2m---?[0;39m ?[2m[io-28852-exec-6]?[0;39m ?[36mo.s.s.w.a.www.BasicAuthenticationFilter ?[0;39m ?[2m:?[0;39m Did not process authentication request since failed to find username and password in Basic Authorization header
?[0m?[0;34m?[2m2023-08-22T13:43:44.232+02:00?[0;39m ?[32mTRACE?[0;39m ?[35m18216?[0;39m ?[2m---?[0;39m ?[2m[io-28852-exec-6]?[0;39m ?[36mo.s.security.web.FilterChainProxy       ?[0;39m ?[2m:?[0;39m Invoking RequestCacheAwareFilter (7/12)
?[0m?[0;34m?[2m2023-08-22T13:43:44.232+02:00?[0;39m ?[32mTRACE?[0;39m ?[35m18216?[0;39m ?[2m---?[0;39m ?[2m[io-28852-exec-6]?[0;39m ?[36mo.s.security.web.FilterChainProxy       ?[0;39m ?[2m:?[0;39m Invoking SecurityContextHolderAwareRequestFilter (8/12)
?[0m?[0;34m?[2m2023-08-22T13:43:44.232+02:00?[0;39m ?[32mTRACE?[0;39m ?[35m18216?[0;39m ?[2m---?[0;39m ?[2m[io-28852-exec-6]?[0;39m ?[36mo.s.security.web.FilterChainProxy       ?[0;39m ?[2m:?[0;39m Invoking AnonymousAuthenticationFilter (9/12)
?[0m?[0;34m?[2m2023-08-22T13:43:44.232+02:00?[0;39m ?[32mTRACE?[0;39m ?[35m18216?[0;39m ?[2m---?[0;39m ?[2m[io-28852-exec-6]?[0;39m ?[36mo.s.security.web.FilterChainProxy       ?[0;39m ?[2m:?[0;39m Invoking SessionManagementFilter (10/12)
?[0m?[0;34m?[2m2023-08-22T13:43:44.232+02:00?[0;39m ?[32mTRACE?[0;39m ?[35m18216?[0;39m ?[2m---?[0;39m ?[2m[io-28852-exec-6]?[0;39m ?[36m.s.s.w.c.SupplierDeferredSecurityContext?[0;39m ?[2m:?[0;39m Created SecurityContextImpl [Null authentication]
?[0m?[0;34m?[2m2023-08-22T13:43:44.232+02:00?[0;39m ?[32mTRACE?[0;39m ?[35m18216?[0;39m ?[2m---?[0;39m ?[2m[io-28852-exec-6]?[0;39m ?[36mo.s.s.w.a.AnonymousAuthenticationFilter ?[0;39m ?[2m:?[0;39m Set SecurityContextHolder to AnonymousAuthenticationToken [Principal=anonymousUser, Credentials=[PROTECTED], Authenticated=true, Details=WebAuthenticationDetails [RemoteIpAddress=127.0.0.1, SessionId=null], Granted Authorities=[ROLE_ANONYMOUS]]
?[0m?[0;34m?[2m2023-08-22T13:43:44.232+02:00?[0;39m ?[32mTRACE?[0;39m ?[35m18216?[0;39m ?[2m---?[0;39m ?[2m[io-28852-exec-6]?[0;39m ?[36mo.s.security.web.FilterChainProxy       ?[0;39m ?[2m:?[0;39m Invoking ExceptionTranslationFilter (11/12)
?[0m?[0;34m?[2m2023-08-22T13:43:44.232+02:00?[0;39m ?[32mTRACE?[0;39m ?[35m18216?[0;39m ?[2m---?[0;39m ?[2m[io-28852-exec-6]?[0;39m ?[36mo.s.security.web.FilterChainProxy       ?[0;39m ?[2m:?[0;39m Invoking AuthorizationFilter (12/12)
?[0m?[0;34m?[2m2023-08-22T13:43:44.233+02:00?[0;39m ?[32mTRACE?[0;39m ?[35m18216?[0;39m ?[2m---?[0;39m ?[2m[io-28852-exec-6]?[0;39m ?[36mestMatcherDelegatingAuthorizationManager?[0;39m ?[2m:?[0;39m Authorizing SecurityContextHolderAwareRequestWrapper[ org.springframework.security.web.header.HeaderWriterFilter$HeaderWriterRequest@c23d7aa]
?[0m?[0;34m?[2m2023-08-22T13:43:44.233+02:00?[0;39m ?[32mTRACE?[0;39m ?[35m18216?[0;39m ?[2m---?[0;39m ?[2m[io-28852-exec-6]?[0;39m ?[36mestMatcherDelegatingAuthorizationManager?[0;39m ?[2m:?[0;39m Checking authorization on SecurityContextHolderAwareRequestWrapper[ org.springframework.security.web.header.HeaderWriterFilter$HeaderWriterRequest@c23d7aa] using org.springframework.security.config.annotation.web.configurers.AuthorizeHttpRequestsConfigurer$$Lambda$1316/0x0000000100a4d140@528cc85a
?[0m?[0;34m?[2m2023-08-22T13:43:44.233+02:00?[0;39m ?[32mDEBUG?[0;39m ?[35m18216?[0;39m ?[2m---?[0;39m ?[2m[io-28852-exec-6]?[0;39m ?[36mo.s.security.web.FilterChainProxy       ?[0;39m ?[2m:?[0;39m Secured POST /api/auth/signup
?[0m?[0;34mHibernate: select u1_0.id from users u1_0 where upper(u1_0.email)=upper(?) fetch first ? rows only
?[0m?[0;34m?[2m2023-08-22T13:43:44.237+02:00?[0;39m ?[32mTRACE?[0;39m ?[35m18216?[0;39m ?[2m---?[0;39m ?[2m[io-28852-exec-6]?[0;39m ?[36mo.s.s.w.header.writers.HstsHeaderWriter ?[0;39m ?[2m:?[0;39m Not injecting HSTS header since it did not match request to [Is Secure]
?[0m?[0;34m?[2m2023-08-22T13:43:44.240+02:00?[0;39m ?[32mTRACE?[0;39m ?[35m18216?[0;39m ?[2m---?[0;39m ?[2m[io-28852-exec-6]?[0;39m ?[36mo.s.security.web.FilterChainProxy       ?[0;39m ?[2m:?[0;39m Trying to match request against DefaultSecurityFilterChain [RequestMatcher=any request, Filters=[org.springframework.security.web.session.DisableEncodeUrlFilter@5d51203b, org.springframework.security.web.context.request.async.WebAsyncManagerIntegrationFilter@32be672d, org.springframework.security.web.context.SecurityContextHolderFilter@74f54f8e, org.springframework.security.web.header.HeaderWriterFilter@157ff8f8, org.springframework.security.web.authentication.logout.LogoutFilter@72364a40, org.springframework.security.web.authentication.www.BasicAuthenticationFilter@a23b96b, org.springframework.security.web.savedrequest.RequestCacheAwareFilter@59b8a801, org.springframework.security.web.servletapi.SecurityContextHolderAwareRequestFilter@5aa026e9, org.springframework.security.web.authentication.AnonymousAuthenticationFilter@23e54c8a, org.springframework.security.web.session.SessionManagementFilter@79e3f444, org.springframework.security.web.access.ExceptionTranslationFilter@17a756db, org.springframework.security.web.access.intercept.AuthorizationFilter@55e75ce0]] (1/1)
?[0m?[0;34m?[2m2023-08-22T13:43:44.240+02:00?[0;39m ?[32mDEBUG?[0;39m ?[35m18216?[0;39m ?[2m---?[0;39m ?[2m[io-28852-exec-6]?[0;39m ?[36mo.s.security.web.FilterChainProxy       ?[0;39m ?[2m:?[0;39m Securing POST /error
?[0m?[0;34m?[2m2023-08-22T13:43:44.240+02:00?[0;39m ?[32mTRACE?[0;39m ?[35m18216?[0;39m ?[2m---?[0;39m ?[2m[io-28852-exec-6]?[0;39m ?[36mo.s.security.web.FilterChainProxy       ?[0;39m ?[2m:?[0;39m Invoking DisableEncodeUrlFilter (1/12)
?[0m?[0;34m?[2m2023-08-22T13:43:44.240+02:00?[0;39m ?[32mTRACE?[0;39m ?[35m18216?[0;39m ?[2m---?[0;39m ?[2m[io-28852-exec-6]?[0;39m ?[36mo.s.security.web.FilterChainProxy       ?[0;39m ?[2m:?[0;39m Invoking WebAsyncManagerIntegrationFilter (2/12)
?[0m?[0;34m?[2m2023-08-22T13:43:44.240+02:00?[0;39m ?[32mTRACE?[0;39m ?[35m18216?[0;39m ?[2m---?[0;39m ?[2m[io-28852-exec-6]?[0;39m ?[36mo.s.security.web.FilterChainProxy       ?[0;39m ?[2m:?[0;39m Invoking SecurityContextHolderFilter (3/12)
?[0m?[0;34m?[2m2023-08-22T13:43:44.240+02:00?[0;39m ?[32mTRACE?[0;39m ?[35m18216?[0;39m ?[2m---?[0;39m ?[2m[io-28852-exec-6]?[0;39m ?[36mo.s.security.web.FilterChainProxy       ?[0;39m ?[2m:?[0;39m Invoking HeaderWriterFilter (4/12)
?[0m?[0;34m?[2m2023-08-22T13:43:44.240+02:00?[0;39m ?[32mTRACE?[0;39m ?[35m18216?[0;39m ?[2m---?[0;39m ?[2m[io-28852-exec-6]?[0;39m ?[36mo.s.security.web.FilterChainProxy       ?[0;39m ?[2m:?[0;39m Invoking LogoutFilter (5/12)
?[0m?[0;34m?[2m2023-08-22T13:43:44.240+02:00?[0;39m ?[32mTRACE?[0;39m ?[35m18216?[0;39m ?[2m---?[0;39m ?[2m[io-28852-exec-6]?[0;39m ?[36mo.s.s.w.a.logout.LogoutFilter           ?[0;39m ?[2m:?[0;39m Did not match request to Or [Ant [pattern='/logout', GET], Ant [pattern='/logout', POST], Ant [pattern='/logout', PUT], Ant [pattern='/logout', DELETE]]
?[0m?[0;34m?[2m2023-08-22T13:43:44.240+02:00?[0;39m ?[32mTRACE?[0;39m ?[35m18216?[0;39m ?[2m---?[0;39m ?[2m[io-28852-exec-6]?[0;39m ?[36mo.s.security.web.FilterChainProxy       ?[0;39m ?[2m:?[0;39m Invoking BasicAuthenticationFilter (6/12)
?[0m?[0;34m?[2m2023-08-22T13:43:44.240+02:00?[0;39m ?[32mTRACE?[0;39m ?[35m18216?[0;39m ?[2m---?[0;39m ?[2m[io-28852-exec-6]?[0;39m ?[36mo.s.security.web.FilterChainProxy       ?[0;39m ?[2m:?[0;39m Invoking RequestCacheAwareFilter (7/12)
?[0m?[0;34m?[2m2023-08-22T13:43:44.240+02:00?[0;39m ?[32mTRACE?[0;39m ?[35m18216?[0;39m ?[2m---?[0;39m ?[2m[io-28852-exec-6]?[0;39m ?[36mo.s.security.web.FilterChainProxy       ?[0;39m ?[2m:?[0;39m Invoking SecurityContextHolderAwareRequestFilter (8/12)
?[0m?[0;34m?[2m2023-08-22T13:43:44.240+02:00?[0;39m ?[32mTRACE?[0;39m ?[35m18216?[0;39m ?[2m---?[0;39m ?[2m[io-28852-exec-6]?[0;39m ?[36mo.s.security.web.FilterChainProxy       ?[0;39m ?[2m:?[0;39m Invoking AnonymousAuthenticationFilter (9/12)
?[0m?[0;34m?[2m2023-08-22T13:43:44.240+02:00?[0;39m ?[32mTRACE?[0;39m ?[35m18216?[0;39m ?[2m---?[0;39m ?[2m[io-28852-exec-6]?[0;39m ?[36mo.s.security.web.FilterChainProxy       ?[0;39m ?[2m:?[0;39m Invoking SessionManagementFilter (10/12)
?[0m?[0;34m?[2m2023-08-22T13:43:44.240+02:00?[0;39m ?[32mTRACE?[0;39m ?[35m18216?[0;39m ?[2m---?[0;39m ?[2m[io-28852-exec-6]?[0;39m ?[36mo.s.security.web.FilterChainProxy       ?[0;39m ?[2m:?[0;39m Invoking ExceptionTranslationFilter (11/12)
?[0m?[0;34m?[2m2023-08-22T13:43:44.240+02:00?[0;39m ?[32mTRACE?[0;39m ?[35m18216?[0;39m ?[2m---?[0;39m ?[2m[io-28852-exec-6]?[0;39m ?[36mo.s.security.web.FilterChainProxy       ?[0;39m ?[2m:?[0;39m Invoking AuthorizationFilter (12/12)
?[0m?[0;34m?[2m2023-08-22T13:43:44.240+02:00?[0;39m ?[32mTRACE?[0;39m ?[35m18216?[0;39m ?[2m---?[0;39m ?[2m[io-28852-exec-6]?[0;39m ?[36mestMatcherDelegatingAuthorizationManager?[0;39m ?[2m:?[0;39m Authorizing SecurityContextHolderAwareRequestWrapper[ FirewalledRequest[ org.apache.catalina.core.ApplicationHttpRequest@3694d434]]
?[0m?[0;34m?[2m2023-08-22T13:43:44.241+02:00?[0;39m ?[32mTRACE?[0;39m ?[35m18216?[0;39m ?[2m---?[0;39m ?[2m[io-28852-exec-6]?[0;39m ?[36mestMatcherDelegatingAuthorizationManager?[0;39m ?[2m:?[0;39m Checking authorization on SecurityContextHolderAwareRequestWrapper[ FirewalledRequest[ org.apache.catalina.core.ApplicationHttpRequest@3694d434]] using org.springframework.security.config.annotation.web.configurers.AuthorizeHttpRequestsConfigurer$$Lambda$1316/0x0000000100a4d140@528cc85a
?[0m?[0;34m?[2m2023-08-22T13:43:44.241+02:00?[0;39m ?[32mDEBUG?[0;39m ?[35m18216?[0;39m ?[2m---?[0;39m ?[2m[io-28852-exec-6]?[0;39m ?[36mo.s.security.web.FilterChainProxy       ?[0;39m ?[2m:?[0;39m Secured POST /error
?[0m?[0;34m?[2m2023-08-22T13:43:44.241+02:00?[0;39m ?[32mTRACE?[0;39m ?[35m18216?[0;39m ?[2m---?[0;39m ?[2m[io-28852-exec-6]?[0;39m ?[36m.s.s.w.c.SupplierDeferredSecurityContext?[0;39m ?[2m:?[0;39m Created SecurityContextImpl [Null authentication]
?[0m?[0;34m?[2m2023-08-22T13:43:44.241+02:00?[0;39m ?[32mTRACE?[0;39m ?[35m18216?[0;39m ?[2m---?[0;39m ?[2m[io-28852-exec-6]?[0;39m ?[36mo.s.s.w.a.AnonymousAuthenticationFilter ?[0;39m ?[2m:?[0;39m Set SecurityContextHolder to AnonymousAuthenticationToken [Principal=anonymousUser, Credentials=[PROTECTED], Authenticated=true, Details=WebAuthenticationDetails [RemoteIpAddress=127.0.0.1, SessionId=null], Granted Authorities=[ROLE_ANONYMOUS]]
?[1;31m
Start test 14?[0m
?[0m?[0;34m?[2m2023-08-22T13:43:44.248+02:00?[0;39m ?[32mTRACE?[0;39m ?[35m18216?[0;39m ?[2m---?[0;39m ?[2m[io-28852-exec-7]?[0;39m ?[36mo.s.security.web.FilterChainProxy       ?[0;39m ?[2m:?[0;39m Trying to match request against DefaultSecurityFilterChain [RequestMatcher=any request, Filters=[org.springframework.security.web.session.DisableEncodeUrlFilter@5d51203b, org.springframework.security.web.context.request.async.WebAsyncManagerIntegrationFilter@32be672d, org.springframework.security.web.context.SecurityContextHolderFilter@74f54f8e, org.springframework.security.web.header.HeaderWriterFilter@157ff8f8, org.springframework.security.web.authentication.logout.LogoutFilter@72364a40, org.springframework.security.web.authentication.www.BasicAuthenticationFilter@a23b96b, org.springframework.security.web.savedrequest.RequestCacheAwareFilter@59b8a801, org.springframework.security.web.servletapi.SecurityContextHolderAwareRequestFilter@5aa026e9, org.springframework.security.web.authentication.AnonymousAuthenticationFilter@23e54c8a, org.springframework.security.web.session.SessionManagementFilter@79e3f444, org.springframework.security.web.access.ExceptionTranslationFilter@17a756db, org.springframework.security.web.access.intercept.AuthorizationFilter@55e75ce0]] (1/1)
?[0m?[0;34m?[2m2023-08-22T13:43:44.248+02:00?[0;39m ?[32mDEBUG?[0;39m ?[35m18216?[0;39m ?[2m---?[0;39m ?[2m[io-28852-exec-7]?[0;39m ?[36mo.s.security.web.FilterChainProxy       ?[0;39m ?[2m:?[0;39m Securing POST /api/auth/signup
?[0m?[0;34m?[2m2023-08-22T13:43:44.248+02:00?[0;39m ?[32mTRACE?[0;39m ?[35m18216?[0;39m ?[2m---?[0;39m ?[2m[io-28852-exec-7]?[0;39m ?[36mo.s.security.web.FilterChainProxy       ?[0;39m ?[2m:?[0;39m Invoking DisableEncodeUrlFilter (1/12)
?[0m?[0;34m?[2m2023-08-22T13:43:44.249+02:00?[0;39m ?[32mTRACE?[0;39m ?[35m18216?[0;39m ?[2m---?[0;39m ?[2m[io-28852-exec-7]?[0;39m ?[36mo.s.security.web.FilterChainProxy       ?[0;39m ?[2m:?[0;39m Invoking WebAsyncManagerIntegrationFilter (2/12)
?[0m?[0;34m?[2m2023-08-22T13:43:44.249+02:00?[0;39m ?[32mTRACE?[0;39m ?[35m18216?[0;39m ?[2m---?[0;39m ?[2m[io-28852-exec-7]?[0;39m ?[36mo.s.security.web.FilterChainProxy       ?[0;39m ?[2m:?[0;39m Invoking SecurityContextHolderFilter (3/12)
?[0m?[0;34m?[2m2023-08-22T13:43:44.249+02:00?[0;39m ?[32mTRACE?[0;39m ?[35m18216?[0;39m ?[2m---?[0;39m ?[2m[io-28852-exec-7]?[0;39m ?[36mo.s.security.web.FilterChainProxy       ?[0;39m ?[2m:?[0;39m Invoking HeaderWriterFilter (4/12)
?[0m?[0;34m?[2m2023-08-22T13:43:44.249+02:00?[0;39m ?[32mTRACE?[0;39m ?[35m18216?[0;39m ?[2m---?[0;39m ?[2m[io-28852-exec-7]?[0;39m ?[36mo.s.security.web.FilterChainProxy       ?[0;39m ?[2m:?[0;39m Invoking LogoutFilter (5/12)
?[0m?[0;34m?[2m2023-08-22T13:43:44.249+02:00?[0;39m ?[32mTRACE?[0;39m ?[35m18216?[0;39m ?[2m---?[0;39m ?[2m[io-28852-exec-7]?[0;39m ?[36mo.s.s.w.a.logout.LogoutFilter           ?[0;39m ?[2m:?[0;39m Did not match request to Or [Ant [pattern='/logout', GET], Ant [pattern='/logout', POST], Ant [pattern='/logout', PUT], Ant [pattern='/logout', DELETE]]
?[0m?[0;34m?[2m2023-08-22T13:43:44.249+02:00?[0;39m ?[32mTRACE?[0;39m ?[35m18216?[0;39m ?[2m---?[0;39m ?[2m[io-28852-exec-7]?[0;39m ?[36mo.s.security.web.FilterChainProxy       ?[0;39m ?[2m:?[0;39m Invoking BasicAuthenticationFilter (6/12)
?[0m?[0;34m?[2m2023-08-22T13:43:44.249+02:00?[0;39m ?[32mTRACE?[0;39m ?[35m18216?[0;39m ?[2m---?[0;39m ?[2m[io-28852-exec-7]?[0;39m ?[36mo.s.s.w.a.www.BasicAuthenticationFilter ?[0;39m ?[2m:?[0;39m Did not process authentication request since failed to find username and password in Basic Authorization header
?[0m?[0;34m?[2m2023-08-22T13:43:44.249+02:00?[0;39m ?[32mTRACE?[0;39m ?[35m18216?[0;39m ?[2m---?[0;39m ?[2m[io-28852-exec-7]?[0;39m ?[36mo.s.security.web.FilterChainProxy       ?[0;39m ?[2m:?[0;39m Invoking RequestCacheAwareFilter (7/12)
?[0m?[0;34m?[2m2023-08-22T13:43:44.249+02:00?[0;39m ?[32mTRACE?[0;39m ?[35m18216?[0;39m ?[2m---?[0;39m ?[2m[io-28852-exec-7]?[0;39m ?[36mo.s.security.web.FilterChainProxy       ?[0;39m ?[2m:?[0;39m Invoking SecurityContextHolderAwareRequestFilter (8/12)
?[0m?[0;34m?[2m2023-08-22T13:43:44.249+02:00?[0;39m ?[32mTRACE?[0;39m ?[35m18216?[0;39m ?[2m---?[0;39m ?[2m[io-28852-exec-7]?[0;39m ?[36mo.s.security.web.FilterChainProxy       ?[0;39m ?[2m:?[0;39m Invoking AnonymousAuthenticationFilter (9/12)
?[0m?[0;34m?[2m2023-08-22T13:43:44.249+02:00?[0;39m ?[32mTRACE?[0;39m ?[35m18216?[0;39m ?[2m---?[0;39m ?[2m[io-28852-exec-7]?[0;39m ?[36mo.s.security.web.FilterChainProxy       ?[0;39m ?[2m:?[0;39m Invoking SessionManagementFilter (10/12)
?[0m?[0;34m?[2m2023-08-22T13:43:44.249+02:00?[0;39m ?[32mTRACE?[0;39m ?[35m18216?[0;39m ?[2m---?[0;39m ?[2m[io-28852-exec-7]?[0;39m ?[36m.s.s.w.c.SupplierDeferredSecurityContext?[0;39m ?[2m:?[0;39m Created SecurityContextImpl [Null authentication]
?[0m?[0;34m?[2m2023-08-22T13:43:44.249+02:00?[0;39m ?[32mTRACE?[0;39m ?[35m18216?[0;39m ?[2m---?[0;39m ?[2m[io-28852-exec-7]?[0;39m ?[36mo.s.s.w.a.AnonymousAuthenticationFilter ?[0;39m ?[2m:?[0;39m Set SecurityContextHolder to AnonymousAuthenticationToken [Principal=anonymousUser, Credentials=[PROTECTED], Authenticated=true, Details=WebAuthenticationDetails [RemoteIpAddress=127.0.0.1, SessionId=null], Granted Authorities=[ROLE_ANONYMOUS]]
?[0m?[0;34m?[2m2023-08-22T13:43:44.249+02:00?[0;39m ?[32mTRACE?[0;39m ?[35m18216?[0;39m ?[2m---?[0;39m ?[2m[io-28852-exec-7]?[0;39m ?[36mo.s.security.web.FilterChainProxy       ?[0;39m ?[2m:?[0;39m Invoking ExceptionTranslationFilter (11/12)
?[0m?[0;34m?[2m2023-08-22T13:43:44.249+02:00?[0;39m ?[32mTRACE?[0;39m ?[35m18216?[0;39m ?[2m---?[0;39m ?[2m[io-28852-exec-7]?[0;39m ?[36mo.s.security.web.FilterChainProxy       ?[0;39m ?[2m:?[0;39m Invoking AuthorizationFilter (12/12)
?[0m?[0;34m?[2m2023-08-22T13:43:44.249+02:00?[0;39m ?[32mTRACE?[0;39m ?[35m18216?[0;39m ?[2m---?[0;39m ?[2m[io-28852-exec-7]?[0;39m ?[36mestMatcherDelegatingAuthorizationManager?[0;39m ?[2m:?[0;39m Authorizing SecurityContextHolderAwareRequestWrapper[ org.springframework.security.web.header.HeaderWriterFilter$HeaderWriterRequest@6cc26f63]
?[0m?[0;34m?[2m2023-08-22T13:43:44.250+02:00?[0;39m ?[32mTRACE?[0;39m ?[35m18216?[0;39m ?[2m---?[0;39m ?[2m[io-28852-exec-7]?[0;39m ?[36mestMatcherDelegatingAuthorizationManager?[0;39m ?[2m:?[0;39m Checking authorization on SecurityContextHolderAwareRequestWrapper[ org.springframework.security.web.header.HeaderWriterFilter$HeaderWriterRequest@6cc26f63] using org.springframework.security.config.annotation.web.configurers.AuthorizeHttpRequestsConfigurer$$Lambda$1316/0x0000000100a4d140@528cc85a
?[0m?[0;34m?[2m2023-08-22T13:43:44.250+02:00?[0;39m ?[32mDEBUG?[0;39m ?[35m18216?[0;39m ?[2m---?[0;39m ?[2m[io-28852-exec-7]?[0;39m ?[36mo.s.security.web.FilterChainProxy       ?[0;39m ?[2m:?[0;39m Secured POST /api/auth/signup
?[0m?[0;34mHibernate: select u1_0.id from users u1_0 where upper(u1_0.email)=upper(?) fetch first ? rows only
?[0m?[0;34m?[2m2023-08-22T13:43:44.252+02:00?[0;39m ?[32mTRACE?[0;39m ?[35m18216?[0;39m ?[2m---?[0;39m ?[2m[io-28852-exec-7]?[0;39m ?[36mo.s.s.w.header.writers.HstsHeaderWriter ?[0;39m ?[2m:?[0;39m Not injecting HSTS header since it did not match request to [Is Secure]
?[0m?[0;34m?[2m2023-08-22T13:43:44.253+02:00?[0;39m ?[32mTRACE?[0;39m ?[35m18216?[0;39m ?[2m---?[0;39m ?[2m[io-28852-exec-7]?[0;39m ?[36mo.s.security.web.FilterChainProxy       ?[0;39m ?[2m:?[0;39m Trying to match request against DefaultSecurityFilterChain [RequestMatcher=any request, Filters=[org.springframework.security.web.session.DisableEncodeUrlFilter@5d51203b, org.springframework.security.web.context.request.async.WebAsyncManagerIntegrationFilter@32be672d, org.springframework.security.web.context.SecurityContextHolderFilter@74f54f8e, org.springframework.security.web.header.HeaderWriterFilter@157ff8f8, org.springframework.security.web.authentication.logout.LogoutFilter@72364a40, org.springframework.security.web.authentication.www.BasicAuthenticationFilter@a23b96b, org.springframework.security.web.savedrequest.RequestCacheAwareFilter@59b8a801, org.springframework.security.web.servletapi.SecurityContextHolderAwareRequestFilter@5aa026e9, org.springframework.security.web.authentication.AnonymousAuthenticationFilter@23e54c8a, org.springframework.security.web.session.SessionManagementFilter@79e3f444, org.springframework.security.web.access.ExceptionTranslationFilter@17a756db, org.springframework.security.web.access.intercept.AuthorizationFilter@55e75ce0]] (1/1)
?[0m?[0;34m?[2m2023-08-22T13:43:44.253+02:00?[0;39m ?[32mDEBUG?[0;39m ?[35m18216?[0;39m ?[2m---?[0;39m ?[2m[io-28852-exec-7]?[0;39m ?[36mo.s.security.web.FilterChainProxy       ?[0;39m ?[2m:?[0;39m Securing POST /error
?[0m?[0;34m?[2m2023-08-22T13:43:44.253+02:00?[0;39m ?[32mTRACE?[0;39m ?[35m18216?[0;39m ?[2m---?[0;39m ?[2m[io-28852-exec-7]?[0;39m ?[36mo.s.security.web.FilterChainProxy       ?[0;39m ?[2m:?[0;39m Invoking DisableEncodeUrlFilter (1/12)
?[0m?[0;34m?[2m2023-08-22T13:43:44.253+02:00?[0;39m ?[32mTRACE?[0;39m ?[35m18216?[0;39m ?[2m---?[0;39m ?[2m[io-28852-exec-7]?[0;39m ?[36mo.s.security.web.FilterChainProxy       ?[0;39m ?[2m:?[0;39m Invoking WebAsyncManagerIntegrationFilter (2/12)
?[0m?[0;34m?[2m2023-08-22T13:43:44.253+02:00?[0;39m ?[32mTRACE?[0;39m ?[35m18216?[0;39m ?[2m---?[0;39m ?[2m[io-28852-exec-7]?[0;39m ?[36mo.s.security.web.FilterChainProxy       ?[0;39m ?[2m:?[0;39m Invoking SecurityContextHolderFilter (3/12)
?[0m?[0;34m?[2m2023-08-22T13:43:44.253+02:00?[0;39m ?[32mTRACE?[0;39m ?[35m18216?[0;39m ?[2m---?[0;39m ?[2m[io-28852-exec-7]?[0;39m ?[36mo.s.security.web.FilterChainProxy       ?[0;39m ?[2m:?[0;39m Invoking HeaderWriterFilter (4/12)
?[0m?[0;34m?[2m2023-08-22T13:43:44.253+02:00?[0;39m ?[32mTRACE?[0;39m ?[35m18216?[0;39m ?[2m---?[0;39m ?[2m[io-28852-exec-7]?[0;39m ?[36mo.s.security.web.FilterChainProxy       ?[0;39m ?[2m:?[0;39m Invoking LogoutFilter (5/12)
?[0m?[0;34m?[2m2023-08-22T13:43:44.253+02:00?[0;39m ?[32mTRACE?[0;39m ?[35m18216?[0;39m ?[2m---?[0;39m ?[2m[io-28852-exec-7]?[0;39m ?[36mo.s.s.w.a.logout.LogoutFilter           ?[0;39m ?[2m:?[0;39m Did not match request to Or [Ant [pattern='/logout', GET], Ant [pattern='/logout', POST], Ant [pattern='/logout', PUT], Ant [pattern='/logout', DELETE]]
?[0m?[0;34m?[2m2023-08-22T13:43:44.253+02:00?[0;39m ?[32mTRACE?[0;39m ?[35m18216?[0;39m ?[2m---?[0;39m ?[2m[io-28852-exec-7]?[0;39m ?[36mo.s.security.web.FilterChainProxy       ?[0;39m ?[2m:?[0;39m Invoking BasicAuthenticationFilter (6/12)
?[0m?[0;34m?[2m2023-08-22T13:43:44.253+02:00?[0;39m ?[32mTRACE?[0;39m ?[35m18216?[0;39m ?[2m---?[0;39m ?[2m[io-28852-exec-7]?[0;39m ?[36mo.s.security.web.FilterChainProxy       ?[0;39m ?[2m:?[0;39m Invoking RequestCacheAwareFilter (7/12)
?[0m?[0;34m?[2m2023-08-22T13:43:44.253+02:00?[0;39m ?[32mTRACE?[0;39m ?[35m18216?[0;39m ?[2m---?[0;39m ?[2m[io-28852-exec-7]?[0;39m ?[36mo.s.security.web.FilterChainProxy       ?[0;39m ?[2m:?[0;39m Invoking SecurityContextHolderAwareRequestFilter (8/12)
?[0m?[0;34m?[2m2023-08-22T13:43:44.253+02:00?[0;39m ?[32mTRACE?[0;39m ?[35m18216?[0;39m ?[2m---?[0;39m ?[2m[io-28852-exec-7]?[0;39m ?[36mo.s.security.web.FilterChainProxy       ?[0;39m ?[2m:?[0;39m Invoking AnonymousAuthenticationFilter (9/12)
?[0m?[0;34m?[2m2023-08-22T13:43:44.253+02:00?[0;39m ?[32mTRACE?[0;39m ?[35m18216?[0;39m ?[2m---?[0;39m ?[2m[io-28852-exec-7]?[0;39m ?[36mo.s.security.web.FilterChainProxy       ?[0;39m ?[2m:?[0;39m Invoking SessionManagementFilter (10/12)
?[0m?[0;34m?[2m2023-08-22T13:43:44.253+02:00?[0;39m ?[32mTRACE?[0;39m ?[35m18216?[0;39m ?[2m---?[0;39m ?[2m[io-28852-exec-7]?[0;39m ?[36mo.s.security.web.FilterChainProxy       ?[0;39m ?[2m:?[0;39m Invoking ExceptionTranslationFilter (11/12)
?[0m?[0;34m?[2m2023-08-22T13:43:44.253+02:00?[0;39m ?[32mTRACE?[0;39m ?[35m18216?[0;39m ?[2m---?[0;39m ?[2m[io-28852-exec-7]?[0;39m ?[36mo.s.security.web.FilterChainProxy       ?[0;39m ?[2m:?[0;39m Invoking AuthorizationFilter (12/12)
?[0m?[0;34m?[2m2023-08-22T13:43:44.253+02:00?[0;39m ?[32mTRACE?[0;39m ?[35m18216?[0;39m ?[2m---?[0;39m ?[2m[io-28852-exec-7]?[0;39m ?[36mestMatcherDelegatingAuthorizationManager?[0;39m ?[2m:?[0;39m Authorizing SecurityContextHolderAwareRequestWrapper[ FirewalledRequest[ org.apache.catalina.core.ApplicationHttpRequest@297c9ff4]]
?[0m?[0;34m?[2m2023-08-22T13:43:44.254+02:00?[0;39m ?[32mTRACE?[0;39m ?[35m18216?[0;39m ?[2m---?[0;39m ?[2m[io-28852-exec-7]?[0;39m ?[36mestMatcherDelegatingAuthorizationManager?[0;39m ?[2m:?[0;39m Checking authorization on SecurityContextHolderAwareRequestWrapper[ FirewalledRequest[ org.apache.catalina.core.ApplicationHttpRequest@297c9ff4]] using org.springframework.security.config.annotation.web.configurers.AuthorizeHttpRequestsConfigurer$$Lambda$1316/0x0000000100a4d140@528cc85a
?[0m?[0;34m?[2m2023-08-22T13:43:44.254+02:00?[0;39m ?[32mDEBUG?[0;39m ?[35m18216?[0;39m ?[2m---?[0;39m ?[2m[io-28852-exec-7]?[0;39m ?[36mo.s.security.web.FilterChainProxy       ?[0;39m ?[2m:?[0;39m Secured POST /error
?[0m?[0;34m?[2m2023-08-22T13:43:44.254+02:00?[0;39m ?[32mTRACE?[0;39m ?[35m18216?[0;39m ?[2m---?[0;39m ?[2m[io-28852-exec-7]?[0;39m ?[36m.s.s.w.c.SupplierDeferredSecurityContext?[0;39m ?[2m:?[0;39m Created SecurityContextImpl [Null authentication]
?[0m?[0;34m?[2m2023-08-22T13:43:44.254+02:00?[0;39m ?[32mTRACE?[0;39m ?[35m18216?[0;39m ?[2m---?[0;39m ?[2m[io-28852-exec-7]?[0;39m ?[36mo.s.s.w.a.AnonymousAuthenticationFilter ?[0;39m ?[2m:?[0;39m Set SecurityContextHolder to AnonymousAuthenticationToken [Principal=anonymousUser, Credentials=[PROTECTED], Authenticated=true, Details=WebAuthenticationDetails [RemoteIpAddress=127.0.0.1, SessionId=null], Granted Authorities=[ROLE_ANONYMOUS]]
?[1;31m
Start test 15?[0m
?[0m?[0;34m?[2m2023-08-22T13:43:44.261+02:00?[0;39m ?[32mTRACE?[0;39m ?[35m18216?[0;39m ?[2m---?[0;39m ?[2m[io-28852-exec-8]?[0;39m ?[36mo.s.security.web.FilterChainProxy       ?[0;39m ?[2m:?[0;39m Trying to match request against DefaultSecurityFilterChain [RequestMatcher=any request, Filters=[org.springframework.security.web.session.DisableEncodeUrlFilter@5d51203b, org.springframework.security.web.context.request.async.WebAsyncManagerIntegrationFilter@32be672d, org.springframework.security.web.context.SecurityContextHolderFilter@74f54f8e, org.springframework.security.web.header.HeaderWriterFilter@157ff8f8, org.springframework.security.web.authentication.logout.LogoutFilter@72364a40, org.springframework.security.web.authentication.www.BasicAuthenticationFilter@a23b96b, org.springframework.security.web.savedrequest.RequestCacheAwareFilter@59b8a801, org.springframework.security.web.servletapi.SecurityContextHolderAwareRequestFilter@5aa026e9, org.springframework.security.web.authentication.AnonymousAuthenticationFilter@23e54c8a, org.springframework.security.web.session.SessionManagementFilter@79e3f444, org.springframework.security.web.access.ExceptionTranslationFilter@17a756db, org.springframework.security.web.access.intercept.AuthorizationFilter@55e75ce0]] (1/1)
?[0m?[0;34m?[2m2023-08-22T13:43:44.261+02:00?[0;39m ?[32mDEBUG?[0;39m ?[35m18216?[0;39m ?[2m---?[0;39m ?[2m[io-28852-exec-8]?[0;39m ?[36mo.s.security.web.FilterChainProxy       ?[0;39m ?[2m:?[0;39m Securing POST /api/auth/signup
?[0m?[0;34m?[2m2023-08-22T13:43:44.262+02:00?[0;39m ?[32mTRACE?[0;39m ?[35m18216?[0;39m ?[2m---?[0;39m ?[2m[io-28852-exec-8]?[0;39m ?[36mo.s.security.web.FilterChainProxy       ?[0;39m ?[2m:?[0;39m Invoking DisableEncodeUrlFilter (1/12)
?[0m?[0;34m?[2m2023-08-22T13:43:44.262+02:00?[0;39m ?[32mTRACE?[0;39m ?[35m18216?[0;39m ?[2m---?[0;39m ?[2m[io-28852-exec-8]?[0;39m ?[36mo.s.security.web.FilterChainProxy       ?[0;39m ?[2m:?[0;39m Invoking WebAsyncManagerIntegrationFilter (2/12)
?[0m?[0;34m?[2m2023-08-22T13:43:44.262+02:00?[0;39m ?[32mTRACE?[0;39m ?[35m18216?[0;39m ?[2m---?[0;39m ?[2m[io-28852-exec-8]?[0;39m ?[36mo.s.security.web.FilterChainProxy       ?[0;39m ?[2m:?[0;39m Invoking SecurityContextHolderFilter (3/12)
?[0m?[0;34m?[2m2023-08-22T13:43:44.262+02:00?[0;39m ?[32mTRACE?[0;39m ?[35m18216?[0;39m ?[2m---?[0;39m ?[2m[io-28852-exec-8]?[0;39m ?[36mo.s.security.web.FilterChainProxy       ?[0;39m ?[2m:?[0;39m Invoking HeaderWriterFilter (4/12)
?[0m?[0;34m?[2m2023-08-22T13:43:44.262+02:00?[0;39m ?[32mTRACE?[0;39m ?[35m18216?[0;39m ?[2m---?[0;39m ?[2m[io-28852-exec-8]?[0;39m ?[36mo.s.security.web.FilterChainProxy       ?[0;39m ?[2m:?[0;39m Invoking LogoutFilter (5/12)
?[0m?[0;34m?[2m2023-08-22T13:43:44.262+02:00?[0;39m ?[32mTRACE?[0;39m ?[35m18216?[0;39m ?[2m---?[0;39m ?[2m[io-28852-exec-8]?[0;39m ?[36mo.s.s.w.a.logout.LogoutFilter           ?[0;39m ?[2m:?[0;39m Did not match request to Or [Ant [pattern='/logout', GET], Ant [pattern='/logout', POST], Ant [pattern='/logout', PUT], Ant [pattern='/logout', DELETE]]
?[0m?[0;34m?[2m2023-08-22T13:43:44.262+02:00?[0;39m ?[32mTRACE?[0;39m ?[35m18216?[0;39m ?[2m---?[0;39m ?[2m[io-28852-exec-8]?[0;39m ?[36mo.s.security.web.FilterChainProxy       ?[0;39m ?[2m:?[0;39m Invoking BasicAuthenticationFilter (6/12)
?[0m?[0;34m?[2m2023-08-22T13:43:44.262+02:00?[0;39m ?[32mTRACE?[0;39m ?[35m18216?[0;39m ?[2m---?[0;39m ?[2m[io-28852-exec-8]?[0;39m ?[36mo.s.s.w.a.www.BasicAuthenticationFilter ?[0;39m ?[2m:?[0;39m Did not process authentication request since failed to find username and password in Basic Authorization header
?[0m?[0;34m?[2m2023-08-22T13:43:44.262+02:00?[0;39m ?[32mTRACE?[0;39m ?[35m18216?[0;39m ?[2m---?[0;39m ?[2m[io-28852-exec-8]?[0;39m ?[36mo.s.security.web.FilterChainProxy       ?[0;39m ?[2m:?[0;39m Invoking RequestCacheAwareFilter (7/12)
?[0m?[0;34m?[2m2023-08-22T13:43:44.262+02:00?[0;39m ?[32mTRACE?[0;39m ?[35m18216?[0;39m ?[2m---?[0;39m ?[2m[io-28852-exec-8]?[0;39m ?[36mo.s.security.web.FilterChainProxy       ?[0;39m ?[2m:?[0;39m Invoking SecurityContextHolderAwareRequestFilter (8/12)
?[0m?[0;34m?[2m2023-08-22T13:43:44.262+02:00?[0;39m ?[32mTRACE?[0;39m ?[35m18216?[0;39m ?[2m---?[0;39m ?[2m[io-28852-exec-8]?[0;39m ?[36mo.s.security.web.FilterChainProxy       ?[0;39m ?[2m:?[0;39m Invoking AnonymousAuthenticationFilter (9/12)
?[0m?[0;34m?[2m2023-08-22T13:43:44.262+02:00?[0;39m ?[32mTRACE?[0;39m ?[35m18216?[0;39m ?[2m---?[0;39m ?[2m[io-28852-exec-8]?[0;39m ?[36mo.s.security.web.FilterChainProxy       ?[0;39m ?[2m:?[0;39m Invoking SessionManagementFilter (10/12)
?[0m?[0;34m?[2m2023-08-22T13:43:44.262+02:00?[0;39m ?[32mTRACE?[0;39m ?[35m18216?[0;39m ?[2m---?[0;39m ?[2m[io-28852-exec-8]?[0;39m ?[36m.s.s.w.c.SupplierDeferredSecurityContext?[0;39m ?[2m:?[0;39m Created SecurityContextImpl [Null authentication]
?[0m?[0;34m?[2m2023-08-22T13:43:44.262+02:00?[0;39m ?[32mTRACE?[0;39m ?[35m18216?[0;39m ?[2m---?[0;39m ?[2m[io-28852-exec-8]?[0;39m ?[36mo.s.s.w.a.AnonymousAuthenticationFilter ?[0;39m ?[2m:?[0;39m Set SecurityContextHolder to AnonymousAuthenticationToken [Principal=anonymousUser, Credentials=[PROTECTED], Authenticated=true, Details=WebAuthenticationDetails [RemoteIpAddress=127.0.0.1, SessionId=null], Granted Authorities=[ROLE_ANONYMOUS]]
?[0m?[0;34m?[2m2023-08-22T13:43:44.262+02:00?[0;39m ?[32mTRACE?[0;39m ?[35m18216?[0;39m ?[2m---?[0;39m ?[2m[io-28852-exec-8]?[0;39m ?[36mo.s.security.web.FilterChainProxy       ?[0;39m ?[2m:?[0;39m Invoking ExceptionTranslationFilter (11/12)
?[0m?[0;34m?[2m2023-08-22T13:43:44.262+02:00?[0;39m ?[32mTRACE?[0;39m ?[35m18216?[0;39m ?[2m---?[0;39m ?[2m[io-28852-exec-8]?[0;39m ?[36mo.s.security.web.FilterChainProxy       ?[0;39m ?[2m:?[0;39m Invoking AuthorizationFilter (12/12)
?[0m?[0;34m?[2m2023-08-22T13:43:44.262+02:00?[0;39m ?[32mTRACE?[0;39m ?[35m18216?[0;39m ?[2m---?[0;39m ?[2m[io-28852-exec-8]?[0;39m ?[36mestMatcherDelegatingAuthorizationManager?[0;39m ?[2m:?[0;39m Authorizing SecurityContextHolderAwareRequestWrapper[ org.springframework.security.web.header.HeaderWriterFilter$HeaderWriterRequest@1d28fa1d]
?[0m?[0;34m?[2m2023-08-22T13:43:44.263+02:00?[0;39m ?[32mTRACE?[0;39m ?[35m18216?[0;39m ?[2m---?[0;39m ?[2m[io-28852-exec-8]?[0;39m ?[36mestMatcherDelegatingAuthorizationManager?[0;39m ?[2m:?[0;39m Checking authorization on SecurityContextHolderAwareRequestWrapper[ org.springframework.security.web.header.HeaderWriterFilter$HeaderWriterRequest@1d28fa1d] using org.springframework.security.config.annotation.web.configurers.AuthorizeHttpRequestsConfigurer$$Lambda$1316/0x0000000100a4d140@528cc85a
?[0m?[0;34m?[2m2023-08-22T13:43:44.263+02:00?[0;39m ?[32mDEBUG?[0;39m ?[35m18216?[0;39m ?[2m---?[0;39m ?[2m[io-28852-exec-8]?[0;39m ?[36mo.s.security.web.FilterChainProxy       ?[0;39m ?[2m:?[0;39m Secured POST /api/auth/signup
?[0m?[0;34mHibernate: select u1_0.id from users u1_0 where upper(u1_0.email)=upper(?) fetch first ? rows only
?[0m?[0;34m?[2m2023-08-22T13:43:44.265+02:00?[0;39m ?[32mTRACE?[0;39m ?[35m18216?[0;39m ?[2m---?[0;39m ?[2m[io-28852-exec-8]?[0;39m ?[36mo.s.s.w.header.writers.HstsHeaderWriter ?[0;39m ?[2m:?[0;39m Not injecting HSTS header since it did not match request to [Is Secure]
?[0m?[0;34m?[2m2023-08-22T13:43:44.266+02:00?[0;39m ?[32mTRACE?[0;39m ?[35m18216?[0;39m ?[2m---?[0;39m ?[2m[io-28852-exec-8]?[0;39m ?[36mo.s.security.web.FilterChainProxy       ?[0;39m ?[2m:?[0;39m Trying to match request against DefaultSecurityFilterChain [RequestMatcher=any request, Filters=[org.springframework.security.web.session.DisableEncodeUrlFilter@5d51203b, org.springframework.security.web.context.request.async.WebAsyncManagerIntegrationFilter@32be672d, org.springframework.security.web.context.SecurityContextHolderFilter@74f54f8e, org.springframework.security.web.header.HeaderWriterFilter@157ff8f8, org.springframework.security.web.authentication.logout.LogoutFilter@72364a40, org.springframework.security.web.authentication.www.BasicAuthenticationFilter@a23b96b, org.springframework.security.web.savedrequest.RequestCacheAwareFilter@59b8a801, org.springframework.security.web.servletapi.SecurityContextHolderAwareRequestFilter@5aa026e9, org.springframework.security.web.authentication.AnonymousAuthenticationFilter@23e54c8a, org.springframework.security.web.session.SessionManagementFilter@79e3f444, org.springframework.security.web.access.ExceptionTranslationFilter@17a756db, org.springframework.security.web.access.intercept.AuthorizationFilter@55e75ce0]] (1/1)
?[0m?[0;34m?[2m2023-08-22T13:43:44.266+02:00?[0;39m ?[32mDEBUG?[0;39m ?[35m18216?[0;39m ?[2m---?[0;39m ?[2m[io-28852-exec-8]?[0;39m ?[36mo.s.security.web.FilterChainProxy       ?[0;39m ?[2m:?[0;39m Securing POST /error
?[0m?[0;34m?[2m2023-08-22T13:43:44.266+02:00?[0;39m ?[32mTRACE?[0;39m ?[35m18216?[0;39m ?[2m---?[0;39m ?[2m[io-28852-exec-8]?[0;39m ?[36mo.s.security.web.FilterChainProxy       ?[0;39m ?[2m:?[0;39m Invoking DisableEncodeUrlFilter (1/12)
?[0m?[0;34m?[2m2023-08-22T13:43:44.266+02:00?[0;39m ?[32mTRACE?[0;39m ?[35m18216?[0;39m ?[2m---?[0;39m ?[2m[io-28852-exec-8]?[0;39m ?[36mo.s.security.web.FilterChainProxy       ?[0;39m ?[2m:?[0;39m Invoking WebAsyncManagerIntegrationFilter (2/12)
?[0m?[0;34m?[2m2023-08-22T13:43:44.266+02:00?[0;39m ?[32mTRACE?[0;39m ?[35m18216?[0;39m ?[2m---?[0;39m ?[2m[io-28852-exec-8]?[0;39m ?[36mo.s.security.web.FilterChainProxy       ?[0;39m ?[2m:?[0;39m Invoking SecurityContextHolderFilter (3/12)
?[0m?[0;34m?[2m2023-08-22T13:43:44.266+02:00?[0;39m ?[32mTRACE?[0;39m ?[35m18216?[0;39m ?[2m---?[0;39m ?[2m[io-28852-exec-8]?[0;39m ?[36mo.s.security.web.FilterChainProxy       ?[0;39m ?[2m:?[0;39m Invoking HeaderWriterFilter (4/12)
?[0m?[0;34m?[2m2023-08-22T13:43:44.267+02:00?[0;39m ?[32mTRACE?[0;39m ?[35m18216?[0;39m ?[2m---?[0;39m ?[2m[io-28852-exec-8]?[0;39m ?[36mo.s.security.web.FilterChainProxy       ?[0;39m ?[2m:?[0;39m Invoking LogoutFilter (5/12)
?[0m?[0;34m?[2m2023-08-22T13:43:44.267+02:00?[0;39m ?[32mTRACE?[0;39m ?[35m18216?[0;39m ?[2m---?[0;39m ?[2m[io-28852-exec-8]?[0;39m ?[36mo.s.s.w.a.logout.LogoutFilter           ?[0;39m ?[2m:?[0;39m Did not match request to Or [Ant [pattern='/logout', GET], Ant [pattern='/logout', POST], Ant [pattern='/logout', PUT], Ant [pattern='/logout', DELETE]]
?[0m?[0;34m?[2m2023-08-22T13:43:44.267+02:00?[0;39m ?[32mTRACE?[0;39m ?[35m18216?[0;39m ?[2m---?[0;39m ?[2m[io-28852-exec-8]?[0;39m ?[36mo.s.security.web.FilterChainProxy       ?[0;39m ?[2m:?[0;39m Invoking BasicAuthenticationFilter (6/12)
?[0m?[0;34m?[2m2023-08-22T13:43:44.267+02:00?[0;39m ?[32mTRACE?[0;39m ?[35m18216?[0;39m ?[2m---?[0;39m ?[2m[io-28852-exec-8]?[0;39m ?[36mo.s.security.web.FilterChainProxy       ?[0;39m ?[2m:?[0;39m Invoking RequestCacheAwareFilter (7/12)
?[0m?[0;34m?[2m2023-08-22T13:43:44.267+02:00?[0;39m ?[32mTRACE?[0;39m ?[35m18216?[0;39m ?[2m---?[0;39m ?[2m[io-28852-exec-8]?[0;39m ?[36mo.s.security.web.FilterChainProxy       ?[0;39m ?[2m:?[0;39m Invoking SecurityContextHolderAwareRequestFilter (8/12)
?[0m?[0;34m?[2m2023-08-22T13:43:44.267+02:00?[0;39m ?[32mTRACE?[0;39m ?[35m18216?[0;39m ?[2m---?[0;39m ?[2m[io-28852-exec-8]?[0;39m ?[36mo.s.security.web.FilterChainProxy       ?[0;39m ?[2m:?[0;39m Invoking AnonymousAuthenticationFilter (9/12)
?[0m?[0;34m?[2m2023-08-22T13:43:44.267+02:00?[0;39m ?[32mTRACE?[0;39m ?[35m18216?[0;39m ?[2m---?[0;39m ?[2m[io-28852-exec-8]?[0;39m ?[36mo.s.security.web.FilterChainProxy       ?[0;39m ?[2m:?[0;39m Invoking SessionManagementFilter (10/12)
?[0m?[0;34m?[2m2023-08-22T13:43:44.267+02:00?[0;39m ?[32mTRACE?[0;39m ?[35m18216?[0;39m ?[2m---?[0;39m ?[2m[io-28852-exec-8]?[0;39m ?[36mo.s.security.web.FilterChainProxy       ?[0;39m ?[2m:?[0;39m Invoking ExceptionTranslationFilter (11/12)
?[0m?[0;34m?[2m2023-08-22T13:43:44.267+02:00?[0;39m ?[32mTRACE?[0;39m ?[35m18216?[0;39m ?[2m---?[0;39m ?[2m[io-28852-exec-8]?[0;39m ?[36mo.s.security.web.FilterChainProxy       ?[0;39m ?[2m:?[0;39m Invoking AuthorizationFilter (12/12)
?[0m?[0;34m?[2m2023-08-22T13:43:44.267+02:00?[0;39m ?[32mTRACE?[0;39m ?[35m18216?[0;39m ?[2m---?[0;39m ?[2m[io-28852-exec-8]?[0;39m ?[36mestMatcherDelegatingAuthorizationManager?[0;39m ?[2m:?[0;39m Authorizing SecurityContextHolderAwareRequestWrapper[ FirewalledRequest[ org.apache.catalina.core.ApplicationHttpRequest@3d1c775e]]
?[0m?[0;34m?[2m2023-08-22T13:43:44.267+02:00?[0;39m ?[32mTRACE?[0;39m ?[35m18216?[0;39m ?[2m---?[0;39m ?[2m[io-28852-exec-8]?[0;39m ?[36mestMatcherDelegatingAuthorizationManager?[0;39m ?[2m:?[0;39m Checking authorization on SecurityContextHolderAwareRequestWrapper[ FirewalledRequest[ org.apache.catalina.core.ApplicationHttpRequest@3d1c775e]] using org.springframework.security.config.annotation.web.configurers.AuthorizeHttpRequestsConfigurer$$Lambda$1316/0x0000000100a4d140@528cc85a
?[0m?[0;34m?[2m2023-08-22T13:43:44.267+02:00?[0;39m ?[32mDEBUG?[0;39m ?[35m18216?[0;39m ?[2m---?[0;39m ?[2m[io-28852-exec-8]?[0;39m ?[36mo.s.security.web.FilterChainProxy       ?[0;39m ?[2m:?[0;39m Secured POST /error
?[0m?[0;34m?[2m2023-08-22T13:43:44.267+02:00?[0;39m ?[32mTRACE?[0;39m ?[35m18216?[0;39m ?[2m---?[0;39m ?[2m[io-28852-exec-8]?[0;39m ?[36m.s.s.w.c.SupplierDeferredSecurityContext?[0;39m ?[2m:?[0;39m Created SecurityContextImpl [Null authentication]
?[0m?[0;34m?[2m2023-08-22T13:43:44.267+02:00?[0;39m ?[32mTRACE?[0;39m ?[35m18216?[0;39m ?[2m---?[0;39m ?[2m[io-28852-exec-8]?[0;39m ?[36mo.s.s.w.a.AnonymousAuthenticationFilter ?[0;39m ?[2m:?[0;39m Set SecurityContextHolder to AnonymousAuthenticationToken [Principal=anonymousUser, Credentials=[PROTECTED], Authenticated=true, Details=WebAuthenticationDetails [RemoteIpAddress=127.0.0.1, SessionId=null], Granted Authorities=[ROLE_ANONYMOUS]]
?[1;31m
Start test 16?[0m
?[0m?[0;34m?[2m2023-08-22T13:43:44.274+02:00?[0;39m ?[32mTRACE?[0;39m ?[35m18216?[0;39m ?[2m---?[0;39m ?[2m[io-28852-exec-9]?[0;39m ?[36mo.s.security.web.FilterChainProxy       ?[0;39m ?[2m:?[0;39m Trying to match request against DefaultSecurityFilterChain [RequestMatcher=any request, Filters=[org.springframework.security.web.session.DisableEncodeUrlFilter@5d51203b, org.springframework.security.web.context.request.async.WebAsyncManagerIntegrationFilter@32be672d, org.springframework.security.web.context.SecurityContextHolderFilter@74f54f8e, org.springframework.security.web.header.HeaderWriterFilter@157ff8f8, org.springframework.security.web.authentication.logout.LogoutFilter@72364a40, org.springframework.security.web.authentication.www.BasicAuthenticationFilter@a23b96b, org.springframework.security.web.savedrequest.RequestCacheAwareFilter@59b8a801, org.springframework.security.web.servletapi.SecurityContextHolderAwareRequestFilter@5aa026e9, org.springframework.security.web.authentication.AnonymousAuthenticationFilter@23e54c8a, org.springframework.security.web.session.SessionManagementFilter@79e3f444, org.springframework.security.web.access.ExceptionTranslationFilter@17a756db, org.springframework.security.web.access.intercept.AuthorizationFilter@55e75ce0]] (1/1)
?[0m?[0;34m?[2m2023-08-22T13:43:44.274+02:00?[0;39m ?[32mDEBUG?[0;39m ?[35m18216?[0;39m ?[2m---?[0;39m ?[2m[io-28852-exec-9]?[0;39m ?[36mo.s.security.web.FilterChainProxy       ?[0;39m ?[2m:?[0;39m Securing POST /api/auth/signup
?[0m?[0;34m?[2m2023-08-22T13:43:44.274+02:00?[0;39m ?[32mTRACE?[0;39m ?[35m18216?[0;39m ?[2m---?[0;39m ?[2m[io-28852-exec-9]?[0;39m ?[36mo.s.security.web.FilterChainProxy       ?[0;39m ?[2m:?[0;39m Invoking DisableEncodeUrlFilter (1/12)
?[0m?[0;34m?[2m2023-08-22T13:43:44.274+02:00?[0;39m ?[32mTRACE?[0;39m ?[35m18216?[0;39m ?[2m---?[0;39m ?[2m[io-28852-exec-9]?[0;39m ?[36mo.s.security.web.FilterChainProxy       ?[0;39m ?[2m:?[0;39m Invoking WebAsyncManagerIntegrationFilter (2/12)
?[0m?[0;34m?[2m2023-08-22T13:43:44.274+02:00?[0;39m ?[32mTRACE?[0;39m ?[35m18216?[0;39m ?[2m---?[0;39m ?[2m[io-28852-exec-9]?[0;39m ?[36mo.s.security.web.FilterChainProxy       ?[0;39m ?[2m:?[0;39m Invoking SecurityContextHolderFilter (3/12)
?[0m?[0;34m?[2m2023-08-22T13:43:44.274+02:00?[0;39m ?[32mTRACE?[0;39m ?[35m18216?[0;39m ?[2m---?[0;39m ?[2m[io-28852-exec-9]?[0;39m ?[36mo.s.security.web.FilterChainProxy       ?[0;39m ?[2m:?[0;39m Invoking HeaderWriterFilter (4/12)
?[0m?[0;34m?[2m2023-08-22T13:43:44.274+02:00?[0;39m ?[32mTRACE?[0;39m ?[35m18216?[0;39m ?[2m---?[0;39m ?[2m[io-28852-exec-9]?[0;39m ?[36mo.s.security.web.FilterChainProxy       ?[0;39m ?[2m:?[0;39m Invoking LogoutFilter (5/12)
?[0m?[0;34m?[2m2023-08-22T13:43:44.274+02:00?[0;39m ?[32mTRACE?[0;39m ?[35m18216?[0;39m ?[2m---?[0;39m ?[2m[io-28852-exec-9]?[0;39m ?[36mo.s.s.w.a.logout.LogoutFilter           ?[0;39m ?[2m:?[0;39m Did not match request to Or [Ant [pattern='/logout', GET], Ant [pattern='/logout', POST], Ant [pattern='/logout', PUT], Ant [pattern='/logout', DELETE]]
?[0m?[0;34m?[2m2023-08-22T13:43:44.274+02:00?[0;39m ?[32mTRACE?[0;39m ?[35m18216?[0;39m ?[2m---?[0;39m ?[2m[io-28852-exec-9]?[0;39m ?[36mo.s.security.web.FilterChainProxy       ?[0;39m ?[2m:?[0;39m Invoking BasicAuthenticationFilter (6/12)
?[0m?[0;34m?[2m2023-08-22T13:43:44.274+02:00?[0;39m ?[32mTRACE?[0;39m ?[35m18216?[0;39m ?[2m---?[0;39m ?[2m[io-28852-exec-9]?[0;39m ?[36mo.s.s.w.a.www.BasicAuthenticationFilter ?[0;39m ?[2m:?[0;39m Did not process authentication request since failed to find username and password in Basic Authorization header
?[0m?[0;34m?[2m2023-08-22T13:43:44.274+02:00?[0;39m ?[32mTRACE?[0;39m ?[35m18216?[0;39m ?[2m---?[0;39m ?[2m[io-28852-exec-9]?[0;39m ?[36mo.s.security.web.FilterChainProxy       ?[0;39m ?[2m:?[0;39m Invoking RequestCacheAwareFilter (7/12)
?[0m?[0;34m?[2m2023-08-22T13:43:44.274+02:00?[0;39m ?[32mTRACE?[0;39m ?[35m18216?[0;39m ?[2m---?[0;39m ?[2m[io-28852-exec-9]?[0;39m ?[36mo.s.security.web.FilterChainProxy       ?[0;39m ?[2m:?[0;39m Invoking SecurityContextHolderAwareRequestFilter (8/12)
?[0m?[0;34m?[2m2023-08-22T13:43:44.274+02:00?[0;39m ?[32mTRACE?[0;39m ?[35m18216?[0;39m ?[2m---?[0;39m ?[2m[io-28852-exec-9]?[0;39m ?[36mo.s.security.web.FilterChainProxy       ?[0;39m ?[2m:?[0;39m Invoking AnonymousAuthenticationFilter (9/12)
?[0m?[0;34m?[2m2023-08-22T13:43:44.275+02:00?[0;39m ?[32mTRACE?[0;39m ?[35m18216?[0;39m ?[2m---?[0;39m ?[2m[io-28852-exec-9]?[0;39m ?[36mo.s.security.web.FilterChainProxy       ?[0;39m ?[2m:?[0;39m Invoking SessionManagementFilter (10/12)
?[0m?[0;34m?[2m2023-08-22T13:43:44.275+02:00?[0;39m ?[32mTRACE?[0;39m ?[35m18216?[0;39m ?[2m---?[0;39m ?[2m[io-28852-exec-9]?[0;39m ?[36m.s.s.w.c.SupplierDeferredSecurityContext?[0;39m ?[2m:?[0;39m Created SecurityContextImpl [Null authentication]
?[0m?[0;34m?[2m2023-08-22T13:43:44.275+02:00?[0;39m ?[32mTRACE?[0;39m ?[35m18216?[0;39m ?[2m---?[0;39m ?[2m[io-28852-exec-9]?[0;39m ?[36mo.s.s.w.a.AnonymousAuthenticationFilter ?[0;39m ?[2m:?[0;39m Set SecurityContextHolder to AnonymousAuthenticationToken [Principal=anonymousUser, Credentials=[PROTECTED], Authenticated=true, Details=WebAuthenticationDetails [RemoteIpAddress=127.0.0.1, SessionId=null], Granted Authorities=[ROLE_ANONYMOUS]]
?[0m?[0;34m?[2m2023-08-22T13:43:44.275+02:00?[0;39m ?[32mTRACE?[0;39m ?[35m18216?[0;39m ?[2m---?[0;39m ?[2m[io-28852-exec-9]?[0;39m ?[36mo.s.security.web.FilterChainProxy       ?[0;39m ?[2m:?[0;39m Invoking ExceptionTranslationFilter (11/12)
?[0m?[0;34m?[2m2023-08-22T13:43:44.275+02:00?[0;39m ?[32mTRACE?[0;39m ?[35m18216?[0;39m ?[2m---?[0;39m ?[2m[io-28852-exec-9]?[0;39m ?[36mo.s.security.web.FilterChainProxy       ?[0;39m ?[2m:?[0;39m Invoking AuthorizationFilter (12/12)
?[0m?[0;34m?[2m2023-08-22T13:43:44.275+02:00?[0;39m ?[32mTRACE?[0;39m ?[35m18216?[0;39m ?[2m---?[0;39m ?[2m[io-28852-exec-9]?[0;39m ?[36mestMatcherDelegatingAuthorizationManager?[0;39m ?[2m:?[0;39m Authorizing SecurityContextHolderAwareRequestWrapper[ org.springframework.security.web.header.HeaderWriterFilter$HeaderWriterRequest@590d086d]
?[0m?[0;34m?[2m2023-08-22T13:43:44.275+02:00?[0;39m ?[32mTRACE?[0;39m ?[35m18216?[0;39m ?[2m---?[0;39m ?[2m[io-28852-exec-9]?[0;39m ?[36mestMatcherDelegatingAuthorizationManager?[0;39m ?[2m:?[0;39m Checking authorization on SecurityContextHolderAwareRequestWrapper[ org.springframework.security.web.header.HeaderWriterFilter$HeaderWriterRequest@590d086d] using org.springframework.security.config.annotation.web.configurers.AuthorizeHttpRequestsConfigurer$$Lambda$1316/0x0000000100a4d140@528cc85a
?[0m?[0;34m?[2m2023-08-22T13:43:44.275+02:00?[0;39m ?[32mDEBUG?[0;39m ?[35m18216?[0;39m ?[2m---?[0;39m ?[2m[io-28852-exec-9]?[0;39m ?[36mo.s.security.web.FilterChainProxy       ?[0;39m ?[2m:?[0;39m Secured POST /api/auth/signup
?[0m?[0;34mHibernate: select u1_0.id from users u1_0 where upper(u1_0.email)=upper(?) fetch first ? rows only
?[0m?[0;34mHibernate: insert into users (id, email, lastname, name, password) values (default, ?, ?, ?, ?)
?[0m?[0;34m?[2m2023-08-22T13:43:44.337+02:00?[0;39m ?[32mTRACE?[0;39m ?[35m18216?[0;39m ?[2m---?[0;39m ?[2m[io-28852-exec-9]?[0;39m ?[36mo.s.s.w.header.writers.HstsHeaderWriter ?[0;39m ?[2m:?[0;39m Not injecting HSTS header since it did not match request to [Is Secure]
?[0m?[0;34m?[2m2023-08-22T13:43:44.343+02:00?[0;39m ?[32mTRACE?[0;39m ?[35m18216?[0;39m ?[2m---?[0;39m ?[2m[o-28852-exec-10]?[0;39m ?[36mo.s.security.web.FilterChainProxy       ?[0;39m ?[2m:?[0;39m Trying to match request against DefaultSecurityFilterChain [RequestMatcher=any request, Filters=[org.springframework.security.web.session.DisableEncodeUrlFilter@5d51203b, org.springframework.security.web.context.request.async.WebAsyncManagerIntegrationFilter@32be672d, org.springframework.security.web.context.SecurityContextHolderFilter@74f54f8e, org.springframework.security.web.header.HeaderWriterFilter@157ff8f8, org.springframework.security.web.authentication.logout.LogoutFilter@72364a40, org.springframework.security.web.authentication.www.BasicAuthenticationFilter@a23b96b, org.springframework.security.web.savedrequest.RequestCacheAwareFilter@59b8a801, org.springframework.security.web.servletapi.SecurityContextHolderAwareRequestFilter@5aa026e9, org.springframework.security.web.authentication.AnonymousAuthenticationFilter@23e54c8a, org.springframework.security.web.session.SessionManagementFilter@79e3f444, org.springframework.security.web.access.ExceptionTranslationFilter@17a756db, org.springframework.security.web.access.intercept.AuthorizationFilter@55e75ce0]] (1/1)
?[0m?[0;34m?[2m2023-08-22T13:43:44.343+02:00?[0;39m ?[32mDEBUG?[0;39m ?[35m18216?[0;39m ?[2m---?[0;39m ?[2m[o-28852-exec-10]?[0;39m ?[36mo.s.security.web.FilterChainProxy       ?[0;39m ?[2m:?[0;39m Securing POST /api/auth/signup
?[0m?[0;34m?[2m2023-08-22T13:43:44.343+02:00?[0;39m ?[32mTRACE?[0;39m ?[35m18216?[0;39m ?[2m---?[0;39m ?[2m[o-28852-exec-10]?[0;39m ?[36mo.s.security.web.FilterChainProxy       ?[0;39m ?[2m:?[0;39m Invoking DisableEncodeUrlFilter (1/12)
?[0m?[0;34m?[2m2023-08-22T13:43:44.343+02:00?[0;39m ?[32mTRACE?[0;39m ?[35m18216?[0;39m ?[2m---?[0;39m ?[2m[o-28852-exec-10]?[0;39m ?[36mo.s.security.web.FilterChainProxy       ?[0;39m ?[2m:?[0;39m Invoking WebAsyncManagerIntegrationFilter (2/12)
?[0m?[0;34m?[2m2023-08-22T13:43:44.343+02:00?[0;39m ?[32mTRACE?[0;39m ?[35m18216?[0;39m ?[2m---?[0;39m ?[2m[o-28852-exec-10]?[0;39m ?[36mo.s.security.web.FilterChainProxy       ?[0;39m ?[2m:?[0;39m Invoking SecurityContextHolderFilter (3/12)
?[0m?[0;34m?[2m2023-08-22T13:43:44.343+02:00?[0;39m ?[32mTRACE?[0;39m ?[35m18216?[0;39m ?[2m---?[0;39m ?[2m[o-28852-exec-10]?[0;39m ?[36mo.s.security.web.FilterChainProxy       ?[0;39m ?[2m:?[0;39m Invoking HeaderWriterFilter (4/12)
?[0m?[0;34m?[2m2023-08-22T13:43:44.343+02:00?[0;39m ?[32mTRACE?[0;39m ?[35m18216?[0;39m ?[2m---?[0;39m ?[2m[o-28852-exec-10]?[0;39m ?[36mo.s.security.web.FilterChainProxy       ?[0;39m ?[2m:?[0;39m Invoking LogoutFilter (5/12)
?[0m?[0;34m?[2m2023-08-22T13:43:44.343+02:00?[0;39m ?[32mTRACE?[0;39m ?[35m18216?[0;39m ?[2m---?[0;39m ?[2m[o-28852-exec-10]?[0;39m ?[36mo.s.s.w.a.logout.LogoutFilter           ?[0;39m ?[2m:?[0;39m Did not match request to Or [Ant [pattern='/logout', GET], Ant [pattern='/logout', POST], Ant [pattern='/logout', PUT], Ant [pattern='/logout', DELETE]]
?[0m?[0;34m?[2m2023-08-22T13:43:44.343+02:00?[0;39m ?[32mTRACE?[0;39m ?[35m18216?[0;39m ?[2m---?[0;39m ?[2m[o-28852-exec-10]?[0;39m ?[36mo.s.security.web.FilterChainProxy       ?[0;39m ?[2m:?[0;39m Invoking BasicAuthenticationFilter (6/12)
?[0m?[0;34m?[2m2023-08-22T13:43:44.343+02:00?[0;39m ?[32mTRACE?[0;39m ?[35m18216?[0;39m ?[2m---?[0;39m ?[2m[o-28852-exec-10]?[0;39m ?[36mo.s.s.w.a.www.BasicAuthenticationFilter ?[0;39m ?[2m:?[0;39m Did not process authentication request since failed to find username and password in Basic Authorization header
?[0m?[0;34m?[2m2023-08-22T13:43:44.343+02:00?[0;39m ?[32mTRACE?[0;39m ?[35m18216?[0;39m ?[2m---?[0;39m ?[2m[o-28852-exec-10]?[0;39m ?[36mo.s.security.web.FilterChainProxy       ?[0;39m ?[2m:?[0;39m Invoking RequestCacheAwareFilter (7/12)
?[0m?[0;34m?[2m2023-08-22T13:43:44.343+02:00?[0;39m ?[32mTRACE?[0;39m ?[35m18216?[0;39m ?[2m---?[0;39m ?[2m[o-28852-exec-10]?[0;39m ?[36mo.s.security.web.FilterChainProxy       ?[0;39m ?[2m:?[0;39m Invoking SecurityContextHolderAwareRequestFilter (8/12)
?[0m?[0;34m?[2m2023-08-22T13:43:44.343+02:00?[0;39m ?[32mTRACE?[0;39m ?[35m18216?[0;39m ?[2m---?[0;39m ?[2m[o-28852-exec-10]?[0;39m ?[36mo.s.security.web.FilterChainProxy       ?[0;39m ?[2m:?[0;39m Invoking AnonymousAuthenticationFilter (9/12)
?[0m?[0;34m?[2m2023-08-22T13:43:44.343+02:00?[0;39m ?[32mTRACE?[0;39m ?[35m18216?[0;39m ?[2m---?[0;39m ?[2m[o-28852-exec-10]?[0;39m ?[36mo.s.security.web.FilterChainProxy       ?[0;39m ?[2m:?[0;39m Invoking SessionManagementFilter (10/12)
?[0m?[0;34m?[2m2023-08-22T13:43:44.343+02:00?[0;39m ?[32mTRACE?[0;39m ?[35m18216?[0;39m ?[2m---?[0;39m ?[2m[o-28852-exec-10]?[0;39m ?[36m.s.s.w.c.SupplierDeferredSecurityContext?[0;39m ?[2m:?[0;39m Created SecurityContextImpl [Null authentication]
?[0m?[0;34m?[2m2023-08-22T13:43:44.343+02:00?[0;39m ?[32mTRACE?[0;39m ?[35m18216?[0;39m ?[2m---?[0;39m ?[2m[o-28852-exec-10]?[0;39m ?[36mo.s.s.w.a.AnonymousAuthenticationFilter ?[0;39m ?[2m:?[0;39m Set SecurityContextHolder to AnonymousAuthenticationToken [Principal=anonymousUser, Credentials=[PROTECTED], Authenticated=true, Details=WebAuthenticationDetails [RemoteIpAddress=127.0.0.1, SessionId=null], Granted Authorities=[ROLE_ANONYMOUS]]
?[0m?[0;34m?[2m2023-08-22T13:43:44.343+02:00?[0;39m ?[32mTRACE?[0;39m ?[35m18216?[0;39m ?[2m---?[0;39m ?[2m[o-28852-exec-10]?[0;39m ?[36mo.s.security.web.FilterChainProxy       ?[0;39m ?[2m:?[0;39m Invoking ExceptionTranslationFilter (11/12)
?[0m?[0;34m?[2m2023-08-22T13:43:44.343+02:00?[0;39m ?[32mTRACE?[0;39m ?[35m18216?[0;39m ?[2m---?[0;39m ?[2m[o-28852-exec-10]?[0;39m ?[36mo.s.security.web.FilterChainProxy       ?[0;39m ?[2m:?[0;39m Invoking AuthorizationFilter (12/12)
?[0m?[0;34m?[2m2023-08-22T13:43:44.344+02:00?[0;39m ?[32mTRACE?[0;39m ?[35m18216?[0;39m ?[2m---?[0;39m ?[2m[o-28852-exec-10]?[0;39m ?[36mestMatcherDelegatingAuthorizationManager?[0;39m ?[2m:?[0;39m Authorizing SecurityContextHolderAwareRequestWrapper[ org.springframework.security.web.header.HeaderWriterFilter$HeaderWriterRequest@5a87937f]
?[0m?[0;34m?[2m2023-08-22T13:43:44.344+02:00?[0;39m ?[32mTRACE?[0;39m ?[35m18216?[0;39m ?[2m---?[0;39m ?[2m[o-28852-exec-10]?[0;39m ?[36mestMatcherDelegatingAuthorizationManager?[0;39m ?[2m:?[0;39m Checking authorization on SecurityContextHolderAwareRequestWrapper[ org.springframework.security.web.header.HeaderWriterFilter$HeaderWriterRequest@5a87937f] using org.springframework.security.config.annotation.web.configurers.AuthorizeHttpRequestsConfigurer$$Lambda$1316/0x0000000100a4d140@528cc85a
?[0m?[0;34m?[2m2023-08-22T13:43:44.344+02:00?[0;39m ?[32mDEBUG?[0;39m ?[35m18216?[0;39m ?[2m---?[0;39m ?[2m[o-28852-exec-10]?[0;39m ?[36mo.s.security.web.FilterChainProxy       ?[0;39m ?[2m:?[0;39m Secured POST /api/auth/signup
?[0m?[0;34mHibernate: select u1_0.id from users u1_0 where upper(u1_0.email)=upper(?) fetch first ? rows only
?[0m?[0;34m?[2m2023-08-22T13:43:44.346+02:00?[0;39m ?[32mTRACE?[0;39m ?[35m18216?[0;39m ?[2m---?[0;39m ?[2m[o-28852-exec-10]?[0;39m ?[36mo.s.s.w.header.writers.HstsHeaderWriter ?[0;39m ?[2m:?[0;39m Not injecting HSTS header since it did not match request to [Is Secure]
?[0m?[0;34m?[2m2023-08-22T13:43:44.347+02:00?[0;39m ?[32mTRACE?[0;39m ?[35m18216?[0;39m ?[2m---?[0;39m ?[2m[o-28852-exec-10]?[0;39m ?[36mo.s.security.web.FilterChainProxy       ?[0;39m ?[2m:?[0;39m Trying to match request against DefaultSecurityFilterChain [RequestMatcher=any request, Filters=[org.springframework.security.web.session.DisableEncodeUrlFilter@5d51203b, org.springframework.security.web.context.request.async.WebAsyncManagerIntegrationFilter@32be672d, org.springframework.security.web.context.SecurityContextHolderFilter@74f54f8e, org.springframework.security.web.header.HeaderWriterFilter@157ff8f8, org.springframework.security.web.authentication.logout.LogoutFilter@72364a40, org.springframework.security.web.authentication.www.BasicAuthenticationFilter@a23b96b, org.springframework.security.web.savedrequest.RequestCacheAwareFilter@59b8a801, org.springframework.security.web.servletapi.SecurityContextHolderAwareRequestFilter@5aa026e9, org.springframework.security.web.authentication.AnonymousAuthenticationFilter@23e54c8a, org.springframework.security.web.session.SessionManagementFilter@79e3f444, org.springframework.security.web.access.ExceptionTranslationFilter@17a756db, org.springframework.security.web.access.intercept.AuthorizationFilter@55e75ce0]] (1/1)
?[0m?[0;34m?[2m2023-08-22T13:43:44.347+02:00?[0;39m ?[32mDEBUG?[0;39m ?[35m18216?[0;39m ?[2m---?[0;39m ?[2m[o-28852-exec-10]?[0;39m ?[36mo.s.security.web.FilterChainProxy       ?[0;39m ?[2m:?[0;39m Securing POST /error
?[0m?[0;34m?[2m2023-08-22T13:43:44.347+02:00?[0;39m ?[32mTRACE?[0;39m ?[35m18216?[0;39m ?[2m---?[0;39m ?[2m[o-28852-exec-10]?[0;39m ?[36mo.s.security.web.FilterChainProxy       ?[0;39m ?[2m:?[0;39m Invoking DisableEncodeUrlFilter (1/12)
?[0m?[0;34m?[2m2023-08-22T13:43:44.347+02:00?[0;39m ?[32mTRACE?[0;39m ?[35m18216?[0;39m ?[2m---?[0;39m ?[2m[o-28852-exec-10]?[0;39m ?[36mo.s.security.web.FilterChainProxy       ?[0;39m ?[2m:?[0;39m Invoking WebAsyncManagerIntegrationFilter (2/12)
?[0m?[0;34m?[2m2023-08-22T13:43:44.347+02:00?[0;39m ?[32mTRACE?[0;39m ?[35m18216?[0;39m ?[2m---?[0;39m ?[2m[o-28852-exec-10]?[0;39m ?[36mo.s.security.web.FilterChainProxy       ?[0;39m ?[2m:?[0;39m Invoking SecurityContextHolderFilter (3/12)
?[0m?[0;34m?[2m2023-08-22T13:43:44.347+02:00?[0;39m ?[32mTRACE?[0;39m ?[35m18216?[0;39m ?[2m---?[0;39m ?[2m[o-28852-exec-10]?[0;39m ?[36mo.s.security.web.FilterChainProxy       ?[0;39m ?[2m:?[0;39m Invoking HeaderWriterFilter (4/12)
?[0m?[0;34m?[2m2023-08-22T13:43:44.347+02:00?[0;39m ?[32mTRACE?[0;39m ?[35m18216?[0;39m ?[2m---?[0;39m ?[2m[o-28852-exec-10]?[0;39m ?[36mo.s.security.web.FilterChainProxy       ?[0;39m ?[2m:?[0;39m Invoking LogoutFilter (5/12)
?[0m?[0;34m?[2m2023-08-22T13:43:44.347+02:00?[0;39m ?[32mTRACE?[0;39m ?[35m18216?[0;39m ?[2m---?[0;39m ?[2m[o-28852-exec-10]?[0;39m ?[36mo.s.s.w.a.logout.LogoutFilter           ?[0;39m ?[2m:?[0;39m Did not match request to Or [Ant [pattern='/logout', GET], Ant [pattern='/logout', POST], Ant [pattern='/logout', PUT], Ant [pattern='/logout', DELETE]]
?[0m?[0;34m?[2m2023-08-22T13:43:44.347+02:00?[0;39m ?[32mTRACE?[0;39m ?[35m18216?[0;39m ?[2m---?[0;39m ?[2m[o-28852-exec-10]?[0;39m ?[36mo.s.security.web.FilterChainProxy       ?[0;39m ?[2m:?[0;39m Invoking BasicAuthenticationFilter (6/12)
?[0m?[0;34m?[2m2023-08-22T13:43:44.347+02:00?[0;39m ?[32mTRACE?[0;39m ?[35m18216?[0;39m ?[2m---?[0;39m ?[2m[o-28852-exec-10]?[0;39m ?[36mo.s.security.web.FilterChainProxy       ?[0;39m ?[2m:?[0;39m Invoking RequestCacheAwareFilter (7/12)
?[0m?[0;34m?[2m2023-08-22T13:43:44.347+02:00?[0;39m ?[32mTRACE?[0;39m ?[35m18216?[0;39m ?[2m---?[0;39m ?[2m[o-28852-exec-10]?[0;39m ?[36mo.s.security.web.FilterChainProxy       ?[0;39m ?[2m:?[0;39m Invoking SecurityContextHolderAwareRequestFilter (8/12)
?[0m?[0;34m?[2m2023-08-22T13:43:44.347+02:00?[0;39m ?[32mTRACE?[0;39m ?[35m18216?[0;39m ?[2m---?[0;39m ?[2m[o-28852-exec-10]?[0;39m ?[36mo.s.security.web.FilterChainProxy       ?[0;39m ?[2m:?[0;39m Invoking AnonymousAuthenticationFilter (9/12)
?[0m?[0;34m?[2m2023-08-22T13:43:44.347+02:00?[0;39m ?[32mTRACE?[0;39m ?[35m18216?[0;39m ?[2m---?[0;39m ?[2m[o-28852-exec-10]?[0;39m ?[36mo.s.security.web.FilterChainProxy       ?[0;39m ?[2m:?[0;39m Invoking SessionManagementFilter (10/12)
?[0m?[0;34m?[2m2023-08-22T13:43:44.348+02:00?[0;39m ?[32mTRACE?[0;39m ?[35m18216?[0;39m ?[2m---?[0;39m ?[2m[o-28852-exec-10]?[0;39m ?[36mo.s.security.web.FilterChainProxy       ?[0;39m ?[2m:?[0;39m Invoking ExceptionTranslationFilter (11/12)
?[0m?[0;34m?[2m2023-08-22T13:43:44.348+02:00?[0;39m ?[32mTRACE?[0;39m ?[35m18216?[0;39m ?[2m---?[0;39m ?[2m[o-28852-exec-10]?[0;39m ?[36mo.s.security.web.FilterChainProxy       ?[0;39m ?[2m:?[0;39m Invoking AuthorizationFilter (12/12)
?[0m?[0;34m?[2m2023-08-22T13:43:44.348+02:00?[0;39m ?[32mTRACE?[0;39m ?[35m18216?[0;39m ?[2m---?[0;39m ?[2m[o-28852-exec-10]?[0;39m ?[36mestMatcherDelegatingAuthorizationManager?[0;39m ?[2m:?[0;39m Authorizing SecurityContextHolderAwareRequestWrapper[ FirewalledRequest[ org.apache.catalina.core.ApplicationHttpRequest@3b51bfc6]]
?[0m?[0;34m?[2m2023-08-22T13:43:44.348+02:00?[0;39m ?[32mTRACE?[0;39m ?[35m18216?[0;39m ?[2m---?[0;39m ?[2m[o-28852-exec-10]?[0;39m ?[36mestMatcherDelegatingAuthorizationManager?[0;39m ?[2m:?[0;39m Checking authorization on SecurityContextHolderAwareRequestWrapper[ FirewalledRequest[ org.apache.catalina.core.ApplicationHttpRequest@3b51bfc6]] using org.springframework.security.config.annotation.web.configurers.AuthorizeHttpRequestsConfigurer$$Lambda$1316/0x0000000100a4d140@528cc85a
?[0m?[0;34m?[2m2023-08-22T13:43:44.348+02:00?[0;39m ?[32mDEBUG?[0;39m ?[35m18216?[0;39m ?[2m---?[0;39m ?[2m[o-28852-exec-10]?[0;39m ?[36mo.s.security.web.FilterChainProxy       ?[0;39m ?[2m:?[0;39m Secured POST /error
?[0m?[0;34m?[2m2023-08-22T13:43:44.348+02:00?[0;39m ?[32mTRACE?[0;39m ?[35m18216?[0;39m ?[2m---?[0;39m ?[2m[o-28852-exec-10]?[0;39m ?[36m.s.s.w.c.SupplierDeferredSecurityContext?[0;39m ?[2m:?[0;39m Created SecurityContextImpl [Null authentication]
?[0m?[0;34m?[2m2023-08-22T13:43:44.349+02:00?[0;39m ?[32mTRACE?[0;39m ?[35m18216?[0;39m ?[2m---?[0;39m ?[2m[o-28852-exec-10]?[0;39m ?[36mo.s.s.w.a.AnonymousAuthenticationFilter ?[0;39m ?[2m:?[0;39m Set SecurityContextHolder to AnonymousAuthenticationToken [Principal=anonymousUser, Credentials=[PROTECTED], Authenticated=true, Details=WebAuthenticationDetails [RemoteIpAddress=127.0.0.1, SessionId=null], Granted Authorities=[ROLE_ANONYMOUS]]
?[1;31m
Start test 17?[0m
?[0m?[0;34m?[2m2023-08-22T13:43:44.355+02:00?[0;39m ?[32mTRACE?[0;39m ?[35m18216?[0;39m ?[2m---?[0;39m ?[2m[io-28852-exec-1]?[0;39m ?[36mo.s.security.web.FilterChainProxy       ?[0;39m ?[2m:?[0;39m Trying to match request against DefaultSecurityFilterChain [RequestMatcher=any request, Filters=[org.springframework.security.web.session.DisableEncodeUrlFilter@5d51203b, org.springframework.security.web.context.request.async.WebAsyncManagerIntegrationFilter@32be672d, org.springframework.security.web.context.SecurityContextHolderFilter@74f54f8e, org.springframework.security.web.header.HeaderWriterFilter@157ff8f8, org.springframework.security.web.authentication.logout.LogoutFilter@72364a40, org.springframework.security.web.authentication.www.BasicAuthenticationFilter@a23b96b, org.springframework.security.web.savedrequest.RequestCacheAwareFilter@59b8a801, org.springframework.security.web.servletapi.SecurityContextHolderAwareRequestFilter@5aa026e9, org.springframework.security.web.authentication.AnonymousAuthenticationFilter@23e54c8a, org.springframework.security.web.session.SessionManagementFilter@79e3f444, org.springframework.security.web.access.ExceptionTranslationFilter@17a756db, org.springframework.security.web.access.intercept.AuthorizationFilter@55e75ce0]] (1/1)
?[0m?[0;34m?[2m2023-08-22T13:43:44.355+02:00?[0;39m ?[32mDEBUG?[0;39m ?[35m18216?[0;39m ?[2m---?[0;39m ?[2m[io-28852-exec-1]?[0;39m ?[36mo.s.security.web.FilterChainProxy       ?[0;39m ?[2m:?[0;39m Securing POST /api/auth/signup
?[0m?[0;34m?[2m2023-08-22T13:43:44.355+02:00?[0;39m ?[32mTRACE?[0;39m ?[35m18216?[0;39m ?[2m---?[0;39m ?[2m[io-28852-exec-1]?[0;39m ?[36mo.s.security.web.FilterChainProxy       ?[0;39m ?[2m:?[0;39m Invoking DisableEncodeUrlFilter (1/12)
?[0m?[0;34m?[2m2023-08-22T13:43:44.355+02:00?[0;39m ?[32mTRACE?[0;39m ?[35m18216?[0;39m ?[2m---?[0;39m ?[2m[io-28852-exec-1]?[0;39m ?[36mo.s.security.web.FilterChainProxy       ?[0;39m ?[2m:?[0;39m Invoking WebAsyncManagerIntegrationFilter (2/12)
?[0m?[0;34m?[2m2023-08-22T13:43:44.355+02:00?[0;39m ?[32mTRACE?[0;39m ?[35m18216?[0;39m ?[2m---?[0;39m ?[2m[io-28852-exec-1]?[0;39m ?[36mo.s.security.web.FilterChainProxy       ?[0;39m ?[2m:?[0;39m Invoking SecurityContextHolderFilter (3/12)
?[0m?[0;34m?[2m2023-08-22T13:43:44.355+02:00?[0;39m ?[32mTRACE?[0;39m ?[35m18216?[0;39m ?[2m---?[0;39m ?[2m[io-28852-exec-1]?[0;39m ?[36mo.s.security.web.FilterChainProxy       ?[0;39m ?[2m:?[0;39m Invoking HeaderWriterFilter (4/12)
?[0m?[0;34m?[2m2023-08-22T13:43:44.355+02:00?[0;39m ?[32mTRACE?[0;39m ?[35m18216?[0;39m ?[2m---?[0;39m ?[2m[io-28852-exec-1]?[0;39m ?[36mo.s.security.web.FilterChainProxy       ?[0;39m ?[2m:?[0;39m Invoking LogoutFilter (5/12)
?[0m?[0;34m?[2m2023-08-22T13:43:44.355+02:00?[0;39m ?[32mTRACE?[0;39m ?[35m18216?[0;39m ?[2m---?[0;39m ?[2m[io-28852-exec-1]?[0;39m ?[36mo.s.s.w.a.logout.LogoutFilter           ?[0;39m ?[2m:?[0;39m Did not match request to Or [Ant [pattern='/logout', GET], Ant [pattern='/logout', POST], Ant [pattern='/logout', PUT], Ant [pattern='/logout', DELETE]]
?[0m?[0;34m?[2m2023-08-22T13:43:44.355+02:00?[0;39m ?[32mTRACE?[0;39m ?[35m18216?[0;39m ?[2m---?[0;39m ?[2m[io-28852-exec-1]?[0;39m ?[36mo.s.security.web.FilterChainProxy       ?[0;39m ?[2m:?[0;39m Invoking BasicAuthenticationFilter (6/12)
?[0m?[0;34m?[2m2023-08-22T13:43:44.355+02:00?[0;39m ?[32mTRACE?[0;39m ?[35m18216?[0;39m ?[2m---?[0;39m ?[2m[io-28852-exec-1]?[0;39m ?[36mo.s.s.w.a.www.BasicAuthenticationFilter ?[0;39m ?[2m:?[0;39m Did not process authentication request since failed to find username and password in Basic Authorization header
?[0m?[0;34m?[2m2023-08-22T13:43:44.355+02:00?[0;39m ?[32mTRACE?[0;39m ?[35m18216?[0;39m ?[2m---?[0;39m ?[2m[io-28852-exec-1]?[0;39m ?[36mo.s.security.web.FilterChainProxy       ?[0;39m ?[2m:?[0;39m Invoking RequestCacheAwareFilter (7/12)
?[0m?[0;34m?[2m2023-08-22T13:43:44.355+02:00?[0;39m ?[32mTRACE?[0;39m ?[35m18216?[0;39m ?[2m---?[0;39m ?[2m[io-28852-exec-1]?[0;39m ?[36mo.s.security.web.FilterChainProxy       ?[0;39m ?[2m:?[0;39m Invoking SecurityContextHolderAwareRequestFilter (8/12)
?[0m?[0;34m?[2m2023-08-22T13:43:44.356+02:00?[0;39m ?[32mTRACE?[0;39m ?[35m18216?[0;39m ?[2m---?[0;39m ?[2m[io-28852-exec-1]?[0;39m ?[36mo.s.security.web.FilterChainProxy       ?[0;39m ?[2m:?[0;39m Invoking AnonymousAuthenticationFilter (9/12)
?[0m?[0;34m?[2m2023-08-22T13:43:44.356+02:00?[0;39m ?[32mTRACE?[0;39m ?[35m18216?[0;39m ?[2m---?[0;39m ?[2m[io-28852-exec-1]?[0;39m ?[36mo.s.security.web.FilterChainProxy       ?[0;39m ?[2m:?[0;39m Invoking SessionManagementFilter (10/12)
?[0m?[0;34m?[2m2023-08-22T13:43:44.356+02:00?[0;39m ?[32mTRACE?[0;39m ?[35m18216?[0;39m ?[2m---?[0;39m ?[2m[io-28852-exec-1]?[0;39m ?[36m.s.s.w.c.SupplierDeferredSecurityContext?[0;39m ?[2m:?[0;39m Created SecurityContextImpl [Null authentication]
?[0m?[0;34m?[2m2023-08-22T13:43:44.356+02:00?[0;39m ?[32mTRACE?[0;39m ?[35m18216?[0;39m ?[2m---?[0;39m ?[2m[io-28852-exec-1]?[0;39m ?[36mo.s.s.w.a.AnonymousAuthenticationFilter ?[0;39m ?[2m:?[0;39m Set SecurityContextHolder to AnonymousAuthenticationToken [Principal=anonymousUser, Credentials=[PROTECTED], Authenticated=true, Details=WebAuthenticationDetails [RemoteIpAddress=127.0.0.1, SessionId=null], Granted Authorities=[ROLE_ANONYMOUS]]
?[0m?[0;34m?[2m2023-08-22T13:43:44.356+02:00?[0;39m ?[32mTRACE?[0;39m ?[35m18216?[0;39m ?[2m---?[0;39m ?[2m[io-28852-exec-1]?[0;39m ?[36mo.s.security.web.FilterChainProxy       ?[0;39m ?[2m:?[0;39m Invoking ExceptionTranslationFilter (11/12)
?[0m?[0;34m?[2m2023-08-22T13:43:44.356+02:00?[0;39m ?[32mTRACE?[0;39m ?[35m18216?[0;39m ?[2m---?[0;39m ?[2m[io-28852-exec-1]?[0;39m ?[36mo.s.security.web.FilterChainProxy       ?[0;39m ?[2m:?[0;39m Invoking AuthorizationFilter (12/12)
?[0m?[0;34m?[2m2023-08-22T13:43:44.356+02:00?[0;39m ?[32mTRACE?[0;39m ?[35m18216?[0;39m ?[2m---?[0;39m ?[2m[io-28852-exec-1]?[0;39m ?[36mestMatcherDelegatingAuthorizationManager?[0;39m ?[2m:?[0;39m Authorizing SecurityContextHolderAwareRequestWrapper[ org.springframework.security.web.header.HeaderWriterFilter$HeaderWriterRequest@6be127ae]
?[0m?[0;34m?[2m2023-08-22T13:43:44.356+02:00?[0;39m ?[32mTRACE?[0;39m ?[35m18216?[0;39m ?[2m---?[0;39m ?[2m[io-28852-exec-1]?[0;39m ?[36mestMatcherDelegatingAuthorizationManager?[0;39m ?[2m:?[0;39m Checking authorization on SecurityContextHolderAwareRequestWrapper[ org.springframework.security.web.header.HeaderWriterFilter$HeaderWriterRequest@6be127ae] using org.springframework.security.config.annotation.web.configurers.AuthorizeHttpRequestsConfigurer$$Lambda$1316/0x0000000100a4d140@528cc85a
?[0m?[0;34m?[2m2023-08-22T13:43:44.356+02:00?[0;39m ?[32mDEBUG?[0;39m ?[35m18216?[0;39m ?[2m---?[0;39m ?[2m[io-28852-exec-1]?[0;39m ?[36mo.s.security.web.FilterChainProxy       ?[0;39m ?[2m:?[0;39m Secured POST /api/auth/signup
?[0m?[0;34mHibernate: select u1_0.id from users u1_0 where upper(u1_0.email)=upper(?) fetch first ? rows only
?[0m?[0;34m?[2m2023-08-22T13:43:44.358+02:00?[0;39m ?[32mTRACE?[0;39m ?[35m18216?[0;39m ?[2m---?[0;39m ?[2m[io-28852-exec-1]?[0;39m ?[36mo.s.s.w.header.writers.HstsHeaderWriter ?[0;39m ?[2m:?[0;39m Not injecting HSTS header since it did not match request to [Is Secure]
?[0m?[0;34m?[2m2023-08-22T13:43:44.359+02:00?[0;39m ?[32mTRACE?[0;39m ?[35m18216?[0;39m ?[2m---?[0;39m ?[2m[io-28852-exec-1]?[0;39m ?[36mo.s.security.web.FilterChainProxy       ?[0;39m ?[2m:?[0;39m Trying to match request against DefaultSecurityFilterChain [RequestMatcher=any request, Filters=[org.springframework.security.web.session.DisableEncodeUrlFilter@5d51203b, org.springframework.security.web.context.request.async.WebAsyncManagerIntegrationFilter@32be672d, org.springframework.security.web.context.SecurityContextHolderFilter@74f54f8e, org.springframework.security.web.header.HeaderWriterFilter@157ff8f8, org.springframework.security.web.authentication.logout.LogoutFilter@72364a40, org.springframework.security.web.authentication.www.BasicAuthenticationFilter@a23b96b, org.springframework.security.web.savedrequest.RequestCacheAwareFilter@59b8a801, org.springframework.security.web.servletapi.SecurityContextHolderAwareRequestFilter@5aa026e9, org.springframework.security.web.authentication.AnonymousAuthenticationFilter@23e54c8a, org.springframework.security.web.session.SessionManagementFilter@79e3f444, org.springframework.security.web.access.ExceptionTranslationFilter@17a756db, org.springframework.security.web.access.intercept.AuthorizationFilter@55e75ce0]] (1/1)
?[0m?[0;34m?[2m2023-08-22T13:43:44.359+02:00?[0;39m ?[32mDEBUG?[0;39m ?[35m18216?[0;39m ?[2m---?[0;39m ?[2m[io-28852-exec-1]?[0;39m ?[36mo.s.security.web.FilterChainProxy       ?[0;39m ?[2m:?[0;39m Securing POST /error
?[0m?[0;34m?[2m2023-08-22T13:43:44.359+02:00?[0;39m ?[32mTRACE?[0;39m ?[35m18216?[0;39m ?[2m---?[0;39m ?[2m[io-28852-exec-1]?[0;39m ?[36mo.s.security.web.FilterChainProxy       ?[0;39m ?[2m:?[0;39m Invoking DisableEncodeUrlFilter (1/12)
?[0m?[0;34m?[2m2023-08-22T13:43:44.360+02:00?[0;39m ?[32mTRACE?[0;39m ?[35m18216?[0;39m ?[2m---?[0;39m ?[2m[io-28852-exec-1]?[0;39m ?[36mo.s.security.web.FilterChainProxy       ?[0;39m ?[2m:?[0;39m Invoking WebAsyncManagerIntegrationFilter (2/12)
?[0m?[0;34m?[2m2023-08-22T13:43:44.360+02:00?[0;39m ?[32mTRACE?[0;39m ?[35m18216?[0;39m ?[2m---?[0;39m ?[2m[io-28852-exec-1]?[0;39m ?[36mo.s.security.web.FilterChainProxy       ?[0;39m ?[2m:?[0;39m Invoking SecurityContextHolderFilter (3/12)
?[0m?[0;34m?[2m2023-08-22T13:43:44.360+02:00?[0;39m ?[32mTRACE?[0;39m ?[35m18216?[0;39m ?[2m---?[0;39m ?[2m[io-28852-exec-1]?[0;39m ?[36mo.s.security.web.FilterChainProxy       ?[0;39m ?[2m:?[0;39m Invoking HeaderWriterFilter (4/12)
?[0m?[0;34m?[2m2023-08-22T13:43:44.360+02:00?[0;39m ?[32mTRACE?[0;39m ?[35m18216?[0;39m ?[2m---?[0;39m ?[2m[io-28852-exec-1]?[0;39m ?[36mo.s.security.web.FilterChainProxy       ?[0;39m ?[2m:?[0;39m Invoking LogoutFilter (5/12)
?[0m?[0;34m?[2m2023-08-22T13:43:44.360+02:00?[0;39m ?[32mTRACE?[0;39m ?[35m18216?[0;39m ?[2m---?[0;39m ?[2m[io-28852-exec-1]?[0;39m ?[36mo.s.s.w.a.logout.LogoutFilter           ?[0;39m ?[2m:?[0;39m Did not match request to Or [Ant [pattern='/logout', GET], Ant [pattern='/logout', POST], Ant [pattern='/logout', PUT], Ant [pattern='/logout', DELETE]]
?[0m?[0;34m?[2m2023-08-22T13:43:44.360+02:00?[0;39m ?[32mTRACE?[0;39m ?[35m18216?[0;39m ?[2m---?[0;39m ?[2m[io-28852-exec-1]?[0;39m ?[36mo.s.security.web.FilterChainProxy       ?[0;39m ?[2m:?[0;39m Invoking BasicAuthenticationFilter (6/12)
?[0m?[0;34m?[2m2023-08-22T13:43:44.360+02:00?[0;39m ?[32mTRACE?[0;39m ?[35m18216?[0;39m ?[2m---?[0;39m ?[2m[io-28852-exec-1]?[0;39m ?[36mo.s.security.web.FilterChainProxy       ?[0;39m ?[2m:?[0;39m Invoking RequestCacheAwareFilter (7/12)
?[0m?[0;34m?[2m2023-08-22T13:43:44.360+02:00?[0;39m ?[32mTRACE?[0;39m ?[35m18216?[0;39m ?[2m---?[0;39m ?[2m[io-28852-exec-1]?[0;39m ?[36mo.s.security.web.FilterChainProxy       ?[0;39m ?[2m:?[0;39m Invoking SecurityContextHolderAwareRequestFilter (8/12)
?[0m?[0;34m?[2m2023-08-22T13:43:44.360+02:00?[0;39m ?[32mTRACE?[0;39m ?[35m18216?[0;39m ?[2m---?[0;39m ?[2m[io-28852-exec-1]?[0;39m ?[36mo.s.security.web.FilterChainProxy       ?[0;39m ?[2m:?[0;39m Invoking AnonymousAuthenticationFilter (9/12)
?[0m?[0;34m?[2m2023-08-22T13:43:44.360+02:00?[0;39m ?[32mTRACE?[0;39m ?[35m18216?[0;39m ?[2m---?[0;39m ?[2m[io-28852-exec-1]?[0;39m ?[36mo.s.security.web.FilterChainProxy       ?[0;39m ?[2m:?[0;39m Invoking SessionManagementFilter (10/12)
?[0m?[0;34m?[2m2023-08-22T13:43:44.360+02:00?[0;39m ?[32mTRACE?[0;39m ?[35m18216?[0;39m ?[2m---?[0;39m ?[2m[io-28852-exec-1]?[0;39m ?[36mo.s.security.web.FilterChainProxy       ?[0;39m ?[2m:?[0;39m Invoking ExceptionTranslationFilter (11/12)
?[0m?[0;34m?[2m2023-08-22T13:43:44.360+02:00?[0;39m ?[32mTRACE?[0;39m ?[35m18216?[0;39m ?[2m---?[0;39m ?[2m[io-28852-exec-1]?[0;39m ?[36mo.s.security.web.FilterChainProxy       ?[0;39m ?[2m:?[0;39m Invoking AuthorizationFilter (12/12)
?[0m?[0;34m?[2m2023-08-22T13:43:44.360+02:00?[0;39m ?[32mTRACE?[0;39m ?[35m18216?[0;39m ?[2m---?[0;39m ?[2m[io-28852-exec-1]?[0;39m ?[36mestMatcherDelegatingAuthorizationManager?[0;39m ?[2m:?[0;39m Authorizing SecurityContextHolderAwareRequestWrapper[ FirewalledRequest[ org.apache.catalina.core.ApplicationHttpRequest@7b6fa6bf]]
?[0m?[0;34m?[2m2023-08-22T13:43:44.360+02:00?[0;39m ?[32mTRACE?[0;39m ?[35m18216?[0;39m ?[2m---?[0;39m ?[2m[io-28852-exec-1]?[0;39m ?[36mestMatcherDelegatingAuthorizationManager?[0;39m ?[2m:?[0;39m Checking authorization on SecurityContextHolderAwareRequestWrapper[ FirewalledRequest[ org.apache.catalina.core.ApplicationHttpRequest@7b6fa6bf]] using org.springframework.security.config.annotation.web.configurers.AuthorizeHttpRequestsConfigurer$$Lambda$1316/0x0000000100a4d140@528cc85a
?[0m?[0;34m?[2m2023-08-22T13:43:44.360+02:00?[0;39m ?[32mDEBUG?[0;39m ?[35m18216?[0;39m ?[2m---?[0;39m ?[2m[io-28852-exec-1]?[0;39m ?[36mo.s.security.web.FilterChainProxy       ?[0;39m ?[2m:?[0;39m Secured POST /error
?[0m?[0;34m?[2m2023-08-22T13:43:44.361+02:00?[0;39m ?[32mTRACE?[0;39m ?[35m18216?[0;39m ?[2m---?[0;39m ?[2m[io-28852-exec-1]?[0;39m ?[36m.s.s.w.c.SupplierDeferredSecurityContext?[0;39m ?[2m:?[0;39m Created SecurityContextImpl [Null authentication]
?[0m?[0;34m?[2m2023-08-22T13:43:44.361+02:00?[0;39m ?[32mTRACE?[0;39m ?[35m18216?[0;39m ?[2m---?[0;39m ?[2m[io-28852-exec-1]?[0;39m ?[36mo.s.s.w.a.AnonymousAuthenticationFilter ?[0;39m ?[2m:?[0;39m Set SecurityContextHolder to AnonymousAuthenticationToken [Principal=anonymousUser, Credentials=[PROTECTED], Authenticated=true, Details=WebAuthenticationDetails [RemoteIpAddress=127.0.0.1, SessionId=null], Granted Authorities=[ROLE_ANONYMOUS]]
?[1;31m
Start test 18?[0m
?[0m?[0;34m?[2m2023-08-22T13:43:44.368+02:00?[0;39m ?[32mTRACE?[0;39m ?[35m18216?[0;39m ?[2m---?[0;39m ?[2m[io-28852-exec-2]?[0;39m ?[36mo.s.security.web.FilterChainProxy       ?[0;39m ?[2m:?[0;39m Trying to match request against DefaultSecurityFilterChain [RequestMatcher=any request, Filters=[org.springframework.security.web.session.DisableEncodeUrlFilter@5d51203b, org.springframework.security.web.context.request.async.WebAsyncManagerIntegrationFilter@32be672d, org.springframework.security.web.context.SecurityContextHolderFilter@74f54f8e, org.springframework.security.web.header.HeaderWriterFilter@157ff8f8, org.springframework.security.web.authentication.logout.LogoutFilter@72364a40, org.springframework.security.web.authentication.www.BasicAuthenticationFilter@a23b96b, org.springframework.security.web.savedrequest.RequestCacheAwareFilter@59b8a801, org.springframework.security.web.servletapi.SecurityContextHolderAwareRequestFilter@5aa026e9, org.springframework.security.web.authentication.AnonymousAuthenticationFilter@23e54c8a, org.springframework.security.web.session.SessionManagementFilter@79e3f444, org.springframework.security.web.access.ExceptionTranslationFilter@17a756db, org.springframework.security.web.access.intercept.AuthorizationFilter@55e75ce0]] (1/1)
?[0m?[0;34m?[2m2023-08-22T13:43:44.368+02:00?[0;39m ?[32mDEBUG?[0;39m ?[35m18216?[0;39m ?[2m---?[0;39m ?[2m[io-28852-exec-2]?[0;39m ?[36mo.s.security.web.FilterChainProxy       ?[0;39m ?[2m:?[0;39m Securing POST /api/auth/signup
?[0m?[0;34m?[2m2023-08-22T13:43:44.368+02:00?[0;39m ?[32mTRACE?[0;39m ?[35m18216?[0;39m ?[2m---?[0;39m ?[2m[io-28852-exec-2]?[0;39m ?[36mo.s.security.web.FilterChainProxy       ?[0;39m ?[2m:?[0;39m Invoking DisableEncodeUrlFilter (1/12)
?[0m?[0;34m?[2m2023-08-22T13:43:44.369+02:00?[0;39m ?[32mTRACE?[0;39m ?[35m18216?[0;39m ?[2m---?[0;39m ?[2m[io-28852-exec-2]?[0;39m ?[36mo.s.security.web.FilterChainProxy       ?[0;39m ?[2m:?[0;39m Invoking WebAsyncManagerIntegrationFilter (2/12)
?[0m?[0;34m?[2m2023-08-22T13:43:44.369+02:00?[0;39m ?[32mTRACE?[0;39m ?[35m18216?[0;39m ?[2m---?[0;39m ?[2m[io-28852-exec-2]?[0;39m ?[36mo.s.security.web.FilterChainProxy       ?[0;39m ?[2m:?[0;39m Invoking SecurityContextHolderFilter (3/12)
?[0m?[0;34m?[2m2023-08-22T13:43:44.369+02:00?[0;39m ?[32mTRACE?[0;39m ?[35m18216?[0;39m ?[2m---?[0;39m ?[2m[io-28852-exec-2]?[0;39m ?[36mo.s.security.web.FilterChainProxy       ?[0;39m ?[2m:?[0;39m Invoking HeaderWriterFilter (4/12)
?[0m?[0;34m?[2m2023-08-22T13:43:44.369+02:00?[0;39m ?[32mTRACE?[0;39m ?[35m18216?[0;39m ?[2m---?[0;39m ?[2m[io-28852-exec-2]?[0;39m ?[36mo.s.security.web.FilterChainProxy       ?[0;39m ?[2m:?[0;39m Invoking LogoutFilter (5/12)
?[0m?[0;34m?[2m2023-08-22T13:43:44.369+02:00?[0;39m ?[32mTRACE?[0;39m ?[35m18216?[0;39m ?[2m---?[0;39m ?[2m[io-28852-exec-2]?[0;39m ?[36mo.s.s.w.a.logout.LogoutFilter           ?[0;39m ?[2m:?[0;39m Did not match request to Or [Ant [pattern='/logout', GET], Ant [pattern='/logout', POST], Ant [pattern='/logout', PUT], Ant [pattern='/logout', DELETE]]
?[0m?[0;34m?[2m2023-08-22T13:43:44.369+02:00?[0;39m ?[32mTRACE?[0;39m ?[35m18216?[0;39m ?[2m---?[0;39m ?[2m[io-28852-exec-2]?[0;39m ?[36mo.s.security.web.FilterChainProxy       ?[0;39m ?[2m:?[0;39m Invoking BasicAuthenticationFilter (6/12)
?[0m?[0;34m?[2m2023-08-22T13:43:44.369+02:00?[0;39m ?[32mTRACE?[0;39m ?[35m18216?[0;39m ?[2m---?[0;39m ?[2m[io-28852-exec-2]?[0;39m ?[36mo.s.s.w.a.www.BasicAuthenticationFilter ?[0;39m ?[2m:?[0;39m Did not process authentication request since failed to find username and password in Basic Authorization header
?[0m?[0;34m?[2m2023-08-22T13:43:44.369+02:00?[0;39m ?[32mTRACE?[0;39m ?[35m18216?[0;39m ?[2m---?[0;39m ?[2m[io-28852-exec-2]?[0;39m ?[36mo.s.security.web.FilterChainProxy       ?[0;39m ?[2m:?[0;39m Invoking RequestCacheAwareFilter (7/12)
?[0m?[0;34m?[2m2023-08-22T13:43:44.369+02:00?[0;39m ?[32mTRACE?[0;39m ?[35m18216?[0;39m ?[2m---?[0;39m ?[2m[io-28852-exec-2]?[0;39m ?[36mo.s.security.web.FilterChainProxy       ?[0;39m ?[2m:?[0;39m Invoking SecurityContextHolderAwareRequestFilter (8/12)
?[0m?[0;34m?[2m2023-08-22T13:43:44.369+02:00?[0;39m ?[32mTRACE?[0;39m ?[35m18216?[0;39m ?[2m---?[0;39m ?[2m[io-28852-exec-2]?[0;39m ?[36mo.s.security.web.FilterChainProxy       ?[0;39m ?[2m:?[0;39m Invoking AnonymousAuthenticationFilter (9/12)
?[0m?[0;34m?[2m2023-08-22T13:43:44.369+02:00?[0;39m ?[32mTRACE?[0;39m ?[35m18216?[0;39m ?[2m---?[0;39m ?[2m[io-28852-exec-2]?[0;39m ?[36mo.s.security.web.FilterChainProxy       ?[0;39m ?[2m:?[0;39m Invoking SessionManagementFilter (10/12)
?[0m?[0;34m?[2m2023-08-22T13:43:44.369+02:00?[0;39m ?[32mTRACE?[0;39m ?[35m18216?[0;39m ?[2m---?[0;39m ?[2m[io-28852-exec-2]?[0;39m ?[36m.s.s.w.c.SupplierDeferredSecurityContext?[0;39m ?[2m:?[0;39m Created SecurityContextImpl [Null authentication]
?[0m?[0;34m?[2m2023-08-22T13:43:44.369+02:00?[0;39m ?[32mTRACE?[0;39m ?[35m18216?[0;39m ?[2m---?[0;39m ?[2m[io-28852-exec-2]?[0;39m ?[36mo.s.s.w.a.AnonymousAuthenticationFilter ?[0;39m ?[2m:?[0;39m Set SecurityContextHolder to AnonymousAuthenticationToken [Principal=anonymousUser, Credentials=[PROTECTED], Authenticated=true, Details=WebAuthenticationDetails [RemoteIpAddress=127.0.0.1, SessionId=null], Granted Authorities=[ROLE_ANONYMOUS]]
?[0m?[0;34m?[2m2023-08-22T13:43:44.369+02:00?[0;39m ?[32mTRACE?[0;39m ?[35m18216?[0;39m ?[2m---?[0;39m ?[2m[io-28852-exec-2]?[0;39m ?[36mo.s.security.web.FilterChainProxy       ?[0;39m ?[2m:?[0;39m Invoking ExceptionTranslationFilter (11/12)
?[0m?[0;34m?[2m2023-08-22T13:43:44.369+02:00?[0;39m ?[32mTRACE?[0;39m ?[35m18216?[0;39m ?[2m---?[0;39m ?[2m[io-28852-exec-2]?[0;39m ?[36mo.s.security.web.FilterChainProxy       ?[0;39m ?[2m:?[0;39m Invoking AuthorizationFilter (12/12)
?[0m?[0;34m?[2m2023-08-22T13:43:44.369+02:00?[0;39m ?[32mTRACE?[0;39m ?[35m18216?[0;39m ?[2m---?[0;39m ?[2m[io-28852-exec-2]?[0;39m ?[36mestMatcherDelegatingAuthorizationManager?[0;39m ?[2m:?[0;39m Authorizing SecurityContextHolderAwareRequestWrapper[ org.springframework.security.web.header.HeaderWriterFilter$HeaderWriterRequest@1cbdf204]
?[0m?[0;34m?[2m2023-08-22T13:43:44.369+02:00?[0;39m ?[32mTRACE?[0;39m ?[35m18216?[0;39m ?[2m---?[0;39m ?[2m[io-28852-exec-2]?[0;39m ?[36mestMatcherDelegatingAuthorizationManager?[0;39m ?[2m:?[0;39m Checking authorization on SecurityContextHolderAwareRequestWrapper[ org.springframework.security.web.header.HeaderWriterFilter$HeaderWriterRequest@1cbdf204] using org.springframework.security.config.annotation.web.configurers.AuthorizeHttpRequestsConfigurer$$Lambda$1316/0x0000000100a4d140@528cc85a
?[0m?[0;34m?[2m2023-08-22T13:43:44.370+02:00?[0;39m ?[32mDEBUG?[0;39m ?[35m18216?[0;39m ?[2m---?[0;39m ?[2m[io-28852-exec-2]?[0;39m ?[36mo.s.security.web.FilterChainProxy       ?[0;39m ?[2m:?[0;39m Secured POST /api/auth/signup
?[0m?[0;34mHibernate: select u1_0.id from users u1_0 where upper(u1_0.email)=upper(?) fetch first ? rows only
?[0m?[0;34m?[2m2023-08-22T13:43:44.372+02:00?[0;39m ?[32mTRACE?[0;39m ?[35m18216?[0;39m ?[2m---?[0;39m ?[2m[io-28852-exec-2]?[0;39m ?[36mo.s.s.w.header.writers.HstsHeaderWriter ?[0;39m ?[2m:?[0;39m Not injecting HSTS header since it did not match request to [Is Secure]
?[0m?[0;34m?[2m2023-08-22T13:43:44.372+02:00?[0;39m ?[32mTRACE?[0;39m ?[35m18216?[0;39m ?[2m---?[0;39m ?[2m[io-28852-exec-2]?[0;39m ?[36mo.s.security.web.FilterChainProxy       ?[0;39m ?[2m:?[0;39m Trying to match request against DefaultSecurityFilterChain [RequestMatcher=any request, Filters=[org.springframework.security.web.session.DisableEncodeUrlFilter@5d51203b, org.springframework.security.web.context.request.async.WebAsyncManagerIntegrationFilter@32be672d, org.springframework.security.web.context.SecurityContextHolderFilter@74f54f8e, org.springframework.security.web.header.HeaderWriterFilter@157ff8f8, org.springframework.security.web.authentication.logout.LogoutFilter@72364a40, org.springframework.security.web.authentication.www.BasicAuthenticationFilter@a23b96b, org.springframework.security.web.savedrequest.RequestCacheAwareFilter@59b8a801, org.springframework.security.web.servletapi.SecurityContextHolderAwareRequestFilter@5aa026e9, org.springframework.security.web.authentication.AnonymousAuthenticationFilter@23e54c8a, org.springframework.security.web.session.SessionManagementFilter@79e3f444, org.springframework.security.web.access.ExceptionTranslationFilter@17a756db, org.springframework.security.web.access.intercept.AuthorizationFilter@55e75ce0]] (1/1)
?[0m?[0;34m?[2m2023-08-22T13:43:44.372+02:00?[0;39m ?[32mDEBUG?[0;39m ?[35m18216?[0;39m ?[2m---?[0;39m ?[2m[io-28852-exec-2]?[0;39m ?[36mo.s.security.web.FilterChainProxy       ?[0;39m ?[2m:?[0;39m Securing POST /error
?[0m?[0;34m?[2m2023-08-22T13:43:44.372+02:00?[0;39m ?[32mTRACE?[0;39m ?[35m18216?[0;39m ?[2m---?[0;39m ?[2m[io-28852-exec-2]?[0;39m ?[36mo.s.security.web.FilterChainProxy       ?[0;39m ?[2m:?[0;39m Invoking DisableEncodeUrlFilter (1/12)
?[0m?[0;34m?[2m2023-08-22T13:43:44.373+02:00?[0;39m ?[32mTRACE?[0;39m ?[35m18216?[0;39m ?[2m---?[0;39m ?[2m[io-28852-exec-2]?[0;39m ?[36mo.s.security.web.FilterChainProxy       ?[0;39m ?[2m:?[0;39m Invoking WebAsyncManagerIntegrationFilter (2/12)
?[0m?[0;34m?[2m2023-08-22T13:43:44.373+02:00?[0;39m ?[32mTRACE?[0;39m ?[35m18216?[0;39m ?[2m---?[0;39m ?[2m[io-28852-exec-2]?[0;39m ?[36mo.s.security.web.FilterChainProxy       ?[0;39m ?[2m:?[0;39m Invoking SecurityContextHolderFilter (3/12)
?[0m?[0;34m?[2m2023-08-22T13:43:44.373+02:00?[0;39m ?[32mTRACE?[0;39m ?[35m18216?[0;39m ?[2m---?[0;39m ?[2m[io-28852-exec-2]?[0;39m ?[36mo.s.security.web.FilterChainProxy       ?[0;39m ?[2m:?[0;39m Invoking HeaderWriterFilter (4/12)
?[0m?[0;34m?[2m2023-08-22T13:43:44.373+02:00?[0;39m ?[32mTRACE?[0;39m ?[35m18216?[0;39m ?[2m---?[0;39m ?[2m[io-28852-exec-2]?[0;39m ?[36mo.s.security.web.FilterChainProxy       ?[0;39m ?[2m:?[0;39m Invoking LogoutFilter (5/12)
?[0m?[0;34m?[2m2023-08-22T13:43:44.373+02:00?[0;39m ?[32mTRACE?[0;39m ?[35m18216?[0;39m ?[2m---?[0;39m ?[2m[io-28852-exec-2]?[0;39m ?[36mo.s.s.w.a.logout.LogoutFilter           ?[0;39m ?[2m:?[0;39m Did not match request to Or [Ant [pattern='/logout', GET], Ant [pattern='/logout', POST], Ant [pattern='/logout', PUT], Ant [pattern='/logout', DELETE]]
?[0m?[0;34m?[2m2023-08-22T13:43:44.373+02:00?[0;39m ?[32mTRACE?[0;39m ?[35m18216?[0;39m ?[2m---?[0;39m ?[2m[io-28852-exec-2]?[0;39m ?[36mo.s.security.web.FilterChainProxy       ?[0;39m ?[2m:?[0;39m Invoking BasicAuthenticationFilter (6/12)
?[0m?[0;34m?[2m2023-08-22T13:43:44.373+02:00?[0;39m ?[32mTRACE?[0;39m ?[35m18216?[0;39m ?[2m---?[0;39m ?[2m[io-28852-exec-2]?[0;39m ?[36mo.s.security.web.FilterChainProxy       ?[0;39m ?[2m:?[0;39m Invoking RequestCacheAwareFilter (7/12)
?[0m?[0;34m?[2m2023-08-22T13:43:44.373+02:00?[0;39m ?[32mTRACE?[0;39m ?[35m18216?[0;39m ?[2m---?[0;39m ?[2m[io-28852-exec-2]?[0;39m ?[36mo.s.security.web.FilterChainProxy       ?[0;39m ?[2m:?[0;39m Invoking SecurityContextHolderAwareRequestFilter (8/12)
?[0m?[0;34m?[2m2023-08-22T13:43:44.373+02:00?[0;39m ?[32mTRACE?[0;39m ?[35m18216?[0;39m ?[2m---?[0;39m ?[2m[io-28852-exec-2]?[0;39m ?[36mo.s.security.web.FilterChainProxy       ?[0;39m ?[2m:?[0;39m Invoking AnonymousAuthenticationFilter (9/12)
?[0m?[0;34m?[2m2023-08-22T13:43:44.373+02:00?[0;39m ?[32mTRACE?[0;39m ?[35m18216?[0;39m ?[2m---?[0;39m ?[2m[io-28852-exec-2]?[0;39m ?[36mo.s.security.web.FilterChainProxy       ?[0;39m ?[2m:?[0;39m Invoking SessionManagementFilter (10/12)
?[0m?[0;34m?[2m2023-08-22T13:43:44.373+02:00?[0;39m ?[32mTRACE?[0;39m ?[35m18216?[0;39m ?[2m---?[0;39m ?[2m[io-28852-exec-2]?[0;39m ?[36mo.s.security.web.FilterChainProxy       ?[0;39m ?[2m:?[0;39m Invoking ExceptionTranslationFilter (11/12)
?[0m?[0;34m?[2m2023-08-22T13:43:44.373+02:00?[0;39m ?[32mTRACE?[0;39m ?[35m18216?[0;39m ?[2m---?[0;39m ?[2m[io-28852-exec-2]?[0;39m ?[36mo.s.security.web.FilterChainProxy       ?[0;39m ?[2m:?[0;39m Invoking AuthorizationFilter (12/12)
?[0m?[0;34m?[2m2023-08-22T13:43:44.373+02:00?[0;39m ?[32mTRACE?[0;39m ?[35m18216?[0;39m ?[2m---?[0;39m ?[2m[io-28852-exec-2]?[0;39m ?[36mestMatcherDelegatingAuthorizationManager?[0;39m ?[2m:?[0;39m Authorizing SecurityContextHolderAwareRequestWrapper[ FirewalledRequest[ org.apache.catalina.core.ApplicationHttpRequest@324df19c]]
?[0m?[0;34m?[2m2023-08-22T13:43:44.373+02:00?[0;39m ?[32mTRACE?[0;39m ?[35m18216?[0;39m ?[2m---?[0;39m ?[2m[io-28852-exec-2]?[0;39m ?[36mestMatcherDelegatingAuthorizationManager?[0;39m ?[2m:?[0;39m Checking authorization on SecurityContextHolderAwareRequestWrapper[ FirewalledRequest[ org.apache.catalina.core.ApplicationHttpRequest@324df19c]] using org.springframework.security.config.annotation.web.configurers.AuthorizeHttpRequestsConfigurer$$Lambda$1316/0x0000000100a4d140@528cc85a
?[0m?[0;34m?[2m2023-08-22T13:43:44.373+02:00?[0;39m ?[32mDEBUG?[0;39m ?[35m18216?[0;39m ?[2m---?[0;39m ?[2m[io-28852-exec-2]?[0;39m ?[36mo.s.security.web.FilterChainProxy       ?[0;39m ?[2m:?[0;39m Secured POST /error
?[0m?[0;34m?[2m2023-08-22T13:43:44.373+02:00?[0;39m ?[32mTRACE?[0;39m ?[35m18216?[0;39m ?[2m---?[0;39m ?[2m[io-28852-exec-2]?[0;39m ?[36m.s.s.w.c.SupplierDeferredSecurityContext?[0;39m ?[2m:?[0;39m Created SecurityContextImpl [Null authentication]
?[0m?[0;34m?[2m2023-08-22T13:43:44.373+02:00?[0;39m ?[32mTRACE?[0;39m ?[35m18216?[0;39m ?[2m---?[0;39m ?[2m[io-28852-exec-2]?[0;39m ?[36mo.s.s.w.a.AnonymousAuthenticationFilter ?[0;39m ?[2m:?[0;39m Set SecurityContextHolder to AnonymousAuthenticationToken [Principal=anonymousUser, Credentials=[PROTECTED], Authenticated=true, Details=WebAuthenticationDetails [RemoteIpAddress=127.0.0.1, SessionId=null], Granted Authorities=[ROLE_ANONYMOUS]]
?[1;31m
Start test 19?[0m
?[0m?[0;34m?[2m2023-08-22T13:43:44.380+02:00?[0;39m ?[32mTRACE?[0;39m ?[35m18216?[0;39m ?[2m---?[0;39m ?[2m[io-28852-exec-3]?[0;39m ?[36mo.s.security.web.FilterChainProxy       ?[0;39m ?[2m:?[0;39m Trying to match request against DefaultSecurityFilterChain [RequestMatcher=any request, Filters=[org.springframework.security.web.session.DisableEncodeUrlFilter@5d51203b, org.springframework.security.web.context.request.async.WebAsyncManagerIntegrationFilter@32be672d, org.springframework.security.web.context.SecurityContextHolderFilter@74f54f8e, org.springframework.security.web.header.HeaderWriterFilter@157ff8f8, org.springframework.security.web.authentication.logout.LogoutFilter@72364a40, org.springframework.security.web.authentication.www.BasicAuthenticationFilter@a23b96b, org.springframework.security.web.savedrequest.RequestCacheAwareFilter@59b8a801, org.springframework.security.web.servletapi.SecurityContextHolderAwareRequestFilter@5aa026e9, org.springframework.security.web.authentication.AnonymousAuthenticationFilter@23e54c8a, org.springframework.security.web.session.SessionManagementFilter@79e3f444, org.springframework.security.web.access.ExceptionTranslationFilter@17a756db, org.springframework.security.web.access.intercept.AuthorizationFilter@55e75ce0]] (1/1)
?[0m?[0;34m?[2m2023-08-22T13:43:44.380+02:00?[0;39m ?[32mDEBUG?[0;39m ?[35m18216?[0;39m ?[2m---?[0;39m ?[2m[io-28852-exec-3]?[0;39m ?[36mo.s.security.web.FilterChainProxy       ?[0;39m ?[2m:?[0;39m Securing GET /api/empl/payment
?[0m?[0;34m?[2m2023-08-22T13:43:44.380+02:00?[0;39m ?[32mTRACE?[0;39m ?[35m18216?[0;39m ?[2m---?[0;39m ?[2m[io-28852-exec-3]?[0;39m ?[36mo.s.security.web.FilterChainProxy       ?[0;39m ?[2m:?[0;39m Invoking DisableEncodeUrlFilter (1/12)
?[0m?[0;34m?[2m2023-08-22T13:43:44.381+02:00?[0;39m ?[32mTRACE?[0;39m ?[35m18216?[0;39m ?[2m---?[0;39m ?[2m[io-28852-exec-3]?[0;39m ?[36mo.s.security.web.FilterChainProxy       ?[0;39m ?[2m:?[0;39m Invoking WebAsyncManagerIntegrationFilter (2/12)
?[0m?[0;34m?[2m2023-08-22T13:43:44.381+02:00?[0;39m ?[32mTRACE?[0;39m ?[35m18216?[0;39m ?[2m---?[0;39m ?[2m[io-28852-exec-3]?[0;39m ?[36mo.s.security.web.FilterChainProxy       ?[0;39m ?[2m:?[0;39m Invoking SecurityContextHolderFilter (3/12)
?[0m?[0;34m?[2m2023-08-22T13:43:44.381+02:00?[0;39m ?[32mTRACE?[0;39m ?[35m18216?[0;39m ?[2m---?[0;39m ?[2m[io-28852-exec-3]?[0;39m ?[36mo.s.security.web.FilterChainProxy       ?[0;39m ?[2m:?[0;39m Invoking HeaderWriterFilter (4/12)
?[0m?[0;34m?[2m2023-08-22T13:43:44.381+02:00?[0;39m ?[32mTRACE?[0;39m ?[35m18216?[0;39m ?[2m---?[0;39m ?[2m[io-28852-exec-3]?[0;39m ?[36mo.s.security.web.FilterChainProxy       ?[0;39m ?[2m:?[0;39m Invoking LogoutFilter (5/12)
?[0m?[0;34m?[2m2023-08-22T13:43:44.381+02:00?[0;39m ?[32mTRACE?[0;39m ?[35m18216?[0;39m ?[2m---?[0;39m ?[2m[io-28852-exec-3]?[0;39m ?[36mo.s.s.w.a.logout.LogoutFilter           ?[0;39m ?[2m:?[0;39m Did not match request to Or [Ant [pattern='/logout', GET], Ant [pattern='/logout', POST], Ant [pattern='/logout', PUT], Ant [pattern='/logout', DELETE]]
?[0m?[0;34m?[2m2023-08-22T13:43:44.381+02:00?[0;39m ?[32mTRACE?[0;39m ?[35m18216?[0;39m ?[2m---?[0;39m ?[2m[io-28852-exec-3]?[0;39m ?[36mo.s.security.web.FilterChainProxy       ?[0;39m ?[2m:?[0;39m Invoking BasicAuthenticationFilter (6/12)
?[0m?[0;34m?[2m2023-08-22T13:43:44.382+02:00?[0;39m ?[32mTRACE?[0;39m ?[35m18216?[0;39m ?[2m---?[0;39m ?[2m[io-28852-exec-3]?[0;39m ?[36mo.s.s.w.a.www.BasicAuthenticationFilter ?[0;39m ?[2m:?[0;39m Found username 'johndoe@acme.com' in Basic Authorization header
?[0m?[0;34m?[2m2023-08-22T13:43:44.382+02:00?[0;39m ?[32mTRACE?[0;39m ?[35m18216?[0;39m ?[2m---?[0;39m ?[2m[io-28852-exec-3]?[0;39m ?[36m.s.s.w.c.SupplierDeferredSecurityContext?[0;39m ?[2m:?[0;39m Created SecurityContextImpl [Null authentication]
?[0m?[0;34m?[2m2023-08-22T13:43:44.383+02:00?[0;39m ?[32mTRACE?[0;39m ?[35m18216?[0;39m ?[2m---?[0;39m ?[2m[io-28852-exec-3]?[0;39m ?[36mo.s.s.authentication.ProviderManager    ?[0;39m ?[2m:?[0;39m Authenticating request with DaoAuthenticationProvider (1/1)
?[0m?[0;34mHibernate: select u1_0.id,u1_0.email,u1_0.lastname,u1_0.name,u1_0.password from users u1_0 where upper(u1_0.email)=upper(?)
?[0m?[0;34m?[2m2023-08-22T13:43:44.528+02:00?[0;39m ?[32mDEBUG?[0;39m ?[35m18216?[0;39m ?[2m---?[0;39m ?[2m[io-28852-exec-3]?[0;39m ?[36mo.s.s.a.dao.DaoAuthenticationProvider   ?[0;39m ?[2m:?[0;39m Authenticated user
?[0m?[0;34m?[2m2023-08-22T13:43:44.529+02:00?[0;39m ?[32mDEBUG?[0;39m ?[35m18216?[0;39m ?[2m---?[0;39m ?[2m[io-28852-exec-3]?[0;39m ?[36mo.s.s.w.a.www.BasicAuthenticationFilter ?[0;39m ?[2m:?[0;39m Set SecurityContextHolder to UsernamePasswordAuthenticationToken [Principal=account.businesslayer.security.UserAdapter@3fa068ea, Credentials=[PROTECTED], Authenticated=true, Details=WebAuthenticationDetails [RemoteIpAddress=127.0.0.1, SessionId=null], Granted Authorities=[ROLE_USER]]
?[0m?[0;34m?[2m2023-08-22T13:43:44.530+02:00?[0;39m ?[32mTRACE?[0;39m ?[35m18216?[0;39m ?[2m---?[0;39m ?[2m[io-28852-exec-3]?[0;39m ?[36mo.s.security.web.FilterChainProxy       ?[0;39m ?[2m:?[0;39m Invoking RequestCacheAwareFilter (7/12)
?[0m?[0;34m?[2m2023-08-22T13:43:44.530+02:00?[0;39m ?[32mTRACE?[0;39m ?[35m18216?[0;39m ?[2m---?[0;39m ?[2m[io-28852-exec-3]?[0;39m ?[36mo.s.security.web.FilterChainProxy       ?[0;39m ?[2m:?[0;39m Invoking SecurityContextHolderAwareRequestFilter (8/12)
?[0m?[0;34m?[2m2023-08-22T13:43:44.530+02:00?[0;39m ?[32mTRACE?[0;39m ?[35m18216?[0;39m ?[2m---?[0;39m ?[2m[io-28852-exec-3]?[0;39m ?[36mo.s.security.web.FilterChainProxy       ?[0;39m ?[2m:?[0;39m Invoking AnonymousAuthenticationFilter (9/12)
?[0m?[0;34m?[2m2023-08-22T13:43:44.530+02:00?[0;39m ?[32mTRACE?[0;39m ?[35m18216?[0;39m ?[2m---?[0;39m ?[2m[io-28852-exec-3]?[0;39m ?[36mo.s.security.web.FilterChainProxy       ?[0;39m ?[2m:?[0;39m Invoking SessionManagementFilter (10/12)
?[0m?[0;34m?[2m2023-08-22T13:43:44.530+02:00?[0;39m ?[32mTRACE?[0;39m ?[35m18216?[0;39m ?[2m---?[0;39m ?[2m[io-28852-exec-3]?[0;39m ?[36mo.s.s.w.a.AnonymousAuthenticationFilter ?[0;39m ?[2m:?[0;39m Did not set SecurityContextHolder since already authenticated UsernamePasswordAuthenticationToken [Principal=account.businesslayer.security.UserAdapter@3fa068ea, Credentials=[PROTECTED], Authenticated=true, Details=WebAuthenticationDetails [RemoteIpAddress=127.0.0.1, SessionId=null], Granted Authorities=[ROLE_USER]]
?[0m?[0;34m?[2m2023-08-22T13:43:44.530+02:00?[0;39m ?[32mTRACE?[0;39m ?[35m18216?[0;39m ?[2m---?[0;39m ?[2m[io-28852-exec-3]?[0;39m ?[36ms.CompositeSessionAuthenticationStrategy?[0;39m ?[2m:?[0;39m Preparing session with ChangeSessionIdAuthenticationStrategy (1/1)
?[0m?[0;34m?[2m2023-08-22T13:43:44.530+02:00?[0;39m ?[32mTRACE?[0;39m ?[35m18216?[0;39m ?[2m---?[0;39m ?[2m[io-28852-exec-3]?[0;39m ?[36mo.s.security.web.FilterChainProxy       ?[0;39m ?[2m:?[0;39m Invoking ExceptionTranslationFilter (11/12)
?[0m?[0;34m?[2m2023-08-22T13:43:44.530+02:00?[0;39m ?[32mTRACE?[0;39m ?[35m18216?[0;39m ?[2m---?[0;39m ?[2m[io-28852-exec-3]?[0;39m ?[36mo.s.security.web.FilterChainProxy       ?[0;39m ?[2m:?[0;39m Invoking AuthorizationFilter (12/12)
?[0m?[0;34m?[2m2023-08-22T13:43:44.531+02:00?[0;39m ?[32mTRACE?[0;39m ?[35m18216?[0;39m ?[2m---?[0;39m ?[2m[io-28852-exec-3]?[0;39m ?[36mestMatcherDelegatingAuthorizationManager?[0;39m ?[2m:?[0;39m Authorizing SecurityContextHolderAwareRequestWrapper[ org.springframework.security.web.header.HeaderWriterFilter$HeaderWriterRequest@176c54c3]
?[0m?[0;34m?[2m2023-08-22T13:43:44.532+02:00?[0;39m ?[32mTRACE?[0;39m ?[35m18216?[0;39m ?[2m---?[0;39m ?[2m[io-28852-exec-3]?[0;39m ?[36mestMatcherDelegatingAuthorizationManager?[0;39m ?[2m:?[0;39m Checking authorization on SecurityContextHolderAwareRequestWrapper[ org.springframework.security.web.header.HeaderWriterFilter$HeaderWriterRequest@176c54c3] using org.springframework.security.authorization.AuthenticatedAuthorizationManager@65549294
?[0m?[0;34m?[2m2023-08-22T13:43:44.532+02:00?[0;39m ?[32mDEBUG?[0;39m ?[35m18216?[0;39m ?[2m---?[0;39m ?[2m[io-28852-exec-3]?[0;39m ?[36mo.s.security.web.FilterChainProxy       ?[0;39m ?[2m:?[0;39m Secured GET /api/empl/payment
?[0m?[0;34mHibernate: select u1_0.id,u1_0.email,u1_0.lastname,u1_0.name,u1_0.password from users u1_0 where upper(u1_0.email)=upper(?)
?[0m?[0;34m?[2m2023-08-22T13:43:44.535+02:00?[0;39m ?[32mTRACE?[0;39m ?[35m18216?[0;39m ?[2m---?[0;39m ?[2m[io-28852-exec-3]?[0;39m ?[36mo.s.s.w.header.writers.HstsHeaderWriter ?[0;39m ?[2m:?[0;39m Not injecting HSTS header since it did not match request to [Is Secure]
?[1;31m
Start test 20?[0m
?[0m?[0;34m?[2m2023-08-22T13:43:44.542+02:00?[0;39m ?[32mTRACE?[0;39m ?[35m18216?[0;39m ?[2m---?[0;39m ?[2m[io-28852-exec-5]?[0;39m ?[36mo.s.security.web.FilterChainProxy       ?[0;39m ?[2m:?[0;39m Trying to match request against DefaultSecurityFilterChain [RequestMatcher=any request, Filters=[org.springframework.security.web.session.DisableEncodeUrlFilter@5d51203b, org.springframework.security.web.context.request.async.WebAsyncManagerIntegrationFilter@32be672d, org.springframework.security.web.context.SecurityContextHolderFilter@74f54f8e, org.springframework.security.web.header.HeaderWriterFilter@157ff8f8, org.springframework.security.web.authentication.logout.LogoutFilter@72364a40, org.springframework.security.web.authentication.www.BasicAuthenticationFilter@a23b96b, org.springframework.security.web.savedrequest.RequestCacheAwareFilter@59b8a801, org.springframework.security.web.servletapi.SecurityContextHolderAwareRequestFilter@5aa026e9, org.springframework.security.web.authentication.AnonymousAuthenticationFilter@23e54c8a, org.springframework.security.web.session.SessionManagementFilter@79e3f444, org.springframework.security.web.access.ExceptionTranslationFilter@17a756db, org.springframework.security.web.access.intercept.AuthorizationFilter@55e75ce0]] (1/1)
?[0m?[0;34m?[2m2023-08-22T13:43:44.542+02:00?[0;39m ?[32mDEBUG?[0;39m ?[35m18216?[0;39m ?[2m---?[0;39m ?[2m[io-28852-exec-5]?[0;39m ?[36mo.s.security.web.FilterChainProxy       ?[0;39m ?[2m:?[0;39m Securing GET /api/empl/payment
?[0m?[0;34m?[2m2023-08-22T13:43:44.542+02:00?[0;39m ?[32mTRACE?[0;39m ?[35m18216?[0;39m ?[2m---?[0;39m ?[2m[io-28852-exec-5]?[0;39m ?[36mo.s.security.web.FilterChainProxy       ?[0;39m ?[2m:?[0;39m Invoking DisableEncodeUrlFilter (1/12)
?[0m?[0;34m?[2m2023-08-22T13:43:44.542+02:00?[0;39m ?[32mTRACE?[0;39m ?[35m18216?[0;39m ?[2m---?[0;39m ?[2m[io-28852-exec-5]?[0;39m ?[36mo.s.security.web.FilterChainProxy       ?[0;39m ?[2m:?[0;39m Invoking WebAsyncManagerIntegrationFilter (2/12)
?[0m?[0;34m?[2m2023-08-22T13:43:44.542+02:00?[0;39m ?[32mTRACE?[0;39m ?[35m18216?[0;39m ?[2m---?[0;39m ?[2m[io-28852-exec-5]?[0;39m ?[36mo.s.security.web.FilterChainProxy       ?[0;39m ?[2m:?[0;39m Invoking SecurityContextHolderFilter (3/12)
?[0m?[0;34m?[2m2023-08-22T13:43:44.542+02:00?[0;39m ?[32mTRACE?[0;39m ?[35m18216?[0;39m ?[2m---?[0;39m ?[2m[io-28852-exec-5]?[0;39m ?[36mo.s.security.web.FilterChainProxy       ?[0;39m ?[2m:?[0;39m Invoking HeaderWriterFilter (4/12)
?[0m?[0;34m?[2m2023-08-22T13:43:44.542+02:00?[0;39m ?[32mTRACE?[0;39m ?[35m18216?[0;39m ?[2m---?[0;39m ?[2m[io-28852-exec-5]?[0;39m ?[36mo.s.security.web.FilterChainProxy       ?[0;39m ?[2m:?[0;39m Invoking LogoutFilter (5/12)
?[0m?[0;34m?[2m2023-08-22T13:43:44.542+02:00?[0;39m ?[32mTRACE?[0;39m ?[35m18216?[0;39m ?[2m---?[0;39m ?[2m[io-28852-exec-5]?[0;39m ?[36mo.s.s.w.a.logout.LogoutFilter           ?[0;39m ?[2m:?[0;39m Did not match request to Or [Ant [pattern='/logout', GET], Ant [pattern='/logout', POST], Ant [pattern='/logout', PUT], Ant [pattern='/logout', DELETE]]
?[0m?[0;34m?[2m2023-08-22T13:43:44.542+02:00?[0;39m ?[32mTRACE?[0;39m ?[35m18216?[0;39m ?[2m---?[0;39m ?[2m[io-28852-exec-5]?[0;39m ?[36mo.s.security.web.FilterChainProxy       ?[0;39m ?[2m:?[0;39m Invoking BasicAuthenticationFilter (6/12)
?[0m?[0;34m?[2m2023-08-22T13:43:44.542+02:00?[0;39m ?[32mTRACE?[0;39m ?[35m18216?[0;39m ?[2m---?[0;39m ?[2m[io-28852-exec-5]?[0;39m ?[36mo.s.s.w.a.www.BasicAuthenticationFilter ?[0;39m ?[2m:?[0;39m Found username 'johndoe@acme.com' in Basic Authorization header
?[0m?[0;34m?[2m2023-08-22T13:43:44.542+02:00?[0;39m ?[32mTRACE?[0;39m ?[35m18216?[0;39m ?[2m---?[0;39m ?[2m[io-28852-exec-5]?[0;39m ?[36m.s.s.w.c.SupplierDeferredSecurityContext?[0;39m ?[2m:?[0;39m Created SecurityContextImpl [Null authentication]
?[0m?[0;34m?[2m2023-08-22T13:43:44.543+02:00?[0;39m ?[32mTRACE?[0;39m ?[35m18216?[0;39m ?[2m---?[0;39m ?[2m[io-28852-exec-5]?[0;39m ?[36mo.s.s.authentication.ProviderManager    ?[0;39m ?[2m:?[0;39m Authenticating request with DaoAuthenticationProvider (1/1)
?[0m?[0;34mHibernate: select u1_0.id,u1_0.email,u1_0.lastname,u1_0.name,u1_0.password from users u1_0 where upper(u1_0.email)=upper(?)
?[0m?[0;34m?[2m2023-08-22T13:43:44.603+02:00?[0;39m ?[32mDEBUG?[0;39m ?[35m18216?[0;39m ?[2m---?[0;39m ?[2m[io-28852-exec-5]?[0;39m ?[36mo.s.s.a.dao.DaoAuthenticationProvider   ?[0;39m ?[2m:?[0;39m Authenticated user
?[0m?[0;34m?[2m2023-08-22T13:43:44.603+02:00?[0;39m ?[32mDEBUG?[0;39m ?[35m18216?[0;39m ?[2m---?[0;39m ?[2m[io-28852-exec-5]?[0;39m ?[36mo.s.s.w.a.www.BasicAuthenticationFilter ?[0;39m ?[2m:?[0;39m Set SecurityContextHolder to UsernamePasswordAuthenticationToken [Principal=account.businesslayer.security.UserAdapter@549ecaad, Credentials=[PROTECTED], Authenticated=true, Details=WebAuthenticationDetails [RemoteIpAddress=127.0.0.1, SessionId=null], Granted Authorities=[ROLE_USER]]
?[0m?[0;34m?[2m2023-08-22T13:43:44.604+02:00?[0;39m ?[32mTRACE?[0;39m ?[35m18216?[0;39m ?[2m---?[0;39m ?[2m[io-28852-exec-5]?[0;39m ?[36mo.s.security.web.FilterChainProxy       ?[0;39m ?[2m:?[0;39m Invoking RequestCacheAwareFilter (7/12)
?[0m?[0;34m?[2m2023-08-22T13:43:44.604+02:00?[0;39m ?[32mTRACE?[0;39m ?[35m18216?[0;39m ?[2m---?[0;39m ?[2m[io-28852-exec-5]?[0;39m ?[36mo.s.security.web.FilterChainProxy       ?[0;39m ?[2m:?[0;39m Invoking SecurityContextHolderAwareRequestFilter (8/12)
?[0m?[0;34m?[2m2023-08-22T13:43:44.604+02:00?[0;39m ?[32mTRACE?[0;39m ?[35m18216?[0;39m ?[2m---?[0;39m ?[2m[io-28852-exec-5]?[0;39m ?[36mo.s.security.web.FilterChainProxy       ?[0;39m ?[2m:?[0;39m Invoking AnonymousAuthenticationFilter (9/12)
?[0m?[0;34m?[2m2023-08-22T13:43:44.604+02:00?[0;39m ?[32mTRACE?[0;39m ?[35m18216?[0;39m ?[2m---?[0;39m ?[2m[io-28852-exec-5]?[0;39m ?[36mo.s.security.web.FilterChainProxy       ?[0;39m ?[2m:?[0;39m Invoking SessionManagementFilter (10/12)
?[0m?[0;34m?[2m2023-08-22T13:43:44.604+02:00?[0;39m ?[32mTRACE?[0;39m ?[35m18216?[0;39m ?[2m---?[0;39m ?[2m[io-28852-exec-5]?[0;39m ?[36mo.s.s.w.a.AnonymousAuthenticationFilter ?[0;39m ?[2m:?[0;39m Did not set SecurityContextHolder since already authenticated UsernamePasswordAuthenticationToken [Principal=account.businesslayer.security.UserAdapter@549ecaad, Credentials=[PROTECTED], Authenticated=true, Details=WebAuthenticationDetails [RemoteIpAddress=127.0.0.1, SessionId=null], Granted Authorities=[ROLE_USER]]
?[0m?[0;34m?[2m2023-08-22T13:43:44.604+02:00?[0;39m ?[32mTRACE?[0;39m ?[35m18216?[0;39m ?[2m---?[0;39m ?[2m[io-28852-exec-5]?[0;39m ?[36ms.CompositeSessionAuthenticationStrategy?[0;39m ?[2m:?[0;39m Preparing session with ChangeSessionIdAuthenticationStrategy (1/1)
?[0m?[0;34m?[2m2023-08-22T13:43:44.604+02:00?[0;39m ?[32mTRACE?[0;39m ?[35m18216?[0;39m ?[2m---?[0;39m ?[2m[io-28852-exec-5]?[0;39m ?[36mo.s.security.web.FilterChainProxy       ?[0;39m ?[2m:?[0;39m Invoking ExceptionTranslationFilter (11/12)
?[0m?[0;34m?[2m2023-08-22T13:43:44.604+02:00?[0;39m ?[32mTRACE?[0;39m ?[35m18216?[0;39m ?[2m---?[0;39m ?[2m[io-28852-exec-5]?[0;39m ?[36mo.s.security.web.FilterChainProxy       ?[0;39m ?[2m:?[0;39m Invoking AuthorizationFilter (12/12)
?[0m?[0;34m?[2m2023-08-22T13:43:44.604+02:00?[0;39m ?[32mTRACE?[0;39m ?[35m18216?[0;39m ?[2m---?[0;39m ?[2m[io-28852-exec-5]?[0;39m ?[36mestMatcherDelegatingAuthorizationManager?[0;39m ?[2m:?[0;39m Authorizing SecurityContextHolderAwareRequestWrapper[ org.springframework.security.web.header.HeaderWriterFilter$HeaderWriterRequest@419fc888]
?[0m?[0;34m?[2m2023-08-22T13:43:44.604+02:00?[0;39m ?[32mTRACE?[0;39m ?[35m18216?[0;39m ?[2m---?[0;39m ?[2m[io-28852-exec-5]?[0;39m ?[36mestMatcherDelegatingAuthorizationManager?[0;39m ?[2m:?[0;39m Checking authorization on SecurityContextHolderAwareRequestWrapper[ org.springframework.security.web.header.HeaderWriterFilter$HeaderWriterRequest@419fc888] using org.springframework.security.authorization.AuthenticatedAuthorizationManager@65549294
?[0m?[0;34m?[2m2023-08-22T13:43:44.605+02:00?[0;39m ?[32mDEBUG?[0;39m ?[35m18216?[0;39m ?[2m---?[0;39m ?[2m[io-28852-exec-5]?[0;39m ?[36mo.s.security.web.FilterChainProxy       ?[0;39m ?[2m:?[0;39m Secured GET /api/empl/payment
?[0m?[0;34mHibernate: select u1_0.id,u1_0.email,u1_0.lastname,u1_0.name,u1_0.password from users u1_0 where upper(u1_0.email)=upper(?)
?[0m?[0;34m?[2m2023-08-22T13:43:44.607+02:00?[0;39m ?[32mTRACE?[0;39m ?[35m18216?[0;39m ?[2m---?[0;39m ?[2m[io-28852-exec-5]?[0;39m ?[36mo.s.s.w.header.writers.HstsHeaderWriter ?[0;39m ?[2m:?[0;39m Not injecting HSTS header since it did not match request to [Is Secure]
?[1;31m
Start test 21?[0m
?[0m?[0;34m?[2m2023-08-22T13:43:44.614+02:00?[0;39m ?[32mTRACE?[0;39m ?[35m18216?[0;39m ?[2m---?[0;39m ?[2m[io-28852-exec-4]?[0;39m ?[36mo.s.security.web.FilterChainProxy       ?[0;39m ?[2m:?[0;39m Trying to match request against DefaultSecurityFilterChain [RequestMatcher=any request, Filters=[org.springframework.security.web.session.DisableEncodeUrlFilter@5d51203b, org.springframework.security.web.context.request.async.WebAsyncManagerIntegrationFilter@32be672d, org.springframework.security.web.context.SecurityContextHolderFilter@74f54f8e, org.springframework.security.web.header.HeaderWriterFilter@157ff8f8, org.springframework.security.web.authentication.logout.LogoutFilter@72364a40, org.springframework.security.web.authentication.www.BasicAuthenticationFilter@a23b96b, org.springframework.security.web.savedrequest.RequestCacheAwareFilter@59b8a801, org.springframework.security.web.servletapi.SecurityContextHolderAwareRequestFilter@5aa026e9, org.springframework.security.web.authentication.AnonymousAuthenticationFilter@23e54c8a, org.springframework.security.web.session.SessionManagementFilter@79e3f444, org.springframework.security.web.access.ExceptionTranslationFilter@17a756db, org.springframework.security.web.access.intercept.AuthorizationFilter@55e75ce0]] (1/1)
?[0m?[0;34m?[2m2023-08-22T13:43:44.614+02:00?[0;39m ?[32mDEBUG?[0;39m ?[35m18216?[0;39m ?[2m---?[0;39m ?[2m[io-28852-exec-4]?[0;39m ?[36mo.s.security.web.FilterChainProxy       ?[0;39m ?[2m:?[0;39m Securing GET /api/empl/payment
?[0m?[0;34m?[2m2023-08-22T13:43:44.614+02:00?[0;39m ?[32mTRACE?[0;39m ?[35m18216?[0;39m ?[2m---?[0;39m ?[2m[io-28852-exec-4]?[0;39m ?[36mo.s.security.web.FilterChainProxy       ?[0;39m ?[2m:?[0;39m Invoking DisableEncodeUrlFilter (1/12)
?[0m?[0;34m?[2m2023-08-22T13:43:44.614+02:00?[0;39m ?[32mTRACE?[0;39m ?[35m18216?[0;39m ?[2m---?[0;39m ?[2m[io-28852-exec-4]?[0;39m ?[36mo.s.security.web.FilterChainProxy       ?[0;39m ?[2m:?[0;39m Invoking WebAsyncManagerIntegrationFilter (2/12)
?[0m?[0;34m?[2m2023-08-22T13:43:44.614+02:00?[0;39m ?[32mTRACE?[0;39m ?[35m18216?[0;39m ?[2m---?[0;39m ?[2m[io-28852-exec-4]?[0;39m ?[36mo.s.security.web.FilterChainProxy       ?[0;39m ?[2m:?[0;39m Invoking SecurityContextHolderFilter (3/12)
?[0m?[0;34m?[2m2023-08-22T13:43:44.614+02:00?[0;39m ?[32mTRACE?[0;39m ?[35m18216?[0;39m ?[2m---?[0;39m ?[2m[io-28852-exec-4]?[0;39m ?[36mo.s.security.web.FilterChainProxy       ?[0;39m ?[2m:?[0;39m Invoking HeaderWriterFilter (4/12)
?[0m?[0;34m?[2m2023-08-22T13:43:44.614+02:00?[0;39m ?[32mTRACE?[0;39m ?[35m18216?[0;39m ?[2m---?[0;39m ?[2m[io-28852-exec-4]?[0;39m ?[36mo.s.security.web.FilterChainProxy       ?[0;39m ?[2m:?[0;39m Invoking LogoutFilter (5/12)
?[0m?[0;34m?[2m2023-08-22T13:43:44.614+02:00?[0;39m ?[32mTRACE?[0;39m ?[35m18216?[0;39m ?[2m---?[0;39m ?[2m[io-28852-exec-4]?[0;39m ?[36mo.s.s.w.a.logout.LogoutFilter           ?[0;39m ?[2m:?[0;39m Did not match request to Or [Ant [pattern='/logout', GET], Ant [pattern='/logout', POST], Ant [pattern='/logout', PUT], Ant [pattern='/logout', DELETE]]
?[0m?[0;34m?[2m2023-08-22T13:43:44.614+02:00?[0;39m ?[32mTRACE?[0;39m ?[35m18216?[0;39m ?[2m---?[0;39m ?[2m[io-28852-exec-4]?[0;39m ?[36mo.s.security.web.FilterChainProxy       ?[0;39m ?[2m:?[0;39m Invoking BasicAuthenticationFilter (6/12)
?[0m?[0;34m?[2m2023-08-22T13:43:44.614+02:00?[0;39m ?[32mTRACE?[0;39m ?[35m18216?[0;39m ?[2m---?[0;39m ?[2m[io-28852-exec-4]?[0;39m ?[36mo.s.s.w.a.www.BasicAuthenticationFilter ?[0;39m ?[2m:?[0;39m Found username 'maxmustermann@acme.com' in Basic Authorization header
?[0m?[0;34m?[2m2023-08-22T13:43:44.614+02:00?[0;39m ?[32mTRACE?[0;39m ?[35m18216?[0;39m ?[2m---?[0;39m ?[2m[io-28852-exec-4]?[0;39m ?[36m.s.s.w.c.SupplierDeferredSecurityContext?[0;39m ?[2m:?[0;39m Created SecurityContextImpl [Null authentication]
?[0m?[0;34m?[2m2023-08-22T13:43:44.614+02:00?[0;39m ?[32mTRACE?[0;39m ?[35m18216?[0;39m ?[2m---?[0;39m ?[2m[io-28852-exec-4]?[0;39m ?[36mo.s.s.authentication.ProviderManager    ?[0;39m ?[2m:?[0;39m Authenticating request with DaoAuthenticationProvider (1/1)
?[0m?[0;34mHibernate: select u1_0.id,u1_0.email,u1_0.lastname,u1_0.name,u1_0.password from users u1_0 where upper(u1_0.email)=upper(?)
?[0m?[0;34m?[2m2023-08-22T13:43:44.676+02:00?[0;39m ?[32mDEBUG?[0;39m ?[35m18216?[0;39m ?[2m---?[0;39m ?[2m[io-28852-exec-4]?[0;39m ?[36mo.s.s.a.dao.DaoAuthenticationProvider   ?[0;39m ?[2m:?[0;39m Authenticated user
?[0m?[0;34m?[2m2023-08-22T13:43:44.676+02:00?[0;39m ?[32mDEBUG?[0;39m ?[35m18216?[0;39m ?[2m---?[0;39m ?[2m[io-28852-exec-4]?[0;39m ?[36mo.s.s.w.a.www.BasicAuthenticationFilter ?[0;39m ?[2m:?[0;39m Set SecurityContextHolder to UsernamePasswordAuthenticationToken [Principal=account.businesslayer.security.UserAdapter@5fe76a43, Credentials=[PROTECTED], Authenticated=true, Details=WebAuthenticationDetails [RemoteIpAddress=127.0.0.1, SessionId=null], Granted Authorities=[ROLE_USER]]
?[0m?[0;34m?[2m2023-08-22T13:43:44.676+02:00?[0;39m ?[32mTRACE?[0;39m ?[35m18216?[0;39m ?[2m---?[0;39m ?[2m[io-28852-exec-4]?[0;39m ?[36mo.s.security.web.FilterChainProxy       ?[0;39m ?[2m:?[0;39m Invoking RequestCacheAwareFilter (7/12)
?[0m?[0;34m?[2m2023-08-22T13:43:44.676+02:00?[0;39m ?[32mTRACE?[0;39m ?[35m18216?[0;39m ?[2m---?[0;39m ?[2m[io-28852-exec-4]?[0;39m ?[36mo.s.security.web.FilterChainProxy       ?[0;39m ?[2m:?[0;39m Invoking SecurityContextHolderAwareRequestFilter (8/12)
?[0m?[0;34m?[2m2023-08-22T13:43:44.676+02:00?[0;39m ?[32mTRACE?[0;39m ?[35m18216?[0;39m ?[2m---?[0;39m ?[2m[io-28852-exec-4]?[0;39m ?[36mo.s.security.web.FilterChainProxy       ?[0;39m ?[2m:?[0;39m Invoking AnonymousAuthenticationFilter (9/12)
?[0m?[0;34m?[2m2023-08-22T13:43:44.677+02:00?[0;39m ?[32mTRACE?[0;39m ?[35m18216?[0;39m ?[2m---?[0;39m ?[2m[io-28852-exec-4]?[0;39m ?[36mo.s.security.web.FilterChainProxy       ?[0;39m ?[2m:?[0;39m Invoking SessionManagementFilter (10/12)
?[0m?[0;34m?[2m2023-08-22T13:43:44.677+02:00?[0;39m ?[32mTRACE?[0;39m ?[35m18216?[0;39m ?[2m---?[0;39m ?[2m[io-28852-exec-4]?[0;39m ?[36mo.s.s.w.a.AnonymousAuthenticationFilter ?[0;39m ?[2m:?[0;39m Did not set SecurityContextHolder since already authenticated UsernamePasswordAuthenticationToken [Principal=account.businesslayer.security.UserAdapter@5fe76a43, Credentials=[PROTECTED], Authenticated=true, Details=WebAuthenticationDetails [RemoteIpAddress=127.0.0.1, SessionId=null], Granted Authorities=[ROLE_USER]]
?[0m?[0;34m?[2m2023-08-22T13:43:44.677+02:00?[0;39m ?[32mTRACE?[0;39m ?[35m18216?[0;39m ?[2m---?[0;39m ?[2m[io-28852-exec-4]?[0;39m ?[36ms.CompositeSessionAuthenticationStrategy?[0;39m ?[2m:?[0;39m Preparing session with ChangeSessionIdAuthenticationStrategy (1/1)
?[0m?[0;34m?[2m2023-08-22T13:43:44.677+02:00?[0;39m ?[32mTRACE?[0;39m ?[35m18216?[0;39m ?[2m---?[0;39m ?[2m[io-28852-exec-4]?[0;39m ?[36mo.s.security.web.FilterChainProxy       ?[0;39m ?[2m:?[0;39m Invoking ExceptionTranslationFilter (11/12)
?[0m?[0;34m?[2m2023-08-22T13:43:44.677+02:00?[0;39m ?[32mTRACE?[0;39m ?[35m18216?[0;39m ?[2m---?[0;39m ?[2m[io-28852-exec-4]?[0;39m ?[36mo.s.security.web.FilterChainProxy       ?[0;39m ?[2m:?[0;39m Invoking AuthorizationFilter (12/12)
?[0m?[0;34m?[2m2023-08-22T13:43:44.677+02:00?[0;39m ?[32mTRACE?[0;39m ?[35m18216?[0;39m ?[2m---?[0;39m ?[2m[io-28852-exec-4]?[0;39m ?[36mestMatcherDelegatingAuthorizationManager?[0;39m ?[2m:?[0;39m Authorizing SecurityContextHolderAwareRequestWrapper[ org.springframework.security.web.header.HeaderWriterFilter$HeaderWriterRequest@3a9bae9c]
?[0m?[0;34m?[2m2023-08-22T13:43:44.677+02:00?[0;39m ?[32mTRACE?[0;39m ?[35m18216?[0;39m ?[2m---?[0;39m ?[2m[io-28852-exec-4]?[0;39m ?[36mestMatcherDelegatingAuthorizationManager?[0;39m ?[2m:?[0;39m Checking authorization on SecurityContextHolderAwareRequestWrapper[ org.springframework.security.web.header.HeaderWriterFilter$HeaderWriterRequest@3a9bae9c] using org.springframework.security.authorization.AuthenticatedAuthorizationManager@65549294
?[0m?[0;34m?[2m2023-08-22T13:43:44.677+02:00?[0;39m ?[32mDEBUG?[0;39m ?[35m18216?[0;39m ?[2m---?[0;39m ?[2m[io-28852-exec-4]?[0;39m ?[36mo.s.security.web.FilterChainProxy       ?[0;39m ?[2m:?[0;39m Secured GET /api/empl/payment
?[0m?[0;34mHibernate: select u1_0.id,u1_0.email,u1_0.lastname,u1_0.name,u1_0.password from users u1_0 where upper(u1_0.email)=upper(?)
?[0m?[0;34m?[2m2023-08-22T13:43:44.680+02:00?[0;39m ?[32mTRACE?[0;39m ?[35m18216?[0;39m ?[2m---?[0;39m ?[2m[io-28852-exec-4]?[0;39m ?[36mo.s.s.w.header.writers.HstsHeaderWriter ?[0;39m ?[2m:?[0;39m Not injecting HSTS header since it did not match request to [Is Secure]
?[1;31m
Start test 22?[0m
?[0m?[0;34m?[2m2023-08-22T13:43:44.689+02:00?[0;39m ?[32mTRACE?[0;39m ?[35m18216?[0;39m ?[2m---?[0;39m ?[2m[io-28852-exec-6]?[0;39m ?[36mo.s.security.web.FilterChainProxy       ?[0;39m ?[2m:?[0;39m Trying to match request against DefaultSecurityFilterChain [RequestMatcher=any request, Filters=[org.springframework.security.web.session.DisableEncodeUrlFilter@5d51203b, org.springframework.security.web.context.request.async.WebAsyncManagerIntegrationFilter@32be672d, org.springframework.security.web.context.SecurityContextHolderFilter@74f54f8e, org.springframework.security.web.header.HeaderWriterFilter@157ff8f8, org.springframework.security.web.authentication.logout.LogoutFilter@72364a40, org.springframework.security.web.authentication.www.BasicAuthenticationFilter@a23b96b, org.springframework.security.web.savedrequest.RequestCacheAwareFilter@59b8a801, org.springframework.security.web.servletapi.SecurityContextHolderAwareRequestFilter@5aa026e9, org.springframework.security.web.authentication.AnonymousAuthenticationFilter@23e54c8a, org.springframework.security.web.session.SessionManagementFilter@79e3f444, org.springframework.security.web.access.ExceptionTranslationFilter@17a756db, org.springframework.security.web.access.intercept.AuthorizationFilter@55e75ce0]] (1/1)
?[0m?[0;34m?[2m2023-08-22T13:43:44.689+02:00?[0;39m ?[32mDEBUG?[0;39m ?[35m18216?[0;39m ?[2m---?[0;39m ?[2m[io-28852-exec-6]?[0;39m ?[36mo.s.security.web.FilterChainProxy       ?[0;39m ?[2m:?[0;39m Securing GET /api/empl/payment
?[0m?[0;34m?[2m2023-08-22T13:43:44.689+02:00?[0;39m ?[32mTRACE?[0;39m ?[35m18216?[0;39m ?[2m---?[0;39m ?[2m[io-28852-exec-6]?[0;39m ?[36mo.s.security.web.FilterChainProxy       ?[0;39m ?[2m:?[0;39m Invoking DisableEncodeUrlFilter (1/12)
?[0m?[0;34m?[2m2023-08-22T13:43:44.689+02:00?[0;39m ?[32mTRACE?[0;39m ?[35m18216?[0;39m ?[2m---?[0;39m ?[2m[io-28852-exec-6]?[0;39m ?[36mo.s.security.web.FilterChainProxy       ?[0;39m ?[2m:?[0;39m Invoking WebAsyncManagerIntegrationFilter (2/12)
?[0m?[0;34m?[2m2023-08-22T13:43:44.689+02:00?[0;39m ?[32mTRACE?[0;39m ?[35m18216?[0;39m ?[2m---?[0;39m ?[2m[io-28852-exec-6]?[0;39m ?[36mo.s.security.web.FilterChainProxy       ?[0;39m ?[2m:?[0;39m Invoking SecurityContextHolderFilter (3/12)
?[0m?[0;34m?[2m2023-08-22T13:43:44.689+02:00?[0;39m ?[32mTRACE?[0;39m ?[35m18216?[0;39m ?[2m---?[0;39m ?[2m[io-28852-exec-6]?[0;39m ?[36mo.s.security.web.FilterChainProxy       ?[0;39m ?[2m:?[0;39m Invoking HeaderWriterFilter (4/12)
?[0m?[0;34m?[2m2023-08-22T13:43:44.689+02:00?[0;39m ?[32mTRACE?[0;39m ?[35m18216?[0;39m ?[2m---?[0;39m ?[2m[io-28852-exec-6]?[0;39m ?[36mo.s.security.web.FilterChainProxy       ?[0;39m ?[2m:?[0;39m Invoking LogoutFilter (5/12)
?[0m?[0;34m?[2m2023-08-22T13:43:44.689+02:00?[0;39m ?[32mTRACE?[0;39m ?[35m18216?[0;39m ?[2m---?[0;39m ?[2m[io-28852-exec-6]?[0;39m ?[36mo.s.s.w.a.logout.LogoutFilter           ?[0;39m ?[2m:?[0;39m Did not match request to Or [Ant [pattern='/logout', GET], Ant [pattern='/logout', POST], Ant [pattern='/logout', PUT], Ant [pattern='/logout', DELETE]]
?[0m?[0;34m?[2m2023-08-22T13:43:44.689+02:00?[0;39m ?[32mTRACE?[0;39m ?[35m18216?[0;39m ?[2m---?[0;39m ?[2m[io-28852-exec-6]?[0;39m ?[36mo.s.security.web.FilterChainProxy       ?[0;39m ?[2m:?[0;39m Invoking BasicAuthenticationFilter (6/12)
?[0m?[0;34m?[2m2023-08-22T13:43:44.689+02:00?[0;39m ?[32mTRACE?[0;39m ?[35m18216?[0;39m ?[2m---?[0;39m ?[2m[io-28852-exec-6]?[0;39m ?[36mo.s.s.w.a.www.BasicAuthenticationFilter ?[0;39m ?[2m:?[0;39m Found username 'maxmustermann@acme.com' in Basic Authorization header
?[0m?[0;34m?[2m2023-08-22T13:43:44.689+02:00?[0;39m ?[32mTRACE?[0;39m ?[35m18216?[0;39m ?[2m---?[0;39m ?[2m[io-28852-exec-6]?[0;39m ?[36m.s.s.w.c.SupplierDeferredSecurityContext?[0;39m ?[2m:?[0;39m Created SecurityContextImpl [Null authentication]
?[0m?[0;34m?[2m2023-08-22T13:43:44.690+02:00?[0;39m ?[32mTRACE?[0;39m ?[35m18216?[0;39m ?[2m---?[0;39m ?[2m[io-28852-exec-6]?[0;39m ?[36mo.s.s.authentication.ProviderManager    ?[0;39m ?[2m:?[0;39m Authenticating request with DaoAuthenticationProvider (1/1)
?[0m?[0;34mHibernate: select u1_0.id,u1_0.email,u1_0.lastname,u1_0.name,u1_0.password from users u1_0 where upper(u1_0.email)=upper(?)
?[0m?[0;34m?[2m2023-08-22T13:43:44.750+02:00?[0;39m ?[32mDEBUG?[0;39m ?[35m18216?[0;39m ?[2m---?[0;39m ?[2m[io-28852-exec-6]?[0;39m ?[36mo.s.s.a.dao.DaoAuthenticationProvider   ?[0;39m ?[2m:?[0;39m Authenticated user
?[0m?[0;34m?[2m2023-08-22T13:43:44.751+02:00?[0;39m ?[32mDEBUG?[0;39m ?[35m18216?[0;39m ?[2m---?[0;39m ?[2m[io-28852-exec-6]?[0;39m ?[36mo.s.s.w.a.www.BasicAuthenticationFilter ?[0;39m ?[2m:?[0;39m Set SecurityContextHolder to UsernamePasswordAuthenticationToken [Principal=account.businesslayer.security.UserAdapter@fedfe70, Credentials=[PROTECTED], Authenticated=true, Details=WebAuthenticationDetails [RemoteIpAddress=127.0.0.1, SessionId=null], Granted Authorities=[ROLE_USER]]
?[0m?[0;34m?[2m2023-08-22T13:43:44.751+02:00?[0;39m ?[32mTRACE?[0;39m ?[35m18216?[0;39m ?[2m---?[0;39m ?[2m[io-28852-exec-6]?[0;39m ?[36mo.s.security.web.FilterChainProxy       ?[0;39m ?[2m:?[0;39m Invoking RequestCacheAwareFilter (7/12)
?[0m?[0;34m?[2m2023-08-22T13:43:44.751+02:00?[0;39m ?[32mTRACE?[0;39m ?[35m18216?[0;39m ?[2m---?[0;39m ?[2m[io-28852-exec-6]?[0;39m ?[36mo.s.security.web.FilterChainProxy       ?[0;39m ?[2m:?[0;39m Invoking SecurityContextHolderAwareRequestFilter (8/12)
?[0m?[0;34m?[2m2023-08-22T13:43:44.751+02:00?[0;39m ?[32mTRACE?[0;39m ?[35m18216?[0;39m ?[2m---?[0;39m ?[2m[io-28852-exec-6]?[0;39m ?[36mo.s.security.web.FilterChainProxy       ?[0;39m ?[2m:?[0;39m Invoking AnonymousAuthenticationFilter (9/12)
?[0m?[0;34m?[2m2023-08-22T13:43:44.751+02:00?[0;39m ?[32mTRACE?[0;39m ?[35m18216?[0;39m ?[2m---?[0;39m ?[2m[io-28852-exec-6]?[0;39m ?[36mo.s.security.web.FilterChainProxy       ?[0;39m ?[2m:?[0;39m Invoking SessionManagementFilter (10/12)
?[0m?[0;34m?[2m2023-08-22T13:43:44.751+02:00?[0;39m ?[32mTRACE?[0;39m ?[35m18216?[0;39m ?[2m---?[0;39m ?[2m[io-28852-exec-6]?[0;39m ?[36mo.s.s.w.a.AnonymousAuthenticationFilter ?[0;39m ?[2m:?[0;39m Did not set SecurityContextHolder since already authenticated UsernamePasswordAuthenticationToken [Principal=account.businesslayer.security.UserAdapter@fedfe70, Credentials=[PROTECTED], Authenticated=true, Details=WebAuthenticationDetails [RemoteIpAddress=127.0.0.1, SessionId=null], Granted Authorities=[ROLE_USER]]
?[0m?[0;34m?[2m2023-08-22T13:43:44.751+02:00?[0;39m ?[32mTRACE?[0;39m ?[35m18216?[0;39m ?[2m---?[0;39m ?[2m[io-28852-exec-6]?[0;39m ?[36ms.CompositeSessionAuthenticationStrategy?[0;39m ?[2m:?[0;39m Preparing session with ChangeSessionIdAuthenticationStrategy (1/1)
?[0m?[0;34m?[2m2023-08-22T13:43:44.751+02:00?[0;39m ?[32mTRACE?[0;39m ?[35m18216?[0;39m ?[2m---?[0;39m ?[2m[io-28852-exec-6]?[0;39m ?[36mo.s.security.web.FilterChainProxy       ?[0;39m ?[2m:?[0;39m Invoking ExceptionTranslationFilter (11/12)
?[0m?[0;34m?[2m2023-08-22T13:43:44.751+02:00?[0;39m ?[32mTRACE?[0;39m ?[35m18216?[0;39m ?[2m---?[0;39m ?[2m[io-28852-exec-6]?[0;39m ?[36mo.s.security.web.FilterChainProxy       ?[0;39m ?[2m:?[0;39m Invoking AuthorizationFilter (12/12)
?[0m?[0;34m?[2m2023-08-22T13:43:44.751+02:00?[0;39m ?[32mTRACE?[0;39m ?[35m18216?[0;39m ?[2m---?[0;39m ?[2m[io-28852-exec-6]?[0;39m ?[36mestMatcherDelegatingAuthorizationManager?[0;39m ?[2m:?[0;39m Authorizing SecurityContextHolderAwareRequestWrapper[ org.springframework.security.web.header.HeaderWriterFilter$HeaderWriterRequest@a3f963]
?[0m?[0;34m?[2m2023-08-22T13:43:44.751+02:00?[0;39m ?[32mTRACE?[0;39m ?[35m18216?[0;39m ?[2m---?[0;39m ?[2m[io-28852-exec-6]?[0;39m ?[36mestMatcherDelegatingAuthorizationManager?[0;39m ?[2m:?[0;39m Checking authorization on SecurityContextHolderAwareRequestWrapper[ org.springframework.security.web.header.HeaderWriterFilter$HeaderWriterRequest@a3f963] using org.springframework.security.authorization.AuthenticatedAuthorizationManager@65549294
?[0m?[0;34m?[2m2023-08-22T13:43:44.752+02:00?[0;39m ?[32mDEBUG?[0;39m ?[35m18216?[0;39m ?[2m---?[0;39m ?[2m[io-28852-exec-6]?[0;39m ?[36mo.s.security.web.FilterChainProxy       ?[0;39m ?[2m:?[0;39m Secured GET /api/empl/payment
?[0m?[0;34mHibernate: select u1_0.id,u1_0.email,u1_0.lastname,u1_0.name,u1_0.password from users u1_0 where upper(u1_0.email)=upper(?)
?[0m?[0;34m?[2m2023-08-22T13:43:44.755+02:00?[0;39m ?[32mTRACE?[0;39m ?[35m18216?[0;39m ?[2m---?[0;39m ?[2m[io-28852-exec-6]?[0;39m ?[36mo.s.s.w.header.writers.HstsHeaderWriter ?[0;39m ?[2m:?[0;39m Not injecting HSTS header since it did not match request to [Is Secure]
?[1;31m
Start test 23?[0m
?[0m?[0;34m?[2m2023-08-22T13:43:44.761+02:00?[0;39m ?[32mTRACE?[0;39m ?[35m18216?[0;39m ?[2m---?[0;39m ?[2m[io-28852-exec-7]?[0;39m ?[36mo.s.security.web.FilterChainProxy       ?[0;39m ?[2m:?[0;39m Trying to match request against DefaultSecurityFilterChain [RequestMatcher=any request, Filters=[org.springframework.security.web.session.DisableEncodeUrlFilter@5d51203b, org.springframework.security.web.context.request.async.WebAsyncManagerIntegrationFilter@32be672d, org.springframework.security.web.context.SecurityContextHolderFilter@74f54f8e, org.springframework.security.web.header.HeaderWriterFilter@157ff8f8, org.springframework.security.web.authentication.logout.LogoutFilter@72364a40, org.springframework.security.web.authentication.www.BasicAuthenticationFilter@a23b96b, org.springframework.security.web.savedrequest.RequestCacheAwareFilter@59b8a801, org.springframework.security.web.servletapi.SecurityContextHolderAwareRequestFilter@5aa026e9, org.springframework.security.web.authentication.AnonymousAuthenticationFilter@23e54c8a, org.springframework.security.web.session.SessionManagementFilter@79e3f444, org.springframework.security.web.access.ExceptionTranslationFilter@17a756db, org.springframework.security.web.access.intercept.AuthorizationFilter@55e75ce0]] (1/1)
?[0m?[0;34m?[2m2023-08-22T13:43:44.761+02:00?[0;39m ?[32mDEBUG?[0;39m ?[35m18216?[0;39m ?[2m---?[0;39m ?[2m[io-28852-exec-7]?[0;39m ?[36mo.s.security.web.FilterChainProxy       ?[0;39m ?[2m:?[0;39m Securing GET /api/empl/payment
?[0m?[0;34m?[2m2023-08-22T13:43:44.761+02:00?[0;39m ?[32mTRACE?[0;39m ?[35m18216?[0;39m ?[2m---?[0;39m ?[2m[io-28852-exec-7]?[0;39m ?[36mo.s.security.web.FilterChainProxy       ?[0;39m ?[2m:?[0;39m Invoking DisableEncodeUrlFilter (1/12)
?[0m?[0;34m?[2m2023-08-22T13:43:44.761+02:00?[0;39m ?[32mTRACE?[0;39m ?[35m18216?[0;39m ?[2m---?[0;39m ?[2m[io-28852-exec-7]?[0;39m ?[36mo.s.security.web.FilterChainProxy       ?[0;39m ?[2m:?[0;39m Invoking WebAsyncManagerIntegrationFilter (2/12)
?[0m?[0;34m?[2m2023-08-22T13:43:44.761+02:00?[0;39m ?[32mTRACE?[0;39m ?[35m18216?[0;39m ?[2m---?[0;39m ?[2m[io-28852-exec-7]?[0;39m ?[36mo.s.security.web.FilterChainProxy       ?[0;39m ?[2m:?[0;39m Invoking SecurityContextHolderFilter (3/12)
?[0m?[0;34m?[2m2023-08-22T13:43:44.761+02:00?[0;39m ?[32mTRACE?[0;39m ?[35m18216?[0;39m ?[2m---?[0;39m ?[2m[io-28852-exec-7]?[0;39m ?[36mo.s.security.web.FilterChainProxy       ?[0;39m ?[2m:?[0;39m Invoking HeaderWriterFilter (4/12)
?[0m?[0;34m?[2m2023-08-22T13:43:44.761+02:00?[0;39m ?[32mTRACE?[0;39m ?[35m18216?[0;39m ?[2m---?[0;39m ?[2m[io-28852-exec-7]?[0;39m ?[36mo.s.security.web.FilterChainProxy       ?[0;39m ?[2m:?[0;39m Invoking LogoutFilter (5/12)
?[0m?[0;34m?[2m2023-08-22T13:43:44.761+02:00?[0;39m ?[32mTRACE?[0;39m ?[35m18216?[0;39m ?[2m---?[0;39m ?[2m[io-28852-exec-7]?[0;39m ?[36mo.s.s.w.a.logout.LogoutFilter           ?[0;39m ?[2m:?[0;39m Did not match request to Or [Ant [pattern='/logout', GET], Ant [pattern='/logout', POST], Ant [pattern='/logout', PUT], Ant [pattern='/logout', DELETE]]
?[0m?[0;34m?[2m2023-08-22T13:43:44.762+02:00?[0;39m ?[32mTRACE?[0;39m ?[35m18216?[0;39m ?[2m---?[0;39m ?[2m[io-28852-exec-7]?[0;39m ?[36mo.s.security.web.FilterChainProxy       ?[0;39m ?[2m:?[0;39m Invoking BasicAuthenticationFilter (6/12)
?[0m?[0;34m?[2m2023-08-22T13:43:44.762+02:00?[0;39m ?[32mTRACE?[0;39m ?[35m18216?[0;39m ?[2m---?[0;39m ?[2m[io-28852-exec-7]?[0;39m ?[36mo.s.s.w.a.www.BasicAuthenticationFilter ?[0;39m ?[2m:?[0;39m Found username 'johndoe@acme.com' in Basic Authorization header
?[0m?[0;34m?[2m2023-08-22T13:43:44.762+02:00?[0;39m ?[32mTRACE?[0;39m ?[35m18216?[0;39m ?[2m---?[0;39m ?[2m[io-28852-exec-7]?[0;39m ?[36m.s.s.w.c.SupplierDeferredSecurityContext?[0;39m ?[2m:?[0;39m Created SecurityContextImpl [Null authentication]
?[0m?[0;34m?[2m2023-08-22T13:43:44.762+02:00?[0;39m ?[32mTRACE?[0;39m ?[35m18216?[0;39m ?[2m---?[0;39m ?[2m[io-28852-exec-7]?[0;39m ?[36mo.s.s.authentication.ProviderManager    ?[0;39m ?[2m:?[0;39m Authenticating request with DaoAuthenticationProvider (1/1)
?[0m?[0;34mHibernate: select u1_0.id,u1_0.email,u1_0.lastname,u1_0.name,u1_0.password from users u1_0 where upper(u1_0.email)=upper(?)
?[0m?[0;34m?[2m2023-08-22T13:43:44.822+02:00?[0;39m ?[32mDEBUG?[0;39m ?[35m18216?[0;39m ?[2m---?[0;39m ?[2m[io-28852-exec-7]?[0;39m ?[36mo.s.s.a.dao.DaoAuthenticationProvider   ?[0;39m ?[2m:?[0;39m Failed to authenticate since password does not match stored value
?[0m?[0;34m?[2m2023-08-22T13:43:44.824+02:00?[0;39m ?[32mDEBUG?[0;39m ?[35m18216?[0;39m ?[2m---?[0;39m ?[2m[io-28852-exec-7]?[0;39m ?[36mo.s.s.w.a.www.BasicAuthenticationFilter ?[0;39m ?[2m:?[0;39m Failed to process authentication request
?[0m?[0;34m
?[0m?[0;34morg.springframework.security.authentication.BadCredentialsException: Bad credentials
?[0m?[0;34m	at org.springframework.security.authentication.dao.DaoAuthenticationProvider.additionalAuthenticationChecks(DaoAuthenticationProvider.java:80) ~[spring-security-core-6.0.1.jar:6.0.1]
?[0m?[0;34m	at org.springframework.security.authentication.dao.AbstractUserDetailsAuthenticationProvider.authenticate(AbstractUserDetailsAuthenticationProvider.java:147) ~[spring-security-core-6.0.1.jar:6.0.1]
?[0m?[0;34m	at org.springframework.security.authentication.ProviderManager.authenticate(ProviderManager.java:182) ~[spring-security-core-6.0.1.jar:6.0.1]
?[0m?[0;34m	at org.springframework.security.authentication.ProviderManager.authenticate(ProviderManager.java:201) ~[spring-security-core-6.0.1.jar:6.0.1]
?[0m?[0;34m	at org.springframework.security.authentication.ObservationAuthenticationManager.lambda$authenticate$1(ObservationAuthenticationManager.java:53) ~[spring-security-core-6.0.1.jar:6.0.1]
?[0m?[0;34m	at io.micrometer.observation.Observation.observe(Observation.java:559) ~[micrometer-observation-1.10.3.jar:1.10.3]
?[0m?[0;34m	at org.springframework.security.authentication.ObservationAuthenticationManager.authenticate(ObservationAuthenticationManager.java:52) ~[spring-security-core-6.0.1.jar:6.0.1]
?[0m?[0;34m	at org.springframework.security.web.authentication.www.BasicAuthenticationFilter.doFilterInternal(BasicAuthenticationFilter.java:176) ~[spring-security-web-6.0.1.jar:6.0.1]
?[0m?[0;34m	at org.springframework.web.filter.OncePerRequestFilter.doFilter(OncePerRequestFilter.java:116) ~[spring-web-6.0.4.jar:6.0.4]
?[0m?[0;34m	at org.springframework.security.web.ObservationFilterChainDecorator$ObservationFilter.wrapFilter(ObservationFilterChainDecorator.java:186) ~[spring-security-web-6.0.1.jar:6.0.1]
?[0m?[0;34m	at org.springframework.security.web.ObservationFilterChainDecorator$ObservationFilter.doFilter(ObservationFilterChainDecorator.java:173) ~[spring-security-web-6.0.1.jar:6.0.1]
?[0m?[0;34m	at org.springframework.security.web.ObservationFilterChainDecorator$VirtualFilterChain.doFilter(ObservationFilterChainDecorator.java:134) ~[spring-security-web-6.0.1.jar:6.0.1]
?[0m?[0;34m	at org.springframework.security.web.authentication.logout.LogoutFilter.doFilter(LogoutFilter.java:107) ~[spring-security-web-6.0.1.jar:6.0.1]
?[0m?[0;34m	at org.springframework.security.web.authentication.logout.LogoutFilter.doFilter(LogoutFilter.java:93) ~[spring-security-web-6.0.1.jar:6.0.1]
?[0m?[0;34m	at org.springframework.security.web.ObservationFilterChainDecorator$ObservationFilter.wrapFilter(ObservationFilterChainDecorator.java:186) ~[spring-security-web-6.0.1.jar:6.0.1]
?[0m?[0;34m	at org.springframework.security.web.ObservationFilterChainDecorator$ObservationFilter.doFilter(ObservationFilterChainDecorator.java:173) ~[spring-security-web-6.0.1.jar:6.0.1]
?[0m?[0;34m	at org.springframework.security.web.ObservationFilterChainDecorator$VirtualFilterChain.doFilter(ObservationFilterChainDecorator.java:134) ~[spring-security-web-6.0.1.jar:6.0.1]
?[0m?[0;34m	at org.springframework.security.web.header.HeaderWriterFilter.doHeadersAfter(HeaderWriterFilter.java:90) ~[spring-security-web-6.0.1.jar:6.0.1]
?[0m?[0;34m	at org.springframework.security.web.header.HeaderWriterFilter.doFilterInternal(HeaderWriterFilter.java:75) ~[spring-security-web-6.0.1.jar:6.0.1]
?[0m?[0;34m	at org.springframework.web.filter.OncePerRequestFilter.doFilter(OncePerRequestFilter.java:116) ~[spring-web-6.0.4.jar:6.0.4]
?[0m?[0;34m	at org.springframework.security.web.ObservationFilterChainDecorator$ObservationFilter.wrapFilter(ObservationFilterChainDecorator.java:186) ~[spring-security-web-6.0.1.jar:6.0.1]
?[0m?[0;34m	at org.springframework.security.web.ObservationFilterChainDecorator$ObservationFilter.doFilter(ObservationFilterChainDecorator.java:173) ~[spring-security-web-6.0.1.jar:6.0.1]
?[0m?[0;34m	at org.springframework.security.web.ObservationFilterChainDecorator$VirtualFilterChain.doFilter(ObservationFilterChainDecorator.java:134) ~[spring-security-web-6.0.1.jar:6.0.1]
?[0m?[0;34m	at org.springframework.security.web.context.SecurityContextHolderFilter.doFilter(SecurityContextHolderFilter.java:82) ~[spring-security-web-6.0.1.jar:6.0.1]
?[0m?[0;34m	at org.springframework.security.web.context.SecurityContextHolderFilter.doFilter(SecurityContextHolderFilter.java:69) ~[spring-security-web-6.0.1.jar:6.0.1]
?[0m?[0;34m	at org.springframework.security.web.ObservationFilterChainDecorator$ObservationFilter.wrapFilter(ObservationFilterChainDecorator.java:186) ~[spring-security-web-6.0.1.jar:6.0.1]
?[0m?[0;34m	at org.springframework.security.web.ObservationFilterChainDecorator$ObservationFilter.doFilter(ObservationFilterChainDecorator.java:173) ~[spring-security-web-6.0.1.jar:6.0.1]
?[0m?[0;34m	at org.springframework.security.web.ObservationFilterChainDecorator$VirtualFilterChain.doFilter(ObservationFilterChainDecorator.java:134) ~[spring-security-web-6.0.1.jar:6.0.1]
?[0m?[0;34m	at org.springframework.security.web.context.request.async.WebAsyncManagerIntegrationFilter.doFilterInternal(WebAsyncManagerIntegrationFilter.java:62) ~[spring-security-web-6.0.1.jar:6.0.1]
?[0m?[0;34m	at org.springframework.web.filter.OncePerRequestFilter.doFilter(OncePerRequestFilter.java:116) ~[spring-web-6.0.4.jar:6.0.4]
?[0m?[0;34m	at org.springframework.security.web.ObservationFilterChainDecorator$ObservationFilter.wrapFilter(ObservationFilterChainDecorator.java:186) ~[spring-security-web-6.0.1.jar:6.0.1]
?[0m?[0;34m	at org.springframework.security.web.ObservationFilterChainDecorator$ObservationFilter.doFilter(ObservationFilterChainDecorator.java:173) ~[spring-security-web-6.0.1.jar:6.0.1]
?[0m?[0;34m	at org.springframework.security.web.ObservationFilterChainDecorator$VirtualFilterChain.doFilter(ObservationFilterChainDecorator.java:134) ~[spring-security-web-6.0.1.jar:6.0.1]
?[0m?[0;34m	at org.springframework.security.web.session.DisableEncodeUrlFilter.doFilterInternal(DisableEncodeUrlFilter.java:42) ~[spring-security-web-6.0.1.jar:6.0.1]
?[0m?[0;34m	at org.springframework.web.filter.OncePerRequestFilter.doFilter(OncePerRequestFilter.java:116) ~[spring-web-6.0.4.jar:6.0.4]
?[0m?[0;34m	at org.springframework.security.web.ObservationFilterChainDecorator$ObservationFilter.wrapFilter(ObservationFilterChainDecorator.java:186) ~[spring-security-web-6.0.1.jar:6.0.1]
?[0m?[0;34m	at org.springframework.security.web.ObservationFilterChainDecorator$AroundFilterObservation$SimpleAroundFilterObservation.lambda$wrap$0(ObservationFilterChainDecorator.java:280) ~[spring-security-web-6.0.1.jar:6.0.1]
?[0m?[0;34m	at org.springframework.security.web.ObservationFilterChainDecorator$ObservationFilter.doFilter(ObservationFilterChainDecorator.java:170) ~[spring-security-web-6.0.1.jar:6.0.1]
?[0m?[0;34m	at org.springframework.security.web.ObservationFilterChainDecorator$VirtualFilterChain.doFilter(ObservationFilterChainDecorator.java:134) ~[spring-security-web-6.0.1.jar:6.0.1]
?[0m?[0;34m	at org.springframework.security.web.FilterChainProxy.doFilterInternal(FilterChainProxy.java:233) ~[spring-security-web-6.0.1.jar:6.0.1]
?[0m?[0;34m	at org.springframework.security.web.FilterChainProxy.doFilter(FilterChainProxy.java:191) ~[spring-security-web-6.0.1.jar:6.0.1]
?[0m?[0;34m	at org.springframework.web.filter.DelegatingFilterProxy.invokeDelegate(DelegatingFilterProxy.java:351) ~[spring-web-6.0.4.jar:6.0.4]
?[0m?[0;34m	at org.springframework.web.filter.DelegatingFilterProxy.doFilter(DelegatingFilterProxy.java:267) ~[spring-web-6.0.4.jar:6.0.4]
?[0m?[0;34m	at jdk.internal.reflect.GeneratedMethodAccessor11.invoke(Unknown Source) ~[na:na]
?[0m?[0;34m	at java.base/jdk.internal.reflect.DelegatingMethodAccessorImpl.invoke(DelegatingMethodAccessorImpl.java:43) ~[na:na]
?[0m?[0;34m	at java.base/java.lang.reflect.Method.invoke(Method.java:568) ~[na:na]
?[0m?[0;34m	at org.apache.catalina.security.SecurityUtil.lambda$execute$0(SecurityUtil.java:281) ~[tomcat-embed-core-10.1.5.jar:10.1.5]
?[0m?[0;34m	at java.base/java.security.AccessController.doPrivileged(AccessController.java:712) ~[na:na]
?[0m?[0;34m	at java.base/javax.security.auth.Subject.doAsPrivileged(Subject.java:584) ~[na:na]
?[0m?[0;34m	at org.apache.catalina.security.SecurityUtil.execute(SecurityUtil.java:312) ~[tomcat-embed-core-10.1.5.jar:10.1.5]
?[0m?[0;34m	at org.apache.catalina.security.SecurityUtil.doAsPrivilege(SecurityUtil.java:254) ~[tomcat-embed-core-10.1.5.jar:10.1.5]
?[0m?[0;34m	at org.apache.catalina.core.ApplicationFilterChain.internalDoFilter(ApplicationFilterChain.java:183) ~[tomcat-embed-core-10.1.5.jar:10.1.5]
?[0m?[0;34m	at org.apache.catalina.core.ApplicationFilterChain.lambda$doFilter$0(ApplicationFilterChain.java:141) ~[tomcat-embed-core-10.1.5.jar:10.1.5]
?[0m?[0;34m	at java.base/java.security.AccessController.doPrivileged(AccessController.java:569) ~[na:na]
?[0m?[0;34m	at org.apache.catalina.core.ApplicationFilterChain.doFilter(ApplicationFilterChain.java:139) ~[tomcat-embed-core-10.1.5.jar:10.1.5]
?[0m?[0;34m	at org.springframework.web.filter.RequestContextFilter.doFilterInternal(RequestContextFilter.java:100) ~[spring-web-6.0.4.jar:6.0.4]
?[0m?[0;34m	at org.springframework.web.filter.OncePerRequestFilter.doFilter(OncePerRequestFilter.java:116) ~[spring-web-6.0.4.jar:6.0.4]
?[0m?[0;34m	at jdk.internal.reflect.GeneratedMethodAccessor11.invoke(Unknown Source) ~[na:na]
?[0m?[0;34m	at java.base/jdk.internal.reflect.DelegatingMethodAccessorImpl.invoke(DelegatingMethodAccessorImpl.java:43) ~[na:na]
?[0m?[0;34m	at java.base/java.lang.reflect.Method.invoke(Method.java:568) ~[na:na]
?[0m?[0;34m	at org.apache.catalina.security.SecurityUtil.lambda$execute$0(SecurityUtil.java:281) ~[tomcat-embed-core-10.1.5.jar:10.1.5]
?[0m?[0;34m	at java.base/java.security.AccessController.doPrivileged(AccessController.java:712) ~[na:na]
?[0m?[0;34m	at java.base/javax.security.auth.Subject.doAsPrivileged(Subject.java:584) ~[na:na]
?[0m?[0;34m	at org.apache.catalina.security.SecurityUtil.execute(SecurityUtil.java:312) ~[tomcat-embed-core-10.1.5.jar:10.1.5]
?[0m?[0;34m	at org.apache.catalina.security.SecurityUtil.doAsPrivilege(SecurityUtil.java:254) ~[tomcat-embed-core-10.1.5.jar:10.1.5]
?[0m?[0;34m	at org.apache.catalina.core.ApplicationFilterChain.internalDoFilter(ApplicationFilterChain.java:183) ~[tomcat-embed-core-10.1.5.jar:10.1.5]
?[0m?[0;34m	at org.apache.catalina.core.ApplicationFilterChain.lambda$doFilter$0(ApplicationFilterChain.java:141) ~[tomcat-embed-core-10.1.5.jar:10.1.5]
?[0m?[0;34m	at java.base/java.security.AccessController.doPrivileged(AccessController.java:569) ~[na:na]
?[0m?[0;34m	at org.apache.catalina.core.ApplicationFilterChain.doFilter(ApplicationFilterChain.java:139) ~[tomcat-embed-core-10.1.5.jar:10.1.5]
?[0m?[0;34m	at org.springframework.web.filter.FormContentFilter.doFilterInternal(FormContentFilter.java:93) ~[spring-web-6.0.4.jar:6.0.4]
?[0m?[0;34m	at org.springframework.web.filter.OncePerRequestFilter.doFilter(OncePerRequestFilter.java:116) ~[spring-web-6.0.4.jar:6.0.4]
?[0m?[0;34m	at jdk.internal.reflect.GeneratedMethodAccessor11.invoke(Unknown Source) ~[na:na]
?[0m?[0;34m	at java.base/jdk.internal.reflect.DelegatingMethodAccessorImpl.invoke(DelegatingMethodAccessorImpl.java:43) ~[na:na]
?[0m?[0;34m	at java.base/java.lang.reflect.Method.invoke(Method.java:568) ~[na:na]
?[0m?[0;34m	at org.apache.catalina.security.SecurityUtil.lambda$execute$0(SecurityUtil.java:281) ~[tomcat-embed-core-10.1.5.jar:10.1.5]
?[0m?[0;34m	at java.base/java.security.AccessController.doPrivileged(AccessController.java:712) ~[na:na]
?[0m?[0;34m	at java.base/javax.security.auth.Subject.doAsPrivileged(Subject.java:584) ~[na:na]
?[0m?[0;34m	at org.apache.catalina.security.SecurityUtil.execute(SecurityUtil.java:312) ~[tomcat-embed-core-10.1.5.jar:10.1.5]
?[0m?[0;34m	at org.apache.catalina.security.SecurityUtil.doAsPrivilege(SecurityUtil.java:254) ~[tomcat-embed-core-10.1.5.jar:10.1.5]
?[0m?[0;34m	at org.apache.catalina.core.ApplicationFilterChain.internalDoFilter(ApplicationFilterChain.java:183) ~[tomcat-embed-core-10.1.5.jar:10.1.5]
?[0m?[0;34m	at org.apache.catalina.core.ApplicationFilterChain.lambda$doFilter$0(ApplicationFilterChain.java:141) ~[tomcat-embed-core-10.1.5.jar:10.1.5]
?[0m?[0;34m	at java.base/java.security.AccessController.doPrivileged(AccessController.java:569) ~[na:na]
?[0m?[0;34m	at org.apache.catalina.core.ApplicationFilterChain.doFilter(ApplicationFilterChain.java:139) ~[tomcat-embed-core-10.1.5.jar:10.1.5]
?[0m?[0;34m	at org.springframework.web.filter.ServerHttpObservationFilter.doFilterInternal(ServerHttpObservationFilter.java:109) ~[spring-web-6.0.4.jar:6.0.4]
?[0m?[0;34m	at org.springframework.web.filter.OncePerRequestFilter.doFilter(OncePerRequestFilter.java:116) ~[spring-web-6.0.4.jar:6.0.4]
?[0m?[0;34m	at jdk.internal.reflect.GeneratedMethodAccessor11.invoke(Unknown Source) ~[na:na]
?[0m?[0;34m	at java.base/jdk.internal.reflect.DelegatingMethodAccessorImpl.invoke(DelegatingMethodAccessorImpl.java:43) ~[na:na]
?[0m?[0;34m	at java.base/java.lang.reflect.Method.invoke(Method.java:568) ~[na:na]
?[0m?[0;34m	at org.apache.catalina.security.SecurityUtil.lambda$execute$0(SecurityUtil.java:281) ~[tomcat-embed-core-10.1.5.jar:10.1.5]
?[0m?[0;34m	at java.base/java.security.AccessController.doPrivileged(AccessController.java:712) ~[na:na]
?[0m?[0;34m	at java.base/javax.security.auth.Subject.doAsPrivileged(Subject.java:584) ~[na:na]
?[0m?[0;34m	at org.apache.catalina.security.SecurityUtil.execute(SecurityUtil.java:312) ~[tomcat-embed-core-10.1.5.jar:10.1.5]
?[0m?[0;34m	at org.apache.catalina.security.SecurityUtil.doAsPrivilege(SecurityUtil.java:254) ~[tomcat-embed-core-10.1.5.jar:10.1.5]
?[0m?[0;34m	at org.apache.catalina.core.ApplicationFilterChain.internalDoFilter(ApplicationFilterChain.java:183) ~[tomcat-embed-core-10.1.5.jar:10.1.5]
?[0m?[0;34m	at org.apache.catalina.core.ApplicationFilterChain.lambda$doFilter$0(ApplicationFilterChain.java:141) ~[tomcat-embed-core-10.1.5.jar:10.1.5]
?[0m?[0;34m	at java.base/java.security.AccessController.doPrivileged(AccessController.java:569) ~[na:na]
?[0m?[0;34m	at org.apache.catalina.core.ApplicationFilterChain.doFilter(ApplicationFilterChain.java:139) ~[tomcat-embed-core-10.1.5.jar:10.1.5]
?[0m?[0;34m	at org.springframework.web.filter.CharacterEncodingFilter.doFilterInternal(CharacterEncodingFilter.java:201) ~[spring-web-6.0.4.jar:6.0.4]
?[0m?[0;34m	at org.springframework.web.filter.OncePerRequestFilter.doFilter(OncePerRequestFilter.java:116) ~[spring-web-6.0.4.jar:6.0.4]
?[0m?[0;34m	at jdk.internal.reflect.GeneratedMethodAccessor11.invoke(Unknown Source) ~[na:na]
?[0m?[0;34m	at java.base/jdk.internal.reflect.DelegatingMethodAccessorImpl.invoke(DelegatingMethodAccessorImpl.java:43) ~[na:na]
?[0m?[0;34m	at java.base/java.lang.reflect.Method.invoke(Method.java:568) ~[na:na]
?[0m?[0;34m	at org.apache.catalina.security.SecurityUtil.lambda$execute$0(SecurityUtil.java:281) ~[tomcat-embed-core-10.1.5.jar:10.1.5]
?[0m?[0;34m	at java.base/java.security.AccessController.doPrivileged(AccessController.java:712) ~[na:na]
?[0m?[0;34m	at java.base/javax.security.auth.Subject.doAsPrivileged(Subject.java:584) ~[na:na]
?[0m?[0;34m	at org.apache.catalina.security.SecurityUtil.execute(SecurityUtil.java:312) ~[tomcat-embed-core-10.1.5.jar:10.1.5]
?[0m?[0;34m	at org.apache.catalina.security.SecurityUtil.doAsPrivilege(SecurityUtil.java:254) ~[tomcat-embed-core-10.1.5.jar:10.1.5]
?[0m?[0;34m	at org.apache.catalina.core.ApplicationFilterChain.internalDoFilter(ApplicationFilterChain.java:183) ~[tomcat-embed-core-10.1.5.jar:10.1.5]
?[0m?[0;34m	at org.apache.catalina.core.ApplicationFilterChain.lambda$doFilter$0(ApplicationFilterChain.java:141) ~[tomcat-embed-core-10.1.5.jar:10.1.5]
?[0m?[0;34m	at java.base/java.security.AccessController.doPrivileged(AccessController.java:569) ~[na:na]
?[0m?[0;34m	at org.apache.catalina.core.ApplicationFilterChain.doFilter(ApplicationFilterChain.java:139) ~[tomcat-embed-core-10.1.5.jar:10.1.5]
?[0m?[0;34m	at org.apache.catalina.core.StandardWrapperValve.invoke(StandardWrapperValve.java:177) ~[tomcat-embed-core-10.1.5.jar:10.1.5]
?[0m?[0;34m	at org.apache.catalina.core.StandardContextValve.invoke(StandardContextValve.java:97) ~[tomcat-embed-core-10.1.5.jar:10.1.5]
?[0m?[0;34m	at org.apache.catalina.authenticator.AuthenticatorBase.invoke(AuthenticatorBase.java:542) ~[tomcat-embed-core-10.1.5.jar:10.1.5]
?[0m?[0;34m	at org.apache.catalina.core.StandardHostValve.invoke(StandardHostValve.java:119) ~[tomcat-embed-core-10.1.5.jar:10.1.5]
?[0m?[0;34m	at org.apache.catalina.valves.ErrorReportValve.invoke(ErrorReportValve.java:92) ~[tomcat-embed-core-10.1.5.jar:10.1.5]
?[0m?[0;34m	at org.apache.catalina.core.StandardEngineValve.invoke(StandardEngineValve.java:78) ~[tomcat-embed-core-10.1.5.jar:10.1.5]
?[0m?[0;34m	at org.apache.catalina.connector.CoyoteAdapter.service(CoyoteAdapter.java:357) ~[tomcat-embed-core-10.1.5.jar:10.1.5]
?[0m?[0;34m	at org.apache.coyote.http11.Http11Processor.service(Http11Processor.java:400) ~[tomcat-embed-core-10.1.5.jar:10.1.5]
?[0m?[0;34m	at org.apache.coyote.AbstractProcessorLight.process(AbstractProcessorLight.java:65) ~[tomcat-embed-core-10.1.5.jar:10.1.5]
?[0m?[0;34m	at org.apache.coyote.AbstractProtocol$ConnectionHandler.process(AbstractProtocol.java:859) ~[tomcat-embed-core-10.1.5.jar:10.1.5]
?[0m?[0;34m	at org.apache.tomcat.util.net.NioEndpoint$SocketProcessor.doRun(NioEndpoint.java:1734) ~[tomcat-embed-core-10.1.5.jar:10.1.5]
?[0m?[0;34m	at org.apache.tomcat.util.net.SocketProcessorBase.run(SocketProcessorBase.java:52) ~[tomcat-embed-core-10.1.5.jar:10.1.5]
?[0m?[0;34m	at org.apache.tomcat.util.threads.ThreadPoolExecutor.runWorker(ThreadPoolExecutor.java:1191) ~[tomcat-embed-core-10.1.5.jar:10.1.5]
?[0m?[0;34m	at org.apache.tomcat.util.threads.ThreadPoolExecutor$Worker.run(ThreadPoolExecutor.java:659) ~[tomcat-embed-core-10.1.5.jar:10.1.5]
?[0m?[0;34m	at org.apache.tomcat.util.threads.TaskThread$WrappingRunnable.run(TaskThread.java:61) ~[tomcat-embed-core-10.1.5.jar:10.1.5]
?[0m?[0;34m	at java.base/java.lang.Thread.run(Thread.java:833) ~[na:na]
?[0m?[0;34m
?[0m?[0;34m?[2m2023-08-22T13:43:44.827+02:00?[0;39m ?[32mDEBUG?[0;39m ?[35m18216?[0;39m ?[2m---?[0;39m ?[2m[io-28852-exec-7]?[0;39m ?[36ms.w.a.DelegatingAuthenticationEntryPoint?[0;39m ?[2m:?[0;39m Trying to match using RequestHeaderRequestMatcher [expectedHeaderName=X-Requested-With, expectedHeaderValue=XMLHttpRequest]
?[0m?[0;34m?[2m2023-08-22T13:43:44.827+02:00?[0;39m ?[32mDEBUG?[0;39m ?[35m18216?[0;39m ?[2m---?[0;39m ?[2m[io-28852-exec-7]?[0;39m ?[36ms.w.a.DelegatingAuthenticationEntryPoint?[0;39m ?[2m:?[0;39m No match found. Using default entry point org.springframework.security.web.authentication.www.BasicAuthenticationEntryPoint@a99e0e6
?[0m?[0;34m?[2m2023-08-22T13:43:44.827+02:00?[0;39m ?[32mTRACE?[0;39m ?[35m18216?[0;39m ?[2m---?[0;39m ?[2m[io-28852-exec-7]?[0;39m ?[36mo.s.s.w.header.writers.HstsHeaderWriter ?[0;39m ?[2m:?[0;39m Not injecting HSTS header since it did not match request to [Is Secure]
?[0m?[0;34m?[2m2023-08-22T13:43:44.828+02:00?[0;39m ?[32mTRACE?[0;39m ?[35m18216?[0;39m ?[2m---?[0;39m ?[2m[io-28852-exec-7]?[0;39m ?[36mo.s.security.web.FilterChainProxy       ?[0;39m ?[2m:?[0;39m Trying to match request against DefaultSecurityFilterChain [RequestMatcher=any request, Filters=[org.springframework.security.web.session.DisableEncodeUrlFilter@5d51203b, org.springframework.security.web.context.request.async.WebAsyncManagerIntegrationFilter@32be672d, org.springframework.security.web.context.SecurityContextHolderFilter@74f54f8e, org.springframework.security.web.header.HeaderWriterFilter@157ff8f8, org.springframework.security.web.authentication.logout.LogoutFilter@72364a40, org.springframework.security.web.authentication.www.BasicAuthenticationFilter@a23b96b, org.springframework.security.web.savedrequest.RequestCacheAwareFilter@59b8a801, org.springframework.security.web.servletapi.SecurityContextHolderAwareRequestFilter@5aa026e9, org.springframework.security.web.authentication.AnonymousAuthenticationFilter@23e54c8a, org.springframework.security.web.session.SessionManagementFilter@79e3f444, org.springframework.security.web.access.ExceptionTranslationFilter@17a756db, org.springframework.security.web.access.intercept.AuthorizationFilter@55e75ce0]] (1/1)
?[0m?[0;34m?[2m2023-08-22T13:43:44.828+02:00?[0;39m ?[32mDEBUG?[0;39m ?[35m18216?[0;39m ?[2m---?[0;39m ?[2m[io-28852-exec-7]?[0;39m ?[36mo.s.security.web.FilterChainProxy       ?[0;39m ?[2m:?[0;39m Securing GET /error
?[0m?[0;34m?[2m2023-08-22T13:43:44.828+02:00?[0;39m ?[32mTRACE?[0;39m ?[35m18216?[0;39m ?[2m---?[0;39m ?[2m[io-28852-exec-7]?[0;39m ?[36mo.s.security.web.FilterChainProxy       ?[0;39m ?[2m:?[0;39m Invoking DisableEncodeUrlFilter (1/12)
?[0m?[0;34m?[2m2023-08-22T13:43:44.828+02:00?[0;39m ?[32mTRACE?[0;39m ?[35m18216?[0;39m ?[2m---?[0;39m ?[2m[io-28852-exec-7]?[0;39m ?[36mo.s.security.web.FilterChainProxy       ?[0;39m ?[2m:?[0;39m Invoking WebAsyncManagerIntegrationFilter (2/12)
?[0m?[0;34m?[2m2023-08-22T13:43:44.828+02:00?[0;39m ?[32mTRACE?[0;39m ?[35m18216?[0;39m ?[2m---?[0;39m ?[2m[io-28852-exec-7]?[0;39m ?[36mo.s.security.web.FilterChainProxy       ?[0;39m ?[2m:?[0;39m Invoking SecurityContextHolderFilter (3/12)
?[0m?[0;34m?[2m2023-08-22T13:43:44.828+02:00?[0;39m ?[32mTRACE?[0;39m ?[35m18216?[0;39m ?[2m---?[0;39m ?[2m[io-28852-exec-7]?[0;39m ?[36mo.s.security.web.FilterChainProxy       ?[0;39m ?[2m:?[0;39m Invoking HeaderWriterFilter (4/12)
?[0m?[0;34m?[2m2023-08-22T13:43:44.828+02:00?[0;39m ?[32mTRACE?[0;39m ?[35m18216?[0;39m ?[2m---?[0;39m ?[2m[io-28852-exec-7]?[0;39m ?[36mo.s.security.web.FilterChainProxy       ?[0;39m ?[2m:?[0;39m Invoking LogoutFilter (5/12)
?[0m?[0;34m?[2m2023-08-22T13:43:44.828+02:00?[0;39m ?[32mTRACE?[0;39m ?[35m18216?[0;39m ?[2m---?[0;39m ?[2m[io-28852-exec-7]?[0;39m ?[36mo.s.s.w.a.logout.LogoutFilter           ?[0;39m ?[2m:?[0;39m Did not match request to Or [Ant [pattern='/logout', GET], Ant [pattern='/logout', POST], Ant [pattern='/logout', PUT], Ant [pattern='/logout', DELETE]]
?[0m?[0;34m?[2m2023-08-22T13:43:44.828+02:00?[0;39m ?[32mTRACE?[0;39m ?[35m18216?[0;39m ?[2m---?[0;39m ?[2m[io-28852-exec-7]?[0;39m ?[36mo.s.security.web.FilterChainProxy       ?[0;39m ?[2m:?[0;39m Invoking BasicAuthenticationFilter (6/12)
?[0m?[0;34m?[2m2023-08-22T13:43:44.829+02:00?[0;39m ?[32mTRACE?[0;39m ?[35m18216?[0;39m ?[2m---?[0;39m ?[2m[io-28852-exec-7]?[0;39m ?[36mo.s.security.web.FilterChainProxy       ?[0;39m ?[2m:?[0;39m Invoking RequestCacheAwareFilter (7/12)
?[0m?[0;34m?[2m2023-08-22T13:43:44.829+02:00?[0;39m ?[32mTRACE?[0;39m ?[35m18216?[0;39m ?[2m---?[0;39m ?[2m[io-28852-exec-7]?[0;39m ?[36mo.s.security.web.FilterChainProxy       ?[0;39m ?[2m:?[0;39m Invoking SecurityContextHolderAwareRequestFilter (8/12)
?[0m?[0;34m?[2m2023-08-22T13:43:44.829+02:00?[0;39m ?[32mTRACE?[0;39m ?[35m18216?[0;39m ?[2m---?[0;39m ?[2m[io-28852-exec-7]?[0;39m ?[36mo.s.security.web.FilterChainProxy       ?[0;39m ?[2m:?[0;39m Invoking AnonymousAuthenticationFilter (9/12)
?[0m?[0;34m?[2m2023-08-22T13:43:44.829+02:00?[0;39m ?[32mTRACE?[0;39m ?[35m18216?[0;39m ?[2m---?[0;39m ?[2m[io-28852-exec-7]?[0;39m ?[36mo.s.security.web.FilterChainProxy       ?[0;39m ?[2m:?[0;39m Invoking SessionManagementFilter (10/12)
?[0m?[0;34m?[2m2023-08-22T13:43:44.829+02:00?[0;39m ?[32mTRACE?[0;39m ?[35m18216?[0;39m ?[2m---?[0;39m ?[2m[io-28852-exec-7]?[0;39m ?[36m.s.s.w.c.SupplierDeferredSecurityContext?[0;39m ?[2m:?[0;39m Created SecurityContextImpl [Null authentication]
?[0m?[0;34m?[2m2023-08-22T13:43:44.829+02:00?[0;39m ?[32mTRACE?[0;39m ?[35m18216?[0;39m ?[2m---?[0;39m ?[2m[io-28852-exec-7]?[0;39m ?[36mo.s.s.w.a.AnonymousAuthenticationFilter ?[0;39m ?[2m:?[0;39m Set SecurityContextHolder to AnonymousAuthenticationToken [Principal=anonymousUser, Credentials=[PROTECTED], Authenticated=true, Details=WebAuthenticationDetails [RemoteIpAddress=127.0.0.1, SessionId=null], Granted Authorities=[ROLE_ANONYMOUS]]
?[0m?[0;34m?[2m2023-08-22T13:43:44.829+02:00?[0;39m ?[32mTRACE?[0;39m ?[35m18216?[0;39m ?[2m---?[0;39m ?[2m[io-28852-exec-7]?[0;39m ?[36mo.s.security.web.FilterChainProxy       ?[0;39m ?[2m:?[0;39m Invoking ExceptionTranslationFilter (11/12)
?[0m?[0;34m?[2m2023-08-22T13:43:44.829+02:00?[0;39m ?[32mTRACE?[0;39m ?[35m18216?[0;39m ?[2m---?[0;39m ?[2m[io-28852-exec-7]?[0;39m ?[36mo.s.security.web.FilterChainProxy       ?[0;39m ?[2m:?[0;39m Invoking AuthorizationFilter (12/12)
?[0m?[0;34m?[2m2023-08-22T13:43:44.829+02:00?[0;39m ?[32mTRACE?[0;39m ?[35m18216?[0;39m ?[2m---?[0;39m ?[2m[io-28852-exec-7]?[0;39m ?[36mestMatcherDelegatingAuthorizationManager?[0;39m ?[2m:?[0;39m Authorizing SecurityContextHolderAwareRequestWrapper[ FirewalledRequest[ org.apache.catalina.core.ApplicationHttpRequest@111f6776]]
?[0m?[0;34m?[2m2023-08-22T13:43:44.829+02:00?[0;39m ?[32mTRACE?[0;39m ?[35m18216?[0;39m ?[2m---?[0;39m ?[2m[io-28852-exec-7]?[0;39m ?[36mestMatcherDelegatingAuthorizationManager?[0;39m ?[2m:?[0;39m Checking authorization on SecurityContextHolderAwareRequestWrapper[ FirewalledRequest[ org.apache.catalina.core.ApplicationHttpRequest@111f6776]] using org.springframework.security.config.annotation.web.configurers.AuthorizeHttpRequestsConfigurer$$Lambda$1316/0x0000000100a4d140@528cc85a
?[0m?[0;34m?[2m2023-08-22T13:43:44.829+02:00?[0;39m ?[32mDEBUG?[0;39m ?[35m18216?[0;39m ?[2m---?[0;39m ?[2m[io-28852-exec-7]?[0;39m ?[36mo.s.security.web.FilterChainProxy       ?[0;39m ?[2m:?[0;39m Secured GET /error
?[1;31m
Start test 24?[0m
?[0m?[0;34m?[2m2023-08-22T13:43:44.838+02:00?[0;39m ?[32mTRACE?[0;39m ?[35m18216?[0;39m ?[2m---?[0;39m ?[2m[io-28852-exec-8]?[0;39m ?[36mo.s.security.web.FilterChainProxy       ?[0;39m ?[2m:?[0;39m Trying to match request against DefaultSecurityFilterChain [RequestMatcher=any request, Filters=[org.springframework.security.web.session.DisableEncodeUrlFilter@5d51203b, org.springframework.security.web.context.request.async.WebAsyncManagerIntegrationFilter@32be672d, org.springframework.security.web.context.SecurityContextHolderFilter@74f54f8e, org.springframework.security.web.header.HeaderWriterFilter@157ff8f8, org.springframework.security.web.authentication.logout.LogoutFilter@72364a40, org.springframework.security.web.authentication.www.BasicAuthenticationFilter@a23b96b, org.springframework.security.web.savedrequest.RequestCacheAwareFilter@59b8a801, org.springframework.security.web.servletapi.SecurityContextHolderAwareRequestFilter@5aa026e9, org.springframework.security.web.authentication.AnonymousAuthenticationFilter@23e54c8a, org.springframework.security.web.session.SessionManagementFilter@79e3f444, org.springframework.security.web.access.ExceptionTranslationFilter@17a756db, org.springframework.security.web.access.intercept.AuthorizationFilter@55e75ce0]] (1/1)
?[0m?[0;34m?[2m2023-08-22T13:43:44.838+02:00?[0;39m ?[32mDEBUG?[0;39m ?[35m18216?[0;39m ?[2m---?[0;39m ?[2m[io-28852-exec-8]?[0;39m ?[36mo.s.security.web.FilterChainProxy       ?[0;39m ?[2m:?[0;39m Securing GET /api/empl/payment
?[0m?[0;34m?[2m2023-08-22T13:43:44.838+02:00?[0;39m ?[32mTRACE?[0;39m ?[35m18216?[0;39m ?[2m---?[0;39m ?[2m[io-28852-exec-8]?[0;39m ?[36mo.s.security.web.FilterChainProxy       ?[0;39m ?[2m:?[0;39m Invoking DisableEncodeUrlFilter (1/12)
?[0m?[0;34m?[2m2023-08-22T13:43:44.838+02:00?[0;39m ?[32mTRACE?[0;39m ?[35m18216?[0;39m ?[2m---?[0;39m ?[2m[io-28852-exec-8]?[0;39m ?[36mo.s.security.web.FilterChainProxy       ?[0;39m ?[2m:?[0;39m Invoking WebAsyncManagerIntegrationFilter (2/12)
?[0m?[0;34m?[2m2023-08-22T13:43:44.838+02:00?[0;39m ?[32mTRACE?[0;39m ?[35m18216?[0;39m ?[2m---?[0;39m ?[2m[io-28852-exec-8]?[0;39m ?[36mo.s.security.web.FilterChainProxy       ?[0;39m ?[2m:?[0;39m Invoking SecurityContextHolderFilter (3/12)
?[0m?[0;34m?[2m2023-08-22T13:43:44.838+02:00?[0;39m ?[32mTRACE?[0;39m ?[35m18216?[0;39m ?[2m---?[0;39m ?[2m[io-28852-exec-8]?[0;39m ?[36mo.s.security.web.FilterChainProxy       ?[0;39m ?[2m:?[0;39m Invoking HeaderWriterFilter (4/12)
?[0m?[0;34m?[2m2023-08-22T13:43:44.838+02:00?[0;39m ?[32mTRACE?[0;39m ?[35m18216?[0;39m ?[2m---?[0;39m ?[2m[io-28852-exec-8]?[0;39m ?[36mo.s.security.web.FilterChainProxy       ?[0;39m ?[2m:?[0;39m Invoking LogoutFilter (5/12)
?[0m?[0;34m?[2m2023-08-22T13:43:44.839+02:00?[0;39m ?[32mTRACE?[0;39m ?[35m18216?[0;39m ?[2m---?[0;39m ?[2m[io-28852-exec-8]?[0;39m ?[36mo.s.s.w.a.logout.LogoutFilter           ?[0;39m ?[2m:?[0;39m Did not match request to Or [Ant [pattern='/logout', GET], Ant [pattern='/logout', POST], Ant [pattern='/logout', PUT], Ant [pattern='/logout', DELETE]]
?[0m?[0;34m?[2m2023-08-22T13:43:44.839+02:00?[0;39m ?[32mTRACE?[0;39m ?[35m18216?[0;39m ?[2m---?[0;39m ?[2m[io-28852-exec-8]?[0;39m ?[36mo.s.security.web.FilterChainProxy       ?[0;39m ?[2m:?[0;39m Invoking BasicAuthenticationFilter (6/12)
?[0m?[0;34m?[2m2023-08-22T13:43:44.839+02:00?[0;39m ?[32mTRACE?[0;39m ?[35m18216?[0;39m ?[2m---?[0;39m ?[2m[io-28852-exec-8]?[0;39m ?[36mo.s.s.w.a.www.BasicAuthenticationFilter ?[0;39m ?[2m:?[0;39m Found username 'johndoeacme.com' in Basic Authorization header
?[0m?[0;34m?[2m2023-08-22T13:43:44.839+02:00?[0;39m ?[32mTRACE?[0;39m ?[35m18216?[0;39m ?[2m---?[0;39m ?[2m[io-28852-exec-8]?[0;39m ?[36m.s.s.w.c.SupplierDeferredSecurityContext?[0;39m ?[2m:?[0;39m Created SecurityContextImpl [Null authentication]
?[0m?[0;34m?[2m2023-08-22T13:43:44.839+02:00?[0;39m ?[32mTRACE?[0;39m ?[35m18216?[0;39m ?[2m---?[0;39m ?[2m[io-28852-exec-8]?[0;39m ?[36mo.s.s.authentication.ProviderManager    ?[0;39m ?[2m:?[0;39m Authenticating request with DaoAuthenticationProvider (1/1)
?[0m?[0;34mHibernate: select u1_0.id,u1_0.email,u1_0.lastname,u1_0.name,u1_0.password from users u1_0 where upper(u1_0.email)=upper(?)
?[0m?[0;34m?[2m2023-08-22T13:43:44.900+02:00?[0;39m ?[32mDEBUG?[0;39m ?[35m18216?[0;39m ?[2m---?[0;39m ?[2m[io-28852-exec-8]?[0;39m ?[36mo.s.s.a.dao.DaoAuthenticationProvider   ?[0;39m ?[2m:?[0;39m Failed to find user 'johndoeacme.com'
?[0m?[0;34m?[2m2023-08-22T13:43:44.900+02:00?[0;39m ?[32mDEBUG?[0;39m ?[35m18216?[0;39m ?[2m---?[0;39m ?[2m[io-28852-exec-8]?[0;39m ?[36mo.s.s.w.a.www.BasicAuthenticationFilter ?[0;39m ?[2m:?[0;39m Failed to process authentication request
?[0m?[0;34m
?[0m?[0;34morg.springframework.security.authentication.BadCredentialsException: Bad credentials
?[0m?[0;34m	at org.springframework.security.authentication.dao.AbstractUserDetailsAuthenticationProvider.authenticate(AbstractUserDetailsAuthenticationProvider.java:141) ~[spring-security-core-6.0.1.jar:6.0.1]
?[0m?[0;34m	at org.springframework.security.authentication.ProviderManager.authenticate(ProviderManager.java:182) ~[spring-security-core-6.0.1.jar:6.0.1]
?[0m?[0;34m	at org.springframework.security.authentication.ProviderManager.authenticate(ProviderManager.java:201) ~[spring-security-core-6.0.1.jar:6.0.1]
?[0m?[0;34m	at org.springframework.security.authentication.ObservationAuthenticationManager.lambda$authenticate$1(ObservationAuthenticationManager.java:53) ~[spring-security-core-6.0.1.jar:6.0.1]
?[0m?[0;34m	at io.micrometer.observation.Observation.observe(Observation.java:559) ~[micrometer-observation-1.10.3.jar:1.10.3]
?[0m?[0;34m	at org.springframework.security.authentication.ObservationAuthenticationManager.authenticate(ObservationAuthenticationManager.java:52) ~[spring-security-core-6.0.1.jar:6.0.1]
?[0m?[0;34m	at org.springframework.security.web.authentication.www.BasicAuthenticationFilter.doFilterInternal(BasicAuthenticationFilter.java:176) ~[spring-security-web-6.0.1.jar:6.0.1]
?[0m?[0;34m	at org.springframework.web.filter.OncePerRequestFilter.doFilter(OncePerRequestFilter.java:116) ~[spring-web-6.0.4.jar:6.0.4]
?[0m?[0;34m	at org.springframework.security.web.ObservationFilterChainDecorator$ObservationFilter.wrapFilter(ObservationFilterChainDecorator.java:186) ~[spring-security-web-6.0.1.jar:6.0.1]
?[0m?[0;34m	at org.springframework.security.web.ObservationFilterChainDecorator$ObservationFilter.doFilter(ObservationFilterChainDecorator.java:173) ~[spring-security-web-6.0.1.jar:6.0.1]
?[0m?[0;34m	at org.springframework.security.web.ObservationFilterChainDecorator$VirtualFilterChain.doFilter(ObservationFilterChainDecorator.java:134) ~[spring-security-web-6.0.1.jar:6.0.1]
?[0m?[0;34m	at org.springframework.security.web.authentication.logout.LogoutFilter.doFilter(LogoutFilter.java:107) ~[spring-security-web-6.0.1.jar:6.0.1]
?[0m?[0;34m	at org.springframework.security.web.authentication.logout.LogoutFilter.doFilter(LogoutFilter.java:93) ~[spring-security-web-6.0.1.jar:6.0.1]
?[0m?[0;34m	at org.springframework.security.web.ObservationFilterChainDecorator$ObservationFilter.wrapFilter(ObservationFilterChainDecorator.java:186) ~[spring-security-web-6.0.1.jar:6.0.1]
?[0m?[0;34m	at org.springframework.security.web.ObservationFilterChainDecorator$ObservationFilter.doFilter(ObservationFilterChainDecorator.java:173) ~[spring-security-web-6.0.1.jar:6.0.1]
?[0m?[0;34m	at org.springframework.security.web.ObservationFilterChainDecorator$VirtualFilterChain.doFilter(ObservationFilterChainDecorator.java:134) ~[spring-security-web-6.0.1.jar:6.0.1]
?[0m?[0;34m	at org.springframework.security.web.header.HeaderWriterFilter.doHeadersAfter(HeaderWriterFilter.java:90) ~[spring-security-web-6.0.1.jar:6.0.1]
?[0m?[0;34m	at org.springframework.security.web.header.HeaderWriterFilter.doFilterInternal(HeaderWriterFilter.java:75) ~[spring-security-web-6.0.1.jar:6.0.1]
?[0m?[0;34m	at org.springframework.web.filter.OncePerRequestFilter.doFilter(OncePerRequestFilter.java:116) ~[spring-web-6.0.4.jar:6.0.4]
?[0m?[0;34m	at org.springframework.security.web.ObservationFilterChainDecorator$ObservationFilter.wrapFilter(ObservationFilterChainDecorator.java:186) ~[spring-security-web-6.0.1.jar:6.0.1]
?[0m?[0;34m	at org.springframework.security.web.ObservationFilterChainDecorator$ObservationFilter.doFilter(ObservationFilterChainDecorator.java:173) ~[spring-security-web-6.0.1.jar:6.0.1]
?[0m?[0;34m	at org.springframework.security.web.ObservationFilterChainDecorator$VirtualFilterChain.doFilter(ObservationFilterChainDecorator.java:134) ~[spring-security-web-6.0.1.jar:6.0.1]
?[0m?[0;34m	at org.springframework.security.web.context.SecurityContextHolderFilter.doFilter(SecurityContextHolderFilter.java:82) ~[spring-security-web-6.0.1.jar:6.0.1]
?[0m?[0;34m	at org.springframework.security.web.context.SecurityContextHolderFilter.doFilter(SecurityContextHolderFilter.java:69) ~[spring-security-web-6.0.1.jar:6.0.1]
?[0m?[0;34m	at org.springframework.security.web.ObservationFilterChainDecorator$ObservationFilter.wrapFilter(ObservationFilterChainDecorator.java:186) ~[spring-security-web-6.0.1.jar:6.0.1]
?[0m?[0;34m	at org.springframework.security.web.ObservationFilterChainDecorator$ObservationFilter.doFilter(ObservationFilterChainDecorator.java:173) ~[spring-security-web-6.0.1.jar:6.0.1]
?[0m?[0;34m	at org.springframework.security.web.ObservationFilterChainDecorator$VirtualFilterChain.doFilter(ObservationFilterChainDecorator.java:134) ~[spring-security-web-6.0.1.jar:6.0.1]
?[0m?[0;34m	at org.springframework.security.web.context.request.async.WebAsyncManagerIntegrationFilter.doFilterInternal(WebAsyncManagerIntegrationFilter.java:62) ~[spring-security-web-6.0.1.jar:6.0.1]
?[0m?[0;34m	at org.springframework.web.filter.OncePerRequestFilter.doFilter(OncePerRequestFilter.java:116) ~[spring-web-6.0.4.jar:6.0.4]
?[0m?[0;34m	at org.springframework.security.web.ObservationFilterChainDecorator$ObservationFilter.wrapFilter(ObservationFilterChainDecorator.java:186) ~[spring-security-web-6.0.1.jar:6.0.1]
?[0m?[0;34m	at org.springframework.security.web.ObservationFilterChainDecorator$ObservationFilter.doFilter(ObservationFilterChainDecorator.java:173) ~[spring-security-web-6.0.1.jar:6.0.1]
?[0m?[0;34m	at org.springframework.security.web.ObservationFilterChainDecorator$VirtualFilterChain.doFilter(ObservationFilterChainDecorator.java:134) ~[spring-security-web-6.0.1.jar:6.0.1]
?[0m?[0;34m	at org.springframework.security.web.session.DisableEncodeUrlFilter.doFilterInternal(DisableEncodeUrlFilter.java:42) ~[spring-security-web-6.0.1.jar:6.0.1]
?[0m?[0;34m	at org.springframework.web.filter.OncePerRequestFilter.doFilter(OncePerRequestFilter.java:116) ~[spring-web-6.0.4.jar:6.0.4]
?[0m?[0;34m	at org.springframework.security.web.ObservationFilterChainDecorator$ObservationFilter.wrapFilter(ObservationFilterChainDecorator.java:186) ~[spring-security-web-6.0.1.jar:6.0.1]
?[0m?[0;34m	at org.springframework.security.web.ObservationFilterChainDecorator$AroundFilterObservation$SimpleAroundFilterObservation.lambda$wrap$0(ObservationFilterChainDecorator.java:280) ~[spring-security-web-6.0.1.jar:6.0.1]
?[0m?[0;34m	at org.springframework.security.web.ObservationFilterChainDecorator$ObservationFilter.doFilter(ObservationFilterChainDecorator.java:170) ~[spring-security-web-6.0.1.jar:6.0.1]
?[0m?[0;34m	at org.springframework.security.web.ObservationFilterChainDecorator$VirtualFilterChain.doFilter(ObservationFilterChainDecorator.java:134) ~[spring-security-web-6.0.1.jar:6.0.1]
?[0m?[0;34m	at org.springframework.security.web.FilterChainProxy.doFilterInternal(FilterChainProxy.java:233) ~[spring-security-web-6.0.1.jar:6.0.1]
?[0m?[0;34m	at org.springframework.security.web.FilterChainProxy.doFilter(FilterChainProxy.java:191) ~[spring-security-web-6.0.1.jar:6.0.1]
?[0m?[0;34m	at org.springframework.web.filter.DelegatingFilterProxy.invokeDelegate(DelegatingFilterProxy.java:351) ~[spring-web-6.0.4.jar:6.0.4]
?[0m?[0;34m	at org.springframework.web.filter.DelegatingFilterProxy.doFilter(DelegatingFilterProxy.java:267) ~[spring-web-6.0.4.jar:6.0.4]
?[0m?[0;34m	at jdk.internal.reflect.GeneratedMethodAccessor11.invoke(Unknown Source) ~[na:na]
?[0m?[0;34m	at java.base/jdk.internal.reflect.DelegatingMethodAccessorImpl.invoke(DelegatingMethodAccessorImpl.java:43) ~[na:na]
?[0m?[0;34m	at java.base/java.lang.reflect.Method.invoke(Method.java:568) ~[na:na]
?[0m?[0;34m	at org.apache.catalina.security.SecurityUtil.lambda$execute$0(SecurityUtil.java:281) ~[tomcat-embed-core-10.1.5.jar:10.1.5]
?[0m?[0;34m	at java.base/java.security.AccessController.doPrivileged(AccessController.java:712) ~[na:na]
?[0m?[0;34m	at java.base/javax.security.auth.Subject.doAsPrivileged(Subject.java:584) ~[na:na]
?[0m?[0;34m	at org.apache.catalina.security.SecurityUtil.execute(SecurityUtil.java:312) ~[tomcat-embed-core-10.1.5.jar:10.1.5]
?[0m?[0;34m	at org.apache.catalina.security.SecurityUtil.doAsPrivilege(SecurityUtil.java:254) ~[tomcat-embed-core-10.1.5.jar:10.1.5]
?[0m?[0;34m	at org.apache.catalina.core.ApplicationFilterChain.internalDoFilter(ApplicationFilterChain.java:183) ~[tomcat-embed-core-10.1.5.jar:10.1.5]
?[0m?[0;34m	at org.apache.catalina.core.ApplicationFilterChain.lambda$doFilter$0(ApplicationFilterChain.java:141) ~[tomcat-embed-core-10.1.5.jar:10.1.5]
?[0m?[0;34m	at java.base/java.security.AccessController.doPrivileged(AccessController.java:569) ~[na:na]
?[0m?[0;34m	at org.apache.catalina.core.ApplicationFilterChain.doFilter(ApplicationFilterChain.java:139) ~[tomcat-embed-core-10.1.5.jar:10.1.5]
?[0m?[0;34m	at org.springframework.web.filter.RequestContextFilter.doFilterInternal(RequestContextFilter.java:100) ~[spring-web-6.0.4.jar:6.0.4]
?[0m?[0;34m	at org.springframework.web.filter.OncePerRequestFilter.doFilter(OncePerRequestFilter.java:116) ~[spring-web-6.0.4.jar:6.0.4]
?[0m?[0;34m	at jdk.internal.reflect.GeneratedMethodAccessor11.invoke(Unknown Source) ~[na:na]
?[0m?[0;34m	at java.base/jdk.internal.reflect.DelegatingMethodAccessorImpl.invoke(DelegatingMethodAccessorImpl.java:43) ~[na:na]
?[0m?[0;34m	at java.base/java.lang.reflect.Method.invoke(Method.java:568) ~[na:na]
?[0m?[0;34m	at org.apache.catalina.security.SecurityUtil.lambda$execute$0(SecurityUtil.java:281) ~[tomcat-embed-core-10.1.5.jar:10.1.5]
?[0m?[0;34m	at java.base/java.security.AccessController.doPrivileged(AccessController.java:712) ~[na:na]
?[0m?[0;34m	at java.base/javax.security.auth.Subject.doAsPrivileged(Subject.java:584) ~[na:na]
?[0m?[0;34m	at org.apache.catalina.security.SecurityUtil.execute(SecurityUtil.java:312) ~[tomcat-embed-core-10.1.5.jar:10.1.5]
?[0m?[0;34m	at org.apache.catalina.security.SecurityUtil.doAsPrivilege(SecurityUtil.java:254) ~[tomcat-embed-core-10.1.5.jar:10.1.5]
?[0m?[0;34m	at org.apache.catalina.core.ApplicationFilterChain.internalDoFilter(ApplicationFilterChain.java:183) ~[tomcat-embed-core-10.1.5.jar:10.1.5]
?[0m?[0;34m	at org.apache.catalina.core.ApplicationFilterChain.lambda$doFilter$0(ApplicationFilterChain.java:141) ~[tomcat-embed-core-10.1.5.jar:10.1.5]
?[0m?[0;34m	at java.base/java.security.AccessController.doPrivileged(AccessController.java:569) ~[na:na]
?[0m?[0;34m	at org.apache.catalina.core.ApplicationFilterChain.doFilter(ApplicationFilterChain.java:139) ~[tomcat-embed-core-10.1.5.jar:10.1.5]
?[0m?[0;34m	at org.springframework.web.filter.FormContentFilter.doFilterInternal(FormContentFilter.java:93) ~[spring-web-6.0.4.jar:6.0.4]
?[0m?[0;34m	at org.springframework.web.filter.OncePerRequestFilter.doFilter(OncePerRequestFilter.java:116) ~[spring-web-6.0.4.jar:6.0.4]
?[0m?[0;34m	at jdk.internal.reflect.GeneratedMethodAccessor11.invoke(Unknown Source) ~[na:na]
?[0m?[0;34m	at java.base/jdk.internal.reflect.DelegatingMethodAccessorImpl.invoke(DelegatingMethodAccessorImpl.java:43) ~[na:na]
?[0m?[0;34m	at java.base/java.lang.reflect.Method.invoke(Method.java:568) ~[na:na]
?[0m?[0;34m	at org.apache.catalina.security.SecurityUtil.lambda$execute$0(SecurityUtil.java:281) ~[tomcat-embed-core-10.1.5.jar:10.1.5]
?[0m?[0;34m	at java.base/java.security.AccessController.doPrivileged(AccessController.java:712) ~[na:na]
?[0m?[0;34m	at java.base/javax.security.auth.Subject.doAsPrivileged(Subject.java:584) ~[na:na]
?[0m?[0;34m	at org.apache.catalina.security.SecurityUtil.execute(SecurityUtil.java:312) ~[tomcat-embed-core-10.1.5.jar:10.1.5]
?[0m?[0;34m	at org.apache.catalina.security.SecurityUtil.doAsPrivilege(SecurityUtil.java:254) ~[tomcat-embed-core-10.1.5.jar:10.1.5]
?[0m?[0;34m	at org.apache.catalina.core.ApplicationFilterChain.internalDoFilter(ApplicationFilterChain.java:183) ~[tomcat-embed-core-10.1.5.jar:10.1.5]
?[0m?[0;34m	at org.apache.catalina.core.ApplicationFilterChain.lambda$doFilter$0(ApplicationFilterChain.java:141) ~[tomcat-embed-core-10.1.5.jar:10.1.5]
?[0m?[0;34m	at java.base/java.security.AccessController.doPrivileged(AccessController.java:569) ~[na:na]
?[0m?[0;34m	at org.apache.catalina.core.ApplicationFilterChain.doFilter(ApplicationFilterChain.java:139) ~[tomcat-embed-core-10.1.5.jar:10.1.5]
?[0m?[0;34m	at org.springframework.web.filter.ServerHttpObservationFilter.doFilterInternal(ServerHttpObservationFilter.java:109) ~[spring-web-6.0.4.jar:6.0.4]
?[0m?[0;34m	at org.springframework.web.filter.OncePerRequestFilter.doFilter(OncePerRequestFilter.java:116) ~[spring-web-6.0.4.jar:6.0.4]
?[0m?[0;34m	at jdk.internal.reflect.GeneratedMethodAccessor11.invoke(Unknown Source) ~[na:na]
?[0m?[0;34m	at java.base/jdk.internal.reflect.DelegatingMethodAccessorImpl.invoke(DelegatingMethodAccessorImpl.java:43) ~[na:na]
?[0m?[0;34m	at java.base/java.lang.reflect.Method.invoke(Method.java:568) ~[na:na]
?[0m?[0;34m	at org.apache.catalina.security.SecurityUtil.lambda$execute$0(SecurityUtil.java:281) ~[tomcat-embed-core-10.1.5.jar:10.1.5]
?[0m?[0;34m	at java.base/java.security.AccessController.doPrivileged(AccessController.java:712) ~[na:na]
?[0m?[0;34m	at java.base/javax.security.auth.Subject.doAsPrivileged(Subject.java:584) ~[na:na]
?[0m?[0;34m	at org.apache.catalina.security.SecurityUtil.execute(SecurityUtil.java:312) ~[tomcat-embed-core-10.1.5.jar:10.1.5]
?[0m?[0;34m	at org.apache.catalina.security.SecurityUtil.doAsPrivilege(SecurityUtil.java:254) ~[tomcat-embed-core-10.1.5.jar:10.1.5]
?[0m?[0;34m	at org.apache.catalina.core.ApplicationFilterChain.internalDoFilter(ApplicationFilterChain.java:183) ~[tomcat-embed-core-10.1.5.jar:10.1.5]
?[0m?[0;34m	at org.apache.catalina.core.ApplicationFilterChain.lambda$doFilter$0(ApplicationFilterChain.java:141) ~[tomcat-embed-core-10.1.5.jar:10.1.5]
?[0m?[0;34m	at java.base/java.security.AccessController.doPrivileged(AccessController.java:569) ~[na:na]
?[0m?[0;34m	at org.apache.catalina.core.ApplicationFilterChain.doFilter(ApplicationFilterChain.java:139) ~[tomcat-embed-core-10.1.5.jar:10.1.5]
?[0m?[0;34m	at org.springframework.web.filter.CharacterEncodingFilter.doFilterInternal(CharacterEncodingFilter.java:201) ~[spring-web-6.0.4.jar:6.0.4]
?[0m?[0;34m	at org.springframework.web.filter.OncePerRequestFilter.doFilter(OncePerRequestFilter.java:116) ~[spring-web-6.0.4.jar:6.0.4]
?[0m?[0;34m	at jdk.internal.reflect.GeneratedMethodAccessor11.invoke(Unknown Source) ~[na:na]
?[0m?[0;34m	at java.base/jdk.internal.reflect.DelegatingMethodAccessorImpl.invoke(DelegatingMethodAccessorImpl.java:43) ~[na:na]
?[0m?[0;34m	at java.base/java.lang.reflect.Method.invoke(Method.java:568) ~[na:na]
?[0m?[0;34m	at org.apache.catalina.security.SecurityUtil.lambda$execute$0(SecurityUtil.java:281) ~[tomcat-embed-core-10.1.5.jar:10.1.5]
?[0m?[0;34m	at java.base/java.security.AccessController.doPrivileged(AccessController.java:712) ~[na:na]
?[0m?[0;34m	at java.base/javax.security.auth.Subject.doAsPrivileged(Subject.java:584) ~[na:na]
?[0m?[0;34m	at org.apache.catalina.security.SecurityUtil.execute(SecurityUtil.java:312) ~[tomcat-embed-core-10.1.5.jar:10.1.5]
?[0m?[0;34m	at org.apache.catalina.security.SecurityUtil.doAsPrivilege(SecurityUtil.java:254) ~[tomcat-embed-core-10.1.5.jar:10.1.5]
?[0m?[0;34m	at org.apache.catalina.core.ApplicationFilterChain.internalDoFilter(ApplicationFilterChain.java:183) ~[tomcat-embed-core-10.1.5.jar:10.1.5]
?[0m?[0;34m	at org.apache.catalina.core.ApplicationFilterChain.lambda$doFilter$0(ApplicationFilterChain.java:141) ~[tomcat-embed-core-10.1.5.jar:10.1.5]
?[0m?[0;34m	at java.base/java.security.AccessController.doPrivileged(AccessController.java:569) ~[na:na]
?[0m?[0;34m	at org.apache.catalina.core.ApplicationFilterChain.doFilter(ApplicationFilterChain.java:139) ~[tomcat-embed-core-10.1.5.jar:10.1.5]
?[0m?[0;34m	at org.apache.catalina.core.StandardWrapperValve.invoke(StandardWrapperValve.java:177) ~[tomcat-embed-core-10.1.5.jar:10.1.5]
?[0m?[0;34m	at org.apache.catalina.core.StandardContextValve.invoke(StandardContextValve.java:97) ~[tomcat-embed-core-10.1.5.jar:10.1.5]
?[0m?[0;34m	at org.apache.catalina.authenticator.AuthenticatorBase.invoke(AuthenticatorBase.java:542) ~[tomcat-embed-core-10.1.5.jar:10.1.5]
?[0m?[0;34m	at org.apache.catalina.core.StandardHostValve.invoke(StandardHostValve.java:119) ~[tomcat-embed-core-10.1.5.jar:10.1.5]
?[0m?[0;34m	at org.apache.catalina.valves.ErrorReportValve.invoke(ErrorReportValve.java:92) ~[tomcat-embed-core-10.1.5.jar:10.1.5]
?[0m?[0;34m	at org.apache.catalina.core.StandardEngineValve.invoke(StandardEngineValve.java:78) ~[tomcat-embed-core-10.1.5.jar:10.1.5]
?[0m?[0;34m	at org.apache.catalina.connector.CoyoteAdapter.service(CoyoteAdapter.java:357) ~[tomcat-embed-core-10.1.5.jar:10.1.5]
?[0m?[0;34m	at org.apache.coyote.http11.Http11Processor.service(Http11Processor.java:400) ~[tomcat-embed-core-10.1.5.jar:10.1.5]
?[0m?[0;34m	at org.apache.coyote.AbstractProcessorLight.process(AbstractProcessorLight.java:65) ~[tomcat-embed-core-10.1.5.jar:10.1.5]
?[0m?[0;34m	at org.apache.coyote.AbstractProtocol$ConnectionHandler.process(AbstractProtocol.java:859) ~[tomcat-embed-core-10.1.5.jar:10.1.5]
?[0m?[0;34m	at org.apache.tomcat.util.net.NioEndpoint$SocketProcessor.doRun(NioEndpoint.java:1734) ~[tomcat-embed-core-10.1.5.jar:10.1.5]
?[0m?[0;34m	at org.apache.tomcat.util.net.SocketProcessorBase.run(SocketProcessorBase.java:52) ~[tomcat-embed-core-10.1.5.jar:10.1.5]
?[0m?[0;34m	at org.apache.tomcat.util.threads.ThreadPoolExecutor.runWorker(ThreadPoolExecutor.java:1191) ~[tomcat-embed-core-10.1.5.jar:10.1.5]
?[0m?[0;34m	at org.apache.tomcat.util.threads.ThreadPoolExecutor$Worker.run(ThreadPoolExecutor.java:659) ~[tomcat-embed-core-10.1.5.jar:10.1.5]
?[0m?[0;34m	at org.apache.tomcat.util.threads.TaskThread$WrappingRunnable.run(TaskThread.java:61) ~[tomcat-embed-core-10.1.5.jar:10.1.5]
?[0m?[0;34m	at java.base/java.lang.Thread.run(Thread.java:833) ~[na:na]
?[0m?[0;34m
?[0m?[0;34m?[2m2023-08-22T13:43:44.903+02:00?[0;39m ?[32mDEBUG?[0;39m ?[35m18216?[0;39m ?[2m---?[0;39m ?[2m[io-28852-exec-8]?[0;39m ?[36ms.w.a.DelegatingAuthenticationEntryPoint?[0;39m ?[2m:?[0;39m Trying to match using RequestHeaderRequestMatcher [expectedHeaderName=X-Requested-With, expectedHeaderValue=XMLHttpRequest]
?[0m?[0;34m?[2m2023-08-22T13:43:44.903+02:00?[0;39m ?[32mDEBUG?[0;39m ?[35m18216?[0;39m ?[2m---?[0;39m ?[2m[io-28852-exec-8]?[0;39m ?[36ms.w.a.DelegatingAuthenticationEntryPoint?[0;39m ?[2m:?[0;39m No match found. Using default entry point org.springframework.security.web.authentication.www.BasicAuthenticationEntryPoint@a99e0e6
?[0m?[0;34m?[2m2023-08-22T13:43:44.903+02:00?[0;39m ?[32mTRACE?[0;39m ?[35m18216?[0;39m ?[2m---?[0;39m ?[2m[io-28852-exec-8]?[0;39m ?[36mo.s.s.w.header.writers.HstsHeaderWriter ?[0;39m ?[2m:?[0;39m Not injecting HSTS header since it did not match request to [Is Secure]
?[0m?[0;34m?[2m2023-08-22T13:43:44.904+02:00?[0;39m ?[32mTRACE?[0;39m ?[35m18216?[0;39m ?[2m---?[0;39m ?[2m[io-28852-exec-8]?[0;39m ?[36mo.s.security.web.FilterChainProxy       ?[0;39m ?[2m:?[0;39m Trying to match request against DefaultSecurityFilterChain [RequestMatcher=any request, Filters=[org.springframework.security.web.session.DisableEncodeUrlFilter@5d51203b, org.springframework.security.web.context.request.async.WebAsyncManagerIntegrationFilter@32be672d, org.springframework.security.web.context.SecurityContextHolderFilter@74f54f8e, org.springframework.security.web.header.HeaderWriterFilter@157ff8f8, org.springframework.security.web.authentication.logout.LogoutFilter@72364a40, org.springframework.security.web.authentication.www.BasicAuthenticationFilter@a23b96b, org.springframework.security.web.savedrequest.RequestCacheAwareFilter@59b8a801, org.springframework.security.web.servletapi.SecurityContextHolderAwareRequestFilter@5aa026e9, org.springframework.security.web.authentication.AnonymousAuthenticationFilter@23e54c8a, org.springframework.security.web.session.SessionManagementFilter@79e3f444, org.springframework.security.web.access.ExceptionTranslationFilter@17a756db, org.springframework.security.web.access.intercept.AuthorizationFilter@55e75ce0]] (1/1)
?[0m?[0;34m?[2m2023-08-22T13:43:44.904+02:00?[0;39m ?[32mDEBUG?[0;39m ?[35m18216?[0;39m ?[2m---?[0;39m ?[2m[io-28852-exec-8]?[0;39m ?[36mo.s.security.web.FilterChainProxy       ?[0;39m ?[2m:?[0;39m Securing GET /error
?[0m?[0;34m?[2m2023-08-22T13:43:44.904+02:00?[0;39m ?[32mTRACE?[0;39m ?[35m18216?[0;39m ?[2m---?[0;39m ?[2m[io-28852-exec-8]?[0;39m ?[36mo.s.security.web.FilterChainProxy       ?[0;39m ?[2m:?[0;39m Invoking DisableEncodeUrlFilter (1/12)
?[0m?[0;34m?[2m2023-08-22T13:43:44.904+02:00?[0;39m ?[32mTRACE?[0;39m ?[35m18216?[0;39m ?[2m---?[0;39m ?[2m[io-28852-exec-8]?[0;39m ?[36mo.s.security.web.FilterChainProxy       ?[0;39m ?[2m:?[0;39m Invoking WebAsyncManagerIntegrationFilter (2/12)
?[0m?[0;34m?[2m2023-08-22T13:43:44.904+02:00?[0;39m ?[32mTRACE?[0;39m ?[35m18216?[0;39m ?[2m---?[0;39m ?[2m[io-28852-exec-8]?[0;39m ?[36mo.s.security.web.FilterChainProxy       ?[0;39m ?[2m:?[0;39m Invoking SecurityContextHolderFilter (3/12)
?[0m?[0;34m?[2m2023-08-22T13:43:44.904+02:00?[0;39m ?[32mTRACE?[0;39m ?[35m18216?[0;39m ?[2m---?[0;39m ?[2m[io-28852-exec-8]?[0;39m ?[36mo.s.security.web.FilterChainProxy       ?[0;39m ?[2m:?[0;39m Invoking HeaderWriterFilter (4/12)
?[0m?[0;34m?[2m2023-08-22T13:43:44.904+02:00?[0;39m ?[32mTRACE?[0;39m ?[35m18216?[0;39m ?[2m---?[0;39m ?[2m[io-28852-exec-8]?[0;39m ?[36mo.s.security.web.FilterChainProxy       ?[0;39m ?[2m:?[0;39m Invoking LogoutFilter (5/12)
?[0m?[0;34m?[2m2023-08-22T13:43:44.904+02:00?[0;39m ?[32mTRACE?[0;39m ?[35m18216?[0;39m ?[2m---?[0;39m ?[2m[io-28852-exec-8]?[0;39m ?[36mo.s.s.w.a.logout.LogoutFilter           ?[0;39m ?[2m:?[0;39m Did not match request to Or [Ant [pattern='/logout', GET], Ant [pattern='/logout', POST], Ant [pattern='/logout', PUT], Ant [pattern='/logout', DELETE]]
?[0m?[0;34m?[2m2023-08-22T13:43:44.904+02:00?[0;39m ?[32mTRACE?[0;39m ?[35m18216?[0;39m ?[2m---?[0;39m ?[2m[io-28852-exec-8]?[0;39m ?[36mo.s.security.web.FilterChainProxy       ?[0;39m ?[2m:?[0;39m Invoking BasicAuthenticationFilter (6/12)
?[0m?[0;34m?[2m2023-08-22T13:43:44.904+02:00?[0;39m ?[32mTRACE?[0;39m ?[35m18216?[0;39m ?[2m---?[0;39m ?[2m[io-28852-exec-8]?[0;39m ?[36mo.s.security.web.FilterChainProxy       ?[0;39m ?[2m:?[0;39m Invoking RequestCacheAwareFilter (7/12)
?[0m?[0;34m?[2m2023-08-22T13:43:44.904+02:00?[0;39m ?[32mTRACE?[0;39m ?[35m18216?[0;39m ?[2m---?[0;39m ?[2m[io-28852-exec-8]?[0;39m ?[36mo.s.security.web.FilterChainProxy       ?[0;39m ?[2m:?[0;39m Invoking SecurityContextHolderAwareRequestFilter (8/12)
?[0m?[0;34m?[2m2023-08-22T13:43:44.904+02:00?[0;39m ?[32mTRACE?[0;39m ?[35m18216?[0;39m ?[2m---?[0;39m ?[2m[io-28852-exec-8]?[0;39m ?[36mo.s.security.web.FilterChainProxy       ?[0;39m ?[2m:?[0;39m Invoking AnonymousAuthenticationFilter (9/12)
?[0m?[0;34m?[2m2023-08-22T13:43:44.904+02:00?[0;39m ?[32mTRACE?[0;39m ?[35m18216?[0;39m ?[2m---?[0;39m ?[2m[io-28852-exec-8]?[0;39m ?[36mo.s.security.web.FilterChainProxy       ?[0;39m ?[2m:?[0;39m Invoking SessionManagementFilter (10/12)
?[0m?[0;34m?[2m2023-08-22T13:43:44.904+02:00?[0;39m ?[32mTRACE?[0;39m ?[35m18216?[0;39m ?[2m---?[0;39m ?[2m[io-28852-exec-8]?[0;39m ?[36m.s.s.w.c.SupplierDeferredSecurityContext?[0;39m ?[2m:?[0;39m Created SecurityContextImpl [Null authentication]
?[0m?[0;34m?[2m2023-08-22T13:43:44.904+02:00?[0;39m ?[32mTRACE?[0;39m ?[35m18216?[0;39m ?[2m---?[0;39m ?[2m[io-28852-exec-8]?[0;39m ?[36mo.s.s.w.a.AnonymousAuthenticationFilter ?[0;39m ?[2m:?[0;39m Set SecurityContextHolder to AnonymousAuthenticationToken [Principal=anonymousUser, Credentials=[PROTECTED], Authenticated=true, Details=WebAuthenticationDetails [RemoteIpAddress=127.0.0.1, SessionId=null], Granted Authorities=[ROLE_ANONYMOUS]]
?[0m?[0;34m?[2m2023-08-22T13:43:44.904+02:00?[0;39m ?[32mTRACE?[0;39m ?[35m18216?[0;39m ?[2m---?[0;39m ?[2m[io-28852-exec-8]?[0;39m ?[36mo.s.security.web.FilterChainProxy       ?[0;39m ?[2m:?[0;39m Invoking ExceptionTranslationFilter (11/12)
?[0m?[0;34m?[2m2023-08-22T13:43:44.904+02:00?[0;39m ?[32mTRACE?[0;39m ?[35m18216?[0;39m ?[2m---?[0;39m ?[2m[io-28852-exec-8]?[0;39m ?[36mo.s.security.web.FilterChainProxy       ?[0;39m ?[2m:?[0;39m Invoking AuthorizationFilter (12/12)
?[0m?[0;34m?[2m2023-08-22T13:43:44.905+02:00?[0;39m ?[32mTRACE?[0;39m ?[35m18216?[0;39m ?[2m---?[0;39m ?[2m[io-28852-exec-8]?[0;39m ?[36mestMatcherDelegatingAuthorizationManager?[0;39m ?[2m:?[0;39m Authorizing SecurityContextHolderAwareRequestWrapper[ FirewalledRequest[ org.apache.catalina.core.ApplicationHttpRequest@374999f2]]
?[0m?[0;34m?[2m2023-08-22T13:43:44.905+02:00?[0;39m ?[32mTRACE?[0;39m ?[35m18216?[0;39m ?[2m---?[0;39m ?[2m[io-28852-exec-8]?[0;39m ?[36mestMatcherDelegatingAuthorizationManager?[0;39m ?[2m:?[0;39m Checking authorization on SecurityContextHolderAwareRequestWrapper[ FirewalledRequest[ org.apache.catalina.core.ApplicationHttpRequest@374999f2]] using org.springframework.security.config.annotation.web.configurers.AuthorizeHttpRequestsConfigurer$$Lambda$1316/0x0000000100a4d140@528cc85a
?[0m?[0;34m?[2m2023-08-22T13:43:44.905+02:00?[0;39m ?[32mDEBUG?[0;39m ?[35m18216?[0;39m ?[2m---?[0;39m ?[2m[io-28852-exec-8]?[0;39m ?[36mo.s.security.web.FilterChainProxy       ?[0;39m ?[2m:?[0;39m Secured GET /error
?[1;31m
Start test 25?[0m
?[0m?[0;34m?[2m2023-08-22T13:43:44.911+02:00?[0;39m ?[32mTRACE?[0;39m ?[35m18216?[0;39m ?[2m---?[0;39m ?[2m[io-28852-exec-9]?[0;39m ?[36mo.s.security.web.FilterChainProxy       ?[0;39m ?[2m:?[0;39m Trying to match request against DefaultSecurityFilterChain [RequestMatcher=any request, Filters=[org.springframework.security.web.session.DisableEncodeUrlFilter@5d51203b, org.springframework.security.web.context.request.async.WebAsyncManagerIntegrationFilter@32be672d, org.springframework.security.web.context.SecurityContextHolderFilter@74f54f8e, org.springframework.security.web.header.HeaderWriterFilter@157ff8f8, org.springframework.security.web.authentication.logout.LogoutFilter@72364a40, org.springframework.security.web.authentication.www.BasicAuthenticationFilter@a23b96b, org.springframework.security.web.savedrequest.RequestCacheAwareFilter@59b8a801, org.springframework.security.web.servletapi.SecurityContextHolderAwareRequestFilter@5aa026e9, org.springframework.security.web.authentication.AnonymousAuthenticationFilter@23e54c8a, org.springframework.security.web.session.SessionManagementFilter@79e3f444, org.springframework.security.web.access.ExceptionTranslationFilter@17a756db, org.springframework.security.web.access.intercept.AuthorizationFilter@55e75ce0]] (1/1)
?[0m?[0;34m?[2m2023-08-22T13:43:44.911+02:00?[0;39m ?[32mDEBUG?[0;39m ?[35m18216?[0;39m ?[2m---?[0;39m ?[2m[io-28852-exec-9]?[0;39m ?[36mo.s.security.web.FilterChainProxy       ?[0;39m ?[2m:?[0;39m Securing GET /api/empl/payment
?[0m?[0;34m?[2m2023-08-22T13:43:44.911+02:00?[0;39m ?[32mTRACE?[0;39m ?[35m18216?[0;39m ?[2m---?[0;39m ?[2m[io-28852-exec-9]?[0;39m ?[36mo.s.security.web.FilterChainProxy       ?[0;39m ?[2m:?[0;39m Invoking DisableEncodeUrlFilter (1/12)
?[0m?[0;34m?[2m2023-08-22T13:43:44.911+02:00?[0;39m ?[32mTRACE?[0;39m ?[35m18216?[0;39m ?[2m---?[0;39m ?[2m[io-28852-exec-9]?[0;39m ?[36mo.s.security.web.FilterChainProxy       ?[0;39m ?[2m:?[0;39m Invoking WebAsyncManagerIntegrationFilter (2/12)
?[0m?[0;34m?[2m2023-08-22T13:43:44.911+02:00?[0;39m ?[32mTRACE?[0;39m ?[35m18216?[0;39m ?[2m---?[0;39m ?[2m[io-28852-exec-9]?[0;39m ?[36mo.s.security.web.FilterChainProxy       ?[0;39m ?[2m:?[0;39m Invoking SecurityContextHolderFilter (3/12)
?[0m?[0;34m?[2m2023-08-22T13:43:44.911+02:00?[0;39m ?[32mTRACE?[0;39m ?[35m18216?[0;39m ?[2m---?[0;39m ?[2m[io-28852-exec-9]?[0;39m ?[36mo.s.security.web.FilterChainProxy       ?[0;39m ?[2m:?[0;39m Invoking HeaderWriterFilter (4/12)
?[0m?[0;34m?[2m2023-08-22T13:43:44.912+02:00?[0;39m ?[32mTRACE?[0;39m ?[35m18216?[0;39m ?[2m---?[0;39m ?[2m[io-28852-exec-9]?[0;39m ?[36mo.s.security.web.FilterChainProxy       ?[0;39m ?[2m:?[0;39m Invoking LogoutFilter (5/12)
?[0m?[0;34m?[2m2023-08-22T13:43:44.912+02:00?[0;39m ?[32mTRACE?[0;39m ?[35m18216?[0;39m ?[2m---?[0;39m ?[2m[io-28852-exec-9]?[0;39m ?[36mo.s.s.w.a.logout.LogoutFilter           ?[0;39m ?[2m:?[0;39m Did not match request to Or [Ant [pattern='/logout', GET], Ant [pattern='/logout', POST], Ant [pattern='/logout', PUT], Ant [pattern='/logout', DELETE]]
?[0m?[0;34m?[2m2023-08-22T13:43:44.912+02:00?[0;39m ?[32mTRACE?[0;39m ?[35m18216?[0;39m ?[2m---?[0;39m ?[2m[io-28852-exec-9]?[0;39m ?[36mo.s.security.web.FilterChainProxy       ?[0;39m ?[2m:?[0;39m Invoking BasicAuthenticationFilter (6/12)
?[0m?[0;34m?[2m2023-08-22T13:43:44.912+02:00?[0;39m ?[32mTRACE?[0;39m ?[35m18216?[0;39m ?[2m---?[0;39m ?[2m[io-28852-exec-9]?[0;39m ?[36mo.s.s.w.a.www.BasicAuthenticationFilter ?[0;39m ?[2m:?[0;39m Found username 'maxmustermann@acme.com' in Basic Authorization header
?[0m?[0;34m?[2m2023-08-22T13:43:44.912+02:00?[0;39m ?[32mTRACE?[0;39m ?[35m18216?[0;39m ?[2m---?[0;39m ?[2m[io-28852-exec-9]?[0;39m ?[36m.s.s.w.c.SupplierDeferredSecurityContext?[0;39m ?[2m:?[0;39m Created SecurityContextImpl [Null authentication]
?[0m?[0;34m?[2m2023-08-22T13:43:44.912+02:00?[0;39m ?[32mTRACE?[0;39m ?[35m18216?[0;39m ?[2m---?[0;39m ?[2m[io-28852-exec-9]?[0;39m ?[36mo.s.s.authentication.ProviderManager    ?[0;39m ?[2m:?[0;39m Authenticating request with DaoAuthenticationProvider (1/1)
?[0m?[0;34mHibernate: select u1_0.id,u1_0.email,u1_0.lastname,u1_0.name,u1_0.password from users u1_0 where upper(u1_0.email)=upper(?)
?[0m?[0;34m?[2m2023-08-22T13:43:44.971+02:00?[0;39m ?[32mDEBUG?[0;39m ?[35m18216?[0;39m ?[2m---?[0;39m ?[2m[io-28852-exec-9]?[0;39m ?[36mo.s.s.a.dao.DaoAuthenticationProvider   ?[0;39m ?[2m:?[0;39m Failed to authenticate since password does not match stored value
?[0m?[0;34m?[2m2023-08-22T13:43:44.972+02:00?[0;39m ?[32mDEBUG?[0;39m ?[35m18216?[0;39m ?[2m---?[0;39m ?[2m[io-28852-exec-9]?[0;39m ?[36mo.s.s.w.a.www.BasicAuthenticationFilter ?[0;39m ?[2m:?[0;39m Failed to process authentication request
?[0m?[0;34m
?[0m?[0;34morg.springframework.security.authentication.BadCredentialsException: Bad credentials
?[0m?[0;34m	at org.springframework.security.authentication.dao.DaoAuthenticationProvider.additionalAuthenticationChecks(DaoAuthenticationProvider.java:80) ~[spring-security-core-6.0.1.jar:6.0.1]
?[0m?[0;34m	at org.springframework.security.authentication.dao.AbstractUserDetailsAuthenticationProvider.authenticate(AbstractUserDetailsAuthenticationProvider.java:147) ~[spring-security-core-6.0.1.jar:6.0.1]
?[0m?[0;34m	at org.springframework.security.authentication.ProviderManager.authenticate(ProviderManager.java:182) ~[spring-security-core-6.0.1.jar:6.0.1]
?[0m?[0;34m	at org.springframework.security.authentication.ProviderManager.authenticate(ProviderManager.java:201) ~[spring-security-core-6.0.1.jar:6.0.1]
?[0m?[0;34m	at org.springframework.security.authentication.ObservationAuthenticationManager.lambda$authenticate$1(ObservationAuthenticationManager.java:53) ~[spring-security-core-6.0.1.jar:6.0.1]
?[0m?[0;34m	at io.micrometer.observation.Observation.observe(Observation.java:559) ~[micrometer-observation-1.10.3.jar:1.10.3]
?[0m?[0;34m	at org.springframework.security.authentication.ObservationAuthenticationManager.authenticate(ObservationAuthenticationManager.java:52) ~[spring-security-core-6.0.1.jar:6.0.1]
?[0m?[0;34m	at org.springframework.security.web.authentication.www.BasicAuthenticationFilter.doFilterInternal(BasicAuthenticationFilter.java:176) ~[spring-security-web-6.0.1.jar:6.0.1]
?[0m?[0;34m	at org.springframework.web.filter.OncePerRequestFilter.doFilter(OncePerRequestFilter.java:116) ~[spring-web-6.0.4.jar:6.0.4]
?[0m?[0;34m	at org.springframework.security.web.ObservationFilterChainDecorator$ObservationFilter.wrapFilter(ObservationFilterChainDecorator.java:186) ~[spring-security-web-6.0.1.jar:6.0.1]
?[0m?[0;34m	at org.springframework.security.web.ObservationFilterChainDecorator$ObservationFilter.doFilter(ObservationFilterChainDecorator.java:173) ~[spring-security-web-6.0.1.jar:6.0.1]
?[0m?[0;34m	at org.springframework.security.web.ObservationFilterChainDecorator$VirtualFilterChain.doFilter(ObservationFilterChainDecorator.java:134) ~[spring-security-web-6.0.1.jar:6.0.1]
?[0m?[0;34m	at org.springframework.security.web.authentication.logout.LogoutFilter.doFilter(LogoutFilter.java:107) ~[spring-security-web-6.0.1.jar:6.0.1]
?[0m?[0;34m	at org.springframework.security.web.authentication.logout.LogoutFilter.doFilter(LogoutFilter.java:93) ~[spring-security-web-6.0.1.jar:6.0.1]
?[0m?[0;34m	at org.springframework.security.web.ObservationFilterChainDecorator$ObservationFilter.wrapFilter(ObservationFilterChainDecorator.java:186) ~[spring-security-web-6.0.1.jar:6.0.1]
?[0m?[0;34m	at org.springframework.security.web.ObservationFilterChainDecorator$ObservationFilter.doFilter(ObservationFilterChainDecorator.java:173) ~[spring-security-web-6.0.1.jar:6.0.1]
?[0m?[0;34m	at org.springframework.security.web.ObservationFilterChainDecorator$VirtualFilterChain.doFilter(ObservationFilterChainDecorator.java:134) ~[spring-security-web-6.0.1.jar:6.0.1]
?[0m?[0;34m	at org.springframework.security.web.header.HeaderWriterFilter.doHeadersAfter(HeaderWriterFilter.java:90) ~[spring-security-web-6.0.1.jar:6.0.1]
?[0m?[0;34m	at org.springframework.security.web.header.HeaderWriterFilter.doFilterInternal(HeaderWriterFilter.java:75) ~[spring-security-web-6.0.1.jar:6.0.1]
?[0m?[0;34m	at org.springframework.web.filter.OncePerRequestFilter.doFilter(OncePerRequestFilter.java:116) ~[spring-web-6.0.4.jar:6.0.4]
?[0m?[0;34m	at org.springframework.security.web.ObservationFilterChainDecorator$ObservationFilter.wrapFilter(ObservationFilterChainDecorator.java:186) ~[spring-security-web-6.0.1.jar:6.0.1]
?[0m?[0;34m	at org.springframework.security.web.ObservationFilterChainDecorator$ObservationFilter.doFilter(ObservationFilterChainDecorator.java:173) ~[spring-security-web-6.0.1.jar:6.0.1]
?[0m?[0;34m	at org.springframework.security.web.ObservationFilterChainDecorator$VirtualFilterChain.doFilter(ObservationFilterChainDecorator.java:134) ~[spring-security-web-6.0.1.jar:6.0.1]
?[0m?[0;34m	at org.springframework.security.web.context.SecurityContextHolderFilter.doFilter(SecurityContextHolderFilter.java:82) ~[spring-security-web-6.0.1.jar:6.0.1]
?[0m?[0;34m	at org.springframework.security.web.context.SecurityContextHolderFilter.doFilter(SecurityContextHolderFilter.java:69) ~[spring-security-web-6.0.1.jar:6.0.1]
?[0m?[0;34m	at org.springframework.security.web.ObservationFilterChainDecorator$ObservationFilter.wrapFilter(ObservationFilterChainDecorator.java:186) ~[spring-security-web-6.0.1.jar:6.0.1]
?[0m?[0;34m	at org.springframework.security.web.ObservationFilterChainDecorator$ObservationFilter.doFilter(ObservationFilterChainDecorator.java:173) ~[spring-security-web-6.0.1.jar:6.0.1]
?[0m?[0;34m	at org.springframework.security.web.ObservationFilterChainDecorator$VirtualFilterChain.doFilter(ObservationFilterChainDecorator.java:134) ~[spring-security-web-6.0.1.jar:6.0.1]
?[0m?[0;34m	at org.springframework.security.web.context.request.async.WebAsyncManagerIntegrationFilter.doFilterInternal(WebAsyncManagerIntegrationFilter.java:62) ~[spring-security-web-6.0.1.jar:6.0.1]
?[0m?[0;34m	at org.springframework.web.filter.OncePerRequestFilter.doFilter(OncePerRequestFilter.java:116) ~[spring-web-6.0.4.jar:6.0.4]
?[0m?[0;34m	at org.springframework.security.web.ObservationFilterChainDecorator$ObservationFilter.wrapFilter(ObservationFilterChainDecorator.java:186) ~[spring-security-web-6.0.1.jar:6.0.1]
?[0m?[0;34m	at org.springframework.security.web.ObservationFilterChainDecorator$ObservationFilter.doFilter(ObservationFilterChainDecorator.java:173) ~[spring-security-web-6.0.1.jar:6.0.1]
?[0m?[0;34m	at org.springframework.security.web.ObservationFilterChainDecorator$VirtualFilterChain.doFilter(ObservationFilterChainDecorator.java:134) ~[spring-security-web-6.0.1.jar:6.0.1]
?[0m?[0;34m	at org.springframework.security.web.session.DisableEncodeUrlFilter.doFilterInternal(DisableEncodeUrlFilter.java:42) ~[spring-security-web-6.0.1.jar:6.0.1]
?[0m?[0;34m	at org.springframework.web.filter.OncePerRequestFilter.doFilter(OncePerRequestFilter.java:116) ~[spring-web-6.0.4.jar:6.0.4]
?[0m?[0;34m	at org.springframework.security.web.ObservationFilterChainDecorator$ObservationFilter.wrapFilter(ObservationFilterChainDecorator.java:186) ~[spring-security-web-6.0.1.jar:6.0.1]
?[0m?[0;34m	at org.springframework.security.web.ObservationFilterChainDecorator$AroundFilterObservation$SimpleAroundFilterObservation.lambda$wrap$0(ObservationFilterChainDecorator.java:280) ~[spring-security-web-6.0.1.jar:6.0.1]
?[0m?[0;34m	at org.springframework.security.web.ObservationFilterChainDecorator$ObservationFilter.doFilter(ObservationFilterChainDecorator.java:170) ~[spring-security-web-6.0.1.jar:6.0.1]
?[0m?[0;34m	at org.springframework.security.web.ObservationFilterChainDecorator$VirtualFilterChain.doFilter(ObservationFilterChainDecorator.java:134) ~[spring-security-web-6.0.1.jar:6.0.1]
?[0m?[0;34m	at org.springframework.security.web.FilterChainProxy.doFilterInternal(FilterChainProxy.java:233) ~[spring-security-web-6.0.1.jar:6.0.1]
?[0m?[0;34m	at org.springframework.security.web.FilterChainProxy.doFilter(FilterChainProxy.java:191) ~[spring-security-web-6.0.1.jar:6.0.1]
?[0m?[0;34m	at org.springframework.web.filter.DelegatingFilterProxy.invokeDelegate(DelegatingFilterProxy.java:351) ~[spring-web-6.0.4.jar:6.0.4]
?[0m?[0;34m	at org.springframework.web.filter.DelegatingFilterProxy.doFilter(DelegatingFilterProxy.java:267) ~[spring-web-6.0.4.jar:6.0.4]
?[0m?[0;34m	at jdk.internal.reflect.GeneratedMethodAccessor11.invoke(Unknown Source) ~[na:na]
?[0m?[0;34m	at java.base/jdk.internal.reflect.DelegatingMethodAccessorImpl.invoke(DelegatingMethodAccessorImpl.java:43) ~[na:na]
?[0m?[0;34m	at java.base/java.lang.reflect.Method.invoke(Method.java:568) ~[na:na]
?[0m?[0;34m	at org.apache.catalina.security.SecurityUtil.lambda$execute$0(SecurityUtil.java:281) ~[tomcat-embed-core-10.1.5.jar:10.1.5]
?[0m?[0;34m	at java.base/java.security.AccessController.doPrivileged(AccessController.java:712) ~[na:na]
?[0m?[0;34m	at java.base/javax.security.auth.Subject.doAsPrivileged(Subject.java:584) ~[na:na]
?[0m?[0;34m	at org.apache.catalina.security.SecurityUtil.execute(SecurityUtil.java:312) ~[tomcat-embed-core-10.1.5.jar:10.1.5]
?[0m?[0;34m	at org.apache.catalina.security.SecurityUtil.doAsPrivilege(SecurityUtil.java:254) ~[tomcat-embed-core-10.1.5.jar:10.1.5]
?[0m?[0;34m	at org.apache.catalina.core.ApplicationFilterChain.internalDoFilter(ApplicationFilterChain.java:183) ~[tomcat-embed-core-10.1.5.jar:10.1.5]
?[0m?[0;34m	at org.apache.catalina.core.ApplicationFilterChain.lambda$doFilter$0(ApplicationFilterChain.java:141) ~[tomcat-embed-core-10.1.5.jar:10.1.5]
?[0m?[0;34m	at java.base/java.security.AccessController.doPrivileged(AccessController.java:569) ~[na:na]
?[0m?[0;34m	at org.apache.catalina.core.ApplicationFilterChain.doFilter(ApplicationFilterChain.java:139) ~[tomcat-embed-core-10.1.5.jar:10.1.5]
?[0m?[0;34m	at org.springframework.web.filter.RequestContextFilter.doFilterInternal(RequestContextFilter.java:100) ~[spring-web-6.0.4.jar:6.0.4]
?[0m?[0;34m	at org.springframework.web.filter.OncePerRequestFilter.doFilter(OncePerRequestFilter.java:116) ~[spring-web-6.0.4.jar:6.0.4]
?[0m?[0;34m	at jdk.internal.reflect.GeneratedMethodAccessor11.invoke(Unknown Source) ~[na:na]
?[0m?[0;34m	at java.base/jdk.internal.reflect.DelegatingMethodAccessorImpl.invoke(DelegatingMethodAccessorImpl.java:43) ~[na:na]
?[0m?[0;34m	at java.base/java.lang.reflect.Method.invoke(Method.java:568) ~[na:na]
?[0m?[0;34m	at org.apache.catalina.security.SecurityUtil.lambda$execute$0(SecurityUtil.java:281) ~[tomcat-embed-core-10.1.5.jar:10.1.5]
?[0m?[0;34m	at java.base/java.security.AccessController.doPrivileged(AccessController.java:712) ~[na:na]
?[0m?[0;34m	at java.base/javax.security.auth.Subject.doAsPrivileged(Subject.java:584) ~[na:na]
?[0m?[0;34m	at org.apache.catalina.security.SecurityUtil.execute(SecurityUtil.java:312) ~[tomcat-embed-core-10.1.5.jar:10.1.5]
?[0m?[0;34m	at org.apache.catalina.security.SecurityUtil.doAsPrivilege(SecurityUtil.java:254) ~[tomcat-embed-core-10.1.5.jar:10.1.5]
?[0m?[0;34m	at org.apache.catalina.core.ApplicationFilterChain.internalDoFilter(ApplicationFilterChain.java:183) ~[tomcat-embed-core-10.1.5.jar:10.1.5]
?[0m?[0;34m	at org.apache.catalina.core.ApplicationFilterChain.lambda$doFilter$0(ApplicationFilterChain.java:141) ~[tomcat-embed-core-10.1.5.jar:10.1.5]
?[0m?[0;34m	at java.base/java.security.AccessController.doPrivileged(AccessController.java:569) ~[na:na]
?[0m?[0;34m	at org.apache.catalina.core.ApplicationFilterChain.doFilter(ApplicationFilterChain.java:139) ~[tomcat-embed-core-10.1.5.jar:10.1.5]
?[0m?[0;34m	at org.springframework.web.filter.FormContentFilter.doFilterInternal(FormContentFilter.java:93) ~[spring-web-6.0.4.jar:6.0.4]
?[0m?[0;34m	at org.springframework.web.filter.OncePerRequestFilter.doFilter(OncePerRequestFilter.java:116) ~[spring-web-6.0.4.jar:6.0.4]
?[0m?[0;34m	at jdk.internal.reflect.GeneratedMethodAccessor11.invoke(Unknown Source) ~[na:na]
?[0m?[0;34m	at java.base/jdk.internal.reflect.DelegatingMethodAccessorImpl.invoke(DelegatingMethodAccessorImpl.java:43) ~[na:na]
?[0m?[0;34m	at java.base/java.lang.reflect.Method.invoke(Method.java:568) ~[na:na]
?[0m?[0;34m	at org.apache.catalina.security.SecurityUtil.lambda$execute$0(SecurityUtil.java:281) ~[tomcat-embed-core-10.1.5.jar:10.1.5]
?[0m?[0;34m	at java.base/java.security.AccessController.doPrivileged(AccessController.java:712) ~[na:na]
?[0m?[0;34m	at java.base/javax.security.auth.Subject.doAsPrivileged(Subject.java:584) ~[na:na]
?[0m?[0;34m	at org.apache.catalina.security.SecurityUtil.execute(SecurityUtil.java:312) ~[tomcat-embed-core-10.1.5.jar:10.1.5]
?[0m?[0;34m	at org.apache.catalina.security.SecurityUtil.doAsPrivilege(SecurityUtil.java:254) ~[tomcat-embed-core-10.1.5.jar:10.1.5]
?[0m?[0;34m	at org.apache.catalina.core.ApplicationFilterChain.internalDoFilter(ApplicationFilterChain.java:183) ~[tomcat-embed-core-10.1.5.jar:10.1.5]
?[0m?[0;34m	at org.apache.catalina.core.ApplicationFilterChain.lambda$doFilter$0(ApplicationFilterChain.java:141) ~[tomcat-embed-core-10.1.5.jar:10.1.5]
?[0m?[0;34m	at java.base/java.security.AccessController.doPrivileged(AccessController.java:569) ~[na:na]
?[0m?[0;34m	at org.apache.catalina.core.ApplicationFilterChain.doFilter(ApplicationFilterChain.java:139) ~[tomcat-embed-core-10.1.5.jar:10.1.5]
?[0m?[0;34m	at org.springframework.web.filter.ServerHttpObservationFilter.doFilterInternal(ServerHttpObservationFilter.java:109) ~[spring-web-6.0.4.jar:6.0.4]
?[0m?[0;34m	at org.springframework.web.filter.OncePerRequestFilter.doFilter(OncePerRequestFilter.java:116) ~[spring-web-6.0.4.jar:6.0.4]
?[0m?[0;34m	at jdk.internal.reflect.GeneratedMethodAccessor11.invoke(Unknown Source) ~[na:na]
?[0m?[0;34m	at java.base/jdk.internal.reflect.DelegatingMethodAccessorImpl.invoke(DelegatingMethodAccessorImpl.java:43) ~[na:na]
?[0m?[0;34m	at java.base/java.lang.reflect.Method.invoke(Method.java:568) ~[na:na]
?[0m?[0;34m	at org.apache.catalina.security.SecurityUtil.lambda$execute$0(SecurityUtil.java:281) ~[tomcat-embed-core-10.1.5.jar:10.1.5]
?[0m?[0;34m	at java.base/java.security.AccessController.doPrivileged(AccessController.java:712) ~[na:na]
?[0m?[0;34m	at java.base/javax.security.auth.Subject.doAsPrivileged(Subject.java:584) ~[na:na]
?[0m?[0;34m	at org.apache.catalina.security.SecurityUtil.execute(SecurityUtil.java:312) ~[tomcat-embed-core-10.1.5.jar:10.1.5]
?[0m?[0;34m	at org.apache.catalina.security.SecurityUtil.doAsPrivilege(SecurityUtil.java:254) ~[tomcat-embed-core-10.1.5.jar:10.1.5]
?[0m?[0;34m	at org.apache.catalina.core.ApplicationFilterChain.internalDoFilter(ApplicationFilterChain.java:183) ~[tomcat-embed-core-10.1.5.jar:10.1.5]
?[0m?[0;34m	at org.apache.catalina.core.ApplicationFilterChain.lambda$doFilter$0(ApplicationFilterChain.java:141) ~[tomcat-embed-core-10.1.5.jar:10.1.5]
?[0m?[0;34m	at java.base/java.security.AccessController.doPrivileged(AccessController.java:569) ~[na:na]
?[0m?[0;34m	at org.apache.catalina.core.ApplicationFilterChain.doFilter(ApplicationFilterChain.java:139) ~[tomcat-embed-core-10.1.5.jar:10.1.5]
?[0m?[0;34m	at org.springframework.web.filter.CharacterEncodingFilter.doFilterInternal(CharacterEncodingFilter.java:201) ~[spring-web-6.0.4.jar:6.0.4]
?[0m?[0;34m	at org.springframework.web.filter.OncePerRequestFilter.doFilter(OncePerRequestFilter.java:116) ~[spring-web-6.0.4.jar:6.0.4]
?[0m?[0;34m	at jdk.internal.reflect.GeneratedMethodAccessor11.invoke(Unknown Source) ~[na:na]
?[0m?[0;34m	at java.base/jdk.internal.reflect.DelegatingMethodAccessorImpl.invoke(DelegatingMethodAccessorImpl.java:43) ~[na:na]
?[0m?[0;34m	at java.base/java.lang.reflect.Method.invoke(Method.java:568) ~[na:na]
?[0m?[0;34m	at org.apache.catalina.security.SecurityUtil.lambda$execute$0(SecurityUtil.java:281) ~[tomcat-embed-core-10.1.5.jar:10.1.5]
?[0m?[0;34m	at java.base/java.security.AccessController.doPrivileged(AccessController.java:712) ~[na:na]
?[0m?[0;34m	at java.base/javax.security.auth.Subject.doAsPrivileged(Subject.java:584) ~[na:na]
?[0m?[0;34m	at org.apache.catalina.security.SecurityUtil.execute(SecurityUtil.java:312) ~[tomcat-embed-core-10.1.5.jar:10.1.5]
?[0m?[0;34m	at org.apache.catalina.security.SecurityUtil.doAsPrivilege(SecurityUtil.java:254) ~[tomcat-embed-core-10.1.5.jar:10.1.5]
?[0m?[0;34m	at org.apache.catalina.core.ApplicationFilterChain.internalDoFilter(ApplicationFilterChain.java:183) ~[tomcat-embed-core-10.1.5.jar:10.1.5]
?[0m?[0;34m	at org.apache.catalina.core.ApplicationFilterChain.lambda$doFilter$0(ApplicationFilterChain.java:141) ~[tomcat-embed-core-10.1.5.jar:10.1.5]
?[0m?[0;34m	at java.base/java.security.AccessController.doPrivileged(AccessController.java:569) ~[na:na]
?[0m?[0;34m	at org.apache.catalina.core.ApplicationFilterChain.doFilter(ApplicationFilterChain.java:139) ~[tomcat-embed-core-10.1.5.jar:10.1.5]
?[0m?[0;34m	at org.apache.catalina.core.StandardWrapperValve.invoke(StandardWrapperValve.java:177) ~[tomcat-embed-core-10.1.5.jar:10.1.5]
?[0m?[0;34m	at org.apache.catalina.core.StandardContextValve.invoke(StandardContextValve.java:97) ~[tomcat-embed-core-10.1.5.jar:10.1.5]
?[0m?[0;34m	at org.apache.catalina.authenticator.AuthenticatorBase.invoke(AuthenticatorBase.java:542) ~[tomcat-embed-core-10.1.5.jar:10.1.5]
?[0m?[0;34m	at org.apache.catalina.core.StandardHostValve.invoke(StandardHostValve.java:119) ~[tomcat-embed-core-10.1.5.jar:10.1.5]
?[0m?[0;34m	at org.apache.catalina.valves.ErrorReportValve.invoke(ErrorReportValve.java:92) ~[tomcat-embed-core-10.1.5.jar:10.1.5]
?[0m?[0;34m	at org.apache.catalina.core.StandardEngineValve.invoke(StandardEngineValve.java:78) ~[tomcat-embed-core-10.1.5.jar:10.1.5]
?[0m?[0;34m	at org.apache.catalina.connector.CoyoteAdapter.service(CoyoteAdapter.java:357) ~[tomcat-embed-core-10.1.5.jar:10.1.5]
?[0m?[0;34m	at org.apache.coyote.http11.Http11Processor.service(Http11Processor.java:400) ~[tomcat-embed-core-10.1.5.jar:10.1.5]
?[0m?[0;34m	at org.apache.coyote.AbstractProcessorLight.process(AbstractProcessorLight.java:65) ~[tomcat-embed-core-10.1.5.jar:10.1.5]
?[0m?[0;34m	at org.apache.coyote.AbstractProtocol$ConnectionHandler.process(AbstractProtocol.java:859) ~[tomcat-embed-core-10.1.5.jar:10.1.5]
?[0m?[0;34m	at org.apache.tomcat.util.net.NioEndpoint$SocketProcessor.doRun(NioEndpoint.java:1734) ~[tomcat-embed-core-10.1.5.jar:10.1.5]
?[0m?[0;34m	at org.apache.tomcat.util.net.SocketProcessorBase.run(SocketProcessorBase.java:52) ~[tomcat-embed-core-10.1.5.jar:10.1.5]
?[0m?[0;34m	at org.apache.tomcat.util.threads.ThreadPoolExecutor.runWorker(ThreadPoolExecutor.java:1191) ~[tomcat-embed-core-10.1.5.jar:10.1.5]
?[0m?[0;34m	at org.apache.tomcat.util.threads.ThreadPoolExecutor$Worker.run(ThreadPoolExecutor.java:659) ~[tomcat-embed-core-10.1.5.jar:10.1.5]
?[0m?[0;34m	at org.apache.tomcat.util.threads.TaskThread$WrappingRunnable.run(TaskThread.java:61) ~[tomcat-embed-core-10.1.5.jar:10.1.5]
?[0m?[0;34m	at java.base/java.lang.Thread.run(Thread.java:833) ~[na:na]
?[0m?[0;34m
?[0m?[0;34m?[2m2023-08-22T13:43:44.974+02:00?[0;39m ?[32mDEBUG?[0;39m ?[35m18216?[0;39m ?[2m---?[0;39m ?[2m[io-28852-exec-9]?[0;39m ?[36ms.w.a.DelegatingAuthenticationEntryPoint?[0;39m ?[2m:?[0;39m Trying to match using RequestHeaderRequestMatcher [expectedHeaderName=X-Requested-With, expectedHeaderValue=XMLHttpRequest]
?[0m?[0;34m?[2m2023-08-22T13:43:44.974+02:00?[0;39m ?[32mDEBUG?[0;39m ?[35m18216?[0;39m ?[2m---?[0;39m ?[2m[io-28852-exec-9]?[0;39m ?[36ms.w.a.DelegatingAuthenticationEntryPoint?[0;39m ?[2m:?[0;39m No match found. Using default entry point org.springframework.security.web.authentication.www.BasicAuthenticationEntryPoint@a99e0e6
?[0m?[0;34m?[2m2023-08-22T13:43:44.974+02:00?[0;39m ?[32mTRACE?[0;39m ?[35m18216?[0;39m ?[2m---?[0;39m ?[2m[io-28852-exec-9]?[0;39m ?[36mo.s.s.w.header.writers.HstsHeaderWriter ?[0;39m ?[2m:?[0;39m Not injecting HSTS header since it did not match request to [Is Secure]
?[0m?[0;34m?[2m2023-08-22T13:43:44.975+02:00?[0;39m ?[32mTRACE?[0;39m ?[35m18216?[0;39m ?[2m---?[0;39m ?[2m[io-28852-exec-9]?[0;39m ?[36mo.s.security.web.FilterChainProxy       ?[0;39m ?[2m:?[0;39m Trying to match request against DefaultSecurityFilterChain [RequestMatcher=any request, Filters=[org.springframework.security.web.session.DisableEncodeUrlFilter@5d51203b, org.springframework.security.web.context.request.async.WebAsyncManagerIntegrationFilter@32be672d, org.springframework.security.web.context.SecurityContextHolderFilter@74f54f8e, org.springframework.security.web.header.HeaderWriterFilter@157ff8f8, org.springframework.security.web.authentication.logout.LogoutFilter@72364a40, org.springframework.security.web.authentication.www.BasicAuthenticationFilter@a23b96b, org.springframework.security.web.savedrequest.RequestCacheAwareFilter@59b8a801, org.springframework.security.web.servletapi.SecurityContextHolderAwareRequestFilter@5aa026e9, org.springframework.security.web.authentication.AnonymousAuthenticationFilter@23e54c8a, org.springframework.security.web.session.SessionManagementFilter@79e3f444, org.springframework.security.web.access.ExceptionTranslationFilter@17a756db, org.springframework.security.web.access.intercept.AuthorizationFilter@55e75ce0]] (1/1)
?[0m?[0;34m?[2m2023-08-22T13:43:44.975+02:00?[0;39m ?[32mDEBUG?[0;39m ?[35m18216?[0;39m ?[2m---?[0;39m ?[2m[io-28852-exec-9]?[0;39m ?[36mo.s.security.web.FilterChainProxy       ?[0;39m ?[2m:?[0;39m Securing GET /error
?[0m?[0;34m?[2m2023-08-22T13:43:44.975+02:00?[0;39m ?[32mTRACE?[0;39m ?[35m18216?[0;39m ?[2m---?[0;39m ?[2m[io-28852-exec-9]?[0;39m ?[36mo.s.security.web.FilterChainProxy       ?[0;39m ?[2m:?[0;39m Invoking DisableEncodeUrlFilter (1/12)
?[0m?[0;34m?[2m2023-08-22T13:43:44.975+02:00?[0;39m ?[32mTRACE?[0;39m ?[35m18216?[0;39m ?[2m---?[0;39m ?[2m[io-28852-exec-9]?[0;39m ?[36mo.s.security.web.FilterChainProxy       ?[0;39m ?[2m:?[0;39m Invoking WebAsyncManagerIntegrationFilter (2/12)
?[0m?[0;34m?[2m2023-08-22T13:43:44.975+02:00?[0;39m ?[32mTRACE?[0;39m ?[35m18216?[0;39m ?[2m---?[0;39m ?[2m[io-28852-exec-9]?[0;39m ?[36mo.s.security.web.FilterChainProxy       ?[0;39m ?[2m:?[0;39m Invoking SecurityContextHolderFilter (3/12)
?[0m?[0;34m?[2m2023-08-22T13:43:44.975+02:00?[0;39m ?[32mTRACE?[0;39m ?[35m18216?[0;39m ?[2m---?[0;39m ?[2m[io-28852-exec-9]?[0;39m ?[36mo.s.security.web.FilterChainProxy       ?[0;39m ?[2m:?[0;39m Invoking HeaderWriterFilter (4/12)
?[0m?[0;34m?[2m2023-08-22T13:43:44.975+02:00?[0;39m ?[32mTRACE?[0;39m ?[35m18216?[0;39m ?[2m---?[0;39m ?[2m[io-28852-exec-9]?[0;39m ?[36mo.s.security.web.FilterChainProxy       ?[0;39m ?[2m:?[0;39m Invoking LogoutFilter (5/12)
?[0m?[0;34m?[2m2023-08-22T13:43:44.975+02:00?[0;39m ?[32mTRACE?[0;39m ?[35m18216?[0;39m ?[2m---?[0;39m ?[2m[io-28852-exec-9]?[0;39m ?[36mo.s.s.w.a.logout.LogoutFilter           ?[0;39m ?[2m:?[0;39m Did not match request to Or [Ant [pattern='/logout', GET], Ant [pattern='/logout', POST], Ant [pattern='/logout', PUT], Ant [pattern='/logout', DELETE]]
?[0m?[0;34m?[2m2023-08-22T13:43:44.975+02:00?[0;39m ?[32mTRACE?[0;39m ?[35m18216?[0;39m ?[2m---?[0;39m ?[2m[io-28852-exec-9]?[0;39m ?[36mo.s.security.web.FilterChainProxy       ?[0;39m ?[2m:?[0;39m Invoking BasicAuthenticationFilter (6/12)
?[0m?[0;34m?[2m2023-08-22T13:43:44.975+02:00?[0;39m ?[32mTRACE?[0;39m ?[35m18216?[0;39m ?[2m---?[0;39m ?[2m[io-28852-exec-9]?[0;39m ?[36mo.s.security.web.FilterChainProxy       ?[0;39m ?[2m:?[0;39m Invoking RequestCacheAwareFilter (7/12)
?[0m?[0;34m?[2m2023-08-22T13:43:44.975+02:00?[0;39m ?[32mTRACE?[0;39m ?[35m18216?[0;39m ?[2m---?[0;39m ?[2m[io-28852-exec-9]?[0;39m ?[36mo.s.security.web.FilterChainProxy       ?[0;39m ?[2m:?[0;39m Invoking SecurityContextHolderAwareRequestFilter (8/12)
?[0m?[0;34m?[2m2023-08-22T13:43:44.975+02:00?[0;39m ?[32mTRACE?[0;39m ?[35m18216?[0;39m ?[2m---?[0;39m ?[2m[io-28852-exec-9]?[0;39m ?[36mo.s.security.web.FilterChainProxy       ?[0;39m ?[2m:?[0;39m Invoking AnonymousAuthenticationFilter (9/12)
?[0m?[0;34m?[2m2023-08-22T13:43:44.975+02:00?[0;39m ?[32mTRACE?[0;39m ?[35m18216?[0;39m ?[2m---?[0;39m ?[2m[io-28852-exec-9]?[0;39m ?[36mo.s.security.web.FilterChainProxy       ?[0;39m ?[2m:?[0;39m Invoking SessionManagementFilter (10/12)
?[0m?[0;34m?[2m2023-08-22T13:43:44.975+02:00?[0;39m ?[32mTRACE?[0;39m ?[35m18216?[0;39m ?[2m---?[0;39m ?[2m[io-28852-exec-9]?[0;39m ?[36m.s.s.w.c.SupplierDeferredSecurityContext?[0;39m ?[2m:?[0;39m Created SecurityContextImpl [Null authentication]
?[0m?[0;34m?[2m2023-08-22T13:43:44.975+02:00?[0;39m ?[32mTRACE?[0;39m ?[35m18216?[0;39m ?[2m---?[0;39m ?[2m[io-28852-exec-9]?[0;39m ?[36mo.s.s.w.a.AnonymousAuthenticationFilter ?[0;39m ?[2m:?[0;39m Set SecurityContextHolder to AnonymousAuthenticationToken [Principal=anonymousUser, Credentials=[PROTECTED], Authenticated=true, Details=WebAuthenticationDetails [RemoteIpAddress=127.0.0.1, SessionId=null], Granted Authorities=[ROLE_ANONYMOUS]]
?[0m?[0;34m?[2m2023-08-22T13:43:44.976+02:00?[0;39m ?[32mTRACE?[0;39m ?[35m18216?[0;39m ?[2m---?[0;39m ?[2m[io-28852-exec-9]?[0;39m ?[36mo.s.security.web.FilterChainProxy       ?[0;39m ?[2m:?[0;39m Invoking ExceptionTranslationFilter (11/12)
?[0m?[0;34m?[2m2023-08-22T13:43:44.976+02:00?[0;39m ?[32mTRACE?[0;39m ?[35m18216?[0;39m ?[2m---?[0;39m ?[2m[io-28852-exec-9]?[0;39m ?[36mo.s.security.web.FilterChainProxy       ?[0;39m ?[2m:?[0;39m Invoking AuthorizationFilter (12/12)
?[0m?[0;34m?[2m2023-08-22T13:43:44.976+02:00?[0;39m ?[32mTRACE?[0;39m ?[35m18216?[0;39m ?[2m---?[0;39m ?[2m[io-28852-exec-9]?[0;39m ?[36mestMatcherDelegatingAuthorizationManager?[0;39m ?[2m:?[0;39m Authorizing SecurityContextHolderAwareRequestWrapper[ FirewalledRequest[ org.apache.catalina.core.ApplicationHttpRequest@29de5bd9]]
?[0m?[0;34m?[2m2023-08-22T13:43:44.976+02:00?[0;39m ?[32mTRACE?[0;39m ?[35m18216?[0;39m ?[2m---?[0;39m ?[2m[io-28852-exec-9]?[0;39m ?[36mestMatcherDelegatingAuthorizationManager?[0;39m ?[2m:?[0;39m Checking authorization on SecurityContextHolderAwareRequestWrapper[ FirewalledRequest[ org.apache.catalina.core.ApplicationHttpRequest@29de5bd9]] using org.springframework.security.config.annotation.web.configurers.AuthorizeHttpRequestsConfigurer$$Lambda$1316/0x0000000100a4d140@528cc85a
?[0m?[0;34m?[2m2023-08-22T13:43:44.976+02:00?[0;39m ?[32mDEBUG?[0;39m ?[35m18216?[0;39m ?[2m---?[0;39m ?[2m[io-28852-exec-9]?[0;39m ?[36mo.s.security.web.FilterChainProxy       ?[0;39m ?[2m:?[0;39m Secured GET /error
?[1;31m
Start test 26?[0m
?[0m?[0;34m?[2m2023-08-22T13:43:44.981+02:00?[0;39m ?[32mTRACE?[0;39m ?[35m18216?[0;39m ?[2m---?[0;39m ?[2m[o-28852-exec-10]?[0;39m ?[36mo.s.security.web.FilterChainProxy       ?[0;39m ?[2m:?[0;39m Trying to match request against DefaultSecurityFilterChain [RequestMatcher=any request, Filters=[org.springframework.security.web.session.DisableEncodeUrlFilter@5d51203b, org.springframework.security.web.context.request.async.WebAsyncManagerIntegrationFilter@32be672d, org.springframework.security.web.context.SecurityContextHolderFilter@74f54f8e, org.springframework.security.web.header.HeaderWriterFilter@157ff8f8, org.springframework.security.web.authentication.logout.LogoutFilter@72364a40, org.springframework.security.web.authentication.www.BasicAuthenticationFilter@a23b96b, org.springframework.security.web.savedrequest.RequestCacheAwareFilter@59b8a801, org.springframework.security.web.servletapi.SecurityContextHolderAwareRequestFilter@5aa026e9, org.springframework.security.web.authentication.AnonymousAuthenticationFilter@23e54c8a, org.springframework.security.web.session.SessionManagementFilter@79e3f444, org.springframework.security.web.access.ExceptionTranslationFilter@17a756db, org.springframework.security.web.access.intercept.AuthorizationFilter@55e75ce0]] (1/1)
?[0m?[0;34m?[2m2023-08-22T13:43:44.981+02:00?[0;39m ?[32mDEBUG?[0;39m ?[35m18216?[0;39m ?[2m---?[0;39m ?[2m[o-28852-exec-10]?[0;39m ?[36mo.s.security.web.FilterChainProxy       ?[0;39m ?[2m:?[0;39m Securing GET /api/empl/payment
?[0m?[0;34m?[2m2023-08-22T13:43:44.981+02:00?[0;39m ?[32mTRACE?[0;39m ?[35m18216?[0;39m ?[2m---?[0;39m ?[2m[o-28852-exec-10]?[0;39m ?[36mo.s.security.web.FilterChainProxy       ?[0;39m ?[2m:?[0;39m Invoking DisableEncodeUrlFilter (1/12)
?[0m?[0;34m?[2m2023-08-22T13:43:44.982+02:00?[0;39m ?[32mTRACE?[0;39m ?[35m18216?[0;39m ?[2m---?[0;39m ?[2m[o-28852-exec-10]?[0;39m ?[36mo.s.security.web.FilterChainProxy       ?[0;39m ?[2m:?[0;39m Invoking WebAsyncManagerIntegrationFilter (2/12)
?[0m?[0;34m?[2m2023-08-22T13:43:44.982+02:00?[0;39m ?[32mTRACE?[0;39m ?[35m18216?[0;39m ?[2m---?[0;39m ?[2m[o-28852-exec-10]?[0;39m ?[36mo.s.security.web.FilterChainProxy       ?[0;39m ?[2m:?[0;39m Invoking SecurityContextHolderFilter (3/12)
?[0m?[0;34m?[2m2023-08-22T13:43:44.982+02:00?[0;39m ?[32mTRACE?[0;39m ?[35m18216?[0;39m ?[2m---?[0;39m ?[2m[o-28852-exec-10]?[0;39m ?[36mo.s.security.web.FilterChainProxy       ?[0;39m ?[2m:?[0;39m Invoking HeaderWriterFilter (4/12)
?[0m?[0;34m?[2m2023-08-22T13:43:44.982+02:00?[0;39m ?[32mTRACE?[0;39m ?[35m18216?[0;39m ?[2m---?[0;39m ?[2m[o-28852-exec-10]?[0;39m ?[36mo.s.security.web.FilterChainProxy       ?[0;39m ?[2m:?[0;39m Invoking LogoutFilter (5/12)
?[0m?[0;34m?[2m2023-08-22T13:43:44.982+02:00?[0;39m ?[32mTRACE?[0;39m ?[35m18216?[0;39m ?[2m---?[0;39m ?[2m[o-28852-exec-10]?[0;39m ?[36mo.s.s.w.a.logout.LogoutFilter           ?[0;39m ?[2m:?[0;39m Did not match request to Or [Ant [pattern='/logout', GET], Ant [pattern='/logout', POST], Ant [pattern='/logout', PUT], Ant [pattern='/logout', DELETE]]
?[0m?[0;34m?[2m2023-08-22T13:43:44.982+02:00?[0;39m ?[32mTRACE?[0;39m ?[35m18216?[0;39m ?[2m---?[0;39m ?[2m[o-28852-exec-10]?[0;39m ?[36mo.s.security.web.FilterChainProxy       ?[0;39m ?[2m:?[0;39m Invoking BasicAuthenticationFilter (6/12)
?[0m?[0;34m?[2m2023-08-22T13:43:44.982+02:00?[0;39m ?[32mTRACE?[0;39m ?[35m18216?[0;39m ?[2m---?[0;39m ?[2m[o-28852-exec-10]?[0;39m ?[36mo.s.s.w.a.www.BasicAuthenticationFilter ?[0;39m ?[2m:?[0;39m Found username 'nautilus@pompilius.com' in Basic Authorization header
?[0m?[0;34m?[2m2023-08-22T13:43:44.982+02:00?[0;39m ?[32mTRACE?[0;39m ?[35m18216?[0;39m ?[2m---?[0;39m ?[2m[o-28852-exec-10]?[0;39m ?[36m.s.s.w.c.SupplierDeferredSecurityContext?[0;39m ?[2m:?[0;39m Created SecurityContextImpl [Null authentication]
?[0m?[0;34m?[2m2023-08-22T13:43:44.982+02:00?[0;39m ?[32mTRACE?[0;39m ?[35m18216?[0;39m ?[2m---?[0;39m ?[2m[o-28852-exec-10]?[0;39m ?[36mo.s.s.authentication.ProviderManager    ?[0;39m ?[2m:?[0;39m Authenticating request with DaoAuthenticationProvider (1/1)
?[0m?[0;34mHibernate: select u1_0.id,u1_0.email,u1_0.lastname,u1_0.name,u1_0.password from users u1_0 where upper(u1_0.email)=upper(?)
?[0m?[0;34m?[2m2023-08-22T13:43:45.041+02:00?[0;39m ?[32mDEBUG?[0;39m ?[35m18216?[0;39m ?[2m---?[0;39m ?[2m[o-28852-exec-10]?[0;39m ?[36mo.s.s.a.dao.DaoAuthenticationProvider   ?[0;39m ?[2m:?[0;39m Failed to find user 'nautilus@pompilius.com'
?[0m?[0;34m?[2m2023-08-22T13:43:45.041+02:00?[0;39m ?[32mDEBUG?[0;39m ?[35m18216?[0;39m ?[2m---?[0;39m ?[2m[o-28852-exec-10]?[0;39m ?[36mo.s.s.w.a.www.BasicAuthenticationFilter ?[0;39m ?[2m:?[0;39m Failed to process authentication request
?[0m?[0;34m
?[0m?[0;34morg.springframework.security.authentication.BadCredentialsException: Bad credentials
?[0m?[0;34m	at org.springframework.security.authentication.dao.AbstractUserDetailsAuthenticationProvider.authenticate(AbstractUserDetailsAuthenticationProvider.java:141) ~[spring-security-core-6.0.1.jar:6.0.1]
?[0m?[0;34m	at org.springframework.security.authentication.ProviderManager.authenticate(ProviderManager.java:182) ~[spring-security-core-6.0.1.jar:6.0.1]
?[0m?[0;34m	at org.springframework.security.authentication.ProviderManager.authenticate(ProviderManager.java:201) ~[spring-security-core-6.0.1.jar:6.0.1]
?[0m?[0;34m	at org.springframework.security.authentication.ObservationAuthenticationManager.lambda$authenticate$1(ObservationAuthenticationManager.java:53) ~[spring-security-core-6.0.1.jar:6.0.1]
?[0m?[0;34m	at io.micrometer.observation.Observation.observe(Observation.java:559) ~[micrometer-observation-1.10.3.jar:1.10.3]
?[0m?[0;34m	at org.springframework.security.authentication.ObservationAuthenticationManager.authenticate(ObservationAuthenticationManager.java:52) ~[spring-security-core-6.0.1.jar:6.0.1]
?[0m?[0;34m	at org.springframework.security.web.authentication.www.BasicAuthenticationFilter.doFilterInternal(BasicAuthenticationFilter.java:176) ~[spring-security-web-6.0.1.jar:6.0.1]
?[0m?[0;34m	at org.springframework.web.filter.OncePerRequestFilter.doFilter(OncePerRequestFilter.java:116) ~[spring-web-6.0.4.jar:6.0.4]
?[0m?[0;34m	at org.springframework.security.web.ObservationFilterChainDecorator$ObservationFilter.wrapFilter(ObservationFilterChainDecorator.java:186) ~[spring-security-web-6.0.1.jar:6.0.1]
?[0m?[0;34m	at org.springframework.security.web.ObservationFilterChainDecorator$ObservationFilter.doFilter(ObservationFilterChainDecorator.java:173) ~[spring-security-web-6.0.1.jar:6.0.1]
?[0m?[0;34m	at org.springframework.security.web.ObservationFilterChainDecorator$VirtualFilterChain.doFilter(ObservationFilterChainDecorator.java:134) ~[spring-security-web-6.0.1.jar:6.0.1]
?[0m?[0;34m	at org.springframework.security.web.authentication.logout.LogoutFilter.doFilter(LogoutFilter.java:107) ~[spring-security-web-6.0.1.jar:6.0.1]
?[0m?[0;34m	at org.springframework.security.web.authentication.logout.LogoutFilter.doFilter(LogoutFilter.java:93) ~[spring-security-web-6.0.1.jar:6.0.1]
?[0m?[0;34m	at org.springframework.security.web.ObservationFilterChainDecorator$ObservationFilter.wrapFilter(ObservationFilterChainDecorator.java:186) ~[spring-security-web-6.0.1.jar:6.0.1]
?[0m?[0;34m	at org.springframework.security.web.ObservationFilterChainDecorator$ObservationFilter.doFilter(ObservationFilterChainDecorator.java:173) ~[spring-security-web-6.0.1.jar:6.0.1]
?[0m?[0;34m	at org.springframework.security.web.ObservationFilterChainDecorator$VirtualFilterChain.doFilter(ObservationFilterChainDecorator.java:134) ~[spring-security-web-6.0.1.jar:6.0.1]
?[0m?[0;34m	at org.springframework.security.web.header.HeaderWriterFilter.doHeadersAfter(HeaderWriterFilter.java:90) ~[spring-security-web-6.0.1.jar:6.0.1]
?[0m?[0;34m	at org.springframework.security.web.header.HeaderWriterFilter.doFilterInternal(HeaderWriterFilter.java:75) ~[spring-security-web-6.0.1.jar:6.0.1]
?[0m?[0;34m	at org.springframework.web.filter.OncePerRequestFilter.doFilter(OncePerRequestFilter.java:116) ~[spring-web-6.0.4.jar:6.0.4]
?[0m?[0;34m	at org.springframework.security.web.ObservationFilterChainDecorator$ObservationFilter.wrapFilter(ObservationFilterChainDecorator.java:186) ~[spring-security-web-6.0.1.jar:6.0.1]
?[0m?[0;34m	at org.springframework.security.web.ObservationFilterChainDecorator$ObservationFilter.doFilter(ObservationFilterChainDecorator.java:173) ~[spring-security-web-6.0.1.jar:6.0.1]
?[0m?[0;34m	at org.springframework.security.web.ObservationFilterChainDecorator$VirtualFilterChain.doFilter(ObservationFilterChainDecorator.java:134) ~[spring-security-web-6.0.1.jar:6.0.1]
?[0m?[0;34m	at org.springframework.security.web.context.SecurityContextHolderFilter.doFilter(SecurityContextHolderFilter.java:82) ~[spring-security-web-6.0.1.jar:6.0.1]
?[0m?[0;34m	at org.springframework.security.web.context.SecurityContextHolderFilter.doFilter(SecurityContextHolderFilter.java:69) ~[spring-security-web-6.0.1.jar:6.0.1]
?[0m?[0;34m	at org.springframework.security.web.ObservationFilterChainDecorator$ObservationFilter.wrapFilter(ObservationFilterChainDecorator.java:186) ~[spring-security-web-6.0.1.jar:6.0.1]
?[0m?[0;34m	at org.springframework.security.web.ObservationFilterChainDecorator$ObservationFilter.doFilter(ObservationFilterChainDecorator.java:173) ~[spring-security-web-6.0.1.jar:6.0.1]
?[0m?[0;34m	at org.springframework.security.web.ObservationFilterChainDecorator$VirtualFilterChain.doFilter(ObservationFilterChainDecorator.java:134) ~[spring-security-web-6.0.1.jar:6.0.1]
?[0m?[0;34m	at org.springframework.security.web.context.request.async.WebAsyncManagerIntegrationFilter.doFilterInternal(WebAsyncManagerIntegrationFilter.java:62) ~[spring-security-web-6.0.1.jar:6.0.1]
?[0m?[0;34m	at org.springframework.web.filter.OncePerRequestFilter.doFilter(OncePerRequestFilter.java:116) ~[spring-web-6.0.4.jar:6.0.4]
?[0m?[0;34m	at org.springframework.security.web.ObservationFilterChainDecorator$ObservationFilter.wrapFilter(ObservationFilterChainDecorator.java:186) ~[spring-security-web-6.0.1.jar:6.0.1]
?[0m?[0;34m	at org.springframework.security.web.ObservationFilterChainDecorator$ObservationFilter.doFilter(ObservationFilterChainDecorator.java:173) ~[spring-security-web-6.0.1.jar:6.0.1]
?[0m?[0;34m	at org.springframework.security.web.ObservationFilterChainDecorator$VirtualFilterChain.doFilter(ObservationFilterChainDecorator.java:134) ~[spring-security-web-6.0.1.jar:6.0.1]
?[0m?[0;34m	at org.springframework.security.web.session.DisableEncodeUrlFilter.doFilterInternal(DisableEncodeUrlFilter.java:42) ~[spring-security-web-6.0.1.jar:6.0.1]
?[0m?[0;34m	at org.springframework.web.filter.OncePerRequestFilter.doFilter(OncePerRequestFilter.java:116) ~[spring-web-6.0.4.jar:6.0.4]
?[0m?[0;34m	at org.springframework.security.web.ObservationFilterChainDecorator$ObservationFilter.wrapFilter(ObservationFilterChainDecorator.java:186) ~[spring-security-web-6.0.1.jar:6.0.1]
?[0m?[0;34m	at org.springframework.security.web.ObservationFilterChainDecorator$AroundFilterObservation$SimpleAroundFilterObservation.lambda$wrap$0(ObservationFilterChainDecorator.java:280) ~[spring-security-web-6.0.1.jar:6.0.1]
?[0m?[0;34m	at org.springframework.security.web.ObservationFilterChainDecorator$ObservationFilter.doFilter(ObservationFilterChainDecorator.java:170) ~[spring-security-web-6.0.1.jar:6.0.1]
?[0m?[0;34m	at org.springframework.security.web.ObservationFilterChainDecorator$VirtualFilterChain.doFilter(ObservationFilterChainDecorator.java:134) ~[spring-security-web-6.0.1.jar:6.0.1]
?[0m?[0;34m	at org.springframework.security.web.FilterChainProxy.doFilterInternal(FilterChainProxy.java:233) ~[spring-security-web-6.0.1.jar:6.0.1]
?[0m?[0;34m	at org.springframework.security.web.FilterChainProxy.doFilter(FilterChainProxy.java:191) ~[spring-security-web-6.0.1.jar:6.0.1]
?[0m?[0;34m	at org.springframework.web.filter.DelegatingFilterProxy.invokeDelegate(DelegatingFilterProxy.java:351) ~[spring-web-6.0.4.jar:6.0.4]
?[0m?[0;34m	at org.springframework.web.filter.DelegatingFilterProxy.doFilter(DelegatingFilterProxy.java:267) ~[spring-web-6.0.4.jar:6.0.4]
?[0m?[0;34m	at jdk.internal.reflect.GeneratedMethodAccessor11.invoke(Unknown Source) ~[na:na]
?[0m?[0;34m	at java.base/jdk.internal.reflect.DelegatingMethodAccessorImpl.invoke(DelegatingMethodAccessorImpl.java:43) ~[na:na]
?[0m?[0;34m	at java.base/java.lang.reflect.Method.invoke(Method.java:568) ~[na:na]
?[0m?[0;34m	at org.apache.catalina.security.SecurityUtil.lambda$execute$0(SecurityUtil.java:281) ~[tomcat-embed-core-10.1.5.jar:10.1.5]
?[0m?[0;34m	at java.base/java.security.AccessController.doPrivileged(AccessController.java:712) ~[na:na]
?[0m?[0;34m	at java.base/javax.security.auth.Subject.doAsPrivileged(Subject.java:584) ~[na:na]
?[0m?[0;34m	at org.apache.catalina.security.SecurityUtil.execute(SecurityUtil.java:312) ~[tomcat-embed-core-10.1.5.jar:10.1.5]
?[0m?[0;34m	at org.apache.catalina.security.SecurityUtil.doAsPrivilege(SecurityUtil.java:254) ~[tomcat-embed-core-10.1.5.jar:10.1.5]
?[0m?[0;34m	at org.apache.catalina.core.ApplicationFilterChain.internalDoFilter(ApplicationFilterChain.java:183) ~[tomcat-embed-core-10.1.5.jar:10.1.5]
?[0m?[0;34m	at org.apache.catalina.core.ApplicationFilterChain.lambda$doFilter$0(ApplicationFilterChain.java:141) ~[tomcat-embed-core-10.1.5.jar:10.1.5]
?[0m?[0;34m	at java.base/java.security.AccessController.doPrivileged(AccessController.java:569) ~[na:na]
?[0m?[0;34m	at org.apache.catalina.core.ApplicationFilterChain.doFilter(ApplicationFilterChain.java:139) ~[tomcat-embed-core-10.1.5.jar:10.1.5]
?[0m?[0;34m	at org.springframework.web.filter.RequestContextFilter.doFilterInternal(RequestContextFilter.java:100) ~[spring-web-6.0.4.jar:6.0.4]
?[0m?[0;34m	at org.springframework.web.filter.OncePerRequestFilter.doFilter(OncePerRequestFilter.java:116) ~[spring-web-6.0.4.jar:6.0.4]
?[0m?[0;34m	at jdk.internal.reflect.GeneratedMethodAccessor11.invoke(Unknown Source) ~[na:na]
?[0m?[0;34m	at java.base/jdk.internal.reflect.DelegatingMethodAccessorImpl.invoke(DelegatingMethodAccessorImpl.java:43) ~[na:na]
?[0m?[0;34m	at java.base/java.lang.reflect.Method.invoke(Method.java:568) ~[na:na]
?[0m?[0;34m	at org.apache.catalina.security.SecurityUtil.lambda$execute$0(SecurityUtil.java:281) ~[tomcat-embed-core-10.1.5.jar:10.1.5]
?[0m?[0;34m	at java.base/java.security.AccessController.doPrivileged(AccessController.java:712) ~[na:na]
?[0m?[0;34m	at java.base/javax.security.auth.Subject.doAsPrivileged(Subject.java:584) ~[na:na]
?[0m?[0;34m	at org.apache.catalina.security.SecurityUtil.execute(SecurityUtil.java:312) ~[tomcat-embed-core-10.1.5.jar:10.1.5]
?[0m?[0;34m	at org.apache.catalina.security.SecurityUtil.doAsPrivilege(SecurityUtil.java:254) ~[tomcat-embed-core-10.1.5.jar:10.1.5]
?[0m?[0;34m	at org.apache.catalina.core.ApplicationFilterChain.internalDoFilter(ApplicationFilterChain.java:183) ~[tomcat-embed-core-10.1.5.jar:10.1.5]
?[0m?[0;34m	at org.apache.catalina.core.ApplicationFilterChain.lambda$doFilter$0(ApplicationFilterChain.java:141) ~[tomcat-embed-core-10.1.5.jar:10.1.5]
?[0m?[0;34m	at java.base/java.security.AccessController.doPrivileged(AccessController.java:569) ~[na:na]
?[0m?[0;34m	at org.apache.catalina.core.ApplicationFilterChain.doFilter(ApplicationFilterChain.java:139) ~[tomcat-embed-core-10.1.5.jar:10.1.5]
?[0m?[0;34m	at org.springframework.web.filter.FormContentFilter.doFilterInternal(FormContentFilter.java:93) ~[spring-web-6.0.4.jar:6.0.4]
?[0m?[0;34m	at org.springframework.web.filter.OncePerRequestFilter.doFilter(OncePerRequestFilter.java:116) ~[spring-web-6.0.4.jar:6.0.4]
?[0m?[0;34m	at jdk.internal.reflect.GeneratedMethodAccessor11.invoke(Unknown Source) ~[na:na]
?[0m?[0;34m	at java.base/jdk.internal.reflect.DelegatingMethodAccessorImpl.invoke(DelegatingMethodAccessorImpl.java:43) ~[na:na]
?[0m?[0;34m	at java.base/java.lang.reflect.Method.invoke(Method.java:568) ~[na:na]
?[0m?[0;34m	at org.apache.catalina.security.SecurityUtil.lambda$execute$0(SecurityUtil.java:281) ~[tomcat-embed-core-10.1.5.jar:10.1.5]
?[0m?[0;34m	at java.base/java.security.AccessController.doPrivileged(AccessController.java:712) ~[na:na]
?[0m?[0;34m	at java.base/javax.security.auth.Subject.doAsPrivileged(Subject.java:584) ~[na:na]
?[0m?[0;34m	at org.apache.catalina.security.SecurityUtil.execute(SecurityUtil.java:312) ~[tomcat-embed-core-10.1.5.jar:10.1.5]
?[0m?[0;34m	at org.apache.catalina.security.SecurityUtil.doAsPrivilege(SecurityUtil.java:254) ~[tomcat-embed-core-10.1.5.jar:10.1.5]
?[0m?[0;34m	at org.apache.catalina.core.ApplicationFilterChain.internalDoFilter(ApplicationFilterChain.java:183) ~[tomcat-embed-core-10.1.5.jar:10.1.5]
?[0m?[0;34m	at org.apache.catalina.core.ApplicationFilterChain.lambda$doFilter$0(ApplicationFilterChain.java:141) ~[tomcat-embed-core-10.1.5.jar:10.1.5]
?[0m?[0;34m	at java.base/java.security.AccessController.doPrivileged(AccessController.java:569) ~[na:na]
?[0m?[0;34m	at org.apache.catalina.core.ApplicationFilterChain.doFilter(ApplicationFilterChain.java:139) ~[tomcat-embed-core-10.1.5.jar:10.1.5]
?[0m?[0;34m	at org.springframework.web.filter.ServerHttpObservationFilter.doFilterInternal(ServerHttpObservationFilter.java:109) ~[spring-web-6.0.4.jar:6.0.4]
?[0m?[0;34m	at org.springframework.web.filter.OncePerRequestFilter.doFilter(OncePerRequestFilter.java:116) ~[spring-web-6.0.4.jar:6.0.4]
?[0m?[0;34m	at jdk.internal.reflect.GeneratedMethodAccessor11.invoke(Unknown Source) ~[na:na]
?[0m?[0;34m	at java.base/jdk.internal.reflect.DelegatingMethodAccessorImpl.invoke(DelegatingMethodAccessorImpl.java:43) ~[na:na]
?[0m?[0;34m	at java.base/java.lang.reflect.Method.invoke(Method.java:568) ~[na:na]
?[0m?[0;34m	at org.apache.catalina.security.SecurityUtil.lambda$execute$0(SecurityUtil.java:281) ~[tomcat-embed-core-10.1.5.jar:10.1.5]
?[0m?[0;34m	at java.base/java.security.AccessController.doPrivileged(AccessController.java:712) ~[na:na]
?[0m?[0;34m	at java.base/javax.security.auth.Subject.doAsPrivileged(Subject.java:584) ~[na:na]
?[0m?[0;34m	at org.apache.catalina.security.SecurityUtil.execute(SecurityUtil.java:312) ~[tomcat-embed-core-10.1.5.jar:10.1.5]
?[0m?[0;34m	at org.apache.catalina.security.SecurityUtil.doAsPrivilege(SecurityUtil.java:254) ~[tomcat-embed-core-10.1.5.jar:10.1.5]
?[0m?[0;34m	at org.apache.catalina.core.ApplicationFilterChain.internalDoFilter(ApplicationFilterChain.java:183) ~[tomcat-embed-core-10.1.5.jar:10.1.5]
?[0m?[0;34m	at org.apache.catalina.core.ApplicationFilterChain.lambda$doFilter$0(ApplicationFilterChain.java:141) ~[tomcat-embed-core-10.1.5.jar:10.1.5]
?[0m?[0;34m	at java.base/java.security.AccessController.doPrivileged(AccessController.java:569) ~[na:na]
?[0m?[0;34m	at org.apache.catalina.core.ApplicationFilterChain.doFilter(ApplicationFilterChain.java:139) ~[tomcat-embed-core-10.1.5.jar:10.1.5]
?[0m?[0;34m	at org.springframework.web.filter.CharacterEncodingFilter.doFilterInternal(CharacterEncodingFilter.java:201) ~[spring-web-6.0.4.jar:6.0.4]
?[0m?[0;34m	at org.springframework.web.filter.OncePerRequestFilter.doFilter(OncePerRequestFilter.java:116) ~[spring-web-6.0.4.jar:6.0.4]
?[0m?[0;34m	at jdk.internal.reflect.GeneratedMethodAccessor11.invoke(Unknown Source) ~[na:na]
?[0m?[0;34m	at java.base/jdk.internal.reflect.DelegatingMethodAccessorImpl.invoke(DelegatingMethodAccessorImpl.java:43) ~[na:na]
?[0m?[0;34m	at java.base/java.lang.reflect.Method.invoke(Method.java:568) ~[na:na]
?[0m?[0;34m	at org.apache.catalina.security.SecurityUtil.lambda$execute$0(SecurityUtil.java:281) ~[tomcat-embed-core-10.1.5.jar:10.1.5]
?[0m?[0;34m	at java.base/java.security.AccessController.doPrivileged(AccessController.java:712) ~[na:na]
?[0m?[0;34m	at java.base/javax.security.auth.Subject.doAsPrivileged(Subject.java:584) ~[na:na]
?[0m?[0;34m	at org.apache.catalina.security.SecurityUtil.execute(SecurityUtil.java:312) ~[tomcat-embed-core-10.1.5.jar:10.1.5]
?[0m?[0;34m	at org.apache.catalina.security.SecurityUtil.doAsPrivilege(SecurityUtil.java:254) ~[tomcat-embed-core-10.1.5.jar:10.1.5]
?[0m?[0;34m	at org.apache.catalina.core.ApplicationFilterChain.internalDoFilter(ApplicationFilterChain.java:183) ~[tomcat-embed-core-10.1.5.jar:10.1.5]
?[0m?[0;34m	at org.apache.catalina.core.ApplicationFilterChain.lambda$doFilter$0(ApplicationFilterChain.java:141) ~[tomcat-embed-core-10.1.5.jar:10.1.5]
?[0m?[0;34m	at java.base/java.security.AccessController.doPrivileged(AccessController.java:569) ~[na:na]
?[0m?[0;34m	at org.apache.catalina.core.ApplicationFilterChain.doFilter(ApplicationFilterChain.java:139) ~[tomcat-embed-core-10.1.5.jar:10.1.5]
?[0m?[0;34m	at org.apache.catalina.core.StandardWrapperValve.invoke(StandardWrapperValve.java:177) ~[tomcat-embed-core-10.1.5.jar:10.1.5]
?[0m?[0;34m	at org.apache.catalina.core.StandardContextValve.invoke(StandardContextValve.java:97) ~[tomcat-embed-core-10.1.5.jar:10.1.5]
?[0m?[0;34m	at org.apache.catalina.authenticator.AuthenticatorBase.invoke(AuthenticatorBase.java:542) ~[tomcat-embed-core-10.1.5.jar:10.1.5]
?[0m?[0;34m	at org.apache.catalina.core.StandardHostValve.invoke(StandardHostValve.java:119) ~[tomcat-embed-core-10.1.5.jar:10.1.5]
?[0m?[0;34m	at org.apache.catalina.valves.ErrorReportValve.invoke(ErrorReportValve.java:92) ~[tomcat-embed-core-10.1.5.jar:10.1.5]
?[0m?[0;34m	at org.apache.catalina.core.StandardEngineValve.invoke(StandardEngineValve.java:78) ~[tomcat-embed-core-10.1.5.jar:10.1.5]
?[0m?[0;34m	at org.apache.catalina.connector.CoyoteAdapter.service(CoyoteAdapter.java:357) ~[tomcat-embed-core-10.1.5.jar:10.1.5]
?[0m?[0;34m	at org.apache.coyote.http11.Http11Processor.service(Http11Processor.java:400) ~[tomcat-embed-core-10.1.5.jar:10.1.5]
?[0m?[0;34m	at org.apache.coyote.AbstractProcessorLight.process(AbstractProcessorLight.java:65) ~[tomcat-embed-core-10.1.5.jar:10.1.5]
?[0m?[0;34m	at org.apache.coyote.AbstractProtocol$ConnectionHandler.process(AbstractProtocol.java:859) ~[tomcat-embed-core-10.1.5.jar:10.1.5]
?[0m?[0;34m	at org.apache.tomcat.util.net.NioEndpoint$SocketProcessor.doRun(NioEndpoint.java:1734) ~[tomcat-embed-core-10.1.5.jar:10.1.5]
?[0m?[0;34m	at org.apache.tomcat.util.net.SocketProcessorBase.run(SocketProcessorBase.java:52) ~[tomcat-embed-core-10.1.5.jar:10.1.5]
?[0m?[0;34m	at org.apache.tomcat.util.threads.ThreadPoolExecutor.runWorker(ThreadPoolExecutor.java:1191) ~[tomcat-embed-core-10.1.5.jar:10.1.5]
?[0m?[0;34m	at org.apache.tomcat.util.threads.ThreadPoolExecutor$Worker.run(ThreadPoolExecutor.java:659) ~[tomcat-embed-core-10.1.5.jar:10.1.5]
?[0m?[0;34m	at org.apache.tomcat.util.threads.TaskThread$WrappingRunnable.run(TaskThread.java:61) ~[tomcat-embed-core-10.1.5.jar:10.1.5]
?[0m?[0;34m	at java.base/java.lang.Thread.run(Thread.java:833) ~[na:na]
?[0m?[0;34m
?[0m?[0;34m?[2m2023-08-22T13:43:45.043+02:00?[0;39m ?[32mDEBUG?[0;39m ?[35m18216?[0;39m ?[2m---?[0;39m ?[2m[o-28852-exec-10]?[0;39m ?[36ms.w.a.DelegatingAuthenticationEntryPoint?[0;39m ?[2m:?[0;39m Trying to match using RequestHeaderRequestMatcher [expectedHeaderName=X-Requested-With, expectedHeaderValue=XMLHttpRequest]
?[0m?[0;34m?[2m2023-08-22T13:43:45.043+02:00?[0;39m ?[32mDEBUG?[0;39m ?[35m18216?[0;39m ?[2m---?[0;39m ?[2m[o-28852-exec-10]?[0;39m ?[36ms.w.a.DelegatingAuthenticationEntryPoint?[0;39m ?[2m:?[0;39m No match found. Using default entry point org.springframework.security.web.authentication.www.BasicAuthenticationEntryPoint@a99e0e6
?[0m?[0;34m?[2m2023-08-22T13:43:45.043+02:00?[0;39m ?[32mTRACE?[0;39m ?[35m18216?[0;39m ?[2m---?[0;39m ?[2m[o-28852-exec-10]?[0;39m ?[36mo.s.s.w.header.writers.HstsHeaderWriter ?[0;39m ?[2m:?[0;39m Not injecting HSTS header since it did not match request to [Is Secure]
?[0m?[0;34m?[2m2023-08-22T13:43:45.044+02:00?[0;39m ?[32mTRACE?[0;39m ?[35m18216?[0;39m ?[2m---?[0;39m ?[2m[o-28852-exec-10]?[0;39m ?[36mo.s.security.web.FilterChainProxy       ?[0;39m ?[2m:?[0;39m Trying to match request against DefaultSecurityFilterChain [RequestMatcher=any request, Filters=[org.springframework.security.web.session.DisableEncodeUrlFilter@5d51203b, org.springframework.security.web.context.request.async.WebAsyncManagerIntegrationFilter@32be672d, org.springframework.security.web.context.SecurityContextHolderFilter@74f54f8e, org.springframework.security.web.header.HeaderWriterFilter@157ff8f8, org.springframework.security.web.authentication.logout.LogoutFilter@72364a40, org.springframework.security.web.authentication.www.BasicAuthenticationFilter@a23b96b, org.springframework.security.web.savedrequest.RequestCacheAwareFilter@59b8a801, org.springframework.security.web.servletapi.SecurityContextHolderAwareRequestFilter@5aa026e9, org.springframework.security.web.authentication.AnonymousAuthenticationFilter@23e54c8a, org.springframework.security.web.session.SessionManagementFilter@79e3f444, org.springframework.security.web.access.ExceptionTranslationFilter@17a756db, org.springframework.security.web.access.intercept.AuthorizationFilter@55e75ce0]] (1/1)
?[0m?[0;34m?[2m2023-08-22T13:43:45.044+02:00?[0;39m ?[32mDEBUG?[0;39m ?[35m18216?[0;39m ?[2m---?[0;39m ?[2m[o-28852-exec-10]?[0;39m ?[36mo.s.security.web.FilterChainProxy       ?[0;39m ?[2m:?[0;39m Securing GET /error
?[0m?[0;34m?[2m2023-08-22T13:43:45.044+02:00?[0;39m ?[32mTRACE?[0;39m ?[35m18216?[0;39m ?[2m---?[0;39m ?[2m[o-28852-exec-10]?[0;39m ?[36mo.s.security.web.FilterChainProxy       ?[0;39m ?[2m:?[0;39m Invoking DisableEncodeUrlFilter (1/12)
?[0m?[0;34m?[2m2023-08-22T13:43:45.044+02:00?[0;39m ?[32mTRACE?[0;39m ?[35m18216?[0;39m ?[2m---?[0;39m ?[2m[o-28852-exec-10]?[0;39m ?[36mo.s.security.web.FilterChainProxy       ?[0;39m ?[2m:?[0;39m Invoking WebAsyncManagerIntegrationFilter (2/12)
?[0m?[0;34m?[2m2023-08-22T13:43:45.044+02:00?[0;39m ?[32mTRACE?[0;39m ?[35m18216?[0;39m ?[2m---?[0;39m ?[2m[o-28852-exec-10]?[0;39m ?[36mo.s.security.web.FilterChainProxy       ?[0;39m ?[2m:?[0;39m Invoking SecurityContextHolderFilter (3/12)
?[0m?[0;34m?[2m2023-08-22T13:43:45.044+02:00?[0;39m ?[32mTRACE?[0;39m ?[35m18216?[0;39m ?[2m---?[0;39m ?[2m[o-28852-exec-10]?[0;39m ?[36mo.s.security.web.FilterChainProxy       ?[0;39m ?[2m:?[0;39m Invoking HeaderWriterFilter (4/12)
?[0m?[0;34m?[2m2023-08-22T13:43:45.044+02:00?[0;39m ?[32mTRACE?[0;39m ?[35m18216?[0;39m ?[2m---?[0;39m ?[2m[o-28852-exec-10]?[0;39m ?[36mo.s.security.web.FilterChainProxy       ?[0;39m ?[2m:?[0;39m Invoking LogoutFilter (5/12)
?[0m?[0;34m?[2m2023-08-22T13:43:45.044+02:00?[0;39m ?[32mTRACE?[0;39m ?[35m18216?[0;39m ?[2m---?[0;39m ?[2m[o-28852-exec-10]?[0;39m ?[36mo.s.s.w.a.logout.LogoutFilter           ?[0;39m ?[2m:?[0;39m Did not match request to Or [Ant [pattern='/logout', GET], Ant [pattern='/logout', POST], Ant [pattern='/logout', PUT], Ant [pattern='/logout', DELETE]]
?[0m?[0;34m?[2m2023-08-22T13:43:45.044+02:00?[0;39m ?[32mTRACE?[0;39m ?[35m18216?[0;39m ?[2m---?[0;39m ?[2m[o-28852-exec-10]?[0;39m ?[36mo.s.security.web.FilterChainProxy       ?[0;39m ?[2m:?[0;39m Invoking BasicAuthenticationFilter (6/12)
?[0m?[0;34m?[2m2023-08-22T13:43:45.044+02:00?[0;39m ?[32mTRACE?[0;39m ?[35m18216?[0;39m ?[2m---?[0;39m ?[2m[o-28852-exec-10]?[0;39m ?[36mo.s.security.web.FilterChainProxy       ?[0;39m ?[2m:?[0;39m Invoking RequestCacheAwareFilter (7/12)
?[0m?[0;34m?[2m2023-08-22T13:43:45.044+02:00?[0;39m ?[32mTRACE?[0;39m ?[35m18216?[0;39m ?[2m---?[0;39m ?[2m[o-28852-exec-10]?[0;39m ?[36mo.s.security.web.FilterChainProxy       ?[0;39m ?[2m:?[0;39m Invoking SecurityContextHolderAwareRequestFilter (8/12)
?[0m?[0;34m?[2m2023-08-22T13:43:45.044+02:00?[0;39m ?[32mTRACE?[0;39m ?[35m18216?[0;39m ?[2m---?[0;39m ?[2m[o-28852-exec-10]?[0;39m ?[36mo.s.security.web.FilterChainProxy       ?[0;39m ?[2m:?[0;39m Invoking AnonymousAuthenticationFilter (9/12)
?[0m?[0;34m?[2m2023-08-22T13:43:45.044+02:00?[0;39m ?[32mTRACE?[0;39m ?[35m18216?[0;39m ?[2m---?[0;39m ?[2m[o-28852-exec-10]?[0;39m ?[36mo.s.security.web.FilterChainProxy       ?[0;39m ?[2m:?[0;39m Invoking SessionManagementFilter (10/12)
?[0m?[0;34m?[2m2023-08-22T13:43:45.044+02:00?[0;39m ?[32mTRACE?[0;39m ?[35m18216?[0;39m ?[2m---?[0;39m ?[2m[o-28852-exec-10]?[0;39m ?[36m.s.s.w.c.SupplierDeferredSecurityContext?[0;39m ?[2m:?[0;39m Created SecurityContextImpl [Null authentication]
?[0m?[0;34m?[2m2023-08-22T13:43:45.045+02:00?[0;39m ?[32mTRACE?[0;39m ?[35m18216?[0;39m ?[2m---?[0;39m ?[2m[o-28852-exec-10]?[0;39m ?[36mo.s.s.w.a.AnonymousAuthenticationFilter ?[0;39m ?[2m:?[0;39m Set SecurityContextHolder to AnonymousAuthenticationToken [Principal=anonymousUser, Credentials=[PROTECTED], Authenticated=true, Details=WebAuthenticationDetails [RemoteIpAddress=127.0.0.1, SessionId=null], Granted Authorities=[ROLE_ANONYMOUS]]
?[0m?[0;34m?[2m2023-08-22T13:43:45.045+02:00?[0;39m ?[32mTRACE?[0;39m ?[35m18216?[0;39m ?[2m---?[0;39m ?[2m[o-28852-exec-10]?[0;39m ?[36mo.s.security.web.FilterChainProxy       ?[0;39m ?[2m:?[0;39m Invoking ExceptionTranslationFilter (11/12)
?[0m?[0;34m?[2m2023-08-22T13:43:45.045+02:00?[0;39m ?[32mTRACE?[0;39m ?[35m18216?[0;39m ?[2m---?[0;39m ?[2m[o-28852-exec-10]?[0;39m ?[36mo.s.security.web.FilterChainProxy       ?[0;39m ?[2m:?[0;39m Invoking AuthorizationFilter (12/12)
?[0m?[0;34m?[2m2023-08-22T13:43:45.045+02:00?[0;39m ?[32mTRACE?[0;39m ?[35m18216?[0;39m ?[2m---?[0;39m ?[2m[o-28852-exec-10]?[0;39m ?[36mestMatcherDelegatingAuthorizationManager?[0;39m ?[2m:?[0;39m Authorizing SecurityContextHolderAwareRequestWrapper[ FirewalledRequest[ org.apache.catalina.core.ApplicationHttpRequest@1ae57224]]
?[0m?[0;34m?[2m2023-08-22T13:43:45.045+02:00?[0;39m ?[32mTRACE?[0;39m ?[35m18216?[0;39m ?[2m---?[0;39m ?[2m[o-28852-exec-10]?[0;39m ?[36mestMatcherDelegatingAuthorizationManager?[0;39m ?[2m:?[0;39m Checking authorization on SecurityContextHolderAwareRequestWrapper[ FirewalledRequest[ org.apache.catalina.core.ApplicationHttpRequest@1ae57224]] using org.springframework.security.config.annotation.web.configurers.AuthorizeHttpRequestsConfigurer$$Lambda$1316/0x0000000100a4d140@528cc85a
?[0m?[0;34m?[2m2023-08-22T13:43:45.045+02:00?[0;39m ?[32mDEBUG?[0;39m ?[35m18216?[0;39m ?[2m---?[0;39m ?[2m[o-28852-exec-10]?[0;39m ?[36mo.s.security.web.FilterChainProxy       ?[0;39m ?[2m:?[0;39m Secured GET /error
?[1;31m
Start test 27?[0m
?[0m?[0;34m?[2m2023-08-22T13:43:45.053+02:00?[0;39m ?[32mTRACE?[0;39m ?[35m18216?[0;39m ?[2m---?[0;39m ?[2m[io-28852-exec-1]?[0;39m ?[36mo.s.security.web.FilterChainProxy       ?[0;39m ?[2m:?[0;39m Trying to match request against DefaultSecurityFilterChain [RequestMatcher=any request, Filters=[org.springframework.security.web.session.DisableEncodeUrlFilter@5d51203b, org.springframework.security.web.context.request.async.WebAsyncManagerIntegrationFilter@32be672d, org.springframework.security.web.context.SecurityContextHolderFilter@74f54f8e, org.springframework.security.web.header.HeaderWriterFilter@157ff8f8, org.springframework.security.web.authentication.logout.LogoutFilter@72364a40, org.springframework.security.web.authentication.www.BasicAuthenticationFilter@a23b96b, org.springframework.security.web.savedrequest.RequestCacheAwareFilter@59b8a801, org.springframework.security.web.servletapi.SecurityContextHolderAwareRequestFilter@5aa026e9, org.springframework.security.web.authentication.AnonymousAuthenticationFilter@23e54c8a, org.springframework.security.web.session.SessionManagementFilter@79e3f444, org.springframework.security.web.access.ExceptionTranslationFilter@17a756db, org.springframework.security.web.access.intercept.AuthorizationFilter@55e75ce0]] (1/1)
?[0m?[0;34m?[2m2023-08-22T13:43:45.053+02:00?[0;39m ?[32mDEBUG?[0;39m ?[35m18216?[0;39m ?[2m---?[0;39m ?[2m[io-28852-exec-1]?[0;39m ?[36mo.s.security.web.FilterChainProxy       ?[0;39m ?[2m:?[0;39m Securing GET /api/empl/payment
?[0m?[0;34m?[2m2023-08-22T13:43:45.053+02:00?[0;39m ?[32mTRACE?[0;39m ?[35m18216?[0;39m ?[2m---?[0;39m ?[2m[io-28852-exec-1]?[0;39m ?[36mo.s.security.web.FilterChainProxy       ?[0;39m ?[2m:?[0;39m Invoking DisableEncodeUrlFilter (1/12)
?[0m?[0;34m?[2m2023-08-22T13:43:45.053+02:00?[0;39m ?[32mTRACE?[0;39m ?[35m18216?[0;39m ?[2m---?[0;39m ?[2m[io-28852-exec-1]?[0;39m ?[36mo.s.security.web.FilterChainProxy       ?[0;39m ?[2m:?[0;39m Invoking WebAsyncManagerIntegrationFilter (2/12)
?[0m?[0;34m?[2m2023-08-22T13:43:45.053+02:00?[0;39m ?[32mTRACE?[0;39m ?[35m18216?[0;39m ?[2m---?[0;39m ?[2m[io-28852-exec-1]?[0;39m ?[36mo.s.security.web.FilterChainProxy       ?[0;39m ?[2m:?[0;39m Invoking SecurityContextHolderFilter (3/12)
?[0m?[0;34m?[2m2023-08-22T13:43:45.053+02:00?[0;39m ?[32mTRACE?[0;39m ?[35m18216?[0;39m ?[2m---?[0;39m ?[2m[io-28852-exec-1]?[0;39m ?[36mo.s.security.web.FilterChainProxy       ?[0;39m ?[2m:?[0;39m Invoking HeaderWriterFilter (4/12)
?[0m?[0;34m?[2m2023-08-22T13:43:45.053+02:00?[0;39m ?[32mTRACE?[0;39m ?[35m18216?[0;39m ?[2m---?[0;39m ?[2m[io-28852-exec-1]?[0;39m ?[36mo.s.security.web.FilterChainProxy       ?[0;39m ?[2m:?[0;39m Invoking LogoutFilter (5/12)
?[0m?[0;34m?[2m2023-08-22T13:43:45.054+02:00?[0;39m ?[32mTRACE?[0;39m ?[35m18216?[0;39m ?[2m---?[0;39m ?[2m[io-28852-exec-1]?[0;39m ?[36mo.s.s.w.a.logout.LogoutFilter           ?[0;39m ?[2m:?[0;39m Did not match request to Or [Ant [pattern='/logout', GET], Ant [pattern='/logout', POST], Ant [pattern='/logout', PUT], Ant [pattern='/logout', DELETE]]
?[0m?[0;34m?[2m2023-08-22T13:43:45.054+02:00?[0;39m ?[32mTRACE?[0;39m ?[35m18216?[0;39m ?[2m---?[0;39m ?[2m[io-28852-exec-1]?[0;39m ?[36mo.s.security.web.FilterChainProxy       ?[0;39m ?[2m:?[0;39m Invoking BasicAuthenticationFilter (6/12)
?[0m?[0;34m?[2m2023-08-22T13:43:45.054+02:00?[0;39m ?[32mTRACE?[0;39m ?[35m18216?[0;39m ?[2m---?[0;39m ?[2m[io-28852-exec-1]?[0;39m ?[36mo.s.s.w.a.www.BasicAuthenticationFilter ?[0;39m ?[2m:?[0;39m Did not process authentication request since failed to find username and password in Basic Authorization header
?[0m?[0;34m?[2m2023-08-22T13:43:45.054+02:00?[0;39m ?[32mTRACE?[0;39m ?[35m18216?[0;39m ?[2m---?[0;39m ?[2m[io-28852-exec-1]?[0;39m ?[36mo.s.security.web.FilterChainProxy       ?[0;39m ?[2m:?[0;39m Invoking RequestCacheAwareFilter (7/12)
?[0m?[0;34m?[2m2023-08-22T13:43:45.054+02:00?[0;39m ?[32mTRACE?[0;39m ?[35m18216?[0;39m ?[2m---?[0;39m ?[2m[io-28852-exec-1]?[0;39m ?[36mo.s.security.web.FilterChainProxy       ?[0;39m ?[2m:?[0;39m Invoking SecurityContextHolderAwareRequestFilter (8/12)
?[0m?[0;34m?[2m2023-08-22T13:43:45.054+02:00?[0;39m ?[32mTRACE?[0;39m ?[35m18216?[0;39m ?[2m---?[0;39m ?[2m[io-28852-exec-1]?[0;39m ?[36mo.s.security.web.FilterChainProxy       ?[0;39m ?[2m:?[0;39m Invoking AnonymousAuthenticationFilter (9/12)
?[0m?[0;34m?[2m2023-08-22T13:43:45.054+02:00?[0;39m ?[32mTRACE?[0;39m ?[35m18216?[0;39m ?[2m---?[0;39m ?[2m[io-28852-exec-1]?[0;39m ?[36mo.s.security.web.FilterChainProxy       ?[0;39m ?[2m:?[0;39m Invoking SessionManagementFilter (10/12)
?[0m?[0;34m?[2m2023-08-22T13:43:45.054+02:00?[0;39m ?[32mTRACE?[0;39m ?[35m18216?[0;39m ?[2m---?[0;39m ?[2m[io-28852-exec-1]?[0;39m ?[36m.s.s.w.c.SupplierDeferredSecurityContext?[0;39m ?[2m:?[0;39m Created SecurityContextImpl [Null authentication]
?[0m?[0;34m?[2m2023-08-22T13:43:45.054+02:00?[0;39m ?[32mTRACE?[0;39m ?[35m18216?[0;39m ?[2m---?[0;39m ?[2m[io-28852-exec-1]?[0;39m ?[36mo.s.s.w.a.AnonymousAuthenticationFilter ?[0;39m ?[2m:?[0;39m Set SecurityContextHolder to AnonymousAuthenticationToken [Principal=anonymousUser, Credentials=[PROTECTED], Authenticated=true, Details=WebAuthenticationDetails [RemoteIpAddress=127.0.0.1, SessionId=null], Granted Authorities=[ROLE_ANONYMOUS]]
?[0m?[0;34m?[2m2023-08-22T13:43:45.054+02:00?[0;39m ?[32mTRACE?[0;39m ?[35m18216?[0;39m ?[2m---?[0;39m ?[2m[io-28852-exec-1]?[0;39m ?[36mo.s.security.web.FilterChainProxy       ?[0;39m ?[2m:?[0;39m Invoking ExceptionTranslationFilter (11/12)
?[0m?[0;34m?[2m2023-08-22T13:43:45.054+02:00?[0;39m ?[32mTRACE?[0;39m ?[35m18216?[0;39m ?[2m---?[0;39m ?[2m[io-28852-exec-1]?[0;39m ?[36mo.s.security.web.FilterChainProxy       ?[0;39m ?[2m:?[0;39m Invoking AuthorizationFilter (12/12)
?[0m?[0;34m?[2m2023-08-22T13:43:45.054+02:00?[0;39m ?[32mTRACE?[0;39m ?[35m18216?[0;39m ?[2m---?[0;39m ?[2m[io-28852-exec-1]?[0;39m ?[36mestMatcherDelegatingAuthorizationManager?[0;39m ?[2m:?[0;39m Authorizing SecurityContextHolderAwareRequestWrapper[ org.springframework.security.web.header.HeaderWriterFilter$HeaderWriterRequest@1508ca26]
?[0m?[0;34m?[2m2023-08-22T13:43:45.055+02:00?[0;39m ?[32mTRACE?[0;39m ?[35m18216?[0;39m ?[2m---?[0;39m ?[2m[io-28852-exec-1]?[0;39m ?[36mestMatcherDelegatingAuthorizationManager?[0;39m ?[2m:?[0;39m Checking authorization on SecurityContextHolderAwareRequestWrapper[ org.springframework.security.web.header.HeaderWriterFilter$HeaderWriterRequest@1508ca26] using org.springframework.security.authorization.AuthenticatedAuthorizationManager@65549294
?[0m?[0;34m?[2m2023-08-22T13:43:45.055+02:00?[0;39m ?[32mTRACE?[0;39m ?[35m18216?[0;39m ?[2m---?[0;39m ?[2m[io-28852-exec-1]?[0;39m ?[36mo.s.s.w.a.ExceptionTranslationFilter    ?[0;39m ?[2m:?[0;39m Sending AnonymousAuthenticationToken [Principal=anonymousUser, Credentials=[PROTECTED], Authenticated=true, Details=WebAuthenticationDetails [RemoteIpAddress=127.0.0.1, SessionId=null], Granted Authorities=[ROLE_ANONYMOUS]] to authentication entry point since access is denied
?[0m?[0;34m
?[0m?[0;34morg.springframework.security.access.AccessDeniedException: Access Denied
?[0m?[0;34m	at org.springframework.security.web.access.intercept.AuthorizationFilter.doFilter(AuthorizationFilter.java:98) ~[spring-security-web-6.0.1.jar:6.0.1]
?[0m?[0;34m	at org.springframework.security.web.ObservationFilterChainDecorator$ObservationFilter.wrapFilter(ObservationFilterChainDecorator.java:186) ~[spring-security-web-6.0.1.jar:6.0.1]
?[0m?[0;34m	at org.springframework.security.web.ObservationFilterChainDecorator$ObservationFilter.doFilter(ObservationFilterChainDecorator.java:173) ~[spring-security-web-6.0.1.jar:6.0.1]
?[0m?[0;34m	at org.springframework.security.web.ObservationFilterChainDecorator$VirtualFilterChain.doFilter(ObservationFilterChainDecorator.java:134) ~[spring-security-web-6.0.1.jar:6.0.1]
?[0m?[0;34m	at org.springframework.security.web.access.ExceptionTranslationFilter.doFilter(ExceptionTranslationFilter.java:126) ~[spring-security-web-6.0.1.jar:6.0.1]
?[0m?[0;34m	at org.springframework.security.web.access.ExceptionTranslationFilter.doFilter(ExceptionTranslationFilter.java:120) ~[spring-security-web-6.0.1.jar:6.0.1]
?[0m?[0;34m	at org.springframework.security.web.ObservationFilterChainDecorator$ObservationFilter.wrapFilter(ObservationFilterChainDecorator.java:186) ~[spring-security-web-6.0.1.jar:6.0.1]
?[0m?[0;34m	at org.springframework.security.web.ObservationFilterChainDecorator$ObservationFilter.doFilter(ObservationFilterChainDecorator.java:173) ~[spring-security-web-6.0.1.jar:6.0.1]
?[0m?[0;34m	at org.springframework.security.web.ObservationFilterChainDecorator$VirtualFilterChain.doFilter(ObservationFilterChainDecorator.java:134) ~[spring-security-web-6.0.1.jar:6.0.1]
?[0m?[0;34m	at org.springframework.security.web.session.SessionManagementFilter.doFilter(SessionManagementFilter.java:131) ~[spring-security-web-6.0.1.jar:6.0.1]
?[0m?[0;34m	at org.springframework.security.web.session.SessionManagementFilter.doFilter(SessionManagementFilter.java:85) ~[spring-security-web-6.0.1.jar:6.0.1]
?[0m?[0;34m	at org.springframework.security.web.ObservationFilterChainDecorator$ObservationFilter.wrapFilter(ObservationFilterChainDecorator.java:186) ~[spring-security-web-6.0.1.jar:6.0.1]
?[0m?[0;34m	at org.springframework.security.web.ObservationFilterChainDecorator$ObservationFilter.doFilter(ObservationFilterChainDecorator.java:173) ~[spring-security-web-6.0.1.jar:6.0.1]
?[0m?[0;34m	at org.springframework.security.web.ObservationFilterChainDecorator$VirtualFilterChain.doFilter(ObservationFilterChainDecorator.java:134) ~[spring-security-web-6.0.1.jar:6.0.1]
?[0m?[0;34m	at org.springframework.security.web.authentication.AnonymousAuthenticationFilter.doFilter(AnonymousAuthenticationFilter.java:100) ~[spring-security-web-6.0.1.jar:6.0.1]
?[0m?[0;34m	at org.springframework.security.web.ObservationFilterChainDecorator$ObservationFilter.wrapFilter(ObservationFilterChainDecorator.java:186) ~[spring-security-web-6.0.1.jar:6.0.1]
?[0m?[0;34m	at org.springframework.security.web.ObservationFilterChainDecorator$ObservationFilter.doFilter(ObservationFilterChainDecorator.java:173) ~[spring-security-web-6.0.1.jar:6.0.1]
?[0m?[0;34m	at org.springframework.security.web.ObservationFilterChainDecorator$VirtualFilterChain.doFilter(ObservationFilterChainDecorator.java:134) ~[spring-security-web-6.0.1.jar:6.0.1]
?[0m?[0;34m	at org.springframework.security.web.servletapi.SecurityContextHolderAwareRequestFilter.doFilter(SecurityContextHolderAwareRequestFilter.java:179) ~[spring-security-web-6.0.1.jar:6.0.1]
?[0m?[0;34m	at org.springframework.security.web.ObservationFilterChainDecorator$ObservationFilter.wrapFilter(ObservationFilterChainDecorator.java:186) ~[spring-security-web-6.0.1.jar:6.0.1]
?[0m?[0;34m	at org.springframework.security.web.ObservationFilterChainDecorator$ObservationFilter.doFilter(ObservationFilterChainDecorator.java:173) ~[spring-security-web-6.0.1.jar:6.0.1]
?[0m?[0;34m	at org.springframework.security.web.ObservationFilterChainDecorator$VirtualFilterChain.doFilter(ObservationFilterChainDecorator.java:134) ~[spring-security-web-6.0.1.jar:6.0.1]
?[0m?[0;34m	at org.springframework.security.web.savedrequest.RequestCacheAwareFilter.doFilter(RequestCacheAwareFilter.java:63) ~[spring-security-web-6.0.1.jar:6.0.1]
?[0m?[0;34m	at org.springframework.security.web.ObservationFilterChainDecorator$ObservationFilter.wrapFilter(ObservationFilterChainDecorator.java:186) ~[spring-security-web-6.0.1.jar:6.0.1]
?[0m?[0;34m	at org.springframework.security.web.ObservationFilterChainDecorator$ObservationFilter.doFilter(ObservationFilterChainDecorator.java:173) ~[spring-security-web-6.0.1.jar:6.0.1]
?[0m?[0;34m	at org.springframework.security.web.ObservationFilterChainDecorator$VirtualFilterChain.doFilter(ObservationFilterChainDecorator.java:134) ~[spring-security-web-6.0.1.jar:6.0.1]
?[0m?[0;34m	at org.springframework.security.web.authentication.www.BasicAuthenticationFilter.doFilterInternal(BasicAuthenticationFilter.java:170) ~[spring-security-web-6.0.1.jar:6.0.1]
?[0m?[0;34m	at org.springframework.web.filter.OncePerRequestFilter.doFilter(OncePerRequestFilter.java:116) ~[spring-web-6.0.4.jar:6.0.4]
?[0m?[0;34m	at org.springframework.security.web.ObservationFilterChainDecorator$ObservationFilter.wrapFilter(ObservationFilterChainDecorator.java:186) ~[spring-security-web-6.0.1.jar:6.0.1]
?[0m?[0;34m	at org.springframework.security.web.ObservationFilterChainDecorator$ObservationFilter.doFilter(ObservationFilterChainDecorator.java:173) ~[spring-security-web-6.0.1.jar:6.0.1]
?[0m?[0;34m	at org.springframework.security.web.ObservationFilterChainDecorator$VirtualFilterChain.doFilter(ObservationFilterChainDecorator.java:134) ~[spring-security-web-6.0.1.jar:6.0.1]
?[0m?[0;34m	at org.springframework.security.web.authentication.logout.LogoutFilter.doFilter(LogoutFilter.java:107) ~[spring-security-web-6.0.1.jar:6.0.1]
?[0m?[0;34m	at org.springframework.security.web.authentication.logout.LogoutFilter.doFilter(LogoutFilter.java:93) ~[spring-security-web-6.0.1.jar:6.0.1]
?[0m?[0;34m	at org.springframework.security.web.ObservationFilterChainDecorator$ObservationFilter.wrapFilter(ObservationFilterChainDecorator.java:186) ~[spring-security-web-6.0.1.jar:6.0.1]
?[0m?[0;34m	at org.springframework.security.web.ObservationFilterChainDecorator$ObservationFilter.doFilter(ObservationFilterChainDecorator.java:173) ~[spring-security-web-6.0.1.jar:6.0.1]
?[0m?[0;34m	at org.springframework.security.web.ObservationFilterChainDecorator$VirtualFilterChain.doFilter(ObservationFilterChainDecorator.java:134) ~[spring-security-web-6.0.1.jar:6.0.1]
?[0m?[0;34m	at org.springframework.security.web.header.HeaderWriterFilter.doHeadersAfter(HeaderWriterFilter.java:90) ~[spring-security-web-6.0.1.jar:6.0.1]
?[0m?[0;34m	at org.springframework.security.web.header.HeaderWriterFilter.doFilterInternal(HeaderWriterFilter.java:75) ~[spring-security-web-6.0.1.jar:6.0.1]
?[0m?[0;34m	at org.springframework.web.filter.OncePerRequestFilter.doFilter(OncePerRequestFilter.java:116) ~[spring-web-6.0.4.jar:6.0.4]
?[0m?[0;34m	at org.springframework.security.web.ObservationFilterChainDecorator$ObservationFilter.wrapFilter(ObservationFilterChainDecorator.java:186) ~[spring-security-web-6.0.1.jar:6.0.1]
?[0m?[0;34m	at org.springframework.security.web.ObservationFilterChainDecorator$ObservationFilter.doFilter(ObservationFilterChainDecorator.java:173) ~[spring-security-web-6.0.1.jar:6.0.1]
?[0m?[0;34m	at org.springframework.security.web.ObservationFilterChainDecorator$VirtualFilterChain.doFilter(ObservationFilterChainDecorator.java:134) ~[spring-security-web-6.0.1.jar:6.0.1]
?[0m?[0;34m	at org.springframework.security.web.context.SecurityContextHolderFilter.doFilter(SecurityContextHolderFilter.java:82) ~[spring-security-web-6.0.1.jar:6.0.1]
?[0m?[0;34m	at org.springframework.security.web.context.SecurityContextHolderFilter.doFilter(SecurityContextHolderFilter.java:69) ~[spring-security-web-6.0.1.jar:6.0.1]
?[0m?[0;34m	at org.springframework.security.web.ObservationFilterChainDecorator$ObservationFilter.wrapFilter(ObservationFilterChainDecorator.java:186) ~[spring-security-web-6.0.1.jar:6.0.1]
?[0m?[0;34m	at org.springframework.security.web.ObservationFilterChainDecorator$ObservationFilter.doFilter(ObservationFilterChainDecorator.java:173) ~[spring-security-web-6.0.1.jar:6.0.1]
?[0m?[0;34m	at org.springframework.security.web.ObservationFilterChainDecorator$VirtualFilterChain.doFilter(ObservationFilterChainDecorator.java:134) ~[spring-security-web-6.0.1.jar:6.0.1]
?[0m?[0;34m	at org.springframework.security.web.context.request.async.WebAsyncManagerIntegrationFilter.doFilterInternal(WebAsyncManagerIntegrationFilter.java:62) ~[spring-security-web-6.0.1.jar:6.0.1]
?[0m?[0;34m	at org.springframework.web.filter.OncePerRequestFilter.doFilter(OncePerRequestFilter.java:116) ~[spring-web-6.0.4.jar:6.0.4]
?[0m?[0;34m	at org.springframework.security.web.ObservationFilterChainDecorator$ObservationFilter.wrapFilter(ObservationFilterChainDecorator.java:186) ~[spring-security-web-6.0.1.jar:6.0.1]
?[0m?[0;34m	at org.springframework.security.web.ObservationFilterChainDecorator$ObservationFilter.doFilter(ObservationFilterChainDecorator.java:173) ~[spring-security-web-6.0.1.jar:6.0.1]
?[0m?[0;34m	at org.springframework.security.web.ObservationFilterChainDecorator$VirtualFilterChain.doFilter(ObservationFilterChainDecorator.java:134) ~[spring-security-web-6.0.1.jar:6.0.1]
?[0m?[0;34m	at org.springframework.security.web.session.DisableEncodeUrlFilter.doFilterInternal(DisableEncodeUrlFilter.java:42) ~[spring-security-web-6.0.1.jar:6.0.1]
?[0m?[0;34m	at org.springframework.web.filter.OncePerRequestFilter.doFilter(OncePerRequestFilter.java:116) ~[spring-web-6.0.4.jar:6.0.4]
?[0m?[0;34m	at org.springframework.security.web.ObservationFilterChainDecorator$ObservationFilter.wrapFilter(ObservationFilterChainDecorator.java:186) ~[spring-security-web-6.0.1.jar:6.0.1]
?[0m?[0;34m	at org.springframework.security.web.ObservationFilterChainDecorator$AroundFilterObservation$SimpleAroundFilterObservation.lambda$wrap$0(ObservationFilterChainDecorator.java:280) ~[spring-security-web-6.0.1.jar:6.0.1]
?[0m?[0;34m	at org.springframework.security.web.ObservationFilterChainDecorator$ObservationFilter.doFilter(ObservationFilterChainDecorator.java:170) ~[spring-security-web-6.0.1.jar:6.0.1]
?[0m?[0;34m	at org.springframework.security.web.ObservationFilterChainDecorator$VirtualFilterChain.doFilter(ObservationFilterChainDecorator.java:134) ~[spring-security-web-6.0.1.jar:6.0.1]
?[0m?[0;34m	at org.springframework.security.web.FilterChainProxy.doFilterInternal(FilterChainProxy.java:233) ~[spring-security-web-6.0.1.jar:6.0.1]
?[0m?[0;34m	at org.springframework.security.web.FilterChainProxy.doFilter(FilterChainProxy.java:191) ~[spring-security-web-6.0.1.jar:6.0.1]
?[0m?[0;34m	at org.springframework.web.filter.DelegatingFilterProxy.invokeDelegate(DelegatingFilterProxy.java:351) ~[spring-web-6.0.4.jar:6.0.4]
?[0m?[0;34m	at org.springframework.web.filter.DelegatingFilterProxy.doFilter(DelegatingFilterProxy.java:267) ~[spring-web-6.0.4.jar:6.0.4]
?[0m?[0;34m	at jdk.internal.reflect.GeneratedMethodAccessor11.invoke(Unknown Source) ~[na:na]
?[0m?[0;34m	at java.base/jdk.internal.reflect.DelegatingMethodAccessorImpl.invoke(DelegatingMethodAccessorImpl.java:43) ~[na:na]
?[0m?[0;34m	at java.base/java.lang.reflect.Method.invoke(Method.java:568) ~[na:na]
?[0m?[0;34m	at org.apache.catalina.security.SecurityUtil.lambda$execute$0(SecurityUtil.java:281) ~[tomcat-embed-core-10.1.5.jar:10.1.5]
?[0m?[0;34m	at java.base/java.security.AccessController.doPrivileged(AccessController.java:712) ~[na:na]
?[0m?[0;34m	at java.base/javax.security.auth.Subject.doAsPrivileged(Subject.java:584) ~[na:na]
?[0m?[0;34m	at org.apache.catalina.security.SecurityUtil.execute(SecurityUtil.java:312) ~[tomcat-embed-core-10.1.5.jar:10.1.5]
?[0m?[0;34m	at org.apache.catalina.security.SecurityUtil.doAsPrivilege(SecurityUtil.java:254) ~[tomcat-embed-core-10.1.5.jar:10.1.5]
?[0m?[0;34m	at org.apache.catalina.core.ApplicationFilterChain.internalDoFilter(ApplicationFilterChain.java:183) ~[tomcat-embed-core-10.1.5.jar:10.1.5]
?[0m?[0;34m	at org.apache.catalina.core.ApplicationFilterChain.lambda$doFilter$0(ApplicationFilterChain.java:141) ~[tomcat-embed-core-10.1.5.jar:10.1.5]
?[0m?[0;34m	at java.base/java.security.AccessController.doPrivileged(AccessController.java:569) ~[na:na]
?[0m?[0;34m	at org.apache.catalina.core.ApplicationFilterChain.doFilter(ApplicationFilterChain.java:139) ~[tomcat-embed-core-10.1.5.jar:10.1.5]
?[0m?[0;34m	at org.springframework.web.filter.RequestContextFilter.doFilterInternal(RequestContextFilter.java:100) ~[spring-web-6.0.4.jar:6.0.4]
?[0m?[0;34m	at org.springframework.web.filter.OncePerRequestFilter.doFilter(OncePerRequestFilter.java:116) ~[spring-web-6.0.4.jar:6.0.4]
?[0m?[0;34m	at jdk.internal.reflect.GeneratedMethodAccessor11.invoke(Unknown Source) ~[na:na]
?[0m?[0;34m	at java.base/jdk.internal.reflect.DelegatingMethodAccessorImpl.invoke(DelegatingMethodAccessorImpl.java:43) ~[na:na]
?[0m?[0;34m	at java.base/java.lang.reflect.Method.invoke(Method.java:568) ~[na:na]
?[0m?[0;34m	at org.apache.catalina.security.SecurityUtil.lambda$execute$0(SecurityUtil.java:281) ~[tomcat-embed-core-10.1.5.jar:10.1.5]
?[0m?[0;34m	at java.base/java.security.AccessController.doPrivileged(AccessController.java:712) ~[na:na]
?[0m?[0;34m	at java.base/javax.security.auth.Subject.doAsPrivileged(Subject.java:584) ~[na:na]
?[0m?[0;34m	at org.apache.catalina.security.SecurityUtil.execute(SecurityUtil.java:312) ~[tomcat-embed-core-10.1.5.jar:10.1.5]
?[0m?[0;34m	at org.apache.catalina.security.SecurityUtil.doAsPrivilege(SecurityUtil.java:254) ~[tomcat-embed-core-10.1.5.jar:10.1.5]
?[0m?[0;34m	at org.apache.catalina.core.ApplicationFilterChain.internalDoFilter(ApplicationFilterChain.java:183) ~[tomcat-embed-core-10.1.5.jar:10.1.5]
?[0m?[0;34m	at org.apache.catalina.core.ApplicationFilterChain.lambda$doFilter$0(ApplicationFilterChain.java:141) ~[tomcat-embed-core-10.1.5.jar:10.1.5]
?[0m?[0;34m	at java.base/java.security.AccessController.doPrivileged(AccessController.java:569) ~[na:na]
?[0m?[0;34m	at org.apache.catalina.core.ApplicationFilterChain.doFilter(ApplicationFilterChain.java:139) ~[tomcat-embed-core-10.1.5.jar:10.1.5]
?[0m?[0;34m	at org.springframework.web.filter.FormContentFilter.doFilterInternal(FormContentFilter.java:93) ~[spring-web-6.0.4.jar:6.0.4]
?[0m?[0;34m	at org.springframework.web.filter.OncePerRequestFilter.doFilter(OncePerRequestFilter.java:116) ~[spring-web-6.0.4.jar:6.0.4]
?[0m?[0;34m	at jdk.internal.reflect.GeneratedMethodAccessor11.invoke(Unknown Source) ~[na:na]
?[0m?[0;34m	at java.base/jdk.internal.reflect.DelegatingMethodAccessorImpl.invoke(DelegatingMethodAccessorImpl.java:43) ~[na:na]
?[0m?[0;34m	at java.base/java.lang.reflect.Method.invoke(Method.java:568) ~[na:na]
?[0m?[0;34m	at org.apache.catalina.security.SecurityUtil.lambda$execute$0(SecurityUtil.java:281) ~[tomcat-embed-core-10.1.5.jar:10.1.5]
?[0m?[0;34m	at java.base/java.security.AccessController.doPrivileged(AccessController.java:712) ~[na:na]
?[0m?[0;34m	at java.base/javax.security.auth.Subject.doAsPrivileged(Subject.java:584) ~[na:na]
?[0m?[0;34m	at org.apache.catalina.security.SecurityUtil.execute(SecurityUtil.java:312) ~[tomcat-embed-core-10.1.5.jar:10.1.5]
?[0m?[0;34m	at org.apache.catalina.security.SecurityUtil.doAsPrivilege(SecurityUtil.java:254) ~[tomcat-embed-core-10.1.5.jar:10.1.5]
?[0m?[0;34m	at org.apache.catalina.core.ApplicationFilterChain.internalDoFilter(ApplicationFilterChain.java:183) ~[tomcat-embed-core-10.1.5.jar:10.1.5]
?[0m?[0;34m	at org.apache.catalina.core.ApplicationFilterChain.lambda$doFilter$0(ApplicationFilterChain.java:141) ~[tomcat-embed-core-10.1.5.jar:10.1.5]
?[0m?[0;34m	at java.base/java.security.AccessController.doPrivileged(AccessController.java:569) ~[na:na]
?[0m?[0;34m	at org.apache.catalina.core.ApplicationFilterChain.doFilter(ApplicationFilterChain.java:139) ~[tomcat-embed-core-10.1.5.jar:10.1.5]
?[0m?[0;34m	at org.springframework.web.filter.ServerHttpObservationFilter.doFilterInternal(ServerHttpObservationFilter.java:109) ~[spring-web-6.0.4.jar:6.0.4]
?[0m?[0;34m	at org.springframework.web.filter.OncePerRequestFilter.doFilter(OncePerRequestFilter.java:116) ~[spring-web-6.0.4.jar:6.0.4]
?[0m?[0;34m	at jdk.internal.reflect.GeneratedMethodAccessor11.invoke(Unknown Source) ~[na:na]
?[0m?[0;34m	at java.base/jdk.internal.reflect.DelegatingMethodAccessorImpl.invoke(DelegatingMethodAccessorImpl.java:43) ~[na:na]
?[0m?[0;34m	at java.base/java.lang.reflect.Method.invoke(Method.java:568) ~[na:na]
?[0m?[0;34m	at org.apache.catalina.security.SecurityUtil.lambda$execute$0(SecurityUtil.java:281) ~[tomcat-embed-core-10.1.5.jar:10.1.5]
?[0m?[0;34m	at java.base/java.security.AccessController.doPrivileged(AccessController.java:712) ~[na:na]
?[0m?[0;34m	at java.base/javax.security.auth.Subject.doAsPrivileged(Subject.java:584) ~[na:na]
?[0m?[0;34m	at org.apache.catalina.security.SecurityUtil.execute(SecurityUtil.java:312) ~[tomcat-embed-core-10.1.5.jar:10.1.5]
?[0m?[0;34m	at org.apache.catalina.security.SecurityUtil.doAsPrivilege(SecurityUtil.java:254) ~[tomcat-embed-core-10.1.5.jar:10.1.5]
?[0m?[0;34m	at org.apache.catalina.core.ApplicationFilterChain.internalDoFilter(ApplicationFilterChain.java:183) ~[tomcat-embed-core-10.1.5.jar:10.1.5]
?[0m?[0;34m	at org.apache.catalina.core.ApplicationFilterChain.lambda$doFilter$0(ApplicationFilterChain.java:141) ~[tomcat-embed-core-10.1.5.jar:10.1.5]
?[0m?[0;34m	at java.base/java.security.AccessController.doPrivileged(AccessController.java:569) ~[na:na]
?[0m?[0;34m	at org.apache.catalina.core.ApplicationFilterChain.doFilter(ApplicationFilterChain.java:139) ~[tomcat-embed-core-10.1.5.jar:10.1.5]
?[0m?[0;34m	at org.springframework.web.filter.CharacterEncodingFilter.doFilterInternal(CharacterEncodingFilter.java:201) ~[spring-web-6.0.4.jar:6.0.4]
?[0m?[0;34m	at org.springframework.web.filter.OncePerRequestFilter.doFilter(OncePerRequestFilter.java:116) ~[spring-web-6.0.4.jar:6.0.4]
?[0m?[0;34m	at jdk.internal.reflect.GeneratedMethodAccessor11.invoke(Unknown Source) ~[na:na]
?[0m?[0;34m	at java.base/jdk.internal.reflect.DelegatingMethodAccessorImpl.invoke(DelegatingMethodAccessorImpl.java:43) ~[na:na]
?[0m?[0;34m	at java.base/java.lang.reflect.Method.invoke(Method.java:568) ~[na:na]
?[0m?[0;34m	at org.apache.catalina.security.SecurityUtil.lambda$execute$0(SecurityUtil.java:281) ~[tomcat-embed-core-10.1.5.jar:10.1.5]
?[0m?[0;34m	at java.base/java.security.AccessController.doPrivileged(AccessController.java:712) ~[na:na]
?[0m?[0;34m	at java.base/javax.security.auth.Subject.doAsPrivileged(Subject.java:584) ~[na:na]
?[0m?[0;34m	at org.apache.catalina.security.SecurityUtil.execute(SecurityUtil.java:312) ~[tomcat-embed-core-10.1.5.jar:10.1.5]
?[0m?[0;34m	at org.apache.catalina.security.SecurityUtil.doAsPrivilege(SecurityUtil.java:254) ~[tomcat-embed-core-10.1.5.jar:10.1.5]
?[0m?[0;34m	at org.apache.catalina.core.ApplicationFilterChain.internalDoFilter(ApplicationFilterChain.java:183) ~[tomcat-embed-core-10.1.5.jar:10.1.5]
?[0m?[0;34m	at org.apache.catalina.core.ApplicationFilterChain.lambda$doFilter$0(ApplicationFilterChain.java:141) ~[tomcat-embed-core-10.1.5.jar:10.1.5]
?[0m?[0;34m	at java.base/java.security.AccessController.doPrivileged(AccessController.java:569) ~[na:na]
?[0m?[0;34m	at org.apache.catalina.core.ApplicationFilterChain.doFilter(ApplicationFilterChain.java:139) ~[tomcat-embed-core-10.1.5.jar:10.1.5]
?[0m?[0;34m	at org.apache.catalina.core.StandardWrapperValve.invoke(StandardWrapperValve.java:177) ~[tomcat-embed-core-10.1.5.jar:10.1.5]
?[0m?[0;34m	at org.apache.catalina.core.StandardContextValve.invoke(StandardContextValve.java:97) ~[tomcat-embed-core-10.1.5.jar:10.1.5]
?[0m?[0;34m	at org.apache.catalina.authenticator.AuthenticatorBase.invoke(AuthenticatorBase.java:542) ~[tomcat-embed-core-10.1.5.jar:10.1.5]
?[0m?[0;34m	at org.apache.catalina.core.StandardHostValve.invoke(StandardHostValve.java:119) ~[tomcat-embed-core-10.1.5.jar:10.1.5]
?[0m?[0;34m	at org.apache.catalina.valves.ErrorReportValve.invoke(ErrorReportValve.java:92) ~[tomcat-embed-core-10.1.5.jar:10.1.5]
?[0m?[0;34m	at org.apache.catalina.core.StandardEngineValve.invoke(StandardEngineValve.java:78) ~[tomcat-embed-core-10.1.5.jar:10.1.5]
?[0m?[0;34m	at org.apache.catalina.connector.CoyoteAdapter.service(CoyoteAdapter.java:357) ~[tomcat-embed-core-10.1.5.jar:10.1.5]
?[0m?[0;34m	at org.apache.coyote.http11.Http11Processor.service(Http11Processor.java:400) ~[tomcat-embed-core-10.1.5.jar:10.1.5]
?[0m?[0;34m	at org.apache.coyote.AbstractProcessorLight.process(AbstractProcessorLight.java:65) ~[tomcat-embed-core-10.1.5.jar:10.1.5]
?[0m?[0;34m	at org.apache.coyote.AbstractProtocol$ConnectionHandler.process(AbstractProtocol.java:859) ~[tomcat-embed-core-10.1.5.jar:10.1.5]
?[0m?[0;34m	at org.apache.tomcat.util.net.NioEndpoint$SocketProcessor.doRun(NioEndpoint.java:1734) ~[tomcat-embed-core-10.1.5.jar:10.1.5]
?[0m?[0;34m	at org.apache.tomcat.util.net.SocketProcessorBase.run(SocketProcessorBase.java:52) ~[tomcat-embed-core-10.1.5.jar:10.1.5]
?[0m?[0;34m	at org.apache.tomcat.util.threads.ThreadPoolExecutor.runWorker(ThreadPoolExecutor.java:1191) ~[tomcat-embed-core-10.1.5.jar:10.1.5]
?[0m?[0;34m	at org.apache.tomcat.util.threads.ThreadPoolExecutor$Worker.run(ThreadPoolExecutor.java:659) ~[tomcat-embed-core-10.1.5.jar:10.1.5]
?[0m?[0;34m	at org.apache.tomcat.util.threads.TaskThread$WrappingRunnable.run(TaskThread.java:61) ~[tomcat-embed-core-10.1.5.jar:10.1.5]
?[0m?[0;34m	at java.base/java.lang.Thread.run(Thread.java:833) ~[na:na]
?[0m?[0;34m
?[0m?[0;34m?[2m2023-08-22T13:43:45.059+02:00?[0;39m ?[32mDEBUG?[0;39m ?[35m18216?[0;39m ?[2m---?[0;39m ?[2m[io-28852-exec-1]?[0;39m ?[36ms.w.a.DelegatingAuthenticationEntryPoint?[0;39m ?[2m:?[0;39m Trying to match using RequestHeaderRequestMatcher [expectedHeaderName=X-Requested-With, expectedHeaderValue=XMLHttpRequest]
?[0m?[0;34m?[2m2023-08-22T13:43:45.059+02:00?[0;39m ?[32mDEBUG?[0;39m ?[35m18216?[0;39m ?[2m---?[0;39m ?[2m[io-28852-exec-1]?[0;39m ?[36ms.w.a.DelegatingAuthenticationEntryPoint?[0;39m ?[2m:?[0;39m No match found. Using default entry point org.springframework.security.web.authentication.www.BasicAuthenticationEntryPoint@a99e0e6
?[0m?[0;34m?[2m2023-08-22T13:43:45.059+02:00?[0;39m ?[32mTRACE?[0;39m ?[35m18216?[0;39m ?[2m---?[0;39m ?[2m[io-28852-exec-1]?[0;39m ?[36mo.s.s.w.header.writers.HstsHeaderWriter ?[0;39m ?[2m:?[0;39m Not injecting HSTS header since it did not match request to [Is Secure]
?[0m?[0;34m?[2m2023-08-22T13:43:45.060+02:00?[0;39m ?[32mTRACE?[0;39m ?[35m18216?[0;39m ?[2m---?[0;39m ?[2m[io-28852-exec-1]?[0;39m ?[36mo.s.security.web.FilterChainProxy       ?[0;39m ?[2m:?[0;39m Trying to match request against DefaultSecurityFilterChain [RequestMatcher=any request, Filters=[org.springframework.security.web.session.DisableEncodeUrlFilter@5d51203b, org.springframework.security.web.context.request.async.WebAsyncManagerIntegrationFilter@32be672d, org.springframework.security.web.context.SecurityContextHolderFilter@74f54f8e, org.springframework.security.web.header.HeaderWriterFilter@157ff8f8, org.springframework.security.web.authentication.logout.LogoutFilter@72364a40, org.springframework.security.web.authentication.www.BasicAuthenticationFilter@a23b96b, org.springframework.security.web.savedrequest.RequestCacheAwareFilter@59b8a801, org.springframework.security.web.servletapi.SecurityContextHolderAwareRequestFilter@5aa026e9, org.springframework.security.web.authentication.AnonymousAuthenticationFilter@23e54c8a, org.springframework.security.web.session.SessionManagementFilter@79e3f444, org.springframework.security.web.access.ExceptionTranslationFilter@17a756db, org.springframework.security.web.access.intercept.AuthorizationFilter@55e75ce0]] (1/1)
?[0m?[0;34m?[2m2023-08-22T13:43:45.060+02:00?[0;39m ?[32mDEBUG?[0;39m ?[35m18216?[0;39m ?[2m---?[0;39m ?[2m[io-28852-exec-1]?[0;39m ?[36mo.s.security.web.FilterChainProxy       ?[0;39m ?[2m:?[0;39m Securing GET /error
?[0m?[0;34m?[2m2023-08-22T13:43:45.060+02:00?[0;39m ?[32mTRACE?[0;39m ?[35m18216?[0;39m ?[2m---?[0;39m ?[2m[io-28852-exec-1]?[0;39m ?[36mo.s.security.web.FilterChainProxy       ?[0;39m ?[2m:?[0;39m Invoking DisableEncodeUrlFilter (1/12)
?[0m?[0;34m?[2m2023-08-22T13:43:45.060+02:00?[0;39m ?[32mTRACE?[0;39m ?[35m18216?[0;39m ?[2m---?[0;39m ?[2m[io-28852-exec-1]?[0;39m ?[36mo.s.security.web.FilterChainProxy       ?[0;39m ?[2m:?[0;39m Invoking WebAsyncManagerIntegrationFilter (2/12)
?[0m?[0;34m?[2m2023-08-22T13:43:45.060+02:00?[0;39m ?[32mTRACE?[0;39m ?[35m18216?[0;39m ?[2m---?[0;39m ?[2m[io-28852-exec-1]?[0;39m ?[36mo.s.security.web.FilterChainProxy       ?[0;39m ?[2m:?[0;39m Invoking SecurityContextHolderFilter (3/12)
?[0m?[0;34m?[2m2023-08-22T13:43:45.060+02:00?[0;39m ?[32mTRACE?[0;39m ?[35m18216?[0;39m ?[2m---?[0;39m ?[2m[io-28852-exec-1]?[0;39m ?[36mo.s.security.web.FilterChainProxy       ?[0;39m ?[2m:?[0;39m Invoking HeaderWriterFilter (4/12)
?[0m?[0;34m?[2m2023-08-22T13:43:45.061+02:00?[0;39m ?[32mTRACE?[0;39m ?[35m18216?[0;39m ?[2m---?[0;39m ?[2m[io-28852-exec-1]?[0;39m ?[36mo.s.security.web.FilterChainProxy       ?[0;39m ?[2m:?[0;39m Invoking LogoutFilter (5/12)
?[0m?[0;34m?[2m2023-08-22T13:43:45.061+02:00?[0;39m ?[32mTRACE?[0;39m ?[35m18216?[0;39m ?[2m---?[0;39m ?[2m[io-28852-exec-1]?[0;39m ?[36mo.s.s.w.a.logout.LogoutFilter           ?[0;39m ?[2m:?[0;39m Did not match request to Or [Ant [pattern='/logout', GET], Ant [pattern='/logout', POST], Ant [pattern='/logout', PUT], Ant [pattern='/logout', DELETE]]
?[0m?[0;34m?[2m2023-08-22T13:43:45.061+02:00?[0;39m ?[32mTRACE?[0;39m ?[35m18216?[0;39m ?[2m---?[0;39m ?[2m[io-28852-exec-1]?[0;39m ?[36mo.s.security.web.FilterChainProxy       ?[0;39m ?[2m:?[0;39m Invoking BasicAuthenticationFilter (6/12)
?[0m?[0;34m?[2m2023-08-22T13:43:45.061+02:00?[0;39m ?[32mTRACE?[0;39m ?[35m18216?[0;39m ?[2m---?[0;39m ?[2m[io-28852-exec-1]?[0;39m ?[36mo.s.security.web.FilterChainProxy       ?[0;39m ?[2m:?[0;39m Invoking RequestCacheAwareFilter (7/12)
?[0m?[0;34m?[2m2023-08-22T13:43:45.061+02:00?[0;39m ?[32mTRACE?[0;39m ?[35m18216?[0;39m ?[2m---?[0;39m ?[2m[io-28852-exec-1]?[0;39m ?[36mo.s.security.web.FilterChainProxy       ?[0;39m ?[2m:?[0;39m Invoking SecurityContextHolderAwareRequestFilter (8/12)
?[0m?[0;34m?[2m2023-08-22T13:43:45.061+02:00?[0;39m ?[32mTRACE?[0;39m ?[35m18216?[0;39m ?[2m---?[0;39m ?[2m[io-28852-exec-1]?[0;39m ?[36mo.s.security.web.FilterChainProxy       ?[0;39m ?[2m:?[0;39m Invoking AnonymousAuthenticationFilter (9/12)
?[0m?[0;34m?[2m2023-08-22T13:43:45.061+02:00?[0;39m ?[32mTRACE?[0;39m ?[35m18216?[0;39m ?[2m---?[0;39m ?[2m[io-28852-exec-1]?[0;39m ?[36mo.s.security.web.FilterChainProxy       ?[0;39m ?[2m:?[0;39m Invoking SessionManagementFilter (10/12)
?[0m?[0;34m?[2m2023-08-22T13:43:45.061+02:00?[0;39m ?[32mTRACE?[0;39m ?[35m18216?[0;39m ?[2m---?[0;39m ?[2m[io-28852-exec-1]?[0;39m ?[36mo.s.security.web.FilterChainProxy       ?[0;39m ?[2m:?[0;39m Invoking ExceptionTranslationFilter (11/12)
?[0m?[0;34m?[2m2023-08-22T13:43:45.061+02:00?[0;39m ?[32mTRACE?[0;39m ?[35m18216?[0;39m ?[2m---?[0;39m ?[2m[io-28852-exec-1]?[0;39m ?[36mo.s.security.web.FilterChainProxy       ?[0;39m ?[2m:?[0;39m Invoking AuthorizationFilter (12/12)
?[0m?[0;34m?[2m2023-08-22T13:43:45.061+02:00?[0;39m ?[32mTRACE?[0;39m ?[35m18216?[0;39m ?[2m---?[0;39m ?[2m[io-28852-exec-1]?[0;39m ?[36mestMatcherDelegatingAuthorizationManager?[0;39m ?[2m:?[0;39m Authorizing SecurityContextHolderAwareRequestWrapper[ FirewalledRequest[ org.apache.catalina.core.ApplicationHttpRequest@3bbe795e]]
?[0m?[0;34m?[2m2023-08-22T13:43:45.061+02:00?[0;39m ?[32mTRACE?[0;39m ?[35m18216?[0;39m ?[2m---?[0;39m ?[2m[io-28852-exec-1]?[0;39m ?[36mestMatcherDelegatingAuthorizationManager?[0;39m ?[2m:?[0;39m Checking authorization on SecurityContextHolderAwareRequestWrapper[ FirewalledRequest[ org.apache.catalina.core.ApplicationHttpRequest@3bbe795e]] using org.springframework.security.config.annotation.web.configurers.AuthorizeHttpRequestsConfigurer$$Lambda$1316/0x0000000100a4d140@528cc85a
?[0m?[0;34m?[2m2023-08-22T13:43:45.061+02:00?[0;39m ?[32mDEBUG?[0;39m ?[35m18216?[0;39m ?[2m---?[0;39m ?[2m[io-28852-exec-1]?[0;39m ?[36mo.s.security.web.FilterChainProxy       ?[0;39m ?[2m:?[0;39m Secured GET /error
?[0m?[0;34m?[2m2023-08-22T13:43:45.061+02:00?[0;39m ?[32mTRACE?[0;39m ?[35m18216?[0;39m ?[2m---?[0;39m ?[2m[io-28852-exec-1]?[0;39m ?[36m.s.s.w.c.SupplierDeferredSecurityContext?[0;39m ?[2m:?[0;39m Created SecurityContextImpl [Null authentication]
?[0m?[0;34m?[2m2023-08-22T13:43:45.061+02:00?[0;39m ?[32mTRACE?[0;39m ?[35m18216?[0;39m ?[2m---?[0;39m ?[2m[io-28852-exec-1]?[0;39m ?[36mo.s.s.w.a.AnonymousAuthenticationFilter ?[0;39m ?[2m:?[0;39m Set SecurityContextHolder to AnonymousAuthenticationToken [Principal=anonymousUser, Credentials=[PROTECTED], Authenticated=true, Details=WebAuthenticationDetails [RemoteIpAddress=127.0.0.1, SessionId=null], Granted Authorities=[ROLE_ANONYMOUS]]
?[1;31m
Start test 28?[0m
?[0m?[0;34m?[2m2023-08-22T13:43:45.071+02:00?[0;39m ?[32mTRACE?[0;39m ?[35m18216?[0;39m ?[2m---?[0;39m ?[2m[io-28852-exec-9]?[0;39m ?[36mo.s.security.web.FilterChainProxy       ?[0;39m ?[2m:?[0;39m Trying to match request against DefaultSecurityFilterChain [RequestMatcher=any request, Filters=[org.springframework.security.web.session.DisableEncodeUrlFilter@5d51203b, org.springframework.security.web.context.request.async.WebAsyncManagerIntegrationFilter@32be672d, org.springframework.security.web.context.SecurityContextHolderFilter@74f54f8e, org.springframework.security.web.header.HeaderWriterFilter@157ff8f8, org.springframework.security.web.authentication.logout.LogoutFilter@72364a40, org.springframework.security.web.authentication.www.BasicAuthenticationFilter@a23b96b, org.springframework.security.web.savedrequest.RequestCacheAwareFilter@59b8a801, org.springframework.security.web.servletapi.SecurityContextHolderAwareRequestFilter@5aa026e9, org.springframework.security.web.authentication.AnonymousAuthenticationFilter@23e54c8a, org.springframework.security.web.session.SessionManagementFilter@79e3f444, org.springframework.security.web.access.ExceptionTranslationFilter@17a756db, org.springframework.security.web.access.intercept.AuthorizationFilter@55e75ce0]] (1/1)
?[0m?[0;34m?[2m2023-08-22T13:43:45.071+02:00?[0;39m ?[32mDEBUG?[0;39m ?[35m18216?[0;39m ?[2m---?[0;39m ?[2m[io-28852-exec-9]?[0;39m ?[36mo.s.security.web.FilterChainProxy       ?[0;39m ?[2m:?[0;39m Securing POST /api/auth/changepass
?[0m?[0;34m?[2m2023-08-22T13:43:45.071+02:00?[0;39m ?[32mTRACE?[0;39m ?[35m18216?[0;39m ?[2m---?[0;39m ?[2m[io-28852-exec-9]?[0;39m ?[36mo.s.security.web.FilterChainProxy       ?[0;39m ?[2m:?[0;39m Invoking DisableEncodeUrlFilter (1/12)
?[0m?[0;34m?[2m2023-08-22T13:43:45.071+02:00?[0;39m ?[32mTRACE?[0;39m ?[35m18216?[0;39m ?[2m---?[0;39m ?[2m[io-28852-exec-9]?[0;39m ?[36mo.s.security.web.FilterChainProxy       ?[0;39m ?[2m:?[0;39m Invoking WebAsyncManagerIntegrationFilter (2/12)
?[0m?[0;34m?[2m2023-08-22T13:43:45.072+02:00?[0;39m ?[32mTRACE?[0;39m ?[35m18216?[0;39m ?[2m---?[0;39m ?[2m[io-28852-exec-9]?[0;39m ?[36mo.s.security.web.FilterChainProxy       ?[0;39m ?[2m:?[0;39m Invoking SecurityContextHolderFilter (3/12)
?[0m?[0;34m?[2m2023-08-22T13:43:45.072+02:00?[0;39m ?[32mTRACE?[0;39m ?[35m18216?[0;39m ?[2m---?[0;39m ?[2m[io-28852-exec-9]?[0;39m ?[36mo.s.security.web.FilterChainProxy       ?[0;39m ?[2m:?[0;39m Invoking HeaderWriterFilter (4/12)
?[0m?[0;34m?[2m2023-08-22T13:43:45.072+02:00?[0;39m ?[32mTRACE?[0;39m ?[35m18216?[0;39m ?[2m---?[0;39m ?[2m[io-28852-exec-9]?[0;39m ?[36mo.s.security.web.FilterChainProxy       ?[0;39m ?[2m:?[0;39m Invoking LogoutFilter (5/12)
?[0m?[0;34m?[2m2023-08-22T13:43:45.072+02:00?[0;39m ?[32mTRACE?[0;39m ?[35m18216?[0;39m ?[2m---?[0;39m ?[2m[io-28852-exec-9]?[0;39m ?[36mo.s.s.w.a.logout.LogoutFilter           ?[0;39m ?[2m:?[0;39m Did not match request to Or [Ant [pattern='/logout', GET], Ant [pattern='/logout', POST], Ant [pattern='/logout', PUT], Ant [pattern='/logout', DELETE]]
?[0m?[0;34m?[2m2023-08-22T13:43:45.072+02:00?[0;39m ?[32mTRACE?[0;39m ?[35m18216?[0;39m ?[2m---?[0;39m ?[2m[io-28852-exec-9]?[0;39m ?[36mo.s.security.web.FilterChainProxy       ?[0;39m ?[2m:?[0;39m Invoking BasicAuthenticationFilter (6/12)
?[0m?[0;34m?[2m2023-08-22T13:43:45.072+02:00?[0;39m ?[32mTRACE?[0;39m ?[35m18216?[0;39m ?[2m---?[0;39m ?[2m[io-28852-exec-9]?[0;39m ?[36mo.s.s.w.a.www.BasicAuthenticationFilter ?[0;39m ?[2m:?[0;39m Did not process authentication request since failed to find username and password in Basic Authorization header
?[0m?[0;34m?[2m2023-08-22T13:43:45.072+02:00?[0;39m ?[32mTRACE?[0;39m ?[35m18216?[0;39m ?[2m---?[0;39m ?[2m[io-28852-exec-9]?[0;39m ?[36mo.s.security.web.FilterChainProxy       ?[0;39m ?[2m:?[0;39m Invoking RequestCacheAwareFilter (7/12)
?[0m?[0;34m?[2m2023-08-22T13:43:45.072+02:00?[0;39m ?[32mTRACE?[0;39m ?[35m18216?[0;39m ?[2m---?[0;39m ?[2m[io-28852-exec-9]?[0;39m ?[36mo.s.security.web.FilterChainProxy       ?[0;39m ?[2m:?[0;39m Invoking SecurityContextHolderAwareRequestFilter (8/12)
?[0m?[0;34m?[2m2023-08-22T13:43:45.072+02:00?[0;39m ?[32mTRACE?[0;39m ?[35m18216?[0;39m ?[2m---?[0;39m ?[2m[io-28852-exec-9]?[0;39m ?[36mo.s.security.web.FilterChainProxy       ?[0;39m ?[2m:?[0;39m Invoking AnonymousAuthenticationFilter (9/12)
?[0m?[0;34m?[2m2023-08-22T13:43:45.072+02:00?[0;39m ?[32mTRACE?[0;39m ?[35m18216?[0;39m ?[2m---?[0;39m ?[2m[io-28852-exec-9]?[0;39m ?[36mo.s.security.web.FilterChainProxy       ?[0;39m ?[2m:?[0;39m Invoking SessionManagementFilter (10/12)
?[0m?[0;34m?[2m2023-08-22T13:43:45.072+02:00?[0;39m ?[32mTRACE?[0;39m ?[35m18216?[0;39m ?[2m---?[0;39m ?[2m[io-28852-exec-9]?[0;39m ?[36m.s.s.w.c.SupplierDeferredSecurityContext?[0;39m ?[2m:?[0;39m Created SecurityContextImpl [Null authentication]
?[0m?[0;34m?[2m2023-08-22T13:43:45.072+02:00?[0;39m ?[32mTRACE?[0;39m ?[35m18216?[0;39m ?[2m---?[0;39m ?[2m[io-28852-exec-9]?[0;39m ?[36mo.s.s.w.a.AnonymousAuthenticationFilter ?[0;39m ?[2m:?[0;39m Set SecurityContextHolder to AnonymousAuthenticationToken [Principal=anonymousUser, Credentials=[PROTECTED], Authenticated=true, Details=WebAuthenticationDetails [RemoteIpAddress=127.0.0.1, SessionId=null], Granted Authorities=[ROLE_ANONYMOUS]]
?[0m?[0;34m?[2m2023-08-22T13:43:45.072+02:00?[0;39m ?[32mTRACE?[0;39m ?[35m18216?[0;39m ?[2m---?[0;39m ?[2m[io-28852-exec-9]?[0;39m ?[36mo.s.security.web.FilterChainProxy       ?[0;39m ?[2m:?[0;39m Invoking ExceptionTranslationFilter (11/12)
?[0m?[0;34m?[2m2023-08-22T13:43:45.072+02:00?[0;39m ?[32mTRACE?[0;39m ?[35m18216?[0;39m ?[2m---?[0;39m ?[2m[io-28852-exec-9]?[0;39m ?[36mo.s.security.web.FilterChainProxy       ?[0;39m ?[2m:?[0;39m Invoking AuthorizationFilter (12/12)
?[0m?[0;34m?[2m2023-08-22T13:43:45.072+02:00?[0;39m ?[32mTRACE?[0;39m ?[35m18216?[0;39m ?[2m---?[0;39m ?[2m[io-28852-exec-9]?[0;39m ?[36mestMatcherDelegatingAuthorizationManager?[0;39m ?[2m:?[0;39m Authorizing SecurityContextHolderAwareRequestWrapper[ org.springframework.security.web.header.HeaderWriterFilter$HeaderWriterRequest@a15a8c1]
?[0m?[0;34m?[2m2023-08-22T13:43:45.072+02:00?[0;39m ?[32mTRACE?[0;39m ?[35m18216?[0;39m ?[2m---?[0;39m ?[2m[io-28852-exec-9]?[0;39m ?[36mestMatcherDelegatingAuthorizationManager?[0;39m ?[2m:?[0;39m Checking authorization on SecurityContextHolderAwareRequestWrapper[ org.springframework.security.web.header.HeaderWriterFilter$HeaderWriterRequest@a15a8c1] using org.springframework.security.authorization.AuthenticatedAuthorizationManager@65549294
?[0m?[0;34m?[2m2023-08-22T13:43:45.073+02:00?[0;39m ?[32mTRACE?[0;39m ?[35m18216?[0;39m ?[2m---?[0;39m ?[2m[io-28852-exec-9]?[0;39m ?[36mo.s.s.w.a.ExceptionTranslationFilter    ?[0;39m ?[2m:?[0;39m Sending AnonymousAuthenticationToken [Principal=anonymousUser, Credentials=[PROTECTED], Authenticated=true, Details=WebAuthenticationDetails [RemoteIpAddress=127.0.0.1, SessionId=null], Granted Authorities=[ROLE_ANONYMOUS]] to authentication entry point since access is denied
?[0m?[0;34m
?[0m?[0;34morg.springframework.security.access.AccessDeniedException: Access Denied
?[0m?[0;34m	at org.springframework.security.web.access.intercept.AuthorizationFilter.doFilter(AuthorizationFilter.java:98) ~[spring-security-web-6.0.1.jar:6.0.1]
?[0m?[0;34m	at org.springframework.security.web.ObservationFilterChainDecorator$ObservationFilter.wrapFilter(ObservationFilterChainDecorator.java:186) ~[spring-security-web-6.0.1.jar:6.0.1]
?[0m?[0;34m	at org.springframework.security.web.ObservationFilterChainDecorator$ObservationFilter.doFilter(ObservationFilterChainDecorator.java:173) ~[spring-security-web-6.0.1.jar:6.0.1]
?[0m?[0;34m	at org.springframework.security.web.ObservationFilterChainDecorator$VirtualFilterChain.doFilter(ObservationFilterChainDecorator.java:134) ~[spring-security-web-6.0.1.jar:6.0.1]
?[0m?[0;34m	at org.springframework.security.web.access.ExceptionTranslationFilter.doFilter(ExceptionTranslationFilter.java:126) ~[spring-security-web-6.0.1.jar:6.0.1]
?[0m?[0;34m	at org.springframework.security.web.access.ExceptionTranslationFilter.doFilter(ExceptionTranslationFilter.java:120) ~[spring-security-web-6.0.1.jar:6.0.1]
?[0m?[0;34m	at org.springframework.security.web.ObservationFilterChainDecorator$ObservationFilter.wrapFilter(ObservationFilterChainDecorator.java:186) ~[spring-security-web-6.0.1.jar:6.0.1]
?[0m?[0;34m	at org.springframework.security.web.ObservationFilterChainDecorator$ObservationFilter.doFilter(ObservationFilterChainDecorator.java:173) ~[spring-security-web-6.0.1.jar:6.0.1]
?[0m?[0;34m	at org.springframework.security.web.ObservationFilterChainDecorator$VirtualFilterChain.doFilter(ObservationFilterChainDecorator.java:134) ~[spring-security-web-6.0.1.jar:6.0.1]
?[0m?[0;34m	at org.springframework.security.web.session.SessionManagementFilter.doFilter(SessionManagementFilter.java:131) ~[spring-security-web-6.0.1.jar:6.0.1]
?[0m?[0;34m	at org.springframework.security.web.session.SessionManagementFilter.doFilter(SessionManagementFilter.java:85) ~[spring-security-web-6.0.1.jar:6.0.1]
?[0m?[0;34m	at org.springframework.security.web.ObservationFilterChainDecorator$ObservationFilter.wrapFilter(ObservationFilterChainDecorator.java:186) ~[spring-security-web-6.0.1.jar:6.0.1]
?[0m?[0;34m	at org.springframework.security.web.ObservationFilterChainDecorator$ObservationFilter.doFilter(ObservationFilterChainDecorator.java:173) ~[spring-security-web-6.0.1.jar:6.0.1]
?[0m?[0;34m	at org.springframework.security.web.ObservationFilterChainDecorator$VirtualFilterChain.doFilter(ObservationFilterChainDecorator.java:134) ~[spring-security-web-6.0.1.jar:6.0.1]
?[0m?[0;34m	at org.springframework.security.web.authentication.AnonymousAuthenticationFilter.doFilter(AnonymousAuthenticationFilter.java:100) ~[spring-security-web-6.0.1.jar:6.0.1]
?[0m?[0;34m	at org.springframework.security.web.ObservationFilterChainDecorator$ObservationFilter.wrapFilter(ObservationFilterChainDecorator.java:186) ~[spring-security-web-6.0.1.jar:6.0.1]
?[0m?[0;34m	at org.springframework.security.web.ObservationFilterChainDecorator$ObservationFilter.doFilter(ObservationFilterChainDecorator.java:173) ~[spring-security-web-6.0.1.jar:6.0.1]
?[0m?[0;34m	at org.springframework.security.web.ObservationFilterChainDecorator$VirtualFilterChain.doFilter(ObservationFilterChainDecorator.java:134) ~[spring-security-web-6.0.1.jar:6.0.1]
?[0m?[0;34m	at org.springframework.security.web.servletapi.SecurityContextHolderAwareRequestFilter.doFilter(SecurityContextHolderAwareRequestFilter.java:179) ~[spring-security-web-6.0.1.jar:6.0.1]
?[0m?[0;34m	at org.springframework.security.web.ObservationFilterChainDecorator$ObservationFilter.wrapFilter(ObservationFilterChainDecorator.java:186) ~[spring-security-web-6.0.1.jar:6.0.1]
?[0m?[0;34m	at org.springframework.security.web.ObservationFilterChainDecorator$ObservationFilter.doFilter(ObservationFilterChainDecorator.java:173) ~[spring-security-web-6.0.1.jar:6.0.1]
?[0m?[0;34m	at org.springframework.security.web.ObservationFilterChainDecorator$VirtualFilterChain.doFilter(ObservationFilterChainDecorator.java:134) ~[spring-security-web-6.0.1.jar:6.0.1]
?[0m?[0;34m	at org.springframework.security.web.savedrequest.RequestCacheAwareFilter.doFilter(RequestCacheAwareFilter.java:63) ~[spring-security-web-6.0.1.jar:6.0.1]
?[0m?[0;34m	at org.springframework.security.web.ObservationFilterChainDecorator$ObservationFilter.wrapFilter(ObservationFilterChainDecorator.java:186) ~[spring-security-web-6.0.1.jar:6.0.1]
?[0m?[0;34m	at org.springframework.security.web.ObservationFilterChainDecorator$ObservationFilter.doFilter(ObservationFilterChainDecorator.java:173) ~[spring-security-web-6.0.1.jar:6.0.1]
?[0m?[0;34m	at org.springframework.security.web.ObservationFilterChainDecorator$VirtualFilterChain.doFilter(ObservationFilterChainDecorator.java:134) ~[spring-security-web-6.0.1.jar:6.0.1]
?[0m?[0;34m	at org.springframework.security.web.authentication.www.BasicAuthenticationFilter.doFilterInternal(BasicAuthenticationFilter.java:170) ~[spring-security-web-6.0.1.jar:6.0.1]
?[0m?[0;34m	at org.springframework.web.filter.OncePerRequestFilter.doFilter(OncePerRequestFilter.java:116) ~[spring-web-6.0.4.jar:6.0.4]
?[0m?[0;34m	at org.springframework.security.web.ObservationFilterChainDecorator$ObservationFilter.wrapFilter(ObservationFilterChainDecorator.java:186) ~[spring-security-web-6.0.1.jar:6.0.1]
?[0m?[0;34m	at org.springframework.security.web.ObservationFilterChainDecorator$ObservationFilter.doFilter(ObservationFilterChainDecorator.java:173) ~[spring-security-web-6.0.1.jar:6.0.1]
?[0m?[0;34m	at org.springframework.security.web.ObservationFilterChainDecorator$VirtualFilterChain.doFilter(ObservationFilterChainDecorator.java:134) ~[spring-security-web-6.0.1.jar:6.0.1]
?[0m?[0;34m	at org.springframework.security.web.authentication.logout.LogoutFilter.doFilter(LogoutFilter.java:107) ~[spring-security-web-6.0.1.jar:6.0.1]
?[0m?[0;34m	at org.springframework.security.web.authentication.logout.LogoutFilter.doFilter(LogoutFilter.java:93) ~[spring-security-web-6.0.1.jar:6.0.1]
?[0m?[0;34m	at org.springframework.security.web.ObservationFilterChainDecorator$ObservationFilter.wrapFilter(ObservationFilterChainDecorator.java:186) ~[spring-security-web-6.0.1.jar:6.0.1]
?[0m?[0;34m	at org.springframework.security.web.ObservationFilterChainDecorator$ObservationFilter.doFilter(ObservationFilterChainDecorator.java:173) ~[spring-security-web-6.0.1.jar:6.0.1]
?[0m?[0;34m	at org.springframework.security.web.ObservationFilterChainDecorator$VirtualFilterChain.doFilter(ObservationFilterChainDecorator.java:134) ~[spring-security-web-6.0.1.jar:6.0.1]
?[0m?[0;34m	at org.springframework.security.web.header.HeaderWriterFilter.doHeadersAfter(HeaderWriterFilter.java:90) ~[spring-security-web-6.0.1.jar:6.0.1]
?[0m?[0;34m	at org.springframework.security.web.header.HeaderWriterFilter.doFilterInternal(HeaderWriterFilter.java:75) ~[spring-security-web-6.0.1.jar:6.0.1]
?[0m?[0;34m	at org.springframework.web.filter.OncePerRequestFilter.doFilter(OncePerRequestFilter.java:116) ~[spring-web-6.0.4.jar:6.0.4]
?[0m?[0;34m	at org.springframework.security.web.ObservationFilterChainDecorator$ObservationFilter.wrapFilter(ObservationFilterChainDecorator.java:186) ~[spring-security-web-6.0.1.jar:6.0.1]
?[0m?[0;34m	at org.springframework.security.web.ObservationFilterChainDecorator$ObservationFilter.doFilter(ObservationFilterChainDecorator.java:173) ~[spring-security-web-6.0.1.jar:6.0.1]
?[0m?[0;34m	at org.springframework.security.web.ObservationFilterChainDecorator$VirtualFilterChain.doFilter(ObservationFilterChainDecorator.java:134) ~[spring-security-web-6.0.1.jar:6.0.1]
?[0m?[0;34m	at org.springframework.security.web.context.SecurityContextHolderFilter.doFilter(SecurityContextHolderFilter.java:82) ~[spring-security-web-6.0.1.jar:6.0.1]
?[0m?[0;34m	at org.springframework.security.web.context.SecurityContextHolderFilter.doFilter(SecurityContextHolderFilter.java:69) ~[spring-security-web-6.0.1.jar:6.0.1]
?[0m?[0;34m	at org.springframework.security.web.ObservationFilterChainDecorator$ObservationFilter.wrapFilter(ObservationFilterChainDecorator.java:186) ~[spring-security-web-6.0.1.jar:6.0.1]
?[0m?[0;34m	at org.springframework.security.web.ObservationFilterChainDecorator$ObservationFilter.doFilter(ObservationFilterChainDecorator.java:173) ~[spring-security-web-6.0.1.jar:6.0.1]
?[0m?[0;34m	at org.springframework.security.web.ObservationFilterChainDecorator$VirtualFilterChain.doFilter(ObservationFilterChainDecorator.java:134) ~[spring-security-web-6.0.1.jar:6.0.1]
?[0m?[0;34m	at org.springframework.security.web.context.request.async.WebAsyncManagerIntegrationFilter.doFilterInternal(WebAsyncManagerIntegrationFilter.java:62) ~[spring-security-web-6.0.1.jar:6.0.1]
?[0m?[0;34m	at org.springframework.web.filter.OncePerRequestFilter.doFilter(OncePerRequestFilter.java:116) ~[spring-web-6.0.4.jar:6.0.4]
?[0m?[0;34m	at org.springframework.security.web.ObservationFilterChainDecorator$ObservationFilter.wrapFilter(ObservationFilterChainDecorator.java:186) ~[spring-security-web-6.0.1.jar:6.0.1]
?[0m?[0;34m	at org.springframework.security.web.ObservationFilterChainDecorator$ObservationFilter.doFilter(ObservationFilterChainDecorator.java:173) ~[spring-security-web-6.0.1.jar:6.0.1]
?[0m?[0;34m	at org.springframework.security.web.ObservationFilterChainDecorator$VirtualFilterChain.doFilter(ObservationFilterChainDecorator.java:134) ~[spring-security-web-6.0.1.jar:6.0.1]
?[0m?[0;34m	at org.springframework.security.web.session.DisableEncodeUrlFilter.doFilterInternal(DisableEncodeUrlFilter.java:42) ~[spring-security-web-6.0.1.jar:6.0.1]
?[0m?[0;34m	at org.springframework.web.filter.OncePerRequestFilter.doFilter(OncePerRequestFilter.java:116) ~[spring-web-6.0.4.jar:6.0.4]
?[0m?[0;34m	at org.springframework.security.web.ObservationFilterChainDecorator$ObservationFilter.wrapFilter(ObservationFilterChainDecorator.java:186) ~[spring-security-web-6.0.1.jar:6.0.1]
?[0m?[0;34m	at org.springframework.security.web.ObservationFilterChainDecorator$AroundFilterObservation$SimpleAroundFilterObservation.lambda$wrap$0(ObservationFilterChainDecorator.java:280) ~[spring-security-web-6.0.1.jar:6.0.1]
?[0m?[0;34m	at org.springframework.security.web.ObservationFilterChainDecorator$ObservationFilter.doFilter(ObservationFilterChainDecorator.java:170) ~[spring-security-web-6.0.1.jar:6.0.1]
?[0m?[0;34m	at org.springframework.security.web.ObservationFilterChainDecorator$VirtualFilterChain.doFilter(ObservationFilterChainDecorator.java:134) ~[spring-security-web-6.0.1.jar:6.0.1]
?[0m?[0;34m	at org.springframework.security.web.FilterChainProxy.doFilterInternal(FilterChainProxy.java:233) ~[spring-security-web-6.0.1.jar:6.0.1]
?[0m?[0;34m	at org.springframework.security.web.FilterChainProxy.doFilter(FilterChainProxy.java:191) ~[spring-security-web-6.0.1.jar:6.0.1]
?[0m?[0;34m	at org.springframework.web.filter.DelegatingFilterProxy.invokeDelegate(DelegatingFilterProxy.java:351) ~[spring-web-6.0.4.jar:6.0.4]
?[0m?[0;34m	at org.springframework.web.filter.DelegatingFilterProxy.doFilter(DelegatingFilterProxy.java:267) ~[spring-web-6.0.4.jar:6.0.4]
?[0m?[0;34m	at jdk.internal.reflect.GeneratedMethodAccessor11.invoke(Unknown Source) ~[na:na]
?[0m?[0;34m	at java.base/jdk.internal.reflect.DelegatingMethodAccessorImpl.invoke(DelegatingMethodAccessorImpl.java:43) ~[na:na]
?[0m?[0;34m	at java.base/java.lang.reflect.Method.invoke(Method.java:568) ~[na:na]
?[0m?[0;34m	at org.apache.catalina.security.SecurityUtil.lambda$execute$0(SecurityUtil.java:281) ~[tomcat-embed-core-10.1.5.jar:10.1.5]
?[0m?[0;34m	at java.base/java.security.AccessController.doPrivileged(AccessController.java:712) ~[na:na]
?[0m?[0;34m	at java.base/javax.security.auth.Subject.doAsPrivileged(Subject.java:584) ~[na:na]
?[0m?[0;34m	at org.apache.catalina.security.SecurityUtil.execute(SecurityUtil.java:312) ~[tomcat-embed-core-10.1.5.jar:10.1.5]
?[0m?[0;34m	at org.apache.catalina.security.SecurityUtil.doAsPrivilege(SecurityUtil.java:254) ~[tomcat-embed-core-10.1.5.jar:10.1.5]
?[0m?[0;34m	at org.apache.catalina.core.ApplicationFilterChain.internalDoFilter(ApplicationFilterChain.java:183) ~[tomcat-embed-core-10.1.5.jar:10.1.5]
?[0m?[0;34m	at org.apache.catalina.core.ApplicationFilterChain.lambda$doFilter$0(ApplicationFilterChain.java:141) ~[tomcat-embed-core-10.1.5.jar:10.1.5]
?[0m?[0;34m	at java.base/java.security.AccessController.doPrivileged(AccessController.java:569) ~[na:na]
?[0m?[0;34m	at org.apache.catalina.core.ApplicationFilterChain.doFilter(ApplicationFilterChain.java:139) ~[tomcat-embed-core-10.1.5.jar:10.1.5]
?[0m?[0;34m	at org.springframework.web.filter.RequestContextFilter.doFilterInternal(RequestContextFilter.java:100) ~[spring-web-6.0.4.jar:6.0.4]
?[0m?[0;34m	at org.springframework.web.filter.OncePerRequestFilter.doFilter(OncePerRequestFilter.java:116) ~[spring-web-6.0.4.jar:6.0.4]
?[0m?[0;34m	at jdk.internal.reflect.GeneratedMethodAccessor11.invoke(Unknown Source) ~[na:na]
?[0m?[0;34m	at java.base/jdk.internal.reflect.DelegatingMethodAccessorImpl.invoke(DelegatingMethodAccessorImpl.java:43) ~[na:na]
?[0m?[0;34m	at java.base/java.lang.reflect.Method.invoke(Method.java:568) ~[na:na]
?[0m?[0;34m	at org.apache.catalina.security.SecurityUtil.lambda$execute$0(SecurityUtil.java:281) ~[tomcat-embed-core-10.1.5.jar:10.1.5]
?[0m?[0;34m	at java.base/java.security.AccessController.doPrivileged(AccessController.java:712) ~[na:na]
?[0m?[0;34m	at java.base/javax.security.auth.Subject.doAsPrivileged(Subject.java:584) ~[na:na]
?[0m?[0;34m	at org.apache.catalina.security.SecurityUtil.execute(SecurityUtil.java:312) ~[tomcat-embed-core-10.1.5.jar:10.1.5]
?[0m?[0;34m	at org.apache.catalina.security.SecurityUtil.doAsPrivilege(SecurityUtil.java:254) ~[tomcat-embed-core-10.1.5.jar:10.1.5]
?[0m?[0;34m	at org.apache.catalina.core.ApplicationFilterChain.internalDoFilter(ApplicationFilterChain.java:183) ~[tomcat-embed-core-10.1.5.jar:10.1.5]
?[0m?[0;34m	at org.apache.catalina.core.ApplicationFilterChain.lambda$doFilter$0(ApplicationFilterChain.java:141) ~[tomcat-embed-core-10.1.5.jar:10.1.5]
?[0m?[0;34m	at java.base/java.security.AccessController.doPrivileged(AccessController.java:569) ~[na:na]
?[0m?[0;34m	at org.apache.catalina.core.ApplicationFilterChain.doFilter(ApplicationFilterChain.java:139) ~[tomcat-embed-core-10.1.5.jar:10.1.5]
?[0m?[0;34m	at org.springframework.web.filter.FormContentFilter.doFilterInternal(FormContentFilter.java:93) ~[spring-web-6.0.4.jar:6.0.4]
?[0m?[0;34m	at org.springframework.web.filter.OncePerRequestFilter.doFilter(OncePerRequestFilter.java:116) ~[spring-web-6.0.4.jar:6.0.4]
?[0m?[0;34m	at jdk.internal.reflect.GeneratedMethodAccessor11.invoke(Unknown Source) ~[na:na]
?[0m?[0;34m	at java.base/jdk.internal.reflect.DelegatingMethodAccessorImpl.invoke(DelegatingMethodAccessorImpl.java:43) ~[na:na]
?[0m?[0;34m	at java.base/java.lang.reflect.Method.invoke(Method.java:568) ~[na:na]
?[0m?[0;34m	at org.apache.catalina.security.SecurityUtil.lambda$execute$0(SecurityUtil.java:281) ~[tomcat-embed-core-10.1.5.jar:10.1.5]
?[0m?[0;34m	at java.base/java.security.AccessController.doPrivileged(AccessController.java:712) ~[na:na]
?[0m?[0;34m	at java.base/javax.security.auth.Subject.doAsPrivileged(Subject.java:584) ~[na:na]
?[0m?[0;34m	at org.apache.catalina.security.SecurityUtil.execute(SecurityUtil.java:312) ~[tomcat-embed-core-10.1.5.jar:10.1.5]
?[0m?[0;34m	at org.apache.catalina.security.SecurityUtil.doAsPrivilege(SecurityUtil.java:254) ~[tomcat-embed-core-10.1.5.jar:10.1.5]
?[0m?[0;34m	at org.apache.catalina.core.ApplicationFilterChain.internalDoFilter(ApplicationFilterChain.java:183) ~[tomcat-embed-core-10.1.5.jar:10.1.5]
?[0m?[0;34m	at org.apache.catalina.core.ApplicationFilterChain.lambda$doFilter$0(ApplicationFilterChain.java:141) ~[tomcat-embed-core-10.1.5.jar:10.1.5]
?[0m?[0;34m	at java.base/java.security.AccessController.doPrivileged(AccessController.java:569) ~[na:na]
?[0m?[0;34m	at org.apache.catalina.core.ApplicationFilterChain.doFilter(ApplicationFilterChain.java:139) ~[tomcat-embed-core-10.1.5.jar:10.1.5]
?[0m?[0;34m	at org.springframework.web.filter.ServerHttpObservationFilter.doFilterInternal(ServerHttpObservationFilter.java:109) ~[spring-web-6.0.4.jar:6.0.4]
?[0m?[0;34m	at org.springframework.web.filter.OncePerRequestFilter.doFilter(OncePerRequestFilter.java:116) ~[spring-web-6.0.4.jar:6.0.4]
?[0m?[0;34m	at jdk.internal.reflect.GeneratedMethodAccessor11.invoke(Unknown Source) ~[na:na]
?[0m?[0;34m	at java.base/jdk.internal.reflect.DelegatingMethodAccessorImpl.invoke(DelegatingMethodAccessorImpl.java:43) ~[na:na]
?[0m?[0;34m	at java.base/java.lang.reflect.Method.invoke(Method.java:568) ~[na:na]
?[0m?[0;34m	at org.apache.catalina.security.SecurityUtil.lambda$execute$0(SecurityUtil.java:281) ~[tomcat-embed-core-10.1.5.jar:10.1.5]
?[0m?[0;34m	at java.base/java.security.AccessController.doPrivileged(AccessController.java:712) ~[na:na]
?[0m?[0;34m	at java.base/javax.security.auth.Subject.doAsPrivileged(Subject.java:584) ~[na:na]
?[0m?[0;34m	at org.apache.catalina.security.SecurityUtil.execute(SecurityUtil.java:312) ~[tomcat-embed-core-10.1.5.jar:10.1.5]
?[0m?[0;34m	at org.apache.catalina.security.SecurityUtil.doAsPrivilege(SecurityUtil.java:254) ~[tomcat-embed-core-10.1.5.jar:10.1.5]
?[0m?[0;34m	at org.apache.catalina.core.ApplicationFilterChain.internalDoFilter(ApplicationFilterChain.java:183) ~[tomcat-embed-core-10.1.5.jar:10.1.5]
?[0m?[0;34m	at org.apache.catalina.core.ApplicationFilterChain.lambda$doFilter$0(ApplicationFilterChain.java:141) ~[tomcat-embed-core-10.1.5.jar:10.1.5]
?[0m?[0;34m	at java.base/java.security.AccessController.doPrivileged(AccessController.java:569) ~[na:na]
?[0m?[0;34m	at org.apache.catalina.core.ApplicationFilterChain.doFilter(ApplicationFilterChain.java:139) ~[tomcat-embed-core-10.1.5.jar:10.1.5]
?[0m?[0;34m	at org.springframework.web.filter.CharacterEncodingFilter.doFilterInternal(CharacterEncodingFilter.java:201) ~[spring-web-6.0.4.jar:6.0.4]
?[0m?[0;34m	at org.springframework.web.filter.OncePerRequestFilter.doFilter(OncePerRequestFilter.java:116) ~[spring-web-6.0.4.jar:6.0.4]
?[0m?[0;34m	at jdk.internal.reflect.GeneratedMethodAccessor11.invoke(Unknown Source) ~[na:na]
?[0m?[0;34m	at java.base/jdk.internal.reflect.DelegatingMethodAccessorImpl.invoke(DelegatingMethodAccessorImpl.java:43) ~[na:na]
?[0m?[0;34m	at java.base/java.lang.reflect.Method.invoke(Method.java:568) ~[na:na]
?[0m?[0;34m	at org.apache.catalina.security.SecurityUtil.lambda$execute$0(SecurityUtil.java:281) ~[tomcat-embed-core-10.1.5.jar:10.1.5]
?[0m?[0;34m	at java.base/java.security.AccessController.doPrivileged(AccessController.java:712) ~[na:na]
?[0m?[0;34m	at java.base/javax.security.auth.Subject.doAsPrivileged(Subject.java:584) ~[na:na]
?[0m?[0;34m	at org.apache.catalina.security.SecurityUtil.execute(SecurityUtil.java:312) ~[tomcat-embed-core-10.1.5.jar:10.1.5]
?[0m?[0;34m	at org.apache.catalina.security.SecurityUtil.doAsPrivilege(SecurityUtil.java:254) ~[tomcat-embed-core-10.1.5.jar:10.1.5]
?[0m?[0;34m	at org.apache.catalina.core.ApplicationFilterChain.internalDoFilter(ApplicationFilterChain.java:183) ~[tomcat-embed-core-10.1.5.jar:10.1.5]
?[0m?[0;34m	at org.apache.catalina.core.ApplicationFilterChain.lambda$doFilter$0(ApplicationFilterChain.java:141) ~[tomcat-embed-core-10.1.5.jar:10.1.5]
?[0m?[0;34m	at java.base/java.security.AccessController.doPrivileged(AccessController.java:569) ~[na:na]
?[0m?[0;34m	at org.apache.catalina.core.ApplicationFilterChain.doFilter(ApplicationFilterChain.java:139) ~[tomcat-embed-core-10.1.5.jar:10.1.5]
?[0m?[0;34m	at org.apache.catalina.core.StandardWrapperValve.invoke(StandardWrapperValve.java:177) ~[tomcat-embed-core-10.1.5.jar:10.1.5]
?[0m?[0;34m	at org.apache.catalina.core.StandardContextValve.invoke(StandardContextValve.java:97) ~[tomcat-embed-core-10.1.5.jar:10.1.5]
?[0m?[0;34m	at org.apache.catalina.authenticator.AuthenticatorBase.invoke(AuthenticatorBase.java:542) ~[tomcat-embed-core-10.1.5.jar:10.1.5]
?[0m?[0;34m	at org.apache.catalina.core.StandardHostValve.invoke(StandardHostValve.java:119) ~[tomcat-embed-core-10.1.5.jar:10.1.5]
?[0m?[0;34m	at org.apache.catalina.valves.ErrorReportValve.invoke(ErrorReportValve.java:92) ~[tomcat-embed-core-10.1.5.jar:10.1.5]
?[0m?[0;34m	at org.apache.catalina.core.StandardEngineValve.invoke(StandardEngineValve.java:78) ~[tomcat-embed-core-10.1.5.jar:10.1.5]
?[0m?[0;34m	at org.apache.catalina.connector.CoyoteAdapter.service(CoyoteAdapter.java:357) ~[tomcat-embed-core-10.1.5.jar:10.1.5]
?[0m?[0;34m	at org.apache.coyote.http11.Http11Processor.service(Http11Processor.java:400) ~[tomcat-embed-core-10.1.5.jar:10.1.5]
?[0m?[0;34m	at org.apache.coyote.AbstractProcessorLight.process(AbstractProcessorLight.java:65) ~[tomcat-embed-core-10.1.5.jar:10.1.5]
?[0m?[0;34m	at org.apache.coyote.AbstractProtocol$ConnectionHandler.process(AbstractProtocol.java:859) ~[tomcat-embed-core-10.1.5.jar:10.1.5]
?[0m?[0;34m	at org.apache.tomcat.util.net.NioEndpoint$SocketProcessor.doRun(NioEndpoint.java:1734) ~[tomcat-embed-core-10.1.5.jar:10.1.5]
?[0m?[0;34m	at org.apache.tomcat.util.net.SocketProcessorBase.run(SocketProcessorBase.java:52) ~[tomcat-embed-core-10.1.5.jar:10.1.5]
?[0m?[0;34m	at org.apache.tomcat.util.threads.ThreadPoolExecutor.runWorker(ThreadPoolExecutor.java:1191) ~[tomcat-embed-core-10.1.5.jar:10.1.5]
?[0m?[0;34m	at org.apache.tomcat.util.threads.ThreadPoolExecutor$Worker.run(ThreadPoolExecutor.java:659) ~[tomcat-embed-core-10.1.5.jar:10.1.5]
?[0m?[0;34m	at org.apache.tomcat.util.threads.TaskThread$WrappingRunnable.run(TaskThread.java:61) ~[tomcat-embed-core-10.1.5.jar:10.1.5]
?[0m?[0;34m	at java.base/java.lang.Thread.run(Thread.java:833) ~[na:na]
?[0m?[0;34m
?[0m?[0;34m?[2m2023-08-22T13:43:45.075+02:00?[0;39m ?[32mDEBUG?[0;39m ?[35m18216?[0;39m ?[2m---?[0;39m ?[2m[io-28852-exec-9]?[0;39m ?[36ms.w.a.DelegatingAuthenticationEntryPoint?[0;39m ?[2m:?[0;39m Trying to match using RequestHeaderRequestMatcher [expectedHeaderName=X-Requested-With, expectedHeaderValue=XMLHttpRequest]
?[0m?[0;34m?[2m2023-08-22T13:43:45.076+02:00?[0;39m ?[32mDEBUG?[0;39m ?[35m18216?[0;39m ?[2m---?[0;39m ?[2m[io-28852-exec-9]?[0;39m ?[36ms.w.a.DelegatingAuthenticationEntryPoint?[0;39m ?[2m:?[0;39m No match found. Using default entry point org.springframework.security.web.authentication.www.BasicAuthenticationEntryPoint@a99e0e6
?[0m?[0;34m?[2m2023-08-22T13:43:45.076+02:00?[0;39m ?[32mTRACE?[0;39m ?[35m18216?[0;39m ?[2m---?[0;39m ?[2m[io-28852-exec-9]?[0;39m ?[36mo.s.s.w.header.writers.HstsHeaderWriter ?[0;39m ?[2m:?[0;39m Not injecting HSTS header since it did not match request to [Is Secure]
?[0m?[0;34m?[2m2023-08-22T13:43:45.077+02:00?[0;39m ?[32mTRACE?[0;39m ?[35m18216?[0;39m ?[2m---?[0;39m ?[2m[io-28852-exec-9]?[0;39m ?[36mo.s.security.web.FilterChainProxy       ?[0;39m ?[2m:?[0;39m Trying to match request against DefaultSecurityFilterChain [RequestMatcher=any request, Filters=[org.springframework.security.web.session.DisableEncodeUrlFilter@5d51203b, org.springframework.security.web.context.request.async.WebAsyncManagerIntegrationFilter@32be672d, org.springframework.security.web.context.SecurityContextHolderFilter@74f54f8e, org.springframework.security.web.header.HeaderWriterFilter@157ff8f8, org.springframework.security.web.authentication.logout.LogoutFilter@72364a40, org.springframework.security.web.authentication.www.BasicAuthenticationFilter@a23b96b, org.springframework.security.web.savedrequest.RequestCacheAwareFilter@59b8a801, org.springframework.security.web.servletapi.SecurityContextHolderAwareRequestFilter@5aa026e9, org.springframework.security.web.authentication.AnonymousAuthenticationFilter@23e54c8a, org.springframework.security.web.session.SessionManagementFilter@79e3f444, org.springframework.security.web.access.ExceptionTranslationFilter@17a756db, org.springframework.security.web.access.intercept.AuthorizationFilter@55e75ce0]] (1/1)
?[0m?[0;34m?[2m2023-08-22T13:43:45.077+02:00?[0;39m ?[32mDEBUG?[0;39m ?[35m18216?[0;39m ?[2m---?[0;39m ?[2m[io-28852-exec-9]?[0;39m ?[36mo.s.security.web.FilterChainProxy       ?[0;39m ?[2m:?[0;39m Securing POST /error
?[0m?[0;34m?[2m2023-08-22T13:43:45.077+02:00?[0;39m ?[32mTRACE?[0;39m ?[35m18216?[0;39m ?[2m---?[0;39m ?[2m[io-28852-exec-9]?[0;39m ?[36mo.s.security.web.FilterChainProxy       ?[0;39m ?[2m:?[0;39m Invoking DisableEncodeUrlFilter (1/12)
?[0m?[0;34m?[2m2023-08-22T13:43:45.077+02:00?[0;39m ?[32mTRACE?[0;39m ?[35m18216?[0;39m ?[2m---?[0;39m ?[2m[io-28852-exec-9]?[0;39m ?[36mo.s.security.web.FilterChainProxy       ?[0;39m ?[2m:?[0;39m Invoking WebAsyncManagerIntegrationFilter (2/12)
?[0m?[0;34m?[2m2023-08-22T13:43:45.077+02:00?[0;39m ?[32mTRACE?[0;39m ?[35m18216?[0;39m ?[2m---?[0;39m ?[2m[io-28852-exec-9]?[0;39m ?[36mo.s.security.web.FilterChainProxy       ?[0;39m ?[2m:?[0;39m Invoking SecurityContextHolderFilter (3/12)
?[0m?[0;34m?[2m2023-08-22T13:43:45.077+02:00?[0;39m ?[32mTRACE?[0;39m ?[35m18216?[0;39m ?[2m---?[0;39m ?[2m[io-28852-exec-9]?[0;39m ?[36mo.s.security.web.FilterChainProxy       ?[0;39m ?[2m:?[0;39m Invoking HeaderWriterFilter (4/12)
?[0m?[0;34m?[2m2023-08-22T13:43:45.077+02:00?[0;39m ?[32mTRACE?[0;39m ?[35m18216?[0;39m ?[2m---?[0;39m ?[2m[io-28852-exec-9]?[0;39m ?[36mo.s.security.web.FilterChainProxy       ?[0;39m ?[2m:?[0;39m Invoking LogoutFilter (5/12)
?[0m?[0;34m?[2m2023-08-22T13:43:45.077+02:00?[0;39m ?[32mTRACE?[0;39m ?[35m18216?[0;39m ?[2m---?[0;39m ?[2m[io-28852-exec-9]?[0;39m ?[36mo.s.s.w.a.logout.LogoutFilter           ?[0;39m ?[2m:?[0;39m Did not match request to Or [Ant [pattern='/logout', GET], Ant [pattern='/logout', POST], Ant [pattern='/logout', PUT], Ant [pattern='/logout', DELETE]]
?[0m?[0;34m?[2m2023-08-22T13:43:45.077+02:00?[0;39m ?[32mTRACE?[0;39m ?[35m18216?[0;39m ?[2m---?[0;39m ?[2m[io-28852-exec-9]?[0;39m ?[36mo.s.security.web.FilterChainProxy       ?[0;39m ?[2m:?[0;39m Invoking BasicAuthenticationFilter (6/12)
?[0m?[0;34m?[2m2023-08-22T13:43:45.077+02:00?[0;39m ?[32mTRACE?[0;39m ?[35m18216?[0;39m ?[2m---?[0;39m ?[2m[io-28852-exec-9]?[0;39m ?[36mo.s.security.web.FilterChainProxy       ?[0;39m ?[2m:?[0;39m Invoking RequestCacheAwareFilter (7/12)
?[0m?[0;34m?[2m2023-08-22T13:43:45.077+02:00?[0;39m ?[32mTRACE?[0;39m ?[35m18216?[0;39m ?[2m---?[0;39m ?[2m[io-28852-exec-9]?[0;39m ?[36mo.s.security.web.FilterChainProxy       ?[0;39m ?[2m:?[0;39m Invoking SecurityContextHolderAwareRequestFilter (8/12)
?[0m?[0;34m?[2m2023-08-22T13:43:45.077+02:00?[0;39m ?[32mTRACE?[0;39m ?[35m18216?[0;39m ?[2m---?[0;39m ?[2m[io-28852-exec-9]?[0;39m ?[36mo.s.security.web.FilterChainProxy       ?[0;39m ?[2m:?[0;39m Invoking AnonymousAuthenticationFilter (9/12)
?[0m?[0;34m?[2m2023-08-22T13:43:45.077+02:00?[0;39m ?[32mTRACE?[0;39m ?[35m18216?[0;39m ?[2m---?[0;39m ?[2m[io-28852-exec-9]?[0;39m ?[36mo.s.security.web.FilterChainProxy       ?[0;39m ?[2m:?[0;39m Invoking SessionManagementFilter (10/12)
?[0m?[0;34m?[2m2023-08-22T13:43:45.077+02:00?[0;39m ?[32mTRACE?[0;39m ?[35m18216?[0;39m ?[2m---?[0;39m ?[2m[io-28852-exec-9]?[0;39m ?[36mo.s.security.web.FilterChainProxy       ?[0;39m ?[2m:?[0;39m Invoking ExceptionTranslationFilter (11/12)
?[0m?[0;34m?[2m2023-08-22T13:43:45.077+02:00?[0;39m ?[32mTRACE?[0;39m ?[35m18216?[0;39m ?[2m---?[0;39m ?[2m[io-28852-exec-9]?[0;39m ?[36mo.s.security.web.FilterChainProxy       ?[0;39m ?[2m:?[0;39m Invoking AuthorizationFilter (12/12)
?[0m?[0;34m?[2m2023-08-22T13:43:45.077+02:00?[0;39m ?[32mTRACE?[0;39m ?[35m18216?[0;39m ?[2m---?[0;39m ?[2m[io-28852-exec-9]?[0;39m ?[36mestMatcherDelegatingAuthorizationManager?[0;39m ?[2m:?[0;39m Authorizing SecurityContextHolderAwareRequestWrapper[ FirewalledRequest[ org.apache.catalina.core.ApplicationHttpRequest@c6cf862]]
?[0m?[0;34m?[2m2023-08-22T13:43:45.077+02:00?[0;39m ?[32mTRACE?[0;39m ?[35m18216?[0;39m ?[2m---?[0;39m ?[2m[io-28852-exec-9]?[0;39m ?[36mestMatcherDelegatingAuthorizationManager?[0;39m ?[2m:?[0;39m Checking authorization on SecurityContextHolderAwareRequestWrapper[ FirewalledRequest[ org.apache.catalina.core.ApplicationHttpRequest@c6cf862]] using org.springframework.security.config.annotation.web.configurers.AuthorizeHttpRequestsConfigurer$$Lambda$1316/0x0000000100a4d140@528cc85a
?[0m?[0;34m?[2m2023-08-22T13:43:45.078+02:00?[0;39m ?[32mDEBUG?[0;39m ?[35m18216?[0;39m ?[2m---?[0;39m ?[2m[io-28852-exec-9]?[0;39m ?[36mo.s.security.web.FilterChainProxy       ?[0;39m ?[2m:?[0;39m Secured POST /error
?[0m?[0;34m?[2m2023-08-22T13:43:45.078+02:00?[0;39m ?[32mTRACE?[0;39m ?[35m18216?[0;39m ?[2m---?[0;39m ?[2m[io-28852-exec-9]?[0;39m ?[36m.s.s.w.c.SupplierDeferredSecurityContext?[0;39m ?[2m:?[0;39m Created SecurityContextImpl [Null authentication]
?[0m?[0;34m?[2m2023-08-22T13:43:45.078+02:00?[0;39m ?[32mTRACE?[0;39m ?[35m18216?[0;39m ?[2m---?[0;39m ?[2m[io-28852-exec-9]?[0;39m ?[36mo.s.s.w.a.AnonymousAuthenticationFilter ?[0;39m ?[2m:?[0;39m Set SecurityContextHolder to AnonymousAuthenticationToken [Principal=anonymousUser, Credentials=[PROTECTED], Authenticated=true, Details=WebAuthenticationDetails [RemoteIpAddress=127.0.0.1, SessionId=null], Granted Authorities=[ROLE_ANONYMOUS]]
?[1;31m
Start test 29?[0m
?[0m?[0;34m?[2m2023-08-22T13:43:45.085+02:00?[0;39m ?[32mTRACE?[0;39m ?[35m18216?[0;39m ?[2m---?[0;39m ?[2m[o-28852-exec-10]?[0;39m ?[36mo.s.security.web.FilterChainProxy       ?[0;39m ?[2m:?[0;39m Trying to match request against DefaultSecurityFilterChain [RequestMatcher=any request, Filters=[org.springframework.security.web.session.DisableEncodeUrlFilter@5d51203b, org.springframework.security.web.context.request.async.WebAsyncManagerIntegrationFilter@32be672d, org.springframework.security.web.context.SecurityContextHolderFilter@74f54f8e, org.springframework.security.web.header.HeaderWriterFilter@157ff8f8, org.springframework.security.web.authentication.logout.LogoutFilter@72364a40, org.springframework.security.web.authentication.www.BasicAuthenticationFilter@a23b96b, org.springframework.security.web.savedrequest.RequestCacheAwareFilter@59b8a801, org.springframework.security.web.servletapi.SecurityContextHolderAwareRequestFilter@5aa026e9, org.springframework.security.web.authentication.AnonymousAuthenticationFilter@23e54c8a, org.springframework.security.web.session.SessionManagementFilter@79e3f444, org.springframework.security.web.access.ExceptionTranslationFilter@17a756db, org.springframework.security.web.access.intercept.AuthorizationFilter@55e75ce0]] (1/1)
?[0m?[0;34m?[2m2023-08-22T13:43:45.085+02:00?[0;39m ?[32mDEBUG?[0;39m ?[35m18216?[0;39m ?[2m---?[0;39m ?[2m[o-28852-exec-10]?[0;39m ?[36mo.s.security.web.FilterChainProxy       ?[0;39m ?[2m:?[0;39m Securing POST /api/auth/changepass
?[0m?[0;34m?[2m2023-08-22T13:43:45.085+02:00?[0;39m ?[32mTRACE?[0;39m ?[35m18216?[0;39m ?[2m---?[0;39m ?[2m[o-28852-exec-10]?[0;39m ?[36mo.s.security.web.FilterChainProxy       ?[0;39m ?[2m:?[0;39m Invoking DisableEncodeUrlFilter (1/12)
?[0m?[0;34m?[2m2023-08-22T13:43:45.085+02:00?[0;39m ?[32mTRACE?[0;39m ?[35m18216?[0;39m ?[2m---?[0;39m ?[2m[o-28852-exec-10]?[0;39m ?[36mo.s.security.web.FilterChainProxy       ?[0;39m ?[2m:?[0;39m Invoking WebAsyncManagerIntegrationFilter (2/12)
?[0m?[0;34m?[2m2023-08-22T13:43:45.085+02:00?[0;39m ?[32mTRACE?[0;39m ?[35m18216?[0;39m ?[2m---?[0;39m ?[2m[o-28852-exec-10]?[0;39m ?[36mo.s.security.web.FilterChainProxy       ?[0;39m ?[2m:?[0;39m Invoking SecurityContextHolderFilter (3/12)
?[0m?[0;34m?[2m2023-08-22T13:43:45.085+02:00?[0;39m ?[32mTRACE?[0;39m ?[35m18216?[0;39m ?[2m---?[0;39m ?[2m[o-28852-exec-10]?[0;39m ?[36mo.s.security.web.FilterChainProxy       ?[0;39m ?[2m:?[0;39m Invoking HeaderWriterFilter (4/12)
?[0m?[0;34m?[2m2023-08-22T13:43:45.085+02:00?[0;39m ?[32mTRACE?[0;39m ?[35m18216?[0;39m ?[2m---?[0;39m ?[2m[o-28852-exec-10]?[0;39m ?[36mo.s.security.web.FilterChainProxy       ?[0;39m ?[2m:?[0;39m Invoking LogoutFilter (5/12)
?[0m?[0;34m?[2m2023-08-22T13:43:45.085+02:00?[0;39m ?[32mTRACE?[0;39m ?[35m18216?[0;39m ?[2m---?[0;39m ?[2m[o-28852-exec-10]?[0;39m ?[36mo.s.s.w.a.logout.LogoutFilter           ?[0;39m ?[2m:?[0;39m Did not match request to Or [Ant [pattern='/logout', GET], Ant [pattern='/logout', POST], Ant [pattern='/logout', PUT], Ant [pattern='/logout', DELETE]]
?[0m?[0;34m?[2m2023-08-22T13:43:45.085+02:00?[0;39m ?[32mTRACE?[0;39m ?[35m18216?[0;39m ?[2m---?[0;39m ?[2m[o-28852-exec-10]?[0;39m ?[36mo.s.security.web.FilterChainProxy       ?[0;39m ?[2m:?[0;39m Invoking BasicAuthenticationFilter (6/12)
?[0m?[0;34m?[2m2023-08-22T13:43:45.085+02:00?[0;39m ?[32mTRACE?[0;39m ?[35m18216?[0;39m ?[2m---?[0;39m ?[2m[o-28852-exec-10]?[0;39m ?[36mo.s.s.w.a.www.BasicAuthenticationFilter ?[0;39m ?[2m:?[0;39m Found username 'johndoe@acme.com' in Basic Authorization header
?[0m?[0;34m?[2m2023-08-22T13:43:45.085+02:00?[0;39m ?[32mTRACE?[0;39m ?[35m18216?[0;39m ?[2m---?[0;39m ?[2m[o-28852-exec-10]?[0;39m ?[36m.s.s.w.c.SupplierDeferredSecurityContext?[0;39m ?[2m:?[0;39m Created SecurityContextImpl [Null authentication]
?[0m?[0;34m?[2m2023-08-22T13:43:45.085+02:00?[0;39m ?[32mTRACE?[0;39m ?[35m18216?[0;39m ?[2m---?[0;39m ?[2m[o-28852-exec-10]?[0;39m ?[36mo.s.s.authentication.ProviderManager    ?[0;39m ?[2m:?[0;39m Authenticating request with DaoAuthenticationProvider (1/1)
?[0m?[0;34mHibernate: select u1_0.id,u1_0.email,u1_0.lastname,u1_0.name,u1_0.password from users u1_0 where upper(u1_0.email)=upper(?)
?[0m?[0;34m?[2m2023-08-22T13:43:45.145+02:00?[0;39m ?[32mDEBUG?[0;39m ?[35m18216?[0;39m ?[2m---?[0;39m ?[2m[o-28852-exec-10]?[0;39m ?[36mo.s.s.a.dao.DaoAuthenticationProvider   ?[0;39m ?[2m:?[0;39m Authenticated user
?[0m?[0;34m?[2m2023-08-22T13:43:45.145+02:00?[0;39m ?[32mDEBUG?[0;39m ?[35m18216?[0;39m ?[2m---?[0;39m ?[2m[o-28852-exec-10]?[0;39m ?[36mo.s.s.w.a.www.BasicAuthenticationFilter ?[0;39m ?[2m:?[0;39m Set SecurityContextHolder to UsernamePasswordAuthenticationToken [Principal=account.businesslayer.security.UserAdapter@10415d64, Credentials=[PROTECTED], Authenticated=true, Details=WebAuthenticationDetails [RemoteIpAddress=127.0.0.1, SessionId=null], Granted Authorities=[ROLE_USER]]
?[0m?[0;34m?[2m2023-08-22T13:43:45.145+02:00?[0;39m ?[32mTRACE?[0;39m ?[35m18216?[0;39m ?[2m---?[0;39m ?[2m[o-28852-exec-10]?[0;39m ?[36mo.s.security.web.FilterChainProxy       ?[0;39m ?[2m:?[0;39m Invoking RequestCacheAwareFilter (7/12)
?[0m?[0;34m?[2m2023-08-22T13:43:45.145+02:00?[0;39m ?[32mTRACE?[0;39m ?[35m18216?[0;39m ?[2m---?[0;39m ?[2m[o-28852-exec-10]?[0;39m ?[36mo.s.security.web.FilterChainProxy       ?[0;39m ?[2m:?[0;39m Invoking SecurityContextHolderAwareRequestFilter (8/12)
?[0m?[0;34m?[2m2023-08-22T13:43:45.145+02:00?[0;39m ?[32mTRACE?[0;39m ?[35m18216?[0;39m ?[2m---?[0;39m ?[2m[o-28852-exec-10]?[0;39m ?[36mo.s.security.web.FilterChainProxy       ?[0;39m ?[2m:?[0;39m Invoking AnonymousAuthenticationFilter (9/12)
?[0m?[0;34m?[2m2023-08-22T13:43:45.145+02:00?[0;39m ?[32mTRACE?[0;39m ?[35m18216?[0;39m ?[2m---?[0;39m ?[2m[o-28852-exec-10]?[0;39m ?[36mo.s.security.web.FilterChainProxy       ?[0;39m ?[2m:?[0;39m Invoking SessionManagementFilter (10/12)
?[0m?[0;34m?[2m2023-08-22T13:43:45.145+02:00?[0;39m ?[32mTRACE?[0;39m ?[35m18216?[0;39m ?[2m---?[0;39m ?[2m[o-28852-exec-10]?[0;39m ?[36mo.s.s.w.a.AnonymousAuthenticationFilter ?[0;39m ?[2m:?[0;39m Did not set SecurityContextHolder since already authenticated UsernamePasswordAuthenticationToken [Principal=account.businesslayer.security.UserAdapter@10415d64, Credentials=[PROTECTED], Authenticated=true, Details=WebAuthenticationDetails [RemoteIpAddress=127.0.0.1, SessionId=null], Granted Authorities=[ROLE_USER]]
?[0m?[0;34m?[2m2023-08-22T13:43:45.146+02:00?[0;39m ?[32mTRACE?[0;39m ?[35m18216?[0;39m ?[2m---?[0;39m ?[2m[o-28852-exec-10]?[0;39m ?[36ms.CompositeSessionAuthenticationStrategy?[0;39m ?[2m:?[0;39m Preparing session with ChangeSessionIdAuthenticationStrategy (1/1)
?[0m?[0;34m?[2m2023-08-22T13:43:45.146+02:00?[0;39m ?[32mTRACE?[0;39m ?[35m18216?[0;39m ?[2m---?[0;39m ?[2m[o-28852-exec-10]?[0;39m ?[36mo.s.security.web.FilterChainProxy       ?[0;39m ?[2m:?[0;39m Invoking ExceptionTranslationFilter (11/12)
?[0m?[0;34m?[2m2023-08-22T13:43:45.146+02:00?[0;39m ?[32mTRACE?[0;39m ?[35m18216?[0;39m ?[2m---?[0;39m ?[2m[o-28852-exec-10]?[0;39m ?[36mo.s.security.web.FilterChainProxy       ?[0;39m ?[2m:?[0;39m Invoking AuthorizationFilter (12/12)
?[0m?[0;34m?[2m2023-08-22T13:43:45.146+02:00?[0;39m ?[32mTRACE?[0;39m ?[35m18216?[0;39m ?[2m---?[0;39m ?[2m[o-28852-exec-10]?[0;39m ?[36mestMatcherDelegatingAuthorizationManager?[0;39m ?[2m:?[0;39m Authorizing SecurityContextHolderAwareRequestWrapper[ org.springframework.security.web.header.HeaderWriterFilter$HeaderWriterRequest@7db2f87f]
?[0m?[0;34m?[2m2023-08-22T13:43:45.146+02:00?[0;39m ?[32mTRACE?[0;39m ?[35m18216?[0;39m ?[2m---?[0;39m ?[2m[o-28852-exec-10]?[0;39m ?[36mestMatcherDelegatingAuthorizationManager?[0;39m ?[2m:?[0;39m Checking authorization on SecurityContextHolderAwareRequestWrapper[ org.springframework.security.web.header.HeaderWriterFilter$HeaderWriterRequest@7db2f87f] using org.springframework.security.authorization.AuthenticatedAuthorizationManager@65549294
?[0m?[0;34m?[2m2023-08-22T13:43:45.146+02:00?[0;39m ?[32mDEBUG?[0;39m ?[35m18216?[0;39m ?[2m---?[0;39m ?[2m[o-28852-exec-10]?[0;39m ?[36mo.s.security.web.FilterChainProxy       ?[0;39m ?[2m:?[0;39m Secured POST /api/auth/changepass
?[0m?[0;34m?[2m2023-08-22T13:43:45.152+02:00?[0;39m ?[32mTRACE?[0;39m ?[35m18216?[0;39m ?[2m---?[0;39m ?[2m[o-28852-exec-10]?[0;39m ?[36mo.s.s.w.header.writers.HstsHeaderWriter ?[0;39m ?[2m:?[0;39m Not injecting HSTS header since it did not match request to [Is Secure]
?[0m?[0;34m?[2m2023-08-22T13:43:45.153+02:00?[0;39m ?[32mTRACE?[0;39m ?[35m18216?[0;39m ?[2m---?[0;39m ?[2m[o-28852-exec-10]?[0;39m ?[36mo.s.security.web.FilterChainProxy       ?[0;39m ?[2m:?[0;39m Trying to match request against DefaultSecurityFilterChain [RequestMatcher=any request, Filters=[org.springframework.security.web.session.DisableEncodeUrlFilter@5d51203b, org.springframework.security.web.context.request.async.WebAsyncManagerIntegrationFilter@32be672d, org.springframework.security.web.context.SecurityContextHolderFilter@74f54f8e, org.springframework.security.web.header.HeaderWriterFilter@157ff8f8, org.springframework.security.web.authentication.logout.LogoutFilter@72364a40, org.springframework.security.web.authentication.www.BasicAuthenticationFilter@a23b96b, org.springframework.security.web.savedrequest.RequestCacheAwareFilter@59b8a801, org.springframework.security.web.servletapi.SecurityContextHolderAwareRequestFilter@5aa026e9, org.springframework.security.web.authentication.AnonymousAuthenticationFilter@23e54c8a, org.springframework.security.web.session.SessionManagementFilter@79e3f444, org.springframework.security.web.access.ExceptionTranslationFilter@17a756db, org.springframework.security.web.access.intercept.AuthorizationFilter@55e75ce0]] (1/1)
?[0m?[0;34m?[2m2023-08-22T13:43:45.153+02:00?[0;39m ?[32mDEBUG?[0;39m ?[35m18216?[0;39m ?[2m---?[0;39m ?[2m[o-28852-exec-10]?[0;39m ?[36mo.s.security.web.FilterChainProxy       ?[0;39m ?[2m:?[0;39m Securing POST /error
?[0m?[0;34m?[2m2023-08-22T13:43:45.153+02:00?[0;39m ?[32mTRACE?[0;39m ?[35m18216?[0;39m ?[2m---?[0;39m ?[2m[o-28852-exec-10]?[0;39m ?[36mo.s.security.web.FilterChainProxy       ?[0;39m ?[2m:?[0;39m Invoking DisableEncodeUrlFilter (1/12)
?[0m?[0;34m?[2m2023-08-22T13:43:45.153+02:00?[0;39m ?[32mTRACE?[0;39m ?[35m18216?[0;39m ?[2m---?[0;39m ?[2m[o-28852-exec-10]?[0;39m ?[36mo.s.security.web.FilterChainProxy       ?[0;39m ?[2m:?[0;39m Invoking WebAsyncManagerIntegrationFilter (2/12)
?[0m?[0;34m?[2m2023-08-22T13:43:45.153+02:00?[0;39m ?[32mTRACE?[0;39m ?[35m18216?[0;39m ?[2m---?[0;39m ?[2m[o-28852-exec-10]?[0;39m ?[36mo.s.security.web.FilterChainProxy       ?[0;39m ?[2m:?[0;39m Invoking SecurityContextHolderFilter (3/12)
?[0m?[0;34m?[2m2023-08-22T13:43:45.153+02:00?[0;39m ?[32mTRACE?[0;39m ?[35m18216?[0;39m ?[2m---?[0;39m ?[2m[o-28852-exec-10]?[0;39m ?[36mo.s.security.web.FilterChainProxy       ?[0;39m ?[2m:?[0;39m Invoking HeaderWriterFilter (4/12)
?[0m?[0;34m?[2m2023-08-22T13:43:45.153+02:00?[0;39m ?[32mTRACE?[0;39m ?[35m18216?[0;39m ?[2m---?[0;39m ?[2m[o-28852-exec-10]?[0;39m ?[36mo.s.security.web.FilterChainProxy       ?[0;39m ?[2m:?[0;39m Invoking LogoutFilter (5/12)
?[0m?[0;34m?[2m2023-08-22T13:43:45.153+02:00?[0;39m ?[32mTRACE?[0;39m ?[35m18216?[0;39m ?[2m---?[0;39m ?[2m[o-28852-exec-10]?[0;39m ?[36mo.s.s.w.a.logout.LogoutFilter           ?[0;39m ?[2m:?[0;39m Did not match request to Or [Ant [pattern='/logout', GET], Ant [pattern='/logout', POST], Ant [pattern='/logout', PUT], Ant [pattern='/logout', DELETE]]
?[0m?[0;34m?[2m2023-08-22T13:43:45.153+02:00?[0;39m ?[32mTRACE?[0;39m ?[35m18216?[0;39m ?[2m---?[0;39m ?[2m[o-28852-exec-10]?[0;39m ?[36mo.s.security.web.FilterChainProxy       ?[0;39m ?[2m:?[0;39m Invoking BasicAuthenticationFilter (6/12)
?[0m?[0;34m?[2m2023-08-22T13:43:45.153+02:00?[0;39m ?[32mTRACE?[0;39m ?[35m18216?[0;39m ?[2m---?[0;39m ?[2m[o-28852-exec-10]?[0;39m ?[36mo.s.security.web.FilterChainProxy       ?[0;39m ?[2m:?[0;39m Invoking RequestCacheAwareFilter (7/12)
?[0m?[0;34m?[2m2023-08-22T13:43:45.153+02:00?[0;39m ?[32mTRACE?[0;39m ?[35m18216?[0;39m ?[2m---?[0;39m ?[2m[o-28852-exec-10]?[0;39m ?[36mo.s.security.web.FilterChainProxy       ?[0;39m ?[2m:?[0;39m Invoking SecurityContextHolderAwareRequestFilter (8/12)
?[0m?[0;34m?[2m2023-08-22T13:43:45.154+02:00?[0;39m ?[32mTRACE?[0;39m ?[35m18216?[0;39m ?[2m---?[0;39m ?[2m[o-28852-exec-10]?[0;39m ?[36mo.s.security.web.FilterChainProxy       ?[0;39m ?[2m:?[0;39m Invoking AnonymousAuthenticationFilter (9/12)
?[0m?[0;34m?[2m2023-08-22T13:43:45.154+02:00?[0;39m ?[32mTRACE?[0;39m ?[35m18216?[0;39m ?[2m---?[0;39m ?[2m[o-28852-exec-10]?[0;39m ?[36mo.s.security.web.FilterChainProxy       ?[0;39m ?[2m:?[0;39m Invoking SessionManagementFilter (10/12)
?[0m?[0;34m?[2m2023-08-22T13:43:45.154+02:00?[0;39m ?[32mTRACE?[0;39m ?[35m18216?[0;39m ?[2m---?[0;39m ?[2m[o-28852-exec-10]?[0;39m ?[36mo.s.security.web.FilterChainProxy       ?[0;39m ?[2m:?[0;39m Invoking ExceptionTranslationFilter (11/12)
?[0m?[0;34m?[2m2023-08-22T13:43:45.154+02:00?[0;39m ?[32mTRACE?[0;39m ?[35m18216?[0;39m ?[2m---?[0;39m ?[2m[o-28852-exec-10]?[0;39m ?[36mo.s.security.web.FilterChainProxy       ?[0;39m ?[2m:?[0;39m Invoking AuthorizationFilter (12/12)
?[0m?[0;34m?[2m2023-08-22T13:43:45.154+02:00?[0;39m ?[32mTRACE?[0;39m ?[35m18216?[0;39m ?[2m---?[0;39m ?[2m[o-28852-exec-10]?[0;39m ?[36mestMatcherDelegatingAuthorizationManager?[0;39m ?[2m:?[0;39m Authorizing SecurityContextHolderAwareRequestWrapper[ FirewalledRequest[ org.apache.catalina.core.ApplicationHttpRequest@7aa1bb04]]
?[0m?[0;34m?[2m2023-08-22T13:43:45.154+02:00?[0;39m ?[32mTRACE?[0;39m ?[35m18216?[0;39m ?[2m---?[0;39m ?[2m[o-28852-exec-10]?[0;39m ?[36mestMatcherDelegatingAuthorizationManager?[0;39m ?[2m:?[0;39m Checking authorization on SecurityContextHolderAwareRequestWrapper[ FirewalledRequest[ org.apache.catalina.core.ApplicationHttpRequest@7aa1bb04]] using org.springframework.security.config.annotation.web.configurers.AuthorizeHttpRequestsConfigurer$$Lambda$1316/0x0000000100a4d140@528cc85a
?[0m?[0;34m?[2m2023-08-22T13:43:45.154+02:00?[0;39m ?[32mDEBUG?[0;39m ?[35m18216?[0;39m ?[2m---?[0;39m ?[2m[o-28852-exec-10]?[0;39m ?[36mo.s.security.web.FilterChainProxy       ?[0;39m ?[2m:?[0;39m Secured POST /error
?[0m?[0;34m?[2m2023-08-22T13:43:45.154+02:00?[0;39m ?[32mTRACE?[0;39m ?[35m18216?[0;39m ?[2m---?[0;39m ?[2m[o-28852-exec-10]?[0;39m ?[36mo.s.s.w.a.AnonymousAuthenticationFilter ?[0;39m ?[2m:?[0;39m Did not set SecurityContextHolder since already authenticated UsernamePasswordAuthenticationToken [Principal=account.businesslayer.security.UserAdapter@10415d64, Credentials=[PROTECTED], Authenticated=true, Details=WebAuthenticationDetails [RemoteIpAddress=127.0.0.1, SessionId=null], Granted Authorities=[ROLE_USER]]
?[1;31m
Start test 30?[0m
?[0m?[0;34m?[2m2023-08-22T13:43:45.162+02:00?[0;39m ?[32mTRACE?[0;39m ?[35m18216?[0;39m ?[2m---?[0;39m ?[2m[io-28852-exec-3]?[0;39m ?[36mo.s.security.web.FilterChainProxy       ?[0;39m ?[2m:?[0;39m Trying to match request against DefaultSecurityFilterChain [RequestMatcher=any request, Filters=[org.springframework.security.web.session.DisableEncodeUrlFilter@5d51203b, org.springframework.security.web.context.request.async.WebAsyncManagerIntegrationFilter@32be672d, org.springframework.security.web.context.SecurityContextHolderFilter@74f54f8e, org.springframework.security.web.header.HeaderWriterFilter@157ff8f8, org.springframework.security.web.authentication.logout.LogoutFilter@72364a40, org.springframework.security.web.authentication.www.BasicAuthenticationFilter@a23b96b, org.springframework.security.web.savedrequest.RequestCacheAwareFilter@59b8a801, org.springframework.security.web.servletapi.SecurityContextHolderAwareRequestFilter@5aa026e9, org.springframework.security.web.authentication.AnonymousAuthenticationFilter@23e54c8a, org.springframework.security.web.session.SessionManagementFilter@79e3f444, org.springframework.security.web.access.ExceptionTranslationFilter@17a756db, org.springframework.security.web.access.intercept.AuthorizationFilter@55e75ce0]] (1/1)
?[0m?[0;34m?[2m2023-08-22T13:43:45.162+02:00?[0;39m ?[32mDEBUG?[0;39m ?[35m18216?[0;39m ?[2m---?[0;39m ?[2m[io-28852-exec-3]?[0;39m ?[36mo.s.security.web.FilterChainProxy       ?[0;39m ?[2m:?[0;39m Securing POST /api/auth/changepass
?[0m?[0;34m?[2m2023-08-22T13:43:45.162+02:00?[0;39m ?[32mTRACE?[0;39m ?[35m18216?[0;39m ?[2m---?[0;39m ?[2m[io-28852-exec-3]?[0;39m ?[36mo.s.security.web.FilterChainProxy       ?[0;39m ?[2m:?[0;39m Invoking DisableEncodeUrlFilter (1/12)
?[0m?[0;34m?[2m2023-08-22T13:43:45.162+02:00?[0;39m ?[32mTRACE?[0;39m ?[35m18216?[0;39m ?[2m---?[0;39m ?[2m[io-28852-exec-3]?[0;39m ?[36mo.s.security.web.FilterChainProxy       ?[0;39m ?[2m:?[0;39m Invoking WebAsyncManagerIntegrationFilter (2/12)
?[0m?[0;34m?[2m2023-08-22T13:43:45.162+02:00?[0;39m ?[32mTRACE?[0;39m ?[35m18216?[0;39m ?[2m---?[0;39m ?[2m[io-28852-exec-3]?[0;39m ?[36mo.s.security.web.FilterChainProxy       ?[0;39m ?[2m:?[0;39m Invoking SecurityContextHolderFilter (3/12)
?[0m?[0;34m?[2m2023-08-22T13:43:45.162+02:00?[0;39m ?[32mTRACE?[0;39m ?[35m18216?[0;39m ?[2m---?[0;39m ?[2m[io-28852-exec-3]?[0;39m ?[36mo.s.security.web.FilterChainProxy       ?[0;39m ?[2m:?[0;39m Invoking HeaderWriterFilter (4/12)
?[0m?[0;34m?[2m2023-08-22T13:43:45.162+02:00?[0;39m ?[32mTRACE?[0;39m ?[35m18216?[0;39m ?[2m---?[0;39m ?[2m[io-28852-exec-3]?[0;39m ?[36mo.s.security.web.FilterChainProxy       ?[0;39m ?[2m:?[0;39m Invoking LogoutFilter (5/12)
?[0m?[0;34m?[2m2023-08-22T13:43:45.162+02:00?[0;39m ?[32mTRACE?[0;39m ?[35m18216?[0;39m ?[2m---?[0;39m ?[2m[io-28852-exec-3]?[0;39m ?[36mo.s.s.w.a.logout.LogoutFilter           ?[0;39m ?[2m:?[0;39m Did not match request to Or [Ant [pattern='/logout', GET], Ant [pattern='/logout', POST], Ant [pattern='/logout', PUT], Ant [pattern='/logout', DELETE]]
?[0m?[0;34m?[2m2023-08-22T13:43:45.163+02:00?[0;39m ?[32mTRACE?[0;39m ?[35m18216?[0;39m ?[2m---?[0;39m ?[2m[io-28852-exec-3]?[0;39m ?[36mo.s.security.web.FilterChainProxy       ?[0;39m ?[2m:?[0;39m Invoking BasicAuthenticationFilter (6/12)
?[0m?[0;34m?[2m2023-08-22T13:43:45.163+02:00?[0;39m ?[32mTRACE?[0;39m ?[35m18216?[0;39m ?[2m---?[0;39m ?[2m[io-28852-exec-3]?[0;39m ?[36mo.s.s.w.a.www.BasicAuthenticationFilter ?[0;39m ?[2m:?[0;39m Found username 'johndoe@acme.com' in Basic Authorization header
?[0m?[0;34m?[2m2023-08-22T13:43:45.163+02:00?[0;39m ?[32mTRACE?[0;39m ?[35m18216?[0;39m ?[2m---?[0;39m ?[2m[io-28852-exec-3]?[0;39m ?[36m.s.s.w.c.SupplierDeferredSecurityContext?[0;39m ?[2m:?[0;39m Created SecurityContextImpl [Null authentication]
?[0m?[0;34m?[2m2023-08-22T13:43:45.163+02:00?[0;39m ?[32mTRACE?[0;39m ?[35m18216?[0;39m ?[2m---?[0;39m ?[2m[io-28852-exec-3]?[0;39m ?[36mo.s.s.authentication.ProviderManager    ?[0;39m ?[2m:?[0;39m Authenticating request with DaoAuthenticationProvider (1/1)
?[0m?[0;34mHibernate: select u1_0.id,u1_0.email,u1_0.lastname,u1_0.name,u1_0.password from users u1_0 where upper(u1_0.email)=upper(?)
?[0m?[0;34m?[2m2023-08-22T13:43:45.222+02:00?[0;39m ?[32mDEBUG?[0;39m ?[35m18216?[0;39m ?[2m---?[0;39m ?[2m[io-28852-exec-3]?[0;39m ?[36mo.s.s.a.dao.DaoAuthenticationProvider   ?[0;39m ?[2m:?[0;39m Authenticated user
?[0m?[0;34m?[2m2023-08-22T13:43:45.222+02:00?[0;39m ?[32mDEBUG?[0;39m ?[35m18216?[0;39m ?[2m---?[0;39m ?[2m[io-28852-exec-3]?[0;39m ?[36mo.s.s.w.a.www.BasicAuthenticationFilter ?[0;39m ?[2m:?[0;39m Set SecurityContextHolder to UsernamePasswordAuthenticationToken [Principal=account.businesslayer.security.UserAdapter@795c04ea, Credentials=[PROTECTED], Authenticated=true, Details=WebAuthenticationDetails [RemoteIpAddress=127.0.0.1, SessionId=null], Granted Authorities=[ROLE_USER]]
?[0m?[0;34m?[2m2023-08-22T13:43:45.222+02:00?[0;39m ?[32mTRACE?[0;39m ?[35m18216?[0;39m ?[2m---?[0;39m ?[2m[io-28852-exec-3]?[0;39m ?[36mo.s.security.web.FilterChainProxy       ?[0;39m ?[2m:?[0;39m Invoking RequestCacheAwareFilter (7/12)
?[0m?[0;34m?[2m2023-08-22T13:43:45.222+02:00?[0;39m ?[32mTRACE?[0;39m ?[35m18216?[0;39m ?[2m---?[0;39m ?[2m[io-28852-exec-3]?[0;39m ?[36mo.s.security.web.FilterChainProxy       ?[0;39m ?[2m:?[0;39m Invoking SecurityContextHolderAwareRequestFilter (8/12)
?[0m?[0;34m?[2m2023-08-22T13:43:45.222+02:00?[0;39m ?[32mTRACE?[0;39m ?[35m18216?[0;39m ?[2m---?[0;39m ?[2m[io-28852-exec-3]?[0;39m ?[36mo.s.security.web.FilterChainProxy       ?[0;39m ?[2m:?[0;39m Invoking AnonymousAuthenticationFilter (9/12)
?[0m?[0;34m?[2m2023-08-22T13:43:45.222+02:00?[0;39m ?[32mTRACE?[0;39m ?[35m18216?[0;39m ?[2m---?[0;39m ?[2m[io-28852-exec-3]?[0;39m ?[36mo.s.security.web.FilterChainProxy       ?[0;39m ?[2m:?[0;39m Invoking SessionManagementFilter (10/12)
?[0m?[0;34m?[2m2023-08-22T13:43:45.222+02:00?[0;39m ?[32mTRACE?[0;39m ?[35m18216?[0;39m ?[2m---?[0;39m ?[2m[io-28852-exec-3]?[0;39m ?[36mo.s.s.w.a.AnonymousAuthenticationFilter ?[0;39m ?[2m:?[0;39m Did not set SecurityContextHolder since already authenticated UsernamePasswordAuthenticationToken [Principal=account.businesslayer.security.UserAdapter@795c04ea, Credentials=[PROTECTED], Authenticated=true, Details=WebAuthenticationDetails [RemoteIpAddress=127.0.0.1, SessionId=null], Granted Authorities=[ROLE_USER]]
?[0m?[0;34m?[2m2023-08-22T13:43:45.222+02:00?[0;39m ?[32mTRACE?[0;39m ?[35m18216?[0;39m ?[2m---?[0;39m ?[2m[io-28852-exec-3]?[0;39m ?[36ms.CompositeSessionAuthenticationStrategy?[0;39m ?[2m:?[0;39m Preparing session with ChangeSessionIdAuthenticationStrategy (1/1)
?[0m?[0;34m?[2m2023-08-22T13:43:45.222+02:00?[0;39m ?[32mTRACE?[0;39m ?[35m18216?[0;39m ?[2m---?[0;39m ?[2m[io-28852-exec-3]?[0;39m ?[36mo.s.security.web.FilterChainProxy       ?[0;39m ?[2m:?[0;39m Invoking ExceptionTranslationFilter (11/12)
?[0m?[0;34m?[2m2023-08-22T13:43:45.222+02:00?[0;39m ?[32mTRACE?[0;39m ?[35m18216?[0;39m ?[2m---?[0;39m ?[2m[io-28852-exec-3]?[0;39m ?[36mo.s.security.web.FilterChainProxy       ?[0;39m ?[2m:?[0;39m Invoking AuthorizationFilter (12/12)
?[0m?[0;34m?[2m2023-08-22T13:43:45.222+02:00?[0;39m ?[32mTRACE?[0;39m ?[35m18216?[0;39m ?[2m---?[0;39m ?[2m[io-28852-exec-3]?[0;39m ?[36mestMatcherDelegatingAuthorizationManager?[0;39m ?[2m:?[0;39m Authorizing SecurityContextHolderAwareRequestWrapper[ org.springframework.security.web.header.HeaderWriterFilter$HeaderWriterRequest@3074bb78]
?[0m?[0;34m?[2m2023-08-22T13:43:45.223+02:00?[0;39m ?[32mTRACE?[0;39m ?[35m18216?[0;39m ?[2m---?[0;39m ?[2m[io-28852-exec-3]?[0;39m ?[36mestMatcherDelegatingAuthorizationManager?[0;39m ?[2m:?[0;39m Checking authorization on SecurityContextHolderAwareRequestWrapper[ org.springframework.security.web.header.HeaderWriterFilter$HeaderWriterRequest@3074bb78] using org.springframework.security.authorization.AuthenticatedAuthorizationManager@65549294
?[0m?[0;34m?[2m2023-08-22T13:43:45.223+02:00?[0;39m ?[32mDEBUG?[0;39m ?[35m18216?[0;39m ?[2m---?[0;39m ?[2m[io-28852-exec-3]?[0;39m ?[36mo.s.security.web.FilterChainProxy       ?[0;39m ?[2m:?[0;39m Secured POST /api/auth/changepass
?[0m?[0;34mHibernate: select u1_0.id,u1_0.email,u1_0.lastname,u1_0.name,u1_0.password from users u1_0 where upper(u1_0.email)=upper(?)
?[0m?[0;34m?[2m2023-08-22T13:43:45.282+02:00?[0;39m ?[32mTRACE?[0;39m ?[35m18216?[0;39m ?[2m---?[0;39m ?[2m[io-28852-exec-3]?[0;39m ?[36mo.s.s.w.header.writers.HstsHeaderWriter ?[0;39m ?[2m:?[0;39m Not injecting HSTS header since it did not match request to [Is Secure]
?[0m?[0;34m?[2m2023-08-22T13:43:45.283+02:00?[0;39m ?[32mTRACE?[0;39m ?[35m18216?[0;39m ?[2m---?[0;39m ?[2m[io-28852-exec-3]?[0;39m ?[36mo.s.security.web.FilterChainProxy       ?[0;39m ?[2m:?[0;39m Trying to match request against DefaultSecurityFilterChain [RequestMatcher=any request, Filters=[org.springframework.security.web.session.DisableEncodeUrlFilter@5d51203b, org.springframework.security.web.context.request.async.WebAsyncManagerIntegrationFilter@32be672d, org.springframework.security.web.context.SecurityContextHolderFilter@74f54f8e, org.springframework.security.web.header.HeaderWriterFilter@157ff8f8, org.springframework.security.web.authentication.logout.LogoutFilter@72364a40, org.springframework.security.web.authentication.www.BasicAuthenticationFilter@a23b96b, org.springframework.security.web.savedrequest.RequestCacheAwareFilter@59b8a801, org.springframework.security.web.servletapi.SecurityContextHolderAwareRequestFilter@5aa026e9, org.springframework.security.web.authentication.AnonymousAuthenticationFilter@23e54c8a, org.springframework.security.web.session.SessionManagementFilter@79e3f444, org.springframework.security.web.access.ExceptionTranslationFilter@17a756db, org.springframework.security.web.access.intercept.AuthorizationFilter@55e75ce0]] (1/1)
?[0m?[0;34m?[2m2023-08-22T13:43:45.283+02:00?[0;39m ?[32mDEBUG?[0;39m ?[35m18216?[0;39m ?[2m---?[0;39m ?[2m[io-28852-exec-3]?[0;39m ?[36mo.s.security.web.FilterChainProxy       ?[0;39m ?[2m:?[0;39m Securing POST /error
?[0m?[0;34m?[2m2023-08-22T13:43:45.283+02:00?[0;39m ?[32mTRACE?[0;39m ?[35m18216?[0;39m ?[2m---?[0;39m ?[2m[io-28852-exec-3]?[0;39m ?[36mo.s.security.web.FilterChainProxy       ?[0;39m ?[2m:?[0;39m Invoking DisableEncodeUrlFilter (1/12)
?[0m?[0;34m?[2m2023-08-22T13:43:45.283+02:00?[0;39m ?[32mTRACE?[0;39m ?[35m18216?[0;39m ?[2m---?[0;39m ?[2m[io-28852-exec-3]?[0;39m ?[36mo.s.security.web.FilterChainProxy       ?[0;39m ?[2m:?[0;39m Invoking WebAsyncManagerIntegrationFilter (2/12)
?[0m?[0;34m?[2m2023-08-22T13:43:45.283+02:00?[0;39m ?[32mTRACE?[0;39m ?[35m18216?[0;39m ?[2m---?[0;39m ?[2m[io-28852-exec-3]?[0;39m ?[36mo.s.security.web.FilterChainProxy       ?[0;39m ?[2m:?[0;39m Invoking SecurityContextHolderFilter (3/12)
?[0m?[0;34m?[2m2023-08-22T13:43:45.283+02:00?[0;39m ?[32mTRACE?[0;39m ?[35m18216?[0;39m ?[2m---?[0;39m ?[2m[io-28852-exec-3]?[0;39m ?[36mo.s.security.web.FilterChainProxy       ?[0;39m ?[2m:?[0;39m Invoking HeaderWriterFilter (4/12)
?[0m?[0;34m?[2m2023-08-22T13:43:45.284+02:00?[0;39m ?[32mTRACE?[0;39m ?[35m18216?[0;39m ?[2m---?[0;39m ?[2m[io-28852-exec-3]?[0;39m ?[36mo.s.security.web.FilterChainProxy       ?[0;39m ?[2m:?[0;39m Invoking LogoutFilter (5/12)
?[0m?[0;34m?[2m2023-08-22T13:43:45.284+02:00?[0;39m ?[32mTRACE?[0;39m ?[35m18216?[0;39m ?[2m---?[0;39m ?[2m[io-28852-exec-3]?[0;39m ?[36mo.s.s.w.a.logout.LogoutFilter           ?[0;39m ?[2m:?[0;39m Did not match request to Or [Ant [pattern='/logout', GET], Ant [pattern='/logout', POST], Ant [pattern='/logout', PUT], Ant [pattern='/logout', DELETE]]
?[0m?[0;34m?[2m2023-08-22T13:43:45.284+02:00?[0;39m ?[32mTRACE?[0;39m ?[35m18216?[0;39m ?[2m---?[0;39m ?[2m[io-28852-exec-3]?[0;39m ?[36mo.s.security.web.FilterChainProxy       ?[0;39m ?[2m:?[0;39m Invoking BasicAuthenticationFilter (6/12)
?[0m?[0;34m?[2m2023-08-22T13:43:45.284+02:00?[0;39m ?[32mTRACE?[0;39m ?[35m18216?[0;39m ?[2m---?[0;39m ?[2m[io-28852-exec-3]?[0;39m ?[36mo.s.security.web.FilterChainProxy       ?[0;39m ?[2m:?[0;39m Invoking RequestCacheAwareFilter (7/12)
?[0m?[0;34m?[2m2023-08-22T13:43:45.284+02:00?[0;39m ?[32mTRACE?[0;39m ?[35m18216?[0;39m ?[2m---?[0;39m ?[2m[io-28852-exec-3]?[0;39m ?[36mo.s.security.web.FilterChainProxy       ?[0;39m ?[2m:?[0;39m Invoking SecurityContextHolderAwareRequestFilter (8/12)
?[0m?[0;34m?[2m2023-08-22T13:43:45.284+02:00?[0;39m ?[32mTRACE?[0;39m ?[35m18216?[0;39m ?[2m---?[0;39m ?[2m[io-28852-exec-3]?[0;39m ?[36mo.s.security.web.FilterChainProxy       ?[0;39m ?[2m:?[0;39m Invoking AnonymousAuthenticationFilter (9/12)
?[0m?[0;34m?[2m2023-08-22T13:43:45.284+02:00?[0;39m ?[32mTRACE?[0;39m ?[35m18216?[0;39m ?[2m---?[0;39m ?[2m[io-28852-exec-3]?[0;39m ?[36mo.s.security.web.FilterChainProxy       ?[0;39m ?[2m:?[0;39m Invoking SessionManagementFilter (10/12)
?[0m?[0;34m?[2m2023-08-22T13:43:45.284+02:00?[0;39m ?[32mTRACE?[0;39m ?[35m18216?[0;39m ?[2m---?[0;39m ?[2m[io-28852-exec-3]?[0;39m ?[36mo.s.security.web.FilterChainProxy       ?[0;39m ?[2m:?[0;39m Invoking ExceptionTranslationFilter (11/12)
?[0m?[0;34m?[2m2023-08-22T13:43:45.284+02:00?[0;39m ?[32mTRACE?[0;39m ?[35m18216?[0;39m ?[2m---?[0;39m ?[2m[io-28852-exec-3]?[0;39m ?[36mo.s.security.web.FilterChainProxy       ?[0;39m ?[2m:?[0;39m Invoking AuthorizationFilter (12/12)
?[0m?[0;34m?[2m2023-08-22T13:43:45.284+02:00?[0;39m ?[32mTRACE?[0;39m ?[35m18216?[0;39m ?[2m---?[0;39m ?[2m[io-28852-exec-3]?[0;39m ?[36mestMatcherDelegatingAuthorizationManager?[0;39m ?[2m:?[0;39m Authorizing SecurityContextHolderAwareRequestWrapper[ FirewalledRequest[ org.apache.catalina.core.ApplicationHttpRequest@3a2bf80c]]
?[0m?[0;34m?[2m2023-08-22T13:43:45.284+02:00?[0;39m ?[32mTRACE?[0;39m ?[35m18216?[0;39m ?[2m---?[0;39m ?[2m[io-28852-exec-3]?[0;39m ?[36mestMatcherDelegatingAuthorizationManager?[0;39m ?[2m:?[0;39m Checking authorization on SecurityContextHolderAwareRequestWrapper[ FirewalledRequest[ org.apache.catalina.core.ApplicationHttpRequest@3a2bf80c]] using org.springframework.security.config.annotation.web.configurers.AuthorizeHttpRequestsConfigurer$$Lambda$1316/0x0000000100a4d140@528cc85a
?[0m?[0;34m?[2m2023-08-22T13:43:45.284+02:00?[0;39m ?[32mDEBUG?[0;39m ?[35m18216?[0;39m ?[2m---?[0;39m ?[2m[io-28852-exec-3]?[0;39m ?[36mo.s.security.web.FilterChainProxy       ?[0;39m ?[2m:?[0;39m Secured POST /error
?[0m?[0;34m?[2m2023-08-22T13:43:45.284+02:00?[0;39m ?[32mTRACE?[0;39m ?[35m18216?[0;39m ?[2m---?[0;39m ?[2m[io-28852-exec-3]?[0;39m ?[36mo.s.s.w.a.AnonymousAuthenticationFilter ?[0;39m ?[2m:?[0;39m Did not set SecurityContextHolder since already authenticated UsernamePasswordAuthenticationToken [Principal=account.businesslayer.security.UserAdapter@795c04ea, Credentials=[PROTECTED], Authenticated=true, Details=WebAuthenticationDetails [RemoteIpAddress=127.0.0.1, SessionId=null], Granted Authorities=[ROLE_USER]]
?[1;31m
Start test 31?[0m
?[0m?[0;34m?[2m2023-08-22T13:43:45.291+02:00?[0;39m ?[32mTRACE?[0;39m ?[35m18216?[0;39m ?[2m---?[0;39m ?[2m[io-28852-exec-8]?[0;39m ?[36mo.s.security.web.FilterChainProxy       ?[0;39m ?[2m:?[0;39m Trying to match request against DefaultSecurityFilterChain [RequestMatcher=any request, Filters=[org.springframework.security.web.session.DisableEncodeUrlFilter@5d51203b, org.springframework.security.web.context.request.async.WebAsyncManagerIntegrationFilter@32be672d, org.springframework.security.web.context.SecurityContextHolderFilter@74f54f8e, org.springframework.security.web.header.HeaderWriterFilter@157ff8f8, org.springframework.security.web.authentication.logout.LogoutFilter@72364a40, org.springframework.security.web.authentication.www.BasicAuthenticationFilter@a23b96b, org.springframework.security.web.savedrequest.RequestCacheAwareFilter@59b8a801, org.springframework.security.web.servletapi.SecurityContextHolderAwareRequestFilter@5aa026e9, org.springframework.security.web.authentication.AnonymousAuthenticationFilter@23e54c8a, org.springframework.security.web.session.SessionManagementFilter@79e3f444, org.springframework.security.web.access.ExceptionTranslationFilter@17a756db, org.springframework.security.web.access.intercept.AuthorizationFilter@55e75ce0]] (1/1)
?[0m?[0;34m?[2m2023-08-22T13:43:45.291+02:00?[0;39m ?[32mDEBUG?[0;39m ?[35m18216?[0;39m ?[2m---?[0;39m ?[2m[io-28852-exec-8]?[0;39m ?[36mo.s.security.web.FilterChainProxy       ?[0;39m ?[2m:?[0;39m Securing POST /api/auth/changepass
?[0m?[0;34m?[2m2023-08-22T13:43:45.291+02:00?[0;39m ?[32mTRACE?[0;39m ?[35m18216?[0;39m ?[2m---?[0;39m ?[2m[io-28852-exec-8]?[0;39m ?[36mo.s.security.web.FilterChainProxy       ?[0;39m ?[2m:?[0;39m Invoking DisableEncodeUrlFilter (1/12)
?[0m?[0;34m?[2m2023-08-22T13:43:45.291+02:00?[0;39m ?[32mTRACE?[0;39m ?[35m18216?[0;39m ?[2m---?[0;39m ?[2m[io-28852-exec-8]?[0;39m ?[36mo.s.security.web.FilterChainProxy       ?[0;39m ?[2m:?[0;39m Invoking WebAsyncManagerIntegrationFilter (2/12)
?[0m?[0;34m?[2m2023-08-22T13:43:45.291+02:00?[0;39m ?[32mTRACE?[0;39m ?[35m18216?[0;39m ?[2m---?[0;39m ?[2m[io-28852-exec-8]?[0;39m ?[36mo.s.security.web.FilterChainProxy       ?[0;39m ?[2m:?[0;39m Invoking SecurityContextHolderFilter (3/12)
?[0m?[0;34m?[2m2023-08-22T13:43:45.291+02:00?[0;39m ?[32mTRACE?[0;39m ?[35m18216?[0;39m ?[2m---?[0;39m ?[2m[io-28852-exec-8]?[0;39m ?[36mo.s.security.web.FilterChainProxy       ?[0;39m ?[2m:?[0;39m Invoking HeaderWriterFilter (4/12)
?[0m?[0;34m?[2m2023-08-22T13:43:45.291+02:00?[0;39m ?[32mTRACE?[0;39m ?[35m18216?[0;39m ?[2m---?[0;39m ?[2m[io-28852-exec-8]?[0;39m ?[36mo.s.security.web.FilterChainProxy       ?[0;39m ?[2m:?[0;39m Invoking LogoutFilter (5/12)
?[0m?[0;34m?[2m2023-08-22T13:43:45.291+02:00?[0;39m ?[32mTRACE?[0;39m ?[35m18216?[0;39m ?[2m---?[0;39m ?[2m[io-28852-exec-8]?[0;39m ?[36mo.s.s.w.a.logout.LogoutFilter           ?[0;39m ?[2m:?[0;39m Did not match request to Or [Ant [pattern='/logout', GET], Ant [pattern='/logout', POST], Ant [pattern='/logout', PUT], Ant [pattern='/logout', DELETE]]
?[0m?[0;34m?[2m2023-08-22T13:43:45.291+02:00?[0;39m ?[32mTRACE?[0;39m ?[35m18216?[0;39m ?[2m---?[0;39m ?[2m[io-28852-exec-8]?[0;39m ?[36mo.s.security.web.FilterChainProxy       ?[0;39m ?[2m:?[0;39m Invoking BasicAuthenticationFilter (6/12)
?[0m?[0;34m?[2m2023-08-22T13:43:45.291+02:00?[0;39m ?[32mTRACE?[0;39m ?[35m18216?[0;39m ?[2m---?[0;39m ?[2m[io-28852-exec-8]?[0;39m ?[36mo.s.s.w.a.www.BasicAuthenticationFilter ?[0;39m ?[2m:?[0;39m Found username 'JohnDoe@acme.com' in Basic Authorization header
?[0m?[0;34m?[2m2023-08-22T13:43:45.291+02:00?[0;39m ?[32mTRACE?[0;39m ?[35m18216?[0;39m ?[2m---?[0;39m ?[2m[io-28852-exec-8]?[0;39m ?[36m.s.s.w.c.SupplierDeferredSecurityContext?[0;39m ?[2m:?[0;39m Created SecurityContextImpl [Null authentication]
?[0m?[0;34m?[2m2023-08-22T13:43:45.291+02:00?[0;39m ?[32mTRACE?[0;39m ?[35m18216?[0;39m ?[2m---?[0;39m ?[2m[io-28852-exec-8]?[0;39m ?[36mo.s.s.authentication.ProviderManager    ?[0;39m ?[2m:?[0;39m Authenticating request with DaoAuthenticationProvider (1/1)
?[0m?[0;34mHibernate: select u1_0.id,u1_0.email,u1_0.lastname,u1_0.name,u1_0.password from users u1_0 where upper(u1_0.email)=upper(?)
?[0m?[0;34m?[2m2023-08-22T13:43:45.349+02:00?[0;39m ?[32mDEBUG?[0;39m ?[35m18216?[0;39m ?[2m---?[0;39m ?[2m[io-28852-exec-8]?[0;39m ?[36mo.s.s.a.dao.DaoAuthenticationProvider   ?[0;39m ?[2m:?[0;39m Authenticated user
?[0m?[0;34m?[2m2023-08-22T13:43:45.350+02:00?[0;39m ?[32mDEBUG?[0;39m ?[35m18216?[0;39m ?[2m---?[0;39m ?[2m[io-28852-exec-8]?[0;39m ?[36mo.s.s.w.a.www.BasicAuthenticationFilter ?[0;39m ?[2m:?[0;39m Set SecurityContextHolder to UsernamePasswordAuthenticationToken [Principal=account.businesslayer.security.UserAdapter@38ab255f, Credentials=[PROTECTED], Authenticated=true, Details=WebAuthenticationDetails [RemoteIpAddress=127.0.0.1, SessionId=null], Granted Authorities=[ROLE_USER]]
?[0m?[0;34m?[2m2023-08-22T13:43:45.350+02:00?[0;39m ?[32mTRACE?[0;39m ?[35m18216?[0;39m ?[2m---?[0;39m ?[2m[io-28852-exec-8]?[0;39m ?[36mo.s.security.web.FilterChainProxy       ?[0;39m ?[2m:?[0;39m Invoking RequestCacheAwareFilter (7/12)
?[0m?[0;34m?[2m2023-08-22T13:43:45.350+02:00?[0;39m ?[32mTRACE?[0;39m ?[35m18216?[0;39m ?[2m---?[0;39m ?[2m[io-28852-exec-8]?[0;39m ?[36mo.s.security.web.FilterChainProxy       ?[0;39m ?[2m:?[0;39m Invoking SecurityContextHolderAwareRequestFilter (8/12)
?[0m?[0;34m?[2m2023-08-22T13:43:45.350+02:00?[0;39m ?[32mTRACE?[0;39m ?[35m18216?[0;39m ?[2m---?[0;39m ?[2m[io-28852-exec-8]?[0;39m ?[36mo.s.security.web.FilterChainProxy       ?[0;39m ?[2m:?[0;39m Invoking AnonymousAuthenticationFilter (9/12)
?[0m?[0;34m?[2m2023-08-22T13:43:45.350+02:00?[0;39m ?[32mTRACE?[0;39m ?[35m18216?[0;39m ?[2m---?[0;39m ?[2m[io-28852-exec-8]?[0;39m ?[36mo.s.security.web.FilterChainProxy       ?[0;39m ?[2m:?[0;39m Invoking SessionManagementFilter (10/12)
?[0m?[0;34m?[2m2023-08-22T13:43:45.350+02:00?[0;39m ?[32mTRACE?[0;39m ?[35m18216?[0;39m ?[2m---?[0;39m ?[2m[io-28852-exec-8]?[0;39m ?[36mo.s.s.w.a.AnonymousAuthenticationFilter ?[0;39m ?[2m:?[0;39m Did not set SecurityContextHolder since already authenticated UsernamePasswordAuthenticationToken [Principal=account.businesslayer.security.UserAdapter@38ab255f, Credentials=[PROTECTED], Authenticated=true, Details=WebAuthenticationDetails [RemoteIpAddress=127.0.0.1, SessionId=null], Granted Authorities=[ROLE_USER]]
?[0m?[0;34m?[2m2023-08-22T13:43:45.350+02:00?[0;39m ?[32mTRACE?[0;39m ?[35m18216?[0;39m ?[2m---?[0;39m ?[2m[io-28852-exec-8]?[0;39m ?[36ms.CompositeSessionAuthenticationStrategy?[0;39m ?[2m:?[0;39m Preparing session with ChangeSessionIdAuthenticationStrategy (1/1)
?[0m?[0;34m?[2m2023-08-22T13:43:45.350+02:00?[0;39m ?[32mTRACE?[0;39m ?[35m18216?[0;39m ?[2m---?[0;39m ?[2m[io-28852-exec-8]?[0;39m ?[36mo.s.security.web.FilterChainProxy       ?[0;39m ?[2m:?[0;39m Invoking ExceptionTranslationFilter (11/12)
?[0m?[0;34m?[2m2023-08-22T13:43:45.350+02:00?[0;39m ?[32mTRACE?[0;39m ?[35m18216?[0;39m ?[2m---?[0;39m ?[2m[io-28852-exec-8]?[0;39m ?[36mo.s.security.web.FilterChainProxy       ?[0;39m ?[2m:?[0;39m Invoking AuthorizationFilter (12/12)
?[0m?[0;34m?[2m2023-08-22T13:43:45.350+02:00?[0;39m ?[32mTRACE?[0;39m ?[35m18216?[0;39m ?[2m---?[0;39m ?[2m[io-28852-exec-8]?[0;39m ?[36mestMatcherDelegatingAuthorizationManager?[0;39m ?[2m:?[0;39m Authorizing SecurityContextHolderAwareRequestWrapper[ org.springframework.security.web.header.HeaderWriterFilter$HeaderWriterRequest@12846fb8]
?[0m?[0;34m?[2m2023-08-22T13:43:45.350+02:00?[0;39m ?[32mTRACE?[0;39m ?[35m18216?[0;39m ?[2m---?[0;39m ?[2m[io-28852-exec-8]?[0;39m ?[36mestMatcherDelegatingAuthorizationManager?[0;39m ?[2m:?[0;39m Checking authorization on SecurityContextHolderAwareRequestWrapper[ org.springframework.security.web.header.HeaderWriterFilter$HeaderWriterRequest@12846fb8] using org.springframework.security.authorization.AuthenticatedAuthorizationManager@65549294
?[0m?[0;34m?[2m2023-08-22T13:43:45.351+02:00?[0;39m ?[32mDEBUG?[0;39m ?[35m18216?[0;39m ?[2m---?[0;39m ?[2m[io-28852-exec-8]?[0;39m ?[36mo.s.security.web.FilterChainProxy       ?[0;39m ?[2m:?[0;39m Secured POST /api/auth/changepass
?[0m?[0;34m?[2m2023-08-22T13:43:45.351+02:00?[0;39m ?[32mTRACE?[0;39m ?[35m18216?[0;39m ?[2m---?[0;39m ?[2m[io-28852-exec-8]?[0;39m ?[36mo.s.s.w.header.writers.HstsHeaderWriter ?[0;39m ?[2m:?[0;39m Not injecting HSTS header since it did not match request to [Is Secure]
?[0m?[0;34m?[2m2023-08-22T13:43:45.352+02:00?[0;39m ?[32mTRACE?[0;39m ?[35m18216?[0;39m ?[2m---?[0;39m ?[2m[io-28852-exec-8]?[0;39m ?[36mo.s.security.web.FilterChainProxy       ?[0;39m ?[2m:?[0;39m Trying to match request against DefaultSecurityFilterChain [RequestMatcher=any request, Filters=[org.springframework.security.web.session.DisableEncodeUrlFilter@5d51203b, org.springframework.security.web.context.request.async.WebAsyncManagerIntegrationFilter@32be672d, org.springframework.security.web.context.SecurityContextHolderFilter@74f54f8e, org.springframework.security.web.header.HeaderWriterFilter@157ff8f8, org.springframework.security.web.authentication.logout.LogoutFilter@72364a40, org.springframework.security.web.authentication.www.BasicAuthenticationFilter@a23b96b, org.springframework.security.web.savedrequest.RequestCacheAwareFilter@59b8a801, org.springframework.security.web.servletapi.SecurityContextHolderAwareRequestFilter@5aa026e9, org.springframework.security.web.authentication.AnonymousAuthenticationFilter@23e54c8a, org.springframework.security.web.session.SessionManagementFilter@79e3f444, org.springframework.security.web.access.ExceptionTranslationFilter@17a756db, org.springframework.security.web.access.intercept.AuthorizationFilter@55e75ce0]] (1/1)
?[0m?[0;34m?[2m2023-08-22T13:43:45.352+02:00?[0;39m ?[32mDEBUG?[0;39m ?[35m18216?[0;39m ?[2m---?[0;39m ?[2m[io-28852-exec-8]?[0;39m ?[36mo.s.security.web.FilterChainProxy       ?[0;39m ?[2m:?[0;39m Securing POST /error
?[0m?[0;34m?[2m2023-08-22T13:43:45.352+02:00?[0;39m ?[32mTRACE?[0;39m ?[35m18216?[0;39m ?[2m---?[0;39m ?[2m[io-28852-exec-8]?[0;39m ?[36mo.s.security.web.FilterChainProxy       ?[0;39m ?[2m:?[0;39m Invoking DisableEncodeUrlFilter (1/12)
?[0m?[0;34m?[2m2023-08-22T13:43:45.353+02:00?[0;39m ?[32mTRACE?[0;39m ?[35m18216?[0;39m ?[2m---?[0;39m ?[2m[io-28852-exec-8]?[0;39m ?[36mo.s.security.web.FilterChainProxy       ?[0;39m ?[2m:?[0;39m Invoking WebAsyncManagerIntegrationFilter (2/12)
?[0m?[0;34m?[2m2023-08-22T13:43:45.353+02:00?[0;39m ?[32mTRACE?[0;39m ?[35m18216?[0;39m ?[2m---?[0;39m ?[2m[io-28852-exec-8]?[0;39m ?[36mo.s.security.web.FilterChainProxy       ?[0;39m ?[2m:?[0;39m Invoking SecurityContextHolderFilter (3/12)
?[0m?[0;34m?[2m2023-08-22T13:43:45.353+02:00?[0;39m ?[32mTRACE?[0;39m ?[35m18216?[0;39m ?[2m---?[0;39m ?[2m[io-28852-exec-8]?[0;39m ?[36mo.s.security.web.FilterChainProxy       ?[0;39m ?[2m:?[0;39m Invoking HeaderWriterFilter (4/12)
?[0m?[0;34m?[2m2023-08-22T13:43:45.353+02:00?[0;39m ?[32mTRACE?[0;39m ?[35m18216?[0;39m ?[2m---?[0;39m ?[2m[io-28852-exec-8]?[0;39m ?[36mo.s.security.web.FilterChainProxy       ?[0;39m ?[2m:?[0;39m Invoking LogoutFilter (5/12)
?[0m?[0;34m?[2m2023-08-22T13:43:45.353+02:00?[0;39m ?[32mTRACE?[0;39m ?[35m18216?[0;39m ?[2m---?[0;39m ?[2m[io-28852-exec-8]?[0;39m ?[36mo.s.s.w.a.logout.LogoutFilter           ?[0;39m ?[2m:?[0;39m Did not match request to Or [Ant [pattern='/logout', GET], Ant [pattern='/logout', POST], Ant [pattern='/logout', PUT], Ant [pattern='/logout', DELETE]]
?[0m?[0;34m?[2m2023-08-22T13:43:45.353+02:00?[0;39m ?[32mTRACE?[0;39m ?[35m18216?[0;39m ?[2m---?[0;39m ?[2m[io-28852-exec-8]?[0;39m ?[36mo.s.security.web.FilterChainProxy       ?[0;39m ?[2m:?[0;39m Invoking BasicAuthenticationFilter (6/12)
?[0m?[0;34m?[2m2023-08-22T13:43:45.353+02:00?[0;39m ?[32mTRACE?[0;39m ?[35m18216?[0;39m ?[2m---?[0;39m ?[2m[io-28852-exec-8]?[0;39m ?[36mo.s.security.web.FilterChainProxy       ?[0;39m ?[2m:?[0;39m Invoking RequestCacheAwareFilter (7/12)
?[0m?[0;34m?[2m2023-08-22T13:43:45.353+02:00?[0;39m ?[32mTRACE?[0;39m ?[35m18216?[0;39m ?[2m---?[0;39m ?[2m[io-28852-exec-8]?[0;39m ?[36mo.s.security.web.FilterChainProxy       ?[0;39m ?[2m:?[0;39m Invoking SecurityContextHolderAwareRequestFilter (8/12)
?[0m?[0;34m?[2m2023-08-22T13:43:45.353+02:00?[0;39m ?[32mTRACE?[0;39m ?[35m18216?[0;39m ?[2m---?[0;39m ?[2m[io-28852-exec-8]?[0;39m ?[36mo.s.security.web.FilterChainProxy       ?[0;39m ?[2m:?[0;39m Invoking AnonymousAuthenticationFilter (9/12)
?[0m?[0;34m?[2m2023-08-22T13:43:45.353+02:00?[0;39m ?[32mTRACE?[0;39m ?[35m18216?[0;39m ?[2m---?[0;39m ?[2m[io-28852-exec-8]?[0;39m ?[36mo.s.security.web.FilterChainProxy       ?[0;39m ?[2m:?[0;39m Invoking SessionManagementFilter (10/12)
?[0m?[0;34m?[2m2023-08-22T13:43:45.353+02:00?[0;39m ?[32mTRACE?[0;39m ?[35m18216?[0;39m ?[2m---?[0;39m ?[2m[io-28852-exec-8]?[0;39m ?[36mo.s.security.web.FilterChainProxy       ?[0;39m ?[2m:?[0;39m Invoking ExceptionTranslationFilter (11/12)
?[0m?[0;34m?[2m2023-08-22T13:43:45.353+02:00?[0;39m ?[32mTRACE?[0;39m ?[35m18216?[0;39m ?[2m---?[0;39m ?[2m[io-28852-exec-8]?[0;39m ?[36mo.s.security.web.FilterChainProxy       ?[0;39m ?[2m:?[0;39m Invoking AuthorizationFilter (12/12)
?[0m?[0;34m?[2m2023-08-22T13:43:45.353+02:00?[0;39m ?[32mTRACE?[0;39m ?[35m18216?[0;39m ?[2m---?[0;39m ?[2m[io-28852-exec-8]?[0;39m ?[36mestMatcherDelegatingAuthorizationManager?[0;39m ?[2m:?[0;39m Authorizing SecurityContextHolderAwareRequestWrapper[ FirewalledRequest[ org.apache.catalina.core.ApplicationHttpRequest@6eef74c3]]
?[0m?[0;34m?[2m2023-08-22T13:43:45.353+02:00?[0;39m ?[32mTRACE?[0;39m ?[35m18216?[0;39m ?[2m---?[0;39m ?[2m[io-28852-exec-8]?[0;39m ?[36mestMatcherDelegatingAuthorizationManager?[0;39m ?[2m:?[0;39m Checking authorization on SecurityContextHolderAwareRequestWrapper[ FirewalledRequest[ org.apache.catalina.core.ApplicationHttpRequest@6eef74c3]] using org.springframework.security.config.annotation.web.configurers.AuthorizeHttpRequestsConfigurer$$Lambda$1316/0x0000000100a4d140@528cc85a
?[0m?[0;34m?[2m2023-08-22T13:43:45.353+02:00?[0;39m ?[32mDEBUG?[0;39m ?[35m18216?[0;39m ?[2m---?[0;39m ?[2m[io-28852-exec-8]?[0;39m ?[36mo.s.security.web.FilterChainProxy       ?[0;39m ?[2m:?[0;39m Secured POST /error
?[0m?[0;34m?[2m2023-08-22T13:43:45.353+02:00?[0;39m ?[32mTRACE?[0;39m ?[35m18216?[0;39m ?[2m---?[0;39m ?[2m[io-28852-exec-8]?[0;39m ?[36mo.s.s.w.a.AnonymousAuthenticationFilter ?[0;39m ?[2m:?[0;39m Did not set SecurityContextHolder since already authenticated UsernamePasswordAuthenticationToken [Principal=account.businesslayer.security.UserAdapter@38ab255f, Credentials=[PROTECTED], Authenticated=true, Details=WebAuthenticationDetails [RemoteIpAddress=127.0.0.1, SessionId=null], Granted Authorities=[ROLE_USER]]
?[1;31m
Start test 32?[0m
?[0m?[0;34m?[2m2023-08-22T13:43:45.360+02:00?[0;39m ?[32mTRACE?[0;39m ?[35m18216?[0;39m ?[2m---?[0;39m ?[2m[io-28852-exec-4]?[0;39m ?[36mo.s.security.web.FilterChainProxy       ?[0;39m ?[2m:?[0;39m Trying to match request against DefaultSecurityFilterChain [RequestMatcher=any request, Filters=[org.springframework.security.web.session.DisableEncodeUrlFilter@5d51203b, org.springframework.security.web.context.request.async.WebAsyncManagerIntegrationFilter@32be672d, org.springframework.security.web.context.SecurityContextHolderFilter@74f54f8e, org.springframework.security.web.header.HeaderWriterFilter@157ff8f8, org.springframework.security.web.authentication.logout.LogoutFilter@72364a40, org.springframework.security.web.authentication.www.BasicAuthenticationFilter@a23b96b, org.springframework.security.web.savedrequest.RequestCacheAwareFilter@59b8a801, org.springframework.security.web.servletapi.SecurityContextHolderAwareRequestFilter@5aa026e9, org.springframework.security.web.authentication.AnonymousAuthenticationFilter@23e54c8a, org.springframework.security.web.session.SessionManagementFilter@79e3f444, org.springframework.security.web.access.ExceptionTranslationFilter@17a756db, org.springframework.security.web.access.intercept.AuthorizationFilter@55e75ce0]] (1/1)
?[0m?[0;34m?[2m2023-08-22T13:43:45.361+02:00?[0;39m ?[32mDEBUG?[0;39m ?[35m18216?[0;39m ?[2m---?[0;39m ?[2m[io-28852-exec-4]?[0;39m ?[36mo.s.security.web.FilterChainProxy       ?[0;39m ?[2m:?[0;39m Securing POST /api/auth/changepass
?[0m?[0;34m?[2m2023-08-22T13:43:45.361+02:00?[0;39m ?[32mTRACE?[0;39m ?[35m18216?[0;39m ?[2m---?[0;39m ?[2m[io-28852-exec-4]?[0;39m ?[36mo.s.security.web.FilterChainProxy       ?[0;39m ?[2m:?[0;39m Invoking DisableEncodeUrlFilter (1/12)
?[0m?[0;34m?[2m2023-08-22T13:43:45.361+02:00?[0;39m ?[32mTRACE?[0;39m ?[35m18216?[0;39m ?[2m---?[0;39m ?[2m[io-28852-exec-4]?[0;39m ?[36mo.s.security.web.FilterChainProxy       ?[0;39m ?[2m:?[0;39m Invoking WebAsyncManagerIntegrationFilter (2/12)
?[0m?[0;34m?[2m2023-08-22T13:43:45.361+02:00?[0;39m ?[32mTRACE?[0;39m ?[35m18216?[0;39m ?[2m---?[0;39m ?[2m[io-28852-exec-4]?[0;39m ?[36mo.s.security.web.FilterChainProxy       ?[0;39m ?[2m:?[0;39m Invoking SecurityContextHolderFilter (3/12)
?[0m?[0;34m?[2m2023-08-22T13:43:45.361+02:00?[0;39m ?[32mTRACE?[0;39m ?[35m18216?[0;39m ?[2m---?[0;39m ?[2m[io-28852-exec-4]?[0;39m ?[36mo.s.security.web.FilterChainProxy       ?[0;39m ?[2m:?[0;39m Invoking HeaderWriterFilter (4/12)
?[0m?[0;34m?[2m2023-08-22T13:43:45.361+02:00?[0;39m ?[32mTRACE?[0;39m ?[35m18216?[0;39m ?[2m---?[0;39m ?[2m[io-28852-exec-4]?[0;39m ?[36mo.s.security.web.FilterChainProxy       ?[0;39m ?[2m:?[0;39m Invoking LogoutFilter (5/12)
?[0m?[0;34m?[2m2023-08-22T13:43:45.361+02:00?[0;39m ?[32mTRACE?[0;39m ?[35m18216?[0;39m ?[2m---?[0;39m ?[2m[io-28852-exec-4]?[0;39m ?[36mo.s.s.w.a.logout.LogoutFilter           ?[0;39m ?[2m:?[0;39m Did not match request to Or [Ant [pattern='/logout', GET], Ant [pattern='/logout', POST], Ant [pattern='/logout', PUT], Ant [pattern='/logout', DELETE]]
?[0m?[0;34m?[2m2023-08-22T13:43:45.361+02:00?[0;39m ?[32mTRACE?[0;39m ?[35m18216?[0;39m ?[2m---?[0;39m ?[2m[io-28852-exec-4]?[0;39m ?[36mo.s.security.web.FilterChainProxy       ?[0;39m ?[2m:?[0;39m Invoking BasicAuthenticationFilter (6/12)
?[0m?[0;34m?[2m2023-08-22T13:43:45.361+02:00?[0;39m ?[32mTRACE?[0;39m ?[35m18216?[0;39m ?[2m---?[0;39m ?[2m[io-28852-exec-4]?[0;39m ?[36mo.s.s.w.a.www.BasicAuthenticationFilter ?[0;39m ?[2m:?[0;39m Found username 'JohnDoe@acme.com' in Basic Authorization header
?[0m?[0;34m?[2m2023-08-22T13:43:45.361+02:00?[0;39m ?[32mTRACE?[0;39m ?[35m18216?[0;39m ?[2m---?[0;39m ?[2m[io-28852-exec-4]?[0;39m ?[36m.s.s.w.c.SupplierDeferredSecurityContext?[0;39m ?[2m:?[0;39m Created SecurityContextImpl [Null authentication]
?[0m?[0;34m?[2m2023-08-22T13:43:45.361+02:00?[0;39m ?[32mTRACE?[0;39m ?[35m18216?[0;39m ?[2m---?[0;39m ?[2m[io-28852-exec-4]?[0;39m ?[36mo.s.s.authentication.ProviderManager    ?[0;39m ?[2m:?[0;39m Authenticating request with DaoAuthenticationProvider (1/1)
?[0m?[0;34mHibernate: select u1_0.id,u1_0.email,u1_0.lastname,u1_0.name,u1_0.password from users u1_0 where upper(u1_0.email)=upper(?)
?[0m?[0;34m?[2m2023-08-22T13:43:45.419+02:00?[0;39m ?[32mDEBUG?[0;39m ?[35m18216?[0;39m ?[2m---?[0;39m ?[2m[io-28852-exec-4]?[0;39m ?[36mo.s.s.a.dao.DaoAuthenticationProvider   ?[0;39m ?[2m:?[0;39m Authenticated user
?[0m?[0;34m?[2m2023-08-22T13:43:45.419+02:00?[0;39m ?[32mDEBUG?[0;39m ?[35m18216?[0;39m ?[2m---?[0;39m ?[2m[io-28852-exec-4]?[0;39m ?[36mo.s.s.w.a.www.BasicAuthenticationFilter ?[0;39m ?[2m:?[0;39m Set SecurityContextHolder to UsernamePasswordAuthenticationToken [Principal=account.businesslayer.security.UserAdapter@57d25f10, Credentials=[PROTECTED], Authenticated=true, Details=WebAuthenticationDetails [RemoteIpAddress=127.0.0.1, SessionId=null], Granted Authorities=[ROLE_USER]]
?[0m?[0;34m?[2m2023-08-22T13:43:45.419+02:00?[0;39m ?[32mTRACE?[0;39m ?[35m18216?[0;39m ?[2m---?[0;39m ?[2m[io-28852-exec-4]?[0;39m ?[36mo.s.security.web.FilterChainProxy       ?[0;39m ?[2m:?[0;39m Invoking RequestCacheAwareFilter (7/12)
?[0m?[0;34m?[2m2023-08-22T13:43:45.419+02:00?[0;39m ?[32mTRACE?[0;39m ?[35m18216?[0;39m ?[2m---?[0;39m ?[2m[io-28852-exec-4]?[0;39m ?[36mo.s.security.web.FilterChainProxy       ?[0;39m ?[2m:?[0;39m Invoking SecurityContextHolderAwareRequestFilter (8/12)
?[0m?[0;34m?[2m2023-08-22T13:43:45.419+02:00?[0;39m ?[32mTRACE?[0;39m ?[35m18216?[0;39m ?[2m---?[0;39m ?[2m[io-28852-exec-4]?[0;39m ?[36mo.s.security.web.FilterChainProxy       ?[0;39m ?[2m:?[0;39m Invoking AnonymousAuthenticationFilter (9/12)
?[0m?[0;34m?[2m2023-08-22T13:43:45.420+02:00?[0;39m ?[32mTRACE?[0;39m ?[35m18216?[0;39m ?[2m---?[0;39m ?[2m[io-28852-exec-4]?[0;39m ?[36mo.s.security.web.FilterChainProxy       ?[0;39m ?[2m:?[0;39m Invoking SessionManagementFilter (10/12)
?[0m?[0;34m?[2m2023-08-22T13:43:45.420+02:00?[0;39m ?[32mTRACE?[0;39m ?[35m18216?[0;39m ?[2m---?[0;39m ?[2m[io-28852-exec-4]?[0;39m ?[36mo.s.s.w.a.AnonymousAuthenticationFilter ?[0;39m ?[2m:?[0;39m Did not set SecurityContextHolder since already authenticated UsernamePasswordAuthenticationToken [Principal=account.businesslayer.security.UserAdapter@57d25f10, Credentials=[PROTECTED], Authenticated=true, Details=WebAuthenticationDetails [RemoteIpAddress=127.0.0.1, SessionId=null], Granted Authorities=[ROLE_USER]]
?[0m?[0;34m?[2m2023-08-22T13:43:45.420+02:00?[0;39m ?[32mTRACE?[0;39m ?[35m18216?[0;39m ?[2m---?[0;39m ?[2m[io-28852-exec-4]?[0;39m ?[36ms.CompositeSessionAuthenticationStrategy?[0;39m ?[2m:?[0;39m Preparing session with ChangeSessionIdAuthenticationStrategy (1/1)
?[0m?[0;34m?[2m2023-08-22T13:43:45.420+02:00?[0;39m ?[32mTRACE?[0;39m ?[35m18216?[0;39m ?[2m---?[0;39m ?[2m[io-28852-exec-4]?[0;39m ?[36mo.s.security.web.FilterChainProxy       ?[0;39m ?[2m:?[0;39m Invoking ExceptionTranslationFilter (11/12)
?[0m?[0;34m?[2m2023-08-22T13:43:45.420+02:00?[0;39m ?[32mTRACE?[0;39m ?[35m18216?[0;39m ?[2m---?[0;39m ?[2m[io-28852-exec-4]?[0;39m ?[36mo.s.security.web.FilterChainProxy       ?[0;39m ?[2m:?[0;39m Invoking AuthorizationFilter (12/12)
?[0m?[0;34m?[2m2023-08-22T13:43:45.420+02:00?[0;39m ?[32mTRACE?[0;39m ?[35m18216?[0;39m ?[2m---?[0;39m ?[2m[io-28852-exec-4]?[0;39m ?[36mestMatcherDelegatingAuthorizationManager?[0;39m ?[2m:?[0;39m Authorizing SecurityContextHolderAwareRequestWrapper[ org.springframework.security.web.header.HeaderWriterFilter$HeaderWriterRequest@616e0754]
?[0m?[0;34m?[2m2023-08-22T13:43:45.420+02:00?[0;39m ?[32mTRACE?[0;39m ?[35m18216?[0;39m ?[2m---?[0;39m ?[2m[io-28852-exec-4]?[0;39m ?[36mestMatcherDelegatingAuthorizationManager?[0;39m ?[2m:?[0;39m Checking authorization on SecurityContextHolderAwareRequestWrapper[ org.springframework.security.web.header.HeaderWriterFilter$HeaderWriterRequest@616e0754] using org.springframework.security.authorization.AuthenticatedAuthorizationManager@65549294
?[0m?[0;34m?[2m2023-08-22T13:43:45.420+02:00?[0;39m ?[32mDEBUG?[0;39m ?[35m18216?[0;39m ?[2m---?[0;39m ?[2m[io-28852-exec-4]?[0;39m ?[36mo.s.security.web.FilterChainProxy       ?[0;39m ?[2m:?[0;39m Secured POST /api/auth/changepass
?[0m?[0;34m?[2m2023-08-22T13:43:45.421+02:00?[0;39m ?[32mTRACE?[0;39m ?[35m18216?[0;39m ?[2m---?[0;39m ?[2m[io-28852-exec-4]?[0;39m ?[36mo.s.s.w.header.writers.HstsHeaderWriter ?[0;39m ?[2m:?[0;39m Not injecting HSTS header since it did not match request to [Is Secure]
?[0m?[0;34m?[2m2023-08-22T13:43:45.422+02:00?[0;39m ?[32mTRACE?[0;39m ?[35m18216?[0;39m ?[2m---?[0;39m ?[2m[io-28852-exec-4]?[0;39m ?[36mo.s.security.web.FilterChainProxy       ?[0;39m ?[2m:?[0;39m Trying to match request against DefaultSecurityFilterChain [RequestMatcher=any request, Filters=[org.springframework.security.web.session.DisableEncodeUrlFilter@5d51203b, org.springframework.security.web.context.request.async.WebAsyncManagerIntegrationFilter@32be672d, org.springframework.security.web.context.SecurityContextHolderFilter@74f54f8e, org.springframework.security.web.header.HeaderWriterFilter@157ff8f8, org.springframework.security.web.authentication.logout.LogoutFilter@72364a40, org.springframework.security.web.authentication.www.BasicAuthenticationFilter@a23b96b, org.springframework.security.web.savedrequest.RequestCacheAwareFilter@59b8a801, org.springframework.security.web.servletapi.SecurityContextHolderAwareRequestFilter@5aa026e9, org.springframework.security.web.authentication.AnonymousAuthenticationFilter@23e54c8a, org.springframework.security.web.session.SessionManagementFilter@79e3f444, org.springframework.security.web.access.ExceptionTranslationFilter@17a756db, org.springframework.security.web.access.intercept.AuthorizationFilter@55e75ce0]] (1/1)
?[0m?[0;34m?[2m2023-08-22T13:43:45.422+02:00?[0;39m ?[32mDEBUG?[0;39m ?[35m18216?[0;39m ?[2m---?[0;39m ?[2m[io-28852-exec-4]?[0;39m ?[36mo.s.security.web.FilterChainProxy       ?[0;39m ?[2m:?[0;39m Securing POST /error
?[0m?[0;34m?[2m2023-08-22T13:43:45.422+02:00?[0;39m ?[32mTRACE?[0;39m ?[35m18216?[0;39m ?[2m---?[0;39m ?[2m[io-28852-exec-4]?[0;39m ?[36mo.s.security.web.FilterChainProxy       ?[0;39m ?[2m:?[0;39m Invoking DisableEncodeUrlFilter (1/12)
?[0m?[0;34m?[2m2023-08-22T13:43:45.422+02:00?[0;39m ?[32mTRACE?[0;39m ?[35m18216?[0;39m ?[2m---?[0;39m ?[2m[io-28852-exec-4]?[0;39m ?[36mo.s.security.web.FilterChainProxy       ?[0;39m ?[2m:?[0;39m Invoking WebAsyncManagerIntegrationFilter (2/12)
?[0m?[0;34m?[2m2023-08-22T13:43:45.422+02:00?[0;39m ?[32mTRACE?[0;39m ?[35m18216?[0;39m ?[2m---?[0;39m ?[2m[io-28852-exec-4]?[0;39m ?[36mo.s.security.web.FilterChainProxy       ?[0;39m ?[2m:?[0;39m Invoking SecurityContextHolderFilter (3/12)
?[0m?[0;34m?[2m2023-08-22T13:43:45.422+02:00?[0;39m ?[32mTRACE?[0;39m ?[35m18216?[0;39m ?[2m---?[0;39m ?[2m[io-28852-exec-4]?[0;39m ?[36mo.s.security.web.FilterChainProxy       ?[0;39m ?[2m:?[0;39m Invoking HeaderWriterFilter (4/12)
?[0m?[0;34m?[2m2023-08-22T13:43:45.422+02:00?[0;39m ?[32mTRACE?[0;39m ?[35m18216?[0;39m ?[2m---?[0;39m ?[2m[io-28852-exec-4]?[0;39m ?[36mo.s.security.web.FilterChainProxy       ?[0;39m ?[2m:?[0;39m Invoking LogoutFilter (5/12)
?[0m?[0;34m?[2m2023-08-22T13:43:45.422+02:00?[0;39m ?[32mTRACE?[0;39m ?[35m18216?[0;39m ?[2m---?[0;39m ?[2m[io-28852-exec-4]?[0;39m ?[36mo.s.s.w.a.logout.LogoutFilter           ?[0;39m ?[2m:?[0;39m Did not match request to Or [Ant [pattern='/logout', GET], Ant [pattern='/logout', POST], Ant [pattern='/logout', PUT], Ant [pattern='/logout', DELETE]]
?[0m?[0;34m?[2m2023-08-22T13:43:45.422+02:00?[0;39m ?[32mTRACE?[0;39m ?[35m18216?[0;39m ?[2m---?[0;39m ?[2m[io-28852-exec-4]?[0;39m ?[36mo.s.security.web.FilterChainProxy       ?[0;39m ?[2m:?[0;39m Invoking BasicAuthenticationFilter (6/12)
?[0m?[0;34m?[2m2023-08-22T13:43:45.422+02:00?[0;39m ?[32mTRACE?[0;39m ?[35m18216?[0;39m ?[2m---?[0;39m ?[2m[io-28852-exec-4]?[0;39m ?[36mo.s.security.web.FilterChainProxy       ?[0;39m ?[2m:?[0;39m Invoking RequestCacheAwareFilter (7/12)
?[0m?[0;34m?[2m2023-08-22T13:43:45.422+02:00?[0;39m ?[32mTRACE?[0;39m ?[35m18216?[0;39m ?[2m---?[0;39m ?[2m[io-28852-exec-4]?[0;39m ?[36mo.s.security.web.FilterChainProxy       ?[0;39m ?[2m:?[0;39m Invoking SecurityContextHolderAwareRequestFilter (8/12)
?[0m?[0;34m?[2m2023-08-22T13:43:45.422+02:00?[0;39m ?[32mTRACE?[0;39m ?[35m18216?[0;39m ?[2m---?[0;39m ?[2m[io-28852-exec-4]?[0;39m ?[36mo.s.security.web.FilterChainProxy       ?[0;39m ?[2m:?[0;39m Invoking AnonymousAuthenticationFilter (9/12)
?[0m?[0;34m?[2m2023-08-22T13:43:45.422+02:00?[0;39m ?[32mTRACE?[0;39m ?[35m18216?[0;39m ?[2m---?[0;39m ?[2m[io-28852-exec-4]?[0;39m ?[36mo.s.security.web.FilterChainProxy       ?[0;39m ?[2m:?[0;39m Invoking SessionManagementFilter (10/12)
?[0m?[0;34m?[2m2023-08-22T13:43:45.422+02:00?[0;39m ?[32mTRACE?[0;39m ?[35m18216?[0;39m ?[2m---?[0;39m ?[2m[io-28852-exec-4]?[0;39m ?[36mo.s.security.web.FilterChainProxy       ?[0;39m ?[2m:?[0;39m Invoking ExceptionTranslationFilter (11/12)
?[0m?[0;34m?[2m2023-08-22T13:43:45.422+02:00?[0;39m ?[32mTRACE?[0;39m ?[35m18216?[0;39m ?[2m---?[0;39m ?[2m[io-28852-exec-4]?[0;39m ?[36mo.s.security.web.FilterChainProxy       ?[0;39m ?[2m:?[0;39m Invoking AuthorizationFilter (12/12)
?[0m?[0;34m?[2m2023-08-22T13:43:45.422+02:00?[0;39m ?[32mTRACE?[0;39m ?[35m18216?[0;39m ?[2m---?[0;39m ?[2m[io-28852-exec-4]?[0;39m ?[36mestMatcherDelegatingAuthorizationManager?[0;39m ?[2m:?[0;39m Authorizing SecurityContextHolderAwareRequestWrapper[ FirewalledRequest[ org.apache.catalina.core.ApplicationHttpRequest@5dc7812a]]
?[0m?[0;34m?[2m2023-08-22T13:43:45.423+02:00?[0;39m ?[32mTRACE?[0;39m ?[35m18216?[0;39m ?[2m---?[0;39m ?[2m[io-28852-exec-4]?[0;39m ?[36mestMatcherDelegatingAuthorizationManager?[0;39m ?[2m:?[0;39m Checking authorization on SecurityContextHolderAwareRequestWrapper[ FirewalledRequest[ org.apache.catalina.core.ApplicationHttpRequest@5dc7812a]] using org.springframework.security.config.annotation.web.configurers.AuthorizeHttpRequestsConfigurer$$Lambda$1316/0x0000000100a4d140@528cc85a
?[0m?[0;34m?[2m2023-08-22T13:43:45.423+02:00?[0;39m ?[32mDEBUG?[0;39m ?[35m18216?[0;39m ?[2m---?[0;39m ?[2m[io-28852-exec-4]?[0;39m ?[36mo.s.security.web.FilterChainProxy       ?[0;39m ?[2m:?[0;39m Secured POST /error
?[0m?[0;34m?[2m2023-08-22T13:43:45.423+02:00?[0;39m ?[32mTRACE?[0;39m ?[35m18216?[0;39m ?[2m---?[0;39m ?[2m[io-28852-exec-4]?[0;39m ?[36mo.s.s.w.a.AnonymousAuthenticationFilter ?[0;39m ?[2m:?[0;39m Did not set SecurityContextHolder since already authenticated UsernamePasswordAuthenticationToken [Principal=account.businesslayer.security.UserAdapter@57d25f10, Credentials=[PROTECTED], Authenticated=true, Details=WebAuthenticationDetails [RemoteIpAddress=127.0.0.1, SessionId=null], Granted Authorities=[ROLE_USER]]
?[1;31m
Start test 33?[0m
?[0m?[0;34m?[2m2023-08-22T13:43:45.428+02:00?[0;39m ?[32mTRACE?[0;39m ?[35m18216?[0;39m ?[2m---?[0;39m ?[2m[io-28852-exec-6]?[0;39m ?[36mo.s.security.web.FilterChainProxy       ?[0;39m ?[2m:?[0;39m Trying to match request against DefaultSecurityFilterChain [RequestMatcher=any request, Filters=[org.springframework.security.web.session.DisableEncodeUrlFilter@5d51203b, org.springframework.security.web.context.request.async.WebAsyncManagerIntegrationFilter@32be672d, org.springframework.security.web.context.SecurityContextHolderFilter@74f54f8e, org.springframework.security.web.header.HeaderWriterFilter@157ff8f8, org.springframework.security.web.authentication.logout.LogoutFilter@72364a40, org.springframework.security.web.authentication.www.BasicAuthenticationFilter@a23b96b, org.springframework.security.web.savedrequest.RequestCacheAwareFilter@59b8a801, org.springframework.security.web.servletapi.SecurityContextHolderAwareRequestFilter@5aa026e9, org.springframework.security.web.authentication.AnonymousAuthenticationFilter@23e54c8a, org.springframework.security.web.session.SessionManagementFilter@79e3f444, org.springframework.security.web.access.ExceptionTranslationFilter@17a756db, org.springframework.security.web.access.intercept.AuthorizationFilter@55e75ce0]] (1/1)
?[0m?[0;34m?[2m2023-08-22T13:43:45.428+02:00?[0;39m ?[32mDEBUG?[0;39m ?[35m18216?[0;39m ?[2m---?[0;39m ?[2m[io-28852-exec-6]?[0;39m ?[36mo.s.security.web.FilterChainProxy       ?[0;39m ?[2m:?[0;39m Securing POST /api/auth/changepass
?[0m?[0;34m?[2m2023-08-22T13:43:45.428+02:00?[0;39m ?[32mTRACE?[0;39m ?[35m18216?[0;39m ?[2m---?[0;39m ?[2m[io-28852-exec-6]?[0;39m ?[36mo.s.security.web.FilterChainProxy       ?[0;39m ?[2m:?[0;39m Invoking DisableEncodeUrlFilter (1/12)
?[0m?[0;34m?[2m2023-08-22T13:43:45.428+02:00?[0;39m ?[32mTRACE?[0;39m ?[35m18216?[0;39m ?[2m---?[0;39m ?[2m[io-28852-exec-6]?[0;39m ?[36mo.s.security.web.FilterChainProxy       ?[0;39m ?[2m:?[0;39m Invoking WebAsyncManagerIntegrationFilter (2/12)
?[0m?[0;34m?[2m2023-08-22T13:43:45.428+02:00?[0;39m ?[32mTRACE?[0;39m ?[35m18216?[0;39m ?[2m---?[0;39m ?[2m[io-28852-exec-6]?[0;39m ?[36mo.s.security.web.FilterChainProxy       ?[0;39m ?[2m:?[0;39m Invoking SecurityContextHolderFilter (3/12)
?[0m?[0;34m?[2m2023-08-22T13:43:45.428+02:00?[0;39m ?[32mTRACE?[0;39m ?[35m18216?[0;39m ?[2m---?[0;39m ?[2m[io-28852-exec-6]?[0;39m ?[36mo.s.security.web.FilterChainProxy       ?[0;39m ?[2m:?[0;39m Invoking HeaderWriterFilter (4/12)
?[0m?[0;34m?[2m2023-08-22T13:43:45.428+02:00?[0;39m ?[32mTRACE?[0;39m ?[35m18216?[0;39m ?[2m---?[0;39m ?[2m[io-28852-exec-6]?[0;39m ?[36mo.s.security.web.FilterChainProxy       ?[0;39m ?[2m:?[0;39m Invoking LogoutFilter (5/12)
?[0m?[0;34m?[2m2023-08-22T13:43:45.428+02:00?[0;39m ?[32mTRACE?[0;39m ?[35m18216?[0;39m ?[2m---?[0;39m ?[2m[io-28852-exec-6]?[0;39m ?[36mo.s.s.w.a.logout.LogoutFilter           ?[0;39m ?[2m:?[0;39m Did not match request to Or [Ant [pattern='/logout', GET], Ant [pattern='/logout', POST], Ant [pattern='/logout', PUT], Ant [pattern='/logout', DELETE]]
?[0m?[0;34m?[2m2023-08-22T13:43:45.428+02:00?[0;39m ?[32mTRACE?[0;39m ?[35m18216?[0;39m ?[2m---?[0;39m ?[2m[io-28852-exec-6]?[0;39m ?[36mo.s.security.web.FilterChainProxy       ?[0;39m ?[2m:?[0;39m Invoking BasicAuthenticationFilter (6/12)
?[0m?[0;34m?[2m2023-08-22T13:43:45.428+02:00?[0;39m ?[32mTRACE?[0;39m ?[35m18216?[0;39m ?[2m---?[0;39m ?[2m[io-28852-exec-6]?[0;39m ?[36mo.s.s.w.a.www.BasicAuthenticationFilter ?[0;39m ?[2m:?[0;39m Found username 'JohnDoe@acme.com' in Basic Authorization header
?[0m?[0;34m?[2m2023-08-22T13:43:45.428+02:00?[0;39m ?[32mTRACE?[0;39m ?[35m18216?[0;39m ?[2m---?[0;39m ?[2m[io-28852-exec-6]?[0;39m ?[36m.s.s.w.c.SupplierDeferredSecurityContext?[0;39m ?[2m:?[0;39m Created SecurityContextImpl [Null authentication]
?[0m?[0;34m?[2m2023-08-22T13:43:45.428+02:00?[0;39m ?[32mTRACE?[0;39m ?[35m18216?[0;39m ?[2m---?[0;39m ?[2m[io-28852-exec-6]?[0;39m ?[36mo.s.s.authentication.ProviderManager    ?[0;39m ?[2m:?[0;39m Authenticating request with DaoAuthenticationProvider (1/1)
?[0m?[0;34mHibernate: select u1_0.id,u1_0.email,u1_0.lastname,u1_0.name,u1_0.password from users u1_0 where upper(u1_0.email)=upper(?)
?[0m?[0;34m?[2m2023-08-22T13:43:45.487+02:00?[0;39m ?[32mDEBUG?[0;39m ?[35m18216?[0;39m ?[2m---?[0;39m ?[2m[io-28852-exec-6]?[0;39m ?[36mo.s.s.a.dao.DaoAuthenticationProvider   ?[0;39m ?[2m:?[0;39m Authenticated user
?[0m?[0;34m?[2m2023-08-22T13:43:45.488+02:00?[0;39m ?[32mDEBUG?[0;39m ?[35m18216?[0;39m ?[2m---?[0;39m ?[2m[io-28852-exec-6]?[0;39m ?[36mo.s.s.w.a.www.BasicAuthenticationFilter ?[0;39m ?[2m:?[0;39m Set SecurityContextHolder to UsernamePasswordAuthenticationToken [Principal=account.businesslayer.security.UserAdapter@621b23f3, Credentials=[PROTECTED], Authenticated=true, Details=WebAuthenticationDetails [RemoteIpAddress=127.0.0.1, SessionId=null], Granted Authorities=[ROLE_USER]]
?[0m?[0;34m?[2m2023-08-22T13:43:45.488+02:00?[0;39m ?[32mTRACE?[0;39m ?[35m18216?[0;39m ?[2m---?[0;39m ?[2m[io-28852-exec-6]?[0;39m ?[36mo.s.security.web.FilterChainProxy       ?[0;39m ?[2m:?[0;39m Invoking RequestCacheAwareFilter (7/12)
?[0m?[0;34m?[2m2023-08-22T13:43:45.488+02:00?[0;39m ?[32mTRACE?[0;39m ?[35m18216?[0;39m ?[2m---?[0;39m ?[2m[io-28852-exec-6]?[0;39m ?[36mo.s.security.web.FilterChainProxy       ?[0;39m ?[2m:?[0;39m Invoking SecurityContextHolderAwareRequestFilter (8/12)
?[0m?[0;34m?[2m2023-08-22T13:43:45.488+02:00?[0;39m ?[32mTRACE?[0;39m ?[35m18216?[0;39m ?[2m---?[0;39m ?[2m[io-28852-exec-6]?[0;39m ?[36mo.s.security.web.FilterChainProxy       ?[0;39m ?[2m:?[0;39m Invoking AnonymousAuthenticationFilter (9/12)
?[0m?[0;34m?[2m2023-08-22T13:43:45.488+02:00?[0;39m ?[32mTRACE?[0;39m ?[35m18216?[0;39m ?[2m---?[0;39m ?[2m[io-28852-exec-6]?[0;39m ?[36mo.s.security.web.FilterChainProxy       ?[0;39m ?[2m:?[0;39m Invoking SessionManagementFilter (10/12)
?[0m?[0;34m?[2m2023-08-22T13:43:45.488+02:00?[0;39m ?[32mTRACE?[0;39m ?[35m18216?[0;39m ?[2m---?[0;39m ?[2m[io-28852-exec-6]?[0;39m ?[36mo.s.s.w.a.AnonymousAuthenticationFilter ?[0;39m ?[2m:?[0;39m Did not set SecurityContextHolder since already authenticated UsernamePasswordAuthenticationToken [Principal=account.businesslayer.security.UserAdapter@621b23f3, Credentials=[PROTECTED], Authenticated=true, Details=WebAuthenticationDetails [RemoteIpAddress=127.0.0.1, SessionId=null], Granted Authorities=[ROLE_USER]]
?[0m?[0;34m?[2m2023-08-22T13:43:45.488+02:00?[0;39m ?[32mTRACE?[0;39m ?[35m18216?[0;39m ?[2m---?[0;39m ?[2m[io-28852-exec-6]?[0;39m ?[36ms.CompositeSessionAuthenticationStrategy?[0;39m ?[2m:?[0;39m Preparing session with ChangeSessionIdAuthenticationStrategy (1/1)
?[0m?[0;34m?[2m2023-08-22T13:43:45.488+02:00?[0;39m ?[32mTRACE?[0;39m ?[35m18216?[0;39m ?[2m---?[0;39m ?[2m[io-28852-exec-6]?[0;39m ?[36mo.s.security.web.FilterChainProxy       ?[0;39m ?[2m:?[0;39m Invoking ExceptionTranslationFilter (11/12)
?[0m?[0;34m?[2m2023-08-22T13:43:45.488+02:00?[0;39m ?[32mTRACE?[0;39m ?[35m18216?[0;39m ?[2m---?[0;39m ?[2m[io-28852-exec-6]?[0;39m ?[36mo.s.security.web.FilterChainProxy       ?[0;39m ?[2m:?[0;39m Invoking AuthorizationFilter (12/12)
?[0m?[0;34m?[2m2023-08-22T13:43:45.488+02:00?[0;39m ?[32mTRACE?[0;39m ?[35m18216?[0;39m ?[2m---?[0;39m ?[2m[io-28852-exec-6]?[0;39m ?[36mestMatcherDelegatingAuthorizationManager?[0;39m ?[2m:?[0;39m Authorizing SecurityContextHolderAwareRequestWrapper[ org.springframework.security.web.header.HeaderWriterFilter$HeaderWriterRequest@17136969]
?[0m?[0;34m?[2m2023-08-22T13:43:45.489+02:00?[0;39m ?[32mTRACE?[0;39m ?[35m18216?[0;39m ?[2m---?[0;39m ?[2m[io-28852-exec-6]?[0;39m ?[36mestMatcherDelegatingAuthorizationManager?[0;39m ?[2m:?[0;39m Checking authorization on SecurityContextHolderAwareRequestWrapper[ org.springframework.security.web.header.HeaderWriterFilter$HeaderWriterRequest@17136969] using org.springframework.security.authorization.AuthenticatedAuthorizationManager@65549294
?[0m?[0;34m?[2m2023-08-22T13:43:45.489+02:00?[0;39m ?[32mDEBUG?[0;39m ?[35m18216?[0;39m ?[2m---?[0;39m ?[2m[io-28852-exec-6]?[0;39m ?[36mo.s.security.web.FilterChainProxy       ?[0;39m ?[2m:?[0;39m Secured POST /api/auth/changepass
?[0m?[0;34m?[2m2023-08-22T13:43:45.490+02:00?[0;39m ?[32mTRACE?[0;39m ?[35m18216?[0;39m ?[2m---?[0;39m ?[2m[io-28852-exec-6]?[0;39m ?[36mo.s.s.w.header.writers.HstsHeaderWriter ?[0;39m ?[2m:?[0;39m Not injecting HSTS header since it did not match request to [Is Secure]
?[0m?[0;34m?[2m2023-08-22T13:43:45.490+02:00?[0;39m ?[32mTRACE?[0;39m ?[35m18216?[0;39m ?[2m---?[0;39m ?[2m[io-28852-exec-6]?[0;39m ?[36mo.s.security.web.FilterChainProxy       ?[0;39m ?[2m:?[0;39m Trying to match request against DefaultSecurityFilterChain [RequestMatcher=any request, Filters=[org.springframework.security.web.session.DisableEncodeUrlFilter@5d51203b, org.springframework.security.web.context.request.async.WebAsyncManagerIntegrationFilter@32be672d, org.springframework.security.web.context.SecurityContextHolderFilter@74f54f8e, org.springframework.security.web.header.HeaderWriterFilter@157ff8f8, org.springframework.security.web.authentication.logout.LogoutFilter@72364a40, org.springframework.security.web.authentication.www.BasicAuthenticationFilter@a23b96b, org.springframework.security.web.savedrequest.RequestCacheAwareFilter@59b8a801, org.springframework.security.web.servletapi.SecurityContextHolderAwareRequestFilter@5aa026e9, org.springframework.security.web.authentication.AnonymousAuthenticationFilter@23e54c8a, org.springframework.security.web.session.SessionManagementFilter@79e3f444, org.springframework.security.web.access.ExceptionTranslationFilter@17a756db, org.springframework.security.web.access.intercept.AuthorizationFilter@55e75ce0]] (1/1)
?[0m?[0;34m?[2m2023-08-22T13:43:45.490+02:00?[0;39m ?[32mDEBUG?[0;39m ?[35m18216?[0;39m ?[2m---?[0;39m ?[2m[io-28852-exec-6]?[0;39m ?[36mo.s.security.web.FilterChainProxy       ?[0;39m ?[2m:?[0;39m Securing POST /error
?[0m?[0;34m?[2m2023-08-22T13:43:45.490+02:00?[0;39m ?[32mTRACE?[0;39m ?[35m18216?[0;39m ?[2m---?[0;39m ?[2m[io-28852-exec-6]?[0;39m ?[36mo.s.security.web.FilterChainProxy       ?[0;39m ?[2m:?[0;39m Invoking DisableEncodeUrlFilter (1/12)
?[0m?[0;34m?[2m2023-08-22T13:43:45.490+02:00?[0;39m ?[32mTRACE?[0;39m ?[35m18216?[0;39m ?[2m---?[0;39m ?[2m[io-28852-exec-6]?[0;39m ?[36mo.s.security.web.FilterChainProxy       ?[0;39m ?[2m:?[0;39m Invoking WebAsyncManagerIntegrationFilter (2/12)
?[0m?[0;34m?[2m2023-08-22T13:43:45.490+02:00?[0;39m ?[32mTRACE?[0;39m ?[35m18216?[0;39m ?[2m---?[0;39m ?[2m[io-28852-exec-6]?[0;39m ?[36mo.s.security.web.FilterChainProxy       ?[0;39m ?[2m:?[0;39m Invoking SecurityContextHolderFilter (3/12)
?[0m?[0;34m?[2m2023-08-22T13:43:45.491+02:00?[0;39m ?[32mTRACE?[0;39m ?[35m18216?[0;39m ?[2m---?[0;39m ?[2m[io-28852-exec-6]?[0;39m ?[36mo.s.security.web.FilterChainProxy       ?[0;39m ?[2m:?[0;39m Invoking HeaderWriterFilter (4/12)
?[0m?[0;34m?[2m2023-08-22T13:43:45.491+02:00?[0;39m ?[32mTRACE?[0;39m ?[35m18216?[0;39m ?[2m---?[0;39m ?[2m[io-28852-exec-6]?[0;39m ?[36mo.s.security.web.FilterChainProxy       ?[0;39m ?[2m:?[0;39m Invoking LogoutFilter (5/12)
?[0m?[0;34m?[2m2023-08-22T13:43:45.491+02:00?[0;39m ?[32mTRACE?[0;39m ?[35m18216?[0;39m ?[2m---?[0;39m ?[2m[io-28852-exec-6]?[0;39m ?[36mo.s.s.w.a.logout.LogoutFilter           ?[0;39m ?[2m:?[0;39m Did not match request to Or [Ant [pattern='/logout', GET], Ant [pattern='/logout', POST], Ant [pattern='/logout', PUT], Ant [pattern='/logout', DELETE]]
?[0m?[0;34m?[2m2023-08-22T13:43:45.491+02:00?[0;39m ?[32mTRACE?[0;39m ?[35m18216?[0;39m ?[2m---?[0;39m ?[2m[io-28852-exec-6]?[0;39m ?[36mo.s.security.web.FilterChainProxy       ?[0;39m ?[2m:?[0;39m Invoking BasicAuthenticationFilter (6/12)
?[0m?[0;34m?[2m2023-08-22T13:43:45.491+02:00?[0;39m ?[32mTRACE?[0;39m ?[35m18216?[0;39m ?[2m---?[0;39m ?[2m[io-28852-exec-6]?[0;39m ?[36mo.s.security.web.FilterChainProxy       ?[0;39m ?[2m:?[0;39m Invoking RequestCacheAwareFilter (7/12)
?[0m?[0;34m?[2m2023-08-22T13:43:45.491+02:00?[0;39m ?[32mTRACE?[0;39m ?[35m18216?[0;39m ?[2m---?[0;39m ?[2m[io-28852-exec-6]?[0;39m ?[36mo.s.security.web.FilterChainProxy       ?[0;39m ?[2m:?[0;39m Invoking SecurityContextHolderAwareRequestFilter (8/12)
?[0m?[0;34m?[2m2023-08-22T13:43:45.491+02:00?[0;39m ?[32mTRACE?[0;39m ?[35m18216?[0;39m ?[2m---?[0;39m ?[2m[io-28852-exec-6]?[0;39m ?[36mo.s.security.web.FilterChainProxy       ?[0;39m ?[2m:?[0;39m Invoking AnonymousAuthenticationFilter (9/12)
?[0m?[0;34m?[2m2023-08-22T13:43:45.491+02:00?[0;39m ?[32mTRACE?[0;39m ?[35m18216?[0;39m ?[2m---?[0;39m ?[2m[io-28852-exec-6]?[0;39m ?[36mo.s.security.web.FilterChainProxy       ?[0;39m ?[2m:?[0;39m Invoking SessionManagementFilter (10/12)
?[0m?[0;34m?[2m2023-08-22T13:43:45.491+02:00?[0;39m ?[32mTRACE?[0;39m ?[35m18216?[0;39m ?[2m---?[0;39m ?[2m[io-28852-exec-6]?[0;39m ?[36mo.s.security.web.FilterChainProxy       ?[0;39m ?[2m:?[0;39m Invoking ExceptionTranslationFilter (11/12)
?[0m?[0;34m?[2m2023-08-22T13:43:45.491+02:00?[0;39m ?[32mTRACE?[0;39m ?[35m18216?[0;39m ?[2m---?[0;39m ?[2m[io-28852-exec-6]?[0;39m ?[36mo.s.security.web.FilterChainProxy       ?[0;39m ?[2m:?[0;39m Invoking AuthorizationFilter (12/12)
?[0m?[0;34m?[2m2023-08-22T13:43:45.491+02:00?[0;39m ?[32mTRACE?[0;39m ?[35m18216?[0;39m ?[2m---?[0;39m ?[2m[io-28852-exec-6]?[0;39m ?[36mestMatcherDelegatingAuthorizationManager?[0;39m ?[2m:?[0;39m Authorizing SecurityContextHolderAwareRequestWrapper[ FirewalledRequest[ org.apache.catalina.core.ApplicationHttpRequest@355cd2b0]]
?[0m?[0;34m?[2m2023-08-22T13:43:45.491+02:00?[0;39m ?[32mTRACE?[0;39m ?[35m18216?[0;39m ?[2m---?[0;39m ?[2m[io-28852-exec-6]?[0;39m ?[36mestMatcherDelegatingAuthorizationManager?[0;39m ?[2m:?[0;39m Checking authorization on SecurityContextHolderAwareRequestWrapper[ FirewalledRequest[ org.apache.catalina.core.ApplicationHttpRequest@355cd2b0]] using org.springframework.security.config.annotation.web.configurers.AuthorizeHttpRequestsConfigurer$$Lambda$1316/0x0000000100a4d140@528cc85a
?[0m?[0;34m?[2m2023-08-22T13:43:45.491+02:00?[0;39m ?[32mDEBUG?[0;39m ?[35m18216?[0;39m ?[2m---?[0;39m ?[2m[io-28852-exec-6]?[0;39m ?[36mo.s.security.web.FilterChainProxy       ?[0;39m ?[2m:?[0;39m Secured POST /error
?[0m?[0;34m?[2m2023-08-22T13:43:45.491+02:00?[0;39m ?[32mTRACE?[0;39m ?[35m18216?[0;39m ?[2m---?[0;39m ?[2m[io-28852-exec-6]?[0;39m ?[36mo.s.s.w.a.AnonymousAuthenticationFilter ?[0;39m ?[2m:?[0;39m Did not set SecurityContextHolder since already authenticated UsernamePasswordAuthenticationToken [Principal=account.businesslayer.security.UserAdapter@621b23f3, Credentials=[PROTECTED], Authenticated=true, Details=WebAuthenticationDetails [RemoteIpAddress=127.0.0.1, SessionId=null], Granted Authorities=[ROLE_USER]]
?[1;31m
Start test 34?[0m
?[0m?[0;34m?[2m2023-08-22T13:43:45.497+02:00?[0;39m ?[32mTRACE?[0;39m ?[35m18216?[0;39m ?[2m---?[0;39m ?[2m[io-28852-exec-5]?[0;39m ?[36mo.s.security.web.FilterChainProxy       ?[0;39m ?[2m:?[0;39m Trying to match request against DefaultSecurityFilterChain [RequestMatcher=any request, Filters=[org.springframework.security.web.session.DisableEncodeUrlFilter@5d51203b, org.springframework.security.web.context.request.async.WebAsyncManagerIntegrationFilter@32be672d, org.springframework.security.web.context.SecurityContextHolderFilter@74f54f8e, org.springframework.security.web.header.HeaderWriterFilter@157ff8f8, org.springframework.security.web.authentication.logout.LogoutFilter@72364a40, org.springframework.security.web.authentication.www.BasicAuthenticationFilter@a23b96b, org.springframework.security.web.savedrequest.RequestCacheAwareFilter@59b8a801, org.springframework.security.web.servletapi.SecurityContextHolderAwareRequestFilter@5aa026e9, org.springframework.security.web.authentication.AnonymousAuthenticationFilter@23e54c8a, org.springframework.security.web.session.SessionManagementFilter@79e3f444, org.springframework.security.web.access.ExceptionTranslationFilter@17a756db, org.springframework.security.web.access.intercept.AuthorizationFilter@55e75ce0]] (1/1)
?[0m?[0;34m?[2m2023-08-22T13:43:45.497+02:00?[0;39m ?[32mDEBUG?[0;39m ?[35m18216?[0;39m ?[2m---?[0;39m ?[2m[io-28852-exec-5]?[0;39m ?[36mo.s.security.web.FilterChainProxy       ?[0;39m ?[2m:?[0;39m Securing POST /api/auth/changepass
?[0m?[0;34m?[2m2023-08-22T13:43:45.497+02:00?[0;39m ?[32mTRACE?[0;39m ?[35m18216?[0;39m ?[2m---?[0;39m ?[2m[io-28852-exec-5]?[0;39m ?[36mo.s.security.web.FilterChainProxy       ?[0;39m ?[2m:?[0;39m Invoking DisableEncodeUrlFilter (1/12)
?[0m?[0;34m?[2m2023-08-22T13:43:45.497+02:00?[0;39m ?[32mTRACE?[0;39m ?[35m18216?[0;39m ?[2m---?[0;39m ?[2m[io-28852-exec-5]?[0;39m ?[36mo.s.security.web.FilterChainProxy       ?[0;39m ?[2m:?[0;39m Invoking WebAsyncManagerIntegrationFilter (2/12)
?[0m?[0;34m?[2m2023-08-22T13:43:45.497+02:00?[0;39m ?[32mTRACE?[0;39m ?[35m18216?[0;39m ?[2m---?[0;39m ?[2m[io-28852-exec-5]?[0;39m ?[36mo.s.security.web.FilterChainProxy       ?[0;39m ?[2m:?[0;39m Invoking SecurityContextHolderFilter (3/12)
?[0m?[0;34m?[2m2023-08-22T13:43:45.497+02:00?[0;39m ?[32mTRACE?[0;39m ?[35m18216?[0;39m ?[2m---?[0;39m ?[2m[io-28852-exec-5]?[0;39m ?[36mo.s.security.web.FilterChainProxy       ?[0;39m ?[2m:?[0;39m Invoking HeaderWriterFilter (4/12)
?[0m?[0;34m?[2m2023-08-22T13:43:45.497+02:00?[0;39m ?[32mTRACE?[0;39m ?[35m18216?[0;39m ?[2m---?[0;39m ?[2m[io-28852-exec-5]?[0;39m ?[36mo.s.security.web.FilterChainProxy       ?[0;39m ?[2m:?[0;39m Invoking LogoutFilter (5/12)
?[0m?[0;34m?[2m2023-08-22T13:43:45.497+02:00?[0;39m ?[32mTRACE?[0;39m ?[35m18216?[0;39m ?[2m---?[0;39m ?[2m[io-28852-exec-5]?[0;39m ?[36mo.s.s.w.a.logout.LogoutFilter           ?[0;39m ?[2m:?[0;39m Did not match request to Or [Ant [pattern='/logout', GET], Ant [pattern='/logout', POST], Ant [pattern='/logout', PUT], Ant [pattern='/logout', DELETE]]
?[0m?[0;34m?[2m2023-08-22T13:43:45.497+02:00?[0;39m ?[32mTRACE?[0;39m ?[35m18216?[0;39m ?[2m---?[0;39m ?[2m[io-28852-exec-5]?[0;39m ?[36mo.s.security.web.FilterChainProxy       ?[0;39m ?[2m:?[0;39m Invoking BasicAuthenticationFilter (6/12)
?[0m?[0;34m?[2m2023-08-22T13:43:45.497+02:00?[0;39m ?[32mTRACE?[0;39m ?[35m18216?[0;39m ?[2m---?[0;39m ?[2m[io-28852-exec-5]?[0;39m ?[36mo.s.s.w.a.www.BasicAuthenticationFilter ?[0;39m ?[2m:?[0;39m Found username 'JohnDoe@acme.com' in Basic Authorization header
?[0m?[0;34m?[2m2023-08-22T13:43:45.497+02:00?[0;39m ?[32mTRACE?[0;39m ?[35m18216?[0;39m ?[2m---?[0;39m ?[2m[io-28852-exec-5]?[0;39m ?[36m.s.s.w.c.SupplierDeferredSecurityContext?[0;39m ?[2m:?[0;39m Created SecurityContextImpl [Null authentication]
?[0m?[0;34m?[2m2023-08-22T13:43:45.497+02:00?[0;39m ?[32mTRACE?[0;39m ?[35m18216?[0;39m ?[2m---?[0;39m ?[2m[io-28852-exec-5]?[0;39m ?[36mo.s.s.authentication.ProviderManager    ?[0;39m ?[2m:?[0;39m Authenticating request with DaoAuthenticationProvider (1/1)
?[0m?[0;34mHibernate: select u1_0.id,u1_0.email,u1_0.lastname,u1_0.name,u1_0.password from users u1_0 where upper(u1_0.email)=upper(?)
?[0m?[0;34m?[2m2023-08-22T13:43:45.555+02:00?[0;39m ?[32mDEBUG?[0;39m ?[35m18216?[0;39m ?[2m---?[0;39m ?[2m[io-28852-exec-5]?[0;39m ?[36mo.s.s.a.dao.DaoAuthenticationProvider   ?[0;39m ?[2m:?[0;39m Authenticated user
?[0m?[0;34m?[2m2023-08-22T13:43:45.556+02:00?[0;39m ?[32mDEBUG?[0;39m ?[35m18216?[0;39m ?[2m---?[0;39m ?[2m[io-28852-exec-5]?[0;39m ?[36mo.s.s.w.a.www.BasicAuthenticationFilter ?[0;39m ?[2m:?[0;39m Set SecurityContextHolder to UsernamePasswordAuthenticationToken [Principal=account.businesslayer.security.UserAdapter@a9c44ae, Credentials=[PROTECTED], Authenticated=true, Details=WebAuthenticationDetails [RemoteIpAddress=127.0.0.1, SessionId=null], Granted Authorities=[ROLE_USER]]
?[0m?[0;34m?[2m2023-08-22T13:43:45.556+02:00?[0;39m ?[32mTRACE?[0;39m ?[35m18216?[0;39m ?[2m---?[0;39m ?[2m[io-28852-exec-5]?[0;39m ?[36mo.s.security.web.FilterChainProxy       ?[0;39m ?[2m:?[0;39m Invoking RequestCacheAwareFilter (7/12)
?[0m?[0;34m?[2m2023-08-22T13:43:45.556+02:00?[0;39m ?[32mTRACE?[0;39m ?[35m18216?[0;39m ?[2m---?[0;39m ?[2m[io-28852-exec-5]?[0;39m ?[36mo.s.security.web.FilterChainProxy       ?[0;39m ?[2m:?[0;39m Invoking SecurityContextHolderAwareRequestFilter (8/12)
?[0m?[0;34m?[2m2023-08-22T13:43:45.556+02:00?[0;39m ?[32mTRACE?[0;39m ?[35m18216?[0;39m ?[2m---?[0;39m ?[2m[io-28852-exec-5]?[0;39m ?[36mo.s.security.web.FilterChainProxy       ?[0;39m ?[2m:?[0;39m Invoking AnonymousAuthenticationFilter (9/12)
?[0m?[0;34m?[2m2023-08-22T13:43:45.556+02:00?[0;39m ?[32mTRACE?[0;39m ?[35m18216?[0;39m ?[2m---?[0;39m ?[2m[io-28852-exec-5]?[0;39m ?[36mo.s.security.web.FilterChainProxy       ?[0;39m ?[2m:?[0;39m Invoking SessionManagementFilter (10/12)
?[0m?[0;34m?[2m2023-08-22T13:43:45.556+02:00?[0;39m ?[32mTRACE?[0;39m ?[35m18216?[0;39m ?[2m---?[0;39m ?[2m[io-28852-exec-5]?[0;39m ?[36mo.s.s.w.a.AnonymousAuthenticationFilter ?[0;39m ?[2m:?[0;39m Did not set SecurityContextHolder since already authenticated UsernamePasswordAuthenticationToken [Principal=account.businesslayer.security.UserAdapter@a9c44ae, Credentials=[PROTECTED], Authenticated=true, Details=WebAuthenticationDetails [RemoteIpAddress=127.0.0.1, SessionId=null], Granted Authorities=[ROLE_USER]]
?[0m?[0;34m?[2m2023-08-22T13:43:45.556+02:00?[0;39m ?[32mTRACE?[0;39m ?[35m18216?[0;39m ?[2m---?[0;39m ?[2m[io-28852-exec-5]?[0;39m ?[36ms.CompositeSessionAuthenticationStrategy?[0;39m ?[2m:?[0;39m Preparing session with ChangeSessionIdAuthenticationStrategy (1/1)
?[0m?[0;34m?[2m2023-08-22T13:43:45.556+02:00?[0;39m ?[32mTRACE?[0;39m ?[35m18216?[0;39m ?[2m---?[0;39m ?[2m[io-28852-exec-5]?[0;39m ?[36mo.s.security.web.FilterChainProxy       ?[0;39m ?[2m:?[0;39m Invoking ExceptionTranslationFilter (11/12)
?[0m?[0;34m?[2m2023-08-22T13:43:45.556+02:00?[0;39m ?[32mTRACE?[0;39m ?[35m18216?[0;39m ?[2m---?[0;39m ?[2m[io-28852-exec-5]?[0;39m ?[36mo.s.security.web.FilterChainProxy       ?[0;39m ?[2m:?[0;39m Invoking AuthorizationFilter (12/12)
?[0m?[0;34m?[2m2023-08-22T13:43:45.556+02:00?[0;39m ?[32mTRACE?[0;39m ?[35m18216?[0;39m ?[2m---?[0;39m ?[2m[io-28852-exec-5]?[0;39m ?[36mestMatcherDelegatingAuthorizationManager?[0;39m ?[2m:?[0;39m Authorizing SecurityContextHolderAwareRequestWrapper[ org.springframework.security.web.header.HeaderWriterFilter$HeaderWriterRequest@3d8ad88b]
?[0m?[0;34m?[2m2023-08-22T13:43:45.557+02:00?[0;39m ?[32mTRACE?[0;39m ?[35m18216?[0;39m ?[2m---?[0;39m ?[2m[io-28852-exec-5]?[0;39m ?[36mestMatcherDelegatingAuthorizationManager?[0;39m ?[2m:?[0;39m Checking authorization on SecurityContextHolderAwareRequestWrapper[ org.springframework.security.web.header.HeaderWriterFilter$HeaderWriterRequest@3d8ad88b] using org.springframework.security.authorization.AuthenticatedAuthorizationManager@65549294
?[0m?[0;34m?[2m2023-08-22T13:43:45.557+02:00?[0;39m ?[32mDEBUG?[0;39m ?[35m18216?[0;39m ?[2m---?[0;39m ?[2m[io-28852-exec-5]?[0;39m ?[36mo.s.security.web.FilterChainProxy       ?[0;39m ?[2m:?[0;39m Secured POST /api/auth/changepass
?[0m?[0;34m?[2m2023-08-22T13:43:45.558+02:00?[0;39m ?[32mTRACE?[0;39m ?[35m18216?[0;39m ?[2m---?[0;39m ?[2m[io-28852-exec-5]?[0;39m ?[36mo.s.s.w.header.writers.HstsHeaderWriter ?[0;39m ?[2m:?[0;39m Not injecting HSTS header since it did not match request to [Is Secure]
?[0m?[0;34m?[2m2023-08-22T13:43:45.559+02:00?[0;39m ?[32mTRACE?[0;39m ?[35m18216?[0;39m ?[2m---?[0;39m ?[2m[io-28852-exec-5]?[0;39m ?[36mo.s.security.web.FilterChainProxy       ?[0;39m ?[2m:?[0;39m Trying to match request against DefaultSecurityFilterChain [RequestMatcher=any request, Filters=[org.springframework.security.web.session.DisableEncodeUrlFilter@5d51203b, org.springframework.security.web.context.request.async.WebAsyncManagerIntegrationFilter@32be672d, org.springframework.security.web.context.SecurityContextHolderFilter@74f54f8e, org.springframework.security.web.header.HeaderWriterFilter@157ff8f8, org.springframework.security.web.authentication.logout.LogoutFilter@72364a40, org.springframework.security.web.authentication.www.BasicAuthenticationFilter@a23b96b, org.springframework.security.web.savedrequest.RequestCacheAwareFilter@59b8a801, org.springframework.security.web.servletapi.SecurityContextHolderAwareRequestFilter@5aa026e9, org.springframework.security.web.authentication.AnonymousAuthenticationFilter@23e54c8a, org.springframework.security.web.session.SessionManagementFilter@79e3f444, org.springframework.security.web.access.ExceptionTranslationFilter@17a756db, org.springframework.security.web.access.intercept.AuthorizationFilter@55e75ce0]] (1/1)
?[0m?[0;34m?[2m2023-08-22T13:43:45.559+02:00?[0;39m ?[32mDEBUG?[0;39m ?[35m18216?[0;39m ?[2m---?[0;39m ?[2m[io-28852-exec-5]?[0;39m ?[36mo.s.security.web.FilterChainProxy       ?[0;39m ?[2m:?[0;39m Securing POST /error
?[0m?[0;34m?[2m2023-08-22T13:43:45.559+02:00?[0;39m ?[32mTRACE?[0;39m ?[35m18216?[0;39m ?[2m---?[0;39m ?[2m[io-28852-exec-5]?[0;39m ?[36mo.s.security.web.FilterChainProxy       ?[0;39m ?[2m:?[0;39m Invoking DisableEncodeUrlFilter (1/12)
?[0m?[0;34m?[2m2023-08-22T13:43:45.559+02:00?[0;39m ?[32mTRACE?[0;39m ?[35m18216?[0;39m ?[2m---?[0;39m ?[2m[io-28852-exec-5]?[0;39m ?[36mo.s.security.web.FilterChainProxy       ?[0;39m ?[2m:?[0;39m Invoking WebAsyncManagerIntegrationFilter (2/12)
?[0m?[0;34m?[2m2023-08-22T13:43:45.559+02:00?[0;39m ?[32mTRACE?[0;39m ?[35m18216?[0;39m ?[2m---?[0;39m ?[2m[io-28852-exec-5]?[0;39m ?[36mo.s.security.web.FilterChainProxy       ?[0;39m ?[2m:?[0;39m Invoking SecurityContextHolderFilter (3/12)
?[0m?[0;34m?[2m2023-08-22T13:43:45.559+02:00?[0;39m ?[32mTRACE?[0;39m ?[35m18216?[0;39m ?[2m---?[0;39m ?[2m[io-28852-exec-5]?[0;39m ?[36mo.s.security.web.FilterChainProxy       ?[0;39m ?[2m:?[0;39m Invoking HeaderWriterFilter (4/12)
?[0m?[0;34m?[2m2023-08-22T13:43:45.559+02:00?[0;39m ?[32mTRACE?[0;39m ?[35m18216?[0;39m ?[2m---?[0;39m ?[2m[io-28852-exec-5]?[0;39m ?[36mo.s.security.web.FilterChainProxy       ?[0;39m ?[2m:?[0;39m Invoking LogoutFilter (5/12)
?[0m?[0;34m?[2m2023-08-22T13:43:45.559+02:00?[0;39m ?[32mTRACE?[0;39m ?[35m18216?[0;39m ?[2m---?[0;39m ?[2m[io-28852-exec-5]?[0;39m ?[36mo.s.s.w.a.logout.LogoutFilter           ?[0;39m ?[2m:?[0;39m Did not match request to Or [Ant [pattern='/logout', GET], Ant [pattern='/logout', POST], Ant [pattern='/logout', PUT], Ant [pattern='/logout', DELETE]]
?[0m?[0;34m?[2m2023-08-22T13:43:45.559+02:00?[0;39m ?[32mTRACE?[0;39m ?[35m18216?[0;39m ?[2m---?[0;39m ?[2m[io-28852-exec-5]?[0;39m ?[36mo.s.security.web.FilterChainProxy       ?[0;39m ?[2m:?[0;39m Invoking BasicAuthenticationFilter (6/12)
?[0m?[0;34m?[2m2023-08-22T13:43:45.559+02:00?[0;39m ?[32mTRACE?[0;39m ?[35m18216?[0;39m ?[2m---?[0;39m ?[2m[io-28852-exec-5]?[0;39m ?[36mo.s.security.web.FilterChainProxy       ?[0;39m ?[2m:?[0;39m Invoking RequestCacheAwareFilter (7/12)
?[0m?[0;34m?[2m2023-08-22T13:43:45.559+02:00?[0;39m ?[32mTRACE?[0;39m ?[35m18216?[0;39m ?[2m---?[0;39m ?[2m[io-28852-exec-5]?[0;39m ?[36mo.s.security.web.FilterChainProxy       ?[0;39m ?[2m:?[0;39m Invoking SecurityContextHolderAwareRequestFilter (8/12)
?[0m?[0;34m?[2m2023-08-22T13:43:45.559+02:00?[0;39m ?[32mTRACE?[0;39m ?[35m18216?[0;39m ?[2m---?[0;39m ?[2m[io-28852-exec-5]?[0;39m ?[36mo.s.security.web.FilterChainProxy       ?[0;39m ?[2m:?[0;39m Invoking AnonymousAuthenticationFilter (9/12)
?[0m?[0;34m?[2m2023-08-22T13:43:45.559+02:00?[0;39m ?[32mTRACE?[0;39m ?[35m18216?[0;39m ?[2m---?[0;39m ?[2m[io-28852-exec-5]?[0;39m ?[36mo.s.security.web.FilterChainProxy       ?[0;39m ?[2m:?[0;39m Invoking SessionManagementFilter (10/12)
?[0m?[0;34m?[2m2023-08-22T13:43:45.559+02:00?[0;39m ?[32mTRACE?[0;39m ?[35m18216?[0;39m ?[2m---?[0;39m ?[2m[io-28852-exec-5]?[0;39m ?[36mo.s.security.web.FilterChainProxy       ?[0;39m ?[2m:?[0;39m Invoking ExceptionTranslationFilter (11/12)
?[0m?[0;34m?[2m2023-08-22T13:43:45.559+02:00?[0;39m ?[32mTRACE?[0;39m ?[35m18216?[0;39m ?[2m---?[0;39m ?[2m[io-28852-exec-5]?[0;39m ?[36mo.s.security.web.FilterChainProxy       ?[0;39m ?[2m:?[0;39m Invoking AuthorizationFilter (12/12)
?[0m?[0;34m?[2m2023-08-22T13:43:45.559+02:00?[0;39m ?[32mTRACE?[0;39m ?[35m18216?[0;39m ?[2m---?[0;39m ?[2m[io-28852-exec-5]?[0;39m ?[36mestMatcherDelegatingAuthorizationManager?[0;39m ?[2m:?[0;39m Authorizing SecurityContextHolderAwareRequestWrapper[ FirewalledRequest[ org.apache.catalina.core.ApplicationHttpRequest@5d5bd20a]]
?[0m?[0;34m?[2m2023-08-22T13:43:45.560+02:00?[0;39m ?[32mTRACE?[0;39m ?[35m18216?[0;39m ?[2m---?[0;39m ?[2m[io-28852-exec-5]?[0;39m ?[36mestMatcherDelegatingAuthorizationManager?[0;39m ?[2m:?[0;39m Checking authorization on SecurityContextHolderAwareRequestWrapper[ FirewalledRequest[ org.apache.catalina.core.ApplicationHttpRequest@5d5bd20a]] using org.springframework.security.config.annotation.web.configurers.AuthorizeHttpRequestsConfigurer$$Lambda$1316/0x0000000100a4d140@528cc85a
?[0m?[0;34m?[2m2023-08-22T13:43:45.560+02:00?[0;39m ?[32mDEBUG?[0;39m ?[35m18216?[0;39m ?[2m---?[0;39m ?[2m[io-28852-exec-5]?[0;39m ?[36mo.s.security.web.FilterChainProxy       ?[0;39m ?[2m:?[0;39m Secured POST /error
?[0m?[0;34m?[2m2023-08-22T13:43:45.560+02:00?[0;39m ?[32mTRACE?[0;39m ?[35m18216?[0;39m ?[2m---?[0;39m ?[2m[io-28852-exec-5]?[0;39m ?[36mo.s.s.w.a.AnonymousAuthenticationFilter ?[0;39m ?[2m:?[0;39m Did not set SecurityContextHolder since already authenticated UsernamePasswordAuthenticationToken [Principal=account.businesslayer.security.UserAdapter@a9c44ae, Credentials=[PROTECTED], Authenticated=true, Details=WebAuthenticationDetails [RemoteIpAddress=127.0.0.1, SessionId=null], Granted Authorities=[ROLE_USER]]
?[1;31m
Start test 35?[0m
?[0m?[0;34m?[2m2023-08-22T13:43:45.567+02:00?[0;39m ?[32mTRACE?[0;39m ?[35m18216?[0;39m ?[2m---?[0;39m ?[2m[io-28852-exec-7]?[0;39m ?[36mo.s.security.web.FilterChainProxy       ?[0;39m ?[2m:?[0;39m Trying to match request against DefaultSecurityFilterChain [RequestMatcher=any request, Filters=[org.springframework.security.web.session.DisableEncodeUrlFilter@5d51203b, org.springframework.security.web.context.request.async.WebAsyncManagerIntegrationFilter@32be672d, org.springframework.security.web.context.SecurityContextHolderFilter@74f54f8e, org.springframework.security.web.header.HeaderWriterFilter@157ff8f8, org.springframework.security.web.authentication.logout.LogoutFilter@72364a40, org.springframework.security.web.authentication.www.BasicAuthenticationFilter@a23b96b, org.springframework.security.web.savedrequest.RequestCacheAwareFilter@59b8a801, org.springframework.security.web.servletapi.SecurityContextHolderAwareRequestFilter@5aa026e9, org.springframework.security.web.authentication.AnonymousAuthenticationFilter@23e54c8a, org.springframework.security.web.session.SessionManagementFilter@79e3f444, org.springframework.security.web.access.ExceptionTranslationFilter@17a756db, org.springframework.security.web.access.intercept.AuthorizationFilter@55e75ce0]] (1/1)
?[0m?[0;34m?[2m2023-08-22T13:43:45.567+02:00?[0;39m ?[32mDEBUG?[0;39m ?[35m18216?[0;39m ?[2m---?[0;39m ?[2m[io-28852-exec-7]?[0;39m ?[36mo.s.security.web.FilterChainProxy       ?[0;39m ?[2m:?[0;39m Securing POST /api/auth/changepass
?[0m?[0;34m?[2m2023-08-22T13:43:45.567+02:00?[0;39m ?[32mTRACE?[0;39m ?[35m18216?[0;39m ?[2m---?[0;39m ?[2m[io-28852-exec-7]?[0;39m ?[36mo.s.security.web.FilterChainProxy       ?[0;39m ?[2m:?[0;39m Invoking DisableEncodeUrlFilter (1/12)
?[0m?[0;34m?[2m2023-08-22T13:43:45.567+02:00?[0;39m ?[32mTRACE?[0;39m ?[35m18216?[0;39m ?[2m---?[0;39m ?[2m[io-28852-exec-7]?[0;39m ?[36mo.s.security.web.FilterChainProxy       ?[0;39m ?[2m:?[0;39m Invoking WebAsyncManagerIntegrationFilter (2/12)
?[0m?[0;34m?[2m2023-08-22T13:43:45.567+02:00?[0;39m ?[32mTRACE?[0;39m ?[35m18216?[0;39m ?[2m---?[0;39m ?[2m[io-28852-exec-7]?[0;39m ?[36mo.s.security.web.FilterChainProxy       ?[0;39m ?[2m:?[0;39m Invoking SecurityContextHolderFilter (3/12)
?[0m?[0;34m?[2m2023-08-22T13:43:45.567+02:00?[0;39m ?[32mTRACE?[0;39m ?[35m18216?[0;39m ?[2m---?[0;39m ?[2m[io-28852-exec-7]?[0;39m ?[36mo.s.security.web.FilterChainProxy       ?[0;39m ?[2m:?[0;39m Invoking HeaderWriterFilter (4/12)
?[0m?[0;34m?[2m2023-08-22T13:43:45.567+02:00?[0;39m ?[32mTRACE?[0;39m ?[35m18216?[0;39m ?[2m---?[0;39m ?[2m[io-28852-exec-7]?[0;39m ?[36mo.s.security.web.FilterChainProxy       ?[0;39m ?[2m:?[0;39m Invoking LogoutFilter (5/12)
?[0m?[0;34m?[2m2023-08-22T13:43:45.567+02:00?[0;39m ?[32mTRACE?[0;39m ?[35m18216?[0;39m ?[2m---?[0;39m ?[2m[io-28852-exec-7]?[0;39m ?[36mo.s.s.w.a.logout.LogoutFilter           ?[0;39m ?[2m:?[0;39m Did not match request to Or [Ant [pattern='/logout', GET], Ant [pattern='/logout', POST], Ant [pattern='/logout', PUT], Ant [pattern='/logout', DELETE]]
?[0m?[0;34m?[2m2023-08-22T13:43:45.567+02:00?[0;39m ?[32mTRACE?[0;39m ?[35m18216?[0;39m ?[2m---?[0;39m ?[2m[io-28852-exec-7]?[0;39m ?[36mo.s.security.web.FilterChainProxy       ?[0;39m ?[2m:?[0;39m Invoking BasicAuthenticationFilter (6/12)
?[0m?[0;34m?[2m2023-08-22T13:43:45.567+02:00?[0;39m ?[32mTRACE?[0;39m ?[35m18216?[0;39m ?[2m---?[0;39m ?[2m[io-28852-exec-7]?[0;39m ?[36mo.s.s.w.a.www.BasicAuthenticationFilter ?[0;39m ?[2m:?[0;39m Found username 'JohnDoe@acme.com' in Basic Authorization header
?[0m?[0;34m?[2m2023-08-22T13:43:45.568+02:00?[0;39m ?[32mTRACE?[0;39m ?[35m18216?[0;39m ?[2m---?[0;39m ?[2m[io-28852-exec-7]?[0;39m ?[36m.s.s.w.c.SupplierDeferredSecurityContext?[0;39m ?[2m:?[0;39m Created SecurityContextImpl [Null authentication]
?[0m?[0;34m?[2m2023-08-22T13:43:45.568+02:00?[0;39m ?[32mTRACE?[0;39m ?[35m18216?[0;39m ?[2m---?[0;39m ?[2m[io-28852-exec-7]?[0;39m ?[36mo.s.s.authentication.ProviderManager    ?[0;39m ?[2m:?[0;39m Authenticating request with DaoAuthenticationProvider (1/1)
?[0m?[0;34mHibernate: select u1_0.id,u1_0.email,u1_0.lastname,u1_0.name,u1_0.password from users u1_0 where upper(u1_0.email)=upper(?)
?[0m?[0;34m?[2m2023-08-22T13:43:45.628+02:00?[0;39m ?[32mDEBUG?[0;39m ?[35m18216?[0;39m ?[2m---?[0;39m ?[2m[io-28852-exec-7]?[0;39m ?[36mo.s.s.a.dao.DaoAuthenticationProvider   ?[0;39m ?[2m:?[0;39m Authenticated user
?[0m?[0;34m?[2m2023-08-22T13:43:45.629+02:00?[0;39m ?[32mDEBUG?[0;39m ?[35m18216?[0;39m ?[2m---?[0;39m ?[2m[io-28852-exec-7]?[0;39m ?[36mo.s.s.w.a.www.BasicAuthenticationFilter ?[0;39m ?[2m:?[0;39m Set SecurityContextHolder to UsernamePasswordAuthenticationToken [Principal=account.businesslayer.security.UserAdapter@6a0e4cd1, Credentials=[PROTECTED], Authenticated=true, Details=WebAuthenticationDetails [RemoteIpAddress=127.0.0.1, SessionId=null], Granted Authorities=[ROLE_USER]]
?[0m?[0;34m?[2m2023-08-22T13:43:45.629+02:00?[0;39m ?[32mTRACE?[0;39m ?[35m18216?[0;39m ?[2m---?[0;39m ?[2m[io-28852-exec-7]?[0;39m ?[36mo.s.security.web.FilterChainProxy       ?[0;39m ?[2m:?[0;39m Invoking RequestCacheAwareFilter (7/12)
?[0m?[0;34m?[2m2023-08-22T13:43:45.629+02:00?[0;39m ?[32mTRACE?[0;39m ?[35m18216?[0;39m ?[2m---?[0;39m ?[2m[io-28852-exec-7]?[0;39m ?[36mo.s.security.web.FilterChainProxy       ?[0;39m ?[2m:?[0;39m Invoking SecurityContextHolderAwareRequestFilter (8/12)
?[0m?[0;34m?[2m2023-08-22T13:43:45.629+02:00?[0;39m ?[32mTRACE?[0;39m ?[35m18216?[0;39m ?[2m---?[0;39m ?[2m[io-28852-exec-7]?[0;39m ?[36mo.s.security.web.FilterChainProxy       ?[0;39m ?[2m:?[0;39m Invoking AnonymousAuthenticationFilter (9/12)
?[0m?[0;34m?[2m2023-08-22T13:43:45.629+02:00?[0;39m ?[32mTRACE?[0;39m ?[35m18216?[0;39m ?[2m---?[0;39m ?[2m[io-28852-exec-7]?[0;39m ?[36mo.s.security.web.FilterChainProxy       ?[0;39m ?[2m:?[0;39m Invoking SessionManagementFilter (10/12)
?[0m?[0;34m?[2m2023-08-22T13:43:45.629+02:00?[0;39m ?[32mTRACE?[0;39m ?[35m18216?[0;39m ?[2m---?[0;39m ?[2m[io-28852-exec-7]?[0;39m ?[36mo.s.s.w.a.AnonymousAuthenticationFilter ?[0;39m ?[2m:?[0;39m Did not set SecurityContextHolder since already authenticated UsernamePasswordAuthenticationToken [Principal=account.businesslayer.security.UserAdapter@6a0e4cd1, Credentials=[PROTECTED], Authenticated=true, Details=WebAuthenticationDetails [RemoteIpAddress=127.0.0.1, SessionId=null], Granted Authorities=[ROLE_USER]]
?[0m?[0;34m?[2m2023-08-22T13:43:45.629+02:00?[0;39m ?[32mTRACE?[0;39m ?[35m18216?[0;39m ?[2m---?[0;39m ?[2m[io-28852-exec-7]?[0;39m ?[36ms.CompositeSessionAuthenticationStrategy?[0;39m ?[2m:?[0;39m Preparing session with ChangeSessionIdAuthenticationStrategy (1/1)
?[0m?[0;34m?[2m2023-08-22T13:43:45.629+02:00?[0;39m ?[32mTRACE?[0;39m ?[35m18216?[0;39m ?[2m---?[0;39m ?[2m[io-28852-exec-7]?[0;39m ?[36mo.s.security.web.FilterChainProxy       ?[0;39m ?[2m:?[0;39m Invoking ExceptionTranslationFilter (11/12)
?[0m?[0;34m?[2m2023-08-22T13:43:45.629+02:00?[0;39m ?[32mTRACE?[0;39m ?[35m18216?[0;39m ?[2m---?[0;39m ?[2m[io-28852-exec-7]?[0;39m ?[36mo.s.security.web.FilterChainProxy       ?[0;39m ?[2m:?[0;39m Invoking AuthorizationFilter (12/12)
?[0m?[0;34m?[2m2023-08-22T13:43:45.629+02:00?[0;39m ?[32mTRACE?[0;39m ?[35m18216?[0;39m ?[2m---?[0;39m ?[2m[io-28852-exec-7]?[0;39m ?[36mestMatcherDelegatingAuthorizationManager?[0;39m ?[2m:?[0;39m Authorizing SecurityContextHolderAwareRequestWrapper[ org.springframework.security.web.header.HeaderWriterFilter$HeaderWriterRequest@19251caa]
?[0m?[0;34m?[2m2023-08-22T13:43:45.630+02:00?[0;39m ?[32mTRACE?[0;39m ?[35m18216?[0;39m ?[2m---?[0;39m ?[2m[io-28852-exec-7]?[0;39m ?[36mestMatcherDelegatingAuthorizationManager?[0;39m ?[2m:?[0;39m Checking authorization on SecurityContextHolderAwareRequestWrapper[ org.springframework.security.web.header.HeaderWriterFilter$HeaderWriterRequest@19251caa] using org.springframework.security.authorization.AuthenticatedAuthorizationManager@65549294
?[0m?[0;34m?[2m2023-08-22T13:43:45.630+02:00?[0;39m ?[32mDEBUG?[0;39m ?[35m18216?[0;39m ?[2m---?[0;39m ?[2m[io-28852-exec-7]?[0;39m ?[36mo.s.security.web.FilterChainProxy       ?[0;39m ?[2m:?[0;39m Secured POST /api/auth/changepass
?[0m?[0;34m?[2m2023-08-22T13:43:45.631+02:00?[0;39m ?[32mTRACE?[0;39m ?[35m18216?[0;39m ?[2m---?[0;39m ?[2m[io-28852-exec-7]?[0;39m ?[36mo.s.s.w.header.writers.HstsHeaderWriter ?[0;39m ?[2m:?[0;39m Not injecting HSTS header since it did not match request to [Is Secure]
?[0m?[0;34m?[2m2023-08-22T13:43:45.631+02:00?[0;39m ?[32mTRACE?[0;39m ?[35m18216?[0;39m ?[2m---?[0;39m ?[2m[io-28852-exec-7]?[0;39m ?[36mo.s.security.web.FilterChainProxy       ?[0;39m ?[2m:?[0;39m Trying to match request against DefaultSecurityFilterChain [RequestMatcher=any request, Filters=[org.springframework.security.web.session.DisableEncodeUrlFilter@5d51203b, org.springframework.security.web.context.request.async.WebAsyncManagerIntegrationFilter@32be672d, org.springframework.security.web.context.SecurityContextHolderFilter@74f54f8e, org.springframework.security.web.header.HeaderWriterFilter@157ff8f8, org.springframework.security.web.authentication.logout.LogoutFilter@72364a40, org.springframework.security.web.authentication.www.BasicAuthenticationFilter@a23b96b, org.springframework.security.web.savedrequest.RequestCacheAwareFilter@59b8a801, org.springframework.security.web.servletapi.SecurityContextHolderAwareRequestFilter@5aa026e9, org.springframework.security.web.authentication.AnonymousAuthenticationFilter@23e54c8a, org.springframework.security.web.session.SessionManagementFilter@79e3f444, org.springframework.security.web.access.ExceptionTranslationFilter@17a756db, org.springframework.security.web.access.intercept.AuthorizationFilter@55e75ce0]] (1/1)
?[0m?[0;34m?[2m2023-08-22T13:43:45.631+02:00?[0;39m ?[32mDEBUG?[0;39m ?[35m18216?[0;39m ?[2m---?[0;39m ?[2m[io-28852-exec-7]?[0;39m ?[36mo.s.security.web.FilterChainProxy       ?[0;39m ?[2m:?[0;39m Securing POST /error
?[0m?[0;34m?[2m2023-08-22T13:43:45.631+02:00?[0;39m ?[32mTRACE?[0;39m ?[35m18216?[0;39m ?[2m---?[0;39m ?[2m[io-28852-exec-7]?[0;39m ?[36mo.s.security.web.FilterChainProxy       ?[0;39m ?[2m:?[0;39m Invoking DisableEncodeUrlFilter (1/12)
?[0m?[0;34m?[2m2023-08-22T13:43:45.631+02:00?[0;39m ?[32mTRACE?[0;39m ?[35m18216?[0;39m ?[2m---?[0;39m ?[2m[io-28852-exec-7]?[0;39m ?[36mo.s.security.web.FilterChainProxy       ?[0;39m ?[2m:?[0;39m Invoking WebAsyncManagerIntegrationFilter (2/12)
?[0m?[0;34m?[2m2023-08-22T13:43:45.631+02:00?[0;39m ?[32mTRACE?[0;39m ?[35m18216?[0;39m ?[2m---?[0;39m ?[2m[io-28852-exec-7]?[0;39m ?[36mo.s.security.web.FilterChainProxy       ?[0;39m ?[2m:?[0;39m Invoking SecurityContextHolderFilter (3/12)
?[0m?[0;34m?[2m2023-08-22T13:43:45.631+02:00?[0;39m ?[32mTRACE?[0;39m ?[35m18216?[0;39m ?[2m---?[0;39m ?[2m[io-28852-exec-7]?[0;39m ?[36mo.s.security.web.FilterChainProxy       ?[0;39m ?[2m:?[0;39m Invoking HeaderWriterFilter (4/12)
?[0m?[0;34m?[2m2023-08-22T13:43:45.632+02:00?[0;39m ?[32mTRACE?[0;39m ?[35m18216?[0;39m ?[2m---?[0;39m ?[2m[io-28852-exec-7]?[0;39m ?[36mo.s.security.web.FilterChainProxy       ?[0;39m ?[2m:?[0;39m Invoking LogoutFilter (5/12)
?[0m?[0;34m?[2m2023-08-22T13:43:45.632+02:00?[0;39m ?[32mTRACE?[0;39m ?[35m18216?[0;39m ?[2m---?[0;39m ?[2m[io-28852-exec-7]?[0;39m ?[36mo.s.s.w.a.logout.LogoutFilter           ?[0;39m ?[2m:?[0;39m Did not match request to Or [Ant [pattern='/logout', GET], Ant [pattern='/logout', POST], Ant [pattern='/logout', PUT], Ant [pattern='/logout', DELETE]]
?[0m?[0;34m?[2m2023-08-22T13:43:45.632+02:00?[0;39m ?[32mTRACE?[0;39m ?[35m18216?[0;39m ?[2m---?[0;39m ?[2m[io-28852-exec-7]?[0;39m ?[36mo.s.security.web.FilterChainProxy       ?[0;39m ?[2m:?[0;39m Invoking BasicAuthenticationFilter (6/12)
?[0m?[0;34m?[2m2023-08-22T13:43:45.632+02:00?[0;39m ?[32mTRACE?[0;39m ?[35m18216?[0;39m ?[2m---?[0;39m ?[2m[io-28852-exec-7]?[0;39m ?[36mo.s.security.web.FilterChainProxy       ?[0;39m ?[2m:?[0;39m Invoking RequestCacheAwareFilter (7/12)
?[0m?[0;34m?[2m2023-08-22T13:43:45.632+02:00?[0;39m ?[32mTRACE?[0;39m ?[35m18216?[0;39m ?[2m---?[0;39m ?[2m[io-28852-exec-7]?[0;39m ?[36mo.s.security.web.FilterChainProxy       ?[0;39m ?[2m:?[0;39m Invoking SecurityContextHolderAwareRequestFilter (8/12)
?[0m?[0;34m?[2m2023-08-22T13:43:45.632+02:00?[0;39m ?[32mTRACE?[0;39m ?[35m18216?[0;39m ?[2m---?[0;39m ?[2m[io-28852-exec-7]?[0;39m ?[36mo.s.security.web.FilterChainProxy       ?[0;39m ?[2m:?[0;39m Invoking AnonymousAuthenticationFilter (9/12)
?[0m?[0;34m?[2m2023-08-22T13:43:45.632+02:00?[0;39m ?[32mTRACE?[0;39m ?[35m18216?[0;39m ?[2m---?[0;39m ?[2m[io-28852-exec-7]?[0;39m ?[36mo.s.security.web.FilterChainProxy       ?[0;39m ?[2m:?[0;39m Invoking SessionManagementFilter (10/12)
?[0m?[0;34m?[2m2023-08-22T13:43:45.632+02:00?[0;39m ?[32mTRACE?[0;39m ?[35m18216?[0;39m ?[2m---?[0;39m ?[2m[io-28852-exec-7]?[0;39m ?[36mo.s.security.web.FilterChainProxy       ?[0;39m ?[2m:?[0;39m Invoking ExceptionTranslationFilter (11/12)
?[0m?[0;34m?[2m2023-08-22T13:43:45.632+02:00?[0;39m ?[32mTRACE?[0;39m ?[35m18216?[0;39m ?[2m---?[0;39m ?[2m[io-28852-exec-7]?[0;39m ?[36mo.s.security.web.FilterChainProxy       ?[0;39m ?[2m:?[0;39m Invoking AuthorizationFilter (12/12)
?[0m?[0;34m?[2m2023-08-22T13:43:45.632+02:00?[0;39m ?[32mTRACE?[0;39m ?[35m18216?[0;39m ?[2m---?[0;39m ?[2m[io-28852-exec-7]?[0;39m ?[36mestMatcherDelegatingAuthorizationManager?[0;39m ?[2m:?[0;39m Authorizing SecurityContextHolderAwareRequestWrapper[ FirewalledRequest[ org.apache.catalina.core.ApplicationHttpRequest@413b96ca]]
?[0m?[0;34m?[2m2023-08-22T13:43:45.632+02:00?[0;39m ?[32mTRACE?[0;39m ?[35m18216?[0;39m ?[2m---?[0;39m ?[2m[io-28852-exec-7]?[0;39m ?[36mestMatcherDelegatingAuthorizationManager?[0;39m ?[2m:?[0;39m Checking authorization on SecurityContextHolderAwareRequestWrapper[ FirewalledRequest[ org.apache.catalina.core.ApplicationHttpRequest@413b96ca]] using org.springframework.security.config.annotation.web.configurers.AuthorizeHttpRequestsConfigurer$$Lambda$1316/0x0000000100a4d140@528cc85a
?[0m?[0;34m?[2m2023-08-22T13:43:45.632+02:00?[0;39m ?[32mDEBUG?[0;39m ?[35m18216?[0;39m ?[2m---?[0;39m ?[2m[io-28852-exec-7]?[0;39m ?[36mo.s.security.web.FilterChainProxy       ?[0;39m ?[2m:?[0;39m Secured POST /error
?[0m?[0;34m?[2m2023-08-22T13:43:45.632+02:00?[0;39m ?[32mTRACE?[0;39m ?[35m18216?[0;39m ?[2m---?[0;39m ?[2m[io-28852-exec-7]?[0;39m ?[36mo.s.s.w.a.AnonymousAuthenticationFilter ?[0;39m ?[2m:?[0;39m Did not set SecurityContextHolder since already authenticated UsernamePasswordAuthenticationToken [Principal=account.businesslayer.security.UserAdapter@6a0e4cd1, Credentials=[PROTECTED], Authenticated=true, Details=WebAuthenticationDetails [RemoteIpAddress=127.0.0.1, SessionId=null], Granted Authorities=[ROLE_USER]]
?[1;31m
Start test 36?[0m
?[0m?[0;34m?[2m2023-08-22T13:43:45.640+02:00?[0;39m ?[32mTRACE?[0;39m ?[35m18216?[0;39m ?[2m---?[0;39m ?[2m[io-28852-exec-2]?[0;39m ?[36mo.s.security.web.FilterChainProxy       ?[0;39m ?[2m:?[0;39m Trying to match request against DefaultSecurityFilterChain [RequestMatcher=any request, Filters=[org.springframework.security.web.session.DisableEncodeUrlFilter@5d51203b, org.springframework.security.web.context.request.async.WebAsyncManagerIntegrationFilter@32be672d, org.springframework.security.web.context.SecurityContextHolderFilter@74f54f8e, org.springframework.security.web.header.HeaderWriterFilter@157ff8f8, org.springframework.security.web.authentication.logout.LogoutFilter@72364a40, org.springframework.security.web.authentication.www.BasicAuthenticationFilter@a23b96b, org.springframework.security.web.savedrequest.RequestCacheAwareFilter@59b8a801, org.springframework.security.web.servletapi.SecurityContextHolderAwareRequestFilter@5aa026e9, org.springframework.security.web.authentication.AnonymousAuthenticationFilter@23e54c8a, org.springframework.security.web.session.SessionManagementFilter@79e3f444, org.springframework.security.web.access.ExceptionTranslationFilter@17a756db, org.springframework.security.web.access.intercept.AuthorizationFilter@55e75ce0]] (1/1)
?[0m?[0;34m?[2m2023-08-22T13:43:45.640+02:00?[0;39m ?[32mDEBUG?[0;39m ?[35m18216?[0;39m ?[2m---?[0;39m ?[2m[io-28852-exec-2]?[0;39m ?[36mo.s.security.web.FilterChainProxy       ?[0;39m ?[2m:?[0;39m Securing POST /api/auth/changepass
?[0m?[0;34m?[2m2023-08-22T13:43:45.640+02:00?[0;39m ?[32mTRACE?[0;39m ?[35m18216?[0;39m ?[2m---?[0;39m ?[2m[io-28852-exec-2]?[0;39m ?[36mo.s.security.web.FilterChainProxy       ?[0;39m ?[2m:?[0;39m Invoking DisableEncodeUrlFilter (1/12)
?[0m?[0;34m?[2m2023-08-22T13:43:45.640+02:00?[0;39m ?[32mTRACE?[0;39m ?[35m18216?[0;39m ?[2m---?[0;39m ?[2m[io-28852-exec-2]?[0;39m ?[36mo.s.security.web.FilterChainProxy       ?[0;39m ?[2m:?[0;39m Invoking WebAsyncManagerIntegrationFilter (2/12)
?[0m?[0;34m?[2m2023-08-22T13:43:45.640+02:00?[0;39m ?[32mTRACE?[0;39m ?[35m18216?[0;39m ?[2m---?[0;39m ?[2m[io-28852-exec-2]?[0;39m ?[36mo.s.security.web.FilterChainProxy       ?[0;39m ?[2m:?[0;39m Invoking SecurityContextHolderFilter (3/12)
?[0m?[0;34m?[2m2023-08-22T13:43:45.640+02:00?[0;39m ?[32mTRACE?[0;39m ?[35m18216?[0;39m ?[2m---?[0;39m ?[2m[io-28852-exec-2]?[0;39m ?[36mo.s.security.web.FilterChainProxy       ?[0;39m ?[2m:?[0;39m Invoking HeaderWriterFilter (4/12)
?[0m?[0;34m?[2m2023-08-22T13:43:45.640+02:00?[0;39m ?[32mTRACE?[0;39m ?[35m18216?[0;39m ?[2m---?[0;39m ?[2m[io-28852-exec-2]?[0;39m ?[36mo.s.security.web.FilterChainProxy       ?[0;39m ?[2m:?[0;39m Invoking LogoutFilter (5/12)
?[0m?[0;34m?[2m2023-08-22T13:43:45.640+02:00?[0;39m ?[32mTRACE?[0;39m ?[35m18216?[0;39m ?[2m---?[0;39m ?[2m[io-28852-exec-2]?[0;39m ?[36mo.s.s.w.a.logout.LogoutFilter           ?[0;39m ?[2m:?[0;39m Did not match request to Or [Ant [pattern='/logout', GET], Ant [pattern='/logout', POST], Ant [pattern='/logout', PUT], Ant [pattern='/logout', DELETE]]
?[0m?[0;34m?[2m2023-08-22T13:43:45.640+02:00?[0;39m ?[32mTRACE?[0;39m ?[35m18216?[0;39m ?[2m---?[0;39m ?[2m[io-28852-exec-2]?[0;39m ?[36mo.s.security.web.FilterChainProxy       ?[0;39m ?[2m:?[0;39m Invoking BasicAuthenticationFilter (6/12)
?[0m?[0;34m?[2m2023-08-22T13:43:45.641+02:00?[0;39m ?[32mTRACE?[0;39m ?[35m18216?[0;39m ?[2m---?[0;39m ?[2m[io-28852-exec-2]?[0;39m ?[36mo.s.s.w.a.www.BasicAuthenticationFilter ?[0;39m ?[2m:?[0;39m Found username 'JohnDoe@acme.com' in Basic Authorization header
?[0m?[0;34m?[2m2023-08-22T13:43:45.641+02:00?[0;39m ?[32mTRACE?[0;39m ?[35m18216?[0;39m ?[2m---?[0;39m ?[2m[io-28852-exec-2]?[0;39m ?[36m.s.s.w.c.SupplierDeferredSecurityContext?[0;39m ?[2m:?[0;39m Created SecurityContextImpl [Null authentication]
?[0m?[0;34m?[2m2023-08-22T13:43:45.641+02:00?[0;39m ?[32mTRACE?[0;39m ?[35m18216?[0;39m ?[2m---?[0;39m ?[2m[io-28852-exec-2]?[0;39m ?[36mo.s.s.authentication.ProviderManager    ?[0;39m ?[2m:?[0;39m Authenticating request with DaoAuthenticationProvider (1/1)
?[0m?[0;34mHibernate: select u1_0.id,u1_0.email,u1_0.lastname,u1_0.name,u1_0.password from users u1_0 where upper(u1_0.email)=upper(?)
?[0m?[0;34m?[2m2023-08-22T13:43:45.701+02:00?[0;39m ?[32mDEBUG?[0;39m ?[35m18216?[0;39m ?[2m---?[0;39m ?[2m[io-28852-exec-2]?[0;39m ?[36mo.s.s.a.dao.DaoAuthenticationProvider   ?[0;39m ?[2m:?[0;39m Authenticated user
?[0m?[0;34m?[2m2023-08-22T13:43:45.701+02:00?[0;39m ?[32mDEBUG?[0;39m ?[35m18216?[0;39m ?[2m---?[0;39m ?[2m[io-28852-exec-2]?[0;39m ?[36mo.s.s.w.a.www.BasicAuthenticationFilter ?[0;39m ?[2m:?[0;39m Set SecurityContextHolder to UsernamePasswordAuthenticationToken [Principal=account.businesslayer.security.UserAdapter@7012c10d, Credentials=[PROTECTED], Authenticated=true, Details=WebAuthenticationDetails [RemoteIpAddress=127.0.0.1, SessionId=null], Granted Authorities=[ROLE_USER]]
?[0m?[0;34m?[2m2023-08-22T13:43:45.701+02:00?[0;39m ?[32mTRACE?[0;39m ?[35m18216?[0;39m ?[2m---?[0;39m ?[2m[io-28852-exec-2]?[0;39m ?[36mo.s.security.web.FilterChainProxy       ?[0;39m ?[2m:?[0;39m Invoking RequestCacheAwareFilter (7/12)
?[0m?[0;34m?[2m2023-08-22T13:43:45.702+02:00?[0;39m ?[32mTRACE?[0;39m ?[35m18216?[0;39m ?[2m---?[0;39m ?[2m[io-28852-exec-2]?[0;39m ?[36mo.s.security.web.FilterChainProxy       ?[0;39m ?[2m:?[0;39m Invoking SecurityContextHolderAwareRequestFilter (8/12)
?[0m?[0;34m?[2m2023-08-22T13:43:45.702+02:00?[0;39m ?[32mTRACE?[0;39m ?[35m18216?[0;39m ?[2m---?[0;39m ?[2m[io-28852-exec-2]?[0;39m ?[36mo.s.security.web.FilterChainProxy       ?[0;39m ?[2m:?[0;39m Invoking AnonymousAuthenticationFilter (9/12)
?[0m?[0;34m?[2m2023-08-22T13:43:45.702+02:00?[0;39m ?[32mTRACE?[0;39m ?[35m18216?[0;39m ?[2m---?[0;39m ?[2m[io-28852-exec-2]?[0;39m ?[36mo.s.security.web.FilterChainProxy       ?[0;39m ?[2m:?[0;39m Invoking SessionManagementFilter (10/12)
?[0m?[0;34m?[2m2023-08-22T13:43:45.702+02:00?[0;39m ?[32mTRACE?[0;39m ?[35m18216?[0;39m ?[2m---?[0;39m ?[2m[io-28852-exec-2]?[0;39m ?[36mo.s.s.w.a.AnonymousAuthenticationFilter ?[0;39m ?[2m:?[0;39m Did not set SecurityContextHolder since already authenticated UsernamePasswordAuthenticationToken [Principal=account.businesslayer.security.UserAdapter@7012c10d, Credentials=[PROTECTED], Authenticated=true, Details=WebAuthenticationDetails [RemoteIpAddress=127.0.0.1, SessionId=null], Granted Authorities=[ROLE_USER]]
?[0m?[0;34m?[2m2023-08-22T13:43:45.702+02:00?[0;39m ?[32mTRACE?[0;39m ?[35m18216?[0;39m ?[2m---?[0;39m ?[2m[io-28852-exec-2]?[0;39m ?[36ms.CompositeSessionAuthenticationStrategy?[0;39m ?[2m:?[0;39m Preparing session with ChangeSessionIdAuthenticationStrategy (1/1)
?[0m?[0;34m?[2m2023-08-22T13:43:45.702+02:00?[0;39m ?[32mTRACE?[0;39m ?[35m18216?[0;39m ?[2m---?[0;39m ?[2m[io-28852-exec-2]?[0;39m ?[36mo.s.security.web.FilterChainProxy       ?[0;39m ?[2m:?[0;39m Invoking ExceptionTranslationFilter (11/12)
?[0m?[0;34m?[2m2023-08-22T13:43:45.702+02:00?[0;39m ?[32mTRACE?[0;39m ?[35m18216?[0;39m ?[2m---?[0;39m ?[2m[io-28852-exec-2]?[0;39m ?[36mo.s.security.web.FilterChainProxy       ?[0;39m ?[2m:?[0;39m Invoking AuthorizationFilter (12/12)
?[0m?[0;34m?[2m2023-08-22T13:43:45.702+02:00?[0;39m ?[32mTRACE?[0;39m ?[35m18216?[0;39m ?[2m---?[0;39m ?[2m[io-28852-exec-2]?[0;39m ?[36mestMatcherDelegatingAuthorizationManager?[0;39m ?[2m:?[0;39m Authorizing SecurityContextHolderAwareRequestWrapper[ org.springframework.security.web.header.HeaderWriterFilter$HeaderWriterRequest@6a3bd9a]
?[0m?[0;34m?[2m2023-08-22T13:43:45.703+02:00?[0;39m ?[32mTRACE?[0;39m ?[35m18216?[0;39m ?[2m---?[0;39m ?[2m[io-28852-exec-2]?[0;39m ?[36mestMatcherDelegatingAuthorizationManager?[0;39m ?[2m:?[0;39m Checking authorization on SecurityContextHolderAwareRequestWrapper[ org.springframework.security.web.header.HeaderWriterFilter$HeaderWriterRequest@6a3bd9a] using org.springframework.security.authorization.AuthenticatedAuthorizationManager@65549294
?[0m?[0;34m?[2m2023-08-22T13:43:45.703+02:00?[0;39m ?[32mDEBUG?[0;39m ?[35m18216?[0;39m ?[2m---?[0;39m ?[2m[io-28852-exec-2]?[0;39m ?[36mo.s.security.web.FilterChainProxy       ?[0;39m ?[2m:?[0;39m Secured POST /api/auth/changepass
?[0m?[0;34m?[2m2023-08-22T13:43:45.704+02:00?[0;39m ?[32mTRACE?[0;39m ?[35m18216?[0;39m ?[2m---?[0;39m ?[2m[io-28852-exec-2]?[0;39m ?[36mo.s.s.w.header.writers.HstsHeaderWriter ?[0;39m ?[2m:?[0;39m Not injecting HSTS header since it did not match request to [Is Secure]
?[0m?[0;34m?[2m2023-08-22T13:43:45.704+02:00?[0;39m ?[32mTRACE?[0;39m ?[35m18216?[0;39m ?[2m---?[0;39m ?[2m[io-28852-exec-2]?[0;39m ?[36mo.s.security.web.FilterChainProxy       ?[0;39m ?[2m:?[0;39m Trying to match request against DefaultSecurityFilterChain [RequestMatcher=any request, Filters=[org.springframework.security.web.session.DisableEncodeUrlFilter@5d51203b, org.springframework.security.web.context.request.async.WebAsyncManagerIntegrationFilter@32be672d, org.springframework.security.web.context.SecurityContextHolderFilter@74f54f8e, org.springframework.security.web.header.HeaderWriterFilter@157ff8f8, org.springframework.security.web.authentication.logout.LogoutFilter@72364a40, org.springframework.security.web.authentication.www.BasicAuthenticationFilter@a23b96b, org.springframework.security.web.savedrequest.RequestCacheAwareFilter@59b8a801, org.springframework.security.web.servletapi.SecurityContextHolderAwareRequestFilter@5aa026e9, org.springframework.security.web.authentication.AnonymousAuthenticationFilter@23e54c8a, org.springframework.security.web.session.SessionManagementFilter@79e3f444, org.springframework.security.web.access.ExceptionTranslationFilter@17a756db, org.springframework.security.web.access.intercept.AuthorizationFilter@55e75ce0]] (1/1)
?[0m?[0;34m?[2m2023-08-22T13:43:45.704+02:00?[0;39m ?[32mDEBUG?[0;39m ?[35m18216?[0;39m ?[2m---?[0;39m ?[2m[io-28852-exec-2]?[0;39m ?[36mo.s.security.web.FilterChainProxy       ?[0;39m ?[2m:?[0;39m Securing POST /error
?[0m?[0;34m?[2m2023-08-22T13:43:45.704+02:00?[0;39m ?[32mTRACE?[0;39m ?[35m18216?[0;39m ?[2m---?[0;39m ?[2m[io-28852-exec-2]?[0;39m ?[36mo.s.security.web.FilterChainProxy       ?[0;39m ?[2m:?[0;39m Invoking DisableEncodeUrlFilter (1/12)
?[0m?[0;34m?[2m2023-08-22T13:43:45.705+02:00?[0;39m ?[32mTRACE?[0;39m ?[35m18216?[0;39m ?[2m---?[0;39m ?[2m[io-28852-exec-2]?[0;39m ?[36mo.s.security.web.FilterChainProxy       ?[0;39m ?[2m:?[0;39m Invoking WebAsyncManagerIntegrationFilter (2/12)
?[0m?[0;34m?[2m2023-08-22T13:43:45.705+02:00?[0;39m ?[32mTRACE?[0;39m ?[35m18216?[0;39m ?[2m---?[0;39m ?[2m[io-28852-exec-2]?[0;39m ?[36mo.s.security.web.FilterChainProxy       ?[0;39m ?[2m:?[0;39m Invoking SecurityContextHolderFilter (3/12)
?[0m?[0;34m?[2m2023-08-22T13:43:45.705+02:00?[0;39m ?[32mTRACE?[0;39m ?[35m18216?[0;39m ?[2m---?[0;39m ?[2m[io-28852-exec-2]?[0;39m ?[36mo.s.security.web.FilterChainProxy       ?[0;39m ?[2m:?[0;39m Invoking HeaderWriterFilter (4/12)
?[0m?[0;34m?[2m2023-08-22T13:43:45.705+02:00?[0;39m ?[32mTRACE?[0;39m ?[35m18216?[0;39m ?[2m---?[0;39m ?[2m[io-28852-exec-2]?[0;39m ?[36mo.s.security.web.FilterChainProxy       ?[0;39m ?[2m:?[0;39m Invoking LogoutFilter (5/12)
?[0m?[0;34m?[2m2023-08-22T13:43:45.705+02:00?[0;39m ?[32mTRACE?[0;39m ?[35m18216?[0;39m ?[2m---?[0;39m ?[2m[io-28852-exec-2]?[0;39m ?[36mo.s.s.w.a.logout.LogoutFilter           ?[0;39m ?[2m:?[0;39m Did not match request to Or [Ant [pattern='/logout', GET], Ant [pattern='/logout', POST], Ant [pattern='/logout', PUT], Ant [pattern='/logout', DELETE]]
?[0m?[0;34m?[2m2023-08-22T13:43:45.705+02:00?[0;39m ?[32mTRACE?[0;39m ?[35m18216?[0;39m ?[2m---?[0;39m ?[2m[io-28852-exec-2]?[0;39m ?[36mo.s.security.web.FilterChainProxy       ?[0;39m ?[2m:?[0;39m Invoking BasicAuthenticationFilter (6/12)
?[0m?[0;34m?[2m2023-08-22T13:43:45.705+02:00?[0;39m ?[32mTRACE?[0;39m ?[35m18216?[0;39m ?[2m---?[0;39m ?[2m[io-28852-exec-2]?[0;39m ?[36mo.s.security.web.FilterChainProxy       ?[0;39m ?[2m:?[0;39m Invoking RequestCacheAwareFilter (7/12)
?[0m?[0;34m?[2m2023-08-22T13:43:45.705+02:00?[0;39m ?[32mTRACE?[0;39m ?[35m18216?[0;39m ?[2m---?[0;39m ?[2m[io-28852-exec-2]?[0;39m ?[36mo.s.security.web.FilterChainProxy       ?[0;39m ?[2m:?[0;39m Invoking SecurityContextHolderAwareRequestFilter (8/12)
?[0m?[0;34m?[2m2023-08-22T13:43:45.705+02:00?[0;39m ?[32mTRACE?[0;39m ?[35m18216?[0;39m ?[2m---?[0;39m ?[2m[io-28852-exec-2]?[0;39m ?[36mo.s.security.web.FilterChainProxy       ?[0;39m ?[2m:?[0;39m Invoking AnonymousAuthenticationFilter (9/12)
?[0m?[0;34m?[2m2023-08-22T13:43:45.705+02:00?[0;39m ?[32mTRACE?[0;39m ?[35m18216?[0;39m ?[2m---?[0;39m ?[2m[io-28852-exec-2]?[0;39m ?[36mo.s.security.web.FilterChainProxy       ?[0;39m ?[2m:?[0;39m Invoking SessionManagementFilter (10/12)
?[0m?[0;34m?[2m2023-08-22T13:43:45.705+02:00?[0;39m ?[32mTRACE?[0;39m ?[35m18216?[0;39m ?[2m---?[0;39m ?[2m[io-28852-exec-2]?[0;39m ?[36mo.s.security.web.FilterChainProxy       ?[0;39m ?[2m:?[0;39m Invoking ExceptionTranslationFilter (11/12)
?[0m?[0;34m?[2m2023-08-22T13:43:45.705+02:00?[0;39m ?[32mTRACE?[0;39m ?[35m18216?[0;39m ?[2m---?[0;39m ?[2m[io-28852-exec-2]?[0;39m ?[36mo.s.security.web.FilterChainProxy       ?[0;39m ?[2m:?[0;39m Invoking AuthorizationFilter (12/12)
?[0m?[0;34m?[2m2023-08-22T13:43:45.705+02:00?[0;39m ?[32mTRACE?[0;39m ?[35m18216?[0;39m ?[2m---?[0;39m ?[2m[io-28852-exec-2]?[0;39m ?[36mestMatcherDelegatingAuthorizationManager?[0;39m ?[2m:?[0;39m Authorizing SecurityContextHolderAwareRequestWrapper[ FirewalledRequest[ org.apache.catalina.core.ApplicationHttpRequest@37a8ccfd]]
?[0m?[0;34m?[2m2023-08-22T13:43:45.705+02:00?[0;39m ?[32mTRACE?[0;39m ?[35m18216?[0;39m ?[2m---?[0;39m ?[2m[io-28852-exec-2]?[0;39m ?[36mestMatcherDelegatingAuthorizationManager?[0;39m ?[2m:?[0;39m Checking authorization on SecurityContextHolderAwareRequestWrapper[ FirewalledRequest[ org.apache.catalina.core.ApplicationHttpRequest@37a8ccfd]] using org.springframework.security.config.annotation.web.configurers.AuthorizeHttpRequestsConfigurer$$Lambda$1316/0x0000000100a4d140@528cc85a
?[0m?[0;34m?[2m2023-08-22T13:43:45.705+02:00?[0;39m ?[32mDEBUG?[0;39m ?[35m18216?[0;39m ?[2m---?[0;39m ?[2m[io-28852-exec-2]?[0;39m ?[36mo.s.security.web.FilterChainProxy       ?[0;39m ?[2m:?[0;39m Secured POST /error
?[0m?[0;34m?[2m2023-08-22T13:43:45.705+02:00?[0;39m ?[32mTRACE?[0;39m ?[35m18216?[0;39m ?[2m---?[0;39m ?[2m[io-28852-exec-2]?[0;39m ?[36mo.s.s.w.a.AnonymousAuthenticationFilter ?[0;39m ?[2m:?[0;39m Did not set SecurityContextHolder since already authenticated UsernamePasswordAuthenticationToken [Principal=account.businesslayer.security.UserAdapter@7012c10d, Credentials=[PROTECTED], Authenticated=true, Details=WebAuthenticationDetails [RemoteIpAddress=127.0.0.1, SessionId=null], Granted Authorities=[ROLE_USER]]
?[1;31m
Start test 37?[0m
?[0m?[0;34m?[2m2023-08-22T13:43:45.711+02:00?[0;39m ?[32mTRACE?[0;39m ?[35m18216?[0;39m ?[2m---?[0;39m ?[2m[io-28852-exec-1]?[0;39m ?[36mo.s.security.web.FilterChainProxy       ?[0;39m ?[2m:?[0;39m Trying to match request against DefaultSecurityFilterChain [RequestMatcher=any request, Filters=[org.springframework.security.web.session.DisableEncodeUrlFilter@5d51203b, org.springframework.security.web.context.request.async.WebAsyncManagerIntegrationFilter@32be672d, org.springframework.security.web.context.SecurityContextHolderFilter@74f54f8e, org.springframework.security.web.header.HeaderWriterFilter@157ff8f8, org.springframework.security.web.authentication.logout.LogoutFilter@72364a40, org.springframework.security.web.authentication.www.BasicAuthenticationFilter@a23b96b, org.springframework.security.web.savedrequest.RequestCacheAwareFilter@59b8a801, org.springframework.security.web.servletapi.SecurityContextHolderAwareRequestFilter@5aa026e9, org.springframework.security.web.authentication.AnonymousAuthenticationFilter@23e54c8a, org.springframework.security.web.session.SessionManagementFilter@79e3f444, org.springframework.security.web.access.ExceptionTranslationFilter@17a756db, org.springframework.security.web.access.intercept.AuthorizationFilter@55e75ce0]] (1/1)
?[0m?[0;34m?[2m2023-08-22T13:43:45.711+02:00?[0;39m ?[32mDEBUG?[0;39m ?[35m18216?[0;39m ?[2m---?[0;39m ?[2m[io-28852-exec-1]?[0;39m ?[36mo.s.security.web.FilterChainProxy       ?[0;39m ?[2m:?[0;39m Securing POST /api/auth/changepass
?[0m?[0;34m?[2m2023-08-22T13:43:45.711+02:00?[0;39m ?[32mTRACE?[0;39m ?[35m18216?[0;39m ?[2m---?[0;39m ?[2m[io-28852-exec-1]?[0;39m ?[36mo.s.security.web.FilterChainProxy       ?[0;39m ?[2m:?[0;39m Invoking DisableEncodeUrlFilter (1/12)
?[0m?[0;34m?[2m2023-08-22T13:43:45.711+02:00?[0;39m ?[32mTRACE?[0;39m ?[35m18216?[0;39m ?[2m---?[0;39m ?[2m[io-28852-exec-1]?[0;39m ?[36mo.s.security.web.FilterChainProxy       ?[0;39m ?[2m:?[0;39m Invoking WebAsyncManagerIntegrationFilter (2/12)
?[0m?[0;34m?[2m2023-08-22T13:43:45.711+02:00?[0;39m ?[32mTRACE?[0;39m ?[35m18216?[0;39m ?[2m---?[0;39m ?[2m[io-28852-exec-1]?[0;39m ?[36mo.s.security.web.FilterChainProxy       ?[0;39m ?[2m:?[0;39m Invoking SecurityContextHolderFilter (3/12)
?[0m?[0;34m?[2m2023-08-22T13:43:45.711+02:00?[0;39m ?[32mTRACE?[0;39m ?[35m18216?[0;39m ?[2m---?[0;39m ?[2m[io-28852-exec-1]?[0;39m ?[36mo.s.security.web.FilterChainProxy       ?[0;39m ?[2m:?[0;39m Invoking HeaderWriterFilter (4/12)
?[0m?[0;34m?[2m2023-08-22T13:43:45.711+02:00?[0;39m ?[32mTRACE?[0;39m ?[35m18216?[0;39m ?[2m---?[0;39m ?[2m[io-28852-exec-1]?[0;39m ?[36mo.s.security.web.FilterChainProxy       ?[0;39m ?[2m:?[0;39m Invoking LogoutFilter (5/12)
?[0m?[0;34m?[2m2023-08-22T13:43:45.711+02:00?[0;39m ?[32mTRACE?[0;39m ?[35m18216?[0;39m ?[2m---?[0;39m ?[2m[io-28852-exec-1]?[0;39m ?[36mo.s.s.w.a.logout.LogoutFilter           ?[0;39m ?[2m:?[0;39m Did not match request to Or [Ant [pattern='/logout', GET], Ant [pattern='/logout', POST], Ant [pattern='/logout', PUT], Ant [pattern='/logout', DELETE]]
?[0m?[0;34m?[2m2023-08-22T13:43:45.711+02:00?[0;39m ?[32mTRACE?[0;39m ?[35m18216?[0;39m ?[2m---?[0;39m ?[2m[io-28852-exec-1]?[0;39m ?[36mo.s.security.web.FilterChainProxy       ?[0;39m ?[2m:?[0;39m Invoking BasicAuthenticationFilter (6/12)
?[0m?[0;34m?[2m2023-08-22T13:43:45.711+02:00?[0;39m ?[32mTRACE?[0;39m ?[35m18216?[0;39m ?[2m---?[0;39m ?[2m[io-28852-exec-1]?[0;39m ?[36mo.s.s.w.a.www.BasicAuthenticationFilter ?[0;39m ?[2m:?[0;39m Found username 'JohnDoe@acme.com' in Basic Authorization header
?[0m?[0;34m?[2m2023-08-22T13:43:45.711+02:00?[0;39m ?[32mTRACE?[0;39m ?[35m18216?[0;39m ?[2m---?[0;39m ?[2m[io-28852-exec-1]?[0;39m ?[36m.s.s.w.c.SupplierDeferredSecurityContext?[0;39m ?[2m:?[0;39m Created SecurityContextImpl [Null authentication]
?[0m?[0;34m?[2m2023-08-22T13:43:45.711+02:00?[0;39m ?[32mTRACE?[0;39m ?[35m18216?[0;39m ?[2m---?[0;39m ?[2m[io-28852-exec-1]?[0;39m ?[36mo.s.s.authentication.ProviderManager    ?[0;39m ?[2m:?[0;39m Authenticating request with DaoAuthenticationProvider (1/1)
?[0m?[0;34mHibernate: select u1_0.id,u1_0.email,u1_0.lastname,u1_0.name,u1_0.password from users u1_0 where upper(u1_0.email)=upper(?)
?[0m?[0;34m?[2m2023-08-22T13:43:45.770+02:00?[0;39m ?[32mDEBUG?[0;39m ?[35m18216?[0;39m ?[2m---?[0;39m ?[2m[io-28852-exec-1]?[0;39m ?[36mo.s.s.a.dao.DaoAuthenticationProvider   ?[0;39m ?[2m:?[0;39m Authenticated user
?[0m?[0;34m?[2m2023-08-22T13:43:45.770+02:00?[0;39m ?[32mDEBUG?[0;39m ?[35m18216?[0;39m ?[2m---?[0;39m ?[2m[io-28852-exec-1]?[0;39m ?[36mo.s.s.w.a.www.BasicAuthenticationFilter ?[0;39m ?[2m:?[0;39m Set SecurityContextHolder to UsernamePasswordAuthenticationToken [Principal=account.businesslayer.security.UserAdapter@25d1b7ea, Credentials=[PROTECTED], Authenticated=true, Details=WebAuthenticationDetails [RemoteIpAddress=127.0.0.1, SessionId=null], Granted Authorities=[ROLE_USER]]
?[0m?[0;34m?[2m2023-08-22T13:43:45.770+02:00?[0;39m ?[32mTRACE?[0;39m ?[35m18216?[0;39m ?[2m---?[0;39m ?[2m[io-28852-exec-1]?[0;39m ?[36mo.s.security.web.FilterChainProxy       ?[0;39m ?[2m:?[0;39m Invoking RequestCacheAwareFilter (7/12)
?[0m?[0;34m?[2m2023-08-22T13:43:45.770+02:00?[0;39m ?[32mTRACE?[0;39m ?[35m18216?[0;39m ?[2m---?[0;39m ?[2m[io-28852-exec-1]?[0;39m ?[36mo.s.security.web.FilterChainProxy       ?[0;39m ?[2m:?[0;39m Invoking SecurityContextHolderAwareRequestFilter (8/12)
?[0m?[0;34m?[2m2023-08-22T13:43:45.771+02:00?[0;39m ?[32mTRACE?[0;39m ?[35m18216?[0;39m ?[2m---?[0;39m ?[2m[io-28852-exec-1]?[0;39m ?[36mo.s.security.web.FilterChainProxy       ?[0;39m ?[2m:?[0;39m Invoking AnonymousAuthenticationFilter (9/12)
?[0m?[0;34m?[2m2023-08-22T13:43:45.771+02:00?[0;39m ?[32mTRACE?[0;39m ?[35m18216?[0;39m ?[2m---?[0;39m ?[2m[io-28852-exec-1]?[0;39m ?[36mo.s.security.web.FilterChainProxy       ?[0;39m ?[2m:?[0;39m Invoking SessionManagementFilter (10/12)
?[0m?[0;34m?[2m2023-08-22T13:43:45.771+02:00?[0;39m ?[32mTRACE?[0;39m ?[35m18216?[0;39m ?[2m---?[0;39m ?[2m[io-28852-exec-1]?[0;39m ?[36mo.s.s.w.a.AnonymousAuthenticationFilter ?[0;39m ?[2m:?[0;39m Did not set SecurityContextHolder since already authenticated UsernamePasswordAuthenticationToken [Principal=account.businesslayer.security.UserAdapter@25d1b7ea, Credentials=[PROTECTED], Authenticated=true, Details=WebAuthenticationDetails [RemoteIpAddress=127.0.0.1, SessionId=null], Granted Authorities=[ROLE_USER]]
?[0m?[0;34m?[2m2023-08-22T13:43:45.771+02:00?[0;39m ?[32mTRACE?[0;39m ?[35m18216?[0;39m ?[2m---?[0;39m ?[2m[io-28852-exec-1]?[0;39m ?[36ms.CompositeSessionAuthenticationStrategy?[0;39m ?[2m:?[0;39m Preparing session with ChangeSessionIdAuthenticationStrategy (1/1)
?[0m?[0;34m?[2m2023-08-22T13:43:45.771+02:00?[0;39m ?[32mTRACE?[0;39m ?[35m18216?[0;39m ?[2m---?[0;39m ?[2m[io-28852-exec-1]?[0;39m ?[36mo.s.security.web.FilterChainProxy       ?[0;39m ?[2m:?[0;39m Invoking ExceptionTranslationFilter (11/12)
?[0m?[0;34m?[2m2023-08-22T13:43:45.771+02:00?[0;39m ?[32mTRACE?[0;39m ?[35m18216?[0;39m ?[2m---?[0;39m ?[2m[io-28852-exec-1]?[0;39m ?[36mo.s.security.web.FilterChainProxy       ?[0;39m ?[2m:?[0;39m Invoking AuthorizationFilter (12/12)
?[0m?[0;34m?[2m2023-08-22T13:43:45.771+02:00?[0;39m ?[32mTRACE?[0;39m ?[35m18216?[0;39m ?[2m---?[0;39m ?[2m[io-28852-exec-1]?[0;39m ?[36mestMatcherDelegatingAuthorizationManager?[0;39m ?[2m:?[0;39m Authorizing SecurityContextHolderAwareRequestWrapper[ org.springframework.security.web.header.HeaderWriterFilter$HeaderWriterRequest@399572fe]
?[0m?[0;34m?[2m2023-08-22T13:43:45.771+02:00?[0;39m ?[32mTRACE?[0;39m ?[35m18216?[0;39m ?[2m---?[0;39m ?[2m[io-28852-exec-1]?[0;39m ?[36mestMatcherDelegatingAuthorizationManager?[0;39m ?[2m:?[0;39m Checking authorization on SecurityContextHolderAwareRequestWrapper[ org.springframework.security.web.header.HeaderWriterFilter$HeaderWriterRequest@399572fe] using org.springframework.security.authorization.AuthenticatedAuthorizationManager@65549294
?[0m?[0;34m?[2m2023-08-22T13:43:45.771+02:00?[0;39m ?[32mDEBUG?[0;39m ?[35m18216?[0;39m ?[2m---?[0;39m ?[2m[io-28852-exec-1]?[0;39m ?[36mo.s.security.web.FilterChainProxy       ?[0;39m ?[2m:?[0;39m Secured POST /api/auth/changepass
?[0m?[0;34m?[2m2023-08-22T13:43:45.772+02:00?[0;39m ?[32mTRACE?[0;39m ?[35m18216?[0;39m ?[2m---?[0;39m ?[2m[io-28852-exec-1]?[0;39m ?[36mo.s.s.w.header.writers.HstsHeaderWriter ?[0;39m ?[2m:?[0;39m Not injecting HSTS header since it did not match request to [Is Secure]
?[0m?[0;34m?[2m2023-08-22T13:43:45.773+02:00?[0;39m ?[32mTRACE?[0;39m ?[35m18216?[0;39m ?[2m---?[0;39m ?[2m[io-28852-exec-1]?[0;39m ?[36mo.s.security.web.FilterChainProxy       ?[0;39m ?[2m:?[0;39m Trying to match request against DefaultSecurityFilterChain [RequestMatcher=any request, Filters=[org.springframework.security.web.session.DisableEncodeUrlFilter@5d51203b, org.springframework.security.web.context.request.async.WebAsyncManagerIntegrationFilter@32be672d, org.springframework.security.web.context.SecurityContextHolderFilter@74f54f8e, org.springframework.security.web.header.HeaderWriterFilter@157ff8f8, org.springframework.security.web.authentication.logout.LogoutFilter@72364a40, org.springframework.security.web.authentication.www.BasicAuthenticationFilter@a23b96b, org.springframework.security.web.savedrequest.RequestCacheAwareFilter@59b8a801, org.springframework.security.web.servletapi.SecurityContextHolderAwareRequestFilter@5aa026e9, org.springframework.security.web.authentication.AnonymousAuthenticationFilter@23e54c8a, org.springframework.security.web.session.SessionManagementFilter@79e3f444, org.springframework.security.web.access.ExceptionTranslationFilter@17a756db, org.springframework.security.web.access.intercept.AuthorizationFilter@55e75ce0]] (1/1)
?[0m?[0;34m?[2m2023-08-22T13:43:45.773+02:00?[0;39m ?[32mDEBUG?[0;39m ?[35m18216?[0;39m ?[2m---?[0;39m ?[2m[io-28852-exec-1]?[0;39m ?[36mo.s.security.web.FilterChainProxy       ?[0;39m ?[2m:?[0;39m Securing POST /error
?[0m?[0;34m?[2m2023-08-22T13:43:45.773+02:00?[0;39m ?[32mTRACE?[0;39m ?[35m18216?[0;39m ?[2m---?[0;39m ?[2m[io-28852-exec-1]?[0;39m ?[36mo.s.security.web.FilterChainProxy       ?[0;39m ?[2m:?[0;39m Invoking DisableEncodeUrlFilter (1/12)
?[0m?[0;34m?[2m2023-08-22T13:43:45.773+02:00?[0;39m ?[32mTRACE?[0;39m ?[35m18216?[0;39m ?[2m---?[0;39m ?[2m[io-28852-exec-1]?[0;39m ?[36mo.s.security.web.FilterChainProxy       ?[0;39m ?[2m:?[0;39m Invoking WebAsyncManagerIntegrationFilter (2/12)
?[0m?[0;34m?[2m2023-08-22T13:43:45.773+02:00?[0;39m ?[32mTRACE?[0;39m ?[35m18216?[0;39m ?[2m---?[0;39m ?[2m[io-28852-exec-1]?[0;39m ?[36mo.s.security.web.FilterChainProxy       ?[0;39m ?[2m:?[0;39m Invoking SecurityContextHolderFilter (3/12)
?[0m?[0;34m?[2m2023-08-22T13:43:45.773+02:00?[0;39m ?[32mTRACE?[0;39m ?[35m18216?[0;39m ?[2m---?[0;39m ?[2m[io-28852-exec-1]?[0;39m ?[36mo.s.security.web.FilterChainProxy       ?[0;39m ?[2m:?[0;39m Invoking HeaderWriterFilter (4/12)
?[0m?[0;34m?[2m2023-08-22T13:43:45.773+02:00?[0;39m ?[32mTRACE?[0;39m ?[35m18216?[0;39m ?[2m---?[0;39m ?[2m[io-28852-exec-1]?[0;39m ?[36mo.s.security.web.FilterChainProxy       ?[0;39m ?[2m:?[0;39m Invoking LogoutFilter (5/12)
?[0m?[0;34m?[2m2023-08-22T13:43:45.773+02:00?[0;39m ?[32mTRACE?[0;39m ?[35m18216?[0;39m ?[2m---?[0;39m ?[2m[io-28852-exec-1]?[0;39m ?[36mo.s.s.w.a.logout.LogoutFilter           ?[0;39m ?[2m:?[0;39m Did not match request to Or [Ant [pattern='/logout', GET], Ant [pattern='/logout', POST], Ant [pattern='/logout', PUT], Ant [pattern='/logout', DELETE]]
?[0m?[0;34m?[2m2023-08-22T13:43:45.773+02:00?[0;39m ?[32mTRACE?[0;39m ?[35m18216?[0;39m ?[2m---?[0;39m ?[2m[io-28852-exec-1]?[0;39m ?[36mo.s.security.web.FilterChainProxy       ?[0;39m ?[2m:?[0;39m Invoking BasicAuthenticationFilter (6/12)
?[0m?[0;34m?[2m2023-08-22T13:43:45.773+02:00?[0;39m ?[32mTRACE?[0;39m ?[35m18216?[0;39m ?[2m---?[0;39m ?[2m[io-28852-exec-1]?[0;39m ?[36mo.s.security.web.FilterChainProxy       ?[0;39m ?[2m:?[0;39m Invoking RequestCacheAwareFilter (7/12)
?[0m?[0;34m?[2m2023-08-22T13:43:45.773+02:00?[0;39m ?[32mTRACE?[0;39m ?[35m18216?[0;39m ?[2m---?[0;39m ?[2m[io-28852-exec-1]?[0;39m ?[36mo.s.security.web.FilterChainProxy       ?[0;39m ?[2m:?[0;39m Invoking SecurityContextHolderAwareRequestFilter (8/12)
?[0m?[0;34m?[2m2023-08-22T13:43:45.773+02:00?[0;39m ?[32mTRACE?[0;39m ?[35m18216?[0;39m ?[2m---?[0;39m ?[2m[io-28852-exec-1]?[0;39m ?[36mo.s.security.web.FilterChainProxy       ?[0;39m ?[2m:?[0;39m Invoking AnonymousAuthenticationFilter (9/12)
?[0m?[0;34m?[2m2023-08-22T13:43:45.773+02:00?[0;39m ?[32mTRACE?[0;39m ?[35m18216?[0;39m ?[2m---?[0;39m ?[2m[io-28852-exec-1]?[0;39m ?[36mo.s.security.web.FilterChainProxy       ?[0;39m ?[2m:?[0;39m Invoking SessionManagementFilter (10/12)
?[0m?[0;34m?[2m2023-08-22T13:43:45.773+02:00?[0;39m ?[32mTRACE?[0;39m ?[35m18216?[0;39m ?[2m---?[0;39m ?[2m[io-28852-exec-1]?[0;39m ?[36mo.s.security.web.FilterChainProxy       ?[0;39m ?[2m:?[0;39m Invoking ExceptionTranslationFilter (11/12)
?[0m?[0;34m?[2m2023-08-22T13:43:45.773+02:00?[0;39m ?[32mTRACE?[0;39m ?[35m18216?[0;39m ?[2m---?[0;39m ?[2m[io-28852-exec-1]?[0;39m ?[36mo.s.security.web.FilterChainProxy       ?[0;39m ?[2m:?[0;39m Invoking AuthorizationFilter (12/12)
?[0m?[0;34m?[2m2023-08-22T13:43:45.773+02:00?[0;39m ?[32mTRACE?[0;39m ?[35m18216?[0;39m ?[2m---?[0;39m ?[2m[io-28852-exec-1]?[0;39m ?[36mestMatcherDelegatingAuthorizationManager?[0;39m ?[2m:?[0;39m Authorizing SecurityContextHolderAwareRequestWrapper[ FirewalledRequest[ org.apache.catalina.core.ApplicationHttpRequest@7824c497]]
?[0m?[0;34m?[2m2023-08-22T13:43:45.773+02:00?[0;39m ?[32mTRACE?[0;39m ?[35m18216?[0;39m ?[2m---?[0;39m ?[2m[io-28852-exec-1]?[0;39m ?[36mestMatcherDelegatingAuthorizationManager?[0;39m ?[2m:?[0;39m Checking authorization on SecurityContextHolderAwareRequestWrapper[ FirewalledRequest[ org.apache.catalina.core.ApplicationHttpRequest@7824c497]] using org.springframework.security.config.annotation.web.configurers.AuthorizeHttpRequestsConfigurer$$Lambda$1316/0x0000000100a4d140@528cc85a
?[0m?[0;34m?[2m2023-08-22T13:43:45.773+02:00?[0;39m ?[32mDEBUG?[0;39m ?[35m18216?[0;39m ?[2m---?[0;39m ?[2m[io-28852-exec-1]?[0;39m ?[36mo.s.security.web.FilterChainProxy       ?[0;39m ?[2m:?[0;39m Secured POST /error
?[0m?[0;34m?[2m2023-08-22T13:43:45.773+02:00?[0;39m ?[32mTRACE?[0;39m ?[35m18216?[0;39m ?[2m---?[0;39m ?[2m[io-28852-exec-1]?[0;39m ?[36mo.s.s.w.a.AnonymousAuthenticationFilter ?[0;39m ?[2m:?[0;39m Did not set SecurityContextHolder since already authenticated UsernamePasswordAuthenticationToken [Principal=account.businesslayer.security.UserAdapter@25d1b7ea, Credentials=[PROTECTED], Authenticated=true, Details=WebAuthenticationDetails [RemoteIpAddress=127.0.0.1, SessionId=null], Granted Authorities=[ROLE_USER]]
?[1;31m
Start test 38?[0m
?[0m?[0;34m?[2m2023-08-22T13:43:45.779+02:00?[0;39m ?[32mTRACE?[0;39m ?[35m18216?[0;39m ?[2m---?[0;39m ?[2m[io-28852-exec-9]?[0;39m ?[36mo.s.security.web.FilterChainProxy       ?[0;39m ?[2m:?[0;39m Trying to match request against DefaultSecurityFilterChain [RequestMatcher=any request, Filters=[org.springframework.security.web.session.DisableEncodeUrlFilter@5d51203b, org.springframework.security.web.context.request.async.WebAsyncManagerIntegrationFilter@32be672d, org.springframework.security.web.context.SecurityContextHolderFilter@74f54f8e, org.springframework.security.web.header.HeaderWriterFilter@157ff8f8, org.springframework.security.web.authentication.logout.LogoutFilter@72364a40, org.springframework.security.web.authentication.www.BasicAuthenticationFilter@a23b96b, org.springframework.security.web.savedrequest.RequestCacheAwareFilter@59b8a801, org.springframework.security.web.servletapi.SecurityContextHolderAwareRequestFilter@5aa026e9, org.springframework.security.web.authentication.AnonymousAuthenticationFilter@23e54c8a, org.springframework.security.web.session.SessionManagementFilter@79e3f444, org.springframework.security.web.access.ExceptionTranslationFilter@17a756db, org.springframework.security.web.access.intercept.AuthorizationFilter@55e75ce0]] (1/1)
?[0m?[0;34m?[2m2023-08-22T13:43:45.780+02:00?[0;39m ?[32mDEBUG?[0;39m ?[35m18216?[0;39m ?[2m---?[0;39m ?[2m[io-28852-exec-9]?[0;39m ?[36mo.s.security.web.FilterChainProxy       ?[0;39m ?[2m:?[0;39m Securing POST /api/auth/changepass
?[0m?[0;34m?[2m2023-08-22T13:43:45.780+02:00?[0;39m ?[32mTRACE?[0;39m ?[35m18216?[0;39m ?[2m---?[0;39m ?[2m[io-28852-exec-9]?[0;39m ?[36mo.s.security.web.FilterChainProxy       ?[0;39m ?[2m:?[0;39m Invoking DisableEncodeUrlFilter (1/12)
?[0m?[0;34m?[2m2023-08-22T13:43:45.780+02:00?[0;39m ?[32mTRACE?[0;39m ?[35m18216?[0;39m ?[2m---?[0;39m ?[2m[io-28852-exec-9]?[0;39m ?[36mo.s.security.web.FilterChainProxy       ?[0;39m ?[2m:?[0;39m Invoking WebAsyncManagerIntegrationFilter (2/12)
?[0m?[0;34m?[2m2023-08-22T13:43:45.780+02:00?[0;39m ?[32mTRACE?[0;39m ?[35m18216?[0;39m ?[2m---?[0;39m ?[2m[io-28852-exec-9]?[0;39m ?[36mo.s.security.web.FilterChainProxy       ?[0;39m ?[2m:?[0;39m Invoking SecurityContextHolderFilter (3/12)
?[0m?[0;34m?[2m2023-08-22T13:43:45.780+02:00?[0;39m ?[32mTRACE?[0;39m ?[35m18216?[0;39m ?[2m---?[0;39m ?[2m[io-28852-exec-9]?[0;39m ?[36mo.s.security.web.FilterChainProxy       ?[0;39m ?[2m:?[0;39m Invoking HeaderWriterFilter (4/12)
?[0m?[0;34m?[2m2023-08-22T13:43:45.780+02:00?[0;39m ?[32mTRACE?[0;39m ?[35m18216?[0;39m ?[2m---?[0;39m ?[2m[io-28852-exec-9]?[0;39m ?[36mo.s.security.web.FilterChainProxy       ?[0;39m ?[2m:?[0;39m Invoking LogoutFilter (5/12)
?[0m?[0;34m?[2m2023-08-22T13:43:45.780+02:00?[0;39m ?[32mTRACE?[0;39m ?[35m18216?[0;39m ?[2m---?[0;39m ?[2m[io-28852-exec-9]?[0;39m ?[36mo.s.s.w.a.logout.LogoutFilter           ?[0;39m ?[2m:?[0;39m Did not match request to Or [Ant [pattern='/logout', GET], Ant [pattern='/logout', POST], Ant [pattern='/logout', PUT], Ant [pattern='/logout', DELETE]]
?[0m?[0;34m?[2m2023-08-22T13:43:45.780+02:00?[0;39m ?[32mTRACE?[0;39m ?[35m18216?[0;39m ?[2m---?[0;39m ?[2m[io-28852-exec-9]?[0;39m ?[36mo.s.security.web.FilterChainProxy       ?[0;39m ?[2m:?[0;39m Invoking BasicAuthenticationFilter (6/12)
?[0m?[0;34m?[2m2023-08-22T13:43:45.780+02:00?[0;39m ?[32mTRACE?[0;39m ?[35m18216?[0;39m ?[2m---?[0;39m ?[2m[io-28852-exec-9]?[0;39m ?[36mo.s.s.w.a.www.BasicAuthenticationFilter ?[0;39m ?[2m:?[0;39m Found username 'JohnDoe@acme.com' in Basic Authorization header
?[0m?[0;34m?[2m2023-08-22T13:43:45.780+02:00?[0;39m ?[32mTRACE?[0;39m ?[35m18216?[0;39m ?[2m---?[0;39m ?[2m[io-28852-exec-9]?[0;39m ?[36m.s.s.w.c.SupplierDeferredSecurityContext?[0;39m ?[2m:?[0;39m Created SecurityContextImpl [Null authentication]
?[0m?[0;34m?[2m2023-08-22T13:43:45.780+02:00?[0;39m ?[32mTRACE?[0;39m ?[35m18216?[0;39m ?[2m---?[0;39m ?[2m[io-28852-exec-9]?[0;39m ?[36mo.s.s.authentication.ProviderManager    ?[0;39m ?[2m:?[0;39m Authenticating request with DaoAuthenticationProvider (1/1)
?[0m?[0;34mHibernate: select u1_0.id,u1_0.email,u1_0.lastname,u1_0.name,u1_0.password from users u1_0 where upper(u1_0.email)=upper(?)
?[0m?[0;34m?[2m2023-08-22T13:43:45.839+02:00?[0;39m ?[32mDEBUG?[0;39m ?[35m18216?[0;39m ?[2m---?[0;39m ?[2m[io-28852-exec-9]?[0;39m ?[36mo.s.s.a.dao.DaoAuthenticationProvider   ?[0;39m ?[2m:?[0;39m Authenticated user
?[0m?[0;34m?[2m2023-08-22T13:43:45.839+02:00?[0;39m ?[32mDEBUG?[0;39m ?[35m18216?[0;39m ?[2m---?[0;39m ?[2m[io-28852-exec-9]?[0;39m ?[36mo.s.s.w.a.www.BasicAuthenticationFilter ?[0;39m ?[2m:?[0;39m Set SecurityContextHolder to UsernamePasswordAuthenticationToken [Principal=account.businesslayer.security.UserAdapter@40db9673, Credentials=[PROTECTED], Authenticated=true, Details=WebAuthenticationDetails [RemoteIpAddress=127.0.0.1, SessionId=null], Granted Authorities=[ROLE_USER]]
?[0m?[0;34m?[2m2023-08-22T13:43:45.840+02:00?[0;39m ?[32mTRACE?[0;39m ?[35m18216?[0;39m ?[2m---?[0;39m ?[2m[io-28852-exec-9]?[0;39m ?[36mo.s.security.web.FilterChainProxy       ?[0;39m ?[2m:?[0;39m Invoking RequestCacheAwareFilter (7/12)
?[0m?[0;34m?[2m2023-08-22T13:43:45.840+02:00?[0;39m ?[32mTRACE?[0;39m ?[35m18216?[0;39m ?[2m---?[0;39m ?[2m[io-28852-exec-9]?[0;39m ?[36mo.s.security.web.FilterChainProxy       ?[0;39m ?[2m:?[0;39m Invoking SecurityContextHolderAwareRequestFilter (8/12)
?[0m?[0;34m?[2m2023-08-22T13:43:45.840+02:00?[0;39m ?[32mTRACE?[0;39m ?[35m18216?[0;39m ?[2m---?[0;39m ?[2m[io-28852-exec-9]?[0;39m ?[36mo.s.security.web.FilterChainProxy       ?[0;39m ?[2m:?[0;39m Invoking AnonymousAuthenticationFilter (9/12)
?[0m?[0;34m?[2m2023-08-22T13:43:45.840+02:00?[0;39m ?[32mTRACE?[0;39m ?[35m18216?[0;39m ?[2m---?[0;39m ?[2m[io-28852-exec-9]?[0;39m ?[36mo.s.security.web.FilterChainProxy       ?[0;39m ?[2m:?[0;39m Invoking SessionManagementFilter (10/12)
?[0m?[0;34m?[2m2023-08-22T13:43:45.840+02:00?[0;39m ?[32mTRACE?[0;39m ?[35m18216?[0;39m ?[2m---?[0;39m ?[2m[io-28852-exec-9]?[0;39m ?[36mo.s.s.w.a.AnonymousAuthenticationFilter ?[0;39m ?[2m:?[0;39m Did not set SecurityContextHolder since already authenticated UsernamePasswordAuthenticationToken [Principal=account.businesslayer.security.UserAdapter@40db9673, Credentials=[PROTECTED], Authenticated=true, Details=WebAuthenticationDetails [RemoteIpAddress=127.0.0.1, SessionId=null], Granted Authorities=[ROLE_USER]]
?[0m?[0;34m?[2m2023-08-22T13:43:45.840+02:00?[0;39m ?[32mTRACE?[0;39m ?[35m18216?[0;39m ?[2m---?[0;39m ?[2m[io-28852-exec-9]?[0;39m ?[36ms.CompositeSessionAuthenticationStrategy?[0;39m ?[2m:?[0;39m Preparing session with ChangeSessionIdAuthenticationStrategy (1/1)
?[0m?[0;34m?[2m2023-08-22T13:43:45.840+02:00?[0;39m ?[32mTRACE?[0;39m ?[35m18216?[0;39m ?[2m---?[0;39m ?[2m[io-28852-exec-9]?[0;39m ?[36mo.s.security.web.FilterChainProxy       ?[0;39m ?[2m:?[0;39m Invoking ExceptionTranslationFilter (11/12)
?[0m?[0;34m?[2m2023-08-22T13:43:45.840+02:00?[0;39m ?[32mTRACE?[0;39m ?[35m18216?[0;39m ?[2m---?[0;39m ?[2m[io-28852-exec-9]?[0;39m ?[36mo.s.security.web.FilterChainProxy       ?[0;39m ?[2m:?[0;39m Invoking AuthorizationFilter (12/12)
?[0m?[0;34m?[2m2023-08-22T13:43:45.840+02:00?[0;39m ?[32mTRACE?[0;39m ?[35m18216?[0;39m ?[2m---?[0;39m ?[2m[io-28852-exec-9]?[0;39m ?[36mestMatcherDelegatingAuthorizationManager?[0;39m ?[2m:?[0;39m Authorizing SecurityContextHolderAwareRequestWrapper[ org.springframework.security.web.header.HeaderWriterFilter$HeaderWriterRequest@189d12f6]
?[0m?[0;34m?[2m2023-08-22T13:43:45.840+02:00?[0;39m ?[32mTRACE?[0;39m ?[35m18216?[0;39m ?[2m---?[0;39m ?[2m[io-28852-exec-9]?[0;39m ?[36mestMatcherDelegatingAuthorizationManager?[0;39m ?[2m:?[0;39m Checking authorization on SecurityContextHolderAwareRequestWrapper[ org.springframework.security.web.header.HeaderWriterFilter$HeaderWriterRequest@189d12f6] using org.springframework.security.authorization.AuthenticatedAuthorizationManager@65549294
?[0m?[0;34m?[2m2023-08-22T13:43:45.840+02:00?[0;39m ?[32mDEBUG?[0;39m ?[35m18216?[0;39m ?[2m---?[0;39m ?[2m[io-28852-exec-9]?[0;39m ?[36mo.s.security.web.FilterChainProxy       ?[0;39m ?[2m:?[0;39m Secured POST /api/auth/changepass
?[0m?[0;34m?[2m2023-08-22T13:43:45.841+02:00?[0;39m ?[32mTRACE?[0;39m ?[35m18216?[0;39m ?[2m---?[0;39m ?[2m[io-28852-exec-9]?[0;39m ?[36mo.s.s.w.header.writers.HstsHeaderWriter ?[0;39m ?[2m:?[0;39m Not injecting HSTS header since it did not match request to [Is Secure]
?[0m?[0;34m?[2m2023-08-22T13:43:45.842+02:00?[0;39m ?[32mTRACE?[0;39m ?[35m18216?[0;39m ?[2m---?[0;39m ?[2m[io-28852-exec-9]?[0;39m ?[36mo.s.security.web.FilterChainProxy       ?[0;39m ?[2m:?[0;39m Trying to match request against DefaultSecurityFilterChain [RequestMatcher=any request, Filters=[org.springframework.security.web.session.DisableEncodeUrlFilter@5d51203b, org.springframework.security.web.context.request.async.WebAsyncManagerIntegrationFilter@32be672d, org.springframework.security.web.context.SecurityContextHolderFilter@74f54f8e, org.springframework.security.web.header.HeaderWriterFilter@157ff8f8, org.springframework.security.web.authentication.logout.LogoutFilter@72364a40, org.springframework.security.web.authentication.www.BasicAuthenticationFilter@a23b96b, org.springframework.security.web.savedrequest.RequestCacheAwareFilter@59b8a801, org.springframework.security.web.servletapi.SecurityContextHolderAwareRequestFilter@5aa026e9, org.springframework.security.web.authentication.AnonymousAuthenticationFilter@23e54c8a, org.springframework.security.web.session.SessionManagementFilter@79e3f444, org.springframework.security.web.access.ExceptionTranslationFilter@17a756db, org.springframework.security.web.access.intercept.AuthorizationFilter@55e75ce0]] (1/1)
?[0m?[0;34m?[2m2023-08-22T13:43:45.842+02:00?[0;39m ?[32mDEBUG?[0;39m ?[35m18216?[0;39m ?[2m---?[0;39m ?[2m[io-28852-exec-9]?[0;39m ?[36mo.s.security.web.FilterChainProxy       ?[0;39m ?[2m:?[0;39m Securing POST /error
?[0m?[0;34m?[2m2023-08-22T13:43:45.842+02:00?[0;39m ?[32mTRACE?[0;39m ?[35m18216?[0;39m ?[2m---?[0;39m ?[2m[io-28852-exec-9]?[0;39m ?[36mo.s.security.web.FilterChainProxy       ?[0;39m ?[2m:?[0;39m Invoking DisableEncodeUrlFilter (1/12)
?[0m?[0;34m?[2m2023-08-22T13:43:45.842+02:00?[0;39m ?[32mTRACE?[0;39m ?[35m18216?[0;39m ?[2m---?[0;39m ?[2m[io-28852-exec-9]?[0;39m ?[36mo.s.security.web.FilterChainProxy       ?[0;39m ?[2m:?[0;39m Invoking WebAsyncManagerIntegrationFilter (2/12)
?[0m?[0;34m?[2m2023-08-22T13:43:45.842+02:00?[0;39m ?[32mTRACE?[0;39m ?[35m18216?[0;39m ?[2m---?[0;39m ?[2m[io-28852-exec-9]?[0;39m ?[36mo.s.security.web.FilterChainProxy       ?[0;39m ?[2m:?[0;39m Invoking SecurityContextHolderFilter (3/12)
?[0m?[0;34m?[2m2023-08-22T13:43:45.842+02:00?[0;39m ?[32mTRACE?[0;39m ?[35m18216?[0;39m ?[2m---?[0;39m ?[2m[io-28852-exec-9]?[0;39m ?[36mo.s.security.web.FilterChainProxy       ?[0;39m ?[2m:?[0;39m Invoking HeaderWriterFilter (4/12)
?[0m?[0;34m?[2m2023-08-22T13:43:45.842+02:00?[0;39m ?[32mTRACE?[0;39m ?[35m18216?[0;39m ?[2m---?[0;39m ?[2m[io-28852-exec-9]?[0;39m ?[36mo.s.security.web.FilterChainProxy       ?[0;39m ?[2m:?[0;39m Invoking LogoutFilter (5/12)
?[0m?[0;34m?[2m2023-08-22T13:43:45.842+02:00?[0;39m ?[32mTRACE?[0;39m ?[35m18216?[0;39m ?[2m---?[0;39m ?[2m[io-28852-exec-9]?[0;39m ?[36mo.s.s.w.a.logout.LogoutFilter           ?[0;39m ?[2m:?[0;39m Did not match request to Or [Ant [pattern='/logout', GET], Ant [pattern='/logout', POST], Ant [pattern='/logout', PUT], Ant [pattern='/logout', DELETE]]
?[0m?[0;34m?[2m2023-08-22T13:43:45.842+02:00?[0;39m ?[32mTRACE?[0;39m ?[35m18216?[0;39m ?[2m---?[0;39m ?[2m[io-28852-exec-9]?[0;39m ?[36mo.s.security.web.FilterChainProxy       ?[0;39m ?[2m:?[0;39m Invoking BasicAuthenticationFilter (6/12)
?[0m?[0;34m?[2m2023-08-22T13:43:45.842+02:00?[0;39m ?[32mTRACE?[0;39m ?[35m18216?[0;39m ?[2m---?[0;39m ?[2m[io-28852-exec-9]?[0;39m ?[36mo.s.security.web.FilterChainProxy       ?[0;39m ?[2m:?[0;39m Invoking RequestCacheAwareFilter (7/12)
?[0m?[0;34m?[2m2023-08-22T13:43:45.842+02:00?[0;39m ?[32mTRACE?[0;39m ?[35m18216?[0;39m ?[2m---?[0;39m ?[2m[io-28852-exec-9]?[0;39m ?[36mo.s.security.web.FilterChainProxy       ?[0;39m ?[2m:?[0;39m Invoking SecurityContextHolderAwareRequestFilter (8/12)
?[0m?[0;34m?[2m2023-08-22T13:43:45.842+02:00?[0;39m ?[32mTRACE?[0;39m ?[35m18216?[0;39m ?[2m---?[0;39m ?[2m[io-28852-exec-9]?[0;39m ?[36mo.s.security.web.FilterChainProxy       ?[0;39m ?[2m:?[0;39m Invoking AnonymousAuthenticationFilter (9/12)
?[0m?[0;34m?[2m2023-08-22T13:43:45.842+02:00?[0;39m ?[32mTRACE?[0;39m ?[35m18216?[0;39m ?[2m---?[0;39m ?[2m[io-28852-exec-9]?[0;39m ?[36mo.s.security.web.FilterChainProxy       ?[0;39m ?[2m:?[0;39m Invoking SessionManagementFilter (10/12)
?[0m?[0;34m?[2m2023-08-22T13:43:45.842+02:00?[0;39m ?[32mTRACE?[0;39m ?[35m18216?[0;39m ?[2m---?[0;39m ?[2m[io-28852-exec-9]?[0;39m ?[36mo.s.security.web.FilterChainProxy       ?[0;39m ?[2m:?[0;39m Invoking ExceptionTranslationFilter (11/12)
?[0m?[0;34m?[2m2023-08-22T13:43:45.842+02:00?[0;39m ?[32mTRACE?[0;39m ?[35m18216?[0;39m ?[2m---?[0;39m ?[2m[io-28852-exec-9]?[0;39m ?[36mo.s.security.web.FilterChainProxy       ?[0;39m ?[2m:?[0;39m Invoking AuthorizationFilter (12/12)
?[0m?[0;34m?[2m2023-08-22T13:43:45.842+02:00?[0;39m ?[32mTRACE?[0;39m ?[35m18216?[0;39m ?[2m---?[0;39m ?[2m[io-28852-exec-9]?[0;39m ?[36mestMatcherDelegatingAuthorizationManager?[0;39m ?[2m:?[0;39m Authorizing SecurityContextHolderAwareRequestWrapper[ FirewalledRequest[ org.apache.catalina.core.ApplicationHttpRequest@1c928916]]
?[0m?[0;34m?[2m2023-08-22T13:43:45.842+02:00?[0;39m ?[32mTRACE?[0;39m ?[35m18216?[0;39m ?[2m---?[0;39m ?[2m[io-28852-exec-9]?[0;39m ?[36mestMatcherDelegatingAuthorizationManager?[0;39m ?[2m:?[0;39m Checking authorization on SecurityContextHolderAwareRequestWrapper[ FirewalledRequest[ org.apache.catalina.core.ApplicationHttpRequest@1c928916]] using org.springframework.security.config.annotation.web.configurers.AuthorizeHttpRequestsConfigurer$$Lambda$1316/0x0000000100a4d140@528cc85a
?[0m?[0;34m?[2m2023-08-22T13:43:45.842+02:00?[0;39m ?[32mDEBUG?[0;39m ?[35m18216?[0;39m ?[2m---?[0;39m ?[2m[io-28852-exec-9]?[0;39m ?[36mo.s.security.web.FilterChainProxy       ?[0;39m ?[2m:?[0;39m Secured POST /error
?[0m?[0;34m?[2m2023-08-22T13:43:45.843+02:00?[0;39m ?[32mTRACE?[0;39m ?[35m18216?[0;39m ?[2m---?[0;39m ?[2m[io-28852-exec-9]?[0;39m ?[36mo.s.s.w.a.AnonymousAuthenticationFilter ?[0;39m ?[2m:?[0;39m Did not set SecurityContextHolder since already authenticated UsernamePasswordAuthenticationToken [Principal=account.businesslayer.security.UserAdapter@40db9673, Credentials=[PROTECTED], Authenticated=true, Details=WebAuthenticationDetails [RemoteIpAddress=127.0.0.1, SessionId=null], Granted Authorities=[ROLE_USER]]
?[1;31m
Start test 39?[0m
?[0m?[0;34m?[2m2023-08-22T13:43:45.848+02:00?[0;39m ?[32mTRACE?[0;39m ?[35m18216?[0;39m ?[2m---?[0;39m ?[2m[o-28852-exec-10]?[0;39m ?[36mo.s.security.web.FilterChainProxy       ?[0;39m ?[2m:?[0;39m Trying to match request against DefaultSecurityFilterChain [RequestMatcher=any request, Filters=[org.springframework.security.web.session.DisableEncodeUrlFilter@5d51203b, org.springframework.security.web.context.request.async.WebAsyncManagerIntegrationFilter@32be672d, org.springframework.security.web.context.SecurityContextHolderFilter@74f54f8e, org.springframework.security.web.header.HeaderWriterFilter@157ff8f8, org.springframework.security.web.authentication.logout.LogoutFilter@72364a40, org.springframework.security.web.authentication.www.BasicAuthenticationFilter@a23b96b, org.springframework.security.web.savedrequest.RequestCacheAwareFilter@59b8a801, org.springframework.security.web.servletapi.SecurityContextHolderAwareRequestFilter@5aa026e9, org.springframework.security.web.authentication.AnonymousAuthenticationFilter@23e54c8a, org.springframework.security.web.session.SessionManagementFilter@79e3f444, org.springframework.security.web.access.ExceptionTranslationFilter@17a756db, org.springframework.security.web.access.intercept.AuthorizationFilter@55e75ce0]] (1/1)
?[0m?[0;34m?[2m2023-08-22T13:43:45.848+02:00?[0;39m ?[32mDEBUG?[0;39m ?[35m18216?[0;39m ?[2m---?[0;39m ?[2m[o-28852-exec-10]?[0;39m ?[36mo.s.security.web.FilterChainProxy       ?[0;39m ?[2m:?[0;39m Securing POST /api/auth/changepass
?[0m?[0;34m?[2m2023-08-22T13:43:45.848+02:00?[0;39m ?[32mTRACE?[0;39m ?[35m18216?[0;39m ?[2m---?[0;39m ?[2m[o-28852-exec-10]?[0;39m ?[36mo.s.security.web.FilterChainProxy       ?[0;39m ?[2m:?[0;39m Invoking DisableEncodeUrlFilter (1/12)
?[0m?[0;34m?[2m2023-08-22T13:43:45.848+02:00?[0;39m ?[32mTRACE?[0;39m ?[35m18216?[0;39m ?[2m---?[0;39m ?[2m[o-28852-exec-10]?[0;39m ?[36mo.s.security.web.FilterChainProxy       ?[0;39m ?[2m:?[0;39m Invoking WebAsyncManagerIntegrationFilter (2/12)
?[0m?[0;34m?[2m2023-08-22T13:43:45.848+02:00?[0;39m ?[32mTRACE?[0;39m ?[35m18216?[0;39m ?[2m---?[0;39m ?[2m[o-28852-exec-10]?[0;39m ?[36mo.s.security.web.FilterChainProxy       ?[0;39m ?[2m:?[0;39m Invoking SecurityContextHolderFilter (3/12)
?[0m?[0;34m?[2m2023-08-22T13:43:45.848+02:00?[0;39m ?[32mTRACE?[0;39m ?[35m18216?[0;39m ?[2m---?[0;39m ?[2m[o-28852-exec-10]?[0;39m ?[36mo.s.security.web.FilterChainProxy       ?[0;39m ?[2m:?[0;39m Invoking HeaderWriterFilter (4/12)
?[0m?[0;34m?[2m2023-08-22T13:43:45.848+02:00?[0;39m ?[32mTRACE?[0;39m ?[35m18216?[0;39m ?[2m---?[0;39m ?[2m[o-28852-exec-10]?[0;39m ?[36mo.s.security.web.FilterChainProxy       ?[0;39m ?[2m:?[0;39m Invoking LogoutFilter (5/12)
?[0m?[0;34m?[2m2023-08-22T13:43:45.848+02:00?[0;39m ?[32mTRACE?[0;39m ?[35m18216?[0;39m ?[2m---?[0;39m ?[2m[o-28852-exec-10]?[0;39m ?[36mo.s.s.w.a.logout.LogoutFilter           ?[0;39m ?[2m:?[0;39m Did not match request to Or [Ant [pattern='/logout', GET], Ant [pattern='/logout', POST], Ant [pattern='/logout', PUT], Ant [pattern='/logout', DELETE]]
?[0m?[0;34m?[2m2023-08-22T13:43:45.848+02:00?[0;39m ?[32mTRACE?[0;39m ?[35m18216?[0;39m ?[2m---?[0;39m ?[2m[o-28852-exec-10]?[0;39m ?[36mo.s.security.web.FilterChainProxy       ?[0;39m ?[2m:?[0;39m Invoking BasicAuthenticationFilter (6/12)
?[0m?[0;34m?[2m2023-08-22T13:43:45.848+02:00?[0;39m ?[32mTRACE?[0;39m ?[35m18216?[0;39m ?[2m---?[0;39m ?[2m[o-28852-exec-10]?[0;39m ?[36mo.s.s.w.a.www.BasicAuthenticationFilter ?[0;39m ?[2m:?[0;39m Found username 'JohnDoe@acme.com' in Basic Authorization header
?[0m?[0;34m?[2m2023-08-22T13:43:45.848+02:00?[0;39m ?[32mTRACE?[0;39m ?[35m18216?[0;39m ?[2m---?[0;39m ?[2m[o-28852-exec-10]?[0;39m ?[36m.s.s.w.c.SupplierDeferredSecurityContext?[0;39m ?[2m:?[0;39m Created SecurityContextImpl [Null authentication]
?[0m?[0;34m?[2m2023-08-22T13:43:45.848+02:00?[0;39m ?[32mTRACE?[0;39m ?[35m18216?[0;39m ?[2m---?[0;39m ?[2m[o-28852-exec-10]?[0;39m ?[36mo.s.s.authentication.ProviderManager    ?[0;39m ?[2m:?[0;39m Authenticating request with DaoAuthenticationProvider (1/1)
?[0m?[0;34mHibernate: select u1_0.id,u1_0.email,u1_0.lastname,u1_0.name,u1_0.password from users u1_0 where upper(u1_0.email)=upper(?)
?[0m?[0;34m?[2m2023-08-22T13:43:45.906+02:00?[0;39m ?[32mDEBUG?[0;39m ?[35m18216?[0;39m ?[2m---?[0;39m ?[2m[o-28852-exec-10]?[0;39m ?[36mo.s.s.a.dao.DaoAuthenticationProvider   ?[0;39m ?[2m:?[0;39m Authenticated user
?[0m?[0;34m?[2m2023-08-22T13:43:45.906+02:00?[0;39m ?[32mDEBUG?[0;39m ?[35m18216?[0;39m ?[2m---?[0;39m ?[2m[o-28852-exec-10]?[0;39m ?[36mo.s.s.w.a.www.BasicAuthenticationFilter ?[0;39m ?[2m:?[0;39m Set SecurityContextHolder to UsernamePasswordAuthenticationToken [Principal=account.businesslayer.security.UserAdapter@60fbd242, Credentials=[PROTECTED], Authenticated=true, Details=WebAuthenticationDetails [RemoteIpAddress=127.0.0.1, SessionId=null], Granted Authorities=[ROLE_USER]]
?[0m?[0;34m?[2m2023-08-22T13:43:45.906+02:00?[0;39m ?[32mTRACE?[0;39m ?[35m18216?[0;39m ?[2m---?[0;39m ?[2m[o-28852-exec-10]?[0;39m ?[36mo.s.security.web.FilterChainProxy       ?[0;39m ?[2m:?[0;39m Invoking RequestCacheAwareFilter (7/12)
?[0m?[0;34m?[2m2023-08-22T13:43:45.906+02:00?[0;39m ?[32mTRACE?[0;39m ?[35m18216?[0;39m ?[2m---?[0;39m ?[2m[o-28852-exec-10]?[0;39m ?[36mo.s.security.web.FilterChainProxy       ?[0;39m ?[2m:?[0;39m Invoking SecurityContextHolderAwareRequestFilter (8/12)
?[0m?[0;34m?[2m2023-08-22T13:43:45.906+02:00?[0;39m ?[32mTRACE?[0;39m ?[35m18216?[0;39m ?[2m---?[0;39m ?[2m[o-28852-exec-10]?[0;39m ?[36mo.s.security.web.FilterChainProxy       ?[0;39m ?[2m:?[0;39m Invoking AnonymousAuthenticationFilter (9/12)
?[0m?[0;34m?[2m2023-08-22T13:43:45.906+02:00?[0;39m ?[32mTRACE?[0;39m ?[35m18216?[0;39m ?[2m---?[0;39m ?[2m[o-28852-exec-10]?[0;39m ?[36mo.s.security.web.FilterChainProxy       ?[0;39m ?[2m:?[0;39m Invoking SessionManagementFilter (10/12)
?[0m?[0;34m?[2m2023-08-22T13:43:45.906+02:00?[0;39m ?[32mTRACE?[0;39m ?[35m18216?[0;39m ?[2m---?[0;39m ?[2m[o-28852-exec-10]?[0;39m ?[36mo.s.s.w.a.AnonymousAuthenticationFilter ?[0;39m ?[2m:?[0;39m Did not set SecurityContextHolder since already authenticated UsernamePasswordAuthenticationToken [Principal=account.businesslayer.security.UserAdapter@60fbd242, Credentials=[PROTECTED], Authenticated=true, Details=WebAuthenticationDetails [RemoteIpAddress=127.0.0.1, SessionId=null], Granted Authorities=[ROLE_USER]]
?[0m?[0;34m?[2m2023-08-22T13:43:45.906+02:00?[0;39m ?[32mTRACE?[0;39m ?[35m18216?[0;39m ?[2m---?[0;39m ?[2m[o-28852-exec-10]?[0;39m ?[36ms.CompositeSessionAuthenticationStrategy?[0;39m ?[2m:?[0;39m Preparing session with ChangeSessionIdAuthenticationStrategy (1/1)
?[0m?[0;34m?[2m2023-08-22T13:43:45.906+02:00?[0;39m ?[32mTRACE?[0;39m ?[35m18216?[0;39m ?[2m---?[0;39m ?[2m[o-28852-exec-10]?[0;39m ?[36mo.s.security.web.FilterChainProxy       ?[0;39m ?[2m:?[0;39m Invoking ExceptionTranslationFilter (11/12)
?[0m?[0;34m?[2m2023-08-22T13:43:45.906+02:00?[0;39m ?[32mTRACE?[0;39m ?[35m18216?[0;39m ?[2m---?[0;39m ?[2m[o-28852-exec-10]?[0;39m ?[36mo.s.security.web.FilterChainProxy       ?[0;39m ?[2m:?[0;39m Invoking AuthorizationFilter (12/12)
?[0m?[0;34m?[2m2023-08-22T13:43:45.906+02:00?[0;39m ?[32mTRACE?[0;39m ?[35m18216?[0;39m ?[2m---?[0;39m ?[2m[o-28852-exec-10]?[0;39m ?[36mestMatcherDelegatingAuthorizationManager?[0;39m ?[2m:?[0;39m Authorizing SecurityContextHolderAwareRequestWrapper[ org.springframework.security.web.header.HeaderWriterFilter$HeaderWriterRequest@5af01f67]
?[0m?[0;34m?[2m2023-08-22T13:43:45.906+02:00?[0;39m ?[32mTRACE?[0;39m ?[35m18216?[0;39m ?[2m---?[0;39m ?[2m[o-28852-exec-10]?[0;39m ?[36mestMatcherDelegatingAuthorizationManager?[0;39m ?[2m:?[0;39m Checking authorization on SecurityContextHolderAwareRequestWrapper[ org.springframework.security.web.header.HeaderWriterFilter$HeaderWriterRequest@5af01f67] using org.springframework.security.authorization.AuthenticatedAuthorizationManager@65549294
?[0m?[0;34m?[2m2023-08-22T13:43:45.907+02:00?[0;39m ?[32mDEBUG?[0;39m ?[35m18216?[0;39m ?[2m---?[0;39m ?[2m[o-28852-exec-10]?[0;39m ?[36mo.s.security.web.FilterChainProxy       ?[0;39m ?[2m:?[0;39m Secured POST /api/auth/changepass
?[0m?[0;34m?[2m2023-08-22T13:43:45.907+02:00?[0;39m ?[32mTRACE?[0;39m ?[35m18216?[0;39m ?[2m---?[0;39m ?[2m[o-28852-exec-10]?[0;39m ?[36mo.s.s.w.header.writers.HstsHeaderWriter ?[0;39m ?[2m:?[0;39m Not injecting HSTS header since it did not match request to [Is Secure]
?[0m?[0;34m?[2m2023-08-22T13:43:45.908+02:00?[0;39m ?[32mTRACE?[0;39m ?[35m18216?[0;39m ?[2m---?[0;39m ?[2m[o-28852-exec-10]?[0;39m ?[36mo.s.security.web.FilterChainProxy       ?[0;39m ?[2m:?[0;39m Trying to match request against DefaultSecurityFilterChain [RequestMatcher=any request, Filters=[org.springframework.security.web.session.DisableEncodeUrlFilter@5d51203b, org.springframework.security.web.context.request.async.WebAsyncManagerIntegrationFilter@32be672d, org.springframework.security.web.context.SecurityContextHolderFilter@74f54f8e, org.springframework.security.web.header.HeaderWriterFilter@157ff8f8, org.springframework.security.web.authentication.logout.LogoutFilter@72364a40, org.springframework.security.web.authentication.www.BasicAuthenticationFilter@a23b96b, org.springframework.security.web.savedrequest.RequestCacheAwareFilter@59b8a801, org.springframework.security.web.servletapi.SecurityContextHolderAwareRequestFilter@5aa026e9, org.springframework.security.web.authentication.AnonymousAuthenticationFilter@23e54c8a, org.springframework.security.web.session.SessionManagementFilter@79e3f444, org.springframework.security.web.access.ExceptionTranslationFilter@17a756db, org.springframework.security.web.access.intercept.AuthorizationFilter@55e75ce0]] (1/1)
?[0m?[0;34m?[2m2023-08-22T13:43:45.908+02:00?[0;39m ?[32mDEBUG?[0;39m ?[35m18216?[0;39m ?[2m---?[0;39m ?[2m[o-28852-exec-10]?[0;39m ?[36mo.s.security.web.FilterChainProxy       ?[0;39m ?[2m:?[0;39m Securing POST /error
?[0m?[0;34m?[2m2023-08-22T13:43:45.908+02:00?[0;39m ?[32mTRACE?[0;39m ?[35m18216?[0;39m ?[2m---?[0;39m ?[2m[o-28852-exec-10]?[0;39m ?[36mo.s.security.web.FilterChainProxy       ?[0;39m ?[2m:?[0;39m Invoking DisableEncodeUrlFilter (1/12)
?[0m?[0;34m?[2m2023-08-22T13:43:45.908+02:00?[0;39m ?[32mTRACE?[0;39m ?[35m18216?[0;39m ?[2m---?[0;39m ?[2m[o-28852-exec-10]?[0;39m ?[36mo.s.security.web.FilterChainProxy       ?[0;39m ?[2m:?[0;39m Invoking WebAsyncManagerIntegrationFilter (2/12)
?[0m?[0;34m?[2m2023-08-22T13:43:45.908+02:00?[0;39m ?[32mTRACE?[0;39m ?[35m18216?[0;39m ?[2m---?[0;39m ?[2m[o-28852-exec-10]?[0;39m ?[36mo.s.security.web.FilterChainProxy       ?[0;39m ?[2m:?[0;39m Invoking SecurityContextHolderFilter (3/12)
?[0m?[0;34m?[2m2023-08-22T13:43:45.908+02:00?[0;39m ?[32mTRACE?[0;39m ?[35m18216?[0;39m ?[2m---?[0;39m ?[2m[o-28852-exec-10]?[0;39m ?[36mo.s.security.web.FilterChainProxy       ?[0;39m ?[2m:?[0;39m Invoking HeaderWriterFilter (4/12)
?[0m?[0;34m?[2m2023-08-22T13:43:45.908+02:00?[0;39m ?[32mTRACE?[0;39m ?[35m18216?[0;39m ?[2m---?[0;39m ?[2m[o-28852-exec-10]?[0;39m ?[36mo.s.security.web.FilterChainProxy       ?[0;39m ?[2m:?[0;39m Invoking LogoutFilter (5/12)
?[0m?[0;34m?[2m2023-08-22T13:43:45.908+02:00?[0;39m ?[32mTRACE?[0;39m ?[35m18216?[0;39m ?[2m---?[0;39m ?[2m[o-28852-exec-10]?[0;39m ?[36mo.s.s.w.a.logout.LogoutFilter           ?[0;39m ?[2m:?[0;39m Did not match request to Or [Ant [pattern='/logout', GET], Ant [pattern='/logout', POST], Ant [pattern='/logout', PUT], Ant [pattern='/logout', DELETE]]
?[0m?[0;34m?[2m2023-08-22T13:43:45.908+02:00?[0;39m ?[32mTRACE?[0;39m ?[35m18216?[0;39m ?[2m---?[0;39m ?[2m[o-28852-exec-10]?[0;39m ?[36mo.s.security.web.FilterChainProxy       ?[0;39m ?[2m:?[0;39m Invoking BasicAuthenticationFilter (6/12)
?[0m?[0;34m?[2m2023-08-22T13:43:45.908+02:00?[0;39m ?[32mTRACE?[0;39m ?[35m18216?[0;39m ?[2m---?[0;39m ?[2m[o-28852-exec-10]?[0;39m ?[36mo.s.security.web.FilterChainProxy       ?[0;39m ?[2m:?[0;39m Invoking RequestCacheAwareFilter (7/12)
?[0m?[0;34m?[2m2023-08-22T13:43:45.908+02:00?[0;39m ?[32mTRACE?[0;39m ?[35m18216?[0;39m ?[2m---?[0;39m ?[2m[o-28852-exec-10]?[0;39m ?[36mo.s.security.web.FilterChainProxy       ?[0;39m ?[2m:?[0;39m Invoking SecurityContextHolderAwareRequestFilter (8/12)
?[0m?[0;34m?[2m2023-08-22T13:43:45.908+02:00?[0;39m ?[32mTRACE?[0;39m ?[35m18216?[0;39m ?[2m---?[0;39m ?[2m[o-28852-exec-10]?[0;39m ?[36mo.s.security.web.FilterChainProxy       ?[0;39m ?[2m:?[0;39m Invoking AnonymousAuthenticationFilter (9/12)
?[0m?[0;34m?[2m2023-08-22T13:43:45.908+02:00?[0;39m ?[32mTRACE?[0;39m ?[35m18216?[0;39m ?[2m---?[0;39m ?[2m[o-28852-exec-10]?[0;39m ?[36mo.s.security.web.FilterChainProxy       ?[0;39m ?[2m:?[0;39m Invoking SessionManagementFilter (10/12)
?[0m?[0;34m?[2m2023-08-22T13:43:45.908+02:00?[0;39m ?[32mTRACE?[0;39m ?[35m18216?[0;39m ?[2m---?[0;39m ?[2m[o-28852-exec-10]?[0;39m ?[36mo.s.security.web.FilterChainProxy       ?[0;39m ?[2m:?[0;39m Invoking ExceptionTranslationFilter (11/12)
?[0m?[0;34m?[2m2023-08-22T13:43:45.908+02:00?[0;39m ?[32mTRACE?[0;39m ?[35m18216?[0;39m ?[2m---?[0;39m ?[2m[o-28852-exec-10]?[0;39m ?[36mo.s.security.web.FilterChainProxy       ?[0;39m ?[2m:?[0;39m Invoking AuthorizationFilter (12/12)
?[0m?[0;34m?[2m2023-08-22T13:43:45.908+02:00?[0;39m ?[32mTRACE?[0;39m ?[35m18216?[0;39m ?[2m---?[0;39m ?[2m[o-28852-exec-10]?[0;39m ?[36mestMatcherDelegatingAuthorizationManager?[0;39m ?[2m:?[0;39m Authorizing SecurityContextHolderAwareRequestWrapper[ FirewalledRequest[ org.apache.catalina.core.ApplicationHttpRequest@5a23c51a]]
?[0m?[0;34m?[2m2023-08-22T13:43:45.909+02:00?[0;39m ?[32mTRACE?[0;39m ?[35m18216?[0;39m ?[2m---?[0;39m ?[2m[o-28852-exec-10]?[0;39m ?[36mestMatcherDelegatingAuthorizationManager?[0;39m ?[2m:?[0;39m Checking authorization on SecurityContextHolderAwareRequestWrapper[ FirewalledRequest[ org.apache.catalina.core.ApplicationHttpRequest@5a23c51a]] using org.springframework.security.config.annotation.web.configurers.AuthorizeHttpRequestsConfigurer$$Lambda$1316/0x0000000100a4d140@528cc85a
?[0m?[0;34m?[2m2023-08-22T13:43:45.909+02:00?[0;39m ?[32mDEBUG?[0;39m ?[35m18216?[0;39m ?[2m---?[0;39m ?[2m[o-28852-exec-10]?[0;39m ?[36mo.s.security.web.FilterChainProxy       ?[0;39m ?[2m:?[0;39m Secured POST /error
?[0m?[0;34m?[2m2023-08-22T13:43:45.909+02:00?[0;39m ?[32mTRACE?[0;39m ?[35m18216?[0;39m ?[2m---?[0;39m ?[2m[o-28852-exec-10]?[0;39m ?[36mo.s.s.w.a.AnonymousAuthenticationFilter ?[0;39m ?[2m:?[0;39m Did not set SecurityContextHolder since already authenticated UsernamePasswordAuthenticationToken [Principal=account.businesslayer.security.UserAdapter@60fbd242, Credentials=[PROTECTED], Authenticated=true, Details=WebAuthenticationDetails [RemoteIpAddress=127.0.0.1, SessionId=null], Granted Authorities=[ROLE_USER]]
?[1;31m
Start test 40?[0m
?[0m?[0;34m?[2m2023-08-22T13:43:45.915+02:00?[0;39m ?[32mTRACE?[0;39m ?[35m18216?[0;39m ?[2m---?[0;39m ?[2m[io-28852-exec-3]?[0;39m ?[36mo.s.security.web.FilterChainProxy       ?[0;39m ?[2m:?[0;39m Trying to match request against DefaultSecurityFilterChain [RequestMatcher=any request, Filters=[org.springframework.security.web.session.DisableEncodeUrlFilter@5d51203b, org.springframework.security.web.context.request.async.WebAsyncManagerIntegrationFilter@32be672d, org.springframework.security.web.context.SecurityContextHolderFilter@74f54f8e, org.springframework.security.web.header.HeaderWriterFilter@157ff8f8, org.springframework.security.web.authentication.logout.LogoutFilter@72364a40, org.springframework.security.web.authentication.www.BasicAuthenticationFilter@a23b96b, org.springframework.security.web.savedrequest.RequestCacheAwareFilter@59b8a801, org.springframework.security.web.servletapi.SecurityContextHolderAwareRequestFilter@5aa026e9, org.springframework.security.web.authentication.AnonymousAuthenticationFilter@23e54c8a, org.springframework.security.web.session.SessionManagementFilter@79e3f444, org.springframework.security.web.access.ExceptionTranslationFilter@17a756db, org.springframework.security.web.access.intercept.AuthorizationFilter@55e75ce0]] (1/1)
?[0m?[0;34m?[2m2023-08-22T13:43:45.916+02:00?[0;39m ?[32mDEBUG?[0;39m ?[35m18216?[0;39m ?[2m---?[0;39m ?[2m[io-28852-exec-3]?[0;39m ?[36mo.s.security.web.FilterChainProxy       ?[0;39m ?[2m:?[0;39m Securing POST /api/auth/changepass
?[0m?[0;34m?[2m2023-08-22T13:43:45.916+02:00?[0;39m ?[32mTRACE?[0;39m ?[35m18216?[0;39m ?[2m---?[0;39m ?[2m[io-28852-exec-3]?[0;39m ?[36mo.s.security.web.FilterChainProxy       ?[0;39m ?[2m:?[0;39m Invoking DisableEncodeUrlFilter (1/12)
?[0m?[0;34m?[2m2023-08-22T13:43:45.916+02:00?[0;39m ?[32mTRACE?[0;39m ?[35m18216?[0;39m ?[2m---?[0;39m ?[2m[io-28852-exec-3]?[0;39m ?[36mo.s.security.web.FilterChainProxy       ?[0;39m ?[2m:?[0;39m Invoking WebAsyncManagerIntegrationFilter (2/12)
?[0m?[0;34m?[2m2023-08-22T13:43:45.916+02:00?[0;39m ?[32mTRACE?[0;39m ?[35m18216?[0;39m ?[2m---?[0;39m ?[2m[io-28852-exec-3]?[0;39m ?[36mo.s.security.web.FilterChainProxy       ?[0;39m ?[2m:?[0;39m Invoking SecurityContextHolderFilter (3/12)
?[0m?[0;34m?[2m2023-08-22T13:43:45.916+02:00?[0;39m ?[32mTRACE?[0;39m ?[35m18216?[0;39m ?[2m---?[0;39m ?[2m[io-28852-exec-3]?[0;39m ?[36mo.s.security.web.FilterChainProxy       ?[0;39m ?[2m:?[0;39m Invoking HeaderWriterFilter (4/12)
?[0m?[0;34m?[2m2023-08-22T13:43:45.916+02:00?[0;39m ?[32mTRACE?[0;39m ?[35m18216?[0;39m ?[2m---?[0;39m ?[2m[io-28852-exec-3]?[0;39m ?[36mo.s.security.web.FilterChainProxy       ?[0;39m ?[2m:?[0;39m Invoking LogoutFilter (5/12)
?[0m?[0;34m?[2m2023-08-22T13:43:45.916+02:00?[0;39m ?[32mTRACE?[0;39m ?[35m18216?[0;39m ?[2m---?[0;39m ?[2m[io-28852-exec-3]?[0;39m ?[36mo.s.s.w.a.logout.LogoutFilter           ?[0;39m ?[2m:?[0;39m Did not match request to Or [Ant [pattern='/logout', GET], Ant [pattern='/logout', POST], Ant [pattern='/logout', PUT], Ant [pattern='/logout', DELETE]]
?[0m?[0;34m?[2m2023-08-22T13:43:45.916+02:00?[0;39m ?[32mTRACE?[0;39m ?[35m18216?[0;39m ?[2m---?[0;39m ?[2m[io-28852-exec-3]?[0;39m ?[36mo.s.security.web.FilterChainProxy       ?[0;39m ?[2m:?[0;39m Invoking BasicAuthenticationFilter (6/12)
?[0m?[0;34m?[2m2023-08-22T13:43:45.916+02:00?[0;39m ?[32mTRACE?[0;39m ?[35m18216?[0;39m ?[2m---?[0;39m ?[2m[io-28852-exec-3]?[0;39m ?[36mo.s.s.w.a.www.BasicAuthenticationFilter ?[0;39m ?[2m:?[0;39m Found username 'JohnDoe@acme.com' in Basic Authorization header
?[0m?[0;34m?[2m2023-08-22T13:43:45.916+02:00?[0;39m ?[32mTRACE?[0;39m ?[35m18216?[0;39m ?[2m---?[0;39m ?[2m[io-28852-exec-3]?[0;39m ?[36m.s.s.w.c.SupplierDeferredSecurityContext?[0;39m ?[2m:?[0;39m Created SecurityContextImpl [Null authentication]
?[0m?[0;34m?[2m2023-08-22T13:43:45.916+02:00?[0;39m ?[32mTRACE?[0;39m ?[35m18216?[0;39m ?[2m---?[0;39m ?[2m[io-28852-exec-3]?[0;39m ?[36mo.s.s.authentication.ProviderManager    ?[0;39m ?[2m:?[0;39m Authenticating request with DaoAuthenticationProvider (1/1)
?[0m?[0;34mHibernate: select u1_0.id,u1_0.email,u1_0.lastname,u1_0.name,u1_0.password from users u1_0 where upper(u1_0.email)=upper(?)
?[0m?[0;34m?[2m2023-08-22T13:43:45.974+02:00?[0;39m ?[32mDEBUG?[0;39m ?[35m18216?[0;39m ?[2m---?[0;39m ?[2m[io-28852-exec-3]?[0;39m ?[36mo.s.s.a.dao.DaoAuthenticationProvider   ?[0;39m ?[2m:?[0;39m Authenticated user
?[0m?[0;34m?[2m2023-08-22T13:43:45.974+02:00?[0;39m ?[32mDEBUG?[0;39m ?[35m18216?[0;39m ?[2m---?[0;39m ?[2m[io-28852-exec-3]?[0;39m ?[36mo.s.s.w.a.www.BasicAuthenticationFilter ?[0;39m ?[2m:?[0;39m Set SecurityContextHolder to UsernamePasswordAuthenticationToken [Principal=account.businesslayer.security.UserAdapter@3feeb35b, Credentials=[PROTECTED], Authenticated=true, Details=WebAuthenticationDetails [RemoteIpAddress=127.0.0.1, SessionId=null], Granted Authorities=[ROLE_USER]]
?[0m?[0;34m?[2m2023-08-22T13:43:45.974+02:00?[0;39m ?[32mTRACE?[0;39m ?[35m18216?[0;39m ?[2m---?[0;39m ?[2m[io-28852-exec-3]?[0;39m ?[36mo.s.security.web.FilterChainProxy       ?[0;39m ?[2m:?[0;39m Invoking RequestCacheAwareFilter (7/12)
?[0m?[0;34m?[2m2023-08-22T13:43:45.974+02:00?[0;39m ?[32mTRACE?[0;39m ?[35m18216?[0;39m ?[2m---?[0;39m ?[2m[io-28852-exec-3]?[0;39m ?[36mo.s.security.web.FilterChainProxy       ?[0;39m ?[2m:?[0;39m Invoking SecurityContextHolderAwareRequestFilter (8/12)
?[0m?[0;34m?[2m2023-08-22T13:43:45.974+02:00?[0;39m ?[32mTRACE?[0;39m ?[35m18216?[0;39m ?[2m---?[0;39m ?[2m[io-28852-exec-3]?[0;39m ?[36mo.s.security.web.FilterChainProxy       ?[0;39m ?[2m:?[0;39m Invoking AnonymousAuthenticationFilter (9/12)
?[0m?[0;34m?[2m2023-08-22T13:43:45.974+02:00?[0;39m ?[32mTRACE?[0;39m ?[35m18216?[0;39m ?[2m---?[0;39m ?[2m[io-28852-exec-3]?[0;39m ?[36mo.s.security.web.FilterChainProxy       ?[0;39m ?[2m:?[0;39m Invoking SessionManagementFilter (10/12)
?[0m?[0;34m?[2m2023-08-22T13:43:45.974+02:00?[0;39m ?[32mTRACE?[0;39m ?[35m18216?[0;39m ?[2m---?[0;39m ?[2m[io-28852-exec-3]?[0;39m ?[36mo.s.s.w.a.AnonymousAuthenticationFilter ?[0;39m ?[2m:?[0;39m Did not set SecurityContextHolder since already authenticated UsernamePasswordAuthenticationToken [Principal=account.businesslayer.security.UserAdapter@3feeb35b, Credentials=[PROTECTED], Authenticated=true, Details=WebAuthenticationDetails [RemoteIpAddress=127.0.0.1, SessionId=null], Granted Authorities=[ROLE_USER]]
?[0m?[0;34m?[2m2023-08-22T13:43:45.974+02:00?[0;39m ?[32mTRACE?[0;39m ?[35m18216?[0;39m ?[2m---?[0;39m ?[2m[io-28852-exec-3]?[0;39m ?[36ms.CompositeSessionAuthenticationStrategy?[0;39m ?[2m:?[0;39m Preparing session with ChangeSessionIdAuthenticationStrategy (1/1)
?[0m?[0;34m?[2m2023-08-22T13:43:45.974+02:00?[0;39m ?[32mTRACE?[0;39m ?[35m18216?[0;39m ?[2m---?[0;39m ?[2m[io-28852-exec-3]?[0;39m ?[36mo.s.security.web.FilterChainProxy       ?[0;39m ?[2m:?[0;39m Invoking ExceptionTranslationFilter (11/12)
?[0m?[0;34m?[2m2023-08-22T13:43:45.974+02:00?[0;39m ?[32mTRACE?[0;39m ?[35m18216?[0;39m ?[2m---?[0;39m ?[2m[io-28852-exec-3]?[0;39m ?[36mo.s.security.web.FilterChainProxy       ?[0;39m ?[2m:?[0;39m Invoking AuthorizationFilter (12/12)
?[0m?[0;34m?[2m2023-08-22T13:43:45.974+02:00?[0;39m ?[32mTRACE?[0;39m ?[35m18216?[0;39m ?[2m---?[0;39m ?[2m[io-28852-exec-3]?[0;39m ?[36mestMatcherDelegatingAuthorizationManager?[0;39m ?[2m:?[0;39m Authorizing SecurityContextHolderAwareRequestWrapper[ org.springframework.security.web.header.HeaderWriterFilter$HeaderWriterRequest@5b513f04]
?[0m?[0;34m?[2m2023-08-22T13:43:45.974+02:00?[0;39m ?[32mTRACE?[0;39m ?[35m18216?[0;39m ?[2m---?[0;39m ?[2m[io-28852-exec-3]?[0;39m ?[36mestMatcherDelegatingAuthorizationManager?[0;39m ?[2m:?[0;39m Checking authorization on SecurityContextHolderAwareRequestWrapper[ org.springframework.security.web.header.HeaderWriterFilter$HeaderWriterRequest@5b513f04] using org.springframework.security.authorization.AuthenticatedAuthorizationManager@65549294
?[0m?[0;34m?[2m2023-08-22T13:43:45.974+02:00?[0;39m ?[32mDEBUG?[0;39m ?[35m18216?[0;39m ?[2m---?[0;39m ?[2m[io-28852-exec-3]?[0;39m ?[36mo.s.security.web.FilterChainProxy       ?[0;39m ?[2m:?[0;39m Secured POST /api/auth/changepass
?[0m?[0;34m?[2m2023-08-22T13:43:45.975+02:00?[0;39m ?[32mTRACE?[0;39m ?[35m18216?[0;39m ?[2m---?[0;39m ?[2m[io-28852-exec-3]?[0;39m ?[36mo.s.s.w.header.writers.HstsHeaderWriter ?[0;39m ?[2m:?[0;39m Not injecting HSTS header since it did not match request to [Is Secure]
?[0m?[0;34m?[2m2023-08-22T13:43:45.976+02:00?[0;39m ?[32mTRACE?[0;39m ?[35m18216?[0;39m ?[2m---?[0;39m ?[2m[io-28852-exec-3]?[0;39m ?[36mo.s.security.web.FilterChainProxy       ?[0;39m ?[2m:?[0;39m Trying to match request against DefaultSecurityFilterChain [RequestMatcher=any request, Filters=[org.springframework.security.web.session.DisableEncodeUrlFilter@5d51203b, org.springframework.security.web.context.request.async.WebAsyncManagerIntegrationFilter@32be672d, org.springframework.security.web.context.SecurityContextHolderFilter@74f54f8e, org.springframework.security.web.header.HeaderWriterFilter@157ff8f8, org.springframework.security.web.authentication.logout.LogoutFilter@72364a40, org.springframework.security.web.authentication.www.BasicAuthenticationFilter@a23b96b, org.springframework.security.web.savedrequest.RequestCacheAwareFilter@59b8a801, org.springframework.security.web.servletapi.SecurityContextHolderAwareRequestFilter@5aa026e9, org.springframework.security.web.authentication.AnonymousAuthenticationFilter@23e54c8a, org.springframework.security.web.session.SessionManagementFilter@79e3f444, org.springframework.security.web.access.ExceptionTranslationFilter@17a756db, org.springframework.security.web.access.intercept.AuthorizationFilter@55e75ce0]] (1/1)
?[0m?[0;34m?[2m2023-08-22T13:43:45.976+02:00?[0;39m ?[32mDEBUG?[0;39m ?[35m18216?[0;39m ?[2m---?[0;39m ?[2m[io-28852-exec-3]?[0;39m ?[36mo.s.security.web.FilterChainProxy       ?[0;39m ?[2m:?[0;39m Securing POST /error
?[0m?[0;34m?[2m2023-08-22T13:43:45.976+02:00?[0;39m ?[32mTRACE?[0;39m ?[35m18216?[0;39m ?[2m---?[0;39m ?[2m[io-28852-exec-3]?[0;39m ?[36mo.s.security.web.FilterChainProxy       ?[0;39m ?[2m:?[0;39m Invoking DisableEncodeUrlFilter (1/12)
?[0m?[0;34m?[2m2023-08-22T13:43:45.976+02:00?[0;39m ?[32mTRACE?[0;39m ?[35m18216?[0;39m ?[2m---?[0;39m ?[2m[io-28852-exec-3]?[0;39m ?[36mo.s.security.web.FilterChainProxy       ?[0;39m ?[2m:?[0;39m Invoking WebAsyncManagerIntegrationFilter (2/12)
?[0m?[0;34m?[2m2023-08-22T13:43:45.976+02:00?[0;39m ?[32mTRACE?[0;39m ?[35m18216?[0;39m ?[2m---?[0;39m ?[2m[io-28852-exec-3]?[0;39m ?[36mo.s.security.web.FilterChainProxy       ?[0;39m ?[2m:?[0;39m Invoking SecurityContextHolderFilter (3/12)
?[0m?[0;34m?[2m2023-08-22T13:43:45.976+02:00?[0;39m ?[32mTRACE?[0;39m ?[35m18216?[0;39m ?[2m---?[0;39m ?[2m[io-28852-exec-3]?[0;39m ?[36mo.s.security.web.FilterChainProxy       ?[0;39m ?[2m:?[0;39m Invoking HeaderWriterFilter (4/12)
?[0m?[0;34m?[2m2023-08-22T13:43:45.976+02:00?[0;39m ?[32mTRACE?[0;39m ?[35m18216?[0;39m ?[2m---?[0;39m ?[2m[io-28852-exec-3]?[0;39m ?[36mo.s.security.web.FilterChainProxy       ?[0;39m ?[2m:?[0;39m Invoking LogoutFilter (5/12)
?[0m?[0;34m?[2m2023-08-22T13:43:45.976+02:00?[0;39m ?[32mTRACE?[0;39m ?[35m18216?[0;39m ?[2m---?[0;39m ?[2m[io-28852-exec-3]?[0;39m ?[36mo.s.s.w.a.logout.LogoutFilter           ?[0;39m ?[2m:?[0;39m Did not match request to Or [Ant [pattern='/logout', GET], Ant [pattern='/logout', POST], Ant [pattern='/logout', PUT], Ant [pattern='/logout', DELETE]]
?[0m?[0;34m?[2m2023-08-22T13:43:45.976+02:00?[0;39m ?[32mTRACE?[0;39m ?[35m18216?[0;39m ?[2m---?[0;39m ?[2m[io-28852-exec-3]?[0;39m ?[36mo.s.security.web.FilterChainProxy       ?[0;39m ?[2m:?[0;39m Invoking BasicAuthenticationFilter (6/12)
?[0m?[0;34m?[2m2023-08-22T13:43:45.976+02:00?[0;39m ?[32mTRACE?[0;39m ?[35m18216?[0;39m ?[2m---?[0;39m ?[2m[io-28852-exec-3]?[0;39m ?[36mo.s.security.web.FilterChainProxy       ?[0;39m ?[2m:?[0;39m Invoking RequestCacheAwareFilter (7/12)
?[0m?[0;34m?[2m2023-08-22T13:43:45.976+02:00?[0;39m ?[32mTRACE?[0;39m ?[35m18216?[0;39m ?[2m---?[0;39m ?[2m[io-28852-exec-3]?[0;39m ?[36mo.s.security.web.FilterChainProxy       ?[0;39m ?[2m:?[0;39m Invoking SecurityContextHolderAwareRequestFilter (8/12)
?[0m?[0;34m?[2m2023-08-22T13:43:45.976+02:00?[0;39m ?[32mTRACE?[0;39m ?[35m18216?[0;39m ?[2m---?[0;39m ?[2m[io-28852-exec-3]?[0;39m ?[36mo.s.security.web.FilterChainProxy       ?[0;39m ?[2m:?[0;39m Invoking AnonymousAuthenticationFilter (9/12)
?[0m?[0;34m?[2m2023-08-22T13:43:45.976+02:00?[0;39m ?[32mTRACE?[0;39m ?[35m18216?[0;39m ?[2m---?[0;39m ?[2m[io-28852-exec-3]?[0;39m ?[36mo.s.security.web.FilterChainProxy       ?[0;39m ?[2m:?[0;39m Invoking SessionManagementFilter (10/12)
?[0m?[0;34m?[2m2023-08-22T13:43:45.976+02:00?[0;39m ?[32mTRACE?[0;39m ?[35m18216?[0;39m ?[2m---?[0;39m ?[2m[io-28852-exec-3]?[0;39m ?[36mo.s.security.web.FilterChainProxy       ?[0;39m ?[2m:?[0;39m Invoking ExceptionTranslationFilter (11/12)
?[0m?[0;34m?[2m2023-08-22T13:43:45.976+02:00?[0;39m ?[32mTRACE?[0;39m ?[35m18216?[0;39m ?[2m---?[0;39m ?[2m[io-28852-exec-3]?[0;39m ?[36mo.s.security.web.FilterChainProxy       ?[0;39m ?[2m:?[0;39m Invoking AuthorizationFilter (12/12)
?[0m?[0;34m?[2m2023-08-22T13:43:45.976+02:00?[0;39m ?[32mTRACE?[0;39m ?[35m18216?[0;39m ?[2m---?[0;39m ?[2m[io-28852-exec-3]?[0;39m ?[36mestMatcherDelegatingAuthorizationManager?[0;39m ?[2m:?[0;39m Authorizing SecurityContextHolderAwareRequestWrapper[ FirewalledRequest[ org.apache.catalina.core.ApplicationHttpRequest@3931e943]]
?[0m?[0;34m?[2m2023-08-22T13:43:45.976+02:00?[0;39m ?[32mTRACE?[0;39m ?[35m18216?[0;39m ?[2m---?[0;39m ?[2m[io-28852-exec-3]?[0;39m ?[36mestMatcherDelegatingAuthorizationManager?[0;39m ?[2m:?[0;39m Checking authorization on SecurityContextHolderAwareRequestWrapper[ FirewalledRequest[ org.apache.catalina.core.ApplicationHttpRequest@3931e943]] using org.springframework.security.config.annotation.web.configurers.AuthorizeHttpRequestsConfigurer$$Lambda$1316/0x0000000100a4d140@528cc85a
?[0m?[0;34m?[2m2023-08-22T13:43:45.977+02:00?[0;39m ?[32mDEBUG?[0;39m ?[35m18216?[0;39m ?[2m---?[0;39m ?[2m[io-28852-exec-3]?[0;39m ?[36mo.s.security.web.FilterChainProxy       ?[0;39m ?[2m:?[0;39m Secured POST /error
?[0m?[0;34m?[2m2023-08-22T13:43:45.977+02:00?[0;39m ?[32mTRACE?[0;39m ?[35m18216?[0;39m ?[2m---?[0;39m ?[2m[io-28852-exec-3]?[0;39m ?[36mo.s.s.w.a.AnonymousAuthenticationFilter ?[0;39m ?[2m:?[0;39m Did not set SecurityContextHolder since already authenticated UsernamePasswordAuthenticationToken [Principal=account.businesslayer.security.UserAdapter@3feeb35b, Credentials=[PROTECTED], Authenticated=true, Details=WebAuthenticationDetails [RemoteIpAddress=127.0.0.1, SessionId=null], Granted Authorities=[ROLE_USER]]
?[1;31m
Start test 41?[0m
?[0m?[0;34m?[2m2023-08-22T13:43:45.982+02:00?[0;39m ?[32mTRACE?[0;39m ?[35m18216?[0;39m ?[2m---?[0;39m ?[2m[io-28852-exec-8]?[0;39m ?[36mo.s.security.web.FilterChainProxy       ?[0;39m ?[2m:?[0;39m Trying to match request against DefaultSecurityFilterChain [RequestMatcher=any request, Filters=[org.springframework.security.web.session.DisableEncodeUrlFilter@5d51203b, org.springframework.security.web.context.request.async.WebAsyncManagerIntegrationFilter@32be672d, org.springframework.security.web.context.SecurityContextHolderFilter@74f54f8e, org.springframework.security.web.header.HeaderWriterFilter@157ff8f8, org.springframework.security.web.authentication.logout.LogoutFilter@72364a40, org.springframework.security.web.authentication.www.BasicAuthenticationFilter@a23b96b, org.springframework.security.web.savedrequest.RequestCacheAwareFilter@59b8a801, org.springframework.security.web.servletapi.SecurityContextHolderAwareRequestFilter@5aa026e9, org.springframework.security.web.authentication.AnonymousAuthenticationFilter@23e54c8a, org.springframework.security.web.session.SessionManagementFilter@79e3f444, org.springframework.security.web.access.ExceptionTranslationFilter@17a756db, org.springframework.security.web.access.intercept.AuthorizationFilter@55e75ce0]] (1/1)
?[0m?[0;34m?[2m2023-08-22T13:43:45.983+02:00?[0;39m ?[32mDEBUG?[0;39m ?[35m18216?[0;39m ?[2m---?[0;39m ?[2m[io-28852-exec-8]?[0;39m ?[36mo.s.security.web.FilterChainProxy       ?[0;39m ?[2m:?[0;39m Securing POST /api/auth/changepass
?[0m?[0;34m?[2m2023-08-22T13:43:45.983+02:00?[0;39m ?[32mTRACE?[0;39m ?[35m18216?[0;39m ?[2m---?[0;39m ?[2m[io-28852-exec-8]?[0;39m ?[36mo.s.security.web.FilterChainProxy       ?[0;39m ?[2m:?[0;39m Invoking DisableEncodeUrlFilter (1/12)
?[0m?[0;34m?[2m2023-08-22T13:43:45.983+02:00?[0;39m ?[32mTRACE?[0;39m ?[35m18216?[0;39m ?[2m---?[0;39m ?[2m[io-28852-exec-8]?[0;39m ?[36mo.s.security.web.FilterChainProxy       ?[0;39m ?[2m:?[0;39m Invoking WebAsyncManagerIntegrationFilter (2/12)
?[0m?[0;34m?[2m2023-08-22T13:43:45.983+02:00?[0;39m ?[32mTRACE?[0;39m ?[35m18216?[0;39m ?[2m---?[0;39m ?[2m[io-28852-exec-8]?[0;39m ?[36mo.s.security.web.FilterChainProxy       ?[0;39m ?[2m:?[0;39m Invoking SecurityContextHolderFilter (3/12)
?[0m?[0;34m?[2m2023-08-22T13:43:45.983+02:00?[0;39m ?[32mTRACE?[0;39m ?[35m18216?[0;39m ?[2m---?[0;39m ?[2m[io-28852-exec-8]?[0;39m ?[36mo.s.security.web.FilterChainProxy       ?[0;39m ?[2m:?[0;39m Invoking HeaderWriterFilter (4/12)
?[0m?[0;34m?[2m2023-08-22T13:43:45.983+02:00?[0;39m ?[32mTRACE?[0;39m ?[35m18216?[0;39m ?[2m---?[0;39m ?[2m[io-28852-exec-8]?[0;39m ?[36mo.s.security.web.FilterChainProxy       ?[0;39m ?[2m:?[0;39m Invoking LogoutFilter (5/12)
?[0m?[0;34m?[2m2023-08-22T13:43:45.983+02:00?[0;39m ?[32mTRACE?[0;39m ?[35m18216?[0;39m ?[2m---?[0;39m ?[2m[io-28852-exec-8]?[0;39m ?[36mo.s.s.w.a.logout.LogoutFilter           ?[0;39m ?[2m:?[0;39m Did not match request to Or [Ant [pattern='/logout', GET], Ant [pattern='/logout', POST], Ant [pattern='/logout', PUT], Ant [pattern='/logout', DELETE]]
?[0m?[0;34m?[2m2023-08-22T13:43:45.983+02:00?[0;39m ?[32mTRACE?[0;39m ?[35m18216?[0;39m ?[2m---?[0;39m ?[2m[io-28852-exec-8]?[0;39m ?[36mo.s.security.web.FilterChainProxy       ?[0;39m ?[2m:?[0;39m Invoking BasicAuthenticationFilter (6/12)
?[0m?[0;34m?[2m2023-08-22T13:43:45.983+02:00?[0;39m ?[32mTRACE?[0;39m ?[35m18216?[0;39m ?[2m---?[0;39m ?[2m[io-28852-exec-8]?[0;39m ?[36mo.s.s.w.a.www.BasicAuthenticationFilter ?[0;39m ?[2m:?[0;39m Found username 'JohnDoe@acme.com' in Basic Authorization header
?[0m?[0;34m?[2m2023-08-22T13:43:45.983+02:00?[0;39m ?[32mTRACE?[0;39m ?[35m18216?[0;39m ?[2m---?[0;39m ?[2m[io-28852-exec-8]?[0;39m ?[36m.s.s.w.c.SupplierDeferredSecurityContext?[0;39m ?[2m:?[0;39m Created SecurityContextImpl [Null authentication]
?[0m?[0;34m?[2m2023-08-22T13:43:45.983+02:00?[0;39m ?[32mTRACE?[0;39m ?[35m18216?[0;39m ?[2m---?[0;39m ?[2m[io-28852-exec-8]?[0;39m ?[36mo.s.s.authentication.ProviderManager    ?[0;39m ?[2m:?[0;39m Authenticating request with DaoAuthenticationProvider (1/1)
?[0m?[0;34mHibernate: select u1_0.id,u1_0.email,u1_0.lastname,u1_0.name,u1_0.password from users u1_0 where upper(u1_0.email)=upper(?)
?[0m?[0;34m?[2m2023-08-22T13:43:46.041+02:00?[0;39m ?[32mDEBUG?[0;39m ?[35m18216?[0;39m ?[2m---?[0;39m ?[2m[io-28852-exec-8]?[0;39m ?[36mo.s.s.a.dao.DaoAuthenticationProvider   ?[0;39m ?[2m:?[0;39m Authenticated user
?[0m?[0;34m?[2m2023-08-22T13:43:46.041+02:00?[0;39m ?[32mDEBUG?[0;39m ?[35m18216?[0;39m ?[2m---?[0;39m ?[2m[io-28852-exec-8]?[0;39m ?[36mo.s.s.w.a.www.BasicAuthenticationFilter ?[0;39m ?[2m:?[0;39m Set SecurityContextHolder to UsernamePasswordAuthenticationToken [Principal=account.businesslayer.security.UserAdapter@1bf293e6, Credentials=[PROTECTED], Authenticated=true, Details=WebAuthenticationDetails [RemoteIpAddress=127.0.0.1, SessionId=null], Granted Authorities=[ROLE_USER]]
?[0m?[0;34m?[2m2023-08-22T13:43:46.041+02:00?[0;39m ?[32mTRACE?[0;39m ?[35m18216?[0;39m ?[2m---?[0;39m ?[2m[io-28852-exec-8]?[0;39m ?[36mo.s.security.web.FilterChainProxy       ?[0;39m ?[2m:?[0;39m Invoking RequestCacheAwareFilter (7/12)
?[0m?[0;34m?[2m2023-08-22T13:43:46.041+02:00?[0;39m ?[32mTRACE?[0;39m ?[35m18216?[0;39m ?[2m---?[0;39m ?[2m[io-28852-exec-8]?[0;39m ?[36mo.s.security.web.FilterChainProxy       ?[0;39m ?[2m:?[0;39m Invoking SecurityContextHolderAwareRequestFilter (8/12)
?[0m?[0;34m?[2m2023-08-22T13:43:46.041+02:00?[0;39m ?[32mTRACE?[0;39m ?[35m18216?[0;39m ?[2m---?[0;39m ?[2m[io-28852-exec-8]?[0;39m ?[36mo.s.security.web.FilterChainProxy       ?[0;39m ?[2m:?[0;39m Invoking AnonymousAuthenticationFilter (9/12)
?[0m?[0;34m?[2m2023-08-22T13:43:46.041+02:00?[0;39m ?[32mTRACE?[0;39m ?[35m18216?[0;39m ?[2m---?[0;39m ?[2m[io-28852-exec-8]?[0;39m ?[36mo.s.security.web.FilterChainProxy       ?[0;39m ?[2m:?[0;39m Invoking SessionManagementFilter (10/12)
?[0m?[0;34m?[2m2023-08-22T13:43:46.041+02:00?[0;39m ?[32mTRACE?[0;39m ?[35m18216?[0;39m ?[2m---?[0;39m ?[2m[io-28852-exec-8]?[0;39m ?[36mo.s.s.w.a.AnonymousAuthenticationFilter ?[0;39m ?[2m:?[0;39m Did not set SecurityContextHolder since already authenticated UsernamePasswordAuthenticationToken [Principal=account.businesslayer.security.UserAdapter@1bf293e6, Credentials=[PROTECTED], Authenticated=true, Details=WebAuthenticationDetails [RemoteIpAddress=127.0.0.1, SessionId=null], Granted Authorities=[ROLE_USER]]
?[0m?[0;34m?[2m2023-08-22T13:43:46.041+02:00?[0;39m ?[32mTRACE?[0;39m ?[35m18216?[0;39m ?[2m---?[0;39m ?[2m[io-28852-exec-8]?[0;39m ?[36ms.CompositeSessionAuthenticationStrategy?[0;39m ?[2m:?[0;39m Preparing session with ChangeSessionIdAuthenticationStrategy (1/1)
?[0m?[0;34m?[2m2023-08-22T13:43:46.041+02:00?[0;39m ?[32mTRACE?[0;39m ?[35m18216?[0;39m ?[2m---?[0;39m ?[2m[io-28852-exec-8]?[0;39m ?[36mo.s.security.web.FilterChainProxy       ?[0;39m ?[2m:?[0;39m Invoking ExceptionTranslationFilter (11/12)
?[0m?[0;34m?[2m2023-08-22T13:43:46.041+02:00?[0;39m ?[32mTRACE?[0;39m ?[35m18216?[0;39m ?[2m---?[0;39m ?[2m[io-28852-exec-8]?[0;39m ?[36mo.s.security.web.FilterChainProxy       ?[0;39m ?[2m:?[0;39m Invoking AuthorizationFilter (12/12)
?[0m?[0;34m?[2m2023-08-22T13:43:46.042+02:00?[0;39m ?[32mTRACE?[0;39m ?[35m18216?[0;39m ?[2m---?[0;39m ?[2m[io-28852-exec-8]?[0;39m ?[36mestMatcherDelegatingAuthorizationManager?[0;39m ?[2m:?[0;39m Authorizing SecurityContextHolderAwareRequestWrapper[ org.springframework.security.web.header.HeaderWriterFilter$HeaderWriterRequest@ece2657]
?[0m?[0;34m?[2m2023-08-22T13:43:46.042+02:00?[0;39m ?[32mTRACE?[0;39m ?[35m18216?[0;39m ?[2m---?[0;39m ?[2m[io-28852-exec-8]?[0;39m ?[36mestMatcherDelegatingAuthorizationManager?[0;39m ?[2m:?[0;39m Checking authorization on SecurityContextHolderAwareRequestWrapper[ org.springframework.security.web.header.HeaderWriterFilter$HeaderWriterRequest@ece2657] using org.springframework.security.authorization.AuthenticatedAuthorizationManager@65549294
?[0m?[0;34m?[2m2023-08-22T13:43:46.042+02:00?[0;39m ?[32mDEBUG?[0;39m ?[35m18216?[0;39m ?[2m---?[0;39m ?[2m[io-28852-exec-8]?[0;39m ?[36mo.s.security.web.FilterChainProxy       ?[0;39m ?[2m:?[0;39m Secured POST /api/auth/changepass
?[0m?[0;34m?[2m2023-08-22T13:43:46.043+02:00?[0;39m ?[32mTRACE?[0;39m ?[35m18216?[0;39m ?[2m---?[0;39m ?[2m[io-28852-exec-8]?[0;39m ?[36mo.s.s.w.header.writers.HstsHeaderWriter ?[0;39m ?[2m:?[0;39m Not injecting HSTS header since it did not match request to [Is Secure]
?[0m?[0;34m?[2m2023-08-22T13:43:46.043+02:00?[0;39m ?[32mTRACE?[0;39m ?[35m18216?[0;39m ?[2m---?[0;39m ?[2m[io-28852-exec-8]?[0;39m ?[36mo.s.security.web.FilterChainProxy       ?[0;39m ?[2m:?[0;39m Trying to match request against DefaultSecurityFilterChain [RequestMatcher=any request, Filters=[org.springframework.security.web.session.DisableEncodeUrlFilter@5d51203b, org.springframework.security.web.context.request.async.WebAsyncManagerIntegrationFilter@32be672d, org.springframework.security.web.context.SecurityContextHolderFilter@74f54f8e, org.springframework.security.web.header.HeaderWriterFilter@157ff8f8, org.springframework.security.web.authentication.logout.LogoutFilter@72364a40, org.springframework.security.web.authentication.www.BasicAuthenticationFilter@a23b96b, org.springframework.security.web.savedrequest.RequestCacheAwareFilter@59b8a801, org.springframework.security.web.servletapi.SecurityContextHolderAwareRequestFilter@5aa026e9, org.springframework.security.web.authentication.AnonymousAuthenticationFilter@23e54c8a, org.springframework.security.web.session.SessionManagementFilter@79e3f444, org.springframework.security.web.access.ExceptionTranslationFilter@17a756db, org.springframework.security.web.access.intercept.AuthorizationFilter@55e75ce0]] (1/1)
?[0m?[0;34m?[2m2023-08-22T13:43:46.044+02:00?[0;39m ?[32mDEBUG?[0;39m ?[35m18216?[0;39m ?[2m---?[0;39m ?[2m[io-28852-exec-8]?[0;39m ?[36mo.s.security.web.FilterChainProxy       ?[0;39m ?[2m:?[0;39m Securing POST /error
?[0m?[0;34m?[2m2023-08-22T13:43:46.044+02:00?[0;39m ?[32mTRACE?[0;39m ?[35m18216?[0;39m ?[2m---?[0;39m ?[2m[io-28852-exec-8]?[0;39m ?[36mo.s.security.web.FilterChainProxy       ?[0;39m ?[2m:?[0;39m Invoking DisableEncodeUrlFilter (1/12)
?[0m?[0;34m?[2m2023-08-22T13:43:46.044+02:00?[0;39m ?[32mTRACE?[0;39m ?[35m18216?[0;39m ?[2m---?[0;39m ?[2m[io-28852-exec-8]?[0;39m ?[36mo.s.security.web.FilterChainProxy       ?[0;39m ?[2m:?[0;39m Invoking WebAsyncManagerIntegrationFilter (2/12)
?[0m?[0;34m?[2m2023-08-22T13:43:46.044+02:00?[0;39m ?[32mTRACE?[0;39m ?[35m18216?[0;39m ?[2m---?[0;39m ?[2m[io-28852-exec-8]?[0;39m ?[36mo.s.security.web.FilterChainProxy       ?[0;39m ?[2m:?[0;39m Invoking SecurityContextHolderFilter (3/12)
?[0m?[0;34m?[2m2023-08-22T13:43:46.044+02:00?[0;39m ?[32mTRACE?[0;39m ?[35m18216?[0;39m ?[2m---?[0;39m ?[2m[io-28852-exec-8]?[0;39m ?[36mo.s.security.web.FilterChainProxy       ?[0;39m ?[2m:?[0;39m Invoking HeaderWriterFilter (4/12)
?[0m?[0;34m?[2m2023-08-22T13:43:46.044+02:00?[0;39m ?[32mTRACE?[0;39m ?[35m18216?[0;39m ?[2m---?[0;39m ?[2m[io-28852-exec-8]?[0;39m ?[36mo.s.security.web.FilterChainProxy       ?[0;39m ?[2m:?[0;39m Invoking LogoutFilter (5/12)
?[0m?[0;34m?[2m2023-08-22T13:43:46.044+02:00?[0;39m ?[32mTRACE?[0;39m ?[35m18216?[0;39m ?[2m---?[0;39m ?[2m[io-28852-exec-8]?[0;39m ?[36mo.s.s.w.a.logout.LogoutFilter           ?[0;39m ?[2m:?[0;39m Did not match request to Or [Ant [pattern='/logout', GET], Ant [pattern='/logout', POST], Ant [pattern='/logout', PUT], Ant [pattern='/logout', DELETE]]
?[0m?[0;34m?[2m2023-08-22T13:43:46.044+02:00?[0;39m ?[32mTRACE?[0;39m ?[35m18216?[0;39m ?[2m---?[0;39m ?[2m[io-28852-exec-8]?[0;39m ?[36mo.s.security.web.FilterChainProxy       ?[0;39m ?[2m:?[0;39m Invoking BasicAuthenticationFilter (6/12)
?[0m?[0;34m?[2m2023-08-22T13:43:46.044+02:00?[0;39m ?[32mTRACE?[0;39m ?[35m18216?[0;39m ?[2m---?[0;39m ?[2m[io-28852-exec-8]?[0;39m ?[36mo.s.security.web.FilterChainProxy       ?[0;39m ?[2m:?[0;39m Invoking RequestCacheAwareFilter (7/12)
?[0m?[0;34m?[2m2023-08-22T13:43:46.044+02:00?[0;39m ?[32mTRACE?[0;39m ?[35m18216?[0;39m ?[2m---?[0;39m ?[2m[io-28852-exec-8]?[0;39m ?[36mo.s.security.web.FilterChainProxy       ?[0;39m ?[2m:?[0;39m Invoking SecurityContextHolderAwareRequestFilter (8/12)
?[0m?[0;34m?[2m2023-08-22T13:43:46.044+02:00?[0;39m ?[32mTRACE?[0;39m ?[35m18216?[0;39m ?[2m---?[0;39m ?[2m[io-28852-exec-8]?[0;39m ?[36mo.s.security.web.FilterChainProxy       ?[0;39m ?[2m:?[0;39m Invoking AnonymousAuthenticationFilter (9/12)
?[0m?[0;34m?[2m2023-08-22T13:43:46.044+02:00?[0;39m ?[32mTRACE?[0;39m ?[35m18216?[0;39m ?[2m---?[0;39m ?[2m[io-28852-exec-8]?[0;39m ?[36mo.s.security.web.FilterChainProxy       ?[0;39m ?[2m:?[0;39m Invoking SessionManagementFilter (10/12)
?[0m?[0;34m?[2m2023-08-22T13:43:46.044+02:00?[0;39m ?[32mTRACE?[0;39m ?[35m18216?[0;39m ?[2m---?[0;39m ?[2m[io-28852-exec-8]?[0;39m ?[36mo.s.security.web.FilterChainProxy       ?[0;39m ?[2m:?[0;39m Invoking ExceptionTranslationFilter (11/12)
?[0m?[0;34m?[2m2023-08-22T13:43:46.044+02:00?[0;39m ?[32mTRACE?[0;39m ?[35m18216?[0;39m ?[2m---?[0;39m ?[2m[io-28852-exec-8]?[0;39m ?[36mo.s.security.web.FilterChainProxy       ?[0;39m ?[2m:?[0;39m Invoking AuthorizationFilter (12/12)
?[0m?[0;34m?[2m2023-08-22T13:43:46.044+02:00?[0;39m ?[32mTRACE?[0;39m ?[35m18216?[0;39m ?[2m---?[0;39m ?[2m[io-28852-exec-8]?[0;39m ?[36mestMatcherDelegatingAuthorizationManager?[0;39m ?[2m:?[0;39m Authorizing SecurityContextHolderAwareRequestWrapper[ FirewalledRequest[ org.apache.catalina.core.ApplicationHttpRequest@d89e47]]
?[0m?[0;34m?[2m2023-08-22T13:43:46.044+02:00?[0;39m ?[32mTRACE?[0;39m ?[35m18216?[0;39m ?[2m---?[0;39m ?[2m[io-28852-exec-8]?[0;39m ?[36mestMatcherDelegatingAuthorizationManager?[0;39m ?[2m:?[0;39m Checking authorization on SecurityContextHolderAwareRequestWrapper[ FirewalledRequest[ org.apache.catalina.core.ApplicationHttpRequest@d89e47]] using org.springframework.security.config.annotation.web.configurers.AuthorizeHttpRequestsConfigurer$$Lambda$1316/0x0000000100a4d140@528cc85a
?[0m?[0;34m?[2m2023-08-22T13:43:46.044+02:00?[0;39m ?[32mDEBUG?[0;39m ?[35m18216?[0;39m ?[2m---?[0;39m ?[2m[io-28852-exec-8]?[0;39m ?[36mo.s.security.web.FilterChainProxy       ?[0;39m ?[2m:?[0;39m Secured POST /error
?[0m?[0;34m?[2m2023-08-22T13:43:46.044+02:00?[0;39m ?[32mTRACE?[0;39m ?[35m18216?[0;39m ?[2m---?[0;39m ?[2m[io-28852-exec-8]?[0;39m ?[36mo.s.s.w.a.AnonymousAuthenticationFilter ?[0;39m ?[2m:?[0;39m Did not set SecurityContextHolder since already authenticated UsernamePasswordAuthenticationToken [Principal=account.businesslayer.security.UserAdapter@1bf293e6, Credentials=[PROTECTED], Authenticated=true, Details=WebAuthenticationDetails [RemoteIpAddress=127.0.0.1, SessionId=null], Granted Authorities=[ROLE_USER]]
?[1;31m
Start test 42?[0m
?[0m?[0;34m?[2m2023-08-22T13:43:46.050+02:00?[0;39m ?[32mTRACE?[0;39m ?[35m18216?[0;39m ?[2m---?[0;39m ?[2m[io-28852-exec-4]?[0;39m ?[36mo.s.security.web.FilterChainProxy       ?[0;39m ?[2m:?[0;39m Trying to match request against DefaultSecurityFilterChain [RequestMatcher=any request, Filters=[org.springframework.security.web.session.DisableEncodeUrlFilter@5d51203b, org.springframework.security.web.context.request.async.WebAsyncManagerIntegrationFilter@32be672d, org.springframework.security.web.context.SecurityContextHolderFilter@74f54f8e, org.springframework.security.web.header.HeaderWriterFilter@157ff8f8, org.springframework.security.web.authentication.logout.LogoutFilter@72364a40, org.springframework.security.web.authentication.www.BasicAuthenticationFilter@a23b96b, org.springframework.security.web.savedrequest.RequestCacheAwareFilter@59b8a801, org.springframework.security.web.servletapi.SecurityContextHolderAwareRequestFilter@5aa026e9, org.springframework.security.web.authentication.AnonymousAuthenticationFilter@23e54c8a, org.springframework.security.web.session.SessionManagementFilter@79e3f444, org.springframework.security.web.access.ExceptionTranslationFilter@17a756db, org.springframework.security.web.access.intercept.AuthorizationFilter@55e75ce0]] (1/1)
?[0m?[0;34m?[2m2023-08-22T13:43:46.050+02:00?[0;39m ?[32mDEBUG?[0;39m ?[35m18216?[0;39m ?[2m---?[0;39m ?[2m[io-28852-exec-4]?[0;39m ?[36mo.s.security.web.FilterChainProxy       ?[0;39m ?[2m:?[0;39m Securing POST /api/auth/changepass
?[0m?[0;34m?[2m2023-08-22T13:43:46.050+02:00?[0;39m ?[32mTRACE?[0;39m ?[35m18216?[0;39m ?[2m---?[0;39m ?[2m[io-28852-exec-4]?[0;39m ?[36mo.s.security.web.FilterChainProxy       ?[0;39m ?[2m:?[0;39m Invoking DisableEncodeUrlFilter (1/12)
?[0m?[0;34m?[2m2023-08-22T13:43:46.050+02:00?[0;39m ?[32mTRACE?[0;39m ?[35m18216?[0;39m ?[2m---?[0;39m ?[2m[io-28852-exec-4]?[0;39m ?[36mo.s.security.web.FilterChainProxy       ?[0;39m ?[2m:?[0;39m Invoking WebAsyncManagerIntegrationFilter (2/12)
?[0m?[0;34m?[2m2023-08-22T13:43:46.050+02:00?[0;39m ?[32mTRACE?[0;39m ?[35m18216?[0;39m ?[2m---?[0;39m ?[2m[io-28852-exec-4]?[0;39m ?[36mo.s.security.web.FilterChainProxy       ?[0;39m ?[2m:?[0;39m Invoking SecurityContextHolderFilter (3/12)
?[0m?[0;34m?[2m2023-08-22T13:43:46.050+02:00?[0;39m ?[32mTRACE?[0;39m ?[35m18216?[0;39m ?[2m---?[0;39m ?[2m[io-28852-exec-4]?[0;39m ?[36mo.s.security.web.FilterChainProxy       ?[0;39m ?[2m:?[0;39m Invoking HeaderWriterFilter (4/12)
?[0m?[0;34m?[2m2023-08-22T13:43:46.050+02:00?[0;39m ?[32mTRACE?[0;39m ?[35m18216?[0;39m ?[2m---?[0;39m ?[2m[io-28852-exec-4]?[0;39m ?[36mo.s.security.web.FilterChainProxy       ?[0;39m ?[2m:?[0;39m Invoking LogoutFilter (5/12)
?[0m?[0;34m?[2m2023-08-22T13:43:46.050+02:00?[0;39m ?[32mTRACE?[0;39m ?[35m18216?[0;39m ?[2m---?[0;39m ?[2m[io-28852-exec-4]?[0;39m ?[36mo.s.s.w.a.logout.LogoutFilter           ?[0;39m ?[2m:?[0;39m Did not match request to Or [Ant [pattern='/logout', GET], Ant [pattern='/logout', POST], Ant [pattern='/logout', PUT], Ant [pattern='/logout', DELETE]]
?[0m?[0;34m?[2m2023-08-22T13:43:46.050+02:00?[0;39m ?[32mTRACE?[0;39m ?[35m18216?[0;39m ?[2m---?[0;39m ?[2m[io-28852-exec-4]?[0;39m ?[36mo.s.security.web.FilterChainProxy       ?[0;39m ?[2m:?[0;39m Invoking BasicAuthenticationFilter (6/12)
?[0m?[0;34m?[2m2023-08-22T13:43:46.050+02:00?[0;39m ?[32mTRACE?[0;39m ?[35m18216?[0;39m ?[2m---?[0;39m ?[2m[io-28852-exec-4]?[0;39m ?[36mo.s.s.w.a.www.BasicAuthenticationFilter ?[0;39m ?[2m:?[0;39m Found username 'JohnDoe@acme.com' in Basic Authorization header
?[0m?[0;34m?[2m2023-08-22T13:43:46.050+02:00?[0;39m ?[32mTRACE?[0;39m ?[35m18216?[0;39m ?[2m---?[0;39m ?[2m[io-28852-exec-4]?[0;39m ?[36m.s.s.w.c.SupplierDeferredSecurityContext?[0;39m ?[2m:?[0;39m Created SecurityContextImpl [Null authentication]
?[0m?[0;34m?[2m2023-08-22T13:43:46.050+02:00?[0;39m ?[32mTRACE?[0;39m ?[35m18216?[0;39m ?[2m---?[0;39m ?[2m[io-28852-exec-4]?[0;39m ?[36mo.s.s.authentication.ProviderManager    ?[0;39m ?[2m:?[0;39m Authenticating request with DaoAuthenticationProvider (1/1)
?[0m?[0;34mHibernate: select u1_0.id,u1_0.email,u1_0.lastname,u1_0.name,u1_0.password from users u1_0 where upper(u1_0.email)=upper(?)
?[0m?[0;34m?[2m2023-08-22T13:43:46.108+02:00?[0;39m ?[32mDEBUG?[0;39m ?[35m18216?[0;39m ?[2m---?[0;39m ?[2m[io-28852-exec-4]?[0;39m ?[36mo.s.s.a.dao.DaoAuthenticationProvider   ?[0;39m ?[2m:?[0;39m Authenticated user
?[0m?[0;34m?[2m2023-08-22T13:43:46.109+02:00?[0;39m ?[32mDEBUG?[0;39m ?[35m18216?[0;39m ?[2m---?[0;39m ?[2m[io-28852-exec-4]?[0;39m ?[36mo.s.s.w.a.www.BasicAuthenticationFilter ?[0;39m ?[2m:?[0;39m Set SecurityContextHolder to UsernamePasswordAuthenticationToken [Principal=account.businesslayer.security.UserAdapter@621e75ca, Credentials=[PROTECTED], Authenticated=true, Details=WebAuthenticationDetails [RemoteIpAddress=127.0.0.1, SessionId=null], Granted Authorities=[ROLE_USER]]
?[0m?[0;34m?[2m2023-08-22T13:43:46.109+02:00?[0;39m ?[32mTRACE?[0;39m ?[35m18216?[0;39m ?[2m---?[0;39m ?[2m[io-28852-exec-4]?[0;39m ?[36mo.s.security.web.FilterChainProxy       ?[0;39m ?[2m:?[0;39m Invoking RequestCacheAwareFilter (7/12)
?[0m?[0;34m?[2m2023-08-22T13:43:46.109+02:00?[0;39m ?[32mTRACE?[0;39m ?[35m18216?[0;39m ?[2m---?[0;39m ?[2m[io-28852-exec-4]?[0;39m ?[36mo.s.security.web.FilterChainProxy       ?[0;39m ?[2m:?[0;39m Invoking SecurityContextHolderAwareRequestFilter (8/12)
?[0m?[0;34m?[2m2023-08-22T13:43:46.109+02:00?[0;39m ?[32mTRACE?[0;39m ?[35m18216?[0;39m ?[2m---?[0;39m ?[2m[io-28852-exec-4]?[0;39m ?[36mo.s.security.web.FilterChainProxy       ?[0;39m ?[2m:?[0;39m Invoking AnonymousAuthenticationFilter (9/12)
?[0m?[0;34m?[2m2023-08-22T13:43:46.109+02:00?[0;39m ?[32mTRACE?[0;39m ?[35m18216?[0;39m ?[2m---?[0;39m ?[2m[io-28852-exec-4]?[0;39m ?[36mo.s.security.web.FilterChainProxy       ?[0;39m ?[2m:?[0;39m Invoking SessionManagementFilter (10/12)
?[0m?[0;34m?[2m2023-08-22T13:43:46.109+02:00?[0;39m ?[32mTRACE?[0;39m ?[35m18216?[0;39m ?[2m---?[0;39m ?[2m[io-28852-exec-4]?[0;39m ?[36mo.s.s.w.a.AnonymousAuthenticationFilter ?[0;39m ?[2m:?[0;39m Did not set SecurityContextHolder since already authenticated UsernamePasswordAuthenticationToken [Principal=account.businesslayer.security.UserAdapter@621e75ca, Credentials=[PROTECTED], Authenticated=true, Details=WebAuthenticationDetails [RemoteIpAddress=127.0.0.1, SessionId=null], Granted Authorities=[ROLE_USER]]
?[0m?[0;34m?[2m2023-08-22T13:43:46.109+02:00?[0;39m ?[32mTRACE?[0;39m ?[35m18216?[0;39m ?[2m---?[0;39m ?[2m[io-28852-exec-4]?[0;39m ?[36ms.CompositeSessionAuthenticationStrategy?[0;39m ?[2m:?[0;39m Preparing session with ChangeSessionIdAuthenticationStrategy (1/1)
?[0m?[0;34m?[2m2023-08-22T13:43:46.109+02:00?[0;39m ?[32mTRACE?[0;39m ?[35m18216?[0;39m ?[2m---?[0;39m ?[2m[io-28852-exec-4]?[0;39m ?[36mo.s.security.web.FilterChainProxy       ?[0;39m ?[2m:?[0;39m Invoking ExceptionTranslationFilter (11/12)
?[0m?[0;34m?[2m2023-08-22T13:43:46.109+02:00?[0;39m ?[32mTRACE?[0;39m ?[35m18216?[0;39m ?[2m---?[0;39m ?[2m[io-28852-exec-4]?[0;39m ?[36mo.s.security.web.FilterChainProxy       ?[0;39m ?[2m:?[0;39m Invoking AuthorizationFilter (12/12)
?[0m?[0;34m?[2m2023-08-22T13:43:46.109+02:00?[0;39m ?[32mTRACE?[0;39m ?[35m18216?[0;39m ?[2m---?[0;39m ?[2m[io-28852-exec-4]?[0;39m ?[36mestMatcherDelegatingAuthorizationManager?[0;39m ?[2m:?[0;39m Authorizing SecurityContextHolderAwareRequestWrapper[ org.springframework.security.web.header.HeaderWriterFilter$HeaderWriterRequest@113a8f58]
?[0m?[0;34m?[2m2023-08-22T13:43:46.109+02:00?[0;39m ?[32mTRACE?[0;39m ?[35m18216?[0;39m ?[2m---?[0;39m ?[2m[io-28852-exec-4]?[0;39m ?[36mestMatcherDelegatingAuthorizationManager?[0;39m ?[2m:?[0;39m Checking authorization on SecurityContextHolderAwareRequestWrapper[ org.springframework.security.web.header.HeaderWriterFilter$HeaderWriterRequest@113a8f58] using org.springframework.security.authorization.AuthenticatedAuthorizationManager@65549294
?[0m?[0;34m?[2m2023-08-22T13:43:46.110+02:00?[0;39m ?[32mDEBUG?[0;39m ?[35m18216?[0;39m ?[2m---?[0;39m ?[2m[io-28852-exec-4]?[0;39m ?[36mo.s.security.web.FilterChainProxy       ?[0;39m ?[2m:?[0;39m Secured POST /api/auth/changepass
?[0m?[0;34mHibernate: select u1_0.id,u1_0.email,u1_0.lastname,u1_0.name,u1_0.password from users u1_0 where upper(u1_0.email)=upper(?)
?[0m?[0;34m?[2m2023-08-22T13:43:46.169+02:00?[0;39m ?[32mTRACE?[0;39m ?[35m18216?[0;39m ?[2m---?[0;39m ?[2m[io-28852-exec-4]?[0;39m ?[36mo.s.s.w.header.writers.HstsHeaderWriter ?[0;39m ?[2m:?[0;39m Not injecting HSTS header since it did not match request to [Is Secure]
?[0m?[0;34m?[2m2023-08-22T13:43:46.170+02:00?[0;39m ?[32mTRACE?[0;39m ?[35m18216?[0;39m ?[2m---?[0;39m ?[2m[io-28852-exec-4]?[0;39m ?[36mo.s.security.web.FilterChainProxy       ?[0;39m ?[2m:?[0;39m Trying to match request against DefaultSecurityFilterChain [RequestMatcher=any request, Filters=[org.springframework.security.web.session.DisableEncodeUrlFilter@5d51203b, org.springframework.security.web.context.request.async.WebAsyncManagerIntegrationFilter@32be672d, org.springframework.security.web.context.SecurityContextHolderFilter@74f54f8e, org.springframework.security.web.header.HeaderWriterFilter@157ff8f8, org.springframework.security.web.authentication.logout.LogoutFilter@72364a40, org.springframework.security.web.authentication.www.BasicAuthenticationFilter@a23b96b, org.springframework.security.web.savedrequest.RequestCacheAwareFilter@59b8a801, org.springframework.security.web.servletapi.SecurityContextHolderAwareRequestFilter@5aa026e9, org.springframework.security.web.authentication.AnonymousAuthenticationFilter@23e54c8a, org.springframework.security.web.session.SessionManagementFilter@79e3f444, org.springframework.security.web.access.ExceptionTranslationFilter@17a756db, org.springframework.security.web.access.intercept.AuthorizationFilter@55e75ce0]] (1/1)
?[0m?[0;34m?[2m2023-08-22T13:43:46.170+02:00?[0;39m ?[32mDEBUG?[0;39m ?[35m18216?[0;39m ?[2m---?[0;39m ?[2m[io-28852-exec-4]?[0;39m ?[36mo.s.security.web.FilterChainProxy       ?[0;39m ?[2m:?[0;39m Securing POST /error
?[0m?[0;34m?[2m2023-08-22T13:43:46.170+02:00?[0;39m ?[32mTRACE?[0;39m ?[35m18216?[0;39m ?[2m---?[0;39m ?[2m[io-28852-exec-4]?[0;39m ?[36mo.s.security.web.FilterChainProxy       ?[0;39m ?[2m:?[0;39m Invoking DisableEncodeUrlFilter (1/12)
?[0m?[0;34m?[2m2023-08-22T13:43:46.170+02:00?[0;39m ?[32mTRACE?[0;39m ?[35m18216?[0;39m ?[2m---?[0;39m ?[2m[io-28852-exec-4]?[0;39m ?[36mo.s.security.web.FilterChainProxy       ?[0;39m ?[2m:?[0;39m Invoking WebAsyncManagerIntegrationFilter (2/12)
?[0m?[0;34m?[2m2023-08-22T13:43:46.170+02:00?[0;39m ?[32mTRACE?[0;39m ?[35m18216?[0;39m ?[2m---?[0;39m ?[2m[io-28852-exec-4]?[0;39m ?[36mo.s.security.web.FilterChainProxy       ?[0;39m ?[2m:?[0;39m Invoking SecurityContextHolderFilter (3/12)
?[0m?[0;34m?[2m2023-08-22T13:43:46.170+02:00?[0;39m ?[32mTRACE?[0;39m ?[35m18216?[0;39m ?[2m---?[0;39m ?[2m[io-28852-exec-4]?[0;39m ?[36mo.s.security.web.FilterChainProxy       ?[0;39m ?[2m:?[0;39m Invoking HeaderWriterFilter (4/12)
?[0m?[0;34m?[2m2023-08-22T13:43:46.170+02:00?[0;39m ?[32mTRACE?[0;39m ?[35m18216?[0;39m ?[2m---?[0;39m ?[2m[io-28852-exec-4]?[0;39m ?[36mo.s.security.web.FilterChainProxy       ?[0;39m ?[2m:?[0;39m Invoking LogoutFilter (5/12)
?[0m?[0;34m?[2m2023-08-22T13:43:46.170+02:00?[0;39m ?[32mTRACE?[0;39m ?[35m18216?[0;39m ?[2m---?[0;39m ?[2m[io-28852-exec-4]?[0;39m ?[36mo.s.s.w.a.logout.LogoutFilter           ?[0;39m ?[2m:?[0;39m Did not match request to Or [Ant [pattern='/logout', GET], Ant [pattern='/logout', POST], Ant [pattern='/logout', PUT], Ant [pattern='/logout', DELETE]]
?[0m?[0;34m?[2m2023-08-22T13:43:46.170+02:00?[0;39m ?[32mTRACE?[0;39m ?[35m18216?[0;39m ?[2m---?[0;39m ?[2m[io-28852-exec-4]?[0;39m ?[36mo.s.security.web.FilterChainProxy       ?[0;39m ?[2m:?[0;39m Invoking BasicAuthenticationFilter (6/12)
?[0m?[0;34m?[2m2023-08-22T13:43:46.170+02:00?[0;39m ?[32mTRACE?[0;39m ?[35m18216?[0;39m ?[2m---?[0;39m ?[2m[io-28852-exec-4]?[0;39m ?[36mo.s.security.web.FilterChainProxy       ?[0;39m ?[2m:?[0;39m Invoking RequestCacheAwareFilter (7/12)
?[0m?[0;34m?[2m2023-08-22T13:43:46.170+02:00?[0;39m ?[32mTRACE?[0;39m ?[35m18216?[0;39m ?[2m---?[0;39m ?[2m[io-28852-exec-4]?[0;39m ?[36mo.s.security.web.FilterChainProxy       ?[0;39m ?[2m:?[0;39m Invoking SecurityContextHolderAwareRequestFilter (8/12)
?[0m?[0;34m?[2m2023-08-22T13:43:46.170+02:00?[0;39m ?[32mTRACE?[0;39m ?[35m18216?[0;39m ?[2m---?[0;39m ?[2m[io-28852-exec-4]?[0;39m ?[36mo.s.security.web.FilterChainProxy       ?[0;39m ?[2m:?[0;39m Invoking AnonymousAuthenticationFilter (9/12)
?[0m?[0;34m?[2m2023-08-22T13:43:46.170+02:00?[0;39m ?[32mTRACE?[0;39m ?[35m18216?[0;39m ?[2m---?[0;39m ?[2m[io-28852-exec-4]?[0;39m ?[36mo.s.security.web.FilterChainProxy       ?[0;39m ?[2m:?[0;39m Invoking SessionManagementFilter (10/12)
?[0m?[0;34m?[2m2023-08-22T13:43:46.170+02:00?[0;39m ?[32mTRACE?[0;39m ?[35m18216?[0;39m ?[2m---?[0;39m ?[2m[io-28852-exec-4]?[0;39m ?[36mo.s.security.web.FilterChainProxy       ?[0;39m ?[2m:?[0;39m Invoking ExceptionTranslationFilter (11/12)
?[0m?[0;34m?[2m2023-08-22T13:43:46.170+02:00?[0;39m ?[32mTRACE?[0;39m ?[35m18216?[0;39m ?[2m---?[0;39m ?[2m[io-28852-exec-4]?[0;39m ?[36mo.s.security.web.FilterChainProxy       ?[0;39m ?[2m:?[0;39m Invoking AuthorizationFilter (12/12)
?[0m?[0;34m?[2m2023-08-22T13:43:46.170+02:00?[0;39m ?[32mTRACE?[0;39m ?[35m18216?[0;39m ?[2m---?[0;39m ?[2m[io-28852-exec-4]?[0;39m ?[36mestMatcherDelegatingAuthorizationManager?[0;39m ?[2m:?[0;39m Authorizing SecurityContextHolderAwareRequestWrapper[ FirewalledRequest[ org.apache.catalina.core.ApplicationHttpRequest@971dd32]]
?[0m?[0;34m?[2m2023-08-22T13:43:46.171+02:00?[0;39m ?[32mTRACE?[0;39m ?[35m18216?[0;39m ?[2m---?[0;39m ?[2m[io-28852-exec-4]?[0;39m ?[36mestMatcherDelegatingAuthorizationManager?[0;39m ?[2m:?[0;39m Checking authorization on SecurityContextHolderAwareRequestWrapper[ FirewalledRequest[ org.apache.catalina.core.ApplicationHttpRequest@971dd32]] using org.springframework.security.config.annotation.web.configurers.AuthorizeHttpRequestsConfigurer$$Lambda$1316/0x0000000100a4d140@528cc85a
?[0m?[0;34m?[2m2023-08-22T13:43:46.171+02:00?[0;39m ?[32mDEBUG?[0;39m ?[35m18216?[0;39m ?[2m---?[0;39m ?[2m[io-28852-exec-4]?[0;39m ?[36mo.s.security.web.FilterChainProxy       ?[0;39m ?[2m:?[0;39m Secured POST /error
?[0m?[0;34m?[2m2023-08-22T13:43:46.171+02:00?[0;39m ?[32mTRACE?[0;39m ?[35m18216?[0;39m ?[2m---?[0;39m ?[2m[io-28852-exec-4]?[0;39m ?[36mo.s.s.w.a.AnonymousAuthenticationFilter ?[0;39m ?[2m:?[0;39m Did not set SecurityContextHolder since already authenticated UsernamePasswordAuthenticationToken [Principal=account.businesslayer.security.UserAdapter@621e75ca, Credentials=[PROTECTED], Authenticated=true, Details=WebAuthenticationDetails [RemoteIpAddress=127.0.0.1, SessionId=null], Granted Authorities=[ROLE_USER]]
?[1;31m
Start test 43?[0m
?[0m?[0;34m?[2m2023-08-22T13:43:46.177+02:00?[0;39m ?[32mTRACE?[0;39m ?[35m18216?[0;39m ?[2m---?[0;39m ?[2m[io-28852-exec-6]?[0;39m ?[36mo.s.security.web.FilterChainProxy       ?[0;39m ?[2m:?[0;39m Trying to match request against DefaultSecurityFilterChain [RequestMatcher=any request, Filters=[org.springframework.security.web.session.DisableEncodeUrlFilter@5d51203b, org.springframework.security.web.context.request.async.WebAsyncManagerIntegrationFilter@32be672d, org.springframework.security.web.context.SecurityContextHolderFilter@74f54f8e, org.springframework.security.web.header.HeaderWriterFilter@157ff8f8, org.springframework.security.web.authentication.logout.LogoutFilter@72364a40, org.springframework.security.web.authentication.www.BasicAuthenticationFilter@a23b96b, org.springframework.security.web.savedrequest.RequestCacheAwareFilter@59b8a801, org.springframework.security.web.servletapi.SecurityContextHolderAwareRequestFilter@5aa026e9, org.springframework.security.web.authentication.AnonymousAuthenticationFilter@23e54c8a, org.springframework.security.web.session.SessionManagementFilter@79e3f444, org.springframework.security.web.access.ExceptionTranslationFilter@17a756db, org.springframework.security.web.access.intercept.AuthorizationFilter@55e75ce0]] (1/1)
?[0m?[0;34m?[2m2023-08-22T13:43:46.177+02:00?[0;39m ?[32mDEBUG?[0;39m ?[35m18216?[0;39m ?[2m---?[0;39m ?[2m[io-28852-exec-6]?[0;39m ?[36mo.s.security.web.FilterChainProxy       ?[0;39m ?[2m:?[0;39m Securing POST /api/auth/changepass
?[0m?[0;34m?[2m2023-08-22T13:43:46.177+02:00?[0;39m ?[32mTRACE?[0;39m ?[35m18216?[0;39m ?[2m---?[0;39m ?[2m[io-28852-exec-6]?[0;39m ?[36mo.s.security.web.FilterChainProxy       ?[0;39m ?[2m:?[0;39m Invoking DisableEncodeUrlFilter (1/12)
?[0m?[0;34m?[2m2023-08-22T13:43:46.177+02:00?[0;39m ?[32mTRACE?[0;39m ?[35m18216?[0;39m ?[2m---?[0;39m ?[2m[io-28852-exec-6]?[0;39m ?[36mo.s.security.web.FilterChainProxy       ?[0;39m ?[2m:?[0;39m Invoking WebAsyncManagerIntegrationFilter (2/12)
?[0m?[0;34m?[2m2023-08-22T13:43:46.177+02:00?[0;39m ?[32mTRACE?[0;39m ?[35m18216?[0;39m ?[2m---?[0;39m ?[2m[io-28852-exec-6]?[0;39m ?[36mo.s.security.web.FilterChainProxy       ?[0;39m ?[2m:?[0;39m Invoking SecurityContextHolderFilter (3/12)
?[0m?[0;34m?[2m2023-08-22T13:43:46.177+02:00?[0;39m ?[32mTRACE?[0;39m ?[35m18216?[0;39m ?[2m---?[0;39m ?[2m[io-28852-exec-6]?[0;39m ?[36mo.s.security.web.FilterChainProxy       ?[0;39m ?[2m:?[0;39m Invoking HeaderWriterFilter (4/12)
?[0m?[0;34m?[2m2023-08-22T13:43:46.177+02:00?[0;39m ?[32mTRACE?[0;39m ?[35m18216?[0;39m ?[2m---?[0;39m ?[2m[io-28852-exec-6]?[0;39m ?[36mo.s.security.web.FilterChainProxy       ?[0;39m ?[2m:?[0;39m Invoking LogoutFilter (5/12)
?[0m?[0;34m?[2m2023-08-22T13:43:46.177+02:00?[0;39m ?[32mTRACE?[0;39m ?[35m18216?[0;39m ?[2m---?[0;39m ?[2m[io-28852-exec-6]?[0;39m ?[36mo.s.s.w.a.logout.LogoutFilter           ?[0;39m ?[2m:?[0;39m Did not match request to Or [Ant [pattern='/logout', GET], Ant [pattern='/logout', POST], Ant [pattern='/logout', PUT], Ant [pattern='/logout', DELETE]]
?[0m?[0;34m?[2m2023-08-22T13:43:46.177+02:00?[0;39m ?[32mTRACE?[0;39m ?[35m18216?[0;39m ?[2m---?[0;39m ?[2m[io-28852-exec-6]?[0;39m ?[36mo.s.security.web.FilterChainProxy       ?[0;39m ?[2m:?[0;39m Invoking BasicAuthenticationFilter (6/12)
?[0m?[0;34m?[2m2023-08-22T13:43:46.177+02:00?[0;39m ?[32mTRACE?[0;39m ?[35m18216?[0;39m ?[2m---?[0;39m ?[2m[io-28852-exec-6]?[0;39m ?[36mo.s.s.w.a.www.BasicAuthenticationFilter ?[0;39m ?[2m:?[0;39m Found username 'JohnDoe@acme.com' in Basic Authorization header
?[0m?[0;34m?[2m2023-08-22T13:43:46.177+02:00?[0;39m ?[32mTRACE?[0;39m ?[35m18216?[0;39m ?[2m---?[0;39m ?[2m[io-28852-exec-6]?[0;39m ?[36m.s.s.w.c.SupplierDeferredSecurityContext?[0;39m ?[2m:?[0;39m Created SecurityContextImpl [Null authentication]
?[0m?[0;34m?[2m2023-08-22T13:43:46.177+02:00?[0;39m ?[32mTRACE?[0;39m ?[35m18216?[0;39m ?[2m---?[0;39m ?[2m[io-28852-exec-6]?[0;39m ?[36mo.s.s.authentication.ProviderManager    ?[0;39m ?[2m:?[0;39m Authenticating request with DaoAuthenticationProvider (1/1)
?[0m?[0;34mHibernate: select u1_0.id,u1_0.email,u1_0.lastname,u1_0.name,u1_0.password from users u1_0 where upper(u1_0.email)=upper(?)
?[0m?[0;34m?[2m2023-08-22T13:43:46.237+02:00?[0;39m ?[32mDEBUG?[0;39m ?[35m18216?[0;39m ?[2m---?[0;39m ?[2m[io-28852-exec-6]?[0;39m ?[36mo.s.s.a.dao.DaoAuthenticationProvider   ?[0;39m ?[2m:?[0;39m Authenticated user
?[0m?[0;34m?[2m2023-08-22T13:43:46.237+02:00?[0;39m ?[32mDEBUG?[0;39m ?[35m18216?[0;39m ?[2m---?[0;39m ?[2m[io-28852-exec-6]?[0;39m ?[36mo.s.s.w.a.www.BasicAuthenticationFilter ?[0;39m ?[2m:?[0;39m Set SecurityContextHolder to UsernamePasswordAuthenticationToken [Principal=account.businesslayer.security.UserAdapter@266c2f16, Credentials=[PROTECTED], Authenticated=true, Details=WebAuthenticationDetails [RemoteIpAddress=127.0.0.1, SessionId=null], Granted Authorities=[ROLE_USER]]
?[0m?[0;34m?[2m2023-08-22T13:43:46.237+02:00?[0;39m ?[32mTRACE?[0;39m ?[35m18216?[0;39m ?[2m---?[0;39m ?[2m[io-28852-exec-6]?[0;39m ?[36mo.s.security.web.FilterChainProxy       ?[0;39m ?[2m:?[0;39m Invoking RequestCacheAwareFilter (7/12)
?[0m?[0;34m?[2m2023-08-22T13:43:46.237+02:00?[0;39m ?[32mTRACE?[0;39m ?[35m18216?[0;39m ?[2m---?[0;39m ?[2m[io-28852-exec-6]?[0;39m ?[36mo.s.security.web.FilterChainProxy       ?[0;39m ?[2m:?[0;39m Invoking SecurityContextHolderAwareRequestFilter (8/12)
?[0m?[0;34m?[2m2023-08-22T13:43:46.237+02:00?[0;39m ?[32mTRACE?[0;39m ?[35m18216?[0;39m ?[2m---?[0;39m ?[2m[io-28852-exec-6]?[0;39m ?[36mo.s.security.web.FilterChainProxy       ?[0;39m ?[2m:?[0;39m Invoking AnonymousAuthenticationFilter (9/12)
?[0m?[0;34m?[2m2023-08-22T13:43:46.237+02:00?[0;39m ?[32mTRACE?[0;39m ?[35m18216?[0;39m ?[2m---?[0;39m ?[2m[io-28852-exec-6]?[0;39m ?[36mo.s.security.web.FilterChainProxy       ?[0;39m ?[2m:?[0;39m Invoking SessionManagementFilter (10/12)
?[0m?[0;34m?[2m2023-08-22T13:43:46.237+02:00?[0;39m ?[32mTRACE?[0;39m ?[35m18216?[0;39m ?[2m---?[0;39m ?[2m[io-28852-exec-6]?[0;39m ?[36mo.s.s.w.a.AnonymousAuthenticationFilter ?[0;39m ?[2m:?[0;39m Did not set SecurityContextHolder since already authenticated UsernamePasswordAuthenticationToken [Principal=account.businesslayer.security.UserAdapter@266c2f16, Credentials=[PROTECTED], Authenticated=true, Details=WebAuthenticationDetails [RemoteIpAddress=127.0.0.1, SessionId=null], Granted Authorities=[ROLE_USER]]
?[0m?[0;34m?[2m2023-08-22T13:43:46.237+02:00?[0;39m ?[32mTRACE?[0;39m ?[35m18216?[0;39m ?[2m---?[0;39m ?[2m[io-28852-exec-6]?[0;39m ?[36ms.CompositeSessionAuthenticationStrategy?[0;39m ?[2m:?[0;39m Preparing session with ChangeSessionIdAuthenticationStrategy (1/1)
?[0m?[0;34m?[2m2023-08-22T13:43:46.237+02:00?[0;39m ?[32mTRACE?[0;39m ?[35m18216?[0;39m ?[2m---?[0;39m ?[2m[io-28852-exec-6]?[0;39m ?[36mo.s.security.web.FilterChainProxy       ?[0;39m ?[2m:?[0;39m Invoking ExceptionTranslationFilter (11/12)
?[0m?[0;34m?[2m2023-08-22T13:43:46.237+02:00?[0;39m ?[32mTRACE?[0;39m ?[35m18216?[0;39m ?[2m---?[0;39m ?[2m[io-28852-exec-6]?[0;39m ?[36mo.s.security.web.FilterChainProxy       ?[0;39m ?[2m:?[0;39m Invoking AuthorizationFilter (12/12)
?[0m?[0;34m?[2m2023-08-22T13:43:46.237+02:00?[0;39m ?[32mTRACE?[0;39m ?[35m18216?[0;39m ?[2m---?[0;39m ?[2m[io-28852-exec-6]?[0;39m ?[36mestMatcherDelegatingAuthorizationManager?[0;39m ?[2m:?[0;39m Authorizing SecurityContextHolderAwareRequestWrapper[ org.springframework.security.web.header.HeaderWriterFilter$HeaderWriterRequest@22d5f73d]
?[0m?[0;34m?[2m2023-08-22T13:43:46.238+02:00?[0;39m ?[32mTRACE?[0;39m ?[35m18216?[0;39m ?[2m---?[0;39m ?[2m[io-28852-exec-6]?[0;39m ?[36mestMatcherDelegatingAuthorizationManager?[0;39m ?[2m:?[0;39m Checking authorization on SecurityContextHolderAwareRequestWrapper[ org.springframework.security.web.header.HeaderWriterFilter$HeaderWriterRequest@22d5f73d] using org.springframework.security.authorization.AuthenticatedAuthorizationManager@65549294
?[0m?[0;34m?[2m2023-08-22T13:43:46.238+02:00?[0;39m ?[32mDEBUG?[0;39m ?[35m18216?[0;39m ?[2m---?[0;39m ?[2m[io-28852-exec-6]?[0;39m ?[36mo.s.security.web.FilterChainProxy       ?[0;39m ?[2m:?[0;39m Secured POST /api/auth/changepass
?[0m?[0;34m?[2m2023-08-22T13:43:46.239+02:00?[0;39m ?[32mTRACE?[0;39m ?[35m18216?[0;39m ?[2m---?[0;39m ?[2m[io-28852-exec-6]?[0;39m ?[36mo.s.s.w.header.writers.HstsHeaderWriter ?[0;39m ?[2m:?[0;39m Not injecting HSTS header since it did not match request to [Is Secure]
?[0m?[0;34m?[2m2023-08-22T13:43:46.239+02:00?[0;39m ?[32mTRACE?[0;39m ?[35m18216?[0;39m ?[2m---?[0;39m ?[2m[io-28852-exec-6]?[0;39m ?[36mo.s.security.web.FilterChainProxy       ?[0;39m ?[2m:?[0;39m Trying to match request against DefaultSecurityFilterChain [RequestMatcher=any request, Filters=[org.springframework.security.web.session.DisableEncodeUrlFilter@5d51203b, org.springframework.security.web.context.request.async.WebAsyncManagerIntegrationFilter@32be672d, org.springframework.security.web.context.SecurityContextHolderFilter@74f54f8e, org.springframework.security.web.header.HeaderWriterFilter@157ff8f8, org.springframework.security.web.authentication.logout.LogoutFilter@72364a40, org.springframework.security.web.authentication.www.BasicAuthenticationFilter@a23b96b, org.springframework.security.web.savedrequest.RequestCacheAwareFilter@59b8a801, org.springframework.security.web.servletapi.SecurityContextHolderAwareRequestFilter@5aa026e9, org.springframework.security.web.authentication.AnonymousAuthenticationFilter@23e54c8a, org.springframework.security.web.session.SessionManagementFilter@79e3f444, org.springframework.security.web.access.ExceptionTranslationFilter@17a756db, org.springframework.security.web.access.intercept.AuthorizationFilter@55e75ce0]] (1/1)
?[0m?[0;34m?[2m2023-08-22T13:43:46.239+02:00?[0;39m ?[32mDEBUG?[0;39m ?[35m18216?[0;39m ?[2m---?[0;39m ?[2m[io-28852-exec-6]?[0;39m ?[36mo.s.security.web.FilterChainProxy       ?[0;39m ?[2m:?[0;39m Securing POST /error
?[0m?[0;34m?[2m2023-08-22T13:43:46.239+02:00?[0;39m ?[32mTRACE?[0;39m ?[35m18216?[0;39m ?[2m---?[0;39m ?[2m[io-28852-exec-6]?[0;39m ?[36mo.s.security.web.FilterChainProxy       ?[0;39m ?[2m:?[0;39m Invoking DisableEncodeUrlFilter (1/12)
?[0m?[0;34m?[2m2023-08-22T13:43:46.239+02:00?[0;39m ?[32mTRACE?[0;39m ?[35m18216?[0;39m ?[2m---?[0;39m ?[2m[io-28852-exec-6]?[0;39m ?[36mo.s.security.web.FilterChainProxy       ?[0;39m ?[2m:?[0;39m Invoking WebAsyncManagerIntegrationFilter (2/12)
?[0m?[0;34m?[2m2023-08-22T13:43:46.239+02:00?[0;39m ?[32mTRACE?[0;39m ?[35m18216?[0;39m ?[2m---?[0;39m ?[2m[io-28852-exec-6]?[0;39m ?[36mo.s.security.web.FilterChainProxy       ?[0;39m ?[2m:?[0;39m Invoking SecurityContextHolderFilter (3/12)
?[0m?[0;34m?[2m2023-08-22T13:43:46.239+02:00?[0;39m ?[32mTRACE?[0;39m ?[35m18216?[0;39m ?[2m---?[0;39m ?[2m[io-28852-exec-6]?[0;39m ?[36mo.s.security.web.FilterChainProxy       ?[0;39m ?[2m:?[0;39m Invoking HeaderWriterFilter (4/12)
?[0m?[0;34m?[2m2023-08-22T13:43:46.240+02:00?[0;39m ?[32mTRACE?[0;39m ?[35m18216?[0;39m ?[2m---?[0;39m ?[2m[io-28852-exec-6]?[0;39m ?[36mo.s.security.web.FilterChainProxy       ?[0;39m ?[2m:?[0;39m Invoking LogoutFilter (5/12)
?[0m?[0;34m?[2m2023-08-22T13:43:46.240+02:00?[0;39m ?[32mTRACE?[0;39m ?[35m18216?[0;39m ?[2m---?[0;39m ?[2m[io-28852-exec-6]?[0;39m ?[36mo.s.s.w.a.logout.LogoutFilter           ?[0;39m ?[2m:?[0;39m Did not match request to Or [Ant [pattern='/logout', GET], Ant [pattern='/logout', POST], Ant [pattern='/logout', PUT], Ant [pattern='/logout', DELETE]]
?[0m?[0;34m?[2m2023-08-22T13:43:46.240+02:00?[0;39m ?[32mTRACE?[0;39m ?[35m18216?[0;39m ?[2m---?[0;39m ?[2m[io-28852-exec-6]?[0;39m ?[36mo.s.security.web.FilterChainProxy       ?[0;39m ?[2m:?[0;39m Invoking BasicAuthenticationFilter (6/12)
?[0m?[0;34m?[2m2023-08-22T13:43:46.240+02:00?[0;39m ?[32mTRACE?[0;39m ?[35m18216?[0;39m ?[2m---?[0;39m ?[2m[io-28852-exec-6]?[0;39m ?[36mo.s.security.web.FilterChainProxy       ?[0;39m ?[2m:?[0;39m Invoking RequestCacheAwareFilter (7/12)
?[0m?[0;34m?[2m2023-08-22T13:43:46.240+02:00?[0;39m ?[32mTRACE?[0;39m ?[35m18216?[0;39m ?[2m---?[0;39m ?[2m[io-28852-exec-6]?[0;39m ?[36mo.s.security.web.FilterChainProxy       ?[0;39m ?[2m:?[0;39m Invoking SecurityContextHolderAwareRequestFilter (8/12)
?[0m?[0;34m?[2m2023-08-22T13:43:46.240+02:00?[0;39m ?[32mTRACE?[0;39m ?[35m18216?[0;39m ?[2m---?[0;39m ?[2m[io-28852-exec-6]?[0;39m ?[36mo.s.security.web.FilterChainProxy       ?[0;39m ?[2m:?[0;39m Invoking AnonymousAuthenticationFilter (9/12)
?[0m?[0;34m?[2m2023-08-22T13:43:46.240+02:00?[0;39m ?[32mTRACE?[0;39m ?[35m18216?[0;39m ?[2m---?[0;39m ?[2m[io-28852-exec-6]?[0;39m ?[36mo.s.security.web.FilterChainProxy       ?[0;39m ?[2m:?[0;39m Invoking SessionManagementFilter (10/12)
?[0m?[0;34m?[2m2023-08-22T13:43:46.240+02:00?[0;39m ?[32mTRACE?[0;39m ?[35m18216?[0;39m ?[2m---?[0;39m ?[2m[io-28852-exec-6]?[0;39m ?[36mo.s.security.web.FilterChainProxy       ?[0;39m ?[2m:?[0;39m Invoking ExceptionTranslationFilter (11/12)
?[0m?[0;34m?[2m2023-08-22T13:43:46.240+02:00?[0;39m ?[32mTRACE?[0;39m ?[35m18216?[0;39m ?[2m---?[0;39m ?[2m[io-28852-exec-6]?[0;39m ?[36mo.s.security.web.FilterChainProxy       ?[0;39m ?[2m:?[0;39m Invoking AuthorizationFilter (12/12)
?[0m?[0;34m?[2m2023-08-22T13:43:46.240+02:00?[0;39m ?[32mTRACE?[0;39m ?[35m18216?[0;39m ?[2m---?[0;39m ?[2m[io-28852-exec-6]?[0;39m ?[36mestMatcherDelegatingAuthorizationManager?[0;39m ?[2m:?[0;39m Authorizing SecurityContextHolderAwareRequestWrapper[ FirewalledRequest[ org.apache.catalina.core.ApplicationHttpRequest@4e85b74]]
?[0m?[0;34m?[2m2023-08-22T13:43:46.240+02:00?[0;39m ?[32mTRACE?[0;39m ?[35m18216?[0;39m ?[2m---?[0;39m ?[2m[io-28852-exec-6]?[0;39m ?[36mestMatcherDelegatingAuthorizationManager?[0;39m ?[2m:?[0;39m Checking authorization on SecurityContextHolderAwareRequestWrapper[ FirewalledRequest[ org.apache.catalina.core.ApplicationHttpRequest@4e85b74]] using org.springframework.security.config.annotation.web.configurers.AuthorizeHttpRequestsConfigurer$$Lambda$1316/0x0000000100a4d140@528cc85a
?[0m?[0;34m?[2m2023-08-22T13:43:46.240+02:00?[0;39m ?[32mDEBUG?[0;39m ?[35m18216?[0;39m ?[2m---?[0;39m ?[2m[io-28852-exec-6]?[0;39m ?[36mo.s.security.web.FilterChainProxy       ?[0;39m ?[2m:?[0;39m Secured POST /error
?[0m?[0;34m?[2m2023-08-22T13:43:46.240+02:00?[0;39m ?[32mTRACE?[0;39m ?[35m18216?[0;39m ?[2m---?[0;39m ?[2m[io-28852-exec-6]?[0;39m ?[36mo.s.s.w.a.AnonymousAuthenticationFilter ?[0;39m ?[2m:?[0;39m Did not set SecurityContextHolder since already authenticated UsernamePasswordAuthenticationToken [Principal=account.businesslayer.security.UserAdapter@266c2f16, Credentials=[PROTECTED], Authenticated=true, Details=WebAuthenticationDetails [RemoteIpAddress=127.0.0.1, SessionId=null], Granted Authorities=[ROLE_USER]]
?[0m?[0;34m?[2m2023-08-22T13:43:46.247+02:00?[0;39m ?[32mTRACE?[0;39m ?[35m18216?[0;39m ?[2m---?[0;39m ?[2m[io-28852-exec-5]?[0;39m ?[36mo.s.security.web.FilterChainProxy       ?[0;39m ?[2m:?[0;39m Trying to match request against DefaultSecurityFilterChain [RequestMatcher=any request, Filters=[org.springframework.security.web.session.DisableEncodeUrlFilter@5d51203b, org.springframework.security.web.context.request.async.WebAsyncManagerIntegrationFilter@32be672d, org.springframework.security.web.context.SecurityContextHolderFilter@74f54f8e, org.springframework.security.web.header.HeaderWriterFilter@157ff8f8, org.springframework.security.web.authentication.logout.LogoutFilter@72364a40, org.springframework.security.web.authentication.www.BasicAuthenticationFilter@a23b96b, org.springframework.security.web.savedrequest.RequestCacheAwareFilter@59b8a801, org.springframework.security.web.servletapi.SecurityContextHolderAwareRequestFilter@5aa026e9, org.springframework.security.web.authentication.AnonymousAuthenticationFilter@23e54c8a, org.springframework.security.web.session.SessionManagementFilter@79e3f444, org.springframework.security.web.access.ExceptionTranslationFilter@17a756db, org.springframework.security.web.access.intercept.AuthorizationFilter@55e75ce0]] (1/1)
?[0m?[0;34m?[2m2023-08-22T13:43:46.247+02:00?[0;39m ?[32mDEBUG?[0;39m ?[35m18216?[0;39m ?[2m---?[0;39m ?[2m[io-28852-exec-5]?[0;39m ?[36mo.s.security.web.FilterChainProxy       ?[0;39m ?[2m:?[0;39m Securing POST /api/auth/changepass
?[0m?[0;34m?[2m2023-08-22T13:43:46.247+02:00?[0;39m ?[32mTRACE?[0;39m ?[35m18216?[0;39m ?[2m---?[0;39m ?[2m[io-28852-exec-5]?[0;39m ?[36mo.s.security.web.FilterChainProxy       ?[0;39m ?[2m:?[0;39m Invoking DisableEncodeUrlFilter (1/12)
?[0m?[0;34m?[2m2023-08-22T13:43:46.247+02:00?[0;39m ?[32mTRACE?[0;39m ?[35m18216?[0;39m ?[2m---?[0;39m ?[2m[io-28852-exec-5]?[0;39m ?[36mo.s.security.web.FilterChainProxy       ?[0;39m ?[2m:?[0;39m Invoking WebAsyncManagerIntegrationFilter (2/12)
?[0m?[0;34m?[2m2023-08-22T13:43:46.247+02:00?[0;39m ?[32mTRACE?[0;39m ?[35m18216?[0;39m ?[2m---?[0;39m ?[2m[io-28852-exec-5]?[0;39m ?[36mo.s.security.web.FilterChainProxy       ?[0;39m ?[2m:?[0;39m Invoking SecurityContextHolderFilter (3/12)
?[0m?[0;34m?[2m2023-08-22T13:43:46.247+02:00?[0;39m ?[32mTRACE?[0;39m ?[35m18216?[0;39m ?[2m---?[0;39m ?[2m[io-28852-exec-5]?[0;39m ?[36mo.s.security.web.FilterChainProxy       ?[0;39m ?[2m:?[0;39m Invoking HeaderWriterFilter (4/12)
?[0m?[0;34m?[2m2023-08-22T13:43:46.247+02:00?[0;39m ?[32mTRACE?[0;39m ?[35m18216?[0;39m ?[2m---?[0;39m ?[2m[io-28852-exec-5]?[0;39m ?[36mo.s.security.web.FilterChainProxy       ?[0;39m ?[2m:?[0;39m Invoking LogoutFilter (5/12)
?[0m?[0;34m?[2m2023-08-22T13:43:46.247+02:00?[0;39m ?[32mTRACE?[0;39m ?[35m18216?[0;39m ?[2m---?[0;39m ?[2m[io-28852-exec-5]?[0;39m ?[36mo.s.s.w.a.logout.LogoutFilter           ?[0;39m ?[2m:?[0;39m Did not match request to Or [Ant [pattern='/logout', GET], Ant [pattern='/logout', POST], Ant [pattern='/logout', PUT], Ant [pattern='/logout', DELETE]]
?[0m?[0;34m?[2m2023-08-22T13:43:46.247+02:00?[0;39m ?[32mTRACE?[0;39m ?[35m18216?[0;39m ?[2m---?[0;39m ?[2m[io-28852-exec-5]?[0;39m ?[36mo.s.security.web.FilterChainProxy       ?[0;39m ?[2m:?[0;39m Invoking BasicAuthenticationFilter (6/12)
?[0m?[0;34m?[2m2023-08-22T13:43:46.247+02:00?[0;39m ?[32mTRACE?[0;39m ?[35m18216?[0;39m ?[2m---?[0;39m ?[2m[io-28852-exec-5]?[0;39m ?[36mo.s.s.w.a.www.BasicAuthenticationFilter ?[0;39m ?[2m:?[0;39m Found username 'JohnDoe@acme.com' in Basic Authorization header
?[0m?[0;34m?[2m2023-08-22T13:43:46.247+02:00?[0;39m ?[32mTRACE?[0;39m ?[35m18216?[0;39m ?[2m---?[0;39m ?[2m[io-28852-exec-5]?[0;39m ?[36m.s.s.w.c.SupplierDeferredSecurityContext?[0;39m ?[2m:?[0;39m Created SecurityContextImpl [Null authentication]
?[0m?[0;34m?[2m2023-08-22T13:43:46.247+02:00?[0;39m ?[32mTRACE?[0;39m ?[35m18216?[0;39m ?[2m---?[0;39m ?[2m[io-28852-exec-5]?[0;39m ?[36mo.s.s.authentication.ProviderManager    ?[0;39m ?[2m:?[0;39m Authenticating request with DaoAuthenticationProvider (1/1)
?[0m?[0;34mHibernate: select u1_0.id,u1_0.email,u1_0.lastname,u1_0.name,u1_0.password from users u1_0 where upper(u1_0.email)=upper(?)
?[0m?[0;34m?[2m2023-08-22T13:43:46.305+02:00?[0;39m ?[32mDEBUG?[0;39m ?[35m18216?[0;39m ?[2m---?[0;39m ?[2m[io-28852-exec-5]?[0;39m ?[36mo.s.s.a.dao.DaoAuthenticationProvider   ?[0;39m ?[2m:?[0;39m Authenticated user
?[0m?[0;34m?[2m2023-08-22T13:43:46.305+02:00?[0;39m ?[32mDEBUG?[0;39m ?[35m18216?[0;39m ?[2m---?[0;39m ?[2m[io-28852-exec-5]?[0;39m ?[36mo.s.s.w.a.www.BasicAuthenticationFilter ?[0;39m ?[2m:?[0;39m Set SecurityContextHolder to UsernamePasswordAuthenticationToken [Principal=account.businesslayer.security.UserAdapter@cb441f, Credentials=[PROTECTED], Authenticated=true, Details=WebAuthenticationDetails [RemoteIpAddress=127.0.0.1, SessionId=null], Granted Authorities=[ROLE_USER]]
?[0m?[0;34m?[2m2023-08-22T13:43:46.305+02:00?[0;39m ?[32mTRACE?[0;39m ?[35m18216?[0;39m ?[2m---?[0;39m ?[2m[io-28852-exec-5]?[0;39m ?[36mo.s.security.web.FilterChainProxy       ?[0;39m ?[2m:?[0;39m Invoking RequestCacheAwareFilter (7/12)
?[0m?[0;34m?[2m2023-08-22T13:43:46.305+02:00?[0;39m ?[32mTRACE?[0;39m ?[35m18216?[0;39m ?[2m---?[0;39m ?[2m[io-28852-exec-5]?[0;39m ?[36mo.s.security.web.FilterChainProxy       ?[0;39m ?[2m:?[0;39m Invoking SecurityContextHolderAwareRequestFilter (8/12)
?[0m?[0;34m?[2m2023-08-22T13:43:46.305+02:00?[0;39m ?[32mTRACE?[0;39m ?[35m18216?[0;39m ?[2m---?[0;39m ?[2m[io-28852-exec-5]?[0;39m ?[36mo.s.security.web.FilterChainProxy       ?[0;39m ?[2m:?[0;39m Invoking AnonymousAuthenticationFilter (9/12)
?[0m?[0;34m?[2m2023-08-22T13:43:46.305+02:00?[0;39m ?[32mTRACE?[0;39m ?[35m18216?[0;39m ?[2m---?[0;39m ?[2m[io-28852-exec-5]?[0;39m ?[36mo.s.security.web.FilterChainProxy       ?[0;39m ?[2m:?[0;39m Invoking SessionManagementFilter (10/12)
?[0m?[0;34m?[2m2023-08-22T13:43:46.305+02:00?[0;39m ?[32mTRACE?[0;39m ?[35m18216?[0;39m ?[2m---?[0;39m ?[2m[io-28852-exec-5]?[0;39m ?[36mo.s.s.w.a.AnonymousAuthenticationFilter ?[0;39m ?[2m:?[0;39m Did not set SecurityContextHolder since already authenticated UsernamePasswordAuthenticationToken [Principal=account.businesslayer.security.UserAdapter@cb441f, Credentials=[PROTECTED], Authenticated=true, Details=WebAuthenticationDetails [RemoteIpAddress=127.0.0.1, SessionId=null], Granted Authorities=[ROLE_USER]]
?[0m?[0;34m?[2m2023-08-22T13:43:46.306+02:00?[0;39m ?[32mTRACE?[0;39m ?[35m18216?[0;39m ?[2m---?[0;39m ?[2m[io-28852-exec-5]?[0;39m ?[36ms.CompositeSessionAuthenticationStrategy?[0;39m ?[2m:?[0;39m Preparing session with ChangeSessionIdAuthenticationStrategy (1/1)
?[0m?[0;34m?[2m2023-08-22T13:43:46.306+02:00?[0;39m ?[32mTRACE?[0;39m ?[35m18216?[0;39m ?[2m---?[0;39m ?[2m[io-28852-exec-5]?[0;39m ?[36mo.s.security.web.FilterChainProxy       ?[0;39m ?[2m:?[0;39m Invoking ExceptionTranslationFilter (11/12)
?[0m?[0;34m?[2m2023-08-22T13:43:46.306+02:00?[0;39m ?[32mTRACE?[0;39m ?[35m18216?[0;39m ?[2m---?[0;39m ?[2m[io-28852-exec-5]?[0;39m ?[36mo.s.security.web.FilterChainProxy       ?[0;39m ?[2m:?[0;39m Invoking AuthorizationFilter (12/12)
?[0m?[0;34m?[2m2023-08-22T13:43:46.306+02:00?[0;39m ?[32mTRACE?[0;39m ?[35m18216?[0;39m ?[2m---?[0;39m ?[2m[io-28852-exec-5]?[0;39m ?[36mestMatcherDelegatingAuthorizationManager?[0;39m ?[2m:?[0;39m Authorizing SecurityContextHolderAwareRequestWrapper[ org.springframework.security.web.header.HeaderWriterFilter$HeaderWriterRequest@6ef9b5ac]
?[0m?[0;34m?[2m2023-08-22T13:43:46.306+02:00?[0;39m ?[32mTRACE?[0;39m ?[35m18216?[0;39m ?[2m---?[0;39m ?[2m[io-28852-exec-5]?[0;39m ?[36mestMatcherDelegatingAuthorizationManager?[0;39m ?[2m:?[0;39m Checking authorization on SecurityContextHolderAwareRequestWrapper[ org.springframework.security.web.header.HeaderWriterFilter$HeaderWriterRequest@6ef9b5ac] using org.springframework.security.authorization.AuthenticatedAuthorizationManager@65549294
?[0m?[0;34m?[2m2023-08-22T13:43:46.306+02:00?[0;39m ?[32mDEBUG?[0;39m ?[35m18216?[0;39m ?[2m---?[0;39m ?[2m[io-28852-exec-5]?[0;39m ?[36mo.s.security.web.FilterChainProxy       ?[0;39m ?[2m:?[0;39m Secured POST /api/auth/changepass
?[0m?[0;34m?[2m2023-08-22T13:43:46.308+02:00?[0;39m ?[32mTRACE?[0;39m ?[35m18216?[0;39m ?[2m---?[0;39m ?[2m[io-28852-exec-5]?[0;39m ?[36mo.s.s.w.header.writers.HstsHeaderWriter ?[0;39m ?[2m:?[0;39m Not injecting HSTS header since it did not match request to [Is Secure]
?[0m?[0;34m?[2m2023-08-22T13:43:46.308+02:00?[0;39m ?[32mTRACE?[0;39m ?[35m18216?[0;39m ?[2m---?[0;39m ?[2m[io-28852-exec-5]?[0;39m ?[36mo.s.security.web.FilterChainProxy       ?[0;39m ?[2m:?[0;39m Trying to match request against DefaultSecurityFilterChain [RequestMatcher=any request, Filters=[org.springframework.security.web.session.DisableEncodeUrlFilter@5d51203b, org.springframework.security.web.context.request.async.WebAsyncManagerIntegrationFilter@32be672d, org.springframework.security.web.context.SecurityContextHolderFilter@74f54f8e, org.springframework.security.web.header.HeaderWriterFilter@157ff8f8, org.springframework.security.web.authentication.logout.LogoutFilter@72364a40, org.springframework.security.web.authentication.www.BasicAuthenticationFilter@a23b96b, org.springframework.security.web.savedrequest.RequestCacheAwareFilter@59b8a801, org.springframework.security.web.servletapi.SecurityContextHolderAwareRequestFilter@5aa026e9, org.springframework.security.web.authentication.AnonymousAuthenticationFilter@23e54c8a, org.springframework.security.web.session.SessionManagementFilter@79e3f444, org.springframework.security.web.access.ExceptionTranslationFilter@17a756db, org.springframework.security.web.access.intercept.AuthorizationFilter@55e75ce0]] (1/1)
?[0m?[0;34m?[2m2023-08-22T13:43:46.308+02:00?[0;39m ?[32mDEBUG?[0;39m ?[35m18216?[0;39m ?[2m---?[0;39m ?[2m[io-28852-exec-5]?[0;39m ?[36mo.s.security.web.FilterChainProxy       ?[0;39m ?[2m:?[0;39m Securing POST /error
?[0m?[0;34m?[2m2023-08-22T13:43:46.308+02:00?[0;39m ?[32mTRACE?[0;39m ?[35m18216?[0;39m ?[2m---?[0;39m ?[2m[io-28852-exec-5]?[0;39m ?[36mo.s.security.web.FilterChainProxy       ?[0;39m ?[2m:?[0;39m Invoking DisableEncodeUrlFilter (1/12)
?[0m?[0;34m?[2m2023-08-22T13:43:46.308+02:00?[0;39m ?[32mTRACE?[0;39m ?[35m18216?[0;39m ?[2m---?[0;39m ?[2m[io-28852-exec-5]?[0;39m ?[36mo.s.security.web.FilterChainProxy       ?[0;39m ?[2m:?[0;39m Invoking WebAsyncManagerIntegrationFilter (2/12)
?[0m?[0;34m?[2m2023-08-22T13:43:46.308+02:00?[0;39m ?[32mTRACE?[0;39m ?[35m18216?[0;39m ?[2m---?[0;39m ?[2m[io-28852-exec-5]?[0;39m ?[36mo.s.security.web.FilterChainProxy       ?[0;39m ?[2m:?[0;39m Invoking SecurityContextHolderFilter (3/12)
?[0m?[0;34m?[2m2023-08-22T13:43:46.308+02:00?[0;39m ?[32mTRACE?[0;39m ?[35m18216?[0;39m ?[2m---?[0;39m ?[2m[io-28852-exec-5]?[0;39m ?[36mo.s.security.web.FilterChainProxy       ?[0;39m ?[2m:?[0;39m Invoking HeaderWriterFilter (4/12)
?[0m?[0;34m?[2m2023-08-22T13:43:46.308+02:00?[0;39m ?[32mTRACE?[0;39m ?[35m18216?[0;39m ?[2m---?[0;39m ?[2m[io-28852-exec-5]?[0;39m ?[36mo.s.security.web.FilterChainProxy       ?[0;39m ?[2m:?[0;39m Invoking LogoutFilter (5/12)
?[0m?[0;34m?[2m2023-08-22T13:43:46.308+02:00?[0;39m ?[32mTRACE?[0;39m ?[35m18216?[0;39m ?[2m---?[0;39m ?[2m[io-28852-exec-5]?[0;39m ?[36mo.s.s.w.a.logout.LogoutFilter           ?[0;39m ?[2m:?[0;39m Did not match request to Or [Ant [pattern='/logout', GET], Ant [pattern='/logout', POST], Ant [pattern='/logout', PUT], Ant [pattern='/logout', DELETE]]
?[0m?[0;34m?[2m2023-08-22T13:43:46.308+02:00?[0;39m ?[32mTRACE?[0;39m ?[35m18216?[0;39m ?[2m---?[0;39m ?[2m[io-28852-exec-5]?[0;39m ?[36mo.s.security.web.FilterChainProxy       ?[0;39m ?[2m:?[0;39m Invoking BasicAuthenticationFilter (6/12)
?[0m?[0;34m?[2m2023-08-22T13:43:46.309+02:00?[0;39m ?[32mTRACE?[0;39m ?[35m18216?[0;39m ?[2m---?[0;39m ?[2m[io-28852-exec-5]?[0;39m ?[36mo.s.security.web.FilterChainProxy       ?[0;39m ?[2m:?[0;39m Invoking RequestCacheAwareFilter (7/12)
?[0m?[0;34m?[2m2023-08-22T13:43:46.309+02:00?[0;39m ?[32mTRACE?[0;39m ?[35m18216?[0;39m ?[2m---?[0;39m ?[2m[io-28852-exec-5]?[0;39m ?[36mo.s.security.web.FilterChainProxy       ?[0;39m ?[2m:?[0;39m Invoking SecurityContextHolderAwareRequestFilter (8/12)
?[0m?[0;34m?[2m2023-08-22T13:43:46.309+02:00?[0;39m ?[32mTRACE?[0;39m ?[35m18216?[0;39m ?[2m---?[0;39m ?[2m[io-28852-exec-5]?[0;39m ?[36mo.s.security.web.FilterChainProxy       ?[0;39m ?[2m:?[0;39m Invoking AnonymousAuthenticationFilter (9/12)
?[0m?[0;34m?[2m2023-08-22T13:43:46.309+02:00?[0;39m ?[32mTRACE?[0;39m ?[35m18216?[0;39m ?[2m---?[0;39m ?[2m[io-28852-exec-5]?[0;39m ?[36mo.s.security.web.FilterChainProxy       ?[0;39m ?[2m:?[0;39m Invoking SessionManagementFilter (10/12)
?[0m?[0;34m?[2m2023-08-22T13:43:46.309+02:00?[0;39m ?[32mTRACE?[0;39m ?[35m18216?[0;39m ?[2m---?[0;39m ?[2m[io-28852-exec-5]?[0;39m ?[36mo.s.security.web.FilterChainProxy       ?[0;39m ?[2m:?[0;39m Invoking ExceptionTranslationFilter (11/12)
?[0m?[0;34m?[2m2023-08-22T13:43:46.309+02:00?[0;39m ?[32mTRACE?[0;39m ?[35m18216?[0;39m ?[2m---?[0;39m ?[2m[io-28852-exec-5]?[0;39m ?[36mo.s.security.web.FilterChainProxy       ?[0;39m ?[2m:?[0;39m Invoking AuthorizationFilter (12/12)
?[0m?[0;34m?[2m2023-08-22T13:43:46.309+02:00?[0;39m ?[32mTRACE?[0;39m ?[35m18216?[0;39m ?[2m---?[0;39m ?[2m[io-28852-exec-5]?[0;39m ?[36mestMatcherDelegatingAuthorizationManager?[0;39m ?[2m:?[0;39m Authorizing SecurityContextHolderAwareRequestWrapper[ FirewalledRequest[ org.apache.catalina.core.ApplicationHttpRequest@13adc40]]
?[0m?[0;34m?[2m2023-08-22T13:43:46.309+02:00?[0;39m ?[32mTRACE?[0;39m ?[35m18216?[0;39m ?[2m---?[0;39m ?[2m[io-28852-exec-5]?[0;39m ?[36mestMatcherDelegatingAuthorizationManager?[0;39m ?[2m:?[0;39m Checking authorization on SecurityContextHolderAwareRequestWrapper[ FirewalledRequest[ org.apache.catalina.core.ApplicationHttpRequest@13adc40]] using org.springframework.security.config.annotation.web.configurers.AuthorizeHttpRequestsConfigurer$$Lambda$1316/0x0000000100a4d140@528cc85a
?[0m?[0;34m?[2m2023-08-22T13:43:46.309+02:00?[0;39m ?[32mDEBUG?[0;39m ?[35m18216?[0;39m ?[2m---?[0;39m ?[2m[io-28852-exec-5]?[0;39m ?[36mo.s.security.web.FilterChainProxy       ?[0;39m ?[2m:?[0;39m Secured POST /error
?[0m?[0;34m?[2m2023-08-22T13:43:46.309+02:00?[0;39m ?[32mTRACE?[0;39m ?[35m18216?[0;39m ?[2m---?[0;39m ?[2m[io-28852-exec-5]?[0;39m ?[36mo.s.s.w.a.AnonymousAuthenticationFilter ?[0;39m ?[2m:?[0;39m Did not set SecurityContextHolder since already authenticated UsernamePasswordAuthenticationToken [Principal=account.businesslayer.security.UserAdapter@cb441f, Credentials=[PROTECTED], Authenticated=true, Details=WebAuthenticationDetails [RemoteIpAddress=127.0.0.1, SessionId=null], Granted Authorities=[ROLE_USER]]
?[0m?[0;34m?[2m2023-08-22T13:43:46.316+02:00?[0;39m ?[32mTRACE?[0;39m ?[35m18216?[0;39m ?[2m---?[0;39m ?[2m[io-28852-exec-7]?[0;39m ?[36mo.s.security.web.FilterChainProxy       ?[0;39m ?[2m:?[0;39m Trying to match request against DefaultSecurityFilterChain [RequestMatcher=any request, Filters=[org.springframework.security.web.session.DisableEncodeUrlFilter@5d51203b, org.springframework.security.web.context.request.async.WebAsyncManagerIntegrationFilter@32be672d, org.springframework.security.web.context.SecurityContextHolderFilter@74f54f8e, org.springframework.security.web.header.HeaderWriterFilter@157ff8f8, org.springframework.security.web.authentication.logout.LogoutFilter@72364a40, org.springframework.security.web.authentication.www.BasicAuthenticationFilter@a23b96b, org.springframework.security.web.savedrequest.RequestCacheAwareFilter@59b8a801, org.springframework.security.web.servletapi.SecurityContextHolderAwareRequestFilter@5aa026e9, org.springframework.security.web.authentication.AnonymousAuthenticationFilter@23e54c8a, org.springframework.security.web.session.SessionManagementFilter@79e3f444, org.springframework.security.web.access.ExceptionTranslationFilter@17a756db, org.springframework.security.web.access.intercept.AuthorizationFilter@55e75ce0]] (1/1)
?[0m?[0;34m?[2m2023-08-22T13:43:46.316+02:00?[0;39m ?[32mDEBUG?[0;39m ?[35m18216?[0;39m ?[2m---?[0;39m ?[2m[io-28852-exec-7]?[0;39m ?[36mo.s.security.web.FilterChainProxy       ?[0;39m ?[2m:?[0;39m Securing POST /api/auth/changepass
?[0m?[0;34m?[2m2023-08-22T13:43:46.317+02:00?[0;39m ?[32mTRACE?[0;39m ?[35m18216?[0;39m ?[2m---?[0;39m ?[2m[io-28852-exec-7]?[0;39m ?[36mo.s.security.web.FilterChainProxy       ?[0;39m ?[2m:?[0;39m Invoking DisableEncodeUrlFilter (1/12)
?[0m?[0;34m?[2m2023-08-22T13:43:46.317+02:00?[0;39m ?[32mTRACE?[0;39m ?[35m18216?[0;39m ?[2m---?[0;39m ?[2m[io-28852-exec-7]?[0;39m ?[36mo.s.security.web.FilterChainProxy       ?[0;39m ?[2m:?[0;39m Invoking WebAsyncManagerIntegrationFilter (2/12)
?[0m?[0;34m?[2m2023-08-22T13:43:46.317+02:00?[0;39m ?[32mTRACE?[0;39m ?[35m18216?[0;39m ?[2m---?[0;39m ?[2m[io-28852-exec-7]?[0;39m ?[36mo.s.security.web.FilterChainProxy       ?[0;39m ?[2m:?[0;39m Invoking SecurityContextHolderFilter (3/12)
?[0m?[0;34m?[2m2023-08-22T13:43:46.317+02:00?[0;39m ?[32mTRACE?[0;39m ?[35m18216?[0;39m ?[2m---?[0;39m ?[2m[io-28852-exec-7]?[0;39m ?[36mo.s.security.web.FilterChainProxy       ?[0;39m ?[2m:?[0;39m Invoking HeaderWriterFilter (4/12)
?[0m?[0;34m?[2m2023-08-22T13:43:46.317+02:00?[0;39m ?[32mTRACE?[0;39m ?[35m18216?[0;39m ?[2m---?[0;39m ?[2m[io-28852-exec-7]?[0;39m ?[36mo.s.security.web.FilterChainProxy       ?[0;39m ?[2m:?[0;39m Invoking LogoutFilter (5/12)
?[0m?[0;34m?[2m2023-08-22T13:43:46.317+02:00?[0;39m ?[32mTRACE?[0;39m ?[35m18216?[0;39m ?[2m---?[0;39m ?[2m[io-28852-exec-7]?[0;39m ?[36mo.s.s.w.a.logout.LogoutFilter           ?[0;39m ?[2m:?[0;39m Did not match request to Or [Ant [pattern='/logout', GET], Ant [pattern='/logout', POST], Ant [pattern='/logout', PUT], Ant [pattern='/logout', DELETE]]
?[0m?[0;34m?[2m2023-08-22T13:43:46.317+02:00?[0;39m ?[32mTRACE?[0;39m ?[35m18216?[0;39m ?[2m---?[0;39m ?[2m[io-28852-exec-7]?[0;39m ?[36mo.s.security.web.FilterChainProxy       ?[0;39m ?[2m:?[0;39m Invoking BasicAuthenticationFilter (6/12)
?[0m?[0;34m?[2m2023-08-22T13:43:46.317+02:00?[0;39m ?[32mTRACE?[0;39m ?[35m18216?[0;39m ?[2m---?[0;39m ?[2m[io-28852-exec-7]?[0;39m ?[36mo.s.s.w.a.www.BasicAuthenticationFilter ?[0;39m ?[2m:?[0;39m Found username 'JohnDoe@acme.com' in Basic Authorization header
?[0m?[0;34m?[2m2023-08-22T13:43:46.317+02:00?[0;39m ?[32mTRACE?[0;39m ?[35m18216?[0;39m ?[2m---?[0;39m ?[2m[io-28852-exec-7]?[0;39m ?[36m.s.s.w.c.SupplierDeferredSecurityContext?[0;39m ?[2m:?[0;39m Created SecurityContextImpl [Null authentication]
?[0m?[0;34m?[2m2023-08-22T13:43:46.317+02:00?[0;39m ?[32mTRACE?[0;39m ?[35m18216?[0;39m ?[2m---?[0;39m ?[2m[io-28852-exec-7]?[0;39m ?[36mo.s.s.authentication.ProviderManager    ?[0;39m ?[2m:?[0;39m Authenticating request with DaoAuthenticationProvider (1/1)
?[0m?[0;34mHibernate: select u1_0.id,u1_0.email,u1_0.lastname,u1_0.name,u1_0.password from users u1_0 where upper(u1_0.email)=upper(?)
?[0m?[0;34m?[2m2023-08-22T13:43:46.376+02:00?[0;39m ?[32mDEBUG?[0;39m ?[35m18216?[0;39m ?[2m---?[0;39m ?[2m[io-28852-exec-7]?[0;39m ?[36mo.s.s.a.dao.DaoAuthenticationProvider   ?[0;39m ?[2m:?[0;39m Authenticated user
?[0m?[0;34m?[2m2023-08-22T13:43:46.377+02:00?[0;39m ?[32mDEBUG?[0;39m ?[35m18216?[0;39m ?[2m---?[0;39m ?[2m[io-28852-exec-7]?[0;39m ?[36mo.s.s.w.a.www.BasicAuthenticationFilter ?[0;39m ?[2m:?[0;39m Set SecurityContextHolder to UsernamePasswordAuthenticationToken [Principal=account.businesslayer.security.UserAdapter@7781685d, Credentials=[PROTECTED], Authenticated=true, Details=WebAuthenticationDetails [RemoteIpAddress=127.0.0.1, SessionId=null], Granted Authorities=[ROLE_USER]]
?[0m?[0;34m?[2m2023-08-22T13:43:46.377+02:00?[0;39m ?[32mTRACE?[0;39m ?[35m18216?[0;39m ?[2m---?[0;39m ?[2m[io-28852-exec-7]?[0;39m ?[36mo.s.security.web.FilterChainProxy       ?[0;39m ?[2m:?[0;39m Invoking RequestCacheAwareFilter (7/12)
?[0m?[0;34m?[2m2023-08-22T13:43:46.377+02:00?[0;39m ?[32mTRACE?[0;39m ?[35m18216?[0;39m ?[2m---?[0;39m ?[2m[io-28852-exec-7]?[0;39m ?[36mo.s.security.web.FilterChainProxy       ?[0;39m ?[2m:?[0;39m Invoking SecurityContextHolderAwareRequestFilter (8/12)
?[0m?[0;34m?[2m2023-08-22T13:43:46.377+02:00?[0;39m ?[32mTRACE?[0;39m ?[35m18216?[0;39m ?[2m---?[0;39m ?[2m[io-28852-exec-7]?[0;39m ?[36mo.s.security.web.FilterChainProxy       ?[0;39m ?[2m:?[0;39m Invoking AnonymousAuthenticationFilter (9/12)
?[0m?[0;34m?[2m2023-08-22T13:43:46.377+02:00?[0;39m ?[32mTRACE?[0;39m ?[35m18216?[0;39m ?[2m---?[0;39m ?[2m[io-28852-exec-7]?[0;39m ?[36mo.s.security.web.FilterChainProxy       ?[0;39m ?[2m:?[0;39m Invoking SessionManagementFilter (10/12)
?[0m?[0;34m?[2m2023-08-22T13:43:46.377+02:00?[0;39m ?[32mTRACE?[0;39m ?[35m18216?[0;39m ?[2m---?[0;39m ?[2m[io-28852-exec-7]?[0;39m ?[36mo.s.s.w.a.AnonymousAuthenticationFilter ?[0;39m ?[2m:?[0;39m Did not set SecurityContextHolder since already authenticated UsernamePasswordAuthenticationToken [Principal=account.businesslayer.security.UserAdapter@7781685d, Credentials=[PROTECTED], Authenticated=true, Details=WebAuthenticationDetails [RemoteIpAddress=127.0.0.1, SessionId=null], Granted Authorities=[ROLE_USER]]
?[0m?[0;34m?[2m2023-08-22T13:43:46.377+02:00?[0;39m ?[32mTRACE?[0;39m ?[35m18216?[0;39m ?[2m---?[0;39m ?[2m[io-28852-exec-7]?[0;39m ?[36ms.CompositeSessionAuthenticationStrategy?[0;39m ?[2m:?[0;39m Preparing session with ChangeSessionIdAuthenticationStrategy (1/1)
?[0m?[0;34m?[2m2023-08-22T13:43:46.377+02:00?[0;39m ?[32mTRACE?[0;39m ?[35m18216?[0;39m ?[2m---?[0;39m ?[2m[io-28852-exec-7]?[0;39m ?[36mo.s.security.web.FilterChainProxy       ?[0;39m ?[2m:?[0;39m Invoking ExceptionTranslationFilter (11/12)
?[0m?[0;34m?[2m2023-08-22T13:43:46.377+02:00?[0;39m ?[32mTRACE?[0;39m ?[35m18216?[0;39m ?[2m---?[0;39m ?[2m[io-28852-exec-7]?[0;39m ?[36mo.s.security.web.FilterChainProxy       ?[0;39m ?[2m:?[0;39m Invoking AuthorizationFilter (12/12)
?[0m?[0;34m?[2m2023-08-22T13:43:46.377+02:00?[0;39m ?[32mTRACE?[0;39m ?[35m18216?[0;39m ?[2m---?[0;39m ?[2m[io-28852-exec-7]?[0;39m ?[36mestMatcherDelegatingAuthorizationManager?[0;39m ?[2m:?[0;39m Authorizing SecurityContextHolderAwareRequestWrapper[ org.springframework.security.web.header.HeaderWriterFilter$HeaderWriterRequest@7e9e4d82]
?[0m?[0;34m?[2m2023-08-22T13:43:46.377+02:00?[0;39m ?[32mTRACE?[0;39m ?[35m18216?[0;39m ?[2m---?[0;39m ?[2m[io-28852-exec-7]?[0;39m ?[36mestMatcherDelegatingAuthorizationManager?[0;39m ?[2m:?[0;39m Checking authorization on SecurityContextHolderAwareRequestWrapper[ org.springframework.security.web.header.HeaderWriterFilter$HeaderWriterRequest@7e9e4d82] using org.springframework.security.authorization.AuthenticatedAuthorizationManager@65549294
?[0m?[0;34m?[2m2023-08-22T13:43:46.377+02:00?[0;39m ?[32mDEBUG?[0;39m ?[35m18216?[0;39m ?[2m---?[0;39m ?[2m[io-28852-exec-7]?[0;39m ?[36mo.s.security.web.FilterChainProxy       ?[0;39m ?[2m:?[0;39m Secured POST /api/auth/changepass
?[0m?[0;34m?[2m2023-08-22T13:43:46.378+02:00?[0;39m ?[32mTRACE?[0;39m ?[35m18216?[0;39m ?[2m---?[0;39m ?[2m[io-28852-exec-7]?[0;39m ?[36mo.s.s.w.header.writers.HstsHeaderWriter ?[0;39m ?[2m:?[0;39m Not injecting HSTS header since it did not match request to [Is Secure]
?[0m?[0;34m?[2m2023-08-22T13:43:46.379+02:00?[0;39m ?[32mTRACE?[0;39m ?[35m18216?[0;39m ?[2m---?[0;39m ?[2m[io-28852-exec-7]?[0;39m ?[36mo.s.security.web.FilterChainProxy       ?[0;39m ?[2m:?[0;39m Trying to match request against DefaultSecurityFilterChain [RequestMatcher=any request, Filters=[org.springframework.security.web.session.DisableEncodeUrlFilter@5d51203b, org.springframework.security.web.context.request.async.WebAsyncManagerIntegrationFilter@32be672d, org.springframework.security.web.context.SecurityContextHolderFilter@74f54f8e, org.springframework.security.web.header.HeaderWriterFilter@157ff8f8, org.springframework.security.web.authentication.logout.LogoutFilter@72364a40, org.springframework.security.web.authentication.www.BasicAuthenticationFilter@a23b96b, org.springframework.security.web.savedrequest.RequestCacheAwareFilter@59b8a801, org.springframework.security.web.servletapi.SecurityContextHolderAwareRequestFilter@5aa026e9, org.springframework.security.web.authentication.AnonymousAuthenticationFilter@23e54c8a, org.springframework.security.web.session.SessionManagementFilter@79e3f444, org.springframework.security.web.access.ExceptionTranslationFilter@17a756db, org.springframework.security.web.access.intercept.AuthorizationFilter@55e75ce0]] (1/1)
?[0m?[0;34m?[2m2023-08-22T13:43:46.379+02:00?[0;39m ?[32mDEBUG?[0;39m ?[35m18216?[0;39m ?[2m---?[0;39m ?[2m[io-28852-exec-7]?[0;39m ?[36mo.s.security.web.FilterChainProxy       ?[0;39m ?[2m:?[0;39m Securing POST /error
?[0m?[0;34m?[2m2023-08-22T13:43:46.379+02:00?[0;39m ?[32mTRACE?[0;39m ?[35m18216?[0;39m ?[2m---?[0;39m ?[2m[io-28852-exec-7]?[0;39m ?[36mo.s.security.web.FilterChainProxy       ?[0;39m ?[2m:?[0;39m Invoking DisableEncodeUrlFilter (1/12)
?[0m?[0;34m?[2m2023-08-22T13:43:46.379+02:00?[0;39m ?[32mTRACE?[0;39m ?[35m18216?[0;39m ?[2m---?[0;39m ?[2m[io-28852-exec-7]?[0;39m ?[36mo.s.security.web.FilterChainProxy       ?[0;39m ?[2m:?[0;39m Invoking WebAsyncManagerIntegrationFilter (2/12)
?[0m?[0;34m?[2m2023-08-22T13:43:46.379+02:00?[0;39m ?[32mTRACE?[0;39m ?[35m18216?[0;39m ?[2m---?[0;39m ?[2m[io-28852-exec-7]?[0;39m ?[36mo.s.security.web.FilterChainProxy       ?[0;39m ?[2m:?[0;39m Invoking SecurityContextHolderFilter (3/12)
?[0m?[0;34m?[2m2023-08-22T13:43:46.379+02:00?[0;39m ?[32mTRACE?[0;39m ?[35m18216?[0;39m ?[2m---?[0;39m ?[2m[io-28852-exec-7]?[0;39m ?[36mo.s.security.web.FilterChainProxy       ?[0;39m ?[2m:?[0;39m Invoking HeaderWriterFilter (4/12)
?[0m?[0;34m?[2m2023-08-22T13:43:46.379+02:00?[0;39m ?[32mTRACE?[0;39m ?[35m18216?[0;39m ?[2m---?[0;39m ?[2m[io-28852-exec-7]?[0;39m ?[36mo.s.security.web.FilterChainProxy       ?[0;39m ?[2m:?[0;39m Invoking LogoutFilter (5/12)
?[0m?[0;34m?[2m2023-08-22T13:43:46.379+02:00?[0;39m ?[32mTRACE?[0;39m ?[35m18216?[0;39m ?[2m---?[0;39m ?[2m[io-28852-exec-7]?[0;39m ?[36mo.s.s.w.a.logout.LogoutFilter           ?[0;39m ?[2m:?[0;39m Did not match request to Or [Ant [pattern='/logout', GET], Ant [pattern='/logout', POST], Ant [pattern='/logout', PUT], Ant [pattern='/logout', DELETE]]
?[0m?[0;34m?[2m2023-08-22T13:43:46.379+02:00?[0;39m ?[32mTRACE?[0;39m ?[35m18216?[0;39m ?[2m---?[0;39m ?[2m[io-28852-exec-7]?[0;39m ?[36mo.s.security.web.FilterChainProxy       ?[0;39m ?[2m:?[0;39m Invoking BasicAuthenticationFilter (6/12)
?[0m?[0;34m?[2m2023-08-22T13:43:46.379+02:00?[0;39m ?[32mTRACE?[0;39m ?[35m18216?[0;39m ?[2m---?[0;39m ?[2m[io-28852-exec-7]?[0;39m ?[36mo.s.security.web.FilterChainProxy       ?[0;39m ?[2m:?[0;39m Invoking RequestCacheAwareFilter (7/12)
?[0m?[0;34m?[2m2023-08-22T13:43:46.379+02:00?[0;39m ?[32mTRACE?[0;39m ?[35m18216?[0;39m ?[2m---?[0;39m ?[2m[io-28852-exec-7]?[0;39m ?[36mo.s.security.web.FilterChainProxy       ?[0;39m ?[2m:?[0;39m Invoking SecurityContextHolderAwareRequestFilter (8/12)
?[0m?[0;34m?[2m2023-08-22T13:43:46.379+02:00?[0;39m ?[32mTRACE?[0;39m ?[35m18216?[0;39m ?[2m---?[0;39m ?[2m[io-28852-exec-7]?[0;39m ?[36mo.s.security.web.FilterChainProxy       ?[0;39m ?[2m:?[0;39m Invoking AnonymousAuthenticationFilter (9/12)
?[0m?[0;34m?[2m2023-08-22T13:43:46.379+02:00?[0;39m ?[32mTRACE?[0;39m ?[35m18216?[0;39m ?[2m---?[0;39m ?[2m[io-28852-exec-7]?[0;39m ?[36mo.s.security.web.FilterChainProxy       ?[0;39m ?[2m:?[0;39m Invoking SessionManagementFilter (10/12)
?[0m?[0;34m?[2m2023-08-22T13:43:46.379+02:00?[0;39m ?[32mTRACE?[0;39m ?[35m18216?[0;39m ?[2m---?[0;39m ?[2m[io-28852-exec-7]?[0;39m ?[36mo.s.security.web.FilterChainProxy       ?[0;39m ?[2m:?[0;39m Invoking ExceptionTranslationFilter (11/12)
?[0m?[0;34m?[2m2023-08-22T13:43:46.379+02:00?[0;39m ?[32mTRACE?[0;39m ?[35m18216?[0;39m ?[2m---?[0;39m ?[2m[io-28852-exec-7]?[0;39m ?[36mo.s.security.web.FilterChainProxy       ?[0;39m ?[2m:?[0;39m Invoking AuthorizationFilter (12/12)
?[0m?[0;34m?[2m2023-08-22T13:43:46.379+02:00?[0;39m ?[32mTRACE?[0;39m ?[35m18216?[0;39m ?[2m---?[0;39m ?[2m[io-28852-exec-7]?[0;39m ?[36mestMatcherDelegatingAuthorizationManager?[0;39m ?[2m:?[0;39m Authorizing SecurityContextHolderAwareRequestWrapper[ FirewalledRequest[ org.apache.catalina.core.ApplicationHttpRequest@33d026d8]]
?[0m?[0;34m?[2m2023-08-22T13:43:46.379+02:00?[0;39m ?[32mTRACE?[0;39m ?[35m18216?[0;39m ?[2m---?[0;39m ?[2m[io-28852-exec-7]?[0;39m ?[36mestMatcherDelegatingAuthorizationManager?[0;39m ?[2m:?[0;39m Checking authorization on SecurityContextHolderAwareRequestWrapper[ FirewalledRequest[ org.apache.catalina.core.ApplicationHttpRequest@33d026d8]] using org.springframework.security.config.annotation.web.configurers.AuthorizeHttpRequestsConfigurer$$Lambda$1316/0x0000000100a4d140@528cc85a
?[0m?[0;34m?[2m2023-08-22T13:43:46.380+02:00?[0;39m ?[32mDEBUG?[0;39m ?[35m18216?[0;39m ?[2m---?[0;39m ?[2m[io-28852-exec-7]?[0;39m ?[36mo.s.security.web.FilterChainProxy       ?[0;39m ?[2m:?[0;39m Secured POST /error
?[0m?[0;34m?[2m2023-08-22T13:43:46.380+02:00?[0;39m ?[32mTRACE?[0;39m ?[35m18216?[0;39m ?[2m---?[0;39m ?[2m[io-28852-exec-7]?[0;39m ?[36mo.s.s.w.a.AnonymousAuthenticationFilter ?[0;39m ?[2m:?[0;39m Did not set SecurityContextHolder since already authenticated UsernamePasswordAuthenticationToken [Principal=account.businesslayer.security.UserAdapter@7781685d, Credentials=[PROTECTED], Authenticated=true, Details=WebAuthenticationDetails [RemoteIpAddress=127.0.0.1, SessionId=null], Granted Authorities=[ROLE_USER]]
?[0m?[0;34m?[2m2023-08-22T13:43:46.386+02:00?[0;39m ?[32mTRACE?[0;39m ?[35m18216?[0;39m ?[2m---?[0;39m ?[2m[io-28852-exec-2]?[0;39m ?[36mo.s.security.web.FilterChainProxy       ?[0;39m ?[2m:?[0;39m Trying to match request against DefaultSecurityFilterChain [RequestMatcher=any request, Filters=[org.springframework.security.web.session.DisableEncodeUrlFilter@5d51203b, org.springframework.security.web.context.request.async.WebAsyncManagerIntegrationFilter@32be672d, org.springframework.security.web.context.SecurityContextHolderFilter@74f54f8e, org.springframework.security.web.header.HeaderWriterFilter@157ff8f8, org.springframework.security.web.authentication.logout.LogoutFilter@72364a40, org.springframework.security.web.authentication.www.BasicAuthenticationFilter@a23b96b, org.springframework.security.web.savedrequest.RequestCacheAwareFilter@59b8a801, org.springframework.security.web.servletapi.SecurityContextHolderAwareRequestFilter@5aa026e9, org.springframework.security.web.authentication.AnonymousAuthenticationFilter@23e54c8a, org.springframework.security.web.session.SessionManagementFilter@79e3f444, org.springframework.security.web.access.ExceptionTranslationFilter@17a756db, org.springframework.security.web.access.intercept.AuthorizationFilter@55e75ce0]] (1/1)
?[0m?[0;34m?[2m2023-08-22T13:43:46.386+02:00?[0;39m ?[32mDEBUG?[0;39m ?[35m18216?[0;39m ?[2m---?[0;39m ?[2m[io-28852-exec-2]?[0;39m ?[36mo.s.security.web.FilterChainProxy       ?[0;39m ?[2m:?[0;39m Securing POST /api/auth/changepass
?[0m?[0;34m?[2m2023-08-22T13:43:46.386+02:00?[0;39m ?[32mTRACE?[0;39m ?[35m18216?[0;39m ?[2m---?[0;39m ?[2m[io-28852-exec-2]?[0;39m ?[36mo.s.security.web.FilterChainProxy       ?[0;39m ?[2m:?[0;39m Invoking DisableEncodeUrlFilter (1/12)
?[0m?[0;34m?[2m2023-08-22T13:43:46.386+02:00?[0;39m ?[32mTRACE?[0;39m ?[35m18216?[0;39m ?[2m---?[0;39m ?[2m[io-28852-exec-2]?[0;39m ?[36mo.s.security.web.FilterChainProxy       ?[0;39m ?[2m:?[0;39m Invoking WebAsyncManagerIntegrationFilter (2/12)
?[0m?[0;34m?[2m2023-08-22T13:43:46.386+02:00?[0;39m ?[32mTRACE?[0;39m ?[35m18216?[0;39m ?[2m---?[0;39m ?[2m[io-28852-exec-2]?[0;39m ?[36mo.s.security.web.FilterChainProxy       ?[0;39m ?[2m:?[0;39m Invoking SecurityContextHolderFilter (3/12)
?[0m?[0;34m?[2m2023-08-22T13:43:46.386+02:00?[0;39m ?[32mTRACE?[0;39m ?[35m18216?[0;39m ?[2m---?[0;39m ?[2m[io-28852-exec-2]?[0;39m ?[36mo.s.security.web.FilterChainProxy       ?[0;39m ?[2m:?[0;39m Invoking HeaderWriterFilter (4/12)
?[0m?[0;34m?[2m2023-08-22T13:43:46.386+02:00?[0;39m ?[32mTRACE?[0;39m ?[35m18216?[0;39m ?[2m---?[0;39m ?[2m[io-28852-exec-2]?[0;39m ?[36mo.s.security.web.FilterChainProxy       ?[0;39m ?[2m:?[0;39m Invoking LogoutFilter (5/12)
?[0m?[0;34m?[2m2023-08-22T13:43:46.386+02:00?[0;39m ?[32mTRACE?[0;39m ?[35m18216?[0;39m ?[2m---?[0;39m ?[2m[io-28852-exec-2]?[0;39m ?[36mo.s.s.w.a.logout.LogoutFilter           ?[0;39m ?[2m:?[0;39m Did not match request to Or [Ant [pattern='/logout', GET], Ant [pattern='/logout', POST], Ant [pattern='/logout', PUT], Ant [pattern='/logout', DELETE]]
?[0m?[0;34m?[2m2023-08-22T13:43:46.386+02:00?[0;39m ?[32mTRACE?[0;39m ?[35m18216?[0;39m ?[2m---?[0;39m ?[2m[io-28852-exec-2]?[0;39m ?[36mo.s.security.web.FilterChainProxy       ?[0;39m ?[2m:?[0;39m Invoking BasicAuthenticationFilter (6/12)
?[0m?[0;34m?[2m2023-08-22T13:43:46.386+02:00?[0;39m ?[32mTRACE?[0;39m ?[35m18216?[0;39m ?[2m---?[0;39m ?[2m[io-28852-exec-2]?[0;39m ?[36mo.s.s.w.a.www.BasicAuthenticationFilter ?[0;39m ?[2m:?[0;39m Found username 'JohnDoe@acme.com' in Basic Authorization header
?[0m?[0;34m?[2m2023-08-22T13:43:46.386+02:00?[0;39m ?[32mTRACE?[0;39m ?[35m18216?[0;39m ?[2m---?[0;39m ?[2m[io-28852-exec-2]?[0;39m ?[36m.s.s.w.c.SupplierDeferredSecurityContext?[0;39m ?[2m:?[0;39m Created SecurityContextImpl [Null authentication]
?[0m?[0;34m?[2m2023-08-22T13:43:46.386+02:00?[0;39m ?[32mTRACE?[0;39m ?[35m18216?[0;39m ?[2m---?[0;39m ?[2m[io-28852-exec-2]?[0;39m ?[36mo.s.s.authentication.ProviderManager    ?[0;39m ?[2m:?[0;39m Authenticating request with DaoAuthenticationProvider (1/1)
?[0m?[0;34mHibernate: select u1_0.id,u1_0.email,u1_0.lastname,u1_0.name,u1_0.password from users u1_0 where upper(u1_0.email)=upper(?)
?[0m?[0;34m?[2m2023-08-22T13:43:46.443+02:00?[0;39m ?[32mDEBUG?[0;39m ?[35m18216?[0;39m ?[2m---?[0;39m ?[2m[io-28852-exec-2]?[0;39m ?[36mo.s.s.a.dao.DaoAuthenticationProvider   ?[0;39m ?[2m:?[0;39m Authenticated user
?[0m?[0;34m?[2m2023-08-22T13:43:46.444+02:00?[0;39m ?[32mDEBUG?[0;39m ?[35m18216?[0;39m ?[2m---?[0;39m ?[2m[io-28852-exec-2]?[0;39m ?[36mo.s.s.w.a.www.BasicAuthenticationFilter ?[0;39m ?[2m:?[0;39m Set SecurityContextHolder to UsernamePasswordAuthenticationToken [Principal=account.businesslayer.security.UserAdapter@7750a24, Credentials=[PROTECTED], Authenticated=true, Details=WebAuthenticationDetails [RemoteIpAddress=127.0.0.1, SessionId=null], Granted Authorities=[ROLE_USER]]
?[0m?[0;34m?[2m2023-08-22T13:43:46.444+02:00?[0;39m ?[32mTRACE?[0;39m ?[35m18216?[0;39m ?[2m---?[0;39m ?[2m[io-28852-exec-2]?[0;39m ?[36mo.s.security.web.FilterChainProxy       ?[0;39m ?[2m:?[0;39m Invoking RequestCacheAwareFilter (7/12)
?[0m?[0;34m?[2m2023-08-22T13:43:46.444+02:00?[0;39m ?[32mTRACE?[0;39m ?[35m18216?[0;39m ?[2m---?[0;39m ?[2m[io-28852-exec-2]?[0;39m ?[36mo.s.security.web.FilterChainProxy       ?[0;39m ?[2m:?[0;39m Invoking SecurityContextHolderAwareRequestFilter (8/12)
?[0m?[0;34m?[2m2023-08-22T13:43:46.444+02:00?[0;39m ?[32mTRACE?[0;39m ?[35m18216?[0;39m ?[2m---?[0;39m ?[2m[io-28852-exec-2]?[0;39m ?[36mo.s.security.web.FilterChainProxy       ?[0;39m ?[2m:?[0;39m Invoking AnonymousAuthenticationFilter (9/12)
?[0m?[0;34m?[2m2023-08-22T13:43:46.444+02:00?[0;39m ?[32mTRACE?[0;39m ?[35m18216?[0;39m ?[2m---?[0;39m ?[2m[io-28852-exec-2]?[0;39m ?[36mo.s.security.web.FilterChainProxy       ?[0;39m ?[2m:?[0;39m Invoking SessionManagementFilter (10/12)
?[0m?[0;34m?[2m2023-08-22T13:43:46.444+02:00?[0;39m ?[32mTRACE?[0;39m ?[35m18216?[0;39m ?[2m---?[0;39m ?[2m[io-28852-exec-2]?[0;39m ?[36mo.s.s.w.a.AnonymousAuthenticationFilter ?[0;39m ?[2m:?[0;39m Did not set SecurityContextHolder since already authenticated UsernamePasswordAuthenticationToken [Principal=account.businesslayer.security.UserAdapter@7750a24, Credentials=[PROTECTED], Authenticated=true, Details=WebAuthenticationDetails [RemoteIpAddress=127.0.0.1, SessionId=null], Granted Authorities=[ROLE_USER]]
?[0m?[0;34m?[2m2023-08-22T13:43:46.444+02:00?[0;39m ?[32mTRACE?[0;39m ?[35m18216?[0;39m ?[2m---?[0;39m ?[2m[io-28852-exec-2]?[0;39m ?[36ms.CompositeSessionAuthenticationStrategy?[0;39m ?[2m:?[0;39m Preparing session with ChangeSessionIdAuthenticationStrategy (1/1)
?[0m?[0;34m?[2m2023-08-22T13:43:46.444+02:00?[0;39m ?[32mTRACE?[0;39m ?[35m18216?[0;39m ?[2m---?[0;39m ?[2m[io-28852-exec-2]?[0;39m ?[36mo.s.security.web.FilterChainProxy       ?[0;39m ?[2m:?[0;39m Invoking ExceptionTranslationFilter (11/12)
?[0m?[0;34m?[2m2023-08-22T13:43:46.444+02:00?[0;39m ?[32mTRACE?[0;39m ?[35m18216?[0;39m ?[2m---?[0;39m ?[2m[io-28852-exec-2]?[0;39m ?[36mo.s.security.web.FilterChainProxy       ?[0;39m ?[2m:?[0;39m Invoking AuthorizationFilter (12/12)
?[0m?[0;34m?[2m2023-08-22T13:43:46.444+02:00?[0;39m ?[32mTRACE?[0;39m ?[35m18216?[0;39m ?[2m---?[0;39m ?[2m[io-28852-exec-2]?[0;39m ?[36mestMatcherDelegatingAuthorizationManager?[0;39m ?[2m:?[0;39m Authorizing SecurityContextHolderAwareRequestWrapper[ org.springframework.security.web.header.HeaderWriterFilter$HeaderWriterRequest@1f3ba286]
?[0m?[0;34m?[2m2023-08-22T13:43:46.444+02:00?[0;39m ?[32mTRACE?[0;39m ?[35m18216?[0;39m ?[2m---?[0;39m ?[2m[io-28852-exec-2]?[0;39m ?[36mestMatcherDelegatingAuthorizationManager?[0;39m ?[2m:?[0;39m Checking authorization on SecurityContextHolderAwareRequestWrapper[ org.springframework.security.web.header.HeaderWriterFilter$HeaderWriterRequest@1f3ba286] using org.springframework.security.authorization.AuthenticatedAuthorizationManager@65549294
?[0m?[0;34m?[2m2023-08-22T13:43:46.445+02:00?[0;39m ?[32mDEBUG?[0;39m ?[35m18216?[0;39m ?[2m---?[0;39m ?[2m[io-28852-exec-2]?[0;39m ?[36mo.s.security.web.FilterChainProxy       ?[0;39m ?[2m:?[0;39m Secured POST /api/auth/changepass
?[0m?[0;34m?[2m2023-08-22T13:43:46.446+02:00?[0;39m ?[32mTRACE?[0;39m ?[35m18216?[0;39m ?[2m---?[0;39m ?[2m[io-28852-exec-2]?[0;39m ?[36mo.s.s.w.header.writers.HstsHeaderWriter ?[0;39m ?[2m:?[0;39m Not injecting HSTS header since it did not match request to [Is Secure]
?[0m?[0;34m?[2m2023-08-22T13:43:46.446+02:00?[0;39m ?[32mTRACE?[0;39m ?[35m18216?[0;39m ?[2m---?[0;39m ?[2m[io-28852-exec-2]?[0;39m ?[36mo.s.security.web.FilterChainProxy       ?[0;39m ?[2m:?[0;39m Trying to match request against DefaultSecurityFilterChain [RequestMatcher=any request, Filters=[org.springframework.security.web.session.DisableEncodeUrlFilter@5d51203b, org.springframework.security.web.context.request.async.WebAsyncManagerIntegrationFilter@32be672d, org.springframework.security.web.context.SecurityContextHolderFilter@74f54f8e, org.springframework.security.web.header.HeaderWriterFilter@157ff8f8, org.springframework.security.web.authentication.logout.LogoutFilter@72364a40, org.springframework.security.web.authentication.www.BasicAuthenticationFilter@a23b96b, org.springframework.security.web.savedrequest.RequestCacheAwareFilter@59b8a801, org.springframework.security.web.servletapi.SecurityContextHolderAwareRequestFilter@5aa026e9, org.springframework.security.web.authentication.AnonymousAuthenticationFilter@23e54c8a, org.springframework.security.web.session.SessionManagementFilter@79e3f444, org.springframework.security.web.access.ExceptionTranslationFilter@17a756db, org.springframework.security.web.access.intercept.AuthorizationFilter@55e75ce0]] (1/1)
?[0m?[0;34m?[2m2023-08-22T13:43:46.446+02:00?[0;39m ?[32mDEBUG?[0;39m ?[35m18216?[0;39m ?[2m---?[0;39m ?[2m[io-28852-exec-2]?[0;39m ?[36mo.s.security.web.FilterChainProxy       ?[0;39m ?[2m:?[0;39m Securing POST /error
?[0m?[0;34m?[2m2023-08-22T13:43:46.446+02:00?[0;39m ?[32mTRACE?[0;39m ?[35m18216?[0;39m ?[2m---?[0;39m ?[2m[io-28852-exec-2]?[0;39m ?[36mo.s.security.web.FilterChainProxy       ?[0;39m ?[2m:?[0;39m Invoking DisableEncodeUrlFilter (1/12)
?[0m?[0;34m?[2m2023-08-22T13:43:46.446+02:00?[0;39m ?[32mTRACE?[0;39m ?[35m18216?[0;39m ?[2m---?[0;39m ?[2m[io-28852-exec-2]?[0;39m ?[36mo.s.security.web.FilterChainProxy       ?[0;39m ?[2m:?[0;39m Invoking WebAsyncManagerIntegrationFilter (2/12)
?[0m?[0;34m?[2m2023-08-22T13:43:46.446+02:00?[0;39m ?[32mTRACE?[0;39m ?[35m18216?[0;39m ?[2m---?[0;39m ?[2m[io-28852-exec-2]?[0;39m ?[36mo.s.security.web.FilterChainProxy       ?[0;39m ?[2m:?[0;39m Invoking SecurityContextHolderFilter (3/12)
?[0m?[0;34m?[2m2023-08-22T13:43:46.446+02:00?[0;39m ?[32mTRACE?[0;39m ?[35m18216?[0;39m ?[2m---?[0;39m ?[2m[io-28852-exec-2]?[0;39m ?[36mo.s.security.web.FilterChainProxy       ?[0;39m ?[2m:?[0;39m Invoking HeaderWriterFilter (4/12)
?[0m?[0;34m?[2m2023-08-22T13:43:46.446+02:00?[0;39m ?[32mTRACE?[0;39m ?[35m18216?[0;39m ?[2m---?[0;39m ?[2m[io-28852-exec-2]?[0;39m ?[36mo.s.security.web.FilterChainProxy       ?[0;39m ?[2m:?[0;39m Invoking LogoutFilter (5/12)
?[0m?[0;34m?[2m2023-08-22T13:43:46.446+02:00?[0;39m ?[32mTRACE?[0;39m ?[35m18216?[0;39m ?[2m---?[0;39m ?[2m[io-28852-exec-2]?[0;39m ?[36mo.s.s.w.a.logout.LogoutFilter           ?[0;39m ?[2m:?[0;39m Did not match request to Or [Ant [pattern='/logout', GET], Ant [pattern='/logout', POST], Ant [pattern='/logout', PUT], Ant [pattern='/logout', DELETE]]
?[0m?[0;34m?[2m2023-08-22T13:43:46.446+02:00?[0;39m ?[32mTRACE?[0;39m ?[35m18216?[0;39m ?[2m---?[0;39m ?[2m[io-28852-exec-2]?[0;39m ?[36mo.s.security.web.FilterChainProxy       ?[0;39m ?[2m:?[0;39m Invoking BasicAuthenticationFilter (6/12)
?[0m?[0;34m?[2m2023-08-22T13:43:46.446+02:00?[0;39m ?[32mTRACE?[0;39m ?[35m18216?[0;39m ?[2m---?[0;39m ?[2m[io-28852-exec-2]?[0;39m ?[36mo.s.security.web.FilterChainProxy       ?[0;39m ?[2m:?[0;39m Invoking RequestCacheAwareFilter (7/12)
?[0m?[0;34m?[2m2023-08-22T13:43:46.446+02:00?[0;39m ?[32mTRACE?[0;39m ?[35m18216?[0;39m ?[2m---?[0;39m ?[2m[io-28852-exec-2]?[0;39m ?[36mo.s.security.web.FilterChainProxy       ?[0;39m ?[2m:?[0;39m Invoking SecurityContextHolderAwareRequestFilter (8/12)
?[0m?[0;34m?[2m2023-08-22T13:43:46.446+02:00?[0;39m ?[32mTRACE?[0;39m ?[35m18216?[0;39m ?[2m---?[0;39m ?[2m[io-28852-exec-2]?[0;39m ?[36mo.s.security.web.FilterChainProxy       ?[0;39m ?[2m:?[0;39m Invoking AnonymousAuthenticationFilter (9/12)
?[0m?[0;34m?[2m2023-08-22T13:43:46.446+02:00?[0;39m ?[32mTRACE?[0;39m ?[35m18216?[0;39m ?[2m---?[0;39m ?[2m[io-28852-exec-2]?[0;39m ?[36mo.s.security.web.FilterChainProxy       ?[0;39m ?[2m:?[0;39m Invoking SessionManagementFilter (10/12)
?[0m?[0;34m?[2m2023-08-22T13:43:46.446+02:00?[0;39m ?[32mTRACE?[0;39m ?[35m18216?[0;39m ?[2m---?[0;39m ?[2m[io-28852-exec-2]?[0;39m ?[36mo.s.security.web.FilterChainProxy       ?[0;39m ?[2m:?[0;39m Invoking ExceptionTranslationFilter (11/12)
?[0m?[0;34m?[2m2023-08-22T13:43:46.446+02:00?[0;39m ?[32mTRACE?[0;39m ?[35m18216?[0;39m ?[2m---?[0;39m ?[2m[io-28852-exec-2]?[0;39m ?[36mo.s.security.web.FilterChainProxy       ?[0;39m ?[2m:?[0;39m Invoking AuthorizationFilter (12/12)
?[0m?[0;34m?[2m2023-08-22T13:43:46.447+02:00?[0;39m ?[32mTRACE?[0;39m ?[35m18216?[0;39m ?[2m---?[0;39m ?[2m[io-28852-exec-2]?[0;39m ?[36mestMatcherDelegatingAuthorizationManager?[0;39m ?[2m:?[0;39m Authorizing SecurityContextHolderAwareRequestWrapper[ FirewalledRequest[ org.apache.catalina.core.ApplicationHttpRequest@4d6a7712]]
?[0m?[0;34m?[2m2023-08-22T13:43:46.447+02:00?[0;39m ?[32mTRACE?[0;39m ?[35m18216?[0;39m ?[2m---?[0;39m ?[2m[io-28852-exec-2]?[0;39m ?[36mestMatcherDelegatingAuthorizationManager?[0;39m ?[2m:?[0;39m Checking authorization on SecurityContextHolderAwareRequestWrapper[ FirewalledRequest[ org.apache.catalina.core.ApplicationHttpRequest@4d6a7712]] using org.springframework.security.config.annotation.web.configurers.AuthorizeHttpRequestsConfigurer$$Lambda$1316/0x0000000100a4d140@528cc85a
?[0m?[0;34m?[2m2023-08-22T13:43:46.447+02:00?[0;39m ?[32mDEBUG?[0;39m ?[35m18216?[0;39m ?[2m---?[0;39m ?[2m[io-28852-exec-2]?[0;39m ?[36mo.s.security.web.FilterChainProxy       ?[0;39m ?[2m:?[0;39m Secured POST /error
?[0m?[0;34m?[2m2023-08-22T13:43:46.447+02:00?[0;39m ?[32mTRACE?[0;39m ?[35m18216?[0;39m ?[2m---?[0;39m ?[2m[io-28852-exec-2]?[0;39m ?[36mo.s.s.w.a.AnonymousAuthenticationFilter ?[0;39m ?[2m:?[0;39m Did not set SecurityContextHolder since already authenticated UsernamePasswordAuthenticationToken [Principal=account.businesslayer.security.UserAdapter@7750a24, Credentials=[PROTECTED], Authenticated=true, Details=WebAuthenticationDetails [RemoteIpAddress=127.0.0.1, SessionId=null], Granted Authorities=[ROLE_USER]]
?[0m?[0;34m?[2m2023-08-22T13:43:46.452+02:00?[0;39m ?[32mTRACE?[0;39m ?[35m18216?[0;39m ?[2m---?[0;39m ?[2m[io-28852-exec-1]?[0;39m ?[36mo.s.security.web.FilterChainProxy       ?[0;39m ?[2m:?[0;39m Trying to match request against DefaultSecurityFilterChain [RequestMatcher=any request, Filters=[org.springframework.security.web.session.DisableEncodeUrlFilter@5d51203b, org.springframework.security.web.context.request.async.WebAsyncManagerIntegrationFilter@32be672d, org.springframework.security.web.context.SecurityContextHolderFilter@74f54f8e, org.springframework.security.web.header.HeaderWriterFilter@157ff8f8, org.springframework.security.web.authentication.logout.LogoutFilter@72364a40, org.springframework.security.web.authentication.www.BasicAuthenticationFilter@a23b96b, org.springframework.security.web.savedrequest.RequestCacheAwareFilter@59b8a801, org.springframework.security.web.servletapi.SecurityContextHolderAwareRequestFilter@5aa026e9, org.springframework.security.web.authentication.AnonymousAuthenticationFilter@23e54c8a, org.springframework.security.web.session.SessionManagementFilter@79e3f444, org.springframework.security.web.access.ExceptionTranslationFilter@17a756db, org.springframework.security.web.access.intercept.AuthorizationFilter@55e75ce0]] (1/1)
?[0m?[0;34m?[2m2023-08-22T13:43:46.453+02:00?[0;39m ?[32mDEBUG?[0;39m ?[35m18216?[0;39m ?[2m---?[0;39m ?[2m[io-28852-exec-1]?[0;39m ?[36mo.s.security.web.FilterChainProxy       ?[0;39m ?[2m:?[0;39m Securing POST /api/auth/changepass
?[0m?[0;34m?[2m2023-08-22T13:43:46.453+02:00?[0;39m ?[32mTRACE?[0;39m ?[35m18216?[0;39m ?[2m---?[0;39m ?[2m[io-28852-exec-1]?[0;39m ?[36mo.s.security.web.FilterChainProxy       ?[0;39m ?[2m:?[0;39m Invoking DisableEncodeUrlFilter (1/12)
?[0m?[0;34m?[2m2023-08-22T13:43:46.453+02:00?[0;39m ?[32mTRACE?[0;39m ?[35m18216?[0;39m ?[2m---?[0;39m ?[2m[io-28852-exec-1]?[0;39m ?[36mo.s.security.web.FilterChainProxy       ?[0;39m ?[2m:?[0;39m Invoking WebAsyncManagerIntegrationFilter (2/12)
?[0m?[0;34m?[2m2023-08-22T13:43:46.453+02:00?[0;39m ?[32mTRACE?[0;39m ?[35m18216?[0;39m ?[2m---?[0;39m ?[2m[io-28852-exec-1]?[0;39m ?[36mo.s.security.web.FilterChainProxy       ?[0;39m ?[2m:?[0;39m Invoking SecurityContextHolderFilter (3/12)
?[0m?[0;34m?[2m2023-08-22T13:43:46.453+02:00?[0;39m ?[32mTRACE?[0;39m ?[35m18216?[0;39m ?[2m---?[0;39m ?[2m[io-28852-exec-1]?[0;39m ?[36mo.s.security.web.FilterChainProxy       ?[0;39m ?[2m:?[0;39m Invoking HeaderWriterFilter (4/12)
?[0m?[0;34m?[2m2023-08-22T13:43:46.453+02:00?[0;39m ?[32mTRACE?[0;39m ?[35m18216?[0;39m ?[2m---?[0;39m ?[2m[io-28852-exec-1]?[0;39m ?[36mo.s.security.web.FilterChainProxy       ?[0;39m ?[2m:?[0;39m Invoking LogoutFilter (5/12)
?[0m?[0;34m?[2m2023-08-22T13:43:46.453+02:00?[0;39m ?[32mTRACE?[0;39m ?[35m18216?[0;39m ?[2m---?[0;39m ?[2m[io-28852-exec-1]?[0;39m ?[36mo.s.s.w.a.logout.LogoutFilter           ?[0;39m ?[2m:?[0;39m Did not match request to Or [Ant [pattern='/logout', GET], Ant [pattern='/logout', POST], Ant [pattern='/logout', PUT], Ant [pattern='/logout', DELETE]]
?[0m?[0;34m?[2m2023-08-22T13:43:46.453+02:00?[0;39m ?[32mTRACE?[0;39m ?[35m18216?[0;39m ?[2m---?[0;39m ?[2m[io-28852-exec-1]?[0;39m ?[36mo.s.security.web.FilterChainProxy       ?[0;39m ?[2m:?[0;39m Invoking BasicAuthenticationFilter (6/12)
?[0m?[0;34m?[2m2023-08-22T13:43:46.453+02:00?[0;39m ?[32mTRACE?[0;39m ?[35m18216?[0;39m ?[2m---?[0;39m ?[2m[io-28852-exec-1]?[0;39m ?[36mo.s.s.w.a.www.BasicAuthenticationFilter ?[0;39m ?[2m:?[0;39m Found username 'JohnDoe@acme.com' in Basic Authorization header
?[0m?[0;34m?[2m2023-08-22T13:43:46.453+02:00?[0;39m ?[32mTRACE?[0;39m ?[35m18216?[0;39m ?[2m---?[0;39m ?[2m[io-28852-exec-1]?[0;39m ?[36m.s.s.w.c.SupplierDeferredSecurityContext?[0;39m ?[2m:?[0;39m Created SecurityContextImpl [Null authentication]
?[0m?[0;34m?[2m2023-08-22T13:43:46.453+02:00?[0;39m ?[32mTRACE?[0;39m ?[35m18216?[0;39m ?[2m---?[0;39m ?[2m[io-28852-exec-1]?[0;39m ?[36mo.s.s.authentication.ProviderManager    ?[0;39m ?[2m:?[0;39m Authenticating request with DaoAuthenticationProvider (1/1)
?[0m?[0;34mHibernate: select u1_0.id,u1_0.email,u1_0.lastname,u1_0.name,u1_0.password from users u1_0 where upper(u1_0.email)=upper(?)
?[0m?[0;34m?[2m2023-08-22T13:43:46.511+02:00?[0;39m ?[32mDEBUG?[0;39m ?[35m18216?[0;39m ?[2m---?[0;39m ?[2m[io-28852-exec-1]?[0;39m ?[36mo.s.s.a.dao.DaoAuthenticationProvider   ?[0;39m ?[2m:?[0;39m Authenticated user
?[0m?[0;34m?[2m2023-08-22T13:43:46.512+02:00?[0;39m ?[32mDEBUG?[0;39m ?[35m18216?[0;39m ?[2m---?[0;39m ?[2m[io-28852-exec-1]?[0;39m ?[36mo.s.s.w.a.www.BasicAuthenticationFilter ?[0;39m ?[2m:?[0;39m Set SecurityContextHolder to UsernamePasswordAuthenticationToken [Principal=account.businesslayer.security.UserAdapter@5955dad9, Credentials=[PROTECTED], Authenticated=true, Details=WebAuthenticationDetails [RemoteIpAddress=127.0.0.1, SessionId=null], Granted Authorities=[ROLE_USER]]
?[0m?[0;34m?[2m2023-08-22T13:43:46.512+02:00?[0;39m ?[32mTRACE?[0;39m ?[35m18216?[0;39m ?[2m---?[0;39m ?[2m[io-28852-exec-1]?[0;39m ?[36mo.s.security.web.FilterChainProxy       ?[0;39m ?[2m:?[0;39m Invoking RequestCacheAwareFilter (7/12)
?[0m?[0;34m?[2m2023-08-22T13:43:46.512+02:00?[0;39m ?[32mTRACE?[0;39m ?[35m18216?[0;39m ?[2m---?[0;39m ?[2m[io-28852-exec-1]?[0;39m ?[36mo.s.security.web.FilterChainProxy       ?[0;39m ?[2m:?[0;39m Invoking SecurityContextHolderAwareRequestFilter (8/12)
?[0m?[0;34m?[2m2023-08-22T13:43:46.512+02:00?[0;39m ?[32mTRACE?[0;39m ?[35m18216?[0;39m ?[2m---?[0;39m ?[2m[io-28852-exec-1]?[0;39m ?[36mo.s.security.web.FilterChainProxy       ?[0;39m ?[2m:?[0;39m Invoking AnonymousAuthenticationFilter (9/12)
?[0m?[0;34m?[2m2023-08-22T13:43:46.512+02:00?[0;39m ?[32mTRACE?[0;39m ?[35m18216?[0;39m ?[2m---?[0;39m ?[2m[io-28852-exec-1]?[0;39m ?[36mo.s.security.web.FilterChainProxy       ?[0;39m ?[2m:?[0;39m Invoking SessionManagementFilter (10/12)
?[0m?[0;34m?[2m2023-08-22T13:43:46.512+02:00?[0;39m ?[32mTRACE?[0;39m ?[35m18216?[0;39m ?[2m---?[0;39m ?[2m[io-28852-exec-1]?[0;39m ?[36mo.s.s.w.a.AnonymousAuthenticationFilter ?[0;39m ?[2m:?[0;39m Did not set SecurityContextHolder since already authenticated UsernamePasswordAuthenticationToken [Principal=account.businesslayer.security.UserAdapter@5955dad9, Credentials=[PROTECTED], Authenticated=true, Details=WebAuthenticationDetails [RemoteIpAddress=127.0.0.1, SessionId=null], Granted Authorities=[ROLE_USER]]
?[0m?[0;34m?[2m2023-08-22T13:43:46.512+02:00?[0;39m ?[32mTRACE?[0;39m ?[35m18216?[0;39m ?[2m---?[0;39m ?[2m[io-28852-exec-1]?[0;39m ?[36ms.CompositeSessionAuthenticationStrategy?[0;39m ?[2m:?[0;39m Preparing session with ChangeSessionIdAuthenticationStrategy (1/1)
?[0m?[0;34m?[2m2023-08-22T13:43:46.512+02:00?[0;39m ?[32mTRACE?[0;39m ?[35m18216?[0;39m ?[2m---?[0;39m ?[2m[io-28852-exec-1]?[0;39m ?[36mo.s.security.web.FilterChainProxy       ?[0;39m ?[2m:?[0;39m Invoking ExceptionTranslationFilter (11/12)
?[0m?[0;34m?[2m2023-08-22T13:43:46.512+02:00?[0;39m ?[32mTRACE?[0;39m ?[35m18216?[0;39m ?[2m---?[0;39m ?[2m[io-28852-exec-1]?[0;39m ?[36mo.s.security.web.FilterChainProxy       ?[0;39m ?[2m:?[0;39m Invoking AuthorizationFilter (12/12)
?[0m?[0;34m?[2m2023-08-22T13:43:46.512+02:00?[0;39m ?[32mTRACE?[0;39m ?[35m18216?[0;39m ?[2m---?[0;39m ?[2m[io-28852-exec-1]?[0;39m ?[36mestMatcherDelegatingAuthorizationManager?[0;39m ?[2m:?[0;39m Authorizing SecurityContextHolderAwareRequestWrapper[ org.springframework.security.web.header.HeaderWriterFilter$HeaderWriterRequest@561e98f5]
?[0m?[0;34m?[2m2023-08-22T13:43:46.512+02:00?[0;39m ?[32mTRACE?[0;39m ?[35m18216?[0;39m ?[2m---?[0;39m ?[2m[io-28852-exec-1]?[0;39m ?[36mestMatcherDelegatingAuthorizationManager?[0;39m ?[2m:?[0;39m Checking authorization on SecurityContextHolderAwareRequestWrapper[ org.springframework.security.web.header.HeaderWriterFilter$HeaderWriterRequest@561e98f5] using org.springframework.security.authorization.AuthenticatedAuthorizationManager@65549294
?[0m?[0;34m?[2m2023-08-22T13:43:46.512+02:00?[0;39m ?[32mDEBUG?[0;39m ?[35m18216?[0;39m ?[2m---?[0;39m ?[2m[io-28852-exec-1]?[0;39m ?[36mo.s.security.web.FilterChainProxy       ?[0;39m ?[2m:?[0;39m Secured POST /api/auth/changepass
?[0m?[0;34m?[2m2023-08-22T13:43:46.513+02:00?[0;39m ?[32mTRACE?[0;39m ?[35m18216?[0;39m ?[2m---?[0;39m ?[2m[io-28852-exec-1]?[0;39m ?[36mo.s.s.w.header.writers.HstsHeaderWriter ?[0;39m ?[2m:?[0;39m Not injecting HSTS header since it did not match request to [Is Secure]
?[0m?[0;34m?[2m2023-08-22T13:43:46.514+02:00?[0;39m ?[32mTRACE?[0;39m ?[35m18216?[0;39m ?[2m---?[0;39m ?[2m[io-28852-exec-1]?[0;39m ?[36mo.s.security.web.FilterChainProxy       ?[0;39m ?[2m:?[0;39m Trying to match request against DefaultSecurityFilterChain [RequestMatcher=any request, Filters=[org.springframework.security.web.session.DisableEncodeUrlFilter@5d51203b, org.springframework.security.web.context.request.async.WebAsyncManagerIntegrationFilter@32be672d, org.springframework.security.web.context.SecurityContextHolderFilter@74f54f8e, org.springframework.security.web.header.HeaderWriterFilter@157ff8f8, org.springframework.security.web.authentication.logout.LogoutFilter@72364a40, org.springframework.security.web.authentication.www.BasicAuthenticationFilter@a23b96b, org.springframework.security.web.savedrequest.RequestCacheAwareFilter@59b8a801, org.springframework.security.web.servletapi.SecurityContextHolderAwareRequestFilter@5aa026e9, org.springframework.security.web.authentication.AnonymousAuthenticationFilter@23e54c8a, org.springframework.security.web.session.SessionManagementFilter@79e3f444, org.springframework.security.web.access.ExceptionTranslationFilter@17a756db, org.springframework.security.web.access.intercept.AuthorizationFilter@55e75ce0]] (1/1)
?[0m?[0;34m?[2m2023-08-22T13:43:46.514+02:00?[0;39m ?[32mDEBUG?[0;39m ?[35m18216?[0;39m ?[2m---?[0;39m ?[2m[io-28852-exec-1]?[0;39m ?[36mo.s.security.web.FilterChainProxy       ?[0;39m ?[2m:?[0;39m Securing POST /error
?[0m?[0;34m?[2m2023-08-22T13:43:46.514+02:00?[0;39m ?[32mTRACE?[0;39m ?[35m18216?[0;39m ?[2m---?[0;39m ?[2m[io-28852-exec-1]?[0;39m ?[36mo.s.security.web.FilterChainProxy       ?[0;39m ?[2m:?[0;39m Invoking DisableEncodeUrlFilter (1/12)
?[0m?[0;34m?[2m2023-08-22T13:43:46.514+02:00?[0;39m ?[32mTRACE?[0;39m ?[35m18216?[0;39m ?[2m---?[0;39m ?[2m[io-28852-exec-1]?[0;39m ?[36mo.s.security.web.FilterChainProxy       ?[0;39m ?[2m:?[0;39m Invoking WebAsyncManagerIntegrationFilter (2/12)
?[0m?[0;34m?[2m2023-08-22T13:43:46.514+02:00?[0;39m ?[32mTRACE?[0;39m ?[35m18216?[0;39m ?[2m---?[0;39m ?[2m[io-28852-exec-1]?[0;39m ?[36mo.s.security.web.FilterChainProxy       ?[0;39m ?[2m:?[0;39m Invoking SecurityContextHolderFilter (3/12)
?[0m?[0;34m?[2m2023-08-22T13:43:46.514+02:00?[0;39m ?[32mTRACE?[0;39m ?[35m18216?[0;39m ?[2m---?[0;39m ?[2m[io-28852-exec-1]?[0;39m ?[36mo.s.security.web.FilterChainProxy       ?[0;39m ?[2m:?[0;39m Invoking HeaderWriterFilter (4/12)
?[0m?[0;34m?[2m2023-08-22T13:43:46.514+02:00?[0;39m ?[32mTRACE?[0;39m ?[35m18216?[0;39m ?[2m---?[0;39m ?[2m[io-28852-exec-1]?[0;39m ?[36mo.s.security.web.FilterChainProxy       ?[0;39m ?[2m:?[0;39m Invoking LogoutFilter (5/12)
?[0m?[0;34m?[2m2023-08-22T13:43:46.514+02:00?[0;39m ?[32mTRACE?[0;39m ?[35m18216?[0;39m ?[2m---?[0;39m ?[2m[io-28852-exec-1]?[0;39m ?[36mo.s.s.w.a.logout.LogoutFilter           ?[0;39m ?[2m:?[0;39m Did not match request to Or [Ant [pattern='/logout', GET], Ant [pattern='/logout', POST], Ant [pattern='/logout', PUT], Ant [pattern='/logout', DELETE]]
?[0m?[0;34m?[2m2023-08-22T13:43:46.514+02:00?[0;39m ?[32mTRACE?[0;39m ?[35m18216?[0;39m ?[2m---?[0;39m ?[2m[io-28852-exec-1]?[0;39m ?[36mo.s.security.web.FilterChainProxy       ?[0;39m ?[2m:?[0;39m Invoking BasicAuthenticationFilter (6/12)
?[0m?[0;34m?[2m2023-08-22T13:43:46.514+02:00?[0;39m ?[32mTRACE?[0;39m ?[35m18216?[0;39m ?[2m---?[0;39m ?[2m[io-28852-exec-1]?[0;39m ?[36mo.s.security.web.FilterChainProxy       ?[0;39m ?[2m:?[0;39m Invoking RequestCacheAwareFilter (7/12)
?[0m?[0;34m?[2m2023-08-22T13:43:46.514+02:00?[0;39m ?[32mTRACE?[0;39m ?[35m18216?[0;39m ?[2m---?[0;39m ?[2m[io-28852-exec-1]?[0;39m ?[36mo.s.security.web.FilterChainProxy       ?[0;39m ?[2m:?[0;39m Invoking SecurityContextHolderAwareRequestFilter (8/12)
?[0m?[0;34m?[2m2023-08-22T13:43:46.514+02:00?[0;39m ?[32mTRACE?[0;39m ?[35m18216?[0;39m ?[2m---?[0;39m ?[2m[io-28852-exec-1]?[0;39m ?[36mo.s.security.web.FilterChainProxy       ?[0;39m ?[2m:?[0;39m Invoking AnonymousAuthenticationFilter (9/12)
?[0m?[0;34m?[2m2023-08-22T13:43:46.514+02:00?[0;39m ?[32mTRACE?[0;39m ?[35m18216?[0;39m ?[2m---?[0;39m ?[2m[io-28852-exec-1]?[0;39m ?[36mo.s.security.web.FilterChainProxy       ?[0;39m ?[2m:?[0;39m Invoking SessionManagementFilter (10/12)
?[0m?[0;34m?[2m2023-08-22T13:43:46.514+02:00?[0;39m ?[32mTRACE?[0;39m ?[35m18216?[0;39m ?[2m---?[0;39m ?[2m[io-28852-exec-1]?[0;39m ?[36mo.s.security.web.FilterChainProxy       ?[0;39m ?[2m:?[0;39m Invoking ExceptionTranslationFilter (11/12)
?[0m?[0;34m?[2m2023-08-22T13:43:46.514+02:00?[0;39m ?[32mTRACE?[0;39m ?[35m18216?[0;39m ?[2m---?[0;39m ?[2m[io-28852-exec-1]?[0;39m ?[36mo.s.security.web.FilterChainProxy       ?[0;39m ?[2m:?[0;39m Invoking AuthorizationFilter (12/12)
?[0m?[0;34m?[2m2023-08-22T13:43:46.514+02:00?[0;39m ?[32mTRACE?[0;39m ?[35m18216?[0;39m ?[2m---?[0;39m ?[2m[io-28852-exec-1]?[0;39m ?[36mestMatcherDelegatingAuthorizationManager?[0;39m ?[2m:?[0;39m Authorizing SecurityContextHolderAwareRequestWrapper[ FirewalledRequest[ org.apache.catalina.core.ApplicationHttpRequest@a6641d2]]
?[0m?[0;34m?[2m2023-08-22T13:43:46.514+02:00?[0;39m ?[32mTRACE?[0;39m ?[35m18216?[0;39m ?[2m---?[0;39m ?[2m[io-28852-exec-1]?[0;39m ?[36mestMatcherDelegatingAuthorizationManager?[0;39m ?[2m:?[0;39m Checking authorization on SecurityContextHolderAwareRequestWrapper[ FirewalledRequest[ org.apache.catalina.core.ApplicationHttpRequest@a6641d2]] using org.springframework.security.config.annotation.web.configurers.AuthorizeHttpRequestsConfigurer$$Lambda$1316/0x0000000100a4d140@528cc85a
?[0m?[0;34m?[2m2023-08-22T13:43:46.514+02:00?[0;39m ?[32mDEBUG?[0;39m ?[35m18216?[0;39m ?[2m---?[0;39m ?[2m[io-28852-exec-1]?[0;39m ?[36mo.s.security.web.FilterChainProxy       ?[0;39m ?[2m:?[0;39m Secured POST /error
?[0m?[0;34m?[2m2023-08-22T13:43:46.514+02:00?[0;39m ?[32mTRACE?[0;39m ?[35m18216?[0;39m ?[2m---?[0;39m ?[2m[io-28852-exec-1]?[0;39m ?[36mo.s.s.w.a.AnonymousAuthenticationFilter ?[0;39m ?[2m:?[0;39m Did not set SecurityContextHolder since already authenticated UsernamePasswordAuthenticationToken [Principal=account.businesslayer.security.UserAdapter@5955dad9, Credentials=[PROTECTED], Authenticated=true, Details=WebAuthenticationDetails [RemoteIpAddress=127.0.0.1, SessionId=null], Granted Authorities=[ROLE_USER]]
?[0m?[0;34m?[2m2023-08-22T13:43:46.519+02:00?[0;39m ?[32mTRACE?[0;39m ?[35m18216?[0;39m ?[2m---?[0;39m ?[2m[io-28852-exec-9]?[0;39m ?[36mo.s.security.web.FilterChainProxy       ?[0;39m ?[2m:?[0;39m Trying to match request against DefaultSecurityFilterChain [RequestMatcher=any request, Filters=[org.springframework.security.web.session.DisableEncodeUrlFilter@5d51203b, org.springframework.security.web.context.request.async.WebAsyncManagerIntegrationFilter@32be672d, org.springframework.security.web.context.SecurityContextHolderFilter@74f54f8e, org.springframework.security.web.header.HeaderWriterFilter@157ff8f8, org.springframework.security.web.authentication.logout.LogoutFilter@72364a40, org.springframework.security.web.authentication.www.BasicAuthenticationFilter@a23b96b, org.springframework.security.web.savedrequest.RequestCacheAwareFilter@59b8a801, org.springframework.security.web.servletapi.SecurityContextHolderAwareRequestFilter@5aa026e9, org.springframework.security.web.authentication.AnonymousAuthenticationFilter@23e54c8a, org.springframework.security.web.session.SessionManagementFilter@79e3f444, org.springframework.security.web.access.ExceptionTranslationFilter@17a756db, org.springframework.security.web.access.intercept.AuthorizationFilter@55e75ce0]] (1/1)
?[0m?[0;34m?[2m2023-08-22T13:43:46.520+02:00?[0;39m ?[32mDEBUG?[0;39m ?[35m18216?[0;39m ?[2m---?[0;39m ?[2m[io-28852-exec-9]?[0;39m ?[36mo.s.security.web.FilterChainProxy       ?[0;39m ?[2m:?[0;39m Securing POST /api/auth/changepass
?[0m?[0;34m?[2m2023-08-22T13:43:46.520+02:00?[0;39m ?[32mTRACE?[0;39m ?[35m18216?[0;39m ?[2m---?[0;39m ?[2m[io-28852-exec-9]?[0;39m ?[36mo.s.security.web.FilterChainProxy       ?[0;39m ?[2m:?[0;39m Invoking DisableEncodeUrlFilter (1/12)
?[0m?[0;34m?[2m2023-08-22T13:43:46.520+02:00?[0;39m ?[32mTRACE?[0;39m ?[35m18216?[0;39m ?[2m---?[0;39m ?[2m[io-28852-exec-9]?[0;39m ?[36mo.s.security.web.FilterChainProxy       ?[0;39m ?[2m:?[0;39m Invoking WebAsyncManagerIntegrationFilter (2/12)
?[0m?[0;34m?[2m2023-08-22T13:43:46.520+02:00?[0;39m ?[32mTRACE?[0;39m ?[35m18216?[0;39m ?[2m---?[0;39m ?[2m[io-28852-exec-9]?[0;39m ?[36mo.s.security.web.FilterChainProxy       ?[0;39m ?[2m:?[0;39m Invoking SecurityContextHolderFilter (3/12)
?[0m?[0;34m?[2m2023-08-22T13:43:46.520+02:00?[0;39m ?[32mTRACE?[0;39m ?[35m18216?[0;39m ?[2m---?[0;39m ?[2m[io-28852-exec-9]?[0;39m ?[36mo.s.security.web.FilterChainProxy       ?[0;39m ?[2m:?[0;39m Invoking HeaderWriterFilter (4/12)
?[0m?[0;34m?[2m2023-08-22T13:43:46.520+02:00?[0;39m ?[32mTRACE?[0;39m ?[35m18216?[0;39m ?[2m---?[0;39m ?[2m[io-28852-exec-9]?[0;39m ?[36mo.s.security.web.FilterChainProxy       ?[0;39m ?[2m:?[0;39m Invoking LogoutFilter (5/12)
?[0m?[0;34m?[2m2023-08-22T13:43:46.520+02:00?[0;39m ?[32mTRACE?[0;39m ?[35m18216?[0;39m ?[2m---?[0;39m ?[2m[io-28852-exec-9]?[0;39m ?[36mo.s.s.w.a.logout.LogoutFilter           ?[0;39m ?[2m:?[0;39m Did not match request to Or [Ant [pattern='/logout', GET], Ant [pattern='/logout', POST], Ant [pattern='/logout', PUT], Ant [pattern='/logout', DELETE]]
?[0m?[0;34m?[2m2023-08-22T13:43:46.520+02:00?[0;39m ?[32mTRACE?[0;39m ?[35m18216?[0;39m ?[2m---?[0;39m ?[2m[io-28852-exec-9]?[0;39m ?[36mo.s.security.web.FilterChainProxy       ?[0;39m ?[2m:?[0;39m Invoking BasicAuthenticationFilter (6/12)
?[0m?[0;34m?[2m2023-08-22T13:43:46.520+02:00?[0;39m ?[32mTRACE?[0;39m ?[35m18216?[0;39m ?[2m---?[0;39m ?[2m[io-28852-exec-9]?[0;39m ?[36mo.s.s.w.a.www.BasicAuthenticationFilter ?[0;39m ?[2m:?[0;39m Found username 'JohnDoe@acme.com' in Basic Authorization header
?[0m?[0;34m?[2m2023-08-22T13:43:46.520+02:00?[0;39m ?[32mTRACE?[0;39m ?[35m18216?[0;39m ?[2m---?[0;39m ?[2m[io-28852-exec-9]?[0;39m ?[36m.s.s.w.c.SupplierDeferredSecurityContext?[0;39m ?[2m:?[0;39m Created SecurityContextImpl [Null authentication]
?[0m?[0;34m?[2m2023-08-22T13:43:46.520+02:00?[0;39m ?[32mTRACE?[0;39m ?[35m18216?[0;39m ?[2m---?[0;39m ?[2m[io-28852-exec-9]?[0;39m ?[36mo.s.s.authentication.ProviderManager    ?[0;39m ?[2m:?[0;39m Authenticating request with DaoAuthenticationProvider (1/1)
?[0m?[0;34mHibernate: select u1_0.id,u1_0.email,u1_0.lastname,u1_0.name,u1_0.password from users u1_0 where upper(u1_0.email)=upper(?)
?[0m?[0;34m?[2m2023-08-22T13:43:46.577+02:00?[0;39m ?[32mDEBUG?[0;39m ?[35m18216?[0;39m ?[2m---?[0;39m ?[2m[io-28852-exec-9]?[0;39m ?[36mo.s.s.a.dao.DaoAuthenticationProvider   ?[0;39m ?[2m:?[0;39m Authenticated user
?[0m?[0;34m?[2m2023-08-22T13:43:46.578+02:00?[0;39m ?[32mDEBUG?[0;39m ?[35m18216?[0;39m ?[2m---?[0;39m ?[2m[io-28852-exec-9]?[0;39m ?[36mo.s.s.w.a.www.BasicAuthenticationFilter ?[0;39m ?[2m:?[0;39m Set SecurityContextHolder to UsernamePasswordAuthenticationToken [Principal=account.businesslayer.security.UserAdapter@2a5ce138, Credentials=[PROTECTED], Authenticated=true, Details=WebAuthenticationDetails [RemoteIpAddress=127.0.0.1, SessionId=null], Granted Authorities=[ROLE_USER]]
?[0m?[0;34m?[2m2023-08-22T13:43:46.578+02:00?[0;39m ?[32mTRACE?[0;39m ?[35m18216?[0;39m ?[2m---?[0;39m ?[2m[io-28852-exec-9]?[0;39m ?[36mo.s.security.web.FilterChainProxy       ?[0;39m ?[2m:?[0;39m Invoking RequestCacheAwareFilter (7/12)
?[0m?[0;34m?[2m2023-08-22T13:43:46.578+02:00?[0;39m ?[32mTRACE?[0;39m ?[35m18216?[0;39m ?[2m---?[0;39m ?[2m[io-28852-exec-9]?[0;39m ?[36mo.s.security.web.FilterChainProxy       ?[0;39m ?[2m:?[0;39m Invoking SecurityContextHolderAwareRequestFilter (8/12)
?[0m?[0;34m?[2m2023-08-22T13:43:46.578+02:00?[0;39m ?[32mTRACE?[0;39m ?[35m18216?[0;39m ?[2m---?[0;39m ?[2m[io-28852-exec-9]?[0;39m ?[36mo.s.security.web.FilterChainProxy       ?[0;39m ?[2m:?[0;39m Invoking AnonymousAuthenticationFilter (9/12)
?[0m?[0;34m?[2m2023-08-22T13:43:46.578+02:00?[0;39m ?[32mTRACE?[0;39m ?[35m18216?[0;39m ?[2m---?[0;39m ?[2m[io-28852-exec-9]?[0;39m ?[36mo.s.security.web.FilterChainProxy       ?[0;39m ?[2m:?[0;39m Invoking SessionManagementFilter (10/12)
?[0m?[0;34m?[2m2023-08-22T13:43:46.578+02:00?[0;39m ?[32mTRACE?[0;39m ?[35m18216?[0;39m ?[2m---?[0;39m ?[2m[io-28852-exec-9]?[0;39m ?[36mo.s.s.w.a.AnonymousAuthenticationFilter ?[0;39m ?[2m:?[0;39m Did not set SecurityContextHolder since already authenticated UsernamePasswordAuthenticationToken [Principal=account.businesslayer.security.UserAdapter@2a5ce138, Credentials=[PROTECTED], Authenticated=true, Details=WebAuthenticationDetails [RemoteIpAddress=127.0.0.1, SessionId=null], Granted Authorities=[ROLE_USER]]
?[0m?[0;34m?[2m2023-08-22T13:43:46.578+02:00?[0;39m ?[32mTRACE?[0;39m ?[35m18216?[0;39m ?[2m---?[0;39m ?[2m[io-28852-exec-9]?[0;39m ?[36ms.CompositeSessionAuthenticationStrategy?[0;39m ?[2m:?[0;39m Preparing session with ChangeSessionIdAuthenticationStrategy (1/1)
?[0m?[0;34m?[2m2023-08-22T13:43:46.578+02:00?[0;39m ?[32mTRACE?[0;39m ?[35m18216?[0;39m ?[2m---?[0;39m ?[2m[io-28852-exec-9]?[0;39m ?[36mo.s.security.web.FilterChainProxy       ?[0;39m ?[2m:?[0;39m Invoking ExceptionTranslationFilter (11/12)
?[0m?[0;34m?[2m2023-08-22T13:43:46.578+02:00?[0;39m ?[32mTRACE?[0;39m ?[35m18216?[0;39m ?[2m---?[0;39m ?[2m[io-28852-exec-9]?[0;39m ?[36mo.s.security.web.FilterChainProxy       ?[0;39m ?[2m:?[0;39m Invoking AuthorizationFilter (12/12)
?[0m?[0;34m?[2m2023-08-22T13:43:46.578+02:00?[0;39m ?[32mTRACE?[0;39m ?[35m18216?[0;39m ?[2m---?[0;39m ?[2m[io-28852-exec-9]?[0;39m ?[36mestMatcherDelegatingAuthorizationManager?[0;39m ?[2m:?[0;39m Authorizing SecurityContextHolderAwareRequestWrapper[ org.springframework.security.web.header.HeaderWriterFilter$HeaderWriterRequest@67ded2a5]
?[0m?[0;34m?[2m2023-08-22T13:43:46.578+02:00?[0;39m ?[32mTRACE?[0;39m ?[35m18216?[0;39m ?[2m---?[0;39m ?[2m[io-28852-exec-9]?[0;39m ?[36mestMatcherDelegatingAuthorizationManager?[0;39m ?[2m:?[0;39m Checking authorization on SecurityContextHolderAwareRequestWrapper[ org.springframework.security.web.header.HeaderWriterFilter$HeaderWriterRequest@67ded2a5] using org.springframework.security.authorization.AuthenticatedAuthorizationManager@65549294
?[0m?[0;34m?[2m2023-08-22T13:43:46.579+02:00?[0;39m ?[32mDEBUG?[0;39m ?[35m18216?[0;39m ?[2m---?[0;39m ?[2m[io-28852-exec-9]?[0;39m ?[36mo.s.security.web.FilterChainProxy       ?[0;39m ?[2m:?[0;39m Secured POST /api/auth/changepass
?[0m?[0;34m?[2m2023-08-22T13:43:46.579+02:00?[0;39m ?[32mTRACE?[0;39m ?[35m18216?[0;39m ?[2m---?[0;39m ?[2m[io-28852-exec-9]?[0;39m ?[36mo.s.s.w.header.writers.HstsHeaderWriter ?[0;39m ?[2m:?[0;39m Not injecting HSTS header since it did not match request to [Is Secure]
?[0m?[0;34m?[2m2023-08-22T13:43:46.580+02:00?[0;39m ?[32mTRACE?[0;39m ?[35m18216?[0;39m ?[2m---?[0;39m ?[2m[io-28852-exec-9]?[0;39m ?[36mo.s.security.web.FilterChainProxy       ?[0;39m ?[2m:?[0;39m Trying to match request against DefaultSecurityFilterChain [RequestMatcher=any request, Filters=[org.springframework.security.web.session.DisableEncodeUrlFilter@5d51203b, org.springframework.security.web.context.request.async.WebAsyncManagerIntegrationFilter@32be672d, org.springframework.security.web.context.SecurityContextHolderFilter@74f54f8e, org.springframework.security.web.header.HeaderWriterFilter@157ff8f8, org.springframework.security.web.authentication.logout.LogoutFilter@72364a40, org.springframework.security.web.authentication.www.BasicAuthenticationFilter@a23b96b, org.springframework.security.web.savedrequest.RequestCacheAwareFilter@59b8a801, org.springframework.security.web.servletapi.SecurityContextHolderAwareRequestFilter@5aa026e9, org.springframework.security.web.authentication.AnonymousAuthenticationFilter@23e54c8a, org.springframework.security.web.session.SessionManagementFilter@79e3f444, org.springframework.security.web.access.ExceptionTranslationFilter@17a756db, org.springframework.security.web.access.intercept.AuthorizationFilter@55e75ce0]] (1/1)
?[0m?[0;34m?[2m2023-08-22T13:43:46.580+02:00?[0;39m ?[32mDEBUG?[0;39m ?[35m18216?[0;39m ?[2m---?[0;39m ?[2m[io-28852-exec-9]?[0;39m ?[36mo.s.security.web.FilterChainProxy       ?[0;39m ?[2m:?[0;39m Securing POST /error
?[0m?[0;34m?[2m2023-08-22T13:43:46.580+02:00?[0;39m ?[32mTRACE?[0;39m ?[35m18216?[0;39m ?[2m---?[0;39m ?[2m[io-28852-exec-9]?[0;39m ?[36mo.s.security.web.FilterChainProxy       ?[0;39m ?[2m:?[0;39m Invoking DisableEncodeUrlFilter (1/12)
?[0m?[0;34m?[2m2023-08-22T13:43:46.580+02:00?[0;39m ?[32mTRACE?[0;39m ?[35m18216?[0;39m ?[2m---?[0;39m ?[2m[io-28852-exec-9]?[0;39m ?[36mo.s.security.web.FilterChainProxy       ?[0;39m ?[2m:?[0;39m Invoking WebAsyncManagerIntegrationFilter (2/12)
?[0m?[0;34m?[2m2023-08-22T13:43:46.580+02:00?[0;39m ?[32mTRACE?[0;39m ?[35m18216?[0;39m ?[2m---?[0;39m ?[2m[io-28852-exec-9]?[0;39m ?[36mo.s.security.web.FilterChainProxy       ?[0;39m ?[2m:?[0;39m Invoking SecurityContextHolderFilter (3/12)
?[0m?[0;34m?[2m2023-08-22T13:43:46.580+02:00?[0;39m ?[32mTRACE?[0;39m ?[35m18216?[0;39m ?[2m---?[0;39m ?[2m[io-28852-exec-9]?[0;39m ?[36mo.s.security.web.FilterChainProxy       ?[0;39m ?[2m:?[0;39m Invoking HeaderWriterFilter (4/12)
?[0m?[0;34m?[2m2023-08-22T13:43:46.580+02:00?[0;39m ?[32mTRACE?[0;39m ?[35m18216?[0;39m ?[2m---?[0;39m ?[2m[io-28852-exec-9]?[0;39m ?[36mo.s.security.web.FilterChainProxy       ?[0;39m ?[2m:?[0;39m Invoking LogoutFilter (5/12)
?[0m?[0;34m?[2m2023-08-22T13:43:46.580+02:00?[0;39m ?[32mTRACE?[0;39m ?[35m18216?[0;39m ?[2m---?[0;39m ?[2m[io-28852-exec-9]?[0;39m ?[36mo.s.s.w.a.logout.LogoutFilter           ?[0;39m ?[2m:?[0;39m Did not match request to Or [Ant [pattern='/logout', GET], Ant [pattern='/logout', POST], Ant [pattern='/logout', PUT], Ant [pattern='/logout', DELETE]]
?[0m?[0;34m?[2m2023-08-22T13:43:46.580+02:00?[0;39m ?[32mTRACE?[0;39m ?[35m18216?[0;39m ?[2m---?[0;39m ?[2m[io-28852-exec-9]?[0;39m ?[36mo.s.security.web.FilterChainProxy       ?[0;39m ?[2m:?[0;39m Invoking BasicAuthenticationFilter (6/12)
?[0m?[0;34m?[2m2023-08-22T13:43:46.580+02:00?[0;39m ?[32mTRACE?[0;39m ?[35m18216?[0;39m ?[2m---?[0;39m ?[2m[io-28852-exec-9]?[0;39m ?[36mo.s.security.web.FilterChainProxy       ?[0;39m ?[2m:?[0;39m Invoking RequestCacheAwareFilter (7/12)
?[0m?[0;34m?[2m2023-08-22T13:43:46.580+02:00?[0;39m ?[32mTRACE?[0;39m ?[35m18216?[0;39m ?[2m---?[0;39m ?[2m[io-28852-exec-9]?[0;39m ?[36mo.s.security.web.FilterChainProxy       ?[0;39m ?[2m:?[0;39m Invoking SecurityContextHolderAwareRequestFilter (8/12)
?[0m?[0;34m?[2m2023-08-22T13:43:46.580+02:00?[0;39m ?[32mTRACE?[0;39m ?[35m18216?[0;39m ?[2m---?[0;39m ?[2m[io-28852-exec-9]?[0;39m ?[36mo.s.security.web.FilterChainProxy       ?[0;39m ?[2m:?[0;39m Invoking AnonymousAuthenticationFilter (9/12)
?[0m?[0;34m?[2m2023-08-22T13:43:46.580+02:00?[0;39m ?[32mTRACE?[0;39m ?[35m18216?[0;39m ?[2m---?[0;39m ?[2m[io-28852-exec-9]?[0;39m ?[36mo.s.security.web.FilterChainProxy       ?[0;39m ?[2m:?[0;39m Invoking SessionManagementFilter (10/12)
?[0m?[0;34m?[2m2023-08-22T13:43:46.580+02:00?[0;39m ?[32mTRACE?[0;39m ?[35m18216?[0;39m ?[2m---?[0;39m ?[2m[io-28852-exec-9]?[0;39m ?[36mo.s.security.web.FilterChainProxy       ?[0;39m ?[2m:?[0;39m Invoking ExceptionTranslationFilter (11/12)
?[0m?[0;34m?[2m2023-08-22T13:43:46.580+02:00?[0;39m ?[32mTRACE?[0;39m ?[35m18216?[0;39m ?[2m---?[0;39m ?[2m[io-28852-exec-9]?[0;39m ?[36mo.s.security.web.FilterChainProxy       ?[0;39m ?[2m:?[0;39m Invoking AuthorizationFilter (12/12)
?[0m?[0;34m?[2m2023-08-22T13:43:46.580+02:00?[0;39m ?[32mTRACE?[0;39m ?[35m18216?[0;39m ?[2m---?[0;39m ?[2m[io-28852-exec-9]?[0;39m ?[36mestMatcherDelegatingAuthorizationManager?[0;39m ?[2m:?[0;39m Authorizing SecurityContextHolderAwareRequestWrapper[ FirewalledRequest[ org.apache.catalina.core.ApplicationHttpRequest@2af9419e]]
?[0m?[0;34m?[2m2023-08-22T13:43:46.580+02:00?[0;39m ?[32mTRACE?[0;39m ?[35m18216?[0;39m ?[2m---?[0;39m ?[2m[io-28852-exec-9]?[0;39m ?[36mestMatcherDelegatingAuthorizationManager?[0;39m ?[2m:?[0;39m Checking authorization on SecurityContextHolderAwareRequestWrapper[ FirewalledRequest[ org.apache.catalina.core.ApplicationHttpRequest@2af9419e]] using org.springframework.security.config.annotation.web.configurers.AuthorizeHttpRequestsConfigurer$$Lambda$1316/0x0000000100a4d140@528cc85a
?[0m?[0;34m?[2m2023-08-22T13:43:46.580+02:00?[0;39m ?[32mDEBUG?[0;39m ?[35m18216?[0;39m ?[2m---?[0;39m ?[2m[io-28852-exec-9]?[0;39m ?[36mo.s.security.web.FilterChainProxy       ?[0;39m ?[2m:?[0;39m Secured POST /error
?[0m?[0;34m?[2m2023-08-22T13:43:46.581+02:00?[0;39m ?[32mTRACE?[0;39m ?[35m18216?[0;39m ?[2m---?[0;39m ?[2m[io-28852-exec-9]?[0;39m ?[36mo.s.s.w.a.AnonymousAuthenticationFilter ?[0;39m ?[2m:?[0;39m Did not set SecurityContextHolder since already authenticated UsernamePasswordAuthenticationToken [Principal=account.businesslayer.security.UserAdapter@2a5ce138, Credentials=[PROTECTED], Authenticated=true, Details=WebAuthenticationDetails [RemoteIpAddress=127.0.0.1, SessionId=null], Granted Authorities=[ROLE_USER]]
?[0m?[0;34m?[2m2023-08-22T13:43:46.585+02:00?[0;39m ?[32mTRACE?[0;39m ?[35m18216?[0;39m ?[2m---?[0;39m ?[2m[o-28852-exec-10]?[0;39m ?[36mo.s.security.web.FilterChainProxy       ?[0;39m ?[2m:?[0;39m Trying to match request against DefaultSecurityFilterChain [RequestMatcher=any request, Filters=[org.springframework.security.web.session.DisableEncodeUrlFilter@5d51203b, org.springframework.security.web.context.request.async.WebAsyncManagerIntegrationFilter@32be672d, org.springframework.security.web.context.SecurityContextHolderFilter@74f54f8e, org.springframework.security.web.header.HeaderWriterFilter@157ff8f8, org.springframework.security.web.authentication.logout.LogoutFilter@72364a40, org.springframework.security.web.authentication.www.BasicAuthenticationFilter@a23b96b, org.springframework.security.web.savedrequest.RequestCacheAwareFilter@59b8a801, org.springframework.security.web.servletapi.SecurityContextHolderAwareRequestFilter@5aa026e9, org.springframework.security.web.authentication.AnonymousAuthenticationFilter@23e54c8a, org.springframework.security.web.session.SessionManagementFilter@79e3f444, org.springframework.security.web.access.ExceptionTranslationFilter@17a756db, org.springframework.security.web.access.intercept.AuthorizationFilter@55e75ce0]] (1/1)
?[0m?[0;34m?[2m2023-08-22T13:43:46.586+02:00?[0;39m ?[32mDEBUG?[0;39m ?[35m18216?[0;39m ?[2m---?[0;39m ?[2m[o-28852-exec-10]?[0;39m ?[36mo.s.security.web.FilterChainProxy       ?[0;39m ?[2m:?[0;39m Securing POST /api/auth/changepass
?[0m?[0;34m?[2m2023-08-22T13:43:46.586+02:00?[0;39m ?[32mTRACE?[0;39m ?[35m18216?[0;39m ?[2m---?[0;39m ?[2m[o-28852-exec-10]?[0;39m ?[36mo.s.security.web.FilterChainProxy       ?[0;39m ?[2m:?[0;39m Invoking DisableEncodeUrlFilter (1/12)
?[0m?[0;34m?[2m2023-08-22T13:43:46.586+02:00?[0;39m ?[32mTRACE?[0;39m ?[35m18216?[0;39m ?[2m---?[0;39m ?[2m[o-28852-exec-10]?[0;39m ?[36mo.s.security.web.FilterChainProxy       ?[0;39m ?[2m:?[0;39m Invoking WebAsyncManagerIntegrationFilter (2/12)
?[0m?[0;34m?[2m2023-08-22T13:43:46.586+02:00?[0;39m ?[32mTRACE?[0;39m ?[35m18216?[0;39m ?[2m---?[0;39m ?[2m[o-28852-exec-10]?[0;39m ?[36mo.s.security.web.FilterChainProxy       ?[0;39m ?[2m:?[0;39m Invoking SecurityContextHolderFilter (3/12)
?[0m?[0;34m?[2m2023-08-22T13:43:46.586+02:00?[0;39m ?[32mTRACE?[0;39m ?[35m18216?[0;39m ?[2m---?[0;39m ?[2m[o-28852-exec-10]?[0;39m ?[36mo.s.security.web.FilterChainProxy       ?[0;39m ?[2m:?[0;39m Invoking HeaderWriterFilter (4/12)
?[0m?[0;34m?[2m2023-08-22T13:43:46.586+02:00?[0;39m ?[32mTRACE?[0;39m ?[35m18216?[0;39m ?[2m---?[0;39m ?[2m[o-28852-exec-10]?[0;39m ?[36mo.s.security.web.FilterChainProxy       ?[0;39m ?[2m:?[0;39m Invoking LogoutFilter (5/12)
?[0m?[0;34m?[2m2023-08-22T13:43:46.586+02:00?[0;39m ?[32mTRACE?[0;39m ?[35m18216?[0;39m ?[2m---?[0;39m ?[2m[o-28852-exec-10]?[0;39m ?[36mo.s.s.w.a.logout.LogoutFilter           ?[0;39m ?[2m:?[0;39m Did not match request to Or [Ant [pattern='/logout', GET], Ant [pattern='/logout', POST], Ant [pattern='/logout', PUT], Ant [pattern='/logout', DELETE]]
?[0m?[0;34m?[2m2023-08-22T13:43:46.586+02:00?[0;39m ?[32mTRACE?[0;39m ?[35m18216?[0;39m ?[2m---?[0;39m ?[2m[o-28852-exec-10]?[0;39m ?[36mo.s.security.web.FilterChainProxy       ?[0;39m ?[2m:?[0;39m Invoking BasicAuthenticationFilter (6/12)
?[0m?[0;34m?[2m2023-08-22T13:43:46.586+02:00?[0;39m ?[32mTRACE?[0;39m ?[35m18216?[0;39m ?[2m---?[0;39m ?[2m[o-28852-exec-10]?[0;39m ?[36mo.s.s.w.a.www.BasicAuthenticationFilter ?[0;39m ?[2m:?[0;39m Found username 'JohnDoe@acme.com' in Basic Authorization header
?[0m?[0;34m?[2m2023-08-22T13:43:46.586+02:00?[0;39m ?[32mTRACE?[0;39m ?[35m18216?[0;39m ?[2m---?[0;39m ?[2m[o-28852-exec-10]?[0;39m ?[36m.s.s.w.c.SupplierDeferredSecurityContext?[0;39m ?[2m:?[0;39m Created SecurityContextImpl [Null authentication]
?[0m?[0;34m?[2m2023-08-22T13:43:46.586+02:00?[0;39m ?[32mTRACE?[0;39m ?[35m18216?[0;39m ?[2m---?[0;39m ?[2m[o-28852-exec-10]?[0;39m ?[36mo.s.s.authentication.ProviderManager    ?[0;39m ?[2m:?[0;39m Authenticating request with DaoAuthenticationProvider (1/1)
?[0m?[0;34mHibernate: select u1_0.id,u1_0.email,u1_0.lastname,u1_0.name,u1_0.password from users u1_0 where upper(u1_0.email)=upper(?)
?[0m?[0;34m?[2m2023-08-22T13:43:46.644+02:00?[0;39m ?[32mDEBUG?[0;39m ?[35m18216?[0;39m ?[2m---?[0;39m ?[2m[o-28852-exec-10]?[0;39m ?[36mo.s.s.a.dao.DaoAuthenticationProvider   ?[0;39m ?[2m:?[0;39m Authenticated user
?[0m?[0;34m?[2m2023-08-22T13:43:46.644+02:00?[0;39m ?[32mDEBUG?[0;39m ?[35m18216?[0;39m ?[2m---?[0;39m ?[2m[o-28852-exec-10]?[0;39m ?[36mo.s.s.w.a.www.BasicAuthenticationFilter ?[0;39m ?[2m:?[0;39m Set SecurityContextHolder to UsernamePasswordAuthenticationToken [Principal=account.businesslayer.security.UserAdapter@3d1e0d78, Credentials=[PROTECTED], Authenticated=true, Details=WebAuthenticationDetails [RemoteIpAddress=127.0.0.1, SessionId=null], Granted Authorities=[ROLE_USER]]
?[0m?[0;34m?[2m2023-08-22T13:43:46.644+02:00?[0;39m ?[32mTRACE?[0;39m ?[35m18216?[0;39m ?[2m---?[0;39m ?[2m[o-28852-exec-10]?[0;39m ?[36mo.s.security.web.FilterChainProxy       ?[0;39m ?[2m:?[0;39m Invoking RequestCacheAwareFilter (7/12)
?[0m?[0;34m?[2m2023-08-22T13:43:46.644+02:00?[0;39m ?[32mTRACE?[0;39m ?[35m18216?[0;39m ?[2m---?[0;39m ?[2m[o-28852-exec-10]?[0;39m ?[36mo.s.security.web.FilterChainProxy       ?[0;39m ?[2m:?[0;39m Invoking SecurityContextHolderAwareRequestFilter (8/12)
?[0m?[0;34m?[2m2023-08-22T13:43:46.644+02:00?[0;39m ?[32mTRACE?[0;39m ?[35m18216?[0;39m ?[2m---?[0;39m ?[2m[o-28852-exec-10]?[0;39m ?[36mo.s.security.web.FilterChainProxy       ?[0;39m ?[2m:?[0;39m Invoking AnonymousAuthenticationFilter (9/12)
?[0m?[0;34m?[2m2023-08-22T13:43:46.644+02:00?[0;39m ?[32mTRACE?[0;39m ?[35m18216?[0;39m ?[2m---?[0;39m ?[2m[o-28852-exec-10]?[0;39m ?[36mo.s.security.web.FilterChainProxy       ?[0;39m ?[2m:?[0;39m Invoking SessionManagementFilter (10/12)
?[0m?[0;34m?[2m2023-08-22T13:43:46.644+02:00?[0;39m ?[32mTRACE?[0;39m ?[35m18216?[0;39m ?[2m---?[0;39m ?[2m[o-28852-exec-10]?[0;39m ?[36mo.s.s.w.a.AnonymousAuthenticationFilter ?[0;39m ?[2m:?[0;39m Did not set SecurityContextHolder since already authenticated UsernamePasswordAuthenticationToken [Principal=account.businesslayer.security.UserAdapter@3d1e0d78, Credentials=[PROTECTED], Authenticated=true, Details=WebAuthenticationDetails [RemoteIpAddress=127.0.0.1, SessionId=null], Granted Authorities=[ROLE_USER]]
?[0m?[0;34m?[2m2023-08-22T13:43:46.644+02:00?[0;39m ?[32mTRACE?[0;39m ?[35m18216?[0;39m ?[2m---?[0;39m ?[2m[o-28852-exec-10]?[0;39m ?[36ms.CompositeSessionAuthenticationStrategy?[0;39m ?[2m:?[0;39m Preparing session with ChangeSessionIdAuthenticationStrategy (1/1)
?[0m?[0;34m?[2m2023-08-22T13:43:46.644+02:00?[0;39m ?[32mTRACE?[0;39m ?[35m18216?[0;39m ?[2m---?[0;39m ?[2m[o-28852-exec-10]?[0;39m ?[36mo.s.security.web.FilterChainProxy       ?[0;39m ?[2m:?[0;39m Invoking ExceptionTranslationFilter (11/12)
?[0m?[0;34m?[2m2023-08-22T13:43:46.644+02:00?[0;39m ?[32mTRACE?[0;39m ?[35m18216?[0;39m ?[2m---?[0;39m ?[2m[o-28852-exec-10]?[0;39m ?[36mo.s.security.web.FilterChainProxy       ?[0;39m ?[2m:?[0;39m Invoking AuthorizationFilter (12/12)
?[0m?[0;34m?[2m2023-08-22T13:43:46.644+02:00?[0;39m ?[32mTRACE?[0;39m ?[35m18216?[0;39m ?[2m---?[0;39m ?[2m[o-28852-exec-10]?[0;39m ?[36mestMatcherDelegatingAuthorizationManager?[0;39m ?[2m:?[0;39m Authorizing SecurityContextHolderAwareRequestWrapper[ org.springframework.security.web.header.HeaderWriterFilter$HeaderWriterRequest@4f89561d]
?[0m?[0;34m?[2m2023-08-22T13:43:46.645+02:00?[0;39m ?[32mTRACE?[0;39m ?[35m18216?[0;39m ?[2m---?[0;39m ?[2m[o-28852-exec-10]?[0;39m ?[36mestMatcherDelegatingAuthorizationManager?[0;39m ?[2m:?[0;39m Checking authorization on SecurityContextHolderAwareRequestWrapper[ org.springframework.security.web.header.HeaderWriterFilter$HeaderWriterRequest@4f89561d] using org.springframework.security.authorization.AuthenticatedAuthorizationManager@65549294
?[0m?[0;34m?[2m2023-08-22T13:43:46.645+02:00?[0;39m ?[32mDEBUG?[0;39m ?[35m18216?[0;39m ?[2m---?[0;39m ?[2m[o-28852-exec-10]?[0;39m ?[36mo.s.security.web.FilterChainProxy       ?[0;39m ?[2m:?[0;39m Secured POST /api/auth/changepass
?[0m?[0;34m?[2m2023-08-22T13:43:46.646+02:00?[0;39m ?[32mTRACE?[0;39m ?[35m18216?[0;39m ?[2m---?[0;39m ?[2m[o-28852-exec-10]?[0;39m ?[36mo.s.s.w.header.writers.HstsHeaderWriter ?[0;39m ?[2m:?[0;39m Not injecting HSTS header since it did not match request to [Is Secure]
?[0m?[0;34m?[2m2023-08-22T13:43:46.646+02:00?[0;39m ?[32mTRACE?[0;39m ?[35m18216?[0;39m ?[2m---?[0;39m ?[2m[o-28852-exec-10]?[0;39m ?[36mo.s.security.web.FilterChainProxy       ?[0;39m ?[2m:?[0;39m Trying to match request against DefaultSecurityFilterChain [RequestMatcher=any request, Filters=[org.springframework.security.web.session.DisableEncodeUrlFilter@5d51203b, org.springframework.security.web.context.request.async.WebAsyncManagerIntegrationFilter@32be672d, org.springframework.security.web.context.SecurityContextHolderFilter@74f54f8e, org.springframework.security.web.header.HeaderWriterFilter@157ff8f8, org.springframework.security.web.authentication.logout.LogoutFilter@72364a40, org.springframework.security.web.authentication.www.BasicAuthenticationFilter@a23b96b, org.springframework.security.web.savedrequest.RequestCacheAwareFilter@59b8a801, org.springframework.security.web.servletapi.SecurityContextHolderAwareRequestFilter@5aa026e9, org.springframework.security.web.authentication.AnonymousAuthenticationFilter@23e54c8a, org.springframework.security.web.session.SessionManagementFilter@79e3f444, org.springframework.security.web.access.ExceptionTranslationFilter@17a756db, org.springframework.security.web.access.intercept.AuthorizationFilter@55e75ce0]] (1/1)
?[0m?[0;34m?[2m2023-08-22T13:43:46.646+02:00?[0;39m ?[32mDEBUG?[0;39m ?[35m18216?[0;39m ?[2m---?[0;39m ?[2m[o-28852-exec-10]?[0;39m ?[36mo.s.security.web.FilterChainProxy       ?[0;39m ?[2m:?[0;39m Securing POST /error
?[0m?[0;34m?[2m2023-08-22T13:43:46.646+02:00?[0;39m ?[32mTRACE?[0;39m ?[35m18216?[0;39m ?[2m---?[0;39m ?[2m[o-28852-exec-10]?[0;39m ?[36mo.s.security.web.FilterChainProxy       ?[0;39m ?[2m:?[0;39m Invoking DisableEncodeUrlFilter (1/12)
?[0m?[0;34m?[2m2023-08-22T13:43:46.647+02:00?[0;39m ?[32mTRACE?[0;39m ?[35m18216?[0;39m ?[2m---?[0;39m ?[2m[o-28852-exec-10]?[0;39m ?[36mo.s.security.web.FilterChainProxy       ?[0;39m ?[2m:?[0;39m Invoking WebAsyncManagerIntegrationFilter (2/12)
?[0m?[0;34m?[2m2023-08-22T13:43:46.647+02:00?[0;39m ?[32mTRACE?[0;39m ?[35m18216?[0;39m ?[2m---?[0;39m ?[2m[o-28852-exec-10]?[0;39m ?[36mo.s.security.web.FilterChainProxy       ?[0;39m ?[2m:?[0;39m Invoking SecurityContextHolderFilter (3/12)
?[0m?[0;34m?[2m2023-08-22T13:43:46.647+02:00?[0;39m ?[32mTRACE?[0;39m ?[35m18216?[0;39m ?[2m---?[0;39m ?[2m[o-28852-exec-10]?[0;39m ?[36mo.s.security.web.FilterChainProxy       ?[0;39m ?[2m:?[0;39m Invoking HeaderWriterFilter (4/12)
?[0m?[0;34m?[2m2023-08-22T13:43:46.647+02:00?[0;39m ?[32mTRACE?[0;39m ?[35m18216?[0;39m ?[2m---?[0;39m ?[2m[o-28852-exec-10]?[0;39m ?[36mo.s.security.web.FilterChainProxy       ?[0;39m ?[2m:?[0;39m Invoking LogoutFilter (5/12)
?[0m?[0;34m?[2m2023-08-22T13:43:46.647+02:00?[0;39m ?[32mTRACE?[0;39m ?[35m18216?[0;39m ?[2m---?[0;39m ?[2m[o-28852-exec-10]?[0;39m ?[36mo.s.s.w.a.logout.LogoutFilter           ?[0;39m ?[2m:?[0;39m Did not match request to Or [Ant [pattern='/logout', GET], Ant [pattern='/logout', POST], Ant [pattern='/logout', PUT], Ant [pattern='/logout', DELETE]]
?[0m?[0;34m?[2m2023-08-22T13:43:46.647+02:00?[0;39m ?[32mTRACE?[0;39m ?[35m18216?[0;39m ?[2m---?[0;39m ?[2m[o-28852-exec-10]?[0;39m ?[36mo.s.security.web.FilterChainProxy       ?[0;39m ?[2m:?[0;39m Invoking BasicAuthenticationFilter (6/12)
?[0m?[0;34m?[2m2023-08-22T13:43:46.647+02:00?[0;39m ?[32mTRACE?[0;39m ?[35m18216?[0;39m ?[2m---?[0;39m ?[2m[o-28852-exec-10]?[0;39m ?[36mo.s.security.web.FilterChainProxy       ?[0;39m ?[2m:?[0;39m Invoking RequestCacheAwareFilter (7/12)
?[0m?[0;34m?[2m2023-08-22T13:43:46.647+02:00?[0;39m ?[32mTRACE?[0;39m ?[35m18216?[0;39m ?[2m---?[0;39m ?[2m[o-28852-exec-10]?[0;39m ?[36mo.s.security.web.FilterChainProxy       ?[0;39m ?[2m:?[0;39m Invoking SecurityContextHolderAwareRequestFilter (8/12)
?[0m?[0;34m?[2m2023-08-22T13:43:46.647+02:00?[0;39m ?[32mTRACE?[0;39m ?[35m18216?[0;39m ?[2m---?[0;39m ?[2m[o-28852-exec-10]?[0;39m ?[36mo.s.security.web.FilterChainProxy       ?[0;39m ?[2m:?[0;39m Invoking AnonymousAuthenticationFilter (9/12)
?[0m?[0;34m?[2m2023-08-22T13:43:46.647+02:00?[0;39m ?[32mTRACE?[0;39m ?[35m18216?[0;39m ?[2m---?[0;39m ?[2m[o-28852-exec-10]?[0;39m ?[36mo.s.security.web.FilterChainProxy       ?[0;39m ?[2m:?[0;39m Invoking SessionManagementFilter (10/12)
?[0m?[0;34m?[2m2023-08-22T13:43:46.647+02:00?[0;39m ?[32mTRACE?[0;39m ?[35m18216?[0;39m ?[2m---?[0;39m ?[2m[o-28852-exec-10]?[0;39m ?[36mo.s.security.web.FilterChainProxy       ?[0;39m ?[2m:?[0;39m Invoking ExceptionTranslationFilter (11/12)
?[0m?[0;34m?[2m2023-08-22T13:43:46.647+02:00?[0;39m ?[32mTRACE?[0;39m ?[35m18216?[0;39m ?[2m---?[0;39m ?[2m[o-28852-exec-10]?[0;39m ?[36mo.s.security.web.FilterChainProxy       ?[0;39m ?[2m:?[0;39m Invoking AuthorizationFilter (12/12)
?[0m?[0;34m?[2m2023-08-22T13:43:46.647+02:00?[0;39m ?[32mTRACE?[0;39m ?[35m18216?[0;39m ?[2m---?[0;39m ?[2m[o-28852-exec-10]?[0;39m ?[36mestMatcherDelegatingAuthorizationManager?[0;39m ?[2m:?[0;39m Authorizing SecurityContextHolderAwareRequestWrapper[ FirewalledRequest[ org.apache.catalina.core.ApplicationHttpRequest@156ffdc5]]
?[0m?[0;34m?[2m2023-08-22T13:43:46.647+02:00?[0;39m ?[32mTRACE?[0;39m ?[35m18216?[0;39m ?[2m---?[0;39m ?[2m[o-28852-exec-10]?[0;39m ?[36mestMatcherDelegatingAuthorizationManager?[0;39m ?[2m:?[0;39m Checking authorization on SecurityContextHolderAwareRequestWrapper[ FirewalledRequest[ org.apache.catalina.core.ApplicationHttpRequest@156ffdc5]] using org.springframework.security.config.annotation.web.configurers.AuthorizeHttpRequestsConfigurer$$Lambda$1316/0x0000000100a4d140@528cc85a
?[0m?[0;34m?[2m2023-08-22T13:43:46.647+02:00?[0;39m ?[32mDEBUG?[0;39m ?[35m18216?[0;39m ?[2m---?[0;39m ?[2m[o-28852-exec-10]?[0;39m ?[36mo.s.security.web.FilterChainProxy       ?[0;39m ?[2m:?[0;39m Secured POST /error
?[0m?[0;34m?[2m2023-08-22T13:43:46.647+02:00?[0;39m ?[32mTRACE?[0;39m ?[35m18216?[0;39m ?[2m---?[0;39m ?[2m[o-28852-exec-10]?[0;39m ?[36mo.s.s.w.a.AnonymousAuthenticationFilter ?[0;39m ?[2m:?[0;39m Did not set SecurityContextHolder since already authenticated UsernamePasswordAuthenticationToken [Principal=account.businesslayer.security.UserAdapter@3d1e0d78, Credentials=[PROTECTED], Authenticated=true, Details=WebAuthenticationDetails [RemoteIpAddress=127.0.0.1, SessionId=null], Granted Authorities=[ROLE_USER]]
?[0m?[0;34m?[2m2023-08-22T13:43:46.654+02:00?[0;39m ?[32mTRACE?[0;39m ?[35m18216?[0;39m ?[2m---?[0;39m ?[2m[io-28852-exec-8]?[0;39m ?[36mo.s.security.web.FilterChainProxy       ?[0;39m ?[2m:?[0;39m Trying to match request against DefaultSecurityFilterChain [RequestMatcher=any request, Filters=[org.springframework.security.web.session.DisableEncodeUrlFilter@5d51203b, org.springframework.security.web.context.request.async.WebAsyncManagerIntegrationFilter@32be672d, org.springframework.security.web.context.SecurityContextHolderFilter@74f54f8e, org.springframework.security.web.header.HeaderWriterFilter@157ff8f8, org.springframework.security.web.authentication.logout.LogoutFilter@72364a40, org.springframework.security.web.authentication.www.BasicAuthenticationFilter@a23b96b, org.springframework.security.web.savedrequest.RequestCacheAwareFilter@59b8a801, org.springframework.security.web.servletapi.SecurityContextHolderAwareRequestFilter@5aa026e9, org.springframework.security.web.authentication.AnonymousAuthenticationFilter@23e54c8a, org.springframework.security.web.session.SessionManagementFilter@79e3f444, org.springframework.security.web.access.ExceptionTranslationFilter@17a756db, org.springframework.security.web.access.intercept.AuthorizationFilter@55e75ce0]] (1/1)
?[0m?[0;34m?[2m2023-08-22T13:43:46.655+02:00?[0;39m ?[32mDEBUG?[0;39m ?[35m18216?[0;39m ?[2m---?[0;39m ?[2m[io-28852-exec-8]?[0;39m ?[36mo.s.security.web.FilterChainProxy       ?[0;39m ?[2m:?[0;39m Securing POST /api/auth/changepass
?[0m?[0;34m?[2m2023-08-22T13:43:46.655+02:00?[0;39m ?[32mTRACE?[0;39m ?[35m18216?[0;39m ?[2m---?[0;39m ?[2m[io-28852-exec-8]?[0;39m ?[36mo.s.security.web.FilterChainProxy       ?[0;39m ?[2m:?[0;39m Invoking DisableEncodeUrlFilter (1/12)
?[0m?[0;34m?[2m2023-08-22T13:43:46.655+02:00?[0;39m ?[32mTRACE?[0;39m ?[35m18216?[0;39m ?[2m---?[0;39m ?[2m[io-28852-exec-8]?[0;39m ?[36mo.s.security.web.FilterChainProxy       ?[0;39m ?[2m:?[0;39m Invoking WebAsyncManagerIntegrationFilter (2/12)
?[0m?[0;34m?[2m2023-08-22T13:43:46.655+02:00?[0;39m ?[32mTRACE?[0;39m ?[35m18216?[0;39m ?[2m---?[0;39m ?[2m[io-28852-exec-8]?[0;39m ?[36mo.s.security.web.FilterChainProxy       ?[0;39m ?[2m:?[0;39m Invoking SecurityContextHolderFilter (3/12)
?[0m?[0;34m?[2m2023-08-22T13:43:46.655+02:00?[0;39m ?[32mTRACE?[0;39m ?[35m18216?[0;39m ?[2m---?[0;39m ?[2m[io-28852-exec-8]?[0;39m ?[36mo.s.security.web.FilterChainProxy       ?[0;39m ?[2m:?[0;39m Invoking HeaderWriterFilter (4/12)
?[0m?[0;34m?[2m2023-08-22T13:43:46.655+02:00?[0;39m ?[32mTRACE?[0;39m ?[35m18216?[0;39m ?[2m---?[0;39m ?[2m[io-28852-exec-8]?[0;39m ?[36mo.s.security.web.FilterChainProxy       ?[0;39m ?[2m:?[0;39m Invoking LogoutFilter (5/12)
?[0m?[0;34m?[2m2023-08-22T13:43:46.655+02:00?[0;39m ?[32mTRACE?[0;39m ?[35m18216?[0;39m ?[2m---?[0;39m ?[2m[io-28852-exec-8]?[0;39m ?[36mo.s.s.w.a.logout.LogoutFilter           ?[0;39m ?[2m:?[0;39m Did not match request to Or [Ant [pattern='/logout', GET], Ant [pattern='/logout', POST], Ant [pattern='/logout', PUT], Ant [pattern='/logout', DELETE]]
?[0m?[0;34m?[2m2023-08-22T13:43:46.655+02:00?[0;39m ?[32mTRACE?[0;39m ?[35m18216?[0;39m ?[2m---?[0;39m ?[2m[io-28852-exec-8]?[0;39m ?[36mo.s.security.web.FilterChainProxy       ?[0;39m ?[2m:?[0;39m Invoking BasicAuthenticationFilter (6/12)
?[0m?[0;34m?[2m2023-08-22T13:43:46.655+02:00?[0;39m ?[32mTRACE?[0;39m ?[35m18216?[0;39m ?[2m---?[0;39m ?[2m[io-28852-exec-8]?[0;39m ?[36mo.s.s.w.a.www.BasicAuthenticationFilter ?[0;39m ?[2m:?[0;39m Found username 'JohnDoe@acme.com' in Basic Authorization header
?[0m?[0;34m?[2m2023-08-22T13:43:46.655+02:00?[0;39m ?[32mTRACE?[0;39m ?[35m18216?[0;39m ?[2m---?[0;39m ?[2m[io-28852-exec-8]?[0;39m ?[36m.s.s.w.c.SupplierDeferredSecurityContext?[0;39m ?[2m:?[0;39m Created SecurityContextImpl [Null authentication]
?[0m?[0;34m?[2m2023-08-22T13:43:46.655+02:00?[0;39m ?[32mTRACE?[0;39m ?[35m18216?[0;39m ?[2m---?[0;39m ?[2m[io-28852-exec-8]?[0;39m ?[36mo.s.s.authentication.ProviderManager    ?[0;39m ?[2m:?[0;39m Authenticating request with DaoAuthenticationProvider (1/1)
?[0m?[0;34mHibernate: select u1_0.id,u1_0.email,u1_0.lastname,u1_0.name,u1_0.password from users u1_0 where upper(u1_0.email)=upper(?)
?[0m?[0;34m?[2m2023-08-22T13:43:46.712+02:00?[0;39m ?[32mDEBUG?[0;39m ?[35m18216?[0;39m ?[2m---?[0;39m ?[2m[io-28852-exec-8]?[0;39m ?[36mo.s.s.a.dao.DaoAuthenticationProvider   ?[0;39m ?[2m:?[0;39m Authenticated user
?[0m?[0;34m?[2m2023-08-22T13:43:46.713+02:00?[0;39m ?[32mDEBUG?[0;39m ?[35m18216?[0;39m ?[2m---?[0;39m ?[2m[io-28852-exec-8]?[0;39m ?[36mo.s.s.w.a.www.BasicAuthenticationFilter ?[0;39m ?[2m:?[0;39m Set SecurityContextHolder to UsernamePasswordAuthenticationToken [Principal=account.businesslayer.security.UserAdapter@41a92c8, Credentials=[PROTECTED], Authenticated=true, Details=WebAuthenticationDetails [RemoteIpAddress=127.0.0.1, SessionId=null], Granted Authorities=[ROLE_USER]]
?[0m?[0;34m?[2m2023-08-22T13:43:46.713+02:00?[0;39m ?[32mTRACE?[0;39m ?[35m18216?[0;39m ?[2m---?[0;39m ?[2m[io-28852-exec-8]?[0;39m ?[36mo.s.security.web.FilterChainProxy       ?[0;39m ?[2m:?[0;39m Invoking RequestCacheAwareFilter (7/12)
?[0m?[0;34m?[2m2023-08-22T13:43:46.713+02:00?[0;39m ?[32mTRACE?[0;39m ?[35m18216?[0;39m ?[2m---?[0;39m ?[2m[io-28852-exec-8]?[0;39m ?[36mo.s.security.web.FilterChainProxy       ?[0;39m ?[2m:?[0;39m Invoking SecurityContextHolderAwareRequestFilter (8/12)
?[0m?[0;34m?[2m2023-08-22T13:43:46.713+02:00?[0;39m ?[32mTRACE?[0;39m ?[35m18216?[0;39m ?[2m---?[0;39m ?[2m[io-28852-exec-8]?[0;39m ?[36mo.s.security.web.FilterChainProxy       ?[0;39m ?[2m:?[0;39m Invoking AnonymousAuthenticationFilter (9/12)
?[0m?[0;34m?[2m2023-08-22T13:43:46.713+02:00?[0;39m ?[32mTRACE?[0;39m ?[35m18216?[0;39m ?[2m---?[0;39m ?[2m[io-28852-exec-8]?[0;39m ?[36mo.s.security.web.FilterChainProxy       ?[0;39m ?[2m:?[0;39m Invoking SessionManagementFilter (10/12)
?[0m?[0;34m?[2m2023-08-22T13:43:46.713+02:00?[0;39m ?[32mTRACE?[0;39m ?[35m18216?[0;39m ?[2m---?[0;39m ?[2m[io-28852-exec-8]?[0;39m ?[36mo.s.s.w.a.AnonymousAuthenticationFilter ?[0;39m ?[2m:?[0;39m Did not set SecurityContextHolder since already authenticated UsernamePasswordAuthenticationToken [Principal=account.businesslayer.security.UserAdapter@41a92c8, Credentials=[PROTECTED], Authenticated=true, Details=WebAuthenticationDetails [RemoteIpAddress=127.0.0.1, SessionId=null], Granted Authorities=[ROLE_USER]]
?[0m?[0;34m?[2m2023-08-22T13:43:46.713+02:00?[0;39m ?[32mTRACE?[0;39m ?[35m18216?[0;39m ?[2m---?[0;39m ?[2m[io-28852-exec-8]?[0;39m ?[36ms.CompositeSessionAuthenticationStrategy?[0;39m ?[2m:?[0;39m Preparing session with ChangeSessionIdAuthenticationStrategy (1/1)
?[0m?[0;34m?[2m2023-08-22T13:43:46.713+02:00?[0;39m ?[32mTRACE?[0;39m ?[35m18216?[0;39m ?[2m---?[0;39m ?[2m[io-28852-exec-8]?[0;39m ?[36mo.s.security.web.FilterChainProxy       ?[0;39m ?[2m:?[0;39m Invoking ExceptionTranslationFilter (11/12)
?[0m?[0;34m?[2m2023-08-22T13:43:46.713+02:00?[0;39m ?[32mTRACE?[0;39m ?[35m18216?[0;39m ?[2m---?[0;39m ?[2m[io-28852-exec-8]?[0;39m ?[36mo.s.security.web.FilterChainProxy       ?[0;39m ?[2m:?[0;39m Invoking AuthorizationFilter (12/12)
?[0m?[0;34m?[2m2023-08-22T13:43:46.713+02:00?[0;39m ?[32mTRACE?[0;39m ?[35m18216?[0;39m ?[2m---?[0;39m ?[2m[io-28852-exec-8]?[0;39m ?[36mestMatcherDelegatingAuthorizationManager?[0;39m ?[2m:?[0;39m Authorizing SecurityContextHolderAwareRequestWrapper[ org.springframework.security.web.header.HeaderWriterFilter$HeaderWriterRequest@2aa71860]
?[0m?[0;34m?[2m2023-08-22T13:43:46.713+02:00?[0;39m ?[32mTRACE?[0;39m ?[35m18216?[0;39m ?[2m---?[0;39m ?[2m[io-28852-exec-8]?[0;39m ?[36mestMatcherDelegatingAuthorizationManager?[0;39m ?[2m:?[0;39m Checking authorization on SecurityContextHolderAwareRequestWrapper[ org.springframework.security.web.header.HeaderWriterFilter$HeaderWriterRequest@2aa71860] using org.springframework.security.authorization.AuthenticatedAuthorizationManager@65549294
?[0m?[0;34m?[2m2023-08-22T13:43:46.713+02:00?[0;39m ?[32mDEBUG?[0;39m ?[35m18216?[0;39m ?[2m---?[0;39m ?[2m[io-28852-exec-8]?[0;39m ?[36mo.s.security.web.FilterChainProxy       ?[0;39m ?[2m:?[0;39m Secured POST /api/auth/changepass
?[0m?[0;34m?[2m2023-08-22T13:43:46.714+02:00?[0;39m ?[32mTRACE?[0;39m ?[35m18216?[0;39m ?[2m---?[0;39m ?[2m[io-28852-exec-8]?[0;39m ?[36mo.s.s.w.header.writers.HstsHeaderWriter ?[0;39m ?[2m:?[0;39m Not injecting HSTS header since it did not match request to [Is Secure]
?[0m?[0;34m?[2m2023-08-22T13:43:46.715+02:00?[0;39m ?[32mTRACE?[0;39m ?[35m18216?[0;39m ?[2m---?[0;39m ?[2m[io-28852-exec-8]?[0;39m ?[36mo.s.security.web.FilterChainProxy       ?[0;39m ?[2m:?[0;39m Trying to match request against DefaultSecurityFilterChain [RequestMatcher=any request, Filters=[org.springframework.security.web.session.DisableEncodeUrlFilter@5d51203b, org.springframework.security.web.context.request.async.WebAsyncManagerIntegrationFilter@32be672d, org.springframework.security.web.context.SecurityContextHolderFilter@74f54f8e, org.springframework.security.web.header.HeaderWriterFilter@157ff8f8, org.springframework.security.web.authentication.logout.LogoutFilter@72364a40, org.springframework.security.web.authentication.www.BasicAuthenticationFilter@a23b96b, org.springframework.security.web.savedrequest.RequestCacheAwareFilter@59b8a801, org.springframework.security.web.servletapi.SecurityContextHolderAwareRequestFilter@5aa026e9, org.springframework.security.web.authentication.AnonymousAuthenticationFilter@23e54c8a, org.springframework.security.web.session.SessionManagementFilter@79e3f444, org.springframework.security.web.access.ExceptionTranslationFilter@17a756db, org.springframework.security.web.access.intercept.AuthorizationFilter@55e75ce0]] (1/1)
?[0m?[0;34m?[2m2023-08-22T13:43:46.715+02:00?[0;39m ?[32mDEBUG?[0;39m ?[35m18216?[0;39m ?[2m---?[0;39m ?[2m[io-28852-exec-8]?[0;39m ?[36mo.s.security.web.FilterChainProxy       ?[0;39m ?[2m:?[0;39m Securing POST /error
?[0m?[0;34m?[2m2023-08-22T13:43:46.715+02:00?[0;39m ?[32mTRACE?[0;39m ?[35m18216?[0;39m ?[2m---?[0;39m ?[2m[io-28852-exec-8]?[0;39m ?[36mo.s.security.web.FilterChainProxy       ?[0;39m ?[2m:?[0;39m Invoking DisableEncodeUrlFilter (1/12)
?[0m?[0;34m?[2m2023-08-22T13:43:46.715+02:00?[0;39m ?[32mTRACE?[0;39m ?[35m18216?[0;39m ?[2m---?[0;39m ?[2m[io-28852-exec-8]?[0;39m ?[36mo.s.security.web.FilterChainProxy       ?[0;39m ?[2m:?[0;39m Invoking WebAsyncManagerIntegrationFilter (2/12)
?[0m?[0;34m?[2m2023-08-22T13:43:46.715+02:00?[0;39m ?[32mTRACE?[0;39m ?[35m18216?[0;39m ?[2m---?[0;39m ?[2m[io-28852-exec-8]?[0;39m ?[36mo.s.security.web.FilterChainProxy       ?[0;39m ?[2m:?[0;39m Invoking SecurityContextHolderFilter (3/12)
?[0m?[0;34m?[2m2023-08-22T13:43:46.715+02:00?[0;39m ?[32mTRACE?[0;39m ?[35m18216?[0;39m ?[2m---?[0;39m ?[2m[io-28852-exec-8]?[0;39m ?[36mo.s.security.web.FilterChainProxy       ?[0;39m ?[2m:?[0;39m Invoking HeaderWriterFilter (4/12)
?[0m?[0;34m?[2m2023-08-22T13:43:46.715+02:00?[0;39m ?[32mTRACE?[0;39m ?[35m18216?[0;39m ?[2m---?[0;39m ?[2m[io-28852-exec-8]?[0;39m ?[36mo.s.security.web.FilterChainProxy       ?[0;39m ?[2m:?[0;39m Invoking LogoutFilter (5/12)
?[0m?[0;34m?[2m2023-08-22T13:43:46.715+02:00?[0;39m ?[32mTRACE?[0;39m ?[35m18216?[0;39m ?[2m---?[0;39m ?[2m[io-28852-exec-8]?[0;39m ?[36mo.s.s.w.a.logout.LogoutFilter           ?[0;39m ?[2m:?[0;39m Did not match request to Or [Ant [pattern='/logout', GET], Ant [pattern='/logout', POST], Ant [pattern='/logout', PUT], Ant [pattern='/logout', DELETE]]
?[0m?[0;34m?[2m2023-08-22T13:43:46.715+02:00?[0;39m ?[32mTRACE?[0;39m ?[35m18216?[0;39m ?[2m---?[0;39m ?[2m[io-28852-exec-8]?[0;39m ?[36mo.s.security.web.FilterChainProxy       ?[0;39m ?[2m:?[0;39m Invoking BasicAuthenticationFilter (6/12)
?[0m?[0;34m?[2m2023-08-22T13:43:46.715+02:00?[0;39m ?[32mTRACE?[0;39m ?[35m18216?[0;39m ?[2m---?[0;39m ?[2m[io-28852-exec-8]?[0;39m ?[36mo.s.security.web.FilterChainProxy       ?[0;39m ?[2m:?[0;39m Invoking RequestCacheAwareFilter (7/12)
?[0m?[0;34m?[2m2023-08-22T13:43:46.715+02:00?[0;39m ?[32mTRACE?[0;39m ?[35m18216?[0;39m ?[2m---?[0;39m ?[2m[io-28852-exec-8]?[0;39m ?[36mo.s.security.web.FilterChainProxy       ?[0;39m ?[2m:?[0;39m Invoking SecurityContextHolderAwareRequestFilter (8/12)
?[0m?[0;34m?[2m2023-08-22T13:43:46.715+02:00?[0;39m ?[32mTRACE?[0;39m ?[35m18216?[0;39m ?[2m---?[0;39m ?[2m[io-28852-exec-8]?[0;39m ?[36mo.s.security.web.FilterChainProxy       ?[0;39m ?[2m:?[0;39m Invoking AnonymousAuthenticationFilter (9/12)
?[0m?[0;34m?[2m2023-08-22T13:43:46.715+02:00?[0;39m ?[32mTRACE?[0;39m ?[35m18216?[0;39m ?[2m---?[0;39m ?[2m[io-28852-exec-8]?[0;39m ?[36mo.s.security.web.FilterChainProxy       ?[0;39m ?[2m:?[0;39m Invoking SessionManagementFilter (10/12)
?[0m?[0;34m?[2m2023-08-22T13:43:46.715+02:00?[0;39m ?[32mTRACE?[0;39m ?[35m18216?[0;39m ?[2m---?[0;39m ?[2m[io-28852-exec-8]?[0;39m ?[36mo.s.security.web.FilterChainProxy       ?[0;39m ?[2m:?[0;39m Invoking ExceptionTranslationFilter (11/12)
?[0m?[0;34m?[2m2023-08-22T13:43:46.715+02:00?[0;39m ?[32mTRACE?[0;39m ?[35m18216?[0;39m ?[2m---?[0;39m ?[2m[io-28852-exec-8]?[0;39m ?[36mo.s.security.web.FilterChainProxy       ?[0;39m ?[2m:?[0;39m Invoking AuthorizationFilter (12/12)
?[0m?[0;34m?[2m2023-08-22T13:43:46.715+02:00?[0;39m ?[32mTRACE?[0;39m ?[35m18216?[0;39m ?[2m---?[0;39m ?[2m[io-28852-exec-8]?[0;39m ?[36mestMatcherDelegatingAuthorizationManager?[0;39m ?[2m:?[0;39m Authorizing SecurityContextHolderAwareRequestWrapper[ FirewalledRequest[ org.apache.catalina.core.ApplicationHttpRequest@5a349506]]
?[0m?[0;34m?[2m2023-08-22T13:43:46.716+02:00?[0;39m ?[32mTRACE?[0;39m ?[35m18216?[0;39m ?[2m---?[0;39m ?[2m[io-28852-exec-8]?[0;39m ?[36mestMatcherDelegatingAuthorizationManager?[0;39m ?[2m:?[0;39m Checking authorization on SecurityContextHolderAwareRequestWrapper[ FirewalledRequest[ org.apache.catalina.core.ApplicationHttpRequest@5a349506]] using org.springframework.security.config.annotation.web.configurers.AuthorizeHttpRequestsConfigurer$$Lambda$1316/0x0000000100a4d140@528cc85a
?[0m?[0;34m?[2m2023-08-22T13:43:46.716+02:00?[0;39m ?[32mDEBUG?[0;39m ?[35m18216?[0;39m ?[2m---?[0;39m ?[2m[io-28852-exec-8]?[0;39m ?[36mo.s.security.web.FilterChainProxy       ?[0;39m ?[2m:?[0;39m Secured POST /error
?[0m?[0;34m?[2m2023-08-22T13:43:46.716+02:00?[0;39m ?[32mTRACE?[0;39m ?[35m18216?[0;39m ?[2m---?[0;39m ?[2m[io-28852-exec-8]?[0;39m ?[36mo.s.s.w.a.AnonymousAuthenticationFilter ?[0;39m ?[2m:?[0;39m Did not set SecurityContextHolder since already authenticated UsernamePasswordAuthenticationToken [Principal=account.businesslayer.security.UserAdapter@41a92c8, Credentials=[PROTECTED], Authenticated=true, Details=WebAuthenticationDetails [RemoteIpAddress=127.0.0.1, SessionId=null], Granted Authorities=[ROLE_USER]]
?[0m?[0;34m?[2m2023-08-22T13:43:46.723+02:00?[0;39m ?[32mTRACE?[0;39m ?[35m18216?[0;39m ?[2m---?[0;39m ?[2m[io-28852-exec-4]?[0;39m ?[36mo.s.security.web.FilterChainProxy       ?[0;39m ?[2m:?[0;39m Trying to match request against DefaultSecurityFilterChain [RequestMatcher=any request, Filters=[org.springframework.security.web.session.DisableEncodeUrlFilter@5d51203b, org.springframework.security.web.context.request.async.WebAsyncManagerIntegrationFilter@32be672d, org.springframework.security.web.context.SecurityContextHolderFilter@74f54f8e, org.springframework.security.web.header.HeaderWriterFilter@157ff8f8, org.springframework.security.web.authentication.logout.LogoutFilter@72364a40, org.springframework.security.web.authentication.www.BasicAuthenticationFilter@a23b96b, org.springframework.security.web.savedrequest.RequestCacheAwareFilter@59b8a801, org.springframework.security.web.servletapi.SecurityContextHolderAwareRequestFilter@5aa026e9, org.springframework.security.web.authentication.AnonymousAuthenticationFilter@23e54c8a, org.springframework.security.web.session.SessionManagementFilter@79e3f444, org.springframework.security.web.access.ExceptionTranslationFilter@17a756db, org.springframework.security.web.access.intercept.AuthorizationFilter@55e75ce0]] (1/1)
?[0m?[0;34m?[2m2023-08-22T13:43:46.723+02:00?[0;39m ?[32mDEBUG?[0;39m ?[35m18216?[0;39m ?[2m---?[0;39m ?[2m[io-28852-exec-4]?[0;39m ?[36mo.s.security.web.FilterChainProxy       ?[0;39m ?[2m:?[0;39m Securing POST /api/auth/changepass
?[0m?[0;34m?[2m2023-08-22T13:43:46.723+02:00?[0;39m ?[32mTRACE?[0;39m ?[35m18216?[0;39m ?[2m---?[0;39m ?[2m[io-28852-exec-4]?[0;39m ?[36mo.s.security.web.FilterChainProxy       ?[0;39m ?[2m:?[0;39m Invoking DisableEncodeUrlFilter (1/12)
?[0m?[0;34m?[2m2023-08-22T13:43:46.723+02:00?[0;39m ?[32mTRACE?[0;39m ?[35m18216?[0;39m ?[2m---?[0;39m ?[2m[io-28852-exec-4]?[0;39m ?[36mo.s.security.web.FilterChainProxy       ?[0;39m ?[2m:?[0;39m Invoking WebAsyncManagerIntegrationFilter (2/12)
?[0m?[0;34m?[2m2023-08-22T13:43:46.723+02:00?[0;39m ?[32mTRACE?[0;39m ?[35m18216?[0;39m ?[2m---?[0;39m ?[2m[io-28852-exec-4]?[0;39m ?[36mo.s.security.web.FilterChainProxy       ?[0;39m ?[2m:?[0;39m Invoking SecurityContextHolderFilter (3/12)
?[0m?[0;34m?[2m2023-08-22T13:43:46.723+02:00?[0;39m ?[32mTRACE?[0;39m ?[35m18216?[0;39m ?[2m---?[0;39m ?[2m[io-28852-exec-4]?[0;39m ?[36mo.s.security.web.FilterChainProxy       ?[0;39m ?[2m:?[0;39m Invoking HeaderWriterFilter (4/12)
?[0m?[0;34m?[2m2023-08-22T13:43:46.723+02:00?[0;39m ?[32mTRACE?[0;39m ?[35m18216?[0;39m ?[2m---?[0;39m ?[2m[io-28852-exec-4]?[0;39m ?[36mo.s.security.web.FilterChainProxy       ?[0;39m ?[2m:?[0;39m Invoking LogoutFilter (5/12)
?[0m?[0;34m?[2m2023-08-22T13:43:46.723+02:00?[0;39m ?[32mTRACE?[0;39m ?[35m18216?[0;39m ?[2m---?[0;39m ?[2m[io-28852-exec-4]?[0;39m ?[36mo.s.s.w.a.logout.LogoutFilter           ?[0;39m ?[2m:?[0;39m Did not match request to Or [Ant [pattern='/logout', GET], Ant [pattern='/logout', POST], Ant [pattern='/logout', PUT], Ant [pattern='/logout', DELETE]]
?[0m?[0;34m?[2m2023-08-22T13:43:46.723+02:00?[0;39m ?[32mTRACE?[0;39m ?[35m18216?[0;39m ?[2m---?[0;39m ?[2m[io-28852-exec-4]?[0;39m ?[36mo.s.security.web.FilterChainProxy       ?[0;39m ?[2m:?[0;39m Invoking BasicAuthenticationFilter (6/12)
?[0m?[0;34m?[2m2023-08-22T13:43:46.723+02:00?[0;39m ?[32mTRACE?[0;39m ?[35m18216?[0;39m ?[2m---?[0;39m ?[2m[io-28852-exec-4]?[0;39m ?[36mo.s.s.w.a.www.BasicAuthenticationFilter ?[0;39m ?[2m:?[0;39m Found username 'JohnDoe@acme.com' in Basic Authorization header
?[0m?[0;34m?[2m2023-08-22T13:43:46.723+02:00?[0;39m ?[32mTRACE?[0;39m ?[35m18216?[0;39m ?[2m---?[0;39m ?[2m[io-28852-exec-4]?[0;39m ?[36m.s.s.w.c.SupplierDeferredSecurityContext?[0;39m ?[2m:?[0;39m Created SecurityContextImpl [Null authentication]
?[0m?[0;34m?[2m2023-08-22T13:43:46.723+02:00?[0;39m ?[32mTRACE?[0;39m ?[35m18216?[0;39m ?[2m---?[0;39m ?[2m[io-28852-exec-4]?[0;39m ?[36mo.s.s.authentication.ProviderManager    ?[0;39m ?[2m:?[0;39m Authenticating request with DaoAuthenticationProvider (1/1)
?[0m?[0;34mHibernate: select u1_0.id,u1_0.email,u1_0.lastname,u1_0.name,u1_0.password from users u1_0 where upper(u1_0.email)=upper(?)
?[0m?[0;34m?[2m2023-08-22T13:43:46.781+02:00?[0;39m ?[32mDEBUG?[0;39m ?[35m18216?[0;39m ?[2m---?[0;39m ?[2m[io-28852-exec-4]?[0;39m ?[36mo.s.s.a.dao.DaoAuthenticationProvider   ?[0;39m ?[2m:?[0;39m Authenticated user
?[0m?[0;34m?[2m2023-08-22T13:43:46.781+02:00?[0;39m ?[32mDEBUG?[0;39m ?[35m18216?[0;39m ?[2m---?[0;39m ?[2m[io-28852-exec-4]?[0;39m ?[36mo.s.s.w.a.www.BasicAuthenticationFilter ?[0;39m ?[2m:?[0;39m Set SecurityContextHolder to UsernamePasswordAuthenticationToken [Principal=account.businesslayer.security.UserAdapter@13f35d7, Credentials=[PROTECTED], Authenticated=true, Details=WebAuthenticationDetails [RemoteIpAddress=127.0.0.1, SessionId=null], Granted Authorities=[ROLE_USER]]
?[0m?[0;34m?[2m2023-08-22T13:43:46.781+02:00?[0;39m ?[32mTRACE?[0;39m ?[35m18216?[0;39m ?[2m---?[0;39m ?[2m[io-28852-exec-4]?[0;39m ?[36mo.s.security.web.FilterChainProxy       ?[0;39m ?[2m:?[0;39m Invoking RequestCacheAwareFilter (7/12)
?[0m?[0;34m?[2m2023-08-22T13:43:46.781+02:00?[0;39m ?[32mTRACE?[0;39m ?[35m18216?[0;39m ?[2m---?[0;39m ?[2m[io-28852-exec-4]?[0;39m ?[36mo.s.security.web.FilterChainProxy       ?[0;39m ?[2m:?[0;39m Invoking SecurityContextHolderAwareRequestFilter (8/12)
?[0m?[0;34m?[2m2023-08-22T13:43:46.781+02:00?[0;39m ?[32mTRACE?[0;39m ?[35m18216?[0;39m ?[2m---?[0;39m ?[2m[io-28852-exec-4]?[0;39m ?[36mo.s.security.web.FilterChainProxy       ?[0;39m ?[2m:?[0;39m Invoking AnonymousAuthenticationFilter (9/12)
?[0m?[0;34m?[2m2023-08-22T13:43:46.781+02:00?[0;39m ?[32mTRACE?[0;39m ?[35m18216?[0;39m ?[2m---?[0;39m ?[2m[io-28852-exec-4]?[0;39m ?[36mo.s.security.web.FilterChainProxy       ?[0;39m ?[2m:?[0;39m Invoking SessionManagementFilter (10/12)
?[0m?[0;34m?[2m2023-08-22T13:43:46.781+02:00?[0;39m ?[32mTRACE?[0;39m ?[35m18216?[0;39m ?[2m---?[0;39m ?[2m[io-28852-exec-4]?[0;39m ?[36mo.s.s.w.a.AnonymousAuthenticationFilter ?[0;39m ?[2m:?[0;39m Did not set SecurityContextHolder since already authenticated UsernamePasswordAuthenticationToken [Principal=account.businesslayer.security.UserAdapter@13f35d7, Credentials=[PROTECTED], Authenticated=true, Details=WebAuthenticationDetails [RemoteIpAddress=127.0.0.1, SessionId=null], Granted Authorities=[ROLE_USER]]
?[0m?[0;34m?[2m2023-08-22T13:43:46.781+02:00?[0;39m ?[32mTRACE?[0;39m ?[35m18216?[0;39m ?[2m---?[0;39m ?[2m[io-28852-exec-4]?[0;39m ?[36ms.CompositeSessionAuthenticationStrategy?[0;39m ?[2m:?[0;39m Preparing session with ChangeSessionIdAuthenticationStrategy (1/1)
?[0m?[0;34m?[2m2023-08-22T13:43:46.781+02:00?[0;39m ?[32mTRACE?[0;39m ?[35m18216?[0;39m ?[2m---?[0;39m ?[2m[io-28852-exec-4]?[0;39m ?[36mo.s.security.web.FilterChainProxy       ?[0;39m ?[2m:?[0;39m Invoking ExceptionTranslationFilter (11/12)
?[0m?[0;34m?[2m2023-08-22T13:43:46.781+02:00?[0;39m ?[32mTRACE?[0;39m ?[35m18216?[0;39m ?[2m---?[0;39m ?[2m[io-28852-exec-4]?[0;39m ?[36mo.s.security.web.FilterChainProxy       ?[0;39m ?[2m:?[0;39m Invoking AuthorizationFilter (12/12)
?[0m?[0;34m?[2m2023-08-22T13:43:46.781+02:00?[0;39m ?[32mTRACE?[0;39m ?[35m18216?[0;39m ?[2m---?[0;39m ?[2m[io-28852-exec-4]?[0;39m ?[36mestMatcherDelegatingAuthorizationManager?[0;39m ?[2m:?[0;39m Authorizing SecurityContextHolderAwareRequestWrapper[ org.springframework.security.web.header.HeaderWriterFilter$HeaderWriterRequest@3786623e]
?[0m?[0;34m?[2m2023-08-22T13:43:46.782+02:00?[0;39m ?[32mTRACE?[0;39m ?[35m18216?[0;39m ?[2m---?[0;39m ?[2m[io-28852-exec-4]?[0;39m ?[36mestMatcherDelegatingAuthorizationManager?[0;39m ?[2m:?[0;39m Checking authorization on SecurityContextHolderAwareRequestWrapper[ org.springframework.security.web.header.HeaderWriterFilter$HeaderWriterRequest@3786623e] using org.springframework.security.authorization.AuthenticatedAuthorizationManager@65549294
?[0m?[0;34m?[2m2023-08-22T13:43:46.782+02:00?[0;39m ?[32mDEBUG?[0;39m ?[35m18216?[0;39m ?[2m---?[0;39m ?[2m[io-28852-exec-4]?[0;39m ?[36mo.s.security.web.FilterChainProxy       ?[0;39m ?[2m:?[0;39m Secured POST /api/auth/changepass
?[0m?[0;34m?[2m2023-08-22T13:43:46.783+02:00?[0;39m ?[32mTRACE?[0;39m ?[35m18216?[0;39m ?[2m---?[0;39m ?[2m[io-28852-exec-4]?[0;39m ?[36mo.s.s.w.header.writers.HstsHeaderWriter ?[0;39m ?[2m:?[0;39m Not injecting HSTS header since it did not match request to [Is Secure]
?[0m?[0;34m?[2m2023-08-22T13:43:46.783+02:00?[0;39m ?[32mTRACE?[0;39m ?[35m18216?[0;39m ?[2m---?[0;39m ?[2m[io-28852-exec-4]?[0;39m ?[36mo.s.security.web.FilterChainProxy       ?[0;39m ?[2m:?[0;39m Trying to match request against DefaultSecurityFilterChain [RequestMatcher=any request, Filters=[org.springframework.security.web.session.DisableEncodeUrlFilter@5d51203b, org.springframework.security.web.context.request.async.WebAsyncManagerIntegrationFilter@32be672d, org.springframework.security.web.context.SecurityContextHolderFilter@74f54f8e, org.springframework.security.web.header.HeaderWriterFilter@157ff8f8, org.springframework.security.web.authentication.logout.LogoutFilter@72364a40, org.springframework.security.web.authentication.www.BasicAuthenticationFilter@a23b96b, org.springframework.security.web.savedrequest.RequestCacheAwareFilter@59b8a801, org.springframework.security.web.servletapi.SecurityContextHolderAwareRequestFilter@5aa026e9, org.springframework.security.web.authentication.AnonymousAuthenticationFilter@23e54c8a, org.springframework.security.web.session.SessionManagementFilter@79e3f444, org.springframework.security.web.access.ExceptionTranslationFilter@17a756db, org.springframework.security.web.access.intercept.AuthorizationFilter@55e75ce0]] (1/1)
?[0m?[0;34m?[2m2023-08-22T13:43:46.783+02:00?[0;39m ?[32mDEBUG?[0;39m ?[35m18216?[0;39m ?[2m---?[0;39m ?[2m[io-28852-exec-4]?[0;39m ?[36mo.s.security.web.FilterChainProxy       ?[0;39m ?[2m:?[0;39m Securing POST /error
?[0m?[0;34m?[2m2023-08-22T13:43:46.783+02:00?[0;39m ?[32mTRACE?[0;39m ?[35m18216?[0;39m ?[2m---?[0;39m ?[2m[io-28852-exec-4]?[0;39m ?[36mo.s.security.web.FilterChainProxy       ?[0;39m ?[2m:?[0;39m Invoking DisableEncodeUrlFilter (1/12)
?[0m?[0;34m?[2m2023-08-22T13:43:46.783+02:00?[0;39m ?[32mTRACE?[0;39m ?[35m18216?[0;39m ?[2m---?[0;39m ?[2m[io-28852-exec-4]?[0;39m ?[36mo.s.security.web.FilterChainProxy       ?[0;39m ?[2m:?[0;39m Invoking WebAsyncManagerIntegrationFilter (2/12)
?[0m?[0;34m?[2m2023-08-22T13:43:46.783+02:00?[0;39m ?[32mTRACE?[0;39m ?[35m18216?[0;39m ?[2m---?[0;39m ?[2m[io-28852-exec-4]?[0;39m ?[36mo.s.security.web.FilterChainProxy       ?[0;39m ?[2m:?[0;39m Invoking SecurityContextHolderFilter (3/12)
?[0m?[0;34m?[2m2023-08-22T13:43:46.783+02:00?[0;39m ?[32mTRACE?[0;39m ?[35m18216?[0;39m ?[2m---?[0;39m ?[2m[io-28852-exec-4]?[0;39m ?[36mo.s.security.web.FilterChainProxy       ?[0;39m ?[2m:?[0;39m Invoking HeaderWriterFilter (4/12)
?[0m?[0;34m?[2m2023-08-22T13:43:46.783+02:00?[0;39m ?[32mTRACE?[0;39m ?[35m18216?[0;39m ?[2m---?[0;39m ?[2m[io-28852-exec-4]?[0;39m ?[36mo.s.security.web.FilterChainProxy       ?[0;39m ?[2m:?[0;39m Invoking LogoutFilter (5/12)
?[0m?[0;34m?[2m2023-08-22T13:43:46.783+02:00?[0;39m ?[32mTRACE?[0;39m ?[35m18216?[0;39m ?[2m---?[0;39m ?[2m[io-28852-exec-4]?[0;39m ?[36mo.s.s.w.a.logout.LogoutFilter           ?[0;39m ?[2m:?[0;39m Did not match request to Or [Ant [pattern='/logout', GET], Ant [pattern='/logout', POST], Ant [pattern='/logout', PUT], Ant [pattern='/logout', DELETE]]
?[0m?[0;34m?[2m2023-08-22T13:43:46.783+02:00?[0;39m ?[32mTRACE?[0;39m ?[35m18216?[0;39m ?[2m---?[0;39m ?[2m[io-28852-exec-4]?[0;39m ?[36mo.s.security.web.FilterChainProxy       ?[0;39m ?[2m:?[0;39m Invoking BasicAuthenticationFilter (6/12)
?[0m?[0;34m?[2m2023-08-22T13:43:46.783+02:00?[0;39m ?[32mTRACE?[0;39m ?[35m18216?[0;39m ?[2m---?[0;39m ?[2m[io-28852-exec-4]?[0;39m ?[36mo.s.security.web.FilterChainProxy       ?[0;39m ?[2m:?[0;39m Invoking RequestCacheAwareFilter (7/12)
?[0m?[0;34m?[2m2023-08-22T13:43:46.783+02:00?[0;39m ?[32mTRACE?[0;39m ?[35m18216?[0;39m ?[2m---?[0;39m ?[2m[io-28852-exec-4]?[0;39m ?[36mo.s.security.web.FilterChainProxy       ?[0;39m ?[2m:?[0;39m Invoking SecurityContextHolderAwareRequestFilter (8/12)
?[0m?[0;34m?[2m2023-08-22T13:43:46.784+02:00?[0;39m ?[32mTRACE?[0;39m ?[35m18216?[0;39m ?[2m---?[0;39m ?[2m[io-28852-exec-4]?[0;39m ?[36mo.s.security.web.FilterChainProxy       ?[0;39m ?[2m:?[0;39m Invoking AnonymousAuthenticationFilter (9/12)
?[0m?[0;34m?[2m2023-08-22T13:43:46.784+02:00?[0;39m ?[32mTRACE?[0;39m ?[35m18216?[0;39m ?[2m---?[0;39m ?[2m[io-28852-exec-4]?[0;39m ?[36mo.s.security.web.FilterChainProxy       ?[0;39m ?[2m:?[0;39m Invoking SessionManagementFilter (10/12)
?[0m?[0;34m?[2m2023-08-22T13:43:46.784+02:00?[0;39m ?[32mTRACE?[0;39m ?[35m18216?[0;39m ?[2m---?[0;39m ?[2m[io-28852-exec-4]?[0;39m ?[36mo.s.security.web.FilterChainProxy       ?[0;39m ?[2m:?[0;39m Invoking ExceptionTranslationFilter (11/12)
?[0m?[0;34m?[2m2023-08-22T13:43:46.784+02:00?[0;39m ?[32mTRACE?[0;39m ?[35m18216?[0;39m ?[2m---?[0;39m ?[2m[io-28852-exec-4]?[0;39m ?[36mo.s.security.web.FilterChainProxy       ?[0;39m ?[2m:?[0;39m Invoking AuthorizationFilter (12/12)
?[0m?[0;34m?[2m2023-08-22T13:43:46.784+02:00?[0;39m ?[32mTRACE?[0;39m ?[35m18216?[0;39m ?[2m---?[0;39m ?[2m[io-28852-exec-4]?[0;39m ?[36mestMatcherDelegatingAuthorizationManager?[0;39m ?[2m:?[0;39m Authorizing SecurityContextHolderAwareRequestWrapper[ FirewalledRequest[ org.apache.catalina.core.ApplicationHttpRequest@24f5416f]]
?[0m?[0;34m?[2m2023-08-22T13:43:46.784+02:00?[0;39m ?[32mTRACE?[0;39m ?[35m18216?[0;39m ?[2m---?[0;39m ?[2m[io-28852-exec-4]?[0;39m ?[36mestMatcherDelegatingAuthorizationManager?[0;39m ?[2m:?[0;39m Checking authorization on SecurityContextHolderAwareRequestWrapper[ FirewalledRequest[ org.apache.catalina.core.ApplicationHttpRequest@24f5416f]] using org.springframework.security.config.annotation.web.configurers.AuthorizeHttpRequestsConfigurer$$Lambda$1316/0x0000000100a4d140@528cc85a
?[0m?[0;34m?[2m2023-08-22T13:43:46.784+02:00?[0;39m ?[32mDEBUG?[0;39m ?[35m18216?[0;39m ?[2m---?[0;39m ?[2m[io-28852-exec-4]?[0;39m ?[36mo.s.security.web.FilterChainProxy       ?[0;39m ?[2m:?[0;39m Secured POST /error
?[0m?[0;34m?[2m2023-08-22T13:43:46.784+02:00?[0;39m ?[32mTRACE?[0;39m ?[35m18216?[0;39m ?[2m---?[0;39m ?[2m[io-28852-exec-4]?[0;39m ?[36mo.s.s.w.a.AnonymousAuthenticationFilter ?[0;39m ?[2m:?[0;39m Did not set SecurityContextHolder since already authenticated UsernamePasswordAuthenticationToken [Principal=account.businesslayer.security.UserAdapter@13f35d7, Credentials=[PROTECTED], Authenticated=true, Details=WebAuthenticationDetails [RemoteIpAddress=127.0.0.1, SessionId=null], Granted Authorities=[ROLE_USER]]
?[0m?[0;34m?[2m2023-08-22T13:43:46.789+02:00?[0;39m ?[32mTRACE?[0;39m ?[35m18216?[0;39m ?[2m---?[0;39m ?[2m[io-28852-exec-6]?[0;39m ?[36mo.s.security.web.FilterChainProxy       ?[0;39m ?[2m:?[0;39m Trying to match request against DefaultSecurityFilterChain [RequestMatcher=any request, Filters=[org.springframework.security.web.session.DisableEncodeUrlFilter@5d51203b, org.springframework.security.web.context.request.async.WebAsyncManagerIntegrationFilter@32be672d, org.springframework.security.web.context.SecurityContextHolderFilter@74f54f8e, org.springframework.security.web.header.HeaderWriterFilter@157ff8f8, org.springframework.security.web.authentication.logout.LogoutFilter@72364a40, org.springframework.security.web.authentication.www.BasicAuthenticationFilter@a23b96b, org.springframework.security.web.savedrequest.RequestCacheAwareFilter@59b8a801, org.springframework.security.web.servletapi.SecurityContextHolderAwareRequestFilter@5aa026e9, org.springframework.security.web.authentication.AnonymousAuthenticationFilter@23e54c8a, org.springframework.security.web.session.SessionManagementFilter@79e3f444, org.springframework.security.web.access.ExceptionTranslationFilter@17a756db, org.springframework.security.web.access.intercept.AuthorizationFilter@55e75ce0]] (1/1)
?[0m?[0;34m?[2m2023-08-22T13:43:46.789+02:00?[0;39m ?[32mDEBUG?[0;39m ?[35m18216?[0;39m ?[2m---?[0;39m ?[2m[io-28852-exec-6]?[0;39m ?[36mo.s.security.web.FilterChainProxy       ?[0;39m ?[2m:?[0;39m Securing POST /api/auth/changepass
?[0m?[0;34m?[2m2023-08-22T13:43:46.790+02:00?[0;39m ?[32mTRACE?[0;39m ?[35m18216?[0;39m ?[2m---?[0;39m ?[2m[io-28852-exec-6]?[0;39m ?[36mo.s.security.web.FilterChainProxy       ?[0;39m ?[2m:?[0;39m Invoking DisableEncodeUrlFilter (1/12)
?[0m?[0;34m?[2m2023-08-22T13:43:46.790+02:00?[0;39m ?[32mTRACE?[0;39m ?[35m18216?[0;39m ?[2m---?[0;39m ?[2m[io-28852-exec-6]?[0;39m ?[36mo.s.security.web.FilterChainProxy       ?[0;39m ?[2m:?[0;39m Invoking WebAsyncManagerIntegrationFilter (2/12)
?[0m?[0;34m?[2m2023-08-22T13:43:46.790+02:00?[0;39m ?[32mTRACE?[0;39m ?[35m18216?[0;39m ?[2m---?[0;39m ?[2m[io-28852-exec-6]?[0;39m ?[36mo.s.security.web.FilterChainProxy       ?[0;39m ?[2m:?[0;39m Invoking SecurityContextHolderFilter (3/12)
?[0m?[0;34m?[2m2023-08-22T13:43:46.790+02:00?[0;39m ?[32mTRACE?[0;39m ?[35m18216?[0;39m ?[2m---?[0;39m ?[2m[io-28852-exec-6]?[0;39m ?[36mo.s.security.web.FilterChainProxy       ?[0;39m ?[2m:?[0;39m Invoking HeaderWriterFilter (4/12)
?[0m?[0;34m?[2m2023-08-22T13:43:46.790+02:00?[0;39m ?[32mTRACE?[0;39m ?[35m18216?[0;39m ?[2m---?[0;39m ?[2m[io-28852-exec-6]?[0;39m ?[36mo.s.security.web.FilterChainProxy       ?[0;39m ?[2m:?[0;39m Invoking LogoutFilter (5/12)
?[0m?[0;34m?[2m2023-08-22T13:43:46.790+02:00?[0;39m ?[32mTRACE?[0;39m ?[35m18216?[0;39m ?[2m---?[0;39m ?[2m[io-28852-exec-6]?[0;39m ?[36mo.s.s.w.a.logout.LogoutFilter           ?[0;39m ?[2m:?[0;39m Did not match request to Or [Ant [pattern='/logout', GET], Ant [pattern='/logout', POST], Ant [pattern='/logout', PUT], Ant [pattern='/logout', DELETE]]
?[0m?[0;34m?[2m2023-08-22T13:43:46.790+02:00?[0;39m ?[32mTRACE?[0;39m ?[35m18216?[0;39m ?[2m---?[0;39m ?[2m[io-28852-exec-6]?[0;39m ?[36mo.s.security.web.FilterChainProxy       ?[0;39m ?[2m:?[0;39m Invoking BasicAuthenticationFilter (6/12)
?[0m?[0;34m?[2m2023-08-22T13:43:46.790+02:00?[0;39m ?[32mTRACE?[0;39m ?[35m18216?[0;39m ?[2m---?[0;39m ?[2m[io-28852-exec-6]?[0;39m ?[36mo.s.s.w.a.www.BasicAuthenticationFilter ?[0;39m ?[2m:?[0;39m Found username 'JohnDoe@acme.com' in Basic Authorization header
?[0m?[0;34m?[2m2023-08-22T13:43:46.790+02:00?[0;39m ?[32mTRACE?[0;39m ?[35m18216?[0;39m ?[2m---?[0;39m ?[2m[io-28852-exec-6]?[0;39m ?[36m.s.s.w.c.SupplierDeferredSecurityContext?[0;39m ?[2m:?[0;39m Created SecurityContextImpl [Null authentication]
?[0m?[0;34m?[2m2023-08-22T13:43:46.790+02:00?[0;39m ?[32mTRACE?[0;39m ?[35m18216?[0;39m ?[2m---?[0;39m ?[2m[io-28852-exec-6]?[0;39m ?[36mo.s.s.authentication.ProviderManager    ?[0;39m ?[2m:?[0;39m Authenticating request with DaoAuthenticationProvider (1/1)
?[0m?[0;34mHibernate: select u1_0.id,u1_0.email,u1_0.lastname,u1_0.name,u1_0.password from users u1_0 where upper(u1_0.email)=upper(?)
?[0m?[0;34m?[2m2023-08-22T13:43:46.847+02:00?[0;39m ?[32mDEBUG?[0;39m ?[35m18216?[0;39m ?[2m---?[0;39m ?[2m[io-28852-exec-6]?[0;39m ?[36mo.s.s.a.dao.DaoAuthenticationProvider   ?[0;39m ?[2m:?[0;39m Authenticated user
?[0m?[0;34m?[2m2023-08-22T13:43:46.848+02:00?[0;39m ?[32mDEBUG?[0;39m ?[35m18216?[0;39m ?[2m---?[0;39m ?[2m[io-28852-exec-6]?[0;39m ?[36mo.s.s.w.a.www.BasicAuthenticationFilter ?[0;39m ?[2m:?[0;39m Set SecurityContextHolder to UsernamePasswordAuthenticationToken [Principal=account.businesslayer.security.UserAdapter@155a426b, Credentials=[PROTECTED], Authenticated=true, Details=WebAuthenticationDetails [RemoteIpAddress=127.0.0.1, SessionId=null], Granted Authorities=[ROLE_USER]]
?[0m?[0;34m?[2m2023-08-22T13:43:46.848+02:00?[0;39m ?[32mTRACE?[0;39m ?[35m18216?[0;39m ?[2m---?[0;39m ?[2m[io-28852-exec-6]?[0;39m ?[36mo.s.security.web.FilterChainProxy       ?[0;39m ?[2m:?[0;39m Invoking RequestCacheAwareFilter (7/12)
?[0m?[0;34m?[2m2023-08-22T13:43:46.848+02:00?[0;39m ?[32mTRACE?[0;39m ?[35m18216?[0;39m ?[2m---?[0;39m ?[2m[io-28852-exec-6]?[0;39m ?[36mo.s.security.web.FilterChainProxy       ?[0;39m ?[2m:?[0;39m Invoking SecurityContextHolderAwareRequestFilter (8/12)
?[0m?[0;34m?[2m2023-08-22T13:43:46.848+02:00?[0;39m ?[32mTRACE?[0;39m ?[35m18216?[0;39m ?[2m---?[0;39m ?[2m[io-28852-exec-6]?[0;39m ?[36mo.s.security.web.FilterChainProxy       ?[0;39m ?[2m:?[0;39m Invoking AnonymousAuthenticationFilter (9/12)
?[0m?[0;34m?[2m2023-08-22T13:43:46.848+02:00?[0;39m ?[32mTRACE?[0;39m ?[35m18216?[0;39m ?[2m---?[0;39m ?[2m[io-28852-exec-6]?[0;39m ?[36mo.s.security.web.FilterChainProxy       ?[0;39m ?[2m:?[0;39m Invoking SessionManagementFilter (10/12)
?[0m?[0;34m?[2m2023-08-22T13:43:46.848+02:00?[0;39m ?[32mTRACE?[0;39m ?[35m18216?[0;39m ?[2m---?[0;39m ?[2m[io-28852-exec-6]?[0;39m ?[36mo.s.s.w.a.AnonymousAuthenticationFilter ?[0;39m ?[2m:?[0;39m Did not set SecurityContextHolder since already authenticated UsernamePasswordAuthenticationToken [Principal=account.businesslayer.security.UserAdapter@155a426b, Credentials=[PROTECTED], Authenticated=true, Details=WebAuthenticationDetails [RemoteIpAddress=127.0.0.1, SessionId=null], Granted Authorities=[ROLE_USER]]
?[0m?[0;34m?[2m2023-08-22T13:43:46.848+02:00?[0;39m ?[32mTRACE?[0;39m ?[35m18216?[0;39m ?[2m---?[0;39m ?[2m[io-28852-exec-6]?[0;39m ?[36ms.CompositeSessionAuthenticationStrategy?[0;39m ?[2m:?[0;39m Preparing session with ChangeSessionIdAuthenticationStrategy (1/1)
?[0m?[0;34m?[2m2023-08-22T13:43:46.848+02:00?[0;39m ?[32mTRACE?[0;39m ?[35m18216?[0;39m ?[2m---?[0;39m ?[2m[io-28852-exec-6]?[0;39m ?[36mo.s.security.web.FilterChainProxy       ?[0;39m ?[2m:?[0;39m Invoking ExceptionTranslationFilter (11/12)
?[0m?[0;34m?[2m2023-08-22T13:43:46.848+02:00?[0;39m ?[32mTRACE?[0;39m ?[35m18216?[0;39m ?[2m---?[0;39m ?[2m[io-28852-exec-6]?[0;39m ?[36mo.s.security.web.FilterChainProxy       ?[0;39m ?[2m:?[0;39m Invoking AuthorizationFilter (12/12)
?[0m?[0;34m?[2m2023-08-22T13:43:46.848+02:00?[0;39m ?[32mTRACE?[0;39m ?[35m18216?[0;39m ?[2m---?[0;39m ?[2m[io-28852-exec-6]?[0;39m ?[36mestMatcherDelegatingAuthorizationManager?[0;39m ?[2m:?[0;39m Authorizing SecurityContextHolderAwareRequestWrapper[ org.springframework.security.web.header.HeaderWriterFilter$HeaderWriterRequest@54d7d4fd]
?[0m?[0;34m?[2m2023-08-22T13:43:46.848+02:00?[0;39m ?[32mTRACE?[0;39m ?[35m18216?[0;39m ?[2m---?[0;39m ?[2m[io-28852-exec-6]?[0;39m ?[36mestMatcherDelegatingAuthorizationManager?[0;39m ?[2m:?[0;39m Checking authorization on SecurityContextHolderAwareRequestWrapper[ org.springframework.security.web.header.HeaderWriterFilter$HeaderWriterRequest@54d7d4fd] using org.springframework.security.authorization.AuthenticatedAuthorizationManager@65549294
?[0m?[0;34m?[2m2023-08-22T13:43:46.848+02:00?[0;39m ?[32mDEBUG?[0;39m ?[35m18216?[0;39m ?[2m---?[0;39m ?[2m[io-28852-exec-6]?[0;39m ?[36mo.s.security.web.FilterChainProxy       ?[0;39m ?[2m:?[0;39m Secured POST /api/auth/changepass
?[0m?[0;34m?[2m2023-08-22T13:43:46.849+02:00?[0;39m ?[32mTRACE?[0;39m ?[35m18216?[0;39m ?[2m---?[0;39m ?[2m[io-28852-exec-6]?[0;39m ?[36mo.s.s.w.header.writers.HstsHeaderWriter ?[0;39m ?[2m:?[0;39m Not injecting HSTS header since it did not match request to [Is Secure]
?[0m?[0;34m?[2m2023-08-22T13:43:46.850+02:00?[0;39m ?[32mTRACE?[0;39m ?[35m18216?[0;39m ?[2m---?[0;39m ?[2m[io-28852-exec-6]?[0;39m ?[36mo.s.security.web.FilterChainProxy       ?[0;39m ?[2m:?[0;39m Trying to match request against DefaultSecurityFilterChain [RequestMatcher=any request, Filters=[org.springframework.security.web.session.DisableEncodeUrlFilter@5d51203b, org.springframework.security.web.context.request.async.WebAsyncManagerIntegrationFilter@32be672d, org.springframework.security.web.context.SecurityContextHolderFilter@74f54f8e, org.springframework.security.web.header.HeaderWriterFilter@157ff8f8, org.springframework.security.web.authentication.logout.LogoutFilter@72364a40, org.springframework.security.web.authentication.www.BasicAuthenticationFilter@a23b96b, org.springframework.security.web.savedrequest.RequestCacheAwareFilter@59b8a801, org.springframework.security.web.servletapi.SecurityContextHolderAwareRequestFilter@5aa026e9, org.springframework.security.web.authentication.AnonymousAuthenticationFilter@23e54c8a, org.springframework.security.web.session.SessionManagementFilter@79e3f444, org.springframework.security.web.access.ExceptionTranslationFilter@17a756db, org.springframework.security.web.access.intercept.AuthorizationFilter@55e75ce0]] (1/1)
?[0m?[0;34m?[2m2023-08-22T13:43:46.850+02:00?[0;39m ?[32mDEBUG?[0;39m ?[35m18216?[0;39m ?[2m---?[0;39m ?[2m[io-28852-exec-6]?[0;39m ?[36mo.s.security.web.FilterChainProxy       ?[0;39m ?[2m:?[0;39m Securing POST /error
?[0m?[0;34m?[2m2023-08-22T13:43:46.850+02:00?[0;39m ?[32mTRACE?[0;39m ?[35m18216?[0;39m ?[2m---?[0;39m ?[2m[io-28852-exec-6]?[0;39m ?[36mo.s.security.web.FilterChainProxy       ?[0;39m ?[2m:?[0;39m Invoking DisableEncodeUrlFilter (1/12)
?[0m?[0;34m?[2m2023-08-22T13:43:46.850+02:00?[0;39m ?[32mTRACE?[0;39m ?[35m18216?[0;39m ?[2m---?[0;39m ?[2m[io-28852-exec-6]?[0;39m ?[36mo.s.security.web.FilterChainProxy       ?[0;39m ?[2m:?[0;39m Invoking WebAsyncManagerIntegrationFilter (2/12)
?[0m?[0;34m?[2m2023-08-22T13:43:46.850+02:00?[0;39m ?[32mTRACE?[0;39m ?[35m18216?[0;39m ?[2m---?[0;39m ?[2m[io-28852-exec-6]?[0;39m ?[36mo.s.security.web.FilterChainProxy       ?[0;39m ?[2m:?[0;39m Invoking SecurityContextHolderFilter (3/12)
?[0m?[0;34m?[2m2023-08-22T13:43:46.850+02:00?[0;39m ?[32mTRACE?[0;39m ?[35m18216?[0;39m ?[2m---?[0;39m ?[2m[io-28852-exec-6]?[0;39m ?[36mo.s.security.web.FilterChainProxy       ?[0;39m ?[2m:?[0;39m Invoking HeaderWriterFilter (4/12)
?[0m?[0;34m?[2m2023-08-22T13:43:46.850+02:00?[0;39m ?[32mTRACE?[0;39m ?[35m18216?[0;39m ?[2m---?[0;39m ?[2m[io-28852-exec-6]?[0;39m ?[36mo.s.security.web.FilterChainProxy       ?[0;39m ?[2m:?[0;39m Invoking LogoutFilter (5/12)
?[0m?[0;34m?[2m2023-08-22T13:43:46.850+02:00?[0;39m ?[32mTRACE?[0;39m ?[35m18216?[0;39m ?[2m---?[0;39m ?[2m[io-28852-exec-6]?[0;39m ?[36mo.s.s.w.a.logout.LogoutFilter           ?[0;39m ?[2m:?[0;39m Did not match request to Or [Ant [pattern='/logout', GET], Ant [pattern='/logout', POST], Ant [pattern='/logout', PUT], Ant [pattern='/logout', DELETE]]
?[0m?[0;34m?[2m2023-08-22T13:43:46.850+02:00?[0;39m ?[32mTRACE?[0;39m ?[35m18216?[0;39m ?[2m---?[0;39m ?[2m[io-28852-exec-6]?[0;39m ?[36mo.s.security.web.FilterChainProxy       ?[0;39m ?[2m:?[0;39m Invoking BasicAuthenticationFilter (6/12)
?[0m?[0;34m?[2m2023-08-22T13:43:46.850+02:00?[0;39m ?[32mTRACE?[0;39m ?[35m18216?[0;39m ?[2m---?[0;39m ?[2m[io-28852-exec-6]?[0;39m ?[36mo.s.security.web.FilterChainProxy       ?[0;39m ?[2m:?[0;39m Invoking RequestCacheAwareFilter (7/12)
?[0m?[0;34m?[2m2023-08-22T13:43:46.850+02:00?[0;39m ?[32mTRACE?[0;39m ?[35m18216?[0;39m ?[2m---?[0;39m ?[2m[io-28852-exec-6]?[0;39m ?[36mo.s.security.web.FilterChainProxy       ?[0;39m ?[2m:?[0;39m Invoking SecurityContextHolderAwareRequestFilter (8/12)
?[0m?[0;34m?[2m2023-08-22T13:43:46.850+02:00?[0;39m ?[32mTRACE?[0;39m ?[35m18216?[0;39m ?[2m---?[0;39m ?[2m[io-28852-exec-6]?[0;39m ?[36mo.s.security.web.FilterChainProxy       ?[0;39m ?[2m:?[0;39m Invoking AnonymousAuthenticationFilter (9/12)
?[0m?[0;34m?[2m2023-08-22T13:43:46.850+02:00?[0;39m ?[32mTRACE?[0;39m ?[35m18216?[0;39m ?[2m---?[0;39m ?[2m[io-28852-exec-6]?[0;39m ?[36mo.s.security.web.FilterChainProxy       ?[0;39m ?[2m:?[0;39m Invoking SessionManagementFilter (10/12)
?[0m?[0;34m?[2m2023-08-22T13:43:46.850+02:00?[0;39m ?[32mTRACE?[0;39m ?[35m18216?[0;39m ?[2m---?[0;39m ?[2m[io-28852-exec-6]?[0;39m ?[36mo.s.security.web.FilterChainProxy       ?[0;39m ?[2m:?[0;39m Invoking ExceptionTranslationFilter (11/12)
?[0m?[0;34m?[2m2023-08-22T13:43:46.850+02:00?[0;39m ?[32mTRACE?[0;39m ?[35m18216?[0;39m ?[2m---?[0;39m ?[2m[io-28852-exec-6]?[0;39m ?[36mo.s.security.web.FilterChainProxy       ?[0;39m ?[2m:?[0;39m Invoking AuthorizationFilter (12/12)
?[0m?[0;34m?[2m2023-08-22T13:43:46.850+02:00?[0;39m ?[32mTRACE?[0;39m ?[35m18216?[0;39m ?[2m---?[0;39m ?[2m[io-28852-exec-6]?[0;39m ?[36mestMatcherDelegatingAuthorizationManager?[0;39m ?[2m:?[0;39m Authorizing SecurityContextHolderAwareRequestWrapper[ FirewalledRequest[ org.apache.catalina.core.ApplicationHttpRequest@fb6ac86]]
?[0m?[0;34m?[2m2023-08-22T13:43:46.850+02:00?[0;39m ?[32mTRACE?[0;39m ?[35m18216?[0;39m ?[2m---?[0;39m ?[2m[io-28852-exec-6]?[0;39m ?[36mestMatcherDelegatingAuthorizationManager?[0;39m ?[2m:?[0;39m Checking authorization on SecurityContextHolderAwareRequestWrapper[ FirewalledRequest[ org.apache.catalina.core.ApplicationHttpRequest@fb6ac86]] using org.springframework.security.config.annotation.web.configurers.AuthorizeHttpRequestsConfigurer$$Lambda$1316/0x0000000100a4d140@528cc85a
?[0m?[0;34m?[2m2023-08-22T13:43:46.850+02:00?[0;39m ?[32mDEBUG?[0;39m ?[35m18216?[0;39m ?[2m---?[0;39m ?[2m[io-28852-exec-6]?[0;39m ?[36mo.s.security.web.FilterChainProxy       ?[0;39m ?[2m:?[0;39m Secured POST /error
?[0m?[0;34m?[2m2023-08-22T13:43:46.850+02:00?[0;39m ?[32mTRACE?[0;39m ?[35m18216?[0;39m ?[2m---?[0;39m ?[2m[io-28852-exec-6]?[0;39m ?[36mo.s.s.w.a.AnonymousAuthenticationFilter ?[0;39m ?[2m:?[0;39m Did not set SecurityContextHolder since already authenticated UsernamePasswordAuthenticationToken [Principal=account.businesslayer.security.UserAdapter@155a426b, Credentials=[PROTECTED], Authenticated=true, Details=WebAuthenticationDetails [RemoteIpAddress=127.0.0.1, SessionId=null], Granted Authorities=[ROLE_USER]]
?[0m?[0;34m?[2m2023-08-22T13:43:46.855+02:00?[0;39m ?[32mTRACE?[0;39m ?[35m18216?[0;39m ?[2m---?[0;39m ?[2m[io-28852-exec-5]?[0;39m ?[36mo.s.security.web.FilterChainProxy       ?[0;39m ?[2m:?[0;39m Trying to match request against DefaultSecurityFilterChain [RequestMatcher=any request, Filters=[org.springframework.security.web.session.DisableEncodeUrlFilter@5d51203b, org.springframework.security.web.context.request.async.WebAsyncManagerIntegrationFilter@32be672d, org.springframework.security.web.context.SecurityContextHolderFilter@74f54f8e, org.springframework.security.web.header.HeaderWriterFilter@157ff8f8, org.springframework.security.web.authentication.logout.LogoutFilter@72364a40, org.springframework.security.web.authentication.www.BasicAuthenticationFilter@a23b96b, org.springframework.security.web.savedrequest.RequestCacheAwareFilter@59b8a801, org.springframework.security.web.servletapi.SecurityContextHolderAwareRequestFilter@5aa026e9, org.springframework.security.web.authentication.AnonymousAuthenticationFilter@23e54c8a, org.springframework.security.web.session.SessionManagementFilter@79e3f444, org.springframework.security.web.access.ExceptionTranslationFilter@17a756db, org.springframework.security.web.access.intercept.AuthorizationFilter@55e75ce0]] (1/1)
?[0m?[0;34m?[2m2023-08-22T13:43:46.856+02:00?[0;39m ?[32mDEBUG?[0;39m ?[35m18216?[0;39m ?[2m---?[0;39m ?[2m[io-28852-exec-5]?[0;39m ?[36mo.s.security.web.FilterChainProxy       ?[0;39m ?[2m:?[0;39m Securing POST /api/auth/changepass
?[0m?[0;34m?[2m2023-08-22T13:43:46.856+02:00?[0;39m ?[32mTRACE?[0;39m ?[35m18216?[0;39m ?[2m---?[0;39m ?[2m[io-28852-exec-5]?[0;39m ?[36mo.s.security.web.FilterChainProxy       ?[0;39m ?[2m:?[0;39m Invoking DisableEncodeUrlFilter (1/12)
?[0m?[0;34m?[2m2023-08-22T13:43:46.856+02:00?[0;39m ?[32mTRACE?[0;39m ?[35m18216?[0;39m ?[2m---?[0;39m ?[2m[io-28852-exec-5]?[0;39m ?[36mo.s.security.web.FilterChainProxy       ?[0;39m ?[2m:?[0;39m Invoking WebAsyncManagerIntegrationFilter (2/12)
?[0m?[0;34m?[2m2023-08-22T13:43:46.856+02:00?[0;39m ?[32mTRACE?[0;39m ?[35m18216?[0;39m ?[2m---?[0;39m ?[2m[io-28852-exec-5]?[0;39m ?[36mo.s.security.web.FilterChainProxy       ?[0;39m ?[2m:?[0;39m Invoking SecurityContextHolderFilter (3/12)
?[0m?[0;34m?[2m2023-08-22T13:43:46.856+02:00?[0;39m ?[32mTRACE?[0;39m ?[35m18216?[0;39m ?[2m---?[0;39m ?[2m[io-28852-exec-5]?[0;39m ?[36mo.s.security.web.FilterChainProxy       ?[0;39m ?[2m:?[0;39m Invoking HeaderWriterFilter (4/12)
?[0m?[0;34m?[2m2023-08-22T13:43:46.856+02:00?[0;39m ?[32mTRACE?[0;39m ?[35m18216?[0;39m ?[2m---?[0;39m ?[2m[io-28852-exec-5]?[0;39m ?[36mo.s.security.web.FilterChainProxy       ?[0;39m ?[2m:?[0;39m Invoking LogoutFilter (5/12)
?[0m?[0;34m?[2m2023-08-22T13:43:46.856+02:00?[0;39m ?[32mTRACE?[0;39m ?[35m18216?[0;39m ?[2m---?[0;39m ?[2m[io-28852-exec-5]?[0;39m ?[36mo.s.s.w.a.logout.LogoutFilter           ?[0;39m ?[2m:?[0;39m Did not match request to Or [Ant [pattern='/logout', GET], Ant [pattern='/logout', POST], Ant [pattern='/logout', PUT], Ant [pattern='/logout', DELETE]]
?[0m?[0;34m?[2m2023-08-22T13:43:46.856+02:00?[0;39m ?[32mTRACE?[0;39m ?[35m18216?[0;39m ?[2m---?[0;39m ?[2m[io-28852-exec-5]?[0;39m ?[36mo.s.security.web.FilterChainProxy       ?[0;39m ?[2m:?[0;39m Invoking BasicAuthenticationFilter (6/12)
?[0m?[0;34m?[2m2023-08-22T13:43:46.856+02:00?[0;39m ?[32mTRACE?[0;39m ?[35m18216?[0;39m ?[2m---?[0;39m ?[2m[io-28852-exec-5]?[0;39m ?[36mo.s.s.w.a.www.BasicAuthenticationFilter ?[0;39m ?[2m:?[0;39m Found username 'JohnDoe@acme.com' in Basic Authorization header
?[0m?[0;34m?[2m2023-08-22T13:43:46.856+02:00?[0;39m ?[32mTRACE?[0;39m ?[35m18216?[0;39m ?[2m---?[0;39m ?[2m[io-28852-exec-5]?[0;39m ?[36m.s.s.w.c.SupplierDeferredSecurityContext?[0;39m ?[2m:?[0;39m Created SecurityContextImpl [Null authentication]
?[0m?[0;34m?[2m2023-08-22T13:43:46.856+02:00?[0;39m ?[32mTRACE?[0;39m ?[35m18216?[0;39m ?[2m---?[0;39m ?[2m[io-28852-exec-5]?[0;39m ?[36mo.s.s.authentication.ProviderManager    ?[0;39m ?[2m:?[0;39m Authenticating request with DaoAuthenticationProvider (1/1)
?[0m?[0;34mHibernate: select u1_0.id,u1_0.email,u1_0.lastname,u1_0.name,u1_0.password from users u1_0 where upper(u1_0.email)=upper(?)
?[0m?[0;34m?[2m2023-08-22T13:43:46.914+02:00?[0;39m ?[32mDEBUG?[0;39m ?[35m18216?[0;39m ?[2m---?[0;39m ?[2m[io-28852-exec-5]?[0;39m ?[36mo.s.s.a.dao.DaoAuthenticationProvider   ?[0;39m ?[2m:?[0;39m Authenticated user
?[0m?[0;34m?[2m2023-08-22T13:43:46.914+02:00?[0;39m ?[32mDEBUG?[0;39m ?[35m18216?[0;39m ?[2m---?[0;39m ?[2m[io-28852-exec-5]?[0;39m ?[36mo.s.s.w.a.www.BasicAuthenticationFilter ?[0;39m ?[2m:?[0;39m Set SecurityContextHolder to UsernamePasswordAuthenticationToken [Principal=account.businesslayer.security.UserAdapter@641733c7, Credentials=[PROTECTED], Authenticated=true, Details=WebAuthenticationDetails [RemoteIpAddress=127.0.0.1, SessionId=null], Granted Authorities=[ROLE_USER]]
?[0m?[0;34m?[2m2023-08-22T13:43:46.914+02:00?[0;39m ?[32mTRACE?[0;39m ?[35m18216?[0;39m ?[2m---?[0;39m ?[2m[io-28852-exec-5]?[0;39m ?[36mo.s.security.web.FilterChainProxy       ?[0;39m ?[2m:?[0;39m Invoking RequestCacheAwareFilter (7/12)
?[0m?[0;34m?[2m2023-08-22T13:43:46.914+02:00?[0;39m ?[32mTRACE?[0;39m ?[35m18216?[0;39m ?[2m---?[0;39m ?[2m[io-28852-exec-5]?[0;39m ?[36mo.s.security.web.FilterChainProxy       ?[0;39m ?[2m:?[0;39m Invoking SecurityContextHolderAwareRequestFilter (8/12)
?[0m?[0;34m?[2m2023-08-22T13:43:46.914+02:00?[0;39m ?[32mTRACE?[0;39m ?[35m18216?[0;39m ?[2m---?[0;39m ?[2m[io-28852-exec-5]?[0;39m ?[36mo.s.security.web.FilterChainProxy       ?[0;39m ?[2m:?[0;39m Invoking AnonymousAuthenticationFilter (9/12)
?[0m?[0;34m?[2m2023-08-22T13:43:46.914+02:00?[0;39m ?[32mTRACE?[0;39m ?[35m18216?[0;39m ?[2m---?[0;39m ?[2m[io-28852-exec-5]?[0;39m ?[36mo.s.security.web.FilterChainProxy       ?[0;39m ?[2m:?[0;39m Invoking SessionManagementFilter (10/12)
?[0m?[0;34m?[2m2023-08-22T13:43:46.914+02:00?[0;39m ?[32mTRACE?[0;39m ?[35m18216?[0;39m ?[2m---?[0;39m ?[2m[io-28852-exec-5]?[0;39m ?[36mo.s.s.w.a.AnonymousAuthenticationFilter ?[0;39m ?[2m:?[0;39m Did not set SecurityContextHolder since already authenticated UsernamePasswordAuthenticationToken [Principal=account.businesslayer.security.UserAdapter@641733c7, Credentials=[PROTECTED], Authenticated=true, Details=WebAuthenticationDetails [RemoteIpAddress=127.0.0.1, SessionId=null], Granted Authorities=[ROLE_USER]]
?[0m?[0;34m?[2m2023-08-22T13:43:46.914+02:00?[0;39m ?[32mTRACE?[0;39m ?[35m18216?[0;39m ?[2m---?[0;39m ?[2m[io-28852-exec-5]?[0;39m ?[36ms.CompositeSessionAuthenticationStrategy?[0;39m ?[2m:?[0;39m Preparing session with ChangeSessionIdAuthenticationStrategy (1/1)
?[0m?[0;34m?[2m2023-08-22T13:43:46.914+02:00?[0;39m ?[32mTRACE?[0;39m ?[35m18216?[0;39m ?[2m---?[0;39m ?[2m[io-28852-exec-5]?[0;39m ?[36mo.s.security.web.FilterChainProxy       ?[0;39m ?[2m:?[0;39m Invoking ExceptionTranslationFilter (11/12)
?[0m?[0;34m?[2m2023-08-22T13:43:46.914+02:00?[0;39m ?[32mTRACE?[0;39m ?[35m18216?[0;39m ?[2m---?[0;39m ?[2m[io-28852-exec-5]?[0;39m ?[36mo.s.security.web.FilterChainProxy       ?[0;39m ?[2m:?[0;39m Invoking AuthorizationFilter (12/12)
?[0m?[0;34m?[2m2023-08-22T13:43:46.914+02:00?[0;39m ?[32mTRACE?[0;39m ?[35m18216?[0;39m ?[2m---?[0;39m ?[2m[io-28852-exec-5]?[0;39m ?[36mestMatcherDelegatingAuthorizationManager?[0;39m ?[2m:?[0;39m Authorizing SecurityContextHolderAwareRequestWrapper[ org.springframework.security.web.header.HeaderWriterFilter$HeaderWriterRequest@527a6a6c]
?[0m?[0;34m?[2m2023-08-22T13:43:46.915+02:00?[0;39m ?[32mTRACE?[0;39m ?[35m18216?[0;39m ?[2m---?[0;39m ?[2m[io-28852-exec-5]?[0;39m ?[36mestMatcherDelegatingAuthorizationManager?[0;39m ?[2m:?[0;39m Checking authorization on SecurityContextHolderAwareRequestWrapper[ org.springframework.security.web.header.HeaderWriterFilter$HeaderWriterRequest@527a6a6c] using org.springframework.security.authorization.AuthenticatedAuthorizationManager@65549294
?[0m?[0;34m?[2m2023-08-22T13:43:46.915+02:00?[0;39m ?[32mDEBUG?[0;39m ?[35m18216?[0;39m ?[2m---?[0;39m ?[2m[io-28852-exec-5]?[0;39m ?[36mo.s.security.web.FilterChainProxy       ?[0;39m ?[2m:?[0;39m Secured POST /api/auth/changepass
?[0m?[0;34m?[2m2023-08-22T13:43:46.916+02:00?[0;39m ?[32mTRACE?[0;39m ?[35m18216?[0;39m ?[2m---?[0;39m ?[2m[io-28852-exec-5]?[0;39m ?[36mo.s.s.w.header.writers.HstsHeaderWriter ?[0;39m ?[2m:?[0;39m Not injecting HSTS header since it did not match request to [Is Secure]
?[0m?[0;34m?[2m2023-08-22T13:43:46.916+02:00?[0;39m ?[32mTRACE?[0;39m ?[35m18216?[0;39m ?[2m---?[0;39m ?[2m[io-28852-exec-5]?[0;39m ?[36mo.s.security.web.FilterChainProxy       ?[0;39m ?[2m:?[0;39m Trying to match request against DefaultSecurityFilterChain [RequestMatcher=any request, Filters=[org.springframework.security.web.session.DisableEncodeUrlFilter@5d51203b, org.springframework.security.web.context.request.async.WebAsyncManagerIntegrationFilter@32be672d, org.springframework.security.web.context.SecurityContextHolderFilter@74f54f8e, org.springframework.security.web.header.HeaderWriterFilter@157ff8f8, org.springframework.security.web.authentication.logout.LogoutFilter@72364a40, org.springframework.security.web.authentication.www.BasicAuthenticationFilter@a23b96b, org.springframework.security.web.savedrequest.RequestCacheAwareFilter@59b8a801, org.springframework.security.web.servletapi.SecurityContextHolderAwareRequestFilter@5aa026e9, org.springframework.security.web.authentication.AnonymousAuthenticationFilter@23e54c8a, org.springframework.security.web.session.SessionManagementFilter@79e3f444, org.springframework.security.web.access.ExceptionTranslationFilter@17a756db, org.springframework.security.web.access.intercept.AuthorizationFilter@55e75ce0]] (1/1)
?[0m?[0;34m?[2m2023-08-22T13:43:46.916+02:00?[0;39m ?[32mDEBUG?[0;39m ?[35m18216?[0;39m ?[2m---?[0;39m ?[2m[io-28852-exec-5]?[0;39m ?[36mo.s.security.web.FilterChainProxy       ?[0;39m ?[2m:?[0;39m Securing POST /error
?[0m?[0;34m?[2m2023-08-22T13:43:46.916+02:00?[0;39m ?[32mTRACE?[0;39m ?[35m18216?[0;39m ?[2m---?[0;39m ?[2m[io-28852-exec-5]?[0;39m ?[36mo.s.security.web.FilterChainProxy       ?[0;39m ?[2m:?[0;39m Invoking DisableEncodeUrlFilter (1/12)
?[0m?[0;34m?[2m2023-08-22T13:43:46.916+02:00?[0;39m ?[32mTRACE?[0;39m ?[35m18216?[0;39m ?[2m---?[0;39m ?[2m[io-28852-exec-5]?[0;39m ?[36mo.s.security.web.FilterChainProxy       ?[0;39m ?[2m:?[0;39m Invoking WebAsyncManagerIntegrationFilter (2/12)
?[0m?[0;34m?[2m2023-08-22T13:43:46.916+02:00?[0;39m ?[32mTRACE?[0;39m ?[35m18216?[0;39m ?[2m---?[0;39m ?[2m[io-28852-exec-5]?[0;39m ?[36mo.s.security.web.FilterChainProxy       ?[0;39m ?[2m:?[0;39m Invoking SecurityContextHolderFilter (3/12)
?[0m?[0;34m?[2m2023-08-22T13:43:46.916+02:00?[0;39m ?[32mTRACE?[0;39m ?[35m18216?[0;39m ?[2m---?[0;39m ?[2m[io-28852-exec-5]?[0;39m ?[36mo.s.security.web.FilterChainProxy       ?[0;39m ?[2m:?[0;39m Invoking HeaderWriterFilter (4/12)
?[0m?[0;34m?[2m2023-08-22T13:43:46.916+02:00?[0;39m ?[32mTRACE?[0;39m ?[35m18216?[0;39m ?[2m---?[0;39m ?[2m[io-28852-exec-5]?[0;39m ?[36mo.s.security.web.FilterChainProxy       ?[0;39m ?[2m:?[0;39m Invoking LogoutFilter (5/12)
?[0m?[0;34m?[2m2023-08-22T13:43:46.916+02:00?[0;39m ?[32mTRACE?[0;39m ?[35m18216?[0;39m ?[2m---?[0;39m ?[2m[io-28852-exec-5]?[0;39m ?[36mo.s.s.w.a.logout.LogoutFilter           ?[0;39m ?[2m:?[0;39m Did not match request to Or [Ant [pattern='/logout', GET], Ant [pattern='/logout', POST], Ant [pattern='/logout', PUT], Ant [pattern='/logout', DELETE]]
?[0m?[0;34m?[2m2023-08-22T13:43:46.916+02:00?[0;39m ?[32mTRACE?[0;39m ?[35m18216?[0;39m ?[2m---?[0;39m ?[2m[io-28852-exec-5]?[0;39m ?[36mo.s.security.web.FilterChainProxy       ?[0;39m ?[2m:?[0;39m Invoking BasicAuthenticationFilter (6/12)
?[0m?[0;34m?[2m2023-08-22T13:43:46.916+02:00?[0;39m ?[32mTRACE?[0;39m ?[35m18216?[0;39m ?[2m---?[0;39m ?[2m[io-28852-exec-5]?[0;39m ?[36mo.s.security.web.FilterChainProxy       ?[0;39m ?[2m:?[0;39m Invoking RequestCacheAwareFilter (7/12)
?[0m?[0;34m?[2m2023-08-22T13:43:46.916+02:00?[0;39m ?[32mTRACE?[0;39m ?[35m18216?[0;39m ?[2m---?[0;39m ?[2m[io-28852-exec-5]?[0;39m ?[36mo.s.security.web.FilterChainProxy       ?[0;39m ?[2m:?[0;39m Invoking SecurityContextHolderAwareRequestFilter (8/12)
?[0m?[0;34m?[2m2023-08-22T13:43:46.916+02:00?[0;39m ?[32mTRACE?[0;39m ?[35m18216?[0;39m ?[2m---?[0;39m ?[2m[io-28852-exec-5]?[0;39m ?[36mo.s.security.web.FilterChainProxy       ?[0;39m ?[2m:?[0;39m Invoking AnonymousAuthenticationFilter (9/12)
?[0m?[0;34m?[2m2023-08-22T13:43:46.916+02:00?[0;39m ?[32mTRACE?[0;39m ?[35m18216?[0;39m ?[2m---?[0;39m ?[2m[io-28852-exec-5]?[0;39m ?[36mo.s.security.web.FilterChainProxy       ?[0;39m ?[2m:?[0;39m Invoking SessionManagementFilter (10/12)
?[0m?[0;34m?[2m2023-08-22T13:43:46.916+02:00?[0;39m ?[32mTRACE?[0;39m ?[35m18216?[0;39m ?[2m---?[0;39m ?[2m[io-28852-exec-5]?[0;39m ?[36mo.s.security.web.FilterChainProxy       ?[0;39m ?[2m:?[0;39m Invoking ExceptionTranslationFilter (11/12)
?[0m?[0;34m?[2m2023-08-22T13:43:46.916+02:00?[0;39m ?[32mTRACE?[0;39m ?[35m18216?[0;39m ?[2m---?[0;39m ?[2m[io-28852-exec-5]?[0;39m ?[36mo.s.security.web.FilterChainProxy       ?[0;39m ?[2m:?[0;39m Invoking AuthorizationFilter (12/12)
?[0m?[0;34m?[2m2023-08-22T13:43:46.917+02:00?[0;39m ?[32mTRACE?[0;39m ?[35m18216?[0;39m ?[2m---?[0;39m ?[2m[io-28852-exec-5]?[0;39m ?[36mestMatcherDelegatingAuthorizationManager?[0;39m ?[2m:?[0;39m Authorizing SecurityContextHolderAwareRequestWrapper[ FirewalledRequest[ org.apache.catalina.core.ApplicationHttpRequest@744b0e7]]
?[0m?[0;34m?[2m2023-08-22T13:43:46.917+02:00?[0;39m ?[32mTRACE?[0;39m ?[35m18216?[0;39m ?[2m---?[0;39m ?[2m[io-28852-exec-5]?[0;39m ?[36mestMatcherDelegatingAuthorizationManager?[0;39m ?[2m:?[0;39m Checking authorization on SecurityContextHolderAwareRequestWrapper[ FirewalledRequest[ org.apache.catalina.core.ApplicationHttpRequest@744b0e7]] using org.springframework.security.config.annotation.web.configurers.AuthorizeHttpRequestsConfigurer$$Lambda$1316/0x0000000100a4d140@528cc85a
?[0m?[0;34m?[2m2023-08-22T13:43:46.917+02:00?[0;39m ?[32mDEBUG?[0;39m ?[35m18216?[0;39m ?[2m---?[0;39m ?[2m[io-28852-exec-5]?[0;39m ?[36mo.s.security.web.FilterChainProxy       ?[0;39m ?[2m:?[0;39m Secured POST /error
?[0m?[0;34m?[2m2023-08-22T13:43:46.917+02:00?[0;39m ?[32mTRACE?[0;39m ?[35m18216?[0;39m ?[2m---?[0;39m ?[2m[io-28852-exec-5]?[0;39m ?[36mo.s.s.w.a.AnonymousAuthenticationFilter ?[0;39m ?[2m:?[0;39m Did not set SecurityContextHolder since already authenticated UsernamePasswordAuthenticationToken [Principal=account.businesslayer.security.UserAdapter@641733c7, Credentials=[PROTECTED], Authenticated=true, Details=WebAuthenticationDetails [RemoteIpAddress=127.0.0.1, SessionId=null], Granted Authorities=[ROLE_USER]]
?[0m?[0;34m?[2m2023-08-22T13:43:46.922+02:00?[0;39m ?[32mTRACE?[0;39m ?[35m18216?[0;39m ?[2m---?[0;39m ?[2m[io-28852-exec-7]?[0;39m ?[36mo.s.security.web.FilterChainProxy       ?[0;39m ?[2m:?[0;39m Trying to match request against DefaultSecurityFilterChain [RequestMatcher=any request, Filters=[org.springframework.security.web.session.DisableEncodeUrlFilter@5d51203b, org.springframework.security.web.context.request.async.WebAsyncManagerIntegrationFilter@32be672d, org.springframework.security.web.context.SecurityContextHolderFilter@74f54f8e, org.springframework.security.web.header.HeaderWriterFilter@157ff8f8, org.springframework.security.web.authentication.logout.LogoutFilter@72364a40, org.springframework.security.web.authentication.www.BasicAuthenticationFilter@a23b96b, org.springframework.security.web.savedrequest.RequestCacheAwareFilter@59b8a801, org.springframework.security.web.servletapi.SecurityContextHolderAwareRequestFilter@5aa026e9, org.springframework.security.web.authentication.AnonymousAuthenticationFilter@23e54c8a, org.springframework.security.web.session.SessionManagementFilter@79e3f444, org.springframework.security.web.access.ExceptionTranslationFilter@17a756db, org.springframework.security.web.access.intercept.AuthorizationFilter@55e75ce0]] (1/1)
?[0m?[0;34m?[2m2023-08-22T13:43:46.923+02:00?[0;39m ?[32mDEBUG?[0;39m ?[35m18216?[0;39m ?[2m---?[0;39m ?[2m[io-28852-exec-7]?[0;39m ?[36mo.s.security.web.FilterChainProxy       ?[0;39m ?[2m:?[0;39m Securing POST /api/auth/changepass
?[0m?[0;34m?[2m2023-08-22T13:43:46.923+02:00?[0;39m ?[32mTRACE?[0;39m ?[35m18216?[0;39m ?[2m---?[0;39m ?[2m[io-28852-exec-7]?[0;39m ?[36mo.s.security.web.FilterChainProxy       ?[0;39m ?[2m:?[0;39m Invoking DisableEncodeUrlFilter (1/12)
?[0m?[0;34m?[2m2023-08-22T13:43:46.923+02:00?[0;39m ?[32mTRACE?[0;39m ?[35m18216?[0;39m ?[2m---?[0;39m ?[2m[io-28852-exec-7]?[0;39m ?[36mo.s.security.web.FilterChainProxy       ?[0;39m ?[2m:?[0;39m Invoking WebAsyncManagerIntegrationFilter (2/12)
?[0m?[0;34m?[2m2023-08-22T13:43:46.923+02:00?[0;39m ?[32mTRACE?[0;39m ?[35m18216?[0;39m ?[2m---?[0;39m ?[2m[io-28852-exec-7]?[0;39m ?[36mo.s.security.web.FilterChainProxy       ?[0;39m ?[2m:?[0;39m Invoking SecurityContextHolderFilter (3/12)
?[0m?[0;34m?[2m2023-08-22T13:43:46.923+02:00?[0;39m ?[32mTRACE?[0;39m ?[35m18216?[0;39m ?[2m---?[0;39m ?[2m[io-28852-exec-7]?[0;39m ?[36mo.s.security.web.FilterChainProxy       ?[0;39m ?[2m:?[0;39m Invoking HeaderWriterFilter (4/12)
?[0m?[0;34m?[2m2023-08-22T13:43:46.923+02:00?[0;39m ?[32mTRACE?[0;39m ?[35m18216?[0;39m ?[2m---?[0;39m ?[2m[io-28852-exec-7]?[0;39m ?[36mo.s.security.web.FilterChainProxy       ?[0;39m ?[2m:?[0;39m Invoking LogoutFilter (5/12)
?[0m?[0;34m?[2m2023-08-22T13:43:46.923+02:00?[0;39m ?[32mTRACE?[0;39m ?[35m18216?[0;39m ?[2m---?[0;39m ?[2m[io-28852-exec-7]?[0;39m ?[36mo.s.s.w.a.logout.LogoutFilter           ?[0;39m ?[2m:?[0;39m Did not match request to Or [Ant [pattern='/logout', GET], Ant [pattern='/logout', POST], Ant [pattern='/logout', PUT], Ant [pattern='/logout', DELETE]]
?[0m?[0;34m?[2m2023-08-22T13:43:46.923+02:00?[0;39m ?[32mTRACE?[0;39m ?[35m18216?[0;39m ?[2m---?[0;39m ?[2m[io-28852-exec-7]?[0;39m ?[36mo.s.security.web.FilterChainProxy       ?[0;39m ?[2m:?[0;39m Invoking BasicAuthenticationFilter (6/12)
?[0m?[0;34m?[2m2023-08-22T13:43:46.923+02:00?[0;39m ?[32mTRACE?[0;39m ?[35m18216?[0;39m ?[2m---?[0;39m ?[2m[io-28852-exec-7]?[0;39m ?[36mo.s.s.w.a.www.BasicAuthenticationFilter ?[0;39m ?[2m:?[0;39m Found username 'JohnDoe@acme.com' in Basic Authorization header
?[0m?[0;34m?[2m2023-08-22T13:43:46.923+02:00?[0;39m ?[32mTRACE?[0;39m ?[35m18216?[0;39m ?[2m---?[0;39m ?[2m[io-28852-exec-7]?[0;39m ?[36m.s.s.w.c.SupplierDeferredSecurityContext?[0;39m ?[2m:?[0;39m Created SecurityContextImpl [Null authentication]
?[0m?[0;34m?[2m2023-08-22T13:43:46.923+02:00?[0;39m ?[32mTRACE?[0;39m ?[35m18216?[0;39m ?[2m---?[0;39m ?[2m[io-28852-exec-7]?[0;39m ?[36mo.s.s.authentication.ProviderManager    ?[0;39m ?[2m:?[0;39m Authenticating request with DaoAuthenticationProvider (1/1)
?[0m?[0;34mHibernate: select u1_0.id,u1_0.email,u1_0.lastname,u1_0.name,u1_0.password from users u1_0 where upper(u1_0.email)=upper(?)
?[0m?[0;34m?[2m2023-08-22T13:43:46.982+02:00?[0;39m ?[32mDEBUG?[0;39m ?[35m18216?[0;39m ?[2m---?[0;39m ?[2m[io-28852-exec-7]?[0;39m ?[36mo.s.s.a.dao.DaoAuthenticationProvider   ?[0;39m ?[2m:?[0;39m Authenticated user
?[0m?[0;34m?[2m2023-08-22T13:43:46.982+02:00?[0;39m ?[32mDEBUG?[0;39m ?[35m18216?[0;39m ?[2m---?[0;39m ?[2m[io-28852-exec-7]?[0;39m ?[36mo.s.s.w.a.www.BasicAuthenticationFilter ?[0;39m ?[2m:?[0;39m Set SecurityContextHolder to UsernamePasswordAuthenticationToken [Principal=account.businesslayer.security.UserAdapter@49424dec, Credentials=[PROTECTED], Authenticated=true, Details=WebAuthenticationDetails [RemoteIpAddress=127.0.0.1, SessionId=null], Granted Authorities=[ROLE_USER]]
?[0m?[0;34m?[2m2023-08-22T13:43:46.982+02:00?[0;39m ?[32mTRACE?[0;39m ?[35m18216?[0;39m ?[2m---?[0;39m ?[2m[io-28852-exec-7]?[0;39m ?[36mo.s.security.web.FilterChainProxy       ?[0;39m ?[2m:?[0;39m Invoking RequestCacheAwareFilter (7/12)
?[0m?[0;34m?[2m2023-08-22T13:43:46.982+02:00?[0;39m ?[32mTRACE?[0;39m ?[35m18216?[0;39m ?[2m---?[0;39m ?[2m[io-28852-exec-7]?[0;39m ?[36mo.s.security.web.FilterChainProxy       ?[0;39m ?[2m:?[0;39m Invoking SecurityContextHolderAwareRequestFilter (8/12)
?[0m?[0;34m?[2m2023-08-22T13:43:46.982+02:00?[0;39m ?[32mTRACE?[0;39m ?[35m18216?[0;39m ?[2m---?[0;39m ?[2m[io-28852-exec-7]?[0;39m ?[36mo.s.security.web.FilterChainProxy       ?[0;39m ?[2m:?[0;39m Invoking AnonymousAuthenticationFilter (9/12)
?[0m?[0;34m?[2m2023-08-22T13:43:46.982+02:00?[0;39m ?[32mTRACE?[0;39m ?[35m18216?[0;39m ?[2m---?[0;39m ?[2m[io-28852-exec-7]?[0;39m ?[36mo.s.security.web.FilterChainProxy       ?[0;39m ?[2m:?[0;39m Invoking SessionManagementFilter (10/12)
?[0m?[0;34m?[2m2023-08-22T13:43:46.982+02:00?[0;39m ?[32mTRACE?[0;39m ?[35m18216?[0;39m ?[2m---?[0;39m ?[2m[io-28852-exec-7]?[0;39m ?[36mo.s.s.w.a.AnonymousAuthenticationFilter ?[0;39m ?[2m:?[0;39m Did not set SecurityContextHolder since already authenticated UsernamePasswordAuthenticationToken [Principal=account.businesslayer.security.UserAdapter@49424dec, Credentials=[PROTECTED], Authenticated=true, Details=WebAuthenticationDetails [RemoteIpAddress=127.0.0.1, SessionId=null], Granted Authorities=[ROLE_USER]]
?[0m?[0;34m?[2m2023-08-22T13:43:46.982+02:00?[0;39m ?[32mTRACE?[0;39m ?[35m18216?[0;39m ?[2m---?[0;39m ?[2m[io-28852-exec-7]?[0;39m ?[36ms.CompositeSessionAuthenticationStrategy?[0;39m ?[2m:?[0;39m Preparing session with ChangeSessionIdAuthenticationStrategy (1/1)
?[0m?[0;34m?[2m2023-08-22T13:43:46.982+02:00?[0;39m ?[32mTRACE?[0;39m ?[35m18216?[0;39m ?[2m---?[0;39m ?[2m[io-28852-exec-7]?[0;39m ?[36mo.s.security.web.FilterChainProxy       ?[0;39m ?[2m:?[0;39m Invoking ExceptionTranslationFilter (11/12)
?[0m?[0;34m?[2m2023-08-22T13:43:46.982+02:00?[0;39m ?[32mTRACE?[0;39m ?[35m18216?[0;39m ?[2m---?[0;39m ?[2m[io-28852-exec-7]?[0;39m ?[36mo.s.security.web.FilterChainProxy       ?[0;39m ?[2m:?[0;39m Invoking AuthorizationFilter (12/12)
?[0m?[0;34m?[2m2023-08-22T13:43:46.982+02:00?[0;39m ?[32mTRACE?[0;39m ?[35m18216?[0;39m ?[2m---?[0;39m ?[2m[io-28852-exec-7]?[0;39m ?[36mestMatcherDelegatingAuthorizationManager?[0;39m ?[2m:?[0;39m Authorizing SecurityContextHolderAwareRequestWrapper[ org.springframework.security.web.header.HeaderWriterFilter$HeaderWriterRequest@28446f79]
?[0m?[0;34m?[2m2023-08-22T13:43:46.983+02:00?[0;39m ?[32mTRACE?[0;39m ?[35m18216?[0;39m ?[2m---?[0;39m ?[2m[io-28852-exec-7]?[0;39m ?[36mestMatcherDelegatingAuthorizationManager?[0;39m ?[2m:?[0;39m Checking authorization on SecurityContextHolderAwareRequestWrapper[ org.springframework.security.web.header.HeaderWriterFilter$HeaderWriterRequest@28446f79] using org.springframework.security.authorization.AuthenticatedAuthorizationManager@65549294
?[0m?[0;34m?[2m2023-08-22T13:43:46.983+02:00?[0;39m ?[32mDEBUG?[0;39m ?[35m18216?[0;39m ?[2m---?[0;39m ?[2m[io-28852-exec-7]?[0;39m ?[36mo.s.security.web.FilterChainProxy       ?[0;39m ?[2m:?[0;39m Secured POST /api/auth/changepass
?[0m?[0;34m?[2m2023-08-22T13:43:46.984+02:00?[0;39m ?[32mTRACE?[0;39m ?[35m18216?[0;39m ?[2m---?[0;39m ?[2m[io-28852-exec-7]?[0;39m ?[36mo.s.s.w.header.writers.HstsHeaderWriter ?[0;39m ?[2m:?[0;39m Not injecting HSTS header since it did not match request to [Is Secure]
?[0m?[0;34m?[2m2023-08-22T13:43:46.984+02:00?[0;39m ?[32mTRACE?[0;39m ?[35m18216?[0;39m ?[2m---?[0;39m ?[2m[io-28852-exec-7]?[0;39m ?[36mo.s.security.web.FilterChainProxy       ?[0;39m ?[2m:?[0;39m Trying to match request against DefaultSecurityFilterChain [RequestMatcher=any request, Filters=[org.springframework.security.web.session.DisableEncodeUrlFilter@5d51203b, org.springframework.security.web.context.request.async.WebAsyncManagerIntegrationFilter@32be672d, org.springframework.security.web.context.SecurityContextHolderFilter@74f54f8e, org.springframework.security.web.header.HeaderWriterFilter@157ff8f8, org.springframework.security.web.authentication.logout.LogoutFilter@72364a40, org.springframework.security.web.authentication.www.BasicAuthenticationFilter@a23b96b, org.springframework.security.web.savedrequest.RequestCacheAwareFilter@59b8a801, org.springframework.security.web.servletapi.SecurityContextHolderAwareRequestFilter@5aa026e9, org.springframework.security.web.authentication.AnonymousAuthenticationFilter@23e54c8a, org.springframework.security.web.session.SessionManagementFilter@79e3f444, org.springframework.security.web.access.ExceptionTranslationFilter@17a756db, org.springframework.security.web.access.intercept.AuthorizationFilter@55e75ce0]] (1/1)
?[0m?[0;34m?[2m2023-08-22T13:43:46.984+02:00?[0;39m ?[32mDEBUG?[0;39m ?[35m18216?[0;39m ?[2m---?[0;39m ?[2m[io-28852-exec-7]?[0;39m ?[36mo.s.security.web.FilterChainProxy       ?[0;39m ?[2m:?[0;39m Securing POST /error
?[0m?[0;34m?[2m2023-08-22T13:43:46.984+02:00?[0;39m ?[32mTRACE?[0;39m ?[35m18216?[0;39m ?[2m---?[0;39m ?[2m[io-28852-exec-7]?[0;39m ?[36mo.s.security.web.FilterChainProxy       ?[0;39m ?[2m:?[0;39m Invoking DisableEncodeUrlFilter (1/12)
?[0m?[0;34m?[2m2023-08-22T13:43:46.984+02:00?[0;39m ?[32mTRACE?[0;39m ?[35m18216?[0;39m ?[2m---?[0;39m ?[2m[io-28852-exec-7]?[0;39m ?[36mo.s.security.web.FilterChainProxy       ?[0;39m ?[2m:?[0;39m Invoking WebAsyncManagerIntegrationFilter (2/12)
?[0m?[0;34m?[2m2023-08-22T13:43:46.984+02:00?[0;39m ?[32mTRACE?[0;39m ?[35m18216?[0;39m ?[2m---?[0;39m ?[2m[io-28852-exec-7]?[0;39m ?[36mo.s.security.web.FilterChainProxy       ?[0;39m ?[2m:?[0;39m Invoking SecurityContextHolderFilter (3/12)
?[0m?[0;34m?[2m2023-08-22T13:43:46.984+02:00?[0;39m ?[32mTRACE?[0;39m ?[35m18216?[0;39m ?[2m---?[0;39m ?[2m[io-28852-exec-7]?[0;39m ?[36mo.s.security.web.FilterChainProxy       ?[0;39m ?[2m:?[0;39m Invoking HeaderWriterFilter (4/12)
?[0m?[0;34m?[2m2023-08-22T13:43:46.984+02:00?[0;39m ?[32mTRACE?[0;39m ?[35m18216?[0;39m ?[2m---?[0;39m ?[2m[io-28852-exec-7]?[0;39m ?[36mo.s.security.web.FilterChainProxy       ?[0;39m ?[2m:?[0;39m Invoking LogoutFilter (5/12)
?[0m?[0;34m?[2m2023-08-22T13:43:46.985+02:00?[0;39m ?[32mTRACE?[0;39m ?[35m18216?[0;39m ?[2m---?[0;39m ?[2m[io-28852-exec-7]?[0;39m ?[36mo.s.s.w.a.logout.LogoutFilter           ?[0;39m ?[2m:?[0;39m Did not match request to Or [Ant [pattern='/logout', GET], Ant [pattern='/logout', POST], Ant [pattern='/logout', PUT], Ant [pattern='/logout', DELETE]]
?[0m?[0;34m?[2m2023-08-22T13:43:46.985+02:00?[0;39m ?[32mTRACE?[0;39m ?[35m18216?[0;39m ?[2m---?[0;39m ?[2m[io-28852-exec-7]?[0;39m ?[36mo.s.security.web.FilterChainProxy       ?[0;39m ?[2m:?[0;39m Invoking BasicAuthenticationFilter (6/12)
?[0m?[0;34m?[2m2023-08-22T13:43:46.985+02:00?[0;39m ?[32mTRACE?[0;39m ?[35m18216?[0;39m ?[2m---?[0;39m ?[2m[io-28852-exec-7]?[0;39m ?[36mo.s.security.web.FilterChainProxy       ?[0;39m ?[2m:?[0;39m Invoking RequestCacheAwareFilter (7/12)
?[0m?[0;34m?[2m2023-08-22T13:43:46.985+02:00?[0;39m ?[32mTRACE?[0;39m ?[35m18216?[0;39m ?[2m---?[0;39m ?[2m[io-28852-exec-7]?[0;39m ?[36mo.s.security.web.FilterChainProxy       ?[0;39m ?[2m:?[0;39m Invoking SecurityContextHolderAwareRequestFilter (8/12)
?[0m?[0;34m?[2m2023-08-22T13:43:46.985+02:00?[0;39m ?[32mTRACE?[0;39m ?[35m18216?[0;39m ?[2m---?[0;39m ?[2m[io-28852-exec-7]?[0;39m ?[36mo.s.security.web.FilterChainProxy       ?[0;39m ?[2m:?[0;39m Invoking AnonymousAuthenticationFilter (9/12)
?[0m?[0;34m?[2m2023-08-22T13:43:46.985+02:00?[0;39m ?[32mTRACE?[0;39m ?[35m18216?[0;39m ?[2m---?[0;39m ?[2m[io-28852-exec-7]?[0;39m ?[36mo.s.security.web.FilterChainProxy       ?[0;39m ?[2m:?[0;39m Invoking SessionManagementFilter (10/12)
?[0m?[0;34m?[2m2023-08-22T13:43:46.985+02:00?[0;39m ?[32mTRACE?[0;39m ?[35m18216?[0;39m ?[2m---?[0;39m ?[2m[io-28852-exec-7]?[0;39m ?[36mo.s.security.web.FilterChainProxy       ?[0;39m ?[2m:?[0;39m Invoking ExceptionTranslationFilter (11/12)
?[0m?[0;34m?[2m2023-08-22T13:43:46.985+02:00?[0;39m ?[32mTRACE?[0;39m ?[35m18216?[0;39m ?[2m---?[0;39m ?[2m[io-28852-exec-7]?[0;39m ?[36mo.s.security.web.FilterChainProxy       ?[0;39m ?[2m:?[0;39m Invoking AuthorizationFilter (12/12)
?[0m?[0;34m?[2m2023-08-22T13:43:46.985+02:00?[0;39m ?[32mTRACE?[0;39m ?[35m18216?[0;39m ?[2m---?[0;39m ?[2m[io-28852-exec-7]?[0;39m ?[36mestMatcherDelegatingAuthorizationManager?[0;39m ?[2m:?[0;39m Authorizing SecurityContextHolderAwareRequestWrapper[ FirewalledRequest[ org.apache.catalina.core.ApplicationHttpRequest@558b5fa8]]
?[0m?[0;34m?[2m2023-08-22T13:43:46.985+02:00?[0;39m ?[32mTRACE?[0;39m ?[35m18216?[0;39m ?[2m---?[0;39m ?[2m[io-28852-exec-7]?[0;39m ?[36mestMatcherDelegatingAuthorizationManager?[0;39m ?[2m:?[0;39m Checking authorization on SecurityContextHolderAwareRequestWrapper[ FirewalledRequest[ org.apache.catalina.core.ApplicationHttpRequest@558b5fa8]] using org.springframework.security.config.annotation.web.configurers.AuthorizeHttpRequestsConfigurer$$Lambda$1316/0x0000000100a4d140@528cc85a
?[0m?[0;34m?[2m2023-08-22T13:43:46.985+02:00?[0;39m ?[32mDEBUG?[0;39m ?[35m18216?[0;39m ?[2m---?[0;39m ?[2m[io-28852-exec-7]?[0;39m ?[36mo.s.security.web.FilterChainProxy       ?[0;39m ?[2m:?[0;39m Secured POST /error
?[0m?[0;34m?[2m2023-08-22T13:43:46.985+02:00?[0;39m ?[32mTRACE?[0;39m ?[35m18216?[0;39m ?[2m---?[0;39m ?[2m[io-28852-exec-7]?[0;39m ?[36mo.s.s.w.a.AnonymousAuthenticationFilter ?[0;39m ?[2m:?[0;39m Did not set SecurityContextHolder since already authenticated UsernamePasswordAuthenticationToken [Principal=account.businesslayer.security.UserAdapter@49424dec, Credentials=[PROTECTED], Authenticated=true, Details=WebAuthenticationDetails [RemoteIpAddress=127.0.0.1, SessionId=null], Granted Authorities=[ROLE_USER]]
?[1;31m
Start test 44?[0m
?[0m?[0;34m?[2m2023-08-22T13:43:46.990+02:00?[0;39m ?[32mTRACE?[0;39m ?[35m18216?[0;39m ?[2m---?[0;39m ?[2m[io-28852-exec-2]?[0;39m ?[36mo.s.security.web.FilterChainProxy       ?[0;39m ?[2m:?[0;39m Trying to match request against DefaultSecurityFilterChain [RequestMatcher=any request, Filters=[org.springframework.security.web.session.DisableEncodeUrlFilter@5d51203b, org.springframework.security.web.context.request.async.WebAsyncManagerIntegrationFilter@32be672d, org.springframework.security.web.context.SecurityContextHolderFilter@74f54f8e, org.springframework.security.web.header.HeaderWriterFilter@157ff8f8, org.springframework.security.web.authentication.logout.LogoutFilter@72364a40, org.springframework.security.web.authentication.www.BasicAuthenticationFilter@a23b96b, org.springframework.security.web.savedrequest.RequestCacheAwareFilter@59b8a801, org.springframework.security.web.servletapi.SecurityContextHolderAwareRequestFilter@5aa026e9, org.springframework.security.web.authentication.AnonymousAuthenticationFilter@23e54c8a, org.springframework.security.web.session.SessionManagementFilter@79e3f444, org.springframework.security.web.access.ExceptionTranslationFilter@17a756db, org.springframework.security.web.access.intercept.AuthorizationFilter@55e75ce0]] (1/1)
?[0m?[0;34m?[2m2023-08-22T13:43:46.991+02:00?[0;39m ?[32mDEBUG?[0;39m ?[35m18216?[0;39m ?[2m---?[0;39m ?[2m[io-28852-exec-2]?[0;39m ?[36mo.s.security.web.FilterChainProxy       ?[0;39m ?[2m:?[0;39m Securing POST /actuator/shutdown
?[0m?[0;34m?[2m2023-08-22T13:43:46.991+02:00?[0;39m ?[32mTRACE?[0;39m ?[35m18216?[0;39m ?[2m---?[0;39m ?[2m[io-28852-exec-2]?[0;39m ?[36mo.s.security.web.FilterChainProxy       ?[0;39m ?[2m:?[0;39m Invoking DisableEncodeUrlFilter (1/12)
?[0m?[0;34m?[2m2023-08-22T13:43:46.991+02:00?[0;39m ?[32mTRACE?[0;39m ?[35m18216?[0;39m ?[2m---?[0;39m ?[2m[io-28852-exec-2]?[0;39m ?[36mo.s.security.web.FilterChainProxy       ?[0;39m ?[2m:?[0;39m Invoking WebAsyncManagerIntegrationFilter (2/12)
?[0m?[0;34m?[2m2023-08-22T13:43:46.991+02:00?[0;39m ?[32mTRACE?[0;39m ?[35m18216?[0;39m ?[2m---?[0;39m ?[2m[io-28852-exec-2]?[0;39m ?[36mo.s.security.web.FilterChainProxy       ?[0;39m ?[2m:?[0;39m Invoking SecurityContextHolderFilter (3/12)
?[0m?[0;34m?[2m2023-08-22T13:43:46.991+02:00?[0;39m ?[32mTRACE?[0;39m ?[35m18216?[0;39m ?[2m---?[0;39m ?[2m[io-28852-exec-2]?[0;39m ?[36mo.s.security.web.FilterChainProxy       ?[0;39m ?[2m:?[0;39m Invoking HeaderWriterFilter (4/12)
?[0m?[0;34m?[2m2023-08-22T13:43:46.991+02:00?[0;39m ?[32mTRACE?[0;39m ?[35m18216?[0;39m ?[2m---?[0;39m ?[2m[io-28852-exec-2]?[0;39m ?[36mo.s.security.web.FilterChainProxy       ?[0;39m ?[2m:?[0;39m Invoking LogoutFilter (5/12)
?[0m?[0;34m?[2m2023-08-22T13:43:46.991+02:00?[0;39m ?[32mTRACE?[0;39m ?[35m18216?[0;39m ?[2m---?[0;39m ?[2m[io-28852-exec-2]?[0;39m ?[36mo.s.s.w.a.logout.LogoutFilter           ?[0;39m ?[2m:?[0;39m Did not match request to Or [Ant [pattern='/logout', GET], Ant [pattern='/logout', POST], Ant [pattern='/logout', PUT], Ant [pattern='/logout', DELETE]]
?[0m?[0;34m?[2m2023-08-22T13:43:46.991+02:00?[0;39m ?[32mTRACE?[0;39m ?[35m18216?[0;39m ?[2m---?[0;39m ?[2m[io-28852-exec-2]?[0;39m ?[36mo.s.security.web.FilterChainProxy       ?[0;39m ?[2m:?[0;39m Invoking BasicAuthenticationFilter (6/12)
?[0m?[0;34m?[2m2023-08-22T13:43:46.991+02:00?[0;39m ?[32mTRACE?[0;39m ?[35m18216?[0;39m ?[2m---?[0;39m ?[2m[io-28852-exec-2]?[0;39m ?[36mo.s.s.w.a.www.BasicAuthenticationFilter ?[0;39m ?[2m:?[0;39m Did not process authentication request since failed to find username and password in Basic Authorization header
?[0m?[0;34m?[2m2023-08-22T13:43:46.991+02:00?[0;39m ?[32mTRACE?[0;39m ?[35m18216?[0;39m ?[2m---?[0;39m ?[2m[io-28852-exec-2]?[0;39m ?[36mo.s.security.web.FilterChainProxy       ?[0;39m ?[2m:?[0;39m Invoking RequestCacheAwareFilter (7/12)
?[0m?[0;34m?[2m2023-08-22T13:43:46.991+02:00?[0;39m ?[32mTRACE?[0;39m ?[35m18216?[0;39m ?[2m---?[0;39m ?[2m[io-28852-exec-2]?[0;39m ?[36mo.s.security.web.FilterChainProxy       ?[0;39m ?[2m:?[0;39m Invoking SecurityContextHolderAwareRequestFilter (8/12)
?[0m?[0;34m?[2m2023-08-22T13:43:46.991+02:00?[0;39m ?[32mTRACE?[0;39m ?[35m18216?[0;39m ?[2m---?[0;39m ?[2m[io-28852-exec-2]?[0;39m ?[36mo.s.security.web.FilterChainProxy       ?[0;39m ?[2m:?[0;39m Invoking AnonymousAuthenticationFilter (9/12)
?[0m?[0;34m?[2m2023-08-22T13:43:46.991+02:00?[0;39m ?[32mTRACE?[0;39m ?[35m18216?[0;39m ?[2m---?[0;39m ?[2m[io-28852-exec-2]?[0;39m ?[36mo.s.security.web.FilterChainProxy       ?[0;39m ?[2m:?[0;39m Invoking SessionManagementFilter (10/12)
?[0m?[0;34m?[2m2023-08-22T13:43:46.991+02:00?[0;39m ?[32mTRACE?[0;39m ?[35m18216?[0;39m ?[2m---?[0;39m ?[2m[io-28852-exec-2]?[0;39m ?[36m.s.s.w.c.SupplierDeferredSecurityContext?[0;39m ?[2m:?[0;39m Created SecurityContextImpl [Null authentication]
?[0m?[0;34m?[2m2023-08-22T13:43:46.991+02:00?[0;39m ?[32mTRACE?[0;39m ?[35m18216?[0;39m ?[2m---?[0;39m ?[2m[io-28852-exec-2]?[0;39m ?[36mo.s.s.w.a.AnonymousAuthenticationFilter ?[0;39m ?[2m:?[0;39m Set SecurityContextHolder to AnonymousAuthenticationToken [Principal=anonymousUser, Credentials=[PROTECTED], Authenticated=true, Details=WebAuthenticationDetails [RemoteIpAddress=127.0.0.1, SessionId=null], Granted Authorities=[ROLE_ANONYMOUS]]
?[0m?[0;34m?[2m2023-08-22T13:43:46.991+02:00?[0;39m ?[32mTRACE?[0;39m ?[35m18216?[0;39m ?[2m---?[0;39m ?[2m[io-28852-exec-2]?[0;39m ?[36mo.s.security.web.FilterChainProxy       ?[0;39m ?[2m:?[0;39m Invoking ExceptionTranslationFilter (11/12)
?[0m?[0;34m?[2m2023-08-22T13:43:46.991+02:00?[0;39m ?[32mTRACE?[0;39m ?[35m18216?[0;39m ?[2m---?[0;39m ?[2m[io-28852-exec-2]?[0;39m ?[36mo.s.security.web.FilterChainProxy       ?[0;39m ?[2m:?[0;39m Invoking AuthorizationFilter (12/12)
?[0m?[0;34m?[2m2023-08-22T13:43:46.991+02:00?[0;39m ?[32mTRACE?[0;39m ?[35m18216?[0;39m ?[2m---?[0;39m ?[2m[io-28852-exec-2]?[0;39m ?[36mestMatcherDelegatingAuthorizationManager?[0;39m ?[2m:?[0;39m Authorizing SecurityContextHolderAwareRequestWrapper[ org.springframework.security.web.header.HeaderWriterFilter$HeaderWriterRequest@626160b1]
?[0m?[0;34m?[2m2023-08-22T13:43:46.991+02:00?[0;39m ?[32mTRACE?[0;39m ?[35m18216?[0;39m ?[2m---?[0;39m ?[2m[io-28852-exec-2]?[0;39m ?[36mestMatcherDelegatingAuthorizationManager?[0;39m ?[2m:?[0;39m Checking authorization on SecurityContextHolderAwareRequestWrapper[ org.springframework.security.web.header.HeaderWriterFilter$HeaderWriterRequest@626160b1] using org.springframework.security.config.annotation.web.configurers.AuthorizeHttpRequestsConfigurer$$Lambda$1316/0x0000000100a4d140@528cc85a
?[0m?[0;34m?[2m2023-08-22T13:43:46.992+02:00?[0;39m ?[32mDEBUG?[0;39m ?[35m18216?[0;39m ?[2m---?[0;39m ?[2m[io-28852-exec-2]?[0;39m ?[36mo.s.security.web.FilterChainProxy       ?[0;39m ?[2m:?[0;39m Secured POST /actuator/shutdown
?[0m?[0;34m?[2m2023-08-22T13:43:46.999+02:00?[0;39m ?[32mTRACE?[0;39m ?[35m18216?[0;39m ?[2m---?[0;39m ?[2m[io-28852-exec-2]?[0;39m ?[36mo.s.s.w.header.writers.HstsHeaderWriter ?[0;39m ?[2m:?[0;39m Not injecting HSTS header since it did not match request to [Is Secure]
?[0;34m?[2m2023-08-22T13:43:47.518+02:00?[0;39m ?[32m INFO?[0;39m ?[35m18216?[0;39m ?[2m---?[0;39m ?[2m[       Thread-5]?[0;39m ?[36mo.apache.catalina.core.StandardService  ?[0;39m ?[2m:?[0;39m Stopping service [Tomcat]
?[0m?[0;34m?[2m2023-08-22T13:43:47.519+02:00?[0;39m ?[32m INFO?[0;39m ?[35m18216?[0;39m ?[2m---?[0;39m ?[2m[       Thread-5]?[0;39m ?[36mo.a.c.c.C.[Tomcat].[localhost].[/]      ?[0;39m ?[2m:?[0;39m Destroying Spring FrameworkServlet 'dispatcherServlet'
?[0m?[0;34m?[2m2023-08-22T13:43:47.525+02:00?[0;39m ?[32m INFO?[0;39m ?[35m18216?[0;39m ?[2m---?[0;39m ?[2m[       Thread-5]?[0;39m ?[36mj.LocalContainerEntityManagerFactoryBean?[0;39m ?[2m:?[0;39m Closing JPA EntityManagerFactory for persistence unit 'default'
?[0m?[0;34m?[2m2023-08-22T13:43:47.527+02:00?[0;39m ?[32m INFO?[0;39m ?[35m18216?[0;39m ?[2m---?[0;39m ?[2m[       Thread-5]?[0;39m ?[36mcom.zaxxer.hikari.HikariDataSource      ?[0;39m ?[2m:?[0;39m HikariPool-1 - Shutdown initiated...
?[0m?[0;34m?[2m2023-08-22T13:43:47.533+02:00?[0;39m ?[32m INFO?[0;39m ?[35m18216?[0;39m ?[2m---?[0;39m ?[2m[       Thread-5]?[0;39m ?[36mcom.zaxxer.hikari.HikariDataSource      ?[0;39m ?[2m:?[0;39m HikariPool-1 - Shutdown completed.
?[0;34m
?[0m?[0;34m  .   ____          _            __ _ _
?[0m?[0;34m /\\ / ___'_ __ _ _(_)_ __  __ _ \ \ \ \
?[0m?[0;34m( ( )\___ | '_ | '_| | '_ \/ _` | \ \ \ \
?[0m?[0;34m \\/  ___)| |_)| | | | | || (_| |  ) ) ) )
?[0m?[0;34m  '  |____| .__|_| |_|_| |_\__, | / / / /
?[0m?[0;34m =========|_|==============|___/=/_/_/_/
?[0m?[0;34m?[32m :: Spring Boot :: ?[39m              ?[2m (v3.0.2)?[0;39m
?[0m?[0;34m
?[0m?[0;34m?[2m2023-08-22T13:43:57.978+02:00?[0;39m ?[32m INFO?[0;39m ?[35m18216?[0;39m ?[2m---?[0;39m ?[2m[    Test worker]?[0;39m ?[36maccount.AccountServiceApplication       ?[0;39m ?[2m:?[0;39m Starting AccountServiceApplication using Java 17.0.6 with PID 18216 (started by rexxa in C:\Users\rexxa\IdeaProjects\Account Service (Java)\Account Service (Java)\task)
?[0m?[0;34m?[2m2023-08-22T13:43:57.978+02:00?[0;39m ?[32m INFO?[0;39m ?[35m18216?[0;39m ?[2m---?[0;39m ?[2m[    Test worker]?[0;39m ?[36maccount.AccountServiceApplication       ?[0;39m ?[2m:?[0;39m No active profile set, falling back to 1 default profile: "default"
?[0m?[0;34m?[2m2023-08-22T13:43:58.187+02:00?[0;39m ?[32m INFO?[0;39m ?[35m18216?[0;39m ?[2m---?[0;39m ?[2m[    Test worker]?[0;39m ?[36m.s.d.r.c.RepositoryConfigurationDelegate?[0;39m ?[2m:?[0;39m Bootstrapping Spring Data JPA repositories in DEFAULT mode.
?[0m?[0;34m?[2m2023-08-22T13:43:58.193+02:00?[0;39m ?[32m INFO?[0;39m ?[35m18216?[0;39m ?[2m---?[0;39m ?[2m[    Test worker]?[0;39m ?[36m.s.d.r.c.RepositoryConfigurationDelegate?[0;39m ?[2m:?[0;39m Finished Spring Data repository scanning in 6 ms. Found 1 JPA repository interfaces.
?[0m?[0;34m?[2m2023-08-22T13:43:58.250+02:00?[0;39m ?[32m INFO?[0;39m ?[35m18216?[0;39m ?[2m---?[0;39m ?[2m[    Test worker]?[0;39m ?[36mo.s.b.w.embedded.tomcat.TomcatWebServer ?[0;39m ?[2m:?[0;39m Tomcat initialized with port(s): 28852 (http)
?[0m?[0;34m?[2m2023-08-22T13:43:58.251+02:00?[0;39m ?[32m INFO?[0;39m ?[35m18216?[0;39m ?[2m---?[0;39m ?[2m[    Test worker]?[0;39m ?[36mo.apache.catalina.core.StandardService  ?[0;39m ?[2m:?[0;39m Starting service [Tomcat]
?[0m?[0;34m?[2m2023-08-22T13:43:58.251+02:00?[0;39m ?[32m INFO?[0;39m ?[35m18216?[0;39m ?[2m---?[0;39m ?[2m[    Test worker]?[0;39m ?[36mo.apache.catalina.core.StandardEngine   ?[0;39m ?[2m:?[0;39m Starting Servlet engine: [Apache Tomcat/10.1.5]
?[0m?[0;34m?[2m2023-08-22T13:43:58.273+02:00?[0;39m ?[32m INFO?[0;39m ?[35m18216?[0;39m ?[2m---?[0;39m ?[2m[    Test worker]?[0;39m ?[36mo.a.c.c.C.[Tomcat].[localhost].[/]      ?[0;39m ?[2m:?[0;39m Initializing Spring embedded WebApplicationContext
?[0m?[0;34m?[2m2023-08-22T13:43:58.273+02:00?[0;39m ?[32m INFO?[0;39m ?[35m18216?[0;39m ?[2m---?[0;39m ?[2m[    Test worker]?[0;39m ?[36mw.s.c.ServletWebServerApplicationContext?[0;39m ?[2m:?[0;39m Root WebApplicationContext: initialization completed in 293 ms
?[0m?[0;34m?[2m2023-08-22T13:43:58.297+02:00?[0;39m ?[32m INFO?[0;39m ?[35m18216?[0;39m ?[2m---?[0;39m ?[2m[    Test worker]?[0;39m ?[36mcom.zaxxer.hikari.HikariDataSource      ?[0;39m ?[2m:?[0;39m HikariPool-2 - Starting...
?[0m?[0;34m?[2m2023-08-22T13:43:58.309+02:00?[0;39m ?[32m INFO?[0;39m ?[35m18216?[0;39m ?[2m---?[0;39m ?[2m[    Test worker]?[0;39m ?[36mcom.zaxxer.hikari.pool.HikariPool       ?[0;39m ?[2m:?[0;39m HikariPool-2 - Added connection conn10: url=jdbc:h2:file:../service_db user=
?[0m?[0;34m?[2m2023-08-22T13:43:58.310+02:00?[0;39m ?[32m INFO?[0;39m ?[35m18216?[0;39m ?[2m---?[0;39m ?[2m[    Test worker]?[0;39m ?[36mcom.zaxxer.hikari.HikariDataSource      ?[0;39m ?[2m:?[0;39m HikariPool-2 - Start completed.
?[0m?[0;34m?[2m2023-08-22T13:43:58.310+02:00?[0;39m ?[32m INFO?[0;39m ?[35m18216?[0;39m ?[2m---?[0;39m ?[2m[    Test worker]?[0;39m ?[36mo.s.b.a.h2.H2ConsoleAutoConfiguration   ?[0;39m ?[2m:?[0;39m H2 console available at '/h2-console'. Database available at 'jdbc:h2:file:../service_db'
?[0m?[0;34m?[2m2023-08-22T13:43:58.324+02:00?[0;39m ?[33m WARN?[0;39m ?[35m18216?[0;39m ?[2m---?[0;39m ?[2m[    Test worker]?[0;39m ?[36m.t.u.s.PrivilegedSetAccessControlContext?[0;39m ?[2m:?[0;39m Unable to set field Thread.inheritedAccessControlContext
?[0m?[0;34m
?[0m?[0;34mjava.lang.IllegalAccessException: class org.apache.tomcat.util.security.PrivilegedSetAccessControlContext cannot access a member of class java.lang.Thread (in module java.base) with modifiers "private"
?[0m?[0;34m	at java.base/jdk.internal.reflect.Reflection.newIllegalAccessException(Reflection.java:392) ~[na:na]
?[0m?[0;34m	at java.base/java.lang.reflect.AccessibleObject.checkAccess(AccessibleObject.java:674) ~[na:na]
?[0m?[0;34m	at java.base/java.lang.reflect.Field.checkAccess(Field.java:1102) ~[na:na]
?[0m?[0;34m	at java.base/java.lang.reflect.Field.set(Field.java:797) ~[na:na]
?[0m?[0;34m	at org.apache.tomcat.util.security.PrivilegedSetAccessControlContext.run(PrivilegedSetAccessControlContext.java:60) ~[tomcat-embed-core-10.1.5.jar:10.1.5]
?[0m?[0;34m	at org.apache.tomcat.util.security.PrivilegedSetAccessControlContext.run(PrivilegedSetAccessControlContext.java:28) ~[tomcat-embed-core-10.1.5.jar:10.1.5]
?[0m?[0;34m	at java.base/java.security.AccessController.doPrivileged(AccessController.java:318) ~[na:na]
?[0m?[0;34m	at org.apache.tomcat.util.threads.TaskThreadFactory.newThread(TaskThreadFactory.java:64) ~[tomcat-embed-core-10.1.5.jar:10.1.5]
?[0m?[0;34m	at java.base/java.util.concurrent.ThreadPoolExecutor$Worker.<init>(ThreadPoolExecutor.java:630) ~[na:na]
?[0m?[0;34m	at java.base/java.util.concurrent.ThreadPoolExecutor.addWorker(ThreadPoolExecutor.java:920) ~[na:na]
?[0m?[0;34m	at java.base/java.util.concurrent.ThreadPoolExecutor.ensurePrestart(ThreadPoolExecutor.java:1593) ~[na:na]
?[0m?[0;34m	at java.base/java.util.concurrent.ScheduledThreadPoolExecutor.delayedExecute(ScheduledThreadPoolExecutor.java:346) ~[na:na]
?[0m?[0;34m	at java.base/java.util.concurrent.ScheduledThreadPoolExecutor.scheduleWithFixedDelay(ScheduledThreadPoolExecutor.java:680) ~[na:na]
?[0m?[0;34m	at org.apache.tomcat.util.threads.ScheduledThreadPoolExecutor.scheduleWithFixedDelay(ScheduledThreadPoolExecutor.java:138) ~[tomcat-embed-core-10.1.5.jar:10.1.5]
?[0m?[0;34m	at org.apache.catalina.core.ContainerBase.startInternal(ContainerBase.java:948) ~[tomcat-embed-core-10.1.5.jar:10.1.5]
?[0m?[0;34m	at org.apache.catalina.core.StandardEngine.startInternal(StandardEngine.java:252) ~[tomcat-embed-core-10.1.5.jar:10.1.5]
?[0m?[0;34m	at org.apache.catalina.util.LifecycleBase.start(LifecycleBase.java:183) ~[tomcat-embed-core-10.1.5.jar:10.1.5]
?[0m?[0;34m	at org.apache.catalina.core.StandardService.startInternal(StandardService.java:430) ~[tomcat-embed-core-10.1.5.jar:10.1.5]
?[0m?[0;34m	at org.apache.catalina.util.LifecycleBase.start(LifecycleBase.java:183) ~[tomcat-embed-core-10.1.5.jar:10.1.5]
?[0m?[0;34m	at org.apache.catalina.core.StandardServer.startInternal(StandardServer.java:926) ~[tomcat-embed-core-10.1.5.jar:10.1.5]
?[0m?[0;34m	at org.apache.catalina.util.LifecycleBase.start(LifecycleBase.java:183) ~[tomcat-embed-core-10.1.5.jar:10.1.5]
?[0m?[0;34m	at org.apache.catalina.startup.Tomcat.start(Tomcat.java:485) ~[tomcat-embed-core-10.1.5.jar:10.1.5]
?[0m?[0;34m	at org.springframework.boot.web.embedded.tomcat.TomcatWebServer.initialize(TomcatWebServer.java:123) ~[spring-boot-3.0.2.jar:3.0.2]
?[0m?[0;34m	at org.springframework.boot.web.embedded.tomcat.TomcatWebServer.<init>(TomcatWebServer.java:104) ~[spring-boot-3.0.2.jar:3.0.2]
?[0m?[0;34m	at org.springframework.boot.web.embedded.tomcat.TomcatServletWebServerFactory.getTomcatWebServer(TomcatServletWebServerFactory.java:486) ~[spring-boot-3.0.2.jar:3.0.2]
?[0m?[0;34m	at org.springframework.boot.web.embedded.tomcat.TomcatServletWebServerFactory.getWebServer(TomcatServletWebServerFactory.java:210) ~[spring-boot-3.0.2.jar:3.0.2]
?[0m?[0;34m	at org.springframework.boot.web.servlet.context.ServletWebServerApplicationContext.createWebServer(ServletWebServerApplicationContext.java:183) ~[spring-boot-3.0.2.jar:3.0.2]
?[0m?[0;34m	at org.springframework.boot.web.servlet.context.ServletWebServerApplicationContext.onRefresh(ServletWebServerApplicationContext.java:161) ~[spring-boot-3.0.2.jar:3.0.2]
?[0m?[0;34m	at org.springframework.context.support.AbstractApplicationContext.refresh(AbstractApplicationContext.java:578) ~[spring-context-6.0.4.jar:6.0.4]
?[0m?[0;34m	at org.springframework.boot.web.servlet.context.ServletWebServerApplicationContext.refresh(ServletWebServerApplicationContext.java:146) ~[spring-boot-3.0.2.jar:3.0.2]
?[0m?[0;34m	at org.springframework.boot.SpringApplication.refresh(SpringApplication.java:730) ~[spring-boot-3.0.2.jar:3.0.2]
?[0m?[0;34m	at org.springframework.boot.SpringApplication.refreshContext(SpringApplication.java:432) ~[spring-boot-3.0.2.jar:3.0.2]
?[0m?[0;34m	at org.springframework.boot.SpringApplication.run(SpringApplication.java:308) ~[spring-boot-3.0.2.jar:3.0.2]
?[0m?[0;34m	at org.springframework.boot.SpringApplication.run(SpringApplication.java:1302) ~[spring-boot-3.0.2.jar:3.0.2]
?[0m?[0;34m	at org.springframework.boot.SpringApplication.run(SpringApplication.java:1291) ~[spring-boot-3.0.2.jar:3.0.2]
?[0m?[0;34m	at account.AccountServiceApplication.main(AccountServiceApplication.java:12) ~[main/:na]
?[0m?[0;34m	at java.base/jdk.internal.reflect.NativeMethodAccessorImpl.invoke0(Native Method) ~[na:na]
?[0m?[0;34m	at java.base/jdk.internal.reflect.NativeMethodAccessorImpl.invoke(NativeMethodAccessorImpl.java:77) ~[na:na]
?[0m?[0;34m	at java.base/jdk.internal.reflect.DelegatingMethodAccessorImpl.invoke(DelegatingMethodAccessorImpl.java:43) ~[na:na]
?[0m?[0;34m	at java.base/java.lang.reflect.Method.invoke(Method.java:568) ~[na:na]
?[0m?[0;34m	at org.hyperskill.hstest.stage.SpringTest.startSpring(SpringTest.java:187) ~[hs-test-release-SNAPSHOT.jar:na]
?[0m?[0;34m	at org.hyperskill.hstest.stage.SpringTest.reloadSpring(SpringTest.java:239) ~[hs-test-release-SNAPSHOT.jar:na]
?[0m?[0;34m	at AccountServiceTest.restartApplication(AccountServiceTest.java:262) ~[test/:na]
?[0m?[0;34m	at AccountServiceTest.lambda$new$45(AccountServiceTest.java:452) ~[test/:na]
?[0m?[0;34m	at org.hyperskill.hstest.dynamic.input.DynamicTesting.lambda$searchDynamicTests$3(DynamicTesting.java:289) ~[hs-test-release-SNAPSHOT.jar:na]
?[0m?[0;34m	at org.hyperskill.hstest.dynamic.input.DynamicTesting$1DynamicTestElement.lambda$getTests$0(DynamicTesting.java:252) ~[hs-test-release-SNAPSHOT.jar:na]
?[0m?[0;34m	at org.hyperskill.hstest.testing.runner.SpringApplicationRunner.test(SpringApplicationRunner.java:43) ~[hs-test-release-SNAPSHOT.jar:na]
?[0m?[0;34m	at org.hyperskill.hstest.testing.TestRun.test(TestRun.java:94) ~[hs-test-release-SNAPSHOT.jar:na]
?[0m?[0;34m	at org.hyperskill.hstest.stage.StageTest.start(StageTest.java:164) ~[hs-test-release-SNAPSHOT.jar:na]
?[0m?[0;34m	at java.base/jdk.internal.reflect.NativeMethodAccessorImpl.invoke0(Native Method) ~[na:na]
?[0m?[0;34m	at java.base/jdk.internal.reflect.NativeMethodAccessorImpl.invoke(NativeMethodAccessorImpl.java:77) ~[na:na]
?[0m?[0;34m	at java.base/jdk.internal.reflect.DelegatingMethodAccessorImpl.invoke(DelegatingMethodAccessorImpl.java:43) ~[na:na]
?[0m?[0;34m	at java.base/java.lang.reflect.Method.invoke(Method.java:568) ~[na:na]
?[0m?[0;34m	at org.junit.runners.model.FrameworkMethod$1.runReflectiveCall(FrameworkMethod.java:59) ~[junit-4.13.2.jar:4.13.2]
?[0m?[0;34m	at org.junit.internal.runners.model.ReflectiveCallable.run(ReflectiveCallable.java:12) ~[junit-4.13.2.jar:4.13.2]
?[0m?[0;34m	at org.junit.runners.model.FrameworkMethod.invokeExplosively(FrameworkMethod.java:56) ~[junit-4.13.2.jar:4.13.2]
?[0m?[0;34m	at org.junit.internal.runners.statements.InvokeMethod.evaluate(InvokeMethod.java:17) ~[junit-4.13.2.jar:4.13.2]
?[0m?[0;34m	at org.junit.internal.runners.statements.RunAfters.evaluate(RunAfters.java:27) ~[junit-4.13.2.jar:4.13.2]
?[0m?[0;34m	at org.junit.runners.ParentRunner$3.evaluate(ParentRunner.java:306) ~[junit-4.13.2.jar:4.13.2]
?[0m?[0;34m	at org.junit.runners.BlockJUnit4ClassRunner$1.evaluate(BlockJUnit4ClassRunner.java:100) ~[junit-4.13.2.jar:4.13.2]
?[0m?[0;34m	at org.junit.runners.ParentRunner.runLeaf(ParentRunner.java:366) ~[junit-4.13.2.jar:4.13.2]
?[0m?[0;34m	at org.junit.runners.BlockJUnit4ClassRunner.runChild(BlockJUnit4ClassRunner.java:103) ~[junit-4.13.2.jar:4.13.2]
?[0m?[0;34m	at org.junit.runners.BlockJUnit4ClassRunner.runChild(BlockJUnit4ClassRunner.java:63) ~[junit-4.13.2.jar:4.13.2]
?[0m?[0;34m	at org.junit.runners.ParentRunner$4.run(ParentRunner.java:331) ~[junit-4.13.2.jar:4.13.2]
?[0m?[0;34m	at org.junit.runners.ParentRunner$1.schedule(ParentRunner.java:79) ~[junit-4.13.2.jar:4.13.2]
?[0m?[0;34m	at org.junit.runners.ParentRunner.runChildren(ParentRunner.java:329) ~[junit-4.13.2.jar:4.13.2]
?[0m?[0;34m	at org.junit.runners.ParentRunner.access$100(ParentRunner.java:66) ~[junit-4.13.2.jar:4.13.2]
?[0m?[0;34m	at org.junit.runners.ParentRunner$2.evaluate(ParentRunner.java:293) ~[junit-4.13.2.jar:4.13.2]
?[0m?[0;34m	at org.junit.runners.ParentRunner$3.evaluate(ParentRunner.java:306) ~[junit-4.13.2.jar:4.13.2]
?[0m?[0;34m	at org.junit.runners.ParentRunner.run(ParentRunner.java:413) ~[junit-4.13.2.jar:4.13.2]
?[0m?[0;34m	at org.gradle.api.internal.tasks.testing.junit.JUnitTestClassExecutor.runTestClass(JUnitTestClassExecutor.java:108) ~[na:na]
?[0m?[0;34m	at org.gradle.api.internal.tasks.testing.junit.JUnitTestClassExecutor.execute(JUnitTestClassExecutor.java:57) ~[na:na]
?[0m?[0;34m	at org.gradle.api.internal.tasks.testing.junit.JUnitTestClassExecutor.execute(JUnitTestClassExecutor.java:39) ~[na:na]
?[0m?[0;34m	at org.gradle.api.internal.tasks.testing.junit.AbstractJUnitTestClassProcessor.processTestClass(AbstractJUnitTestClassProcessor.java:62) ~[na:na]
?[0m?[0;34m	at org.gradle.api.internal.tasks.testing.SuiteTestClassProcessor.processTestClass(SuiteTestClassProcessor.java:52) ~[na:na]
?[0m?[0;34m	at java.base/jdk.internal.reflect.NativeMethodAccessorImpl.invoke0(Native Method) ~[na:na]
?[0m?[0;34m	at java.base/jdk.internal.reflect.NativeMethodAccessorImpl.invoke(NativeMethodAccessorImpl.java:77) ~[na:na]
?[0m?[0;34m	at java.base/jdk.internal.reflect.DelegatingMethodAccessorImpl.invoke(DelegatingMethodAccessorImpl.java:43) ~[na:na]
?[0m?[0;34m	at java.base/java.lang.reflect.Method.invoke(Method.java:568) ~[na:na]
?[0m?[0;34m	at org.gradle.internal.dispatch.ReflectionDispatch.dispatch(ReflectionDispatch.java:36) ~[na:na]
?[0m?[0;34m	at org.gradle.internal.dispatch.ReflectionDispatch.dispatch(ReflectionDispatch.java:24) ~[na:na]
?[0m?[0;34m	at org.gradle.internal.dispatch.ContextClassLoaderDispatch.dispatch(ContextClassLoaderDispatch.java:33) ~[na:na]
?[0m?[0;34m	at org.gradle.internal.dispatch.ProxyDispatchAdapter$DispatchingInvocationHandler.invoke(ProxyDispatchAdapter.java:94) ~[na:na]
?[0m?[0;34m	at jdk.proxy1/jdk.proxy1.$Proxy2.processTestClass(Unknown Source) ~[na:na]
?[0m?[0;34m	at org.gradle.api.internal.tasks.testing.worker.TestWorker$2.run(TestWorker.java:176) ~[na:na]
?[0m?[0;34m	at org.gradle.api.internal.tasks.testing.worker.TestWorker.executeAndMaintainThreadName(TestWorker.java:129) ~[na:na]
?[0m?[0;34m	at org.gradle.api.internal.tasks.testing.worker.TestWorker.execute(TestWorker.java:100) ~[na:na]
?[0m?[0;34m	at org.gradle.api.internal.tasks.testing.worker.TestWorker.execute(TestWorker.java:60) ~[na:na]
?[0m?[0;34m	at org.gradle.process.internal.worker.child.ActionExecutionWorker.execute(ActionExecutionWorker.java:56) ~[na:na]
?[0m?[0;34m	at org.gradle.process.internal.worker.child.SystemApplicationClassLoaderWorker.call(SystemApplicationClassLoaderWorker.java:113) ~[na:na]
?[0m?[0;34m	at org.gradle.process.internal.worker.child.SystemApplicationClassLoaderWorker.call(SystemApplicationClassLoaderWorker.java:65) ~[na:na]
?[0m?[0;34m	at worker.org.gradle.process.internal.worker.GradleWorkerMain.run(GradleWorkerMain.java:69) ~[gradle-worker.jar:na]
?[0m?[0;34m	at worker.org.gradle.process.internal.worker.GradleWorkerMain.main(GradleWorkerMain.java:74) ~[gradle-worker.jar:na]
?[0m?[0;34m
?[0m?[0;34m?[2m2023-08-22T13:43:58.329+02:00?[0;39m ?[33m WARN?[0;39m ?[35m18216?[0;39m ?[2m---?[0;39m ?[2m[    Test worker]?[0;39m ?[36m.t.u.s.PrivilegedSetAccessControlContext?[0;39m ?[2m:?[0;39m Unable to set field Thread.inheritedAccessControlContext
?[0m?[0;34m
?[0m?[0;34mjava.lang.IllegalAccessException: class org.apache.tomcat.util.security.PrivilegedSetAccessControlContext cannot access a member of class java.lang.Thread (in module java.base) with modifiers "private"
?[0m?[0;34m	at java.base/jdk.internal.reflect.Reflection.newIllegalAccessException(Reflection.java:392) ~[na:na]
?[0m?[0;34m	at java.base/java.lang.reflect.AccessibleObject.checkAccess(AccessibleObject.java:674) ~[na:na]
?[0m?[0;34m	at java.base/java.lang.reflect.Field.checkAccess(Field.java:1102) ~[na:na]
?[0m?[0;34m	at java.base/java.lang.reflect.Field.set(Field.java:797) ~[na:na]
?[0m?[0;34m	at org.apache.tomcat.util.security.PrivilegedSetAccessControlContext.run(PrivilegedSetAccessControlContext.java:60) ~[tomcat-embed-core-10.1.5.jar:10.1.5]
?[0m?[0;34m	at org.apache.tomcat.util.security.PrivilegedSetAccessControlContext.run(PrivilegedSetAccessControlContext.java:28) ~[tomcat-embed-core-10.1.5.jar:10.1.5]
?[0m?[0;34m	at java.base/java.security.AccessController.doPrivileged(AccessController.java:318) ~[na:na]
?[0m?[0;34m	at org.apache.tomcat.util.threads.TaskThreadFactory.newThread(TaskThreadFactory.java:64) ~[tomcat-embed-core-10.1.5.jar:10.1.5]
?[0m?[0;34m	at java.base/java.util.concurrent.ThreadPoolExecutor$Worker.<init>(ThreadPoolExecutor.java:630) ~[na:na]
?[0m?[0;34m	at java.base/java.util.concurrent.ThreadPoolExecutor.addWorker(ThreadPoolExecutor.java:920) ~[na:na]
?[0m?[0;34m	at java.base/java.util.concurrent.ThreadPoolExecutor.ensurePrestart(ThreadPoolExecutor.java:1593) ~[na:na]
?[0m?[0;34m	at java.base/java.util.concurrent.ScheduledThreadPoolExecutor.delayedExecute(ScheduledThreadPoolExecutor.java:346) ~[na:na]
?[0m?[0;34m	at java.base/java.util.concurrent.ScheduledThreadPoolExecutor.scheduleWithFixedDelay(ScheduledThreadPoolExecutor.java:680) ~[na:na]
?[0m?[0;34m	at org.apache.tomcat.util.threads.ScheduledThreadPoolExecutor.scheduleWithFixedDelay(ScheduledThreadPoolExecutor.java:138) ~[tomcat-embed-core-10.1.5.jar:10.1.5]
?[0m?[0;34m	at org.apache.catalina.core.StandardServer.startInternal(StandardServer.java:931) ~[tomcat-embed-core-10.1.5.jar:10.1.5]
?[0m?[0;34m	at org.apache.catalina.util.LifecycleBase.start(LifecycleBase.java:183) ~[tomcat-embed-core-10.1.5.jar:10.1.5]
?[0m?[0;34m	at org.apache.catalina.startup.Tomcat.start(Tomcat.java:485) ~[tomcat-embed-core-10.1.5.jar:10.1.5]
?[0m?[0;34m	at org.springframework.boot.web.embedded.tomcat.TomcatWebServer.initialize(TomcatWebServer.java:123) ~[spring-boot-3.0.2.jar:3.0.2]
?[0m?[0;34m	at org.springframework.boot.web.embedded.tomcat.TomcatWebServer.<init>(TomcatWebServer.java:104) ~[spring-boot-3.0.2.jar:3.0.2]
?[0m?[0;34m	at org.springframework.boot.web.embedded.tomcat.TomcatServletWebServerFactory.getTomcatWebServer(TomcatServletWebServerFactory.java:486) ~[spring-boot-3.0.2.jar:3.0.2]
?[0m?[0;34m	at org.springframework.boot.web.embedded.tomcat.TomcatServletWebServerFactory.getWebServer(TomcatServletWebServerFactory.java:210) ~[spring-boot-3.0.2.jar:3.0.2]
?[0m?[0;34m	at org.springframework.boot.web.servlet.context.ServletWebServerApplicationContext.createWebServer(ServletWebServerApplicationContext.java:183) ~[spring-boot-3.0.2.jar:3.0.2]
?[0m?[0;34m	at org.springframework.boot.web.servlet.context.ServletWebServerApplicationContext.onRefresh(ServletWebServerApplicationContext.java:161) ~[spring-boot-3.0.2.jar:3.0.2]
?[0m?[0;34m	at org.springframework.context.support.AbstractApplicationContext.refresh(AbstractApplicationContext.java:578) ~[spring-context-6.0.4.jar:6.0.4]
?[0m?[0;34m	at org.springframework.boot.web.servlet.context.ServletWebServerApplicationContext.refresh(ServletWebServerApplicationContext.java:146) ~[spring-boot-3.0.2.jar:3.0.2]
?[0m?[0;34m	at org.springframework.boot.SpringApplication.refresh(SpringApplication.java:730) ~[spring-boot-3.0.2.jar:3.0.2]
?[0m?[0;34m	at org.springframework.boot.SpringApplication.refreshContext(SpringApplication.java:432) ~[spring-boot-3.0.2.jar:3.0.2]
?[0m?[0;34m	at org.springframework.boot.SpringApplication.run(SpringApplication.java:308) ~[spring-boot-3.0.2.jar:3.0.2]
?[0m?[0;34m	at org.springframework.boot.SpringApplication.run(SpringApplication.java:1302) ~[spring-boot-3.0.2.jar:3.0.2]
?[0m?[0;34m	at org.springframework.boot.SpringApplication.run(SpringApplication.java:1291) ~[spring-boot-3.0.2.jar:3.0.2]
?[0m?[0;34m	at account.AccountServiceApplication.main(AccountServiceApplication.java:12) ~[main/:na]
?[0m?[0;34m	at java.base/jdk.internal.reflect.NativeMethodAccessorImpl.invoke0(Native Method) ~[na:na]
?[0m?[0;34m	at java.base/jdk.internal.reflect.NativeMethodAccessorImpl.invoke(NativeMethodAccessorImpl.java:77) ~[na:na]
?[0m?[0;34m	at java.base/jdk.internal.reflect.DelegatingMethodAccessorImpl.invoke(DelegatingMethodAccessorImpl.java:43) ~[na:na]
?[0m?[0;34m	at java.base/java.lang.reflect.Method.invoke(Method.java:568) ~[na:na]
?[0m?[0;34m	at org.hyperskill.hstest.stage.SpringTest.startSpring(SpringTest.java:187) ~[hs-test-release-SNAPSHOT.jar:na]
?[0m?[0;34m	at org.hyperskill.hstest.stage.SpringTest.reloadSpring(SpringTest.java:239) ~[hs-test-release-SNAPSHOT.jar:na]
?[0m?[0;34m	at AccountServiceTest.restartApplication(AccountServiceTest.java:262) ~[test/:na]
?[0m?[0;34m	at AccountServiceTest.lambda$new$45(AccountServiceTest.java:452) ~[test/:na]
?[0m?[0;34m	at org.hyperskill.hstest.dynamic.input.DynamicTesting.lambda$searchDynamicTests$3(DynamicTesting.java:289) ~[hs-test-release-SNAPSHOT.jar:na]
?[0m?[0;34m	at org.hyperskill.hstest.dynamic.input.DynamicTesting$1DynamicTestElement.lambda$getTests$0(DynamicTesting.java:252) ~[hs-test-release-SNAPSHOT.jar:na]
?[0m?[0;34m	at org.hyperskill.hstest.testing.runner.SpringApplicationRunner.test(SpringApplicationRunner.java:43) ~[hs-test-release-SNAPSHOT.jar:na]
?[0m?[0;34m	at org.hyperskill.hstest.testing.TestRun.test(TestRun.java:94) ~[hs-test-release-SNAPSHOT.jar:na]
?[0m?[0;34m	at org.hyperskill.hstest.stage.StageTest.start(StageTest.java:164) ~[hs-test-release-SNAPSHOT.jar:na]
?[0m?[0;34m	at java.base/jdk.internal.reflect.NativeMethodAccessorImpl.invoke0(Native Method) ~[na:na]
?[0m?[0;34m	at java.base/jdk.internal.reflect.NativeMethodAccessorImpl.invoke(NativeMethodAccessorImpl.java:77) ~[na:na]
?[0m?[0;34m	at java.base/jdk.internal.reflect.DelegatingMethodAccessorImpl.invoke(DelegatingMethodAccessorImpl.java:43) ~[na:na]
?[0m?[0;34m	at java.base/java.lang.reflect.Method.invoke(Method.java:568) ~[na:na]
?[0m?[0;34m	at org.junit.runners.model.FrameworkMethod$1.runReflectiveCall(FrameworkMethod.java:59) ~[junit-4.13.2.jar:4.13.2]
?[0m?[0;34m	at org.junit.internal.runners.model.ReflectiveCallable.run(ReflectiveCallable.java:12) ~[junit-4.13.2.jar:4.13.2]
?[0m?[0;34m	at org.junit.runners.model.FrameworkMethod.invokeExplosively(FrameworkMethod.java:56) ~[junit-4.13.2.jar:4.13.2]
?[0m?[0;34m	at org.junit.internal.runners.statements.InvokeMethod.evaluate(InvokeMethod.java:17) ~[junit-4.13.2.jar:4.13.2]
?[0m?[0;34m	at org.junit.internal.runners.statements.RunAfters.evaluate(RunAfters.java:27) ~[junit-4.13.2.jar:4.13.2]
?[0m?[0;34m	at org.junit.runners.ParentRunner$3.evaluate(ParentRunner.java:306) ~[junit-4.13.2.jar:4.13.2]
?[0m?[0;34m	at org.junit.runners.BlockJUnit4ClassRunner$1.evaluate(BlockJUnit4ClassRunner.java:100) ~[junit-4.13.2.jar:4.13.2]
?[0m?[0;34m	at org.junit.runners.ParentRunner.runLeaf(ParentRunner.java:366) ~[junit-4.13.2.jar:4.13.2]
?[0m?[0;34m	at org.junit.runners.BlockJUnit4ClassRunner.runChild(BlockJUnit4ClassRunner.java:103) ~[junit-4.13.2.jar:4.13.2]
?[0m?[0;34m	at org.junit.runners.BlockJUnit4ClassRunner.runChild(BlockJUnit4ClassRunner.java:63) ~[junit-4.13.2.jar:4.13.2]
?[0m?[0;34m	at org.junit.runners.ParentRunner$4.run(ParentRunner.java:331) ~[junit-4.13.2.jar:4.13.2]
?[0m?[0;34m	at org.junit.runners.ParentRunner$1.schedule(ParentRunner.java:79) ~[junit-4.13.2.jar:4.13.2]
?[0m?[0;34m	at org.junit.runners.ParentRunner.runChildren(ParentRunner.java:329) ~[junit-4.13.2.jar:4.13.2]
?[0m?[0;34m	at org.junit.runners.ParentRunner.access$100(ParentRunner.java:66) ~[junit-4.13.2.jar:4.13.2]
?[0m?[0;34m	at org.junit.runners.ParentRunner$2.evaluate(ParentRunner.java:293) ~[junit-4.13.2.jar:4.13.2]
?[0m?[0;34m	at org.junit.runners.ParentRunner$3.evaluate(ParentRunner.java:306) ~[junit-4.13.2.jar:4.13.2]
?[0m?[0;34m	at org.junit.runners.ParentRunner.run(ParentRunner.java:413) ~[junit-4.13.2.jar:4.13.2]
?[0m?[0;34m	at org.gradle.api.internal.tasks.testing.junit.JUnitTestClassExecutor.runTestClass(JUnitTestClassExecutor.java:108) ~[na:na]
?[0m?[0;34m	at org.gradle.api.internal.tasks.testing.junit.JUnitTestClassExecutor.execute(JUnitTestClassExecutor.java:57) ~[na:na]
?[0m?[0;34m	at org.gradle.api.internal.tasks.testing.junit.JUnitTestClassExecutor.execute(JUnitTestClassExecutor.java:39) ~[na:na]
?[0m?[0;34m	at org.gradle.api.internal.tasks.testing.junit.AbstractJUnitTestClassProcessor.processTestClass(AbstractJUnitTestClassProcessor.java:62) ~[na:na]
?[0m?[0;34m	at org.gradle.api.internal.tasks.testing.SuiteTestClassProcessor.processTestClass(SuiteTestClassProcessor.java:52) ~[na:na]
?[0m?[0;34m	at java.base/jdk.internal.reflect.NativeMethodAccessorImpl.invoke0(Native Method) ~[na:na]
?[0m?[0;34m	at java.base/jdk.internal.reflect.NativeMethodAccessorImpl.invoke(NativeMethodAccessorImpl.java:77) ~[na:na]
?[0m?[0;34m	at java.base/jdk.internal.reflect.DelegatingMethodAccessorImpl.invoke(DelegatingMethodAccessorImpl.java:43) ~[na:na]
?[0m?[0;34m	at java.base/java.lang.reflect.Method.invoke(Method.java:568) ~[na:na]
?[0m?[0;34m	at org.gradle.internal.dispatch.ReflectionDispatch.dispatch(ReflectionDispatch.java:36) ~[na:na]
?[0m?[0;34m	at org.gradle.internal.dispatch.ReflectionDispatch.dispatch(ReflectionDispatch.java:24) ~[na:na]
?[0m?[0;34m	at org.gradle.internal.dispatch.ContextClassLoaderDispatch.dispatch(ContextClassLoaderDispatch.java:33) ~[na:na]
?[0m?[0;34m	at org.gradle.internal.dispatch.ProxyDispatchAdapter$DispatchingInvocationHandler.invoke(ProxyDispatchAdapter.java:94) ~[na:na]
?[0m?[0;34m	at jdk.proxy1/jdk.proxy1.$Proxy2.processTestClass(Unknown Source) ~[na:na]
?[0m?[0;34m	at org.gradle.api.internal.tasks.testing.worker.TestWorker$2.run(TestWorker.java:176) ~[na:na]
?[0m?[0;34m	at org.gradle.api.internal.tasks.testing.worker.TestWorker.executeAndMaintainThreadName(TestWorker.java:129) ~[na:na]
?[0m?[0;34m	at org.gradle.api.internal.tasks.testing.worker.TestWorker.execute(TestWorker.java:100) ~[na:na]
?[0m?[0;34m	at org.gradle.api.internal.tasks.testing.worker.TestWorker.execute(TestWorker.java:60) ~[na:na]
?[0m?[0;34m	at org.gradle.process.internal.worker.child.ActionExecutionWorker.execute(ActionExecutionWorker.java:56) ~[na:na]
?[0m?[0;34m	at org.gradle.process.internal.worker.child.SystemApplicationClassLoaderWorker.call(SystemApplicationClassLoaderWorker.java:113) ~[na:na]
?[0m?[0;34m	at org.gradle.process.internal.worker.child.SystemApplicationClassLoaderWorker.call(SystemApplicationClassLoaderWorker.java:65) ~[na:na]
?[0m?[0;34m	at worker.org.gradle.process.internal.worker.GradleWorkerMain.run(GradleWorkerMain.java:69) ~[gradle-worker.jar:na]
?[0m?[0;34m	at worker.org.gradle.process.internal.worker.GradleWorkerMain.main(GradleWorkerMain.java:74) ~[gradle-worker.jar:na]
?[0m?[0;34m
?[0m?[0;34m?[2m2023-08-22T13:43:58.346+02:00?[0;39m ?[32m INFO?[0;39m ?[35m18216?[0;39m ?[2m---?[0;39m ?[2m[    Test worker]?[0;39m ?[36mo.hibernate.jpa.internal.util.LogHelper ?[0;39m ?[2m:?[0;39m HHH000204: Processing PersistenceUnitInfo [name: default]
?[0m?[0;34m?[2m2023-08-22T13:43:58.350+02:00?[0;39m ?[33m WARN?[0;39m ?[35m18216?[0;39m ?[2m---?[0;39m ?[2m[    Test worker]?[0;39m ?[36morg.hibernate.orm.deprecation           ?[0;39m ?[2m:?[0;39m HHH90000021: Encountered deprecated setting [javax.persistence.sharedCache.mode], use [jakarta.persistence.sharedCache.mode] instead
?[0m?[0;34m?[2m2023-08-22T13:43:58.354+02:00?[0;39m ?[32m INFO?[0;39m ?[35m18216?[0;39m ?[2m---?[0;39m ?[2m[    Test worker]?[0;39m ?[36mSQL dialect                             ?[0;39m ?[2m:?[0;39m HHH000400: Using dialect: org.hibernate.dialect.H2Dialect
?[0m?[0;34m?[2m2023-08-22T13:43:58.402+02:00?[0;39m ?[32m INFO?[0;39m ?[35m18216?[0;39m ?[2m---?[0;39m ?[2m[    Test worker]?[0;39m ?[36mo.h.e.t.j.p.i.JtaPlatformInitiator      ?[0;39m ?[2m:?[0;39m HHH000490: Using JtaPlatform implementation: [org.hibernate.engine.transaction.jta.platform.internal.NoJtaPlatform]
?[0m?[0;34m?[2m2023-08-22T13:43:58.402+02:00?[0;39m ?[32m INFO?[0;39m ?[35m18216?[0;39m ?[2m---?[0;39m ?[2m[    Test worker]?[0;39m ?[36mj.LocalContainerEntityManagerFactoryBean?[0;39m ?[2m:?[0;39m Initialized JPA EntityManagerFactory for persistence unit 'default'
?[0m?[0;34m?[2m2023-08-22T13:43:58.436+02:00?[0;39m ?[33m WARN?[0;39m ?[35m18216?[0;39m ?[2m---?[0;39m ?[2m[    Test worker]?[0;39m ?[36mJpaBaseConfiguration$JpaWebConfiguration?[0;39m ?[2m:?[0;39m spring.jpa.open-in-view is enabled by default. Therefore, database queries may be performed during view rendering. Explicitly configure spring.jpa.open-in-view to disable this warning
?[0m?[0;34m?[2m2023-08-22T13:43:58.441+02:00?[0;39m ?[32mTRACE?[0;39m ?[35m18216?[0;39m ?[2m---?[0;39m ?[2m[    Test worker]?[0;39m ?[36meGlobalAuthenticationAutowiredConfigurer?[0;39m ?[2m:?[0;39m Eagerly initializing {securityConfig=account.businesslayer.security.SecurityConfig$$SpringCGLIB$$0@200ef05b}
?[0m?[0;34m?[2m2023-08-22T13:43:58.520+02:00?[0;39m ?[32m INFO?[0;39m ?[35m18216?[0;39m ?[2m---?[0;39m ?[2m[    Test worker]?[0;39m ?[36mo.s.b.a.e.web.EndpointLinksResolver     ?[0;39m ?[2m:?[0;39m Exposing 14 endpoint(s) beneath base path '/actuator'
?[0m?[0;34m?[2m2023-08-22T13:43:58.532+02:00?[0;39m ?[32m INFO?[0;39m ?[35m18216?[0;39m ?[2m---?[0;39m ?[2m[    Test worker]?[0;39m ?[36mo.s.s.web.DefaultSecurityFilterChain    ?[0;39m ?[2m:?[0;39m Will secure any request with [org.springframework.security.web.session.DisableEncodeUrlFilter@1398e3aa, org.springframework.security.web.context.request.async.WebAsyncManagerIntegrationFilter@531bffd, org.springframework.security.web.context.SecurityContextHolderFilter@207fce87, org.springframework.security.web.header.HeaderWriterFilter@7c068c7b, org.springframework.security.web.authentication.logout.LogoutFilter@43a8dd9b, org.springframework.security.web.authentication.www.BasicAuthenticationFilter@1c7159d5, org.springframework.security.web.savedrequest.RequestCacheAwareFilter@67171221, org.springframework.security.web.servletapi.SecurityContextHolderAwareRequestFilter@2f3a3fec, org.springframework.security.web.authentication.AnonymousAuthenticationFilter@31c87223, org.springframework.security.web.session.SessionManagementFilter@31906cb2, org.springframework.security.web.access.ExceptionTranslationFilter@4b9187de, org.springframework.security.web.access.intercept.AuthorizationFilter@1659a0ff]
?[0m?[0;34m?[2m2023-08-22T13:43:58.586+02:00?[0;39m ?[33m WARN?[0;39m ?[35m18216?[0;39m ?[2m---?[0;39m ?[2m[    Test worker]?[0;39m ?[36m.t.u.s.PrivilegedSetAccessControlContext?[0;39m ?[2m:?[0;39m Unable to set field Thread.inheritedAccessControlContext
?[0m?[0;34m
?[0m?[0;34mjava.lang.IllegalAccessException: class org.apache.tomcat.util.security.PrivilegedSetAccessControlContext cannot access a member of class java.lang.Thread (in module java.base) with modifiers "private"
?[0m?[0;34m	at java.base/jdk.internal.reflect.Reflection.newIllegalAccessException(Reflection.java:392) ~[na:na]
?[0m?[0;34m	at java.base/java.lang.reflect.AccessibleObject.checkAccess(AccessibleObject.java:674) ~[na:na]
?[0m?[0;34m	at java.base/java.lang.reflect.Field.checkAccess(Field.java:1102) ~[na:na]
?[0m?[0;34m	at java.base/java.lang.reflect.Field.set(Field.java:797) ~[na:na]
?[0m?[0;34m	at org.apache.tomcat.util.security.PrivilegedSetAccessControlContext.run(PrivilegedSetAccessControlContext.java:60) ~[tomcat-embed-core-10.1.5.jar:10.1.5]
?[0m?[0;34m	at org.apache.tomcat.util.security.PrivilegedSetAccessControlContext.run(PrivilegedSetAccessControlContext.java:28) ~[tomcat-embed-core-10.1.5.jar:10.1.5]
?[0m?[0;34m	at java.base/java.security.AccessController.doPrivileged(AccessController.java:318) ~[na:na]
?[0m?[0;34m	at org.apache.tomcat.util.threads.TaskThreadFactory.newThread(TaskThreadFactory.java:64) ~[tomcat-embed-core-10.1.5.jar:10.1.5]
?[0m?[0;34m	at org.apache.tomcat.util.threads.ThreadPoolExecutor$Worker.<init>(ThreadPoolExecutor.java:653) ~[tomcat-embed-core-10.1.5.jar:10.1.5]
?[0m?[0;34m	at org.apache.tomcat.util.threads.ThreadPoolExecutor.addWorker(ThreadPoolExecutor.java:957) ~[tomcat-embed-core-10.1.5.jar:10.1.5]
?[0m?[0;34m	at org.apache.tomcat.util.threads.ThreadPoolExecutor.prestartAllCoreThreads(ThreadPoolExecutor.java:1694) ~[tomcat-embed-core-10.1.5.jar:10.1.5]
?[0m?[0;34m	at org.apache.tomcat.util.threads.ThreadPoolExecutor.<init>(ThreadPoolExecutor.java:1370) ~[tomcat-embed-core-10.1.5.jar:10.1.5]
?[0m?[0;34m	at org.apache.tomcat.util.threads.ThreadPoolExecutor.<init>(ThreadPoolExecutor.java:1280) ~[tomcat-embed-core-10.1.5.jar:10.1.5]
?[0m?[0;34m	at org.apache.tomcat.util.net.AbstractEndpoint.createExecutor(AbstractEndpoint.java:948) ~[tomcat-embed-core-10.1.5.jar:10.1.5]
?[0m?[0;34m	at org.apache.tomcat.util.net.NioEndpoint.startInternal(NioEndpoint.java:279) ~[tomcat-embed-core-10.1.5.jar:10.1.5]
?[0m?[0;34m	at org.apache.tomcat.util.net.AbstractEndpoint.start(AbstractEndpoint.java:1261) ~[tomcat-embed-core-10.1.5.jar:10.1.5]
?[0m?[0;34m	at org.apache.coyote.AbstractProtocol.start(AbstractProtocol.java:586) ~[tomcat-embed-core-10.1.5.jar:10.1.5]
?[0m?[0;34m	at org.apache.catalina.connector.Connector.startInternal(Connector.java:1081) ~[tomcat-embed-core-10.1.5.jar:10.1.5]
?[0m?[0;34m	at org.apache.catalina.util.LifecycleBase.start(LifecycleBase.java:183) ~[tomcat-embed-core-10.1.5.jar:10.1.5]
?[0m?[0;34m	at org.apache.catalina.core.StandardService.addConnector(StandardService.java:234) ~[tomcat-embed-core-10.1.5.jar:10.1.5]
?[0m?[0;34m	at org.springframework.boot.web.embedded.tomcat.TomcatWebServer.addPreviouslyRemovedConnectors(TomcatWebServer.java:282) ~[spring-boot-3.0.2.jar:3.0.2]
?[0m?[0;34m	at org.springframework.boot.web.embedded.tomcat.TomcatWebServer.start(TomcatWebServer.java:213) ~[spring-boot-3.0.2.jar:3.0.2]
?[0m?[0;34m	at org.springframework.boot.web.servlet.context.WebServerStartStopLifecycle.start(WebServerStartStopLifecycle.java:44) ~[spring-boot-3.0.2.jar:3.0.2]
?[0m?[0;34m	at org.springframework.context.support.DefaultLifecycleProcessor.doStart(DefaultLifecycleProcessor.java:178) ~[spring-context-6.0.4.jar:6.0.4]
?[0m?[0;34m	at org.springframework.context.support.DefaultLifecycleProcessor$LifecycleGroup.start(DefaultLifecycleProcessor.java:356) ~[spring-context-6.0.4.jar:6.0.4]
?[0m?[0;34m	at java.base/java.lang.Iterable.forEach(Iterable.java:75) ~[na:na]
?[0m?[0;34m	at org.springframework.context.support.DefaultLifecycleProcessor.startBeans(DefaultLifecycleProcessor.java:155) ~[spring-context-6.0.4.jar:6.0.4]
?[0m?[0;34m	at org.springframework.context.support.DefaultLifecycleProcessor.onRefresh(DefaultLifecycleProcessor.java:123) ~[spring-context-6.0.4.jar:6.0.4]
?[0m?[0;34m	at org.springframework.context.support.AbstractApplicationContext.finishRefresh(AbstractApplicationContext.java:932) ~[spring-context-6.0.4.jar:6.0.4]
?[0m?[0;34m	at org.springframework.context.support.AbstractApplicationContext.refresh(AbstractApplicationContext.java:587) ~[spring-context-6.0.4.jar:6.0.4]
?[0m?[0;34m	at org.springframework.boot.web.servlet.context.ServletWebServerApplicationContext.refresh(ServletWebServerApplicationContext.java:146) ~[spring-boot-3.0.2.jar:3.0.2]
?[0m?[0;34m	at org.springframework.boot.SpringApplication.refresh(SpringApplication.java:730) ~[spring-boot-3.0.2.jar:3.0.2]
?[0m?[0;34m	at org.springframework.boot.SpringApplication.refreshContext(SpringApplication.java:432) ~[spring-boot-3.0.2.jar:3.0.2]
?[0m?[0;34m	at org.springframework.boot.SpringApplication.run(SpringApplication.java:308) ~[spring-boot-3.0.2.jar:3.0.2]
?[0m?[0;34m	at org.springframework.boot.SpringApplication.run(SpringApplication.java:1302) ~[spring-boot-3.0.2.jar:3.0.2]
?[0m?[0;34m	at org.springframework.boot.SpringApplication.run(SpringApplication.java:1291) ~[spring-boot-3.0.2.jar:3.0.2]
?[0m?[0;34m	at account.AccountServiceApplication.main(AccountServiceApplication.java:12) ~[main/:na]
?[0m?[0;34m	at java.base/jdk.internal.reflect.NativeMethodAccessorImpl.invoke0(Native Method) ~[na:na]
?[0m?[0;34m	at java.base/jdk.internal.reflect.NativeMethodAccessorImpl.invoke(NativeMethodAccessorImpl.java:77) ~[na:na]
?[0m?[0;34m	at java.base/jdk.internal.reflect.DelegatingMethodAccessorImpl.invoke(DelegatingMethodAccessorImpl.java:43) ~[na:na]
?[0m?[0;34m	at java.base/java.lang.reflect.Method.invoke(Method.java:568) ~[na:na]
?[0m?[0;34m	at org.hyperskill.hstest.stage.SpringTest.startSpring(SpringTest.java:187) ~[hs-test-release-SNAPSHOT.jar:na]
?[0m?[0;34m	at org.hyperskill.hstest.stage.SpringTest.reloadSpring(SpringTest.java:239) ~[hs-test-release-SNAPSHOT.jar:na]
?[0m?[0;34m	at AccountServiceTest.restartApplication(AccountServiceTest.java:262) ~[test/:na]
?[0m?[0;34m	at AccountServiceTest.lambda$new$45(AccountServiceTest.java:452) ~[test/:na]
?[0m?[0;34m	at org.hyperskill.hstest.dynamic.input.DynamicTesting.lambda$searchDynamicTests$3(DynamicTesting.java:289) ~[hs-test-release-SNAPSHOT.jar:na]
?[0m?[0;34m	at org.hyperskill.hstest.dynamic.input.DynamicTesting$1DynamicTestElement.lambda$getTests$0(DynamicTesting.java:252) ~[hs-test-release-SNAPSHOT.jar:na]
?[0m?[0;34m	at org.hyperskill.hstest.testing.runner.SpringApplicationRunner.test(SpringApplicationRunner.java:43) ~[hs-test-release-SNAPSHOT.jar:na]
?[0m?[0;34m	at org.hyperskill.hstest.testing.TestRun.test(TestRun.java:94) ~[hs-test-release-SNAPSHOT.jar:na]
?[0m?[0;34m	at org.hyperskill.hstest.stage.StageTest.start(StageTest.java:164) ~[hs-test-release-SNAPSHOT.jar:na]
?[0m?[0;34m	at java.base/jdk.internal.reflect.NativeMethodAccessorImpl.invoke0(Native Method) ~[na:na]
?[0m?[0;34m	at java.base/jdk.internal.reflect.NativeMethodAccessorImpl.invoke(NativeMethodAccessorImpl.java:77) ~[na:na]
?[0m?[0;34m	at java.base/jdk.internal.reflect.DelegatingMethodAccessorImpl.invoke(DelegatingMethodAccessorImpl.java:43) ~[na:na]
?[0m?[0;34m	at java.base/java.lang.reflect.Method.invoke(Method.java:568) ~[na:na]
?[0m?[0;34m	at org.junit.runners.model.FrameworkMethod$1.runReflectiveCall(FrameworkMethod.java:59) ~[junit-4.13.2.jar:4.13.2]
?[0m?[0;34m	at org.junit.internal.runners.model.ReflectiveCallable.run(ReflectiveCallable.java:12) ~[junit-4.13.2.jar:4.13.2]
?[0m?[0;34m	at org.junit.runners.model.FrameworkMethod.invokeExplosively(FrameworkMethod.java:56) ~[junit-4.13.2.jar:4.13.2]
?[0m?[0;34m	at org.junit.internal.runners.statements.InvokeMethod.evaluate(InvokeMethod.java:17) ~[junit-4.13.2.jar:4.13.2]
?[0m?[0;34m	at org.junit.internal.runners.statements.RunAfters.evaluate(RunAfters.java:27) ~[junit-4.13.2.jar:4.13.2]
?[0m?[0;34m	at org.junit.runners.ParentRunner$3.evaluate(ParentRunner.java:306) ~[junit-4.13.2.jar:4.13.2]
?[0m?[0;34m	at org.junit.runners.BlockJUnit4ClassRunner$1.evaluate(BlockJUnit4ClassRunner.java:100) ~[junit-4.13.2.jar:4.13.2]
?[0m?[0;34m	at org.junit.runners.ParentRunner.runLeaf(ParentRunner.java:366) ~[junit-4.13.2.jar:4.13.2]
?[0m?[0;34m	at org.junit.runners.BlockJUnit4ClassRunner.runChild(BlockJUnit4ClassRunner.java:103) ~[junit-4.13.2.jar:4.13.2]
?[0m?[0;34m	at org.junit.runners.BlockJUnit4ClassRunner.runChild(BlockJUnit4ClassRunner.java:63) ~[junit-4.13.2.jar:4.13.2]
?[0m?[0;34m	at org.junit.runners.ParentRunner$4.run(ParentRunner.java:331) ~[junit-4.13.2.jar:4.13.2]
?[0m?[0;34m	at org.junit.runners.ParentRunner$1.schedule(ParentRunner.java:79) ~[junit-4.13.2.jar:4.13.2]
?[0m?[0;34m	at org.junit.runners.ParentRunner.runChildren(ParentRunner.java:329) ~[junit-4.13.2.jar:4.13.2]
?[0m?[0;34m	at org.junit.runners.ParentRunner.access$100(ParentRunner.java:66) ~[junit-4.13.2.jar:4.13.2]
?[0m?[0;34m	at org.junit.runners.ParentRunner$2.evaluate(ParentRunner.java:293) ~[junit-4.13.2.jar:4.13.2]
?[0m?[0;34m	at org.junit.runners.ParentRunner$3.evaluate(ParentRunner.java:306) ~[junit-4.13.2.jar:4.13.2]
?[0m?[0;34m	at org.junit.runners.ParentRunner.run(ParentRunner.java:413) ~[junit-4.13.2.jar:4.13.2]
?[0m?[0;34m	at org.gradle.api.internal.tasks.testing.junit.JUnitTestClassExecutor.runTestClass(JUnitTestClassExecutor.java:108) ~[na:na]
?[0m?[0;34m	at org.gradle.api.internal.tasks.testing.junit.JUnitTestClassExecutor.execute(JUnitTestClassExecutor.java:57) ~[na:na]
?[0m?[0;34m	at org.gradle.api.internal.tasks.testing.junit.JUnitTestClassExecutor.execute(JUnitTestClassExecutor.java:39) ~[na:na]
?[0m?[0;34m	at org.gradle.api.internal.tasks.testing.junit.AbstractJUnitTestClassProcessor.processTestClass(AbstractJUnitTestClassProcessor.java:62) ~[na:na]
?[0m?[0;34m	at org.gradle.api.internal.tasks.testing.SuiteTestClassProcessor.processTestClass(SuiteTestClassProcessor.java:52) ~[na:na]
?[0m?[0;34m	at java.base/jdk.internal.reflect.NativeMethodAccessorImpl.invoke0(Native Method) ~[na:na]
?[0m?[0;34m	at java.base/jdk.internal.reflect.NativeMethodAccessorImpl.invoke(NativeMethodAccessorImpl.java:77) ~[na:na]
?[0m?[0;34m	at java.base/jdk.internal.reflect.DelegatingMethodAccessorImpl.invoke(DelegatingMethodAccessorImpl.java:43) ~[na:na]
?[0m?[0;34m	at java.base/java.lang.reflect.Method.invoke(Method.java:568) ~[na:na]
?[0m?[0;34m	at org.gradle.internal.dispatch.ReflectionDispatch.dispatch(ReflectionDispatch.java:36) ~[na:na]
?[0m?[0;34m	at org.gradle.internal.dispatch.ReflectionDispatch.dispatch(ReflectionDispatch.java:24) ~[na:na]
?[0m?[0;34m	at org.gradle.internal.dispatch.ContextClassLoaderDispatch.dispatch(ContextClassLoaderDispatch.java:33) ~[na:na]
?[0m?[0;34m	at org.gradle.internal.dispatch.ProxyDispatchAdapter$DispatchingInvocationHandler.invoke(ProxyDispatchAdapter.java:94) ~[na:na]
?[0m?[0;34m	at jdk.proxy1/jdk.proxy1.$Proxy2.processTestClass(Unknown Source) ~[na:na]
?[0m?[0;34m	at org.gradle.api.internal.tasks.testing.worker.TestWorker$2.run(TestWorker.java:176) ~[na:na]
?[0m?[0;34m	at org.gradle.api.internal.tasks.testing.worker.TestWorker.executeAndMaintainThreadName(TestWorker.java:129) ~[na:na]
?[0m?[0;34m	at org.gradle.api.internal.tasks.testing.worker.TestWorker.execute(TestWorker.java:100) ~[na:na]
?[0m?[0;34m	at org.gradle.api.internal.tasks.testing.worker.TestWorker.execute(TestWorker.java:60) ~[na:na]
?[0m?[0;34m	at org.gradle.process.internal.worker.child.ActionExecutionWorker.execute(ActionExecutionWorker.java:56) ~[na:na]
?[0m?[0;34m	at org.gradle.process.internal.worker.child.SystemApplicationClassLoaderWorker.call(SystemApplicationClassLoaderWorker.java:113) ~[na:na]
?[0m?[0;34m	at org.gradle.process.internal.worker.child.SystemApplicationClassLoaderWorker.call(SystemApplicationClassLoaderWorker.java:65) ~[na:na]
?[0m?[0;34m	at worker.org.gradle.process.internal.worker.GradleWorkerMain.run(GradleWorkerMain.java:69) ~[gradle-worker.jar:na]
?[0m?[0;34m	at worker.org.gradle.process.internal.worker.GradleWorkerMain.main(GradleWorkerMain.java:74) ~[gradle-worker.jar:na]
?[0m?[0;34m
?[0m?[0;34m?[2m2023-08-22T13:43:58.591+02:00?[0;39m ?[33m WARN?[0;39m ?[35m18216?[0;39m ?[2m---?[0;39m ?[2m[    Test worker]?[0;39m ?[36m.t.u.s.PrivilegedSetAccessControlContext?[0;39m ?[2m:?[0;39m Unable to set field Thread.inheritedAccessControlContext
?[0m?[0;34m
?[0m?[0;34mjava.lang.IllegalAccessException: class org.apache.tomcat.util.security.PrivilegedSetAccessControlContext cannot access a member of class java.lang.Thread (in module java.base) with modifiers "private"
?[0m?[0;34m	at java.base/jdk.internal.reflect.Reflection.newIllegalAccessException(Reflection.java:392) ~[na:na]
?[0m?[0;34m	at java.base/java.lang.reflect.AccessibleObject.checkAccess(AccessibleObject.java:674) ~[na:na]
?[0m?[0;34m	at java.base/java.lang.reflect.Field.checkAccess(Field.java:1102) ~[na:na]
?[0m?[0;34m	at java.base/java.lang.reflect.Field.set(Field.java:797) ~[na:na]
?[0m?[0;34m	at org.apache.tomcat.util.security.PrivilegedSetAccessControlContext.run(PrivilegedSetAccessControlContext.java:60) ~[tomcat-embed-core-10.1.5.jar:10.1.5]
?[0m?[0;34m	at org.apache.tomcat.util.security.PrivilegedSetAccessControlContext.run(PrivilegedSetAccessControlContext.java:28) ~[tomcat-embed-core-10.1.5.jar:10.1.5]
?[0m?[0;34m	at java.base/java.security.AccessController.doPrivileged(AccessController.java:318) ~[na:na]
?[0m?[0;34m	at org.apache.tomcat.util.threads.TaskThreadFactory.newThread(TaskThreadFactory.java:64) ~[tomcat-embed-core-10.1.5.jar:10.1.5]
?[0m?[0;34m	at org.apache.tomcat.util.threads.ThreadPoolExecutor$Worker.<init>(ThreadPoolExecutor.java:653) ~[tomcat-embed-core-10.1.5.jar:10.1.5]
?[0m?[0;34m	at org.apache.tomcat.util.threads.ThreadPoolExecutor.addWorker(ThreadPoolExecutor.java:957) ~[tomcat-embed-core-10.1.5.jar:10.1.5]
?[0m?[0;34m	at org.apache.tomcat.util.threads.ThreadPoolExecutor.prestartAllCoreThreads(ThreadPoolExecutor.java:1694) ~[tomcat-embed-core-10.1.5.jar:10.1.5]
?[0m?[0;34m	at org.apache.tomcat.util.threads.ThreadPoolExecutor.<init>(ThreadPoolExecutor.java:1370) ~[tomcat-embed-core-10.1.5.jar:10.1.5]
?[0m?[0;34m	at org.apache.tomcat.util.threads.ThreadPoolExecutor.<init>(ThreadPoolExecutor.java:1280) ~[tomcat-embed-core-10.1.5.jar:10.1.5]
?[0m?[0;34m	at org.apache.tomcat.util.net.AbstractEndpoint.createExecutor(AbstractEndpoint.java:948) ~[tomcat-embed-core-10.1.5.jar:10.1.5]
?[0m?[0;34m	at org.apache.tomcat.util.net.NioEndpoint.startInternal(NioEndpoint.java:279) ~[tomcat-embed-core-10.1.5.jar:10.1.5]
?[0m?[0;34m	at org.apache.tomcat.util.net.AbstractEndpoint.start(AbstractEndpoint.java:1261) ~[tomcat-embed-core-10.1.5.jar:10.1.5]
?[0m?[0;34m	at org.apache.coyote.AbstractProtocol.start(AbstractProtocol.java:586) ~[tomcat-embed-core-10.1.5.jar:10.1.5]
?[0m?[0;34m	at org.apache.catalina.connector.Connector.startInternal(Connector.java:1081) ~[tomcat-embed-core-10.1.5.jar:10.1.5]
?[0m?[0;34m	at org.apache.catalina.util.LifecycleBase.start(LifecycleBase.java:183) ~[tomcat-embed-core-10.1.5.jar:10.1.5]
?[0m?[0;34m	at org.apache.catalina.core.StandardService.addConnector(StandardService.java:234) ~[tomcat-embed-core-10.1.5.jar:10.1.5]
?[0m?[0;34m	at org.springframework.boot.web.embedded.tomcat.TomcatWebServer.addPreviouslyRemovedConnectors(TomcatWebServer.java:282) ~[spring-boot-3.0.2.jar:3.0.2]
?[0m?[0;34m	at org.springframework.boot.web.embedded.tomcat.TomcatWebServer.start(TomcatWebServer.java:213) ~[spring-boot-3.0.2.jar:3.0.2]
?[0m?[0;34m	at org.springframework.boot.web.servlet.context.WebServerStartStopLifecycle.start(WebServerStartStopLifecycle.java:44) ~[spring-boot-3.0.2.jar:3.0.2]
?[0m?[0;34m	at org.springframework.context.support.DefaultLifecycleProcessor.doStart(DefaultLifecycleProcessor.java:178) ~[spring-context-6.0.4.jar:6.0.4]
?[0m?[0;34m	at org.springframework.context.support.DefaultLifecycleProcessor$LifecycleGroup.start(DefaultLifecycleProcessor.java:356) ~[spring-context-6.0.4.jar:6.0.4]
?[0m?[0;34m	at java.base/java.lang.Iterable.forEach(Iterable.java:75) ~[na:na]
?[0m?[0;34m	at org.springframework.context.support.DefaultLifecycleProcessor.startBeans(DefaultLifecycleProcessor.java:155) ~[spring-context-6.0.4.jar:6.0.4]
?[0m?[0;34m	at org.springframework.context.support.DefaultLifecycleProcessor.onRefresh(DefaultLifecycleProcessor.java:123) ~[spring-context-6.0.4.jar:6.0.4]
?[0m?[0;34m	at org.springframework.context.support.AbstractApplicationContext.finishRefresh(AbstractApplicationContext.java:932) ~[spring-context-6.0.4.jar:6.0.4]
?[0m?[0;34m	at org.springframework.context.support.AbstractApplicationContext.refresh(AbstractApplicationContext.java:587) ~[spring-context-6.0.4.jar:6.0.4]
?[0m?[0;34m	at org.springframework.boot.web.servlet.context.ServletWebServerApplicationContext.refresh(ServletWebServerApplicationContext.java:146) ~[spring-boot-3.0.2.jar:3.0.2]
?[0m?[0;34m	at org.springframework.boot.SpringApplication.refresh(SpringApplication.java:730) ~[spring-boot-3.0.2.jar:3.0.2]
?[0m?[0;34m	at org.springframework.boot.SpringApplication.refreshContext(SpringApplication.java:432) ~[spring-boot-3.0.2.jar:3.0.2]
?[0m?[0;34m	at org.springframework.boot.SpringApplication.run(SpringApplication.java:308) ~[spring-boot-3.0.2.jar:3.0.2]
?[0m?[0;34m	at org.springframework.boot.SpringApplication.run(SpringApplication.java:1302) ~[spring-boot-3.0.2.jar:3.0.2]
?[0m?[0;34m	at org.springframework.boot.SpringApplication.run(SpringApplication.java:1291) ~[spring-boot-3.0.2.jar:3.0.2]
?[0m?[0;34m	at account.AccountServiceApplication.main(AccountServiceApplication.java:12) ~[main/:na]
?[0m?[0;34m	at java.base/jdk.internal.reflect.NativeMethodAccessorImpl.invoke0(Native Method) ~[na:na]
?[0m?[0;34m	at java.base/jdk.internal.reflect.NativeMethodAccessorImpl.invoke(NativeMethodAccessorImpl.java:77) ~[na:na]
?[0m?[0;34m	at java.base/jdk.internal.reflect.DelegatingMethodAccessorImpl.invoke(DelegatingMethodAccessorImpl.java:43) ~[na:na]
?[0m?[0;34m	at java.base/java.lang.reflect.Method.invoke(Method.java:568) ~[na:na]
?[0m?[0;34m	at org.hyperskill.hstest.stage.SpringTest.startSpring(SpringTest.java:187) ~[hs-test-release-SNAPSHOT.jar:na]
?[0m?[0;34m	at org.hyperskill.hstest.stage.SpringTest.reloadSpring(SpringTest.java:239) ~[hs-test-release-SNAPSHOT.jar:na]
?[0m?[0;34m	at AccountServiceTest.restartApplication(AccountServiceTest.java:262) ~[test/:na]
?[0m?[0;34m	at AccountServiceTest.lambda$new$45(AccountServiceTest.java:452) ~[test/:na]
?[0m?[0;34m	at org.hyperskill.hstest.dynamic.input.DynamicTesting.lambda$searchDynamicTests$3(DynamicTesting.java:289) ~[hs-test-release-SNAPSHOT.jar:na]
?[0m?[0;34m	at org.hyperskill.hstest.dynamic.input.DynamicTesting$1DynamicTestElement.lambda$getTests$0(DynamicTesting.java:252) ~[hs-test-release-SNAPSHOT.jar:na]
?[0m?[0;34m	at org.hyperskill.hstest.testing.runner.SpringApplicationRunner.test(SpringApplicationRunner.java:43) ~[hs-test-release-SNAPSHOT.jar:na]
?[0m?[0;34m	at org.hyperskill.hstest.testing.TestRun.test(TestRun.java:94) ~[hs-test-release-SNAPSHOT.jar:na]
?[0m?[0;34m	at org.hyperskill.hstest.stage.StageTest.start(StageTest.java:164) ~[hs-test-release-SNAPSHOT.jar:na]
?[0m?[0;34m	at java.base/jdk.internal.reflect.NativeMethodAccessorImpl.invoke0(Native Method) ~[na:na]
?[0m?[0;34m	at java.base/jdk.internal.reflect.NativeMethodAccessorImpl.invoke(NativeMethodAccessorImpl.java:77) ~[na:na]
?[0m?[0;34m	at java.base/jdk.internal.reflect.DelegatingMethodAccessorImpl.invoke(DelegatingMethodAccessorImpl.java:43) ~[na:na]
?[0m?[0;34m	at java.base/java.lang.reflect.Method.invoke(Method.java:568) ~[na:na]
?[0m?[0;34m	at org.junit.runners.model.FrameworkMethod$1.runReflectiveCall(FrameworkMethod.java:59) ~[junit-4.13.2.jar:4.13.2]
?[0m?[0;34m	at org.junit.internal.runners.model.ReflectiveCallable.run(ReflectiveCallable.java:12) ~[junit-4.13.2.jar:4.13.2]
?[0m?[0;34m	at org.junit.runners.model.FrameworkMethod.invokeExplosively(FrameworkMethod.java:56) ~[junit-4.13.2.jar:4.13.2]
?[0m?[0;34m	at org.junit.internal.runners.statements.InvokeMethod.evaluate(InvokeMethod.java:17) ~[junit-4.13.2.jar:4.13.2]
?[0m?[0;34m	at org.junit.internal.runners.statements.RunAfters.evaluate(RunAfters.java:27) ~[junit-4.13.2.jar:4.13.2]
?[0m?[0;34m	at org.junit.runners.ParentRunner$3.evaluate(ParentRunner.java:306) ~[junit-4.13.2.jar:4.13.2]
?[0m?[0;34m	at org.junit.runners.BlockJUnit4ClassRunner$1.evaluate(BlockJUnit4ClassRunner.java:100) ~[junit-4.13.2.jar:4.13.2]
?[0m?[0;34m	at org.junit.runners.ParentRunner.runLeaf(ParentRunner.java:366) ~[junit-4.13.2.jar:4.13.2]
?[0m?[0;34m	at org.junit.runners.BlockJUnit4ClassRunner.runChild(BlockJUnit4ClassRunner.java:103) ~[junit-4.13.2.jar:4.13.2]
?[0m?[0;34m	at org.junit.runners.BlockJUnit4ClassRunner.runChild(BlockJUnit4ClassRunner.java:63) ~[junit-4.13.2.jar:4.13.2]
?[0m?[0;34m	at org.junit.runners.ParentRunner$4.run(ParentRunner.java:331) ~[junit-4.13.2.jar:4.13.2]
?[0m?[0;34m	at org.junit.runners.ParentRunner$1.schedule(ParentRunner.java:79) ~[junit-4.13.2.jar:4.13.2]
?[0m?[0;34m	at org.junit.runners.ParentRunner.runChildren(ParentRunner.java:329) ~[junit-4.13.2.jar:4.13.2]
?[0m?[0;34m	at org.junit.runners.ParentRunner.access$100(ParentRunner.java:66) ~[junit-4.13.2.jar:4.13.2]
?[0m?[0;34m	at org.junit.runners.ParentRunner$2.evaluate(ParentRunner.java:293) ~[junit-4.13.2.jar:4.13.2]
?[0m?[0;34m	at org.junit.runners.ParentRunner$3.evaluate(ParentRunner.java:306) ~[junit-4.13.2.jar:4.13.2]
?[0m?[0;34m	at org.junit.runners.ParentRunner.run(ParentRunner.java:413) ~[junit-4.13.2.jar:4.13.2]
?[0m?[0;34m	at org.gradle.api.internal.tasks.testing.junit.JUnitTestClassExecutor.runTestClass(JUnitTestClassExecutor.java:108) ~[na:na]
?[0m?[0;34m	at org.gradle.api.internal.tasks.testing.junit.JUnitTestClassExecutor.execute(JUnitTestClassExecutor.java:57) ~[na:na]
?[0m?[0;34m	at org.gradle.api.internal.tasks.testing.junit.JUnitTestClassExecutor.execute(JUnitTestClassExecutor.java:39) ~[na:na]
?[0m?[0;34m	at org.gradle.api.internal.tasks.testing.junit.AbstractJUnitTestClassProcessor.processTestClass(AbstractJUnitTestClassProcessor.java:62) ~[na:na]
?[0m?[0;34m	at org.gradle.api.internal.tasks.testing.SuiteTestClassProcessor.processTestClass(SuiteTestClassProcessor.java:52) ~[na:na]
?[0m?[0;34m	at java.base/jdk.internal.reflect.NativeMethodAccessorImpl.invoke0(Native Method) ~[na:na]
?[0m?[0;34m	at java.base/jdk.internal.reflect.NativeMethodAccessorImpl.invoke(NativeMethodAccessorImpl.java:77) ~[na:na]
?[0m?[0;34m	at java.base/jdk.internal.reflect.DelegatingMethodAccessorImpl.invoke(DelegatingMethodAccessorImpl.java:43) ~[na:na]
?[0m?[0;34m	at java.base/java.lang.reflect.Method.invoke(Method.java:568) ~[na:na]
?[0m?[0;34m	at org.gradle.internal.dispatch.ReflectionDispatch.dispatch(ReflectionDispatch.java:36) ~[na:na]
?[0m?[0;34m	at org.gradle.internal.dispatch.ReflectionDispatch.dispatch(ReflectionDispatch.java:24) ~[na:na]
?[0m?[0;34m	at org.gradle.internal.dispatch.ContextClassLoaderDispatch.dispatch(ContextClassLoaderDispatch.java:33) ~[na:na]
?[0m?[0;34m	at org.gradle.internal.dispatch.ProxyDispatchAdapter$DispatchingInvocationHandler.invoke(ProxyDispatchAdapter.java:94) ~[na:na]
?[0m?[0;34m	at jdk.proxy1/jdk.proxy1.$Proxy2.processTestClass(Unknown Source) ~[na:na]
?[0m?[0;34m	at org.gradle.api.internal.tasks.testing.worker.TestWorker$2.run(TestWorker.java:176) ~[na:na]
?[0m?[0;34m	at org.gradle.api.internal.tasks.testing.worker.TestWorker.executeAndMaintainThreadName(TestWorker.java:129) ~[na:na]
?[0m?[0;34m	at org.gradle.api.internal.tasks.testing.worker.TestWorker.execute(TestWorker.java:100) ~[na:na]
?[0m?[0;34m	at org.gradle.api.internal.tasks.testing.worker.TestWorker.execute(TestWorker.java:60) ~[na:na]
?[0m?[0;34m	at org.gradle.process.internal.worker.child.ActionExecutionWorker.execute(ActionExecutionWorker.java:56) ~[na:na]
?[0m?[0;34m	at org.gradle.process.internal.worker.child.SystemApplicationClassLoaderWorker.call(SystemApplicationClassLoaderWorker.java:113) ~[na:na]
?[0m?[0;34m	at org.gradle.process.internal.worker.child.SystemApplicationClassLoaderWorker.call(SystemApplicationClassLoaderWorker.java:65) ~[na:na]
?[0m?[0;34m	at worker.org.gradle.process.internal.worker.GradleWorkerMain.run(GradleWorkerMain.java:69) ~[gradle-worker.jar:na]
?[0m?[0;34m	at worker.org.gradle.process.internal.worker.GradleWorkerMain.main(GradleWorkerMain.java:74) ~[gradle-worker.jar:na]
?[0m?[0;34m
?[0m?[0;34m?[2m2023-08-22T13:43:58.597+02:00?[0;39m ?[33m WARN?[0;39m ?[35m18216?[0;39m ?[2m---?[0;39m ?[2m[    Test worker]?[0;39m ?[36m.t.u.s.PrivilegedSetAccessControlContext?[0;39m ?[2m:?[0;39m Unable to set field Thread.inheritedAccessControlContext
?[0m?[0;34m
?[0m?[0;34mjava.lang.IllegalAccessException: class org.apache.tomcat.util.security.PrivilegedSetAccessControlContext cannot access a member of class java.lang.Thread (in module java.base) with modifiers "private"
?[0m?[0;34m	at java.base/jdk.internal.reflect.Reflection.newIllegalAccessException(Reflection.java:392) ~[na:na]
?[0m?[0;34m	at java.base/java.lang.reflect.AccessibleObject.checkAccess(AccessibleObject.java:674) ~[na:na]
?[0m?[0;34m	at java.base/java.lang.reflect.Field.checkAccess(Field.java:1102) ~[na:na]
?[0m?[0;34m	at java.base/java.lang.reflect.Field.set(Field.java:797) ~[na:na]
?[0m?[0;34m	at org.apache.tomcat.util.security.PrivilegedSetAccessControlContext.run(PrivilegedSetAccessControlContext.java:60) ~[tomcat-embed-core-10.1.5.jar:10.1.5]
?[0m?[0;34m	at org.apache.tomcat.util.security.PrivilegedSetAccessControlContext.run(PrivilegedSetAccessControlContext.java:28) ~[tomcat-embed-core-10.1.5.jar:10.1.5]
?[0m?[0;34m	at java.base/java.security.AccessController.doPrivileged(AccessController.java:318) ~[na:na]
?[0m?[0;34m	at org.apache.tomcat.util.threads.TaskThreadFactory.newThread(TaskThreadFactory.java:64) ~[tomcat-embed-core-10.1.5.jar:10.1.5]
?[0m?[0;34m	at org.apache.tomcat.util.threads.ThreadPoolExecutor$Worker.<init>(ThreadPoolExecutor.java:653) ~[tomcat-embed-core-10.1.5.jar:10.1.5]
?[0m?[0;34m	at org.apache.tomcat.util.threads.ThreadPoolExecutor.addWorker(ThreadPoolExecutor.java:957) ~[tomcat-embed-core-10.1.5.jar:10.1.5]
?[0m?[0;34m	at org.apache.tomcat.util.threads.ThreadPoolExecutor.prestartAllCoreThreads(ThreadPoolExecutor.java:1694) ~[tomcat-embed-core-10.1.5.jar:10.1.5]
?[0m?[0;34m	at org.apache.tomcat.util.threads.ThreadPoolExecutor.<init>(ThreadPoolExecutor.java:1370) ~[tomcat-embed-core-10.1.5.jar:10.1.5]
?[0m?[0;34m	at org.apache.tomcat.util.threads.ThreadPoolExecutor.<init>(ThreadPoolExecutor.java:1280) ~[tomcat-embed-core-10.1.5.jar:10.1.5]
?[0m?[0;34m	at org.apache.tomcat.util.net.AbstractEndpoint.createExecutor(AbstractEndpoint.java:948) ~[tomcat-embed-core-10.1.5.jar:10.1.5]
?[0m?[0;34m	at org.apache.tomcat.util.net.NioEndpoint.startInternal(NioEndpoint.java:279) ~[tomcat-embed-core-10.1.5.jar:10.1.5]
?[0m?[0;34m	at org.apache.tomcat.util.net.AbstractEndpoint.start(AbstractEndpoint.java:1261) ~[tomcat-embed-core-10.1.5.jar:10.1.5]
?[0m?[0;34m	at org.apache.coyote.AbstractProtocol.start(AbstractProtocol.java:586) ~[tomcat-embed-core-10.1.5.jar:10.1.5]
?[0m?[0;34m	at org.apache.catalina.connector.Connector.startInternal(Connector.java:1081) ~[tomcat-embed-core-10.1.5.jar:10.1.5]
?[0m?[0;34m	at org.apache.catalina.util.LifecycleBase.start(LifecycleBase.java:183) ~[tomcat-embed-core-10.1.5.jar:10.1.5]
?[0m?[0;34m	at org.apache.catalina.core.StandardService.addConnector(StandardService.java:234) ~[tomcat-embed-core-10.1.5.jar:10.1.5]
?[0m?[0;34m	at org.springframework.boot.web.embedded.tomcat.TomcatWebServer.addPreviouslyRemovedConnectors(TomcatWebServer.java:282) ~[spring-boot-3.0.2.jar:3.0.2]
?[0m?[0;34m	at org.springframework.boot.web.embedded.tomcat.TomcatWebServer.start(TomcatWebServer.java:213) ~[spring-boot-3.0.2.jar:3.0.2]
?[0m?[0;34m	at org.springframework.boot.web.servlet.context.WebServerStartStopLifecycle.start(WebServerStartStopLifecycle.java:44) ~[spring-boot-3.0.2.jar:3.0.2]
?[0m?[0;34m	at org.springframework.context.support.DefaultLifecycleProcessor.doStart(DefaultLifecycleProcessor.java:178) ~[spring-context-6.0.4.jar:6.0.4]
?[0m?[0;34m	at org.springframework.context.support.DefaultLifecycleProcessor$LifecycleGroup.start(DefaultLifecycleProcessor.java:356) ~[spring-context-6.0.4.jar:6.0.4]
?[0m?[0;34m	at java.base/java.lang.Iterable.forEach(Iterable.java:75) ~[na:na]
?[0m?[0;34m	at org.springframework.context.support.DefaultLifecycleProcessor.startBeans(DefaultLifecycleProcessor.java:155) ~[spring-context-6.0.4.jar:6.0.4]
?[0m?[0;34m	at org.springframework.context.support.DefaultLifecycleProcessor.onRefresh(DefaultLifecycleProcessor.java:123) ~[spring-context-6.0.4.jar:6.0.4]
?[0m?[0;34m	at org.springframework.context.support.AbstractApplicationContext.finishRefresh(AbstractApplicationContext.java:932) ~[spring-context-6.0.4.jar:6.0.4]
?[0m?[0;34m	at org.springframework.context.support.AbstractApplicationContext.refresh(AbstractApplicationContext.java:587) ~[spring-context-6.0.4.jar:6.0.4]
?[0m?[0;34m	at org.springframework.boot.web.servlet.context.ServletWebServerApplicationContext.refresh(ServletWebServerApplicationContext.java:146) ~[spring-boot-3.0.2.jar:3.0.2]
?[0m?[0;34m	at org.springframework.boot.SpringApplication.refresh(SpringApplication.java:730) ~[spring-boot-3.0.2.jar:3.0.2]
?[0m?[0;34m	at org.springframework.boot.SpringApplication.refreshContext(SpringApplication.java:432) ~[spring-boot-3.0.2.jar:3.0.2]
?[0m?[0;34m	at org.springframework.boot.SpringApplication.run(SpringApplication.java:308) ~[spring-boot-3.0.2.jar:3.0.2]
?[0m?[0;34m	at org.springframework.boot.SpringApplication.run(SpringApplication.java:1302) ~[spring-boot-3.0.2.jar:3.0.2]
?[0m?[0;34m	at org.springframework.boot.SpringApplication.run(SpringApplication.java:1291) ~[spring-boot-3.0.2.jar:3.0.2]
?[0m?[0;34m	at account.AccountServiceApplication.main(AccountServiceApplication.java:12) ~[main/:na]
?[0m?[0;34m	at java.base/jdk.internal.reflect.NativeMethodAccessorImpl.invoke0(Native Method) ~[na:na]
?[0m?[0;34m	at java.base/jdk.internal.reflect.NativeMethodAccessorImpl.invoke(NativeMethodAccessorImpl.java:77) ~[na:na]
?[0m?[0;34m	at java.base/jdk.internal.reflect.DelegatingMethodAccessorImpl.invoke(DelegatingMethodAccessorImpl.java:43) ~[na:na]
?[0m?[0;34m	at java.base/java.lang.reflect.Method.invoke(Method.java:568) ~[na:na]
?[0m?[0;34m	at org.hyperskill.hstest.stage.SpringTest.startSpring(SpringTest.java:187) ~[hs-test-release-SNAPSHOT.jar:na]
?[0m?[0;34m	at org.hyperskill.hstest.stage.SpringTest.reloadSpring(SpringTest.java:239) ~[hs-test-release-SNAPSHOT.jar:na]
?[0m?[0;34m	at AccountServiceTest.restartApplication(AccountServiceTest.java:262) ~[test/:na]
?[0m?[0;34m	at AccountServiceTest.lambda$new$45(AccountServiceTest.java:452) ~[test/:na]
?[0m?[0;34m	at org.hyperskill.hstest.dynamic.input.DynamicTesting.lambda$searchDynamicTests$3(DynamicTesting.java:289) ~[hs-test-release-SNAPSHOT.jar:na]
?[0m?[0;34m	at org.hyperskill.hstest.dynamic.input.DynamicTesting$1DynamicTestElement.lambda$getTests$0(DynamicTesting.java:252) ~[hs-test-release-SNAPSHOT.jar:na]
?[0m?[0;34m	at org.hyperskill.hstest.testing.runner.SpringApplicationRunner.test(SpringApplicationRunner.java:43) ~[hs-test-release-SNAPSHOT.jar:na]
?[0m?[0;34m	at org.hyperskill.hstest.testing.TestRun.test(TestRun.java:94) ~[hs-test-release-SNAPSHOT.jar:na]
?[0m?[0;34m	at org.hyperskill.hstest.stage.StageTest.start(StageTest.java:164) ~[hs-test-release-SNAPSHOT.jar:na]
?[0m?[0;34m	at java.base/jdk.internal.reflect.NativeMethodAccessorImpl.invoke0(Native Method) ~[na:na]
?[0m?[0;34m	at java.base/jdk.internal.reflect.NativeMethodAccessorImpl.invoke(NativeMethodAccessorImpl.java:77) ~[na:na]
?[0m?[0;34m	at java.base/jdk.internal.reflect.DelegatingMethodAccessorImpl.invoke(DelegatingMethodAccessorImpl.java:43) ~[na:na]
?[0m?[0;34m	at java.base/java.lang.reflect.Method.invoke(Method.java:568) ~[na:na]
?[0m?[0;34m	at org.junit.runners.model.FrameworkMethod$1.runReflectiveCall(FrameworkMethod.java:59) ~[junit-4.13.2.jar:4.13.2]
?[0m?[0;34m	at org.junit.internal.runners.model.ReflectiveCallable.run(ReflectiveCallable.java:12) ~[junit-4.13.2.jar:4.13.2]
?[0m?[0;34m	at org.junit.runners.model.FrameworkMethod.invokeExplosively(FrameworkMethod.java:56) ~[junit-4.13.2.jar:4.13.2]
?[0m?[0;34m	at org.junit.internal.runners.statements.InvokeMethod.evaluate(InvokeMethod.java:17) ~[junit-4.13.2.jar:4.13.2]
?[0m?[0;34m	at org.junit.internal.runners.statements.RunAfters.evaluate(RunAfters.java:27) ~[junit-4.13.2.jar:4.13.2]
?[0m?[0;34m	at org.junit.runners.ParentRunner$3.evaluate(ParentRunner.java:306) ~[junit-4.13.2.jar:4.13.2]
?[0m?[0;34m	at org.junit.runners.BlockJUnit4ClassRunner$1.evaluate(BlockJUnit4ClassRunner.java:100) ~[junit-4.13.2.jar:4.13.2]
?[0m?[0;34m	at org.junit.runners.ParentRunner.runLeaf(ParentRunner.java:366) ~[junit-4.13.2.jar:4.13.2]
?[0m?[0;34m	at org.junit.runners.BlockJUnit4ClassRunner.runChild(BlockJUnit4ClassRunner.java:103) ~[junit-4.13.2.jar:4.13.2]
?[0m?[0;34m	at org.junit.runners.BlockJUnit4ClassRunner.runChild(BlockJUnit4ClassRunner.java:63) ~[junit-4.13.2.jar:4.13.2]
?[0m?[0;34m	at org.junit.runners.ParentRunner$4.run(ParentRunner.java:331) ~[junit-4.13.2.jar:4.13.2]
?[0m?[0;34m	at org.junit.runners.ParentRunner$1.schedule(ParentRunner.java:79) ~[junit-4.13.2.jar:4.13.2]
?[0m?[0;34m	at org.junit.runners.ParentRunner.runChildren(ParentRunner.java:329) ~[junit-4.13.2.jar:4.13.2]
?[0m?[0;34m	at org.junit.runners.ParentRunner.access$100(ParentRunner.java:66) ~[junit-4.13.2.jar:4.13.2]
?[0m?[0;34m	at org.junit.runners.ParentRunner$2.evaluate(ParentRunner.java:293) ~[junit-4.13.2.jar:4.13.2]
?[0m?[0;34m	at org.junit.runners.ParentRunner$3.evaluate(ParentRunner.java:306) ~[junit-4.13.2.jar:4.13.2]
?[0m?[0;34m	at org.junit.runners.ParentRunner.run(ParentRunner.java:413) ~[junit-4.13.2.jar:4.13.2]
?[0m?[0;34m	at org.gradle.api.internal.tasks.testing.junit.JUnitTestClassExecutor.runTestClass(JUnitTestClassExecutor.java:108) ~[na:na]
?[0m?[0;34m	at org.gradle.api.internal.tasks.testing.junit.JUnitTestClassExecutor.execute(JUnitTestClassExecutor.java:57) ~[na:na]
?[0m?[0;34m	at org.gradle.api.internal.tasks.testing.junit.JUnitTestClassExecutor.execute(JUnitTestClassExecutor.java:39) ~[na:na]
?[0m?[0;34m	at org.gradle.api.internal.tasks.testing.junit.AbstractJUnitTestClassProcessor.processTestClass(AbstractJUnitTestClassProcessor.java:62) ~[na:na]
?[0m?[0;34m	at org.gradle.api.internal.tasks.testing.SuiteTestClassProcessor.processTestClass(SuiteTestClassProcessor.java:52) ~[na:na]
?[0m?[0;34m	at java.base/jdk.internal.reflect.NativeMethodAccessorImpl.invoke0(Native Method) ~[na:na]
?[0m?[0;34m	at java.base/jdk.internal.reflect.NativeMethodAccessorImpl.invoke(NativeMethodAccessorImpl.java:77) ~[na:na]
?[0m?[0;34m	at java.base/jdk.internal.reflect.DelegatingMethodAccessorImpl.invoke(DelegatingMethodAccessorImpl.java:43) ~[na:na]
?[0m?[0;34m	at java.base/java.lang.reflect.Method.invoke(Method.java:568) ~[na:na]
?[0m?[0;34m	at org.gradle.internal.dispatch.ReflectionDispatch.dispatch(ReflectionDispatch.java:36) ~[na:na]
?[0m?[0;34m	at org.gradle.internal.dispatch.ReflectionDispatch.dispatch(ReflectionDispatch.java:24) ~[na:na]
?[0m?[0;34m	at org.gradle.internal.dispatch.ContextClassLoaderDispatch.dispatch(ContextClassLoaderDispatch.java:33) ~[na:na]
?[0m?[0;34m	at org.gradle.internal.dispatch.ProxyDispatchAdapter$DispatchingInvocationHandler.invoke(ProxyDispatchAdapter.java:94) ~[na:na]
?[0m?[0;34m	at jdk.proxy1/jdk.proxy1.$Proxy2.processTestClass(Unknown Source) ~[na:na]
?[0m?[0;34m	at org.gradle.api.internal.tasks.testing.worker.TestWorker$2.run(TestWorker.java:176) ~[na:na]
?[0m?[0;34m	at org.gradle.api.internal.tasks.testing.worker.TestWorker.executeAndMaintainThreadName(TestWorker.java:129) ~[na:na]
?[0m?[0;34m	at org.gradle.api.internal.tasks.testing.worker.TestWorker.execute(TestWorker.java:100) ~[na:na]
?[0m?[0;34m	at org.gradle.api.internal.tasks.testing.worker.TestWorker.execute(TestWorker.java:60) ~[na:na]
?[0m?[0;34m	at org.gradle.process.internal.worker.child.ActionExecutionWorker.execute(ActionExecutionWorker.java:56) ~[na:na]
?[0m?[0;34m	at org.gradle.process.internal.worker.child.SystemApplicationClassLoaderWorker.call(SystemApplicationClassLoaderWorker.java:113) ~[na:na]
?[0m?[0;34m	at org.gradle.process.internal.worker.child.SystemApplicationClassLoaderWorker.call(SystemApplicationClassLoaderWorker.java:65) ~[na:na]
?[0m?[0;34m	at worker.org.gradle.process.internal.worker.GradleWorkerMain.run(GradleWorkerMain.java:69) ~[gradle-worker.jar:na]
?[0m?[0;34m	at worker.org.gradle.process.internal.worker.GradleWorkerMain.main(GradleWorkerMain.java:74) ~[gradle-worker.jar:na]
?[0m?[0;34m
?[0m?[0;34m?[2m2023-08-22T13:43:58.602+02:00?[0;39m ?[33m WARN?[0;39m ?[35m18216?[0;39m ?[2m---?[0;39m ?[2m[    Test worker]?[0;39m ?[36m.t.u.s.PrivilegedSetAccessControlContext?[0;39m ?[2m:?[0;39m Unable to set field Thread.inheritedAccessControlContext
?[0m?[0;34m
?[0m?[0;34mjava.lang.IllegalAccessException: class org.apache.tomcat.util.security.PrivilegedSetAccessControlContext cannot access a member of class java.lang.Thread (in module java.base) with modifiers "private"
?[0m?[0;34m	at java.base/jdk.internal.reflect.Reflection.newIllegalAccessException(Reflection.java:392) ~[na:na]
?[0m?[0;34m	at java.base/java.lang.reflect.AccessibleObject.checkAccess(AccessibleObject.java:674) ~[na:na]
?[0m?[0;34m	at java.base/java.lang.reflect.Field.checkAccess(Field.java:1102) ~[na:na]
?[0m?[0;34m	at java.base/java.lang.reflect.Field.set(Field.java:797) ~[na:na]
?[0m?[0;34m	at org.apache.tomcat.util.security.PrivilegedSetAccessControlContext.run(PrivilegedSetAccessControlContext.java:60) ~[tomcat-embed-core-10.1.5.jar:10.1.5]
?[0m?[0;34m	at org.apache.tomcat.util.security.PrivilegedSetAccessControlContext.run(PrivilegedSetAccessControlContext.java:28) ~[tomcat-embed-core-10.1.5.jar:10.1.5]
?[0m?[0;34m	at java.base/java.security.AccessController.doPrivileged(AccessController.java:318) ~[na:na]
?[0m?[0;34m	at org.apache.tomcat.util.threads.TaskThreadFactory.newThread(TaskThreadFactory.java:64) ~[tomcat-embed-core-10.1.5.jar:10.1.5]
?[0m?[0;34m	at org.apache.tomcat.util.threads.ThreadPoolExecutor$Worker.<init>(ThreadPoolExecutor.java:653) ~[tomcat-embed-core-10.1.5.jar:10.1.5]
?[0m?[0;34m	at org.apache.tomcat.util.threads.ThreadPoolExecutor.addWorker(ThreadPoolExecutor.java:957) ~[tomcat-embed-core-10.1.5.jar:10.1.5]
?[0m?[0;34m	at org.apache.tomcat.util.threads.ThreadPoolExecutor.prestartAllCoreThreads(ThreadPoolExecutor.java:1694) ~[tomcat-embed-core-10.1.5.jar:10.1.5]
?[0m?[0;34m	at org.apache.tomcat.util.threads.ThreadPoolExecutor.<init>(ThreadPoolExecutor.java:1370) ~[tomcat-embed-core-10.1.5.jar:10.1.5]
?[0m?[0;34m	at org.apache.tomcat.util.threads.ThreadPoolExecutor.<init>(ThreadPoolExecutor.java:1280) ~[tomcat-embed-core-10.1.5.jar:10.1.5]
?[0m?[0;34m	at org.apache.tomcat.util.net.AbstractEndpoint.createExecutor(AbstractEndpoint.java:948) ~[tomcat-embed-core-10.1.5.jar:10.1.5]
?[0m?[0;34m	at org.apache.tomcat.util.net.NioEndpoint.startInternal(NioEndpoint.java:279) ~[tomcat-embed-core-10.1.5.jar:10.1.5]
?[0m?[0;34m	at org.apache.tomcat.util.net.AbstractEndpoint.start(AbstractEndpoint.java:1261) ~[tomcat-embed-core-10.1.5.jar:10.1.5]
?[0m?[0;34m	at org.apache.coyote.AbstractProtocol.start(AbstractProtocol.java:586) ~[tomcat-embed-core-10.1.5.jar:10.1.5]
?[0m?[0;34m	at org.apache.catalina.connector.Connector.startInternal(Connector.java:1081) ~[tomcat-embed-core-10.1.5.jar:10.1.5]
?[0m?[0;34m	at org.apache.catalina.util.LifecycleBase.start(LifecycleBase.java:183) ~[tomcat-embed-core-10.1.5.jar:10.1.5]
?[0m?[0;34m	at org.apache.catalina.core.StandardService.addConnector(StandardService.java:234) ~[tomcat-embed-core-10.1.5.jar:10.1.5]
?[0m?[0;34m	at org.springframework.boot.web.embedded.tomcat.TomcatWebServer.addPreviouslyRemovedConnectors(TomcatWebServer.java:282) ~[spring-boot-3.0.2.jar:3.0.2]
?[0m?[0;34m	at org.springframework.boot.web.embedded.tomcat.TomcatWebServer.start(TomcatWebServer.java:213) ~[spring-boot-3.0.2.jar:3.0.2]
?[0m?[0;34m	at org.springframework.boot.web.servlet.context.WebServerStartStopLifecycle.start(WebServerStartStopLifecycle.java:44) ~[spring-boot-3.0.2.jar:3.0.2]
?[0m?[0;34m	at org.springframework.context.support.DefaultLifecycleProcessor.doStart(DefaultLifecycleProcessor.java:178) ~[spring-context-6.0.4.jar:6.0.4]
?[0m?[0;34m	at org.springframework.context.support.DefaultLifecycleProcessor$LifecycleGroup.start(DefaultLifecycleProcessor.java:356) ~[spring-context-6.0.4.jar:6.0.4]
?[0m?[0;34m	at java.base/java.lang.Iterable.forEach(Iterable.java:75) ~[na:na]
?[0m?[0;34m	at org.springframework.context.support.DefaultLifecycleProcessor.startBeans(DefaultLifecycleProcessor.java:155) ~[spring-context-6.0.4.jar:6.0.4]
?[0m?[0;34m	at org.springframework.context.support.DefaultLifecycleProcessor.onRefresh(DefaultLifecycleProcessor.java:123) ~[spring-context-6.0.4.jar:6.0.4]
?[0m?[0;34m	at org.springframework.context.support.AbstractApplicationContext.finishRefresh(AbstractApplicationContext.java:932) ~[spring-context-6.0.4.jar:6.0.4]
?[0m?[0;34m	at org.springframework.context.support.AbstractApplicationContext.refresh(AbstractApplicationContext.java:587) ~[spring-context-6.0.4.jar:6.0.4]
?[0m?[0;34m	at org.springframework.boot.web.servlet.context.ServletWebServerApplicationContext.refresh(ServletWebServerApplicationContext.java:146) ~[spring-boot-3.0.2.jar:3.0.2]
?[0m?[0;34m	at org.springframework.boot.SpringApplication.refresh(SpringApplication.java:730) ~[spring-boot-3.0.2.jar:3.0.2]
?[0m?[0;34m	at org.springframework.boot.SpringApplication.refreshContext(SpringApplication.java:432) ~[spring-boot-3.0.2.jar:3.0.2]
?[0m?[0;34m	at org.springframework.boot.SpringApplication.run(SpringApplication.java:308) ~[spring-boot-3.0.2.jar:3.0.2]
?[0m?[0;34m	at org.springframework.boot.SpringApplication.run(SpringApplication.java:1302) ~[spring-boot-3.0.2.jar:3.0.2]
?[0m?[0;34m	at org.springframework.boot.SpringApplication.run(SpringApplication.java:1291) ~[spring-boot-3.0.2.jar:3.0.2]
?[0m?[0;34m	at account.AccountServiceApplication.main(AccountServiceApplication.java:12) ~[main/:na]
?[0m?[0;34m	at java.base/jdk.internal.reflect.NativeMethodAccessorImpl.invoke0(Native Method) ~[na:na]
?[0m?[0;34m	at java.base/jdk.internal.reflect.NativeMethodAccessorImpl.invoke(NativeMethodAccessorImpl.java:77) ~[na:na]
?[0m?[0;34m	at java.base/jdk.internal.reflect.DelegatingMethodAccessorImpl.invoke(DelegatingMethodAccessorImpl.java:43) ~[na:na]
?[0m?[0;34m	at java.base/java.lang.reflect.Method.invoke(Method.java:568) ~[na:na]
?[0m?[0;34m	at org.hyperskill.hstest.stage.SpringTest.startSpring(SpringTest.java:187) ~[hs-test-release-SNAPSHOT.jar:na]
?[0m?[0;34m	at org.hyperskill.hstest.stage.SpringTest.reloadSpring(SpringTest.java:239) ~[hs-test-release-SNAPSHOT.jar:na]
?[0m?[0;34m	at AccountServiceTest.restartApplication(AccountServiceTest.java:262) ~[test/:na]
?[0m?[0;34m	at AccountServiceTest.lambda$new$45(AccountServiceTest.java:452) ~[test/:na]
?[0m?[0;34m	at org.hyperskill.hstest.dynamic.input.DynamicTesting.lambda$searchDynamicTests$3(DynamicTesting.java:289) ~[hs-test-release-SNAPSHOT.jar:na]
?[0m?[0;34m	at org.hyperskill.hstest.dynamic.input.DynamicTesting$1DynamicTestElement.lambda$getTests$0(DynamicTesting.java:252) ~[hs-test-release-SNAPSHOT.jar:na]
?[0m?[0;34m	at org.hyperskill.hstest.testing.runner.SpringApplicationRunner.test(SpringApplicationRunner.java:43) ~[hs-test-release-SNAPSHOT.jar:na]
?[0m?[0;34m	at org.hyperskill.hstest.testing.TestRun.test(TestRun.java:94) ~[hs-test-release-SNAPSHOT.jar:na]
?[0m?[0;34m	at org.hyperskill.hstest.stage.StageTest.start(StageTest.java:164) ~[hs-test-release-SNAPSHOT.jar:na]
?[0m?[0;34m	at java.base/jdk.internal.reflect.NativeMethodAccessorImpl.invoke0(Native Method) ~[na:na]
?[0m?[0;34m	at java.base/jdk.internal.reflect.NativeMethodAccessorImpl.invoke(NativeMethodAccessorImpl.java:77) ~[na:na]
?[0m?[0;34m	at java.base/jdk.internal.reflect.DelegatingMethodAccessorImpl.invoke(DelegatingMethodAccessorImpl.java:43) ~[na:na]
?[0m?[0;34m	at java.base/java.lang.reflect.Method.invoke(Method.java:568) ~[na:na]
?[0m?[0;34m	at org.junit.runners.model.FrameworkMethod$1.runReflectiveCall(FrameworkMethod.java:59) ~[junit-4.13.2.jar:4.13.2]
?[0m?[0;34m	at org.junit.internal.runners.model.ReflectiveCallable.run(ReflectiveCallable.java:12) ~[junit-4.13.2.jar:4.13.2]
?[0m?[0;34m	at org.junit.runners.model.FrameworkMethod.invokeExplosively(FrameworkMethod.java:56) ~[junit-4.13.2.jar:4.13.2]
?[0m?[0;34m	at org.junit.internal.runners.statements.InvokeMethod.evaluate(InvokeMethod.java:17) ~[junit-4.13.2.jar:4.13.2]
?[0m?[0;34m	at org.junit.internal.runners.statements.RunAfters.evaluate(RunAfters.java:27) ~[junit-4.13.2.jar:4.13.2]
?[0m?[0;34m	at org.junit.runners.ParentRunner$3.evaluate(ParentRunner.java:306) ~[junit-4.13.2.jar:4.13.2]
?[0m?[0;34m	at org.junit.runners.BlockJUnit4ClassRunner$1.evaluate(BlockJUnit4ClassRunner.java:100) ~[junit-4.13.2.jar:4.13.2]
?[0m?[0;34m	at org.junit.runners.ParentRunner.runLeaf(ParentRunner.java:366) ~[junit-4.13.2.jar:4.13.2]
?[0m?[0;34m	at org.junit.runners.BlockJUnit4ClassRunner.runChild(BlockJUnit4ClassRunner.java:103) ~[junit-4.13.2.jar:4.13.2]
?[0m?[0;34m	at org.junit.runners.BlockJUnit4ClassRunner.runChild(BlockJUnit4ClassRunner.java:63) ~[junit-4.13.2.jar:4.13.2]
?[0m?[0;34m	at org.junit.runners.ParentRunner$4.run(ParentRunner.java:331) ~[junit-4.13.2.jar:4.13.2]
?[0m?[0;34m	at org.junit.runners.ParentRunner$1.schedule(ParentRunner.java:79) ~[junit-4.13.2.jar:4.13.2]
?[0m?[0;34m	at org.junit.runners.ParentRunner.runChildren(ParentRunner.java:329) ~[junit-4.13.2.jar:4.13.2]
?[0m?[0;34m	at org.junit.runners.ParentRunner.access$100(ParentRunner.java:66) ~[junit-4.13.2.jar:4.13.2]
?[0m?[0;34m	at org.junit.runners.ParentRunner$2.evaluate(ParentRunner.java:293) ~[junit-4.13.2.jar:4.13.2]
?[0m?[0;34m	at org.junit.runners.ParentRunner$3.evaluate(ParentRunner.java:306) ~[junit-4.13.2.jar:4.13.2]
?[0m?[0;34m	at org.junit.runners.ParentRunner.run(ParentRunner.java:413) ~[junit-4.13.2.jar:4.13.2]
?[0m?[0;34m	at org.gradle.api.internal.tasks.testing.junit.JUnitTestClassExecutor.runTestClass(JUnitTestClassExecutor.java:108) ~[na:na]
?[0m?[0;34m	at org.gradle.api.internal.tasks.testing.junit.JUnitTestClassExecutor.execute(JUnitTestClassExecutor.java:57) ~[na:na]
?[0m?[0;34m	at org.gradle.api.internal.tasks.testing.junit.JUnitTestClassExecutor.execute(JUnitTestClassExecutor.java:39) ~[na:na]
?[0m?[0;34m	at org.gradle.api.internal.tasks.testing.junit.AbstractJUnitTestClassProcessor.processTestClass(AbstractJUnitTestClassProcessor.java:62) ~[na:na]
?[0m?[0;34m	at org.gradle.api.internal.tasks.testing.SuiteTestClassProcessor.processTestClass(SuiteTestClassProcessor.java:52) ~[na:na]
?[0m?[0;34m	at java.base/jdk.internal.reflect.NativeMethodAccessorImpl.invoke0(Native Method) ~[na:na]
?[0m?[0;34m	at java.base/jdk.internal.reflect.NativeMethodAccessorImpl.invoke(NativeMethodAccessorImpl.java:77) ~[na:na]
?[0m?[0;34m	at java.base/jdk.internal.reflect.DelegatingMethodAccessorImpl.invoke(DelegatingMethodAccessorImpl.java:43) ~[na:na]
?[0m?[0;34m	at java.base/java.lang.reflect.Method.invoke(Method.java:568) ~[na:na]
?[0m?[0;34m	at org.gradle.internal.dispatch.ReflectionDispatch.dispatch(ReflectionDispatch.java:36) ~[na:na]
?[0m?[0;34m	at org.gradle.internal.dispatch.ReflectionDispatch.dispatch(ReflectionDispatch.java:24) ~[na:na]
?[0m?[0;34m	at org.gradle.internal.dispatch.ContextClassLoaderDispatch.dispatch(ContextClassLoaderDispatch.java:33) ~[na:na]
?[0m?[0;34m	at org.gradle.internal.dispatch.ProxyDispatchAdapter$DispatchingInvocationHandler.invoke(ProxyDispatchAdapter.java:94) ~[na:na]
?[0m?[0;34m	at jdk.proxy1/jdk.proxy1.$Proxy2.processTestClass(Unknown Source) ~[na:na]
?[0m?[0;34m	at org.gradle.api.internal.tasks.testing.worker.TestWorker$2.run(TestWorker.java:176) ~[na:na]
?[0m?[0;34m	at org.gradle.api.internal.tasks.testing.worker.TestWorker.executeAndMaintainThreadName(TestWorker.java:129) ~[na:na]
?[0m?[0;34m	at org.gradle.api.internal.tasks.testing.worker.TestWorker.execute(TestWorker.java:100) ~[na:na]
?[0m?[0;34m	at org.gradle.api.internal.tasks.testing.worker.TestWorker.execute(TestWorker.java:60) ~[na:na]
?[0m?[0;34m	at org.gradle.process.internal.worker.child.ActionExecutionWorker.execute(ActionExecutionWorker.java:56) ~[na:na]
?[0m?[0;34m	at org.gradle.process.internal.worker.child.SystemApplicationClassLoaderWorker.call(SystemApplicationClassLoaderWorker.java:113) ~[na:na]
?[0m?[0;34m	at org.gradle.process.internal.worker.child.SystemApplicationClassLoaderWorker.call(SystemApplicationClassLoaderWorker.java:65) ~[na:na]
?[0m?[0;34m	at worker.org.gradle.process.internal.worker.GradleWorkerMain.run(GradleWorkerMain.java:69) ~[gradle-worker.jar:na]
?[0m?[0;34m	at worker.org.gradle.process.internal.worker.GradleWorkerMain.main(GradleWorkerMain.java:74) ~[gradle-worker.jar:na]
?[0m?[0;34m
?[0m?[0;34m?[2m2023-08-22T13:43:58.607+02:00?[0;39m ?[33m WARN?[0;39m ?[35m18216?[0;39m ?[2m---?[0;39m ?[2m[    Test worker]?[0;39m ?[36m.t.u.s.PrivilegedSetAccessControlContext?[0;39m ?[2m:?[0;39m Unable to set field Thread.inheritedAccessControlContext
?[0m?[0;34m
?[0m?[0;34mjava.lang.IllegalAccessException: class org.apache.tomcat.util.security.PrivilegedSetAccessControlContext cannot access a member of class java.lang.Thread (in module java.base) with modifiers "private"
?[0m?[0;34m	at java.base/jdk.internal.reflect.Reflection.newIllegalAccessException(Reflection.java:392) ~[na:na]
?[0m?[0;34m	at java.base/java.lang.reflect.AccessibleObject.checkAccess(AccessibleObject.java:674) ~[na:na]
?[0m?[0;34m	at java.base/java.lang.reflect.Field.checkAccess(Field.java:1102) ~[na:na]
?[0m?[0;34m	at java.base/java.lang.reflect.Field.set(Field.java:797) ~[na:na]
?[0m?[0;34m	at org.apache.tomcat.util.security.PrivilegedSetAccessControlContext.run(PrivilegedSetAccessControlContext.java:60) ~[tomcat-embed-core-10.1.5.jar:10.1.5]
?[0m?[0;34m	at org.apache.tomcat.util.security.PrivilegedSetAccessControlContext.run(PrivilegedSetAccessControlContext.java:28) ~[tomcat-embed-core-10.1.5.jar:10.1.5]
?[0m?[0;34m	at java.base/java.security.AccessController.doPrivileged(AccessController.java:318) ~[na:na]
?[0m?[0;34m	at org.apache.tomcat.util.threads.TaskThreadFactory.newThread(TaskThreadFactory.java:64) ~[tomcat-embed-core-10.1.5.jar:10.1.5]
?[0m?[0;34m	at org.apache.tomcat.util.threads.ThreadPoolExecutor$Worker.<init>(ThreadPoolExecutor.java:653) ~[tomcat-embed-core-10.1.5.jar:10.1.5]
?[0m?[0;34m	at org.apache.tomcat.util.threads.ThreadPoolExecutor.addWorker(ThreadPoolExecutor.java:957) ~[tomcat-embed-core-10.1.5.jar:10.1.5]
?[0m?[0;34m	at org.apache.tomcat.util.threads.ThreadPoolExecutor.prestartAllCoreThreads(ThreadPoolExecutor.java:1694) ~[tomcat-embed-core-10.1.5.jar:10.1.5]
?[0m?[0;34m	at org.apache.tomcat.util.threads.ThreadPoolExecutor.<init>(ThreadPoolExecutor.java:1370) ~[tomcat-embed-core-10.1.5.jar:10.1.5]
?[0m?[0;34m	at org.apache.tomcat.util.threads.ThreadPoolExecutor.<init>(ThreadPoolExecutor.java:1280) ~[tomcat-embed-core-10.1.5.jar:10.1.5]
?[0m?[0;34m	at org.apache.tomcat.util.net.AbstractEndpoint.createExecutor(AbstractEndpoint.java:948) ~[tomcat-embed-core-10.1.5.jar:10.1.5]
?[0m?[0;34m	at org.apache.tomcat.util.net.NioEndpoint.startInternal(NioEndpoint.java:279) ~[tomcat-embed-core-10.1.5.jar:10.1.5]
?[0m?[0;34m	at org.apache.tomcat.util.net.AbstractEndpoint.start(AbstractEndpoint.java:1261) ~[tomcat-embed-core-10.1.5.jar:10.1.5]
?[0m?[0;34m	at org.apache.coyote.AbstractProtocol.start(AbstractProtocol.java:586) ~[tomcat-embed-core-10.1.5.jar:10.1.5]
?[0m?[0;34m	at org.apache.catalina.connector.Connector.startInternal(Connector.java:1081) ~[tomcat-embed-core-10.1.5.jar:10.1.5]
?[0m?[0;34m	at org.apache.catalina.util.LifecycleBase.start(LifecycleBase.java:183) ~[tomcat-embed-core-10.1.5.jar:10.1.5]
?[0m?[0;34m	at org.apache.catalina.core.StandardService.addConnector(StandardService.java:234) ~[tomcat-embed-core-10.1.5.jar:10.1.5]
?[0m?[0;34m	at org.springframework.boot.web.embedded.tomcat.TomcatWebServer.addPreviouslyRemovedConnectors(TomcatWebServer.java:282) ~[spring-boot-3.0.2.jar:3.0.2]
?[0m?[0;34m	at org.springframework.boot.web.embedded.tomcat.TomcatWebServer.start(TomcatWebServer.java:213) ~[spring-boot-3.0.2.jar:3.0.2]
?[0m?[0;34m	at org.springframework.boot.web.servlet.context.WebServerStartStopLifecycle.start(WebServerStartStopLifecycle.java:44) ~[spring-boot-3.0.2.jar:3.0.2]
?[0m?[0;34m	at org.springframework.context.support.DefaultLifecycleProcessor.doStart(DefaultLifecycleProcessor.java:178) ~[spring-context-6.0.4.jar:6.0.4]
?[0m?[0;34m	at org.springframework.context.support.DefaultLifecycleProcessor$LifecycleGroup.start(DefaultLifecycleProcessor.java:356) ~[spring-context-6.0.4.jar:6.0.4]
?[0m?[0;34m	at java.base/java.lang.Iterable.forEach(Iterable.java:75) ~[na:na]
?[0m?[0;34m	at org.springframework.context.support.DefaultLifecycleProcessor.startBeans(DefaultLifecycleProcessor.java:155) ~[spring-context-6.0.4.jar:6.0.4]
?[0m?[0;34m	at org.springframework.context.support.DefaultLifecycleProcessor.onRefresh(DefaultLifecycleProcessor.java:123) ~[spring-context-6.0.4.jar:6.0.4]
?[0m?[0;34m	at org.springframework.context.support.AbstractApplicationContext.finishRefresh(AbstractApplicationContext.java:932) ~[spring-context-6.0.4.jar:6.0.4]
?[0m?[0;34m	at org.springframework.context.support.AbstractApplicationContext.refresh(AbstractApplicationContext.java:587) ~[spring-context-6.0.4.jar:6.0.4]
?[0m?[0;34m	at org.springframework.boot.web.servlet.context.ServletWebServerApplicationContext.refresh(ServletWebServerApplicationContext.java:146) ~[spring-boot-3.0.2.jar:3.0.2]
?[0m?[0;34m	at org.springframework.boot.SpringApplication.refresh(SpringApplication.java:730) ~[spring-boot-3.0.2.jar:3.0.2]
?[0m?[0;34m	at org.springframework.boot.SpringApplication.refreshContext(SpringApplication.java:432) ~[spring-boot-3.0.2.jar:3.0.2]
?[0m?[0;34m	at org.springframework.boot.SpringApplication.run(SpringApplication.java:308) ~[spring-boot-3.0.2.jar:3.0.2]
?[0m?[0;34m	at org.springframework.boot.SpringApplication.run(SpringApplication.java:1302) ~[spring-boot-3.0.2.jar:3.0.2]
?[0m?[0;34m	at org.springframework.boot.SpringApplication.run(SpringApplication.java:1291) ~[spring-boot-3.0.2.jar:3.0.2]
?[0m?[0;34m	at account.AccountServiceApplication.main(AccountServiceApplication.java:12) ~[main/:na]
?[0m?[0;34m	at java.base/jdk.internal.reflect.NativeMethodAccessorImpl.invoke0(Native Method) ~[na:na]
?[0m?[0;34m	at java.base/jdk.internal.reflect.NativeMethodAccessorImpl.invoke(NativeMethodAccessorImpl.java:77) ~[na:na]
?[0m?[0;34m	at java.base/jdk.internal.reflect.DelegatingMethodAccessorImpl.invoke(DelegatingMethodAccessorImpl.java:43) ~[na:na]
?[0m?[0;34m	at java.base/java.lang.reflect.Method.invoke(Method.java:568) ~[na:na]
?[0m?[0;34m	at org.hyperskill.hstest.stage.SpringTest.startSpring(SpringTest.java:187) ~[hs-test-release-SNAPSHOT.jar:na]
?[0m?[0;34m	at org.hyperskill.hstest.stage.SpringTest.reloadSpring(SpringTest.java:239) ~[hs-test-release-SNAPSHOT.jar:na]
?[0m?[0;34m	at AccountServiceTest.restartApplication(AccountServiceTest.java:262) ~[test/:na]
?[0m?[0;34m	at AccountServiceTest.lambda$new$45(AccountServiceTest.java:452) ~[test/:na]
?[0m?[0;34m	at org.hyperskill.hstest.dynamic.input.DynamicTesting.lambda$searchDynamicTests$3(DynamicTesting.java:289) ~[hs-test-release-SNAPSHOT.jar:na]
?[0m?[0;34m	at org.hyperskill.hstest.dynamic.input.DynamicTesting$1DynamicTestElement.lambda$getTests$0(DynamicTesting.java:252) ~[hs-test-release-SNAPSHOT.jar:na]
?[0m?[0;34m	at org.hyperskill.hstest.testing.runner.SpringApplicationRunner.test(SpringApplicationRunner.java:43) ~[hs-test-release-SNAPSHOT.jar:na]
?[0m?[0;34m	at org.hyperskill.hstest.testing.TestRun.test(TestRun.java:94) ~[hs-test-release-SNAPSHOT.jar:na]
?[0m?[0;34m	at org.hyperskill.hstest.stage.StageTest.start(StageTest.java:164) ~[hs-test-release-SNAPSHOT.jar:na]
?[0m?[0;34m	at java.base/jdk.internal.reflect.NativeMethodAccessorImpl.invoke0(Native Method) ~[na:na]
?[0m?[0;34m	at java.base/jdk.internal.reflect.NativeMethodAccessorImpl.invoke(NativeMethodAccessorImpl.java:77) ~[na:na]
?[0m?[0;34m	at java.base/jdk.internal.reflect.DelegatingMethodAccessorImpl.invoke(DelegatingMethodAccessorImpl.java:43) ~[na:na]
?[0m?[0;34m	at java.base/java.lang.reflect.Method.invoke(Method.java:568) ~[na:na]
?[0m?[0;34m	at org.junit.runners.model.FrameworkMethod$1.runReflectiveCall(FrameworkMethod.java:59) ~[junit-4.13.2.jar:4.13.2]
?[0m?[0;34m	at org.junit.internal.runners.model.ReflectiveCallable.run(ReflectiveCallable.java:12) ~[junit-4.13.2.jar:4.13.2]
?[0m?[0;34m	at org.junit.runners.model.FrameworkMethod.invokeExplosively(FrameworkMethod.java:56) ~[junit-4.13.2.jar:4.13.2]
?[0m?[0;34m	at org.junit.internal.runners.statements.InvokeMethod.evaluate(InvokeMethod.java:17) ~[junit-4.13.2.jar:4.13.2]
?[0m?[0;34m	at org.junit.internal.runners.statements.RunAfters.evaluate(RunAfters.java:27) ~[junit-4.13.2.jar:4.13.2]
?[0m?[0;34m	at org.junit.runners.ParentRunner$3.evaluate(ParentRunner.java:306) ~[junit-4.13.2.jar:4.13.2]
?[0m?[0;34m	at org.junit.runners.BlockJUnit4ClassRunner$1.evaluate(BlockJUnit4ClassRunner.java:100) ~[junit-4.13.2.jar:4.13.2]
?[0m?[0;34m	at org.junit.runners.ParentRunner.runLeaf(ParentRunner.java:366) ~[junit-4.13.2.jar:4.13.2]
?[0m?[0;34m	at org.junit.runners.BlockJUnit4ClassRunner.runChild(BlockJUnit4ClassRunner.java:103) ~[junit-4.13.2.jar:4.13.2]
?[0m?[0;34m	at org.junit.runners.BlockJUnit4ClassRunner.runChild(BlockJUnit4ClassRunner.java:63) ~[junit-4.13.2.jar:4.13.2]
?[0m?[0;34m	at org.junit.runners.ParentRunner$4.run(ParentRunner.java:331) ~[junit-4.13.2.jar:4.13.2]
?[0m?[0;34m	at org.junit.runners.ParentRunner$1.schedule(ParentRunner.java:79) ~[junit-4.13.2.jar:4.13.2]
?[0m?[0;34m	at org.junit.runners.ParentRunner.runChildren(ParentRunner.java:329) ~[junit-4.13.2.jar:4.13.2]
?[0m?[0;34m	at org.junit.runners.ParentRunner.access$100(ParentRunner.java:66) ~[junit-4.13.2.jar:4.13.2]
?[0m?[0;34m	at org.junit.runners.ParentRunner$2.evaluate(ParentRunner.java:293) ~[junit-4.13.2.jar:4.13.2]
?[0m?[0;34m	at org.junit.runners.ParentRunner$3.evaluate(ParentRunner.java:306) ~[junit-4.13.2.jar:4.13.2]
?[0m?[0;34m	at org.junit.runners.ParentRunner.run(ParentRunner.java:413) ~[junit-4.13.2.jar:4.13.2]
?[0m?[0;34m	at org.gradle.api.internal.tasks.testing.junit.JUnitTestClassExecutor.runTestClass(JUnitTestClassExecutor.java:108) ~[na:na]
?[0m?[0;34m	at org.gradle.api.internal.tasks.testing.junit.JUnitTestClassExecutor.execute(JUnitTestClassExecutor.java:57) ~[na:na]
?[0m?[0;34m	at org.gradle.api.internal.tasks.testing.junit.JUnitTestClassExecutor.execute(JUnitTestClassExecutor.java:39) ~[na:na]
?[0m?[0;34m	at org.gradle.api.internal.tasks.testing.junit.AbstractJUnitTestClassProcessor.processTestClass(AbstractJUnitTestClassProcessor.java:62) ~[na:na]
?[0m?[0;34m	at org.gradle.api.internal.tasks.testing.SuiteTestClassProcessor.processTestClass(SuiteTestClassProcessor.java:52) ~[na:na]
?[0m?[0;34m	at java.base/jdk.internal.reflect.NativeMethodAccessorImpl.invoke0(Native Method) ~[na:na]
?[0m?[0;34m	at java.base/jdk.internal.reflect.NativeMethodAccessorImpl.invoke(NativeMethodAccessorImpl.java:77) ~[na:na]
?[0m?[0;34m	at java.base/jdk.internal.reflect.DelegatingMethodAccessorImpl.invoke(DelegatingMethodAccessorImpl.java:43) ~[na:na]
?[0m?[0;34m	at java.base/java.lang.reflect.Method.invoke(Method.java:568) ~[na:na]
?[0m?[0;34m	at org.gradle.internal.dispatch.ReflectionDispatch.dispatch(ReflectionDispatch.java:36) ~[na:na]
?[0m?[0;34m	at org.gradle.internal.dispatch.ReflectionDispatch.dispatch(ReflectionDispatch.java:24) ~[na:na]
?[0m?[0;34m	at org.gradle.internal.dispatch.ContextClassLoaderDispatch.dispatch(ContextClassLoaderDispatch.java:33) ~[na:na]
?[0m?[0;34m	at org.gradle.internal.dispatch.ProxyDispatchAdapter$DispatchingInvocationHandler.invoke(ProxyDispatchAdapter.java:94) ~[na:na]
?[0m?[0;34m	at jdk.proxy1/jdk.proxy1.$Proxy2.processTestClass(Unknown Source) ~[na:na]
?[0m?[0;34m	at org.gradle.api.internal.tasks.testing.worker.TestWorker$2.run(TestWorker.java:176) ~[na:na]
?[0m?[0;34m	at org.gradle.api.internal.tasks.testing.worker.TestWorker.executeAndMaintainThreadName(TestWorker.java:129) ~[na:na]
?[0m?[0;34m	at org.gradle.api.internal.tasks.testing.worker.TestWorker.execute(TestWorker.java:100) ~[na:na]
?[0m?[0;34m	at org.gradle.api.internal.tasks.testing.worker.TestWorker.execute(TestWorker.java:60) ~[na:na]
?[0m?[0;34m	at org.gradle.process.internal.worker.child.ActionExecutionWorker.execute(ActionExecutionWorker.java:56) ~[na:na]
?[0m?[0;34m	at org.gradle.process.internal.worker.child.SystemApplicationClassLoaderWorker.call(SystemApplicationClassLoaderWorker.java:113) ~[na:na]
?[0m?[0;34m	at org.gradle.process.internal.worker.child.SystemApplicationClassLoaderWorker.call(SystemApplicationClassLoaderWorker.java:65) ~[na:na]
?[0m?[0;34m	at worker.org.gradle.process.internal.worker.GradleWorkerMain.run(GradleWorkerMain.java:69) ~[gradle-worker.jar:na]
?[0m?[0;34m	at worker.org.gradle.process.internal.worker.GradleWorkerMain.main(GradleWorkerMain.java:74) ~[gradle-worker.jar:na]
?[0m?[0;34m
?[0m?[0;34m?[2m2023-08-22T13:43:58.612+02:00?[0;39m ?[33m WARN?[0;39m ?[35m18216?[0;39m ?[2m---?[0;39m ?[2m[    Test worker]?[0;39m ?[36m.t.u.s.PrivilegedSetAccessControlContext?[0;39m ?[2m:?[0;39m Unable to set field Thread.inheritedAccessControlContext
?[0m?[0;34m
?[0m?[0;34mjava.lang.IllegalAccessException: class org.apache.tomcat.util.security.PrivilegedSetAccessControlContext cannot access a member of class java.lang.Thread (in module java.base) with modifiers "private"
?[0m?[0;34m	at java.base/jdk.internal.reflect.Reflection.newIllegalAccessException(Reflection.java:392) ~[na:na]
?[0m?[0;34m	at java.base/java.lang.reflect.AccessibleObject.checkAccess(AccessibleObject.java:674) ~[na:na]
?[0m?[0;34m	at java.base/java.lang.reflect.Field.checkAccess(Field.java:1102) ~[na:na]
?[0m?[0;34m	at java.base/java.lang.reflect.Field.set(Field.java:797) ~[na:na]
?[0m?[0;34m	at org.apache.tomcat.util.security.PrivilegedSetAccessControlContext.run(PrivilegedSetAccessControlContext.java:60) ~[tomcat-embed-core-10.1.5.jar:10.1.5]
?[0m?[0;34m	at org.apache.tomcat.util.security.PrivilegedSetAccessControlContext.run(PrivilegedSetAccessControlContext.java:28) ~[tomcat-embed-core-10.1.5.jar:10.1.5]
?[0m?[0;34m	at java.base/java.security.AccessController.doPrivileged(AccessController.java:318) ~[na:na]
?[0m?[0;34m	at org.apache.tomcat.util.threads.TaskThreadFactory.newThread(TaskThreadFactory.java:64) ~[tomcat-embed-core-10.1.5.jar:10.1.5]
?[0m?[0;34m	at org.apache.tomcat.util.threads.ThreadPoolExecutor$Worker.<init>(ThreadPoolExecutor.java:653) ~[tomcat-embed-core-10.1.5.jar:10.1.5]
?[0m?[0;34m	at org.apache.tomcat.util.threads.ThreadPoolExecutor.addWorker(ThreadPoolExecutor.java:957) ~[tomcat-embed-core-10.1.5.jar:10.1.5]
?[0m?[0;34m	at org.apache.tomcat.util.threads.ThreadPoolExecutor.prestartAllCoreThreads(ThreadPoolExecutor.java:1694) ~[tomcat-embed-core-10.1.5.jar:10.1.5]
?[0m?[0;34m	at org.apache.tomcat.util.threads.ThreadPoolExecutor.<init>(ThreadPoolExecutor.java:1370) ~[tomcat-embed-core-10.1.5.jar:10.1.5]
?[0m?[0;34m	at org.apache.tomcat.util.threads.ThreadPoolExecutor.<init>(ThreadPoolExecutor.java:1280) ~[tomcat-embed-core-10.1.5.jar:10.1.5]
?[0m?[0;34m	at org.apache.tomcat.util.net.AbstractEndpoint.createExecutor(AbstractEndpoint.java:948) ~[tomcat-embed-core-10.1.5.jar:10.1.5]
?[0m?[0;34m	at org.apache.tomcat.util.net.NioEndpoint.startInternal(NioEndpoint.java:279) ~[tomcat-embed-core-10.1.5.jar:10.1.5]
?[0m?[0;34m	at org.apache.tomcat.util.net.AbstractEndpoint.start(AbstractEndpoint.java:1261) ~[tomcat-embed-core-10.1.5.jar:10.1.5]
?[0m?[0;34m	at org.apache.coyote.AbstractProtocol.start(AbstractProtocol.java:586) ~[tomcat-embed-core-10.1.5.jar:10.1.5]
?[0m?[0;34m	at org.apache.catalina.connector.Connector.startInternal(Connector.java:1081) ~[tomcat-embed-core-10.1.5.jar:10.1.5]
?[0m?[0;34m	at org.apache.catalina.util.LifecycleBase.start(LifecycleBase.java:183) ~[tomcat-embed-core-10.1.5.jar:10.1.5]
?[0m?[0;34m	at org.apache.catalina.core.StandardService.addConnector(StandardService.java:234) ~[tomcat-embed-core-10.1.5.jar:10.1.5]
?[0m?[0;34m	at org.springframework.boot.web.embedded.tomcat.TomcatWebServer.addPreviouslyRemovedConnectors(TomcatWebServer.java:282) ~[spring-boot-3.0.2.jar:3.0.2]
?[0m?[0;34m	at org.springframework.boot.web.embedded.tomcat.TomcatWebServer.start(TomcatWebServer.java:213) ~[spring-boot-3.0.2.jar:3.0.2]
?[0m?[0;34m	at org.springframework.boot.web.servlet.context.WebServerStartStopLifecycle.start(WebServerStartStopLifecycle.java:44) ~[spring-boot-3.0.2.jar:3.0.2]
?[0m?[0;34m	at org.springframework.context.support.DefaultLifecycleProcessor.doStart(DefaultLifecycleProcessor.java:178) ~[spring-context-6.0.4.jar:6.0.4]
?[0m?[0;34m	at org.springframework.context.support.DefaultLifecycleProcessor$LifecycleGroup.start(DefaultLifecycleProcessor.java:356) ~[spring-context-6.0.4.jar:6.0.4]
?[0m?[0;34m	at java.base/java.lang.Iterable.forEach(Iterable.java:75) ~[na:na]
?[0m?[0;34m	at org.springframework.context.support.DefaultLifecycleProcessor.startBeans(DefaultLifecycleProcessor.java:155) ~[spring-context-6.0.4.jar:6.0.4]
?[0m?[0;34m	at org.springframework.context.support.DefaultLifecycleProcessor.onRefresh(DefaultLifecycleProcessor.java:123) ~[spring-context-6.0.4.jar:6.0.4]
?[0m?[0;34m	at org.springframework.context.support.AbstractApplicationContext.finishRefresh(AbstractApplicationContext.java:932) ~[spring-context-6.0.4.jar:6.0.4]
?[0m?[0;34m	at org.springframework.context.support.AbstractApplicationContext.refresh(AbstractApplicationContext.java:587) ~[spring-context-6.0.4.jar:6.0.4]
?[0m?[0;34m	at org.springframework.boot.web.servlet.context.ServletWebServerApplicationContext.refresh(ServletWebServerApplicationContext.java:146) ~[spring-boot-3.0.2.jar:3.0.2]
?[0m?[0;34m	at org.springframework.boot.SpringApplication.refresh(SpringApplication.java:730) ~[spring-boot-3.0.2.jar:3.0.2]
?[0m?[0;34m	at org.springframework.boot.SpringApplication.refreshContext(SpringApplication.java:432) ~[spring-boot-3.0.2.jar:3.0.2]
?[0m?[0;34m	at org.springframework.boot.SpringApplication.run(SpringApplication.java:308) ~[spring-boot-3.0.2.jar:3.0.2]
?[0m?[0;34m	at org.springframework.boot.SpringApplication.run(SpringApplication.java:1302) ~[spring-boot-3.0.2.jar:3.0.2]
?[0m?[0;34m	at org.springframework.boot.SpringApplication.run(SpringApplication.java:1291) ~[spring-boot-3.0.2.jar:3.0.2]
?[0m?[0;34m	at account.AccountServiceApplication.main(AccountServiceApplication.java:12) ~[main/:na]
?[0m?[0;34m	at java.base/jdk.internal.reflect.NativeMethodAccessorImpl.invoke0(Native Method) ~[na:na]
?[0m?[0;34m	at java.base/jdk.internal.reflect.NativeMethodAccessorImpl.invoke(NativeMethodAccessorImpl.java:77) ~[na:na]
?[0m?[0;34m	at java.base/jdk.internal.reflect.DelegatingMethodAccessorImpl.invoke(DelegatingMethodAccessorImpl.java:43) ~[na:na]
?[0m?[0;34m	at java.base/java.lang.reflect.Method.invoke(Method.java:568) ~[na:na]
?[0m?[0;34m	at org.hyperskill.hstest.stage.SpringTest.startSpring(SpringTest.java:187) ~[hs-test-release-SNAPSHOT.jar:na]
?[0m?[0;34m	at org.hyperskill.hstest.stage.SpringTest.reloadSpring(SpringTest.java:239) ~[hs-test-release-SNAPSHOT.jar:na]
?[0m?[0;34m	at AccountServiceTest.restartApplication(AccountServiceTest.java:262) ~[test/:na]
?[0m?[0;34m	at AccountServiceTest.lambda$new$45(AccountServiceTest.java:452) ~[test/:na]
?[0m?[0;34m	at org.hyperskill.hstest.dynamic.input.DynamicTesting.lambda$searchDynamicTests$3(DynamicTesting.java:289) ~[hs-test-release-SNAPSHOT.jar:na]
?[0m?[0;34m	at org.hyperskill.hstest.dynamic.input.DynamicTesting$1DynamicTestElement.lambda$getTests$0(DynamicTesting.java:252) ~[hs-test-release-SNAPSHOT.jar:na]
?[0m?[0;34m	at org.hyperskill.hstest.testing.runner.SpringApplicationRunner.test(SpringApplicationRunner.java:43) ~[hs-test-release-SNAPSHOT.jar:na]
?[0m?[0;34m	at org.hyperskill.hstest.testing.TestRun.test(TestRun.java:94) ~[hs-test-release-SNAPSHOT.jar:na]
?[0m?[0;34m	at org.hyperskill.hstest.stage.StageTest.start(StageTest.java:164) ~[hs-test-release-SNAPSHOT.jar:na]
?[0m?[0;34m	at java.base/jdk.internal.reflect.NativeMethodAccessorImpl.invoke0(Native Method) ~[na:na]
?[0m?[0;34m	at java.base/jdk.internal.reflect.NativeMethodAccessorImpl.invoke(NativeMethodAccessorImpl.java:77) ~[na:na]
?[0m?[0;34m	at java.base/jdk.internal.reflect.DelegatingMethodAccessorImpl.invoke(DelegatingMethodAccessorImpl.java:43) ~[na:na]
?[0m?[0;34m	at java.base/java.lang.reflect.Method.invoke(Method.java:568) ~[na:na]
?[0m?[0;34m	at org.junit.runners.model.FrameworkMethod$1.runReflectiveCall(FrameworkMethod.java:59) ~[junit-4.13.2.jar:4.13.2]
?[0m?[0;34m	at org.junit.internal.runners.model.ReflectiveCallable.run(ReflectiveCallable.java:12) ~[junit-4.13.2.jar:4.13.2]
?[0m?[0;34m	at org.junit.runners.model.FrameworkMethod.invokeExplosively(FrameworkMethod.java:56) ~[junit-4.13.2.jar:4.13.2]
?[0m?[0;34m	at org.junit.internal.runners.statements.InvokeMethod.evaluate(InvokeMethod.java:17) ~[junit-4.13.2.jar:4.13.2]
?[0m?[0;34m	at org.junit.internal.runners.statements.RunAfters.evaluate(RunAfters.java:27) ~[junit-4.13.2.jar:4.13.2]
?[0m?[0;34m	at org.junit.runners.ParentRunner$3.evaluate(ParentRunner.java:306) ~[junit-4.13.2.jar:4.13.2]
?[0m?[0;34m	at org.junit.runners.BlockJUnit4ClassRunner$1.evaluate(BlockJUnit4ClassRunner.java:100) ~[junit-4.13.2.jar:4.13.2]
?[0m?[0;34m	at org.junit.runners.ParentRunner.runLeaf(ParentRunner.java:366) ~[junit-4.13.2.jar:4.13.2]
?[0m?[0;34m	at org.junit.runners.BlockJUnit4ClassRunner.runChild(BlockJUnit4ClassRunner.java:103) ~[junit-4.13.2.jar:4.13.2]
?[0m?[0;34m	at org.junit.runners.BlockJUnit4ClassRunner.runChild(BlockJUnit4ClassRunner.java:63) ~[junit-4.13.2.jar:4.13.2]
?[0m?[0;34m	at org.junit.runners.ParentRunner$4.run(ParentRunner.java:331) ~[junit-4.13.2.jar:4.13.2]
?[0m?[0;34m	at org.junit.runners.ParentRunner$1.schedule(ParentRunner.java:79) ~[junit-4.13.2.jar:4.13.2]
?[0m?[0;34m	at org.junit.runners.ParentRunner.runChildren(ParentRunner.java:329) ~[junit-4.13.2.jar:4.13.2]
?[0m?[0;34m	at org.junit.runners.ParentRunner.access$100(ParentRunner.java:66) ~[junit-4.13.2.jar:4.13.2]
?[0m?[0;34m	at org.junit.runners.ParentRunner$2.evaluate(ParentRunner.java:293) ~[junit-4.13.2.jar:4.13.2]
?[0m?[0;34m	at org.junit.runners.ParentRunner$3.evaluate(ParentRunner.java:306) ~[junit-4.13.2.jar:4.13.2]
?[0m?[0;34m	at org.junit.runners.ParentRunner.run(ParentRunner.java:413) ~[junit-4.13.2.jar:4.13.2]
?[0m?[0;34m	at org.gradle.api.internal.tasks.testing.junit.JUnitTestClassExecutor.runTestClass(JUnitTestClassExecutor.java:108) ~[na:na]
?[0m?[0;34m	at org.gradle.api.internal.tasks.testing.junit.JUnitTestClassExecutor.execute(JUnitTestClassExecutor.java:57) ~[na:na]
?[0m?[0;34m	at org.gradle.api.internal.tasks.testing.junit.JUnitTestClassExecutor.execute(JUnitTestClassExecutor.java:39) ~[na:na]
?[0m?[0;34m	at org.gradle.api.internal.tasks.testing.junit.AbstractJUnitTestClassProcessor.processTestClass(AbstractJUnitTestClassProcessor.java:62) ~[na:na]
?[0m?[0;34m	at org.gradle.api.internal.tasks.testing.SuiteTestClassProcessor.processTestClass(SuiteTestClassProcessor.java:52) ~[na:na]
?[0m?[0;34m	at java.base/jdk.internal.reflect.NativeMethodAccessorImpl.invoke0(Native Method) ~[na:na]
?[0m?[0;34m	at java.base/jdk.internal.reflect.NativeMethodAccessorImpl.invoke(NativeMethodAccessorImpl.java:77) ~[na:na]
?[0m?[0;34m	at java.base/jdk.internal.reflect.DelegatingMethodAccessorImpl.invoke(DelegatingMethodAccessorImpl.java:43) ~[na:na]
?[0m?[0;34m	at java.base/java.lang.reflect.Method.invoke(Method.java:568) ~[na:na]
?[0m?[0;34m	at org.gradle.internal.dispatch.ReflectionDispatch.dispatch(ReflectionDispatch.java:36) ~[na:na]
?[0m?[0;34m	at org.gradle.internal.dispatch.ReflectionDispatch.dispatch(ReflectionDispatch.java:24) ~[na:na]
?[0m?[0;34m	at org.gradle.internal.dispatch.ContextClassLoaderDispatch.dispatch(ContextClassLoaderDispatch.java:33) ~[na:na]
?[0m?[0;34m	at org.gradle.internal.dispatch.ProxyDispatchAdapter$DispatchingInvocationHandler.invoke(ProxyDispatchAdapter.java:94) ~[na:na]
?[0m?[0;34m	at jdk.proxy1/jdk.proxy1.$Proxy2.processTestClass(Unknown Source) ~[na:na]
?[0m?[0;34m	at org.gradle.api.internal.tasks.testing.worker.TestWorker$2.run(TestWorker.java:176) ~[na:na]
?[0m?[0;34m	at org.gradle.api.internal.tasks.testing.worker.TestWorker.executeAndMaintainThreadName(TestWorker.java:129) ~[na:na]
?[0m?[0;34m	at org.gradle.api.internal.tasks.testing.worker.TestWorker.execute(TestWorker.java:100) ~[na:na]
?[0m?[0;34m	at org.gradle.api.internal.tasks.testing.worker.TestWorker.execute(TestWorker.java:60) ~[na:na]
?[0m?[0;34m	at org.gradle.process.internal.worker.child.ActionExecutionWorker.execute(ActionExecutionWorker.java:56) ~[na:na]
?[0m?[0;34m	at org.gradle.process.internal.worker.child.SystemApplicationClassLoaderWorker.call(SystemApplicationClassLoaderWorker.java:113) ~[na:na]
?[0m?[0;34m	at org.gradle.process.internal.worker.child.SystemApplicationClassLoaderWorker.call(SystemApplicationClassLoaderWorker.java:65) ~[na:na]
?[0m?[0;34m	at worker.org.gradle.process.internal.worker.GradleWorkerMain.run(GradleWorkerMain.java:69) ~[gradle-worker.jar:na]
?[0m?[0;34m	at worker.org.gradle.process.internal.worker.GradleWorkerMain.main(GradleWorkerMain.java:74) ~[gradle-worker.jar:na]
?[0m?[0;34m
?[0m?[0;34m?[2m2023-08-22T13:43:58.616+02:00?[0;39m ?[33m WARN?[0;39m ?[35m18216?[0;39m ?[2m---?[0;39m ?[2m[    Test worker]?[0;39m ?[36m.t.u.s.PrivilegedSetAccessControlContext?[0;39m ?[2m:?[0;39m Unable to set field Thread.inheritedAccessControlContext
?[0m?[0;34m
?[0m?[0;34mjava.lang.IllegalAccessException: class org.apache.tomcat.util.security.PrivilegedSetAccessControlContext cannot access a member of class java.lang.Thread (in module java.base) with modifiers "private"
?[0m?[0;34m	at java.base/jdk.internal.reflect.Reflection.newIllegalAccessException(Reflection.java:392) ~[na:na]
?[0m?[0;34m	at java.base/java.lang.reflect.AccessibleObject.checkAccess(AccessibleObject.java:674) ~[na:na]
?[0m?[0;34m	at java.base/java.lang.reflect.Field.checkAccess(Field.java:1102) ~[na:na]
?[0m?[0;34m	at java.base/java.lang.reflect.Field.set(Field.java:797) ~[na:na]
?[0m?[0;34m	at org.apache.tomcat.util.security.PrivilegedSetAccessControlContext.run(PrivilegedSetAccessControlContext.java:60) ~[tomcat-embed-core-10.1.5.jar:10.1.5]
?[0m?[0;34m	at org.apache.tomcat.util.security.PrivilegedSetAccessControlContext.run(PrivilegedSetAccessControlContext.java:28) ~[tomcat-embed-core-10.1.5.jar:10.1.5]
?[0m?[0;34m	at java.base/java.security.AccessController.doPrivileged(AccessController.java:318) ~[na:na]
?[0m?[0;34m	at org.apache.tomcat.util.threads.TaskThreadFactory.newThread(TaskThreadFactory.java:64) ~[tomcat-embed-core-10.1.5.jar:10.1.5]
?[0m?[0;34m	at org.apache.tomcat.util.threads.ThreadPoolExecutor$Worker.<init>(ThreadPoolExecutor.java:653) ~[tomcat-embed-core-10.1.5.jar:10.1.5]
?[0m?[0;34m	at org.apache.tomcat.util.threads.ThreadPoolExecutor.addWorker(ThreadPoolExecutor.java:957) ~[tomcat-embed-core-10.1.5.jar:10.1.5]
?[0m?[0;34m	at org.apache.tomcat.util.threads.ThreadPoolExecutor.prestartAllCoreThreads(ThreadPoolExecutor.java:1694) ~[tomcat-embed-core-10.1.5.jar:10.1.5]
?[0m?[0;34m	at org.apache.tomcat.util.threads.ThreadPoolExecutor.<init>(ThreadPoolExecutor.java:1370) ~[tomcat-embed-core-10.1.5.jar:10.1.5]
?[0m?[0;34m	at org.apache.tomcat.util.threads.ThreadPoolExecutor.<init>(ThreadPoolExecutor.java:1280) ~[tomcat-embed-core-10.1.5.jar:10.1.5]
?[0m?[0;34m	at org.apache.tomcat.util.net.AbstractEndpoint.createExecutor(AbstractEndpoint.java:948) ~[tomcat-embed-core-10.1.5.jar:10.1.5]
?[0m?[0;34m	at org.apache.tomcat.util.net.NioEndpoint.startInternal(NioEndpoint.java:279) ~[tomcat-embed-core-10.1.5.jar:10.1.5]
?[0m?[0;34m	at org.apache.tomcat.util.net.AbstractEndpoint.start(AbstractEndpoint.java:1261) ~[tomcat-embed-core-10.1.5.jar:10.1.5]
?[0m?[0;34m	at org.apache.coyote.AbstractProtocol.start(AbstractProtocol.java:586) ~[tomcat-embed-core-10.1.5.jar:10.1.5]
?[0m?[0;34m	at org.apache.catalina.connector.Connector.startInternal(Connector.java:1081) ~[tomcat-embed-core-10.1.5.jar:10.1.5]
?[0m?[0;34m	at org.apache.catalina.util.LifecycleBase.start(LifecycleBase.java:183) ~[tomcat-embed-core-10.1.5.jar:10.1.5]
?[0m?[0;34m	at org.apache.catalina.core.StandardService.addConnector(StandardService.java:234) ~[tomcat-embed-core-10.1.5.jar:10.1.5]
?[0m?[0;34m	at org.springframework.boot.web.embedded.tomcat.TomcatWebServer.addPreviouslyRemovedConnectors(TomcatWebServer.java:282) ~[spring-boot-3.0.2.jar:3.0.2]
?[0m?[0;34m	at org.springframework.boot.web.embedded.tomcat.TomcatWebServer.start(TomcatWebServer.java:213) ~[spring-boot-3.0.2.jar:3.0.2]
?[0m?[0;34m	at org.springframework.boot.web.servlet.context.WebServerStartStopLifecycle.start(WebServerStartStopLifecycle.java:44) ~[spring-boot-3.0.2.jar:3.0.2]
?[0m?[0;34m	at org.springframework.context.support.DefaultLifecycleProcessor.doStart(DefaultLifecycleProcessor.java:178) ~[spring-context-6.0.4.jar:6.0.4]
?[0m?[0;34m	at org.springframework.context.support.DefaultLifecycleProcessor$LifecycleGroup.start(DefaultLifecycleProcessor.java:356) ~[spring-context-6.0.4.jar:6.0.4]
?[0m?[0;34m	at java.base/java.lang.Iterable.forEach(Iterable.java:75) ~[na:na]
?[0m?[0;34m	at org.springframework.context.support.DefaultLifecycleProcessor.startBeans(DefaultLifecycleProcessor.java:155) ~[spring-context-6.0.4.jar:6.0.4]
?[0m?[0;34m	at org.springframework.context.support.DefaultLifecycleProcessor.onRefresh(DefaultLifecycleProcessor.java:123) ~[spring-context-6.0.4.jar:6.0.4]
?[0m?[0;34m	at org.springframework.context.support.AbstractApplicationContext.finishRefresh(AbstractApplicationContext.java:932) ~[spring-context-6.0.4.jar:6.0.4]
?[0m?[0;34m	at org.springframework.context.support.AbstractApplicationContext.refresh(AbstractApplicationContext.java:587) ~[spring-context-6.0.4.jar:6.0.4]
?[0m?[0;34m	at org.springframework.boot.web.servlet.context.ServletWebServerApplicationContext.refresh(ServletWebServerApplicationContext.java:146) ~[spring-boot-3.0.2.jar:3.0.2]
?[0m?[0;34m	at org.springframework.boot.SpringApplication.refresh(SpringApplication.java:730) ~[spring-boot-3.0.2.jar:3.0.2]
?[0m?[0;34m	at org.springframework.boot.SpringApplication.refreshContext(SpringApplication.java:432) ~[spring-boot-3.0.2.jar:3.0.2]
?[0m?[0;34m	at org.springframework.boot.SpringApplication.run(SpringApplication.java:308) ~[spring-boot-3.0.2.jar:3.0.2]
?[0m?[0;34m	at org.springframework.boot.SpringApplication.run(SpringApplication.java:1302) ~[spring-boot-3.0.2.jar:3.0.2]
?[0m?[0;34m	at org.springframework.boot.SpringApplication.run(SpringApplication.java:1291) ~[spring-boot-3.0.2.jar:3.0.2]
?[0m?[0;34m	at account.AccountServiceApplication.main(AccountServiceApplication.java:12) ~[main/:na]
?[0m?[0;34m	at java.base/jdk.internal.reflect.NativeMethodAccessorImpl.invoke0(Native Method) ~[na:na]
?[0m?[0;34m	at java.base/jdk.internal.reflect.NativeMethodAccessorImpl.invoke(NativeMethodAccessorImpl.java:77) ~[na:na]
?[0m?[0;34m	at java.base/jdk.internal.reflect.DelegatingMethodAccessorImpl.invoke(DelegatingMethodAccessorImpl.java:43) ~[na:na]
?[0m?[0;34m	at java.base/java.lang.reflect.Method.invoke(Method.java:568) ~[na:na]
?[0m?[0;34m	at org.hyperskill.hstest.stage.SpringTest.startSpring(SpringTest.java:187) ~[hs-test-release-SNAPSHOT.jar:na]
?[0m?[0;34m	at org.hyperskill.hstest.stage.SpringTest.reloadSpring(SpringTest.java:239) ~[hs-test-release-SNAPSHOT.jar:na]
?[0m?[0;34m	at AccountServiceTest.restartApplication(AccountServiceTest.java:262) ~[test/:na]
?[0m?[0;34m	at AccountServiceTest.lambda$new$45(AccountServiceTest.java:452) ~[test/:na]
?[0m?[0;34m	at org.hyperskill.hstest.dynamic.input.DynamicTesting.lambda$searchDynamicTests$3(DynamicTesting.java:289) ~[hs-test-release-SNAPSHOT.jar:na]
?[0m?[0;34m	at org.hyperskill.hstest.dynamic.input.DynamicTesting$1DynamicTestElement.lambda$getTests$0(DynamicTesting.java:252) ~[hs-test-release-SNAPSHOT.jar:na]
?[0m?[0;34m	at org.hyperskill.hstest.testing.runner.SpringApplicationRunner.test(SpringApplicationRunner.java:43) ~[hs-test-release-SNAPSHOT.jar:na]
?[0m?[0;34m	at org.hyperskill.hstest.testing.TestRun.test(TestRun.java:94) ~[hs-test-release-SNAPSHOT.jar:na]
?[0m?[0;34m	at org.hyperskill.hstest.stage.StageTest.start(StageTest.java:164) ~[hs-test-release-SNAPSHOT.jar:na]
?[0m?[0;34m	at java.base/jdk.internal.reflect.NativeMethodAccessorImpl.invoke0(Native Method) ~[na:na]
?[0m?[0;34m	at java.base/jdk.internal.reflect.NativeMethodAccessorImpl.invoke(NativeMethodAccessorImpl.java:77) ~[na:na]
?[0m?[0;34m	at java.base/jdk.internal.reflect.DelegatingMethodAccessorImpl.invoke(DelegatingMethodAccessorImpl.java:43) ~[na:na]
?[0m?[0;34m	at java.base/java.lang.reflect.Method.invoke(Method.java:568) ~[na:na]
?[0m?[0;34m	at org.junit.runners.model.FrameworkMethod$1.runReflectiveCall(FrameworkMethod.java:59) ~[junit-4.13.2.jar:4.13.2]
?[0m?[0;34m	at org.junit.internal.runners.model.ReflectiveCallable.run(ReflectiveCallable.java:12) ~[junit-4.13.2.jar:4.13.2]
?[0m?[0;34m	at org.junit.runners.model.FrameworkMethod.invokeExplosively(FrameworkMethod.java:56) ~[junit-4.13.2.jar:4.13.2]
?[0m?[0;34m	at org.junit.internal.runners.statements.InvokeMethod.evaluate(InvokeMethod.java:17) ~[junit-4.13.2.jar:4.13.2]
?[0m?[0;34m	at org.junit.internal.runners.statements.RunAfters.evaluate(RunAfters.java:27) ~[junit-4.13.2.jar:4.13.2]
?[0m?[0;34m	at org.junit.runners.ParentRunner$3.evaluate(ParentRunner.java:306) ~[junit-4.13.2.jar:4.13.2]
?[0m?[0;34m	at org.junit.runners.BlockJUnit4ClassRunner$1.evaluate(BlockJUnit4ClassRunner.java:100) ~[junit-4.13.2.jar:4.13.2]
?[0m?[0;34m	at org.junit.runners.ParentRunner.runLeaf(ParentRunner.java:366) ~[junit-4.13.2.jar:4.13.2]
?[0m?[0;34m	at org.junit.runners.BlockJUnit4ClassRunner.runChild(BlockJUnit4ClassRunner.java:103) ~[junit-4.13.2.jar:4.13.2]
?[0m?[0;34m	at org.junit.runners.BlockJUnit4ClassRunner.runChild(BlockJUnit4ClassRunner.java:63) ~[junit-4.13.2.jar:4.13.2]
?[0m?[0;34m	at org.junit.runners.ParentRunner$4.run(ParentRunner.java:331) ~[junit-4.13.2.jar:4.13.2]
?[0m?[0;34m	at org.junit.runners.ParentRunner$1.schedule(ParentRunner.java:79) ~[junit-4.13.2.jar:4.13.2]
?[0m?[0;34m	at org.junit.runners.ParentRunner.runChildren(ParentRunner.java:329) ~[junit-4.13.2.jar:4.13.2]
?[0m?[0;34m	at org.junit.runners.ParentRunner.access$100(ParentRunner.java:66) ~[junit-4.13.2.jar:4.13.2]
?[0m?[0;34m	at org.junit.runners.ParentRunner$2.evaluate(ParentRunner.java:293) ~[junit-4.13.2.jar:4.13.2]
?[0m?[0;34m	at org.junit.runners.ParentRunner$3.evaluate(ParentRunner.java:306) ~[junit-4.13.2.jar:4.13.2]
?[0m?[0;34m	at org.junit.runners.ParentRunner.run(ParentRunner.java:413) ~[junit-4.13.2.jar:4.13.2]
?[0m?[0;34m	at org.gradle.api.internal.tasks.testing.junit.JUnitTestClassExecutor.runTestClass(JUnitTestClassExecutor.java:108) ~[na:na]
?[0m?[0;34m	at org.gradle.api.internal.tasks.testing.junit.JUnitTestClassExecutor.execute(JUnitTestClassExecutor.java:57) ~[na:na]
?[0m?[0;34m	at org.gradle.api.internal.tasks.testing.junit.JUnitTestClassExecutor.execute(JUnitTestClassExecutor.java:39) ~[na:na]
?[0m?[0;34m	at org.gradle.api.internal.tasks.testing.junit.AbstractJUnitTestClassProcessor.processTestClass(AbstractJUnitTestClassProcessor.java:62) ~[na:na]
?[0m?[0;34m	at org.gradle.api.internal.tasks.testing.SuiteTestClassProcessor.processTestClass(SuiteTestClassProcessor.java:52) ~[na:na]
?[0m?[0;34m	at java.base/jdk.internal.reflect.NativeMethodAccessorImpl.invoke0(Native Method) ~[na:na]
?[0m?[0;34m	at java.base/jdk.internal.reflect.NativeMethodAccessorImpl.invoke(NativeMethodAccessorImpl.java:77) ~[na:na]
?[0m?[0;34m	at java.base/jdk.internal.reflect.DelegatingMethodAccessorImpl.invoke(DelegatingMethodAccessorImpl.java:43) ~[na:na]
?[0m?[0;34m	at java.base/java.lang.reflect.Method.invoke(Method.java:568) ~[na:na]
?[0m?[0;34m	at org.gradle.internal.dispatch.ReflectionDispatch.dispatch(ReflectionDispatch.java:36) ~[na:na]
?[0m?[0;34m	at org.gradle.internal.dispatch.ReflectionDispatch.dispatch(ReflectionDispatch.java:24) ~[na:na]
?[0m?[0;34m	at org.gradle.internal.dispatch.ContextClassLoaderDispatch.dispatch(ContextClassLoaderDispatch.java:33) ~[na:na]
?[0m?[0;34m	at org.gradle.internal.dispatch.ProxyDispatchAdapter$DispatchingInvocationHandler.invoke(ProxyDispatchAdapter.java:94) ~[na:na]
?[0m?[0;34m	at jdk.proxy1/jdk.proxy1.$Proxy2.processTestClass(Unknown Source) ~[na:na]
?[0m?[0;34m	at org.gradle.api.internal.tasks.testing.worker.TestWorker$2.run(TestWorker.java:176) ~[na:na]
?[0m?[0;34m	at org.gradle.api.internal.tasks.testing.worker.TestWorker.executeAndMaintainThreadName(TestWorker.java:129) ~[na:na]
?[0m?[0;34m	at org.gradle.api.internal.tasks.testing.worker.TestWorker.execute(TestWorker.java:100) ~[na:na]
?[0m?[0;34m	at org.gradle.api.internal.tasks.testing.worker.TestWorker.execute(TestWorker.java:60) ~[na:na]
?[0m?[0;34m	at org.gradle.process.internal.worker.child.ActionExecutionWorker.execute(ActionExecutionWorker.java:56) ~[na:na]
?[0m?[0;34m	at org.gradle.process.internal.worker.child.SystemApplicationClassLoaderWorker.call(SystemApplicationClassLoaderWorker.java:113) ~[na:na]
?[0m?[0;34m	at org.gradle.process.internal.worker.child.SystemApplicationClassLoaderWorker.call(SystemApplicationClassLoaderWorker.java:65) ~[na:na]
?[0m?[0;34m	at worker.org.gradle.process.internal.worker.GradleWorkerMain.run(GradleWorkerMain.java:69) ~[gradle-worker.jar:na]
?[0m?[0;34m	at worker.org.gradle.process.internal.worker.GradleWorkerMain.main(GradleWorkerMain.java:74) ~[gradle-worker.jar:na]
?[0m?[0;34m
?[0m?[0;34m?[2m2023-08-22T13:43:58.624+02:00?[0;39m ?[33m WARN?[0;39m ?[35m18216?[0;39m ?[2m---?[0;39m ?[2m[    Test worker]?[0;39m ?[36m.t.u.s.PrivilegedSetAccessControlContext?[0;39m ?[2m:?[0;39m Unable to set field Thread.inheritedAccessControlContext
?[0m?[0;34m
?[0m?[0;34mjava.lang.IllegalAccessException: class org.apache.tomcat.util.security.PrivilegedSetAccessControlContext cannot access a member of class java.lang.Thread (in module java.base) with modifiers "private"
?[0m?[0;34m	at java.base/jdk.internal.reflect.Reflection.newIllegalAccessException(Reflection.java:392) ~[na:na]
?[0m?[0;34m	at java.base/java.lang.reflect.AccessibleObject.checkAccess(AccessibleObject.java:674) ~[na:na]
?[0m?[0;34m	at java.base/java.lang.reflect.Field.checkAccess(Field.java:1102) ~[na:na]
?[0m?[0;34m	at java.base/java.lang.reflect.Field.set(Field.java:797) ~[na:na]
?[0m?[0;34m	at org.apache.tomcat.util.security.PrivilegedSetAccessControlContext.run(PrivilegedSetAccessControlContext.java:60) ~[tomcat-embed-core-10.1.5.jar:10.1.5]
?[0m?[0;34m	at org.apache.tomcat.util.security.PrivilegedSetAccessControlContext.run(PrivilegedSetAccessControlContext.java:28) ~[tomcat-embed-core-10.1.5.jar:10.1.5]
?[0m?[0;34m	at java.base/java.security.AccessController.doPrivileged(AccessController.java:318) ~[na:na]
?[0m?[0;34m	at org.apache.tomcat.util.threads.TaskThreadFactory.newThread(TaskThreadFactory.java:64) ~[tomcat-embed-core-10.1.5.jar:10.1.5]
?[0m?[0;34m	at org.apache.tomcat.util.threads.ThreadPoolExecutor$Worker.<init>(ThreadPoolExecutor.java:653) ~[tomcat-embed-core-10.1.5.jar:10.1.5]
?[0m?[0;34m	at org.apache.tomcat.util.threads.ThreadPoolExecutor.addWorker(ThreadPoolExecutor.java:957) ~[tomcat-embed-core-10.1.5.jar:10.1.5]
?[0m?[0;34m	at org.apache.tomcat.util.threads.ThreadPoolExecutor.prestartAllCoreThreads(ThreadPoolExecutor.java:1694) ~[tomcat-embed-core-10.1.5.jar:10.1.5]
?[0m?[0;34m	at org.apache.tomcat.util.threads.ThreadPoolExecutor.<init>(ThreadPoolExecutor.java:1370) ~[tomcat-embed-core-10.1.5.jar:10.1.5]
?[0m?[0;34m	at org.apache.tomcat.util.threads.ThreadPoolExecutor.<init>(ThreadPoolExecutor.java:1280) ~[tomcat-embed-core-10.1.5.jar:10.1.5]
?[0m?[0;34m	at org.apache.tomcat.util.net.AbstractEndpoint.createExecutor(AbstractEndpoint.java:948) ~[tomcat-embed-core-10.1.5.jar:10.1.5]
?[0m?[0;34m	at org.apache.tomcat.util.net.NioEndpoint.startInternal(NioEndpoint.java:279) ~[tomcat-embed-core-10.1.5.jar:10.1.5]
?[0m?[0;34m	at org.apache.tomcat.util.net.AbstractEndpoint.start(AbstractEndpoint.java:1261) ~[tomcat-embed-core-10.1.5.jar:10.1.5]
?[0m?[0;34m	at org.apache.coyote.AbstractProtocol.start(AbstractProtocol.java:586) ~[tomcat-embed-core-10.1.5.jar:10.1.5]
?[0m?[0;34m	at org.apache.catalina.connector.Connector.startInternal(Connector.java:1081) ~[tomcat-embed-core-10.1.5.jar:10.1.5]
?[0m?[0;34m	at org.apache.catalina.util.LifecycleBase.start(LifecycleBase.java:183) ~[tomcat-embed-core-10.1.5.jar:10.1.5]
?[0m?[0;34m	at org.apache.catalina.core.StandardService.addConnector(StandardService.java:234) ~[tomcat-embed-core-10.1.5.jar:10.1.5]
?[0m?[0;34m	at org.springframework.boot.web.embedded.tomcat.TomcatWebServer.addPreviouslyRemovedConnectors(TomcatWebServer.java:282) ~[spring-boot-3.0.2.jar:3.0.2]
?[0m?[0;34m	at org.springframework.boot.web.embedded.tomcat.TomcatWebServer.start(TomcatWebServer.java:213) ~[spring-boot-3.0.2.jar:3.0.2]
?[0m?[0;34m	at org.springframework.boot.web.servlet.context.WebServerStartStopLifecycle.start(WebServerStartStopLifecycle.java:44) ~[spring-boot-3.0.2.jar:3.0.2]
?[0m?[0;34m	at org.springframework.context.support.DefaultLifecycleProcessor.doStart(DefaultLifecycleProcessor.java:178) ~[spring-context-6.0.4.jar:6.0.4]
?[0m?[0;34m	at org.springframework.context.support.DefaultLifecycleProcessor$LifecycleGroup.start(DefaultLifecycleProcessor.java:356) ~[spring-context-6.0.4.jar:6.0.4]
?[0m?[0;34m	at java.base/java.lang.Iterable.forEach(Iterable.java:75) ~[na:na]
?[0m?[0;34m	at org.springframework.context.support.DefaultLifecycleProcessor.startBeans(DefaultLifecycleProcessor.java:155) ~[spring-context-6.0.4.jar:6.0.4]
?[0m?[0;34m	at org.springframework.context.support.DefaultLifecycleProcessor.onRefresh(DefaultLifecycleProcessor.java:123) ~[spring-context-6.0.4.jar:6.0.4]
?[0m?[0;34m	at org.springframework.context.support.AbstractApplicationContext.finishRefresh(AbstractApplicationContext.java:932) ~[spring-context-6.0.4.jar:6.0.4]
?[0m?[0;34m	at org.springframework.context.support.AbstractApplicationContext.refresh(AbstractApplicationContext.java:587) ~[spring-context-6.0.4.jar:6.0.4]
?[0m?[0;34m	at org.springframework.boot.web.servlet.context.ServletWebServerApplicationContext.refresh(ServletWebServerApplicationContext.java:146) ~[spring-boot-3.0.2.jar:3.0.2]
?[0m?[0;34m	at org.springframework.boot.SpringApplication.refresh(SpringApplication.java:730) ~[spring-boot-3.0.2.jar:3.0.2]
?[0m?[0;34m	at org.springframework.boot.SpringApplication.refreshContext(SpringApplication.java:432) ~[spring-boot-3.0.2.jar:3.0.2]
?[0m?[0;34m	at org.springframework.boot.SpringApplication.run(SpringApplication.java:308) ~[spring-boot-3.0.2.jar:3.0.2]
?[0m?[0;34m	at org.springframework.boot.SpringApplication.run(SpringApplication.java:1302) ~[spring-boot-3.0.2.jar:3.0.2]
?[0m?[0;34m	at org.springframework.boot.SpringApplication.run(SpringApplication.java:1291) ~[spring-boot-3.0.2.jar:3.0.2]
?[0m?[0;34m	at account.AccountServiceApplication.main(AccountServiceApplication.java:12) ~[main/:na]
?[0m?[0;34m	at java.base/jdk.internal.reflect.NativeMethodAccessorImpl.invoke0(Native Method) ~[na:na]
?[0m?[0;34m	at java.base/jdk.internal.reflect.NativeMethodAccessorImpl.invoke(NativeMethodAccessorImpl.java:77) ~[na:na]
?[0m?[0;34m	at java.base/jdk.internal.reflect.DelegatingMethodAccessorImpl.invoke(DelegatingMethodAccessorImpl.java:43) ~[na:na]
?[0m?[0;34m	at java.base/java.lang.reflect.Method.invoke(Method.java:568) ~[na:na]
?[0m?[0;34m	at org.hyperskill.hstest.stage.SpringTest.startSpring(SpringTest.java:187) ~[hs-test-release-SNAPSHOT.jar:na]
?[0m?[0;34m	at org.hyperskill.hstest.stage.SpringTest.reloadSpring(SpringTest.java:239) ~[hs-test-release-SNAPSHOT.jar:na]
?[0m?[0;34m	at AccountServiceTest.restartApplication(AccountServiceTest.java:262) ~[test/:na]
?[0m?[0;34m	at AccountServiceTest.lambda$new$45(AccountServiceTest.java:452) ~[test/:na]
?[0m?[0;34m	at org.hyperskill.hstest.dynamic.input.DynamicTesting.lambda$searchDynamicTests$3(DynamicTesting.java:289) ~[hs-test-release-SNAPSHOT.jar:na]
?[0m?[0;34m	at org.hyperskill.hstest.dynamic.input.DynamicTesting$1DynamicTestElement.lambda$getTests$0(DynamicTesting.java:252) ~[hs-test-release-SNAPSHOT.jar:na]
?[0m?[0;34m	at org.hyperskill.hstest.testing.runner.SpringApplicationRunner.test(SpringApplicationRunner.java:43) ~[hs-test-release-SNAPSHOT.jar:na]
?[0m?[0;34m	at org.hyperskill.hstest.testing.TestRun.test(TestRun.java:94) ~[hs-test-release-SNAPSHOT.jar:na]
?[0m?[0;34m	at org.hyperskill.hstest.stage.StageTest.start(StageTest.java:164) ~[hs-test-release-SNAPSHOT.jar:na]
?[0m?[0;34m	at java.base/jdk.internal.reflect.NativeMethodAccessorImpl.invoke0(Native Method) ~[na:na]
?[0m?[0;34m	at java.base/jdk.internal.reflect.NativeMethodAccessorImpl.invoke(NativeMethodAccessorImpl.java:77) ~[na:na]
?[0m?[0;34m	at java.base/jdk.internal.reflect.DelegatingMethodAccessorImpl.invoke(DelegatingMethodAccessorImpl.java:43) ~[na:na]
?[0m?[0;34m	at java.base/java.lang.reflect.Method.invoke(Method.java:568) ~[na:na]
?[0m?[0;34m	at org.junit.runners.model.FrameworkMethod$1.runReflectiveCall(FrameworkMethod.java:59) ~[junit-4.13.2.jar:4.13.2]
?[0m?[0;34m	at org.junit.internal.runners.model.ReflectiveCallable.run(ReflectiveCallable.java:12) ~[junit-4.13.2.jar:4.13.2]
?[0m?[0;34m	at org.junit.runners.model.FrameworkMethod.invokeExplosively(FrameworkMethod.java:56) ~[junit-4.13.2.jar:4.13.2]
?[0m?[0;34m	at org.junit.internal.runners.statements.InvokeMethod.evaluate(InvokeMethod.java:17) ~[junit-4.13.2.jar:4.13.2]
?[0m?[0;34m	at org.junit.internal.runners.statements.RunAfters.evaluate(RunAfters.java:27) ~[junit-4.13.2.jar:4.13.2]
?[0m?[0;34m	at org.junit.runners.ParentRunner$3.evaluate(ParentRunner.java:306) ~[junit-4.13.2.jar:4.13.2]
?[0m?[0;34m	at org.junit.runners.BlockJUnit4ClassRunner$1.evaluate(BlockJUnit4ClassRunner.java:100) ~[junit-4.13.2.jar:4.13.2]
?[0m?[0;34m	at org.junit.runners.ParentRunner.runLeaf(ParentRunner.java:366) ~[junit-4.13.2.jar:4.13.2]
?[0m?[0;34m	at org.junit.runners.BlockJUnit4ClassRunner.runChild(BlockJUnit4ClassRunner.java:103) ~[junit-4.13.2.jar:4.13.2]
?[0m?[0;34m	at org.junit.runners.BlockJUnit4ClassRunner.runChild(BlockJUnit4ClassRunner.java:63) ~[junit-4.13.2.jar:4.13.2]
?[0m?[0;34m	at org.junit.runners.ParentRunner$4.run(ParentRunner.java:331) ~[junit-4.13.2.jar:4.13.2]
?[0m?[0;34m	at org.junit.runners.ParentRunner$1.schedule(ParentRunner.java:79) ~[junit-4.13.2.jar:4.13.2]
?[0m?[0;34m	at org.junit.runners.ParentRunner.runChildren(ParentRunner.java:329) ~[junit-4.13.2.jar:4.13.2]
?[0m?[0;34m	at org.junit.runners.ParentRunner.access$100(ParentRunner.java:66) ~[junit-4.13.2.jar:4.13.2]
?[0m?[0;34m	at org.junit.runners.ParentRunner$2.evaluate(ParentRunner.java:293) ~[junit-4.13.2.jar:4.13.2]
?[0m?[0;34m	at org.junit.runners.ParentRunner$3.evaluate(ParentRunner.java:306) ~[junit-4.13.2.jar:4.13.2]
?[0m?[0;34m	at org.junit.runners.ParentRunner.run(ParentRunner.java:413) ~[junit-4.13.2.jar:4.13.2]
?[0m?[0;34m	at org.gradle.api.internal.tasks.testing.junit.JUnitTestClassExecutor.runTestClass(JUnitTestClassExecutor.java:108) ~[na:na]
?[0m?[0;34m	at org.gradle.api.internal.tasks.testing.junit.JUnitTestClassExecutor.execute(JUnitTestClassExecutor.java:57) ~[na:na]
?[0m?[0;34m	at org.gradle.api.internal.tasks.testing.junit.JUnitTestClassExecutor.execute(JUnitTestClassExecutor.java:39) ~[na:na]
?[0m?[0;34m	at org.gradle.api.internal.tasks.testing.junit.AbstractJUnitTestClassProcessor.processTestClass(AbstractJUnitTestClassProcessor.java:62) ~[na:na]
?[0m?[0;34m	at org.gradle.api.internal.tasks.testing.SuiteTestClassProcessor.processTestClass(SuiteTestClassProcessor.java:52) ~[na:na]
?[0m?[0;34m	at java.base/jdk.internal.reflect.NativeMethodAccessorImpl.invoke0(Native Method) ~[na:na]
?[0m?[0;34m	at java.base/jdk.internal.reflect.NativeMethodAccessorImpl.invoke(NativeMethodAccessorImpl.java:77) ~[na:na]
?[0m?[0;34m	at java.base/jdk.internal.reflect.DelegatingMethodAccessorImpl.invoke(DelegatingMethodAccessorImpl.java:43) ~[na:na]
?[0m?[0;34m	at java.base/java.lang.reflect.Method.invoke(Method.java:568) ~[na:na]
?[0m?[0;34m	at org.gradle.internal.dispatch.ReflectionDispatch.dispatch(ReflectionDispatch.java:36) ~[na:na]
?[0m?[0;34m	at org.gradle.internal.dispatch.ReflectionDispatch.dispatch(ReflectionDispatch.java:24) ~[na:na]
?[0m?[0;34m	at org.gradle.internal.dispatch.ContextClassLoaderDispatch.dispatch(ContextClassLoaderDispatch.java:33) ~[na:na]
?[0m?[0;34m	at org.gradle.internal.dispatch.ProxyDispatchAdapter$DispatchingInvocationHandler.invoke(ProxyDispatchAdapter.java:94) ~[na:na]
?[0m?[0;34m	at jdk.proxy1/jdk.proxy1.$Proxy2.processTestClass(Unknown Source) ~[na:na]
?[0m?[0;34m	at org.gradle.api.internal.tasks.testing.worker.TestWorker$2.run(TestWorker.java:176) ~[na:na]
?[0m?[0;34m	at org.gradle.api.internal.tasks.testing.worker.TestWorker.executeAndMaintainThreadName(TestWorker.java:129) ~[na:na]
?[0m?[0;34m	at org.gradle.api.internal.tasks.testing.worker.TestWorker.execute(TestWorker.java:100) ~[na:na]
?[0m?[0;34m	at org.gradle.api.internal.tasks.testing.worker.TestWorker.execute(TestWorker.java:60) ~[na:na]
?[0m?[0;34m	at org.gradle.process.internal.worker.child.ActionExecutionWorker.execute(ActionExecutionWorker.java:56) ~[na:na]
?[0m?[0;34m	at org.gradle.process.internal.worker.child.SystemApplicationClassLoaderWorker.call(SystemApplicationClassLoaderWorker.java:113) ~[na:na]
?[0m?[0;34m	at org.gradle.process.internal.worker.child.SystemApplicationClassLoaderWorker.call(SystemApplicationClassLoaderWorker.java:65) ~[na:na]
?[0m?[0;34m	at worker.org.gradle.process.internal.worker.GradleWorkerMain.run(GradleWorkerMain.java:69) ~[gradle-worker.jar:na]
?[0m?[0;34m	at worker.org.gradle.process.internal.worker.GradleWorkerMain.main(GradleWorkerMain.java:74) ~[gradle-worker.jar:na]
?[0m?[0;34m
?[0m?[0;34m?[2m2023-08-22T13:43:58.629+02:00?[0;39m ?[33m WARN?[0;39m ?[35m18216?[0;39m ?[2m---?[0;39m ?[2m[    Test worker]?[0;39m ?[36m.t.u.s.PrivilegedSetAccessControlContext?[0;39m ?[2m:?[0;39m Unable to set field Thread.inheritedAccessControlContext
?[0m?[0;34m
?[0m?[0;34mjava.lang.IllegalAccessException: class org.apache.tomcat.util.security.PrivilegedSetAccessControlContext cannot access a member of class java.lang.Thread (in module java.base) with modifiers "private"
?[0m?[0;34m	at java.base/jdk.internal.reflect.Reflection.newIllegalAccessException(Reflection.java:392) ~[na:na]
?[0m?[0;34m	at java.base/java.lang.reflect.AccessibleObject.checkAccess(AccessibleObject.java:674) ~[na:na]
?[0m?[0;34m	at java.base/java.lang.reflect.Field.checkAccess(Field.java:1102) ~[na:na]
?[0m?[0;34m	at java.base/java.lang.reflect.Field.set(Field.java:797) ~[na:na]
?[0m?[0;34m	at org.apache.tomcat.util.security.PrivilegedSetAccessControlContext.run(PrivilegedSetAccessControlContext.java:60) ~[tomcat-embed-core-10.1.5.jar:10.1.5]
?[0m?[0;34m	at org.apache.tomcat.util.security.PrivilegedSetAccessControlContext.run(PrivilegedSetAccessControlContext.java:28) ~[tomcat-embed-core-10.1.5.jar:10.1.5]
?[0m?[0;34m	at java.base/java.security.AccessController.doPrivileged(AccessController.java:318) ~[na:na]
?[0m?[0;34m	at org.apache.tomcat.util.threads.TaskThreadFactory.newThread(TaskThreadFactory.java:64) ~[tomcat-embed-core-10.1.5.jar:10.1.5]
?[0m?[0;34m	at org.apache.tomcat.util.threads.ThreadPoolExecutor$Worker.<init>(ThreadPoolExecutor.java:653) ~[tomcat-embed-core-10.1.5.jar:10.1.5]
?[0m?[0;34m	at org.apache.tomcat.util.threads.ThreadPoolExecutor.addWorker(ThreadPoolExecutor.java:957) ~[tomcat-embed-core-10.1.5.jar:10.1.5]
?[0m?[0;34m	at org.apache.tomcat.util.threads.ThreadPoolExecutor.prestartAllCoreThreads(ThreadPoolExecutor.java:1694) ~[tomcat-embed-core-10.1.5.jar:10.1.5]
?[0m?[0;34m	at org.apache.tomcat.util.threads.ThreadPoolExecutor.<init>(ThreadPoolExecutor.java:1370) ~[tomcat-embed-core-10.1.5.jar:10.1.5]
?[0m?[0;34m	at org.apache.tomcat.util.threads.ThreadPoolExecutor.<init>(ThreadPoolExecutor.java:1280) ~[tomcat-embed-core-10.1.5.jar:10.1.5]
?[0m?[0;34m	at org.apache.tomcat.util.net.AbstractEndpoint.createExecutor(AbstractEndpoint.java:948) ~[tomcat-embed-core-10.1.5.jar:10.1.5]
?[0m?[0;34m	at org.apache.tomcat.util.net.NioEndpoint.startInternal(NioEndpoint.java:279) ~[tomcat-embed-core-10.1.5.jar:10.1.5]
?[0m?[0;34m	at org.apache.tomcat.util.net.AbstractEndpoint.start(AbstractEndpoint.java:1261) ~[tomcat-embed-core-10.1.5.jar:10.1.5]
?[0m?[0;34m	at org.apache.coyote.AbstractProtocol.start(AbstractProtocol.java:586) ~[tomcat-embed-core-10.1.5.jar:10.1.5]
?[0m?[0;34m	at org.apache.catalina.connector.Connector.startInternal(Connector.java:1081) ~[tomcat-embed-core-10.1.5.jar:10.1.5]
?[0m?[0;34m	at org.apache.catalina.util.LifecycleBase.start(LifecycleBase.java:183) ~[tomcat-embed-core-10.1.5.jar:10.1.5]
?[0m?[0;34m	at org.apache.catalina.core.StandardService.addConnector(StandardService.java:234) ~[tomcat-embed-core-10.1.5.jar:10.1.5]
?[0m?[0;34m	at org.springframework.boot.web.embedded.tomcat.TomcatWebServer.addPreviouslyRemovedConnectors(TomcatWebServer.java:282) ~[spring-boot-3.0.2.jar:3.0.2]
?[0m?[0;34m	at org.springframework.boot.web.embedded.tomcat.TomcatWebServer.start(TomcatWebServer.java:213) ~[spring-boot-3.0.2.jar:3.0.2]
?[0m?[0;34m	at org.springframework.boot.web.servlet.context.WebServerStartStopLifecycle.start(WebServerStartStopLifecycle.java:44) ~[spring-boot-3.0.2.jar:3.0.2]
?[0m?[0;34m	at org.springframework.context.support.DefaultLifecycleProcessor.doStart(DefaultLifecycleProcessor.java:178) ~[spring-context-6.0.4.jar:6.0.4]
?[0m?[0;34m	at org.springframework.context.support.DefaultLifecycleProcessor$LifecycleGroup.start(DefaultLifecycleProcessor.java:356) ~[spring-context-6.0.4.jar:6.0.4]
?[0m?[0;34m	at java.base/java.lang.Iterable.forEach(Iterable.java:75) ~[na:na]
?[0m?[0;34m	at org.springframework.context.support.DefaultLifecycleProcessor.startBeans(DefaultLifecycleProcessor.java:155) ~[spring-context-6.0.4.jar:6.0.4]
?[0m?[0;34m	at org.springframework.context.support.DefaultLifecycleProcessor.onRefresh(DefaultLifecycleProcessor.java:123) ~[spring-context-6.0.4.jar:6.0.4]
?[0m?[0;34m	at org.springframework.context.support.AbstractApplicationContext.finishRefresh(AbstractApplicationContext.java:932) ~[spring-context-6.0.4.jar:6.0.4]
?[0m?[0;34m	at org.springframework.context.support.AbstractApplicationContext.refresh(AbstractApplicationContext.java:587) ~[spring-context-6.0.4.jar:6.0.4]
?[0m?[0;34m	at org.springframework.boot.web.servlet.context.ServletWebServerApplicationContext.refresh(ServletWebServerApplicationContext.java:146) ~[spring-boot-3.0.2.jar:3.0.2]
?[0m?[0;34m	at org.springframework.boot.SpringApplication.refresh(SpringApplication.java:730) ~[spring-boot-3.0.2.jar:3.0.2]
?[0m?[0;34m	at org.springframework.boot.SpringApplication.refreshContext(SpringApplication.java:432) ~[spring-boot-3.0.2.jar:3.0.2]
?[0m?[0;34m	at org.springframework.boot.SpringApplication.run(SpringApplication.java:308) ~[spring-boot-3.0.2.jar:3.0.2]
?[0m?[0;34m	at org.springframework.boot.SpringApplication.run(SpringApplication.java:1302) ~[spring-boot-3.0.2.jar:3.0.2]
?[0m?[0;34m	at org.springframework.boot.SpringApplication.run(SpringApplication.java:1291) ~[spring-boot-3.0.2.jar:3.0.2]
?[0m?[0;34m	at account.AccountServiceApplication.main(AccountServiceApplication.java:12) ~[main/:na]
?[0m?[0;34m	at java.base/jdk.internal.reflect.NativeMethodAccessorImpl.invoke0(Native Method) ~[na:na]
?[0m?[0;34m	at java.base/jdk.internal.reflect.NativeMethodAccessorImpl.invoke(NativeMethodAccessorImpl.java:77) ~[na:na]
?[0m?[0;34m	at java.base/jdk.internal.reflect.DelegatingMethodAccessorImpl.invoke(DelegatingMethodAccessorImpl.java:43) ~[na:na]
?[0m?[0;34m	at java.base/java.lang.reflect.Method.invoke(Method.java:568) ~[na:na]
?[0m?[0;34m	at org.hyperskill.hstest.stage.SpringTest.startSpring(SpringTest.java:187) ~[hs-test-release-SNAPSHOT.jar:na]
?[0m?[0;34m	at org.hyperskill.hstest.stage.SpringTest.reloadSpring(SpringTest.java:239) ~[hs-test-release-SNAPSHOT.jar:na]
?[0m?[0;34m	at AccountServiceTest.restartApplication(AccountServiceTest.java:262) ~[test/:na]
?[0m?[0;34m	at AccountServiceTest.lambda$new$45(AccountServiceTest.java:452) ~[test/:na]
?[0m?[0;34m	at org.hyperskill.hstest.dynamic.input.DynamicTesting.lambda$searchDynamicTests$3(DynamicTesting.java:289) ~[hs-test-release-SNAPSHOT.jar:na]
?[0m?[0;34m	at org.hyperskill.hstest.dynamic.input.DynamicTesting$1DynamicTestElement.lambda$getTests$0(DynamicTesting.java:252) ~[hs-test-release-SNAPSHOT.jar:na]
?[0m?[0;34m	at org.hyperskill.hstest.testing.runner.SpringApplicationRunner.test(SpringApplicationRunner.java:43) ~[hs-test-release-SNAPSHOT.jar:na]
?[0m?[0;34m	at org.hyperskill.hstest.testing.TestRun.test(TestRun.java:94) ~[hs-test-release-SNAPSHOT.jar:na]
?[0m?[0;34m	at org.hyperskill.hstest.stage.StageTest.start(StageTest.java:164) ~[hs-test-release-SNAPSHOT.jar:na]
?[0m?[0;34m	at java.base/jdk.internal.reflect.NativeMethodAccessorImpl.invoke0(Native Method) ~[na:na]
?[0m?[0;34m	at java.base/jdk.internal.reflect.NativeMethodAccessorImpl.invoke(NativeMethodAccessorImpl.java:77) ~[na:na]
?[0m?[0;34m	at java.base/jdk.internal.reflect.DelegatingMethodAccessorImpl.invoke(DelegatingMethodAccessorImpl.java:43) ~[na:na]
?[0m?[0;34m	at java.base/java.lang.reflect.Method.invoke(Method.java:568) ~[na:na]
?[0m?[0;34m	at org.junit.runners.model.FrameworkMethod$1.runReflectiveCall(FrameworkMethod.java:59) ~[junit-4.13.2.jar:4.13.2]
?[0m?[0;34m	at org.junit.internal.runners.model.ReflectiveCallable.run(ReflectiveCallable.java:12) ~[junit-4.13.2.jar:4.13.2]
?[0m?[0;34m	at org.junit.runners.model.FrameworkMethod.invokeExplosively(FrameworkMethod.java:56) ~[junit-4.13.2.jar:4.13.2]
?[0m?[0;34m	at org.junit.internal.runners.statements.InvokeMethod.evaluate(InvokeMethod.java:17) ~[junit-4.13.2.jar:4.13.2]
?[0m?[0;34m	at org.junit.internal.runners.statements.RunAfters.evaluate(RunAfters.java:27) ~[junit-4.13.2.jar:4.13.2]
?[0m?[0;34m	at org.junit.runners.ParentRunner$3.evaluate(ParentRunner.java:306) ~[junit-4.13.2.jar:4.13.2]
?[0m?[0;34m	at org.junit.runners.BlockJUnit4ClassRunner$1.evaluate(BlockJUnit4ClassRunner.java:100) ~[junit-4.13.2.jar:4.13.2]
?[0m?[0;34m	at org.junit.runners.ParentRunner.runLeaf(ParentRunner.java:366) ~[junit-4.13.2.jar:4.13.2]
?[0m?[0;34m	at org.junit.runners.BlockJUnit4ClassRunner.runChild(BlockJUnit4ClassRunner.java:103) ~[junit-4.13.2.jar:4.13.2]
?[0m?[0;34m	at org.junit.runners.BlockJUnit4ClassRunner.runChild(BlockJUnit4ClassRunner.java:63) ~[junit-4.13.2.jar:4.13.2]
?[0m?[0;34m	at org.junit.runners.ParentRunner$4.run(ParentRunner.java:331) ~[junit-4.13.2.jar:4.13.2]
?[0m?[0;34m	at org.junit.runners.ParentRunner$1.schedule(ParentRunner.java:79) ~[junit-4.13.2.jar:4.13.2]
?[0m?[0;34m	at org.junit.runners.ParentRunner.runChildren(ParentRunner.java:329) ~[junit-4.13.2.jar:4.13.2]
?[0m?[0;34m	at org.junit.runners.ParentRunner.access$100(ParentRunner.java:66) ~[junit-4.13.2.jar:4.13.2]
?[0m?[0;34m	at org.junit.runners.ParentRunner$2.evaluate(ParentRunner.java:293) ~[junit-4.13.2.jar:4.13.2]
?[0m?[0;34m	at org.junit.runners.ParentRunner$3.evaluate(ParentRunner.java:306) ~[junit-4.13.2.jar:4.13.2]
?[0m?[0;34m	at org.junit.runners.ParentRunner.run(ParentRunner.java:413) ~[junit-4.13.2.jar:4.13.2]
?[0m?[0;34m	at org.gradle.api.internal.tasks.testing.junit.JUnitTestClassExecutor.runTestClass(JUnitTestClassExecutor.java:108) ~[na:na]
?[0m?[0;34m	at org.gradle.api.internal.tasks.testing.junit.JUnitTestClassExecutor.execute(JUnitTestClassExecutor.java:57) ~[na:na]
?[0m?[0;34m	at org.gradle.api.internal.tasks.testing.junit.JUnitTestClassExecutor.execute(JUnitTestClassExecutor.java:39) ~[na:na]
?[0m?[0;34m	at org.gradle.api.internal.tasks.testing.junit.AbstractJUnitTestClassProcessor.processTestClass(AbstractJUnitTestClassProcessor.java:62) ~[na:na]
?[0m?[0;34m	at org.gradle.api.internal.tasks.testing.SuiteTestClassProcessor.processTestClass(SuiteTestClassProcessor.java:52) ~[na:na]
?[0m?[0;34m	at java.base/jdk.internal.reflect.NativeMethodAccessorImpl.invoke0(Native Method) ~[na:na]
?[0m?[0;34m	at java.base/jdk.internal.reflect.NativeMethodAccessorImpl.invoke(NativeMethodAccessorImpl.java:77) ~[na:na]
?[0m?[0;34m	at java.base/jdk.internal.reflect.DelegatingMethodAccessorImpl.invoke(DelegatingMethodAccessorImpl.java:43) ~[na:na]
?[0m?[0;34m	at java.base/java.lang.reflect.Method.invoke(Method.java:568) ~[na:na]
?[0m?[0;34m	at org.gradle.internal.dispatch.ReflectionDispatch.dispatch(ReflectionDispatch.java:36) ~[na:na]
?[0m?[0;34m	at org.gradle.internal.dispatch.ReflectionDispatch.dispatch(ReflectionDispatch.java:24) ~[na:na]
?[0m?[0;34m	at org.gradle.internal.dispatch.ContextClassLoaderDispatch.dispatch(ContextClassLoaderDispatch.java:33) ~[na:na]
?[0m?[0;34m	at org.gradle.internal.dispatch.ProxyDispatchAdapter$DispatchingInvocationHandler.invoke(ProxyDispatchAdapter.java:94) ~[na:na]
?[0m?[0;34m	at jdk.proxy1/jdk.proxy1.$Proxy2.processTestClass(Unknown Source) ~[na:na]
?[0m?[0;34m	at org.gradle.api.internal.tasks.testing.worker.TestWorker$2.run(TestWorker.java:176) ~[na:na]
?[0m?[0;34m	at org.gradle.api.internal.tasks.testing.worker.TestWorker.executeAndMaintainThreadName(TestWorker.java:129) ~[na:na]
?[0m?[0;34m	at org.gradle.api.internal.tasks.testing.worker.TestWorker.execute(TestWorker.java:100) ~[na:na]
?[0m?[0;34m	at org.gradle.api.internal.tasks.testing.worker.TestWorker.execute(TestWorker.java:60) ~[na:na]
?[0m?[0;34m	at org.gradle.process.internal.worker.child.ActionExecutionWorker.execute(ActionExecutionWorker.java:56) ~[na:na]
?[0m?[0;34m	at org.gradle.process.internal.worker.child.SystemApplicationClassLoaderWorker.call(SystemApplicationClassLoaderWorker.java:113) ~[na:na]
?[0m?[0;34m	at org.gradle.process.internal.worker.child.SystemApplicationClassLoaderWorker.call(SystemApplicationClassLoaderWorker.java:65) ~[na:na]
?[0m?[0;34m	at worker.org.gradle.process.internal.worker.GradleWorkerMain.run(GradleWorkerMain.java:69) ~[gradle-worker.jar:na]
?[0m?[0;34m	at worker.org.gradle.process.internal.worker.GradleWorkerMain.main(GradleWorkerMain.java:74) ~[gradle-worker.jar:na]
?[0m?[0;34m
?[0m?[0;34m?[2m2023-08-22T13:43:58.633+02:00?[0;39m ?[33m WARN?[0;39m ?[35m18216?[0;39m ?[2m---?[0;39m ?[2m[    Test worker]?[0;39m ?[36m.t.u.s.PrivilegedSetAccessControlContext?[0;39m ?[2m:?[0;39m Unable to set field Thread.inheritedAccessControlContext
?[0m?[0;34m
?[0m?[0;34mjava.lang.IllegalAccessException: class org.apache.tomcat.util.security.PrivilegedSetAccessControlContext cannot access a member of class java.lang.Thread (in module java.base) with modifiers "private"
?[0m?[0;34m	at java.base/jdk.internal.reflect.Reflection.newIllegalAccessException(Reflection.java:392) ~[na:na]
?[0m?[0;34m	at java.base/java.lang.reflect.AccessibleObject.checkAccess(AccessibleObject.java:674) ~[na:na]
?[0m?[0;34m	at java.base/java.lang.reflect.Field.checkAccess(Field.java:1102) ~[na:na]
?[0m?[0;34m	at java.base/java.lang.reflect.Field.set(Field.java:797) ~[na:na]
?[0m?[0;34m	at org.apache.tomcat.util.security.PrivilegedSetAccessControlContext.run(PrivilegedSetAccessControlContext.java:60) ~[tomcat-embed-core-10.1.5.jar:10.1.5]
?[0m?[0;34m	at org.apache.tomcat.util.security.PrivilegedSetAccessControlContext.run(PrivilegedSetAccessControlContext.java:28) ~[tomcat-embed-core-10.1.5.jar:10.1.5]
?[0m?[0;34m	at java.base/java.security.AccessController.doPrivileged(AccessController.java:318) ~[na:na]
?[0m?[0;34m	at org.apache.tomcat.util.threads.TaskThreadFactory.newThread(TaskThreadFactory.java:64) ~[tomcat-embed-core-10.1.5.jar:10.1.5]
?[0m?[0;34m	at org.apache.tomcat.util.threads.ThreadPoolExecutor$Worker.<init>(ThreadPoolExecutor.java:653) ~[tomcat-embed-core-10.1.5.jar:10.1.5]
?[0m?[0;34m	at org.apache.tomcat.util.threads.ThreadPoolExecutor.addWorker(ThreadPoolExecutor.java:957) ~[tomcat-embed-core-10.1.5.jar:10.1.5]
?[0m?[0;34m	at org.apache.tomcat.util.threads.ThreadPoolExecutor.prestartAllCoreThreads(ThreadPoolExecutor.java:1694) ~[tomcat-embed-core-10.1.5.jar:10.1.5]
?[0m?[0;34m	at org.apache.tomcat.util.threads.ThreadPoolExecutor.<init>(ThreadPoolExecutor.java:1370) ~[tomcat-embed-core-10.1.5.jar:10.1.5]
?[0m?[0;34m	at org.apache.tomcat.util.threads.ThreadPoolExecutor.<init>(ThreadPoolExecutor.java:1280) ~[tomcat-embed-core-10.1.5.jar:10.1.5]
?[0m?[0;34m	at org.apache.tomcat.util.net.AbstractEndpoint.createExecutor(AbstractEndpoint.java:948) ~[tomcat-embed-core-10.1.5.jar:10.1.5]
?[0m?[0;34m	at org.apache.tomcat.util.net.NioEndpoint.startInternal(NioEndpoint.java:279) ~[tomcat-embed-core-10.1.5.jar:10.1.5]
?[0m?[0;34m	at org.apache.tomcat.util.net.AbstractEndpoint.start(AbstractEndpoint.java:1261) ~[tomcat-embed-core-10.1.5.jar:10.1.5]
?[0m?[0;34m	at org.apache.coyote.AbstractProtocol.start(AbstractProtocol.java:586) ~[tomcat-embed-core-10.1.5.jar:10.1.5]
?[0m?[0;34m	at org.apache.catalina.connector.Connector.startInternal(Connector.java:1081) ~[tomcat-embed-core-10.1.5.jar:10.1.5]
?[0m?[0;34m	at org.apache.catalina.util.LifecycleBase.start(LifecycleBase.java:183) ~[tomcat-embed-core-10.1.5.jar:10.1.5]
?[0m?[0;34m	at org.apache.catalina.core.StandardService.addConnector(StandardService.java:234) ~[tomcat-embed-core-10.1.5.jar:10.1.5]
?[0m?[0;34m	at org.springframework.boot.web.embedded.tomcat.TomcatWebServer.addPreviouslyRemovedConnectors(TomcatWebServer.java:282) ~[spring-boot-3.0.2.jar:3.0.2]
?[0m?[0;34m	at org.springframework.boot.web.embedded.tomcat.TomcatWebServer.start(TomcatWebServer.java:213) ~[spring-boot-3.0.2.jar:3.0.2]
?[0m?[0;34m	at org.springframework.boot.web.servlet.context.WebServerStartStopLifecycle.start(WebServerStartStopLifecycle.java:44) ~[spring-boot-3.0.2.jar:3.0.2]
?[0m?[0;34m	at org.springframework.context.support.DefaultLifecycleProcessor.doStart(DefaultLifecycleProcessor.java:178) ~[spring-context-6.0.4.jar:6.0.4]
?[0m?[0;34m	at org.springframework.context.support.DefaultLifecycleProcessor$LifecycleGroup.start(DefaultLifecycleProcessor.java:356) ~[spring-context-6.0.4.jar:6.0.4]
?[0m?[0;34m	at java.base/java.lang.Iterable.forEach(Iterable.java:75) ~[na:na]
?[0m?[0;34m	at org.springframework.context.support.DefaultLifecycleProcessor.startBeans(DefaultLifecycleProcessor.java:155) ~[spring-context-6.0.4.jar:6.0.4]
?[0m?[0;34m	at org.springframework.context.support.DefaultLifecycleProcessor.onRefresh(DefaultLifecycleProcessor.java:123) ~[spring-context-6.0.4.jar:6.0.4]
?[0m?[0;34m	at org.springframework.context.support.AbstractApplicationContext.finishRefresh(AbstractApplicationContext.java:932) ~[spring-context-6.0.4.jar:6.0.4]
?[0m?[0;34m	at org.springframework.context.support.AbstractApplicationContext.refresh(AbstractApplicationContext.java:587) ~[spring-context-6.0.4.jar:6.0.4]
?[0m?[0;34m	at org.springframework.boot.web.servlet.context.ServletWebServerApplicationContext.refresh(ServletWebServerApplicationContext.java:146) ~[spring-boot-3.0.2.jar:3.0.2]
?[0m?[0;34m	at org.springframework.boot.SpringApplication.refresh(SpringApplication.java:730) ~[spring-boot-3.0.2.jar:3.0.2]
?[0m?[0;34m	at org.springframework.boot.SpringApplication.refreshContext(SpringApplication.java:432) ~[spring-boot-3.0.2.jar:3.0.2]
?[0m?[0;34m	at org.springframework.boot.SpringApplication.run(SpringApplication.java:308) ~[spring-boot-3.0.2.jar:3.0.2]
?[0m?[0;34m	at org.springframework.boot.SpringApplication.run(SpringApplication.java:1302) ~[spring-boot-3.0.2.jar:3.0.2]
?[0m?[0;34m	at org.springframework.boot.SpringApplication.run(SpringApplication.java:1291) ~[spring-boot-3.0.2.jar:3.0.2]
?[0m?[0;34m	at account.AccountServiceApplication.main(AccountServiceApplication.java:12) ~[main/:na]
?[0m?[0;34m	at java.base/jdk.internal.reflect.NativeMethodAccessorImpl.invoke0(Native Method) ~[na:na]
?[0m?[0;34m	at java.base/jdk.internal.reflect.NativeMethodAccessorImpl.invoke(NativeMethodAccessorImpl.java:77) ~[na:na]
?[0m?[0;34m	at java.base/jdk.internal.reflect.DelegatingMethodAccessorImpl.invoke(DelegatingMethodAccessorImpl.java:43) ~[na:na]
?[0m?[0;34m	at java.base/java.lang.reflect.Method.invoke(Method.java:568) ~[na:na]
?[0m?[0;34m	at org.hyperskill.hstest.stage.SpringTest.startSpring(SpringTest.java:187) ~[hs-test-release-SNAPSHOT.jar:na]
?[0m?[0;34m	at org.hyperskill.hstest.stage.SpringTest.reloadSpring(SpringTest.java:239) ~[hs-test-release-SNAPSHOT.jar:na]
?[0m?[0;34m	at AccountServiceTest.restartApplication(AccountServiceTest.java:262) ~[test/:na]
?[0m?[0;34m	at AccountServiceTest.lambda$new$45(AccountServiceTest.java:452) ~[test/:na]
?[0m?[0;34m	at org.hyperskill.hstest.dynamic.input.DynamicTesting.lambda$searchDynamicTests$3(DynamicTesting.java:289) ~[hs-test-release-SNAPSHOT.jar:na]
?[0m?[0;34m	at org.hyperskill.hstest.dynamic.input.DynamicTesting$1DynamicTestElement.lambda$getTests$0(DynamicTesting.java:252) ~[hs-test-release-SNAPSHOT.jar:na]
?[0m?[0;34m	at org.hyperskill.hstest.testing.runner.SpringApplicationRunner.test(SpringApplicationRunner.java:43) ~[hs-test-release-SNAPSHOT.jar:na]
?[0m?[0;34m	at org.hyperskill.hstest.testing.TestRun.test(TestRun.java:94) ~[hs-test-release-SNAPSHOT.jar:na]
?[0m?[0;34m	at org.hyperskill.hstest.stage.StageTest.start(StageTest.java:164) ~[hs-test-release-SNAPSHOT.jar:na]
?[0m?[0;34m	at java.base/jdk.internal.reflect.NativeMethodAccessorImpl.invoke0(Native Method) ~[na:na]
?[0m?[0;34m	at java.base/jdk.internal.reflect.NativeMethodAccessorImpl.invoke(NativeMethodAccessorImpl.java:77) ~[na:na]
?[0m?[0;34m	at java.base/jdk.internal.reflect.DelegatingMethodAccessorImpl.invoke(DelegatingMethodAccessorImpl.java:43) ~[na:na]
?[0m?[0;34m	at java.base/java.lang.reflect.Method.invoke(Method.java:568) ~[na:na]
?[0m?[0;34m	at org.junit.runners.model.FrameworkMethod$1.runReflectiveCall(FrameworkMethod.java:59) ~[junit-4.13.2.jar:4.13.2]
?[0m?[0;34m	at org.junit.internal.runners.model.ReflectiveCallable.run(ReflectiveCallable.java:12) ~[junit-4.13.2.jar:4.13.2]
?[0m?[0;34m	at org.junit.runners.model.FrameworkMethod.invokeExplosively(FrameworkMethod.java:56) ~[junit-4.13.2.jar:4.13.2]
?[0m?[0;34m	at org.junit.internal.runners.statements.InvokeMethod.evaluate(InvokeMethod.java:17) ~[junit-4.13.2.jar:4.13.2]
?[0m?[0;34m	at org.junit.internal.runners.statements.RunAfters.evaluate(RunAfters.java:27) ~[junit-4.13.2.jar:4.13.2]
?[0m?[0;34m	at org.junit.runners.ParentRunner$3.evaluate(ParentRunner.java:306) ~[junit-4.13.2.jar:4.13.2]
?[0m?[0;34m	at org.junit.runners.BlockJUnit4ClassRunner$1.evaluate(BlockJUnit4ClassRunner.java:100) ~[junit-4.13.2.jar:4.13.2]
?[0m?[0;34m	at org.junit.runners.ParentRunner.runLeaf(ParentRunner.java:366) ~[junit-4.13.2.jar:4.13.2]
?[0m?[0;34m	at org.junit.runners.BlockJUnit4ClassRunner.runChild(BlockJUnit4ClassRunner.java:103) ~[junit-4.13.2.jar:4.13.2]
?[0m?[0;34m	at org.junit.runners.BlockJUnit4ClassRunner.runChild(BlockJUnit4ClassRunner.java:63) ~[junit-4.13.2.jar:4.13.2]
?[0m?[0;34m	at org.junit.runners.ParentRunner$4.run(ParentRunner.java:331) ~[junit-4.13.2.jar:4.13.2]
?[0m?[0;34m	at org.junit.runners.ParentRunner$1.schedule(ParentRunner.java:79) ~[junit-4.13.2.jar:4.13.2]
?[0m?[0;34m	at org.junit.runners.ParentRunner.runChildren(ParentRunner.java:329) ~[junit-4.13.2.jar:4.13.2]
?[0m?[0;34m	at org.junit.runners.ParentRunner.access$100(ParentRunner.java:66) ~[junit-4.13.2.jar:4.13.2]
?[0m?[0;34m	at org.junit.runners.ParentRunner$2.evaluate(ParentRunner.java:293) ~[junit-4.13.2.jar:4.13.2]
?[0m?[0;34m	at org.junit.runners.ParentRunner$3.evaluate(ParentRunner.java:306) ~[junit-4.13.2.jar:4.13.2]
?[0m?[0;34m	at org.junit.runners.ParentRunner.run(ParentRunner.java:413) ~[junit-4.13.2.jar:4.13.2]
?[0m?[0;34m	at org.gradle.api.internal.tasks.testing.junit.JUnitTestClassExecutor.runTestClass(JUnitTestClassExecutor.java:108) ~[na:na]
?[0m?[0;34m	at org.gradle.api.internal.tasks.testing.junit.JUnitTestClassExecutor.execute(JUnitTestClassExecutor.java:57) ~[na:na]
?[0m?[0;34m	at org.gradle.api.internal.tasks.testing.junit.JUnitTestClassExecutor.execute(JUnitTestClassExecutor.java:39) ~[na:na]
?[0m?[0;34m	at org.gradle.api.internal.tasks.testing.junit.AbstractJUnitTestClassProcessor.processTestClass(AbstractJUnitTestClassProcessor.java:62) ~[na:na]
?[0m?[0;34m	at org.gradle.api.internal.tasks.testing.SuiteTestClassProcessor.processTestClass(SuiteTestClassProcessor.java:52) ~[na:na]
?[0m?[0;34m	at java.base/jdk.internal.reflect.NativeMethodAccessorImpl.invoke0(Native Method) ~[na:na]
?[0m?[0;34m	at java.base/jdk.internal.reflect.NativeMethodAccessorImpl.invoke(NativeMethodAccessorImpl.java:77) ~[na:na]
?[0m?[0;34m	at java.base/jdk.internal.reflect.DelegatingMethodAccessorImpl.invoke(DelegatingMethodAccessorImpl.java:43) ~[na:na]
?[0m?[0;34m	at java.base/java.lang.reflect.Method.invoke(Method.java:568) ~[na:na]
?[0m?[0;34m	at org.gradle.internal.dispatch.ReflectionDispatch.dispatch(ReflectionDispatch.java:36) ~[na:na]
?[0m?[0;34m	at org.gradle.internal.dispatch.ReflectionDispatch.dispatch(ReflectionDispatch.java:24) ~[na:na]
?[0m?[0;34m	at org.gradle.internal.dispatch.ContextClassLoaderDispatch.dispatch(ContextClassLoaderDispatch.java:33) ~[na:na]
?[0m?[0;34m	at org.gradle.internal.dispatch.ProxyDispatchAdapter$DispatchingInvocationHandler.invoke(ProxyDispatchAdapter.java:94) ~[na:na]
?[0m?[0;34m	at jdk.proxy1/jdk.proxy1.$Proxy2.processTestClass(Unknown Source) ~[na:na]
?[0m?[0;34m	at org.gradle.api.internal.tasks.testing.worker.TestWorker$2.run(TestWorker.java:176) ~[na:na]
?[0m?[0;34m	at org.gradle.api.internal.tasks.testing.worker.TestWorker.executeAndMaintainThreadName(TestWorker.java:129) ~[na:na]
?[0m?[0;34m	at org.gradle.api.internal.tasks.testing.worker.TestWorker.execute(TestWorker.java:100) ~[na:na]
?[0m?[0;34m	at org.gradle.api.internal.tasks.testing.worker.TestWorker.execute(TestWorker.java:60) ~[na:na]
?[0m?[0;34m	at org.gradle.process.internal.worker.child.ActionExecutionWorker.execute(ActionExecutionWorker.java:56) ~[na:na]
?[0m?[0;34m	at org.gradle.process.internal.worker.child.SystemApplicationClassLoaderWorker.call(SystemApplicationClassLoaderWorker.java:113) ~[na:na]
?[0m?[0;34m	at org.gradle.process.internal.worker.child.SystemApplicationClassLoaderWorker.call(SystemApplicationClassLoaderWorker.java:65) ~[na:na]
?[0m?[0;34m	at worker.org.gradle.process.internal.worker.GradleWorkerMain.run(GradleWorkerMain.java:69) ~[gradle-worker.jar:na]
?[0m?[0;34m	at worker.org.gradle.process.internal.worker.GradleWorkerMain.main(GradleWorkerMain.java:74) ~[gradle-worker.jar:na]
?[0m?[0;34m
?[0m?[0;34m?[2m2023-08-22T13:43:58.638+02:00?[0;39m ?[32m INFO?[0;39m ?[35m18216?[0;39m ?[2m---?[0;39m ?[2m[    Test worker]?[0;39m ?[36mo.s.b.w.embedded.tomcat.TomcatWebServer ?[0;39m ?[2m:?[0;39m Tomcat started on port(s): 28852 (http) with context path ''
?[0m?[0;34m?[2m2023-08-22T13:43:58.646+02:00?[0;39m ?[32m INFO?[0;39m ?[35m18216?[0;39m ?[2m---?[0;39m ?[2m[    Test worker]?[0;39m ?[36maccount.AccountServiceApplication       ?[0;39m ?[2m:?[0;39m Started AccountServiceApplication in 0.684 seconds (process running for 20.806)
?[0m?[1;31m
Start test 45?[0m
?[0;34m?[2m2023-08-22T13:43:58.651+02:00?[0;39m ?[32m INFO?[0;39m ?[35m18216?[0;39m ?[2m---?[0;39m ?[2m[io-28852-exec-1]?[0;39m ?[36mo.a.c.c.C.[Tomcat].[localhost].[/]      ?[0;39m ?[2m:?[0;39m Initializing Spring DispatcherServlet 'dispatcherServlet'
?[0m?[0;34m?[2m2023-08-22T13:43:58.652+02:00?[0;39m ?[32m INFO?[0;39m ?[35m18216?[0;39m ?[2m---?[0;39m ?[2m[io-28852-exec-1]?[0;39m ?[36mo.s.web.servlet.DispatcherServlet       ?[0;39m ?[2m:?[0;39m Initializing Servlet 'dispatcherServlet'
?[0m?[0;34m?[2m2023-08-22T13:43:58.653+02:00?[0;39m ?[32m INFO?[0;39m ?[35m18216?[0;39m ?[2m---?[0;39m ?[2m[io-28852-exec-1]?[0;39m ?[36mo.s.web.servlet.DispatcherServlet       ?[0;39m ?[2m:?[0;39m Completed initialization in 1 ms
?[0m?[0;34m?[2m2023-08-22T13:43:58.654+02:00?[0;39m ?[32mTRACE?[0;39m ?[35m18216?[0;39m ?[2m---?[0;39m ?[2m[io-28852-exec-1]?[0;39m ?[36mo.s.security.web.FilterChainProxy       ?[0;39m ?[2m:?[0;39m Trying to match request against DefaultSecurityFilterChain [RequestMatcher=any request, Filters=[org.springframework.security.web.session.DisableEncodeUrlFilter@1398e3aa, org.springframework.security.web.context.request.async.WebAsyncManagerIntegrationFilter@531bffd, org.springframework.security.web.context.SecurityContextHolderFilter@207fce87, org.springframework.security.web.header.HeaderWriterFilter@7c068c7b, org.springframework.security.web.authentication.logout.LogoutFilter@43a8dd9b, org.springframework.security.web.authentication.www.BasicAuthenticationFilter@1c7159d5, org.springframework.security.web.savedrequest.RequestCacheAwareFilter@67171221, org.springframework.security.web.servletapi.SecurityContextHolderAwareRequestFilter@2f3a3fec, org.springframework.security.web.authentication.AnonymousAuthenticationFilter@31c87223, org.springframework.security.web.session.SessionManagementFilter@31906cb2, org.springframework.security.web.access.ExceptionTranslationFilter@4b9187de, org.springframework.security.web.access.intercept.AuthorizationFilter@1659a0ff]] (1/1)
?[0m?[0;34m?[2m2023-08-22T13:43:58.654+02:00?[0;39m ?[32mDEBUG?[0;39m ?[35m18216?[0;39m ?[2m---?[0;39m ?[2m[io-28852-exec-1]?[0;39m ?[36mo.s.security.web.FilterChainProxy       ?[0;39m ?[2m:?[0;39m Securing GET /api/empl/payment
?[0m?[0;34m?[2m2023-08-22T13:43:58.654+02:00?[0;39m ?[32mTRACE?[0;39m ?[35m18216?[0;39m ?[2m---?[0;39m ?[2m[io-28852-exec-1]?[0;39m ?[36mo.s.security.web.FilterChainProxy       ?[0;39m ?[2m:?[0;39m Invoking DisableEncodeUrlFilter (1/12)
?[0m?[0;34m?[2m2023-08-22T13:43:58.654+02:00?[0;39m ?[32mTRACE?[0;39m ?[35m18216?[0;39m ?[2m---?[0;39m ?[2m[io-28852-exec-1]?[0;39m ?[36mo.s.security.web.FilterChainProxy       ?[0;39m ?[2m:?[0;39m Invoking WebAsyncManagerIntegrationFilter (2/12)
?[0m?[0;34m?[2m2023-08-22T13:43:58.654+02:00?[0;39m ?[32mTRACE?[0;39m ?[35m18216?[0;39m ?[2m---?[0;39m ?[2m[io-28852-exec-1]?[0;39m ?[36mo.s.security.web.FilterChainProxy       ?[0;39m ?[2m:?[0;39m Invoking SecurityContextHolderFilter (3/12)
?[0m?[0;34m?[2m2023-08-22T13:43:58.654+02:00?[0;39m ?[32mTRACE?[0;39m ?[35m18216?[0;39m ?[2m---?[0;39m ?[2m[io-28852-exec-1]?[0;39m ?[36mo.s.security.web.FilterChainProxy       ?[0;39m ?[2m:?[0;39m Invoking HeaderWriterFilter (4/12)
?[0m?[0;34m?[2m2023-08-22T13:43:58.654+02:00?[0;39m ?[32mTRACE?[0;39m ?[35m18216?[0;39m ?[2m---?[0;39m ?[2m[io-28852-exec-1]?[0;39m ?[36mo.s.security.web.FilterChainProxy       ?[0;39m ?[2m:?[0;39m Invoking LogoutFilter (5/12)
?[0m?[0;34m?[2m2023-08-22T13:43:58.654+02:00?[0;39m ?[32mTRACE?[0;39m ?[35m18216?[0;39m ?[2m---?[0;39m ?[2m[io-28852-exec-1]?[0;39m ?[36mo.s.s.w.a.logout.LogoutFilter           ?[0;39m ?[2m:?[0;39m Did not match request to Or [Ant [pattern='/logout', GET], Ant [pattern='/logout', POST], Ant [pattern='/logout', PUT], Ant [pattern='/logout', DELETE]]
?[0m?[0;34m?[2m2023-08-22T13:43:58.654+02:00?[0;39m ?[32mTRACE?[0;39m ?[35m18216?[0;39m ?[2m---?[0;39m ?[2m[io-28852-exec-1]?[0;39m ?[36mo.s.security.web.FilterChainProxy       ?[0;39m ?[2m:?[0;39m Invoking BasicAuthenticationFilter (6/12)
?[0m?[0;34m?[2m2023-08-22T13:43:58.654+02:00?[0;39m ?[32mTRACE?[0;39m ?[35m18216?[0;39m ?[2m---?[0;39m ?[2m[io-28852-exec-1]?[0;39m ?[36mo.s.s.w.a.www.BasicAuthenticationFilter ?[0;39m ?[2m:?[0;39m Found username 'maxmustermann@acme.com' in Basic Authorization header
?[0m?[0;34m?[2m2023-08-22T13:43:58.655+02:00?[0;39m ?[32mTRACE?[0;39m ?[35m18216?[0;39m ?[2m---?[0;39m ?[2m[io-28852-exec-1]?[0;39m ?[36m.s.s.w.c.SupplierDeferredSecurityContext?[0;39m ?[2m:?[0;39m Created SecurityContextImpl [Null authentication]
?[0m?[0;34m?[2m2023-08-22T13:43:58.655+02:00?[0;39m ?[32mTRACE?[0;39m ?[35m18216?[0;39m ?[2m---?[0;39m ?[2m[io-28852-exec-1]?[0;39m ?[36mo.s.s.authentication.ProviderManager    ?[0;39m ?[2m:?[0;39m Authenticating request with DaoAuthenticationProvider (1/1)
?[0m?[0;34mHibernate: select u1_0.id,u1_0.email,u1_0.lastname,u1_0.name,u1_0.password from users u1_0 where upper(u1_0.email)=upper(?)
?[0m?[0;34m?[2m2023-08-22T13:43:58.788+02:00?[0;39m ?[32mDEBUG?[0;39m ?[35m18216?[0;39m ?[2m---?[0;39m ?[2m[io-28852-exec-1]?[0;39m ?[36mo.s.s.a.dao.DaoAuthenticationProvider   ?[0;39m ?[2m:?[0;39m Authenticated user
?[0m?[0;34m?[2m2023-08-22T13:43:58.789+02:00?[0;39m ?[32mDEBUG?[0;39m ?[35m18216?[0;39m ?[2m---?[0;39m ?[2m[io-28852-exec-1]?[0;39m ?[36mo.s.s.w.a.www.BasicAuthenticationFilter ?[0;39m ?[2m:?[0;39m Set SecurityContextHolder to UsernamePasswordAuthenticationToken [Principal=account.businesslayer.security.UserAdapter@3a29aaba, Credentials=[PROTECTED], Authenticated=true, Details=WebAuthenticationDetails [RemoteIpAddress=127.0.0.1, SessionId=null], Granted Authorities=[ROLE_USER]]
?[0m?[0;34m?[2m2023-08-22T13:43:58.789+02:00?[0;39m ?[32mTRACE?[0;39m ?[35m18216?[0;39m ?[2m---?[0;39m ?[2m[io-28852-exec-1]?[0;39m ?[36mo.s.security.web.FilterChainProxy       ?[0;39m ?[2m:?[0;39m Invoking RequestCacheAwareFilter (7/12)
?[0m?[0;34m?[2m2023-08-22T13:43:58.789+02:00?[0;39m ?[32mTRACE?[0;39m ?[35m18216?[0;39m ?[2m---?[0;39m ?[2m[io-28852-exec-1]?[0;39m ?[36mo.s.security.web.FilterChainProxy       ?[0;39m ?[2m:?[0;39m Invoking SecurityContextHolderAwareRequestFilter (8/12)
?[0m?[0;34m?[2m2023-08-22T13:43:58.789+02:00?[0;39m ?[32mTRACE?[0;39m ?[35m18216?[0;39m ?[2m---?[0;39m ?[2m[io-28852-exec-1]?[0;39m ?[36mo.s.security.web.FilterChainProxy       ?[0;39m ?[2m:?[0;39m Invoking AnonymousAuthenticationFilter (9/12)
?[0m?[0;34m?[2m2023-08-22T13:43:58.789+02:00?[0;39m ?[32mTRACE?[0;39m ?[35m18216?[0;39m ?[2m---?[0;39m ?[2m[io-28852-exec-1]?[0;39m ?[36mo.s.security.web.FilterChainProxy       ?[0;39m ?[2m:?[0;39m Invoking SessionManagementFilter (10/12)
?[0m?[0;34m?[2m2023-08-22T13:43:58.789+02:00?[0;39m ?[32mTRACE?[0;39m ?[35m18216?[0;39m ?[2m---?[0;39m ?[2m[io-28852-exec-1]?[0;39m ?[36mo.s.s.w.a.AnonymousAuthenticationFilter ?[0;39m ?[2m:?[0;39m Did not set SecurityContextHolder since already authenticated UsernamePasswordAuthenticationToken [Principal=account.businesslayer.security.UserAdapter@3a29aaba, Credentials=[PROTECTED], Authenticated=true, Details=WebAuthenticationDetails [RemoteIpAddress=127.0.0.1, SessionId=null], Granted Authorities=[ROLE_USER]]
?[0m?[0;34m?[2m2023-08-22T13:43:58.789+02:00?[0;39m ?[32mTRACE?[0;39m ?[35m18216?[0;39m ?[2m---?[0;39m ?[2m[io-28852-exec-1]?[0;39m ?[36ms.CompositeSessionAuthenticationStrategy?[0;39m ?[2m:?[0;39m Preparing session with ChangeSessionIdAuthenticationStrategy (1/1)
?[0m?[0;34m?[2m2023-08-22T13:43:58.789+02:00?[0;39m ?[32mTRACE?[0;39m ?[35m18216?[0;39m ?[2m---?[0;39m ?[2m[io-28852-exec-1]?[0;39m ?[36mo.s.security.web.FilterChainProxy       ?[0;39m ?[2m:?[0;39m Invoking ExceptionTranslationFilter (11/12)
?[0m?[0;34m?[2m2023-08-22T13:43:58.789+02:00?[0;39m ?[32mTRACE?[0;39m ?[35m18216?[0;39m ?[2m---?[0;39m ?[2m[io-28852-exec-1]?[0;39m ?[36mo.s.security.web.FilterChainProxy       ?[0;39m ?[2m:?[0;39m Invoking AuthorizationFilter (12/12)
?[0m?[0;34m?[2m2023-08-22T13:43:58.790+02:00?[0;39m ?[32mTRACE?[0;39m ?[35m18216?[0;39m ?[2m---?[0;39m ?[2m[io-28852-exec-1]?[0;39m ?[36mestMatcherDelegatingAuthorizationManager?[0;39m ?[2m:?[0;39m Authorizing SecurityContextHolderAwareRequestWrapper[ org.springframework.security.web.header.HeaderWriterFilter$HeaderWriterRequest@1ca87bff]
?[0m?[0;34m?[2m2023-08-22T13:43:58.790+02:00?[0;39m ?[32mTRACE?[0;39m ?[35m18216?[0;39m ?[2m---?[0;39m ?[2m[io-28852-exec-1]?[0;39m ?[36mestMatcherDelegatingAuthorizationManager?[0;39m ?[2m:?[0;39m Checking authorization on SecurityContextHolderAwareRequestWrapper[ org.springframework.security.web.header.HeaderWriterFilter$HeaderWriterRequest@1ca87bff] using org.springframework.security.authorization.AuthenticatedAuthorizationManager@231d7549
?[0m?[0;34m?[2m2023-08-22T13:43:58.790+02:00?[0;39m ?[32mDEBUG?[0;39m ?[35m18216?[0;39m ?[2m---?[0;39m ?[2m[io-28852-exec-1]?[0;39m ?[36mo.s.security.web.FilterChainProxy       ?[0;39m ?[2m:?[0;39m Secured GET /api/empl/payment
?[0m?[0;34mHibernate: select u1_0.id,u1_0.email,u1_0.lastname,u1_0.name,u1_0.password from users u1_0 where upper(u1_0.email)=upper(?)
?[0m?[0;34m?[2m2023-08-22T13:43:58.794+02:00?[0;39m ?[32mTRACE?[0;39m ?[35m18216?[0;39m ?[2m---?[0;39m ?[2m[io-28852-exec-1]?[0;39m ?[36mo.s.s.w.header.writers.HstsHeaderWriter ?[0;39m ?[2m:?[0;39m Not injecting HSTS header since it did not match request to [Is Secure]
?[1;31m
Start test 46?[0m
?[0;34m?[2m2023-08-22T13:43:58.801+02:00?[0;39m ?[32mTRACE?[0;39m ?[35m18216?[0;39m ?[2m---?[0;39m ?[2m[io-28852-exec-2]?[0;39m ?[36mo.s.security.web.FilterChainProxy       ?[0;39m ?[2m:?[0;39m Trying to match request against DefaultSecurityFilterChain [RequestMatcher=any request, Filters=[org.springframework.security.web.session.DisableEncodeUrlFilter@1398e3aa, org.springframework.security.web.context.request.async.WebAsyncManagerIntegrationFilter@531bffd, org.springframework.security.web.context.SecurityContextHolderFilter@207fce87, org.springframework.security.web.header.HeaderWriterFilter@7c068c7b, org.springframework.security.web.authentication.logout.LogoutFilter@43a8dd9b, org.springframework.security.web.authentication.www.BasicAuthenticationFilter@1c7159d5, org.springframework.security.web.savedrequest.RequestCacheAwareFilter@67171221, org.springframework.security.web.servletapi.SecurityContextHolderAwareRequestFilter@2f3a3fec, org.springframework.security.web.authentication.AnonymousAuthenticationFilter@31c87223, org.springframework.security.web.session.SessionManagementFilter@31906cb2, org.springframework.security.web.access.ExceptionTranslationFilter@4b9187de, org.springframework.security.web.access.intercept.AuthorizationFilter@1659a0ff]] (1/1)
?[0m?[0;34m?[2m2023-08-22T13:43:58.801+02:00?[0;39m ?[32mDEBUG?[0;39m ?[35m18216?[0;39m ?[2m---?[0;39m ?[2m[io-28852-exec-2]?[0;39m ?[36mo.s.security.web.FilterChainProxy       ?[0;39m ?[2m:?[0;39m Securing POST /api/auth/changepass
?[0m?[0;34m?[2m2023-08-22T13:43:58.801+02:00?[0;39m ?[32mTRACE?[0;39m ?[35m18216?[0;39m ?[2m---?[0;39m ?[2m[io-28852-exec-2]?[0;39m ?[36mo.s.security.web.FilterChainProxy       ?[0;39m ?[2m:?[0;39m Invoking DisableEncodeUrlFilter (1/12)
?[0m?[0;34m?[2m2023-08-22T13:43:58.801+02:00?[0;39m ?[32mTRACE?[0;39m ?[35m18216?[0;39m ?[2m---?[0;39m ?[2m[io-28852-exec-2]?[0;39m ?[36mo.s.security.web.FilterChainProxy       ?[0;39m ?[2m:?[0;39m Invoking WebAsyncManagerIntegrationFilter (2/12)
?[0m?[0;34m?[2m2023-08-22T13:43:58.801+02:00?[0;39m ?[32mTRACE?[0;39m ?[35m18216?[0;39m ?[2m---?[0;39m ?[2m[io-28852-exec-2]?[0;39m ?[36mo.s.security.web.FilterChainProxy       ?[0;39m ?[2m:?[0;39m Invoking SecurityContextHolderFilter (3/12)
?[0m?[0;34m?[2m2023-08-22T13:43:58.801+02:00?[0;39m ?[32mTRACE?[0;39m ?[35m18216?[0;39m ?[2m---?[0;39m ?[2m[io-28852-exec-2]?[0;39m ?[36mo.s.security.web.FilterChainProxy       ?[0;39m ?[2m:?[0;39m Invoking HeaderWriterFilter (4/12)
?[0m?[0;34m?[2m2023-08-22T13:43:58.801+02:00?[0;39m ?[32mTRACE?[0;39m ?[35m18216?[0;39m ?[2m---?[0;39m ?[2m[io-28852-exec-2]?[0;39m ?[36mo.s.security.web.FilterChainProxy       ?[0;39m ?[2m:?[0;39m Invoking LogoutFilter (5/12)
?[0m?[0;34m?[2m2023-08-22T13:43:58.801+02:00?[0;39m ?[32mTRACE?[0;39m ?[35m18216?[0;39m ?[2m---?[0;39m ?[2m[io-28852-exec-2]?[0;39m ?[36mo.s.s.w.a.logout.LogoutFilter           ?[0;39m ?[2m:?[0;39m Did not match request to Or [Ant [pattern='/logout', GET], Ant [pattern='/logout', POST], Ant [pattern='/logout', PUT], Ant [pattern='/logout', DELETE]]
?[0m?[0;34m?[2m2023-08-22T13:43:58.801+02:00?[0;39m ?[32mTRACE?[0;39m ?[35m18216?[0;39m ?[2m---?[0;39m ?[2m[io-28852-exec-2]?[0;39m ?[36mo.s.security.web.FilterChainProxy       ?[0;39m ?[2m:?[0;39m Invoking BasicAuthenticationFilter (6/12)
?[0m?[0;34m?[2m2023-08-22T13:43:58.801+02:00?[0;39m ?[32mTRACE?[0;39m ?[35m18216?[0;39m ?[2m---?[0;39m ?[2m[io-28852-exec-2]?[0;39m ?[36mo.s.s.w.a.www.BasicAuthenticationFilter ?[0;39m ?[2m:?[0;39m Found username 'johndoe@acme.com' in Basic Authorization header
?[0m?[0;34m?[2m2023-08-22T13:43:58.801+02:00?[0;39m ?[32mTRACE?[0;39m ?[35m18216?[0;39m ?[2m---?[0;39m ?[2m[io-28852-exec-2]?[0;39m ?[36m.s.s.w.c.SupplierDeferredSecurityContext?[0;39m ?[2m:?[0;39m Created SecurityContextImpl [Null authentication]
?[0m?[0;34m?[2m2023-08-22T13:43:58.801+02:00?[0;39m ?[32mTRACE?[0;39m ?[35m18216?[0;39m ?[2m---?[0;39m ?[2m[io-28852-exec-2]?[0;39m ?[36mo.s.s.authentication.ProviderManager    ?[0;39m ?[2m:?[0;39m Authenticating request with DaoAuthenticationProvider (1/1)
?[0m?[0;34mHibernate: select u1_0.id,u1_0.email,u1_0.lastname,u1_0.name,u1_0.password from users u1_0 where upper(u1_0.email)=upper(?)
?[0m?[0;34m?[2m2023-08-22T13:43:58.863+02:00?[0;39m ?[32mDEBUG?[0;39m ?[35m18216?[0;39m ?[2m---?[0;39m ?[2m[io-28852-exec-2]?[0;39m ?[36mo.s.s.a.dao.DaoAuthenticationProvider   ?[0;39m ?[2m:?[0;39m Authenticated user
?[0m?[0;34m?[2m2023-08-22T13:43:58.864+02:00?[0;39m ?[32mDEBUG?[0;39m ?[35m18216?[0;39m ?[2m---?[0;39m ?[2m[io-28852-exec-2]?[0;39m ?[36mo.s.s.w.a.www.BasicAuthenticationFilter ?[0;39m ?[2m:?[0;39m Set SecurityContextHolder to UsernamePasswordAuthenticationToken [Principal=account.businesslayer.security.UserAdapter@265b87b, Credentials=[PROTECTED], Authenticated=true, Details=WebAuthenticationDetails [RemoteIpAddress=127.0.0.1, SessionId=null], Granted Authorities=[ROLE_USER]]
?[0m?[0;34m?[2m2023-08-22T13:43:58.864+02:00?[0;39m ?[32mTRACE?[0;39m ?[35m18216?[0;39m ?[2m---?[0;39m ?[2m[io-28852-exec-2]?[0;39m ?[36mo.s.security.web.FilterChainProxy       ?[0;39m ?[2m:?[0;39m Invoking RequestCacheAwareFilter (7/12)
?[0m?[0;34m?[2m2023-08-22T13:43:58.864+02:00?[0;39m ?[32mTRACE?[0;39m ?[35m18216?[0;39m ?[2m---?[0;39m ?[2m[io-28852-exec-2]?[0;39m ?[36mo.s.security.web.FilterChainProxy       ?[0;39m ?[2m:?[0;39m Invoking SecurityContextHolderAwareRequestFilter (8/12)
?[0m?[0;34m?[2m2023-08-22T13:43:58.864+02:00?[0;39m ?[32mTRACE?[0;39m ?[35m18216?[0;39m ?[2m---?[0;39m ?[2m[io-28852-exec-2]?[0;39m ?[36mo.s.security.web.FilterChainProxy       ?[0;39m ?[2m:?[0;39m Invoking AnonymousAuthenticationFilter (9/12)
?[0m?[0;34m?[2m2023-08-22T13:43:58.864+02:00?[0;39m ?[32mTRACE?[0;39m ?[35m18216?[0;39m ?[2m---?[0;39m ?[2m[io-28852-exec-2]?[0;39m ?[36mo.s.security.web.FilterChainProxy       ?[0;39m ?[2m:?[0;39m Invoking SessionManagementFilter (10/12)
?[0m?[0;34m?[2m2023-08-22T13:43:58.864+02:00?[0;39m ?[32mTRACE?[0;39m ?[35m18216?[0;39m ?[2m---?[0;39m ?[2m[io-28852-exec-2]?[0;39m ?[36mo.s.s.w.a.AnonymousAuthenticationFilter ?[0;39m ?[2m:?[0;39m Did not set SecurityContextHolder since already authenticated UsernamePasswordAuthenticationToken [Principal=account.businesslayer.security.UserAdapter@265b87b, Credentials=[PROTECTED], Authenticated=true, Details=WebAuthenticationDetails [RemoteIpAddress=127.0.0.1, SessionId=null], Granted Authorities=[ROLE_USER]]
?[0m?[0;34m?[2m2023-08-22T13:43:58.864+02:00?[0;39m ?[32mTRACE?[0;39m ?[35m18216?[0;39m ?[2m---?[0;39m ?[2m[io-28852-exec-2]?[0;39m ?[36ms.CompositeSessionAuthenticationStrategy?[0;39m ?[2m:?[0;39m Preparing session with ChangeSessionIdAuthenticationStrategy (1/1)
?[0m?[0;34m?[2m2023-08-22T13:43:58.864+02:00?[0;39m ?[32mTRACE?[0;39m ?[35m18216?[0;39m ?[2m---?[0;39m ?[2m[io-28852-exec-2]?[0;39m ?[36mo.s.security.web.FilterChainProxy       ?[0;39m ?[2m:?[0;39m Invoking ExceptionTranslationFilter (11/12)
?[0m?[0;34m?[2m2023-08-22T13:43:58.864+02:00?[0;39m ?[32mTRACE?[0;39m ?[35m18216?[0;39m ?[2m---?[0;39m ?[2m[io-28852-exec-2]?[0;39m ?[36mo.s.security.web.FilterChainProxy       ?[0;39m ?[2m:?[0;39m Invoking AuthorizationFilter (12/12)
?[0m?[0;34m?[2m2023-08-22T13:43:58.864+02:00?[0;39m ?[32mTRACE?[0;39m ?[35m18216?[0;39m ?[2m---?[0;39m ?[2m[io-28852-exec-2]?[0;39m ?[36mestMatcherDelegatingAuthorizationManager?[0;39m ?[2m:?[0;39m Authorizing SecurityContextHolderAwareRequestWrapper[ org.springframework.security.web.header.HeaderWriterFilter$HeaderWriterRequest@4b43bf28]
?[0m?[0;34m?[2m2023-08-22T13:43:58.865+02:00?[0;39m ?[32mTRACE?[0;39m ?[35m18216?[0;39m ?[2m---?[0;39m ?[2m[io-28852-exec-2]?[0;39m ?[36mestMatcherDelegatingAuthorizationManager?[0;39m ?[2m:?[0;39m Checking authorization on SecurityContextHolderAwareRequestWrapper[ org.springframework.security.web.header.HeaderWriterFilter$HeaderWriterRequest@4b43bf28] using org.springframework.security.authorization.AuthenticatedAuthorizationManager@231d7549
?[0m?[0;34m?[2m2023-08-22T13:43:58.865+02:00?[0;39m ?[32mDEBUG?[0;39m ?[35m18216?[0;39m ?[2m---?[0;39m ?[2m[io-28852-exec-2]?[0;39m ?[36mo.s.security.web.FilterChainProxy       ?[0;39m ?[2m:?[0;39m Secured POST /api/auth/changepass
?[0m?[0;34mHibernate: select u1_0.id,u1_0.email,u1_0.lastname,u1_0.name,u1_0.password from users u1_0 where upper(u1_0.email)=upper(?)
?[0m?[0;34mHibernate: update users set email=?, lastname=?, name=?, password=? where id=?
?[0m?[0;34m?[2m2023-08-22T13:43:58.997+02:00?[0;39m ?[32mTRACE?[0;39m ?[35m18216?[0;39m ?[2m---?[0;39m ?[2m[io-28852-exec-2]?[0;39m ?[36mo.s.s.w.header.writers.HstsHeaderWriter ?[0;39m ?[2m:?[0;39m Not injecting HSTS header since it did not match request to [Is Secure]
?[1;31m
Start test 47?[0m
?[0;34m?[2m2023-08-22T13:43:59.003+02:00?[0;39m ?[32mTRACE?[0;39m ?[35m18216?[0;39m ?[2m---?[0;39m ?[2m[io-28852-exec-3]?[0;39m ?[36mo.s.security.web.FilterChainProxy       ?[0;39m ?[2m:?[0;39m Trying to match request against DefaultSecurityFilterChain [RequestMatcher=any request, Filters=[org.springframework.security.web.session.DisableEncodeUrlFilter@1398e3aa, org.springframework.security.web.context.request.async.WebAsyncManagerIntegrationFilter@531bffd, org.springframework.security.web.context.SecurityContextHolderFilter@207fce87, org.springframework.security.web.header.HeaderWriterFilter@7c068c7b, org.springframework.security.web.authentication.logout.LogoutFilter@43a8dd9b, org.springframework.security.web.authentication.www.BasicAuthenticationFilter@1c7159d5, org.springframework.security.web.savedrequest.RequestCacheAwareFilter@67171221, org.springframework.security.web.servletapi.SecurityContextHolderAwareRequestFilter@2f3a3fec, org.springframework.security.web.authentication.AnonymousAuthenticationFilter@31c87223, org.springframework.security.web.session.SessionManagementFilter@31906cb2, org.springframework.security.web.access.ExceptionTranslationFilter@4b9187de, org.springframework.security.web.access.intercept.AuthorizationFilter@1659a0ff]] (1/1)
?[0m?[0;34m?[2m2023-08-22T13:43:59.003+02:00?[0;39m ?[32mDEBUG?[0;39m ?[35m18216?[0;39m ?[2m---?[0;39m ?[2m[io-28852-exec-3]?[0;39m ?[36mo.s.security.web.FilterChainProxy       ?[0;39m ?[2m:?[0;39m Securing GET /api/empl/payment
?[0m?[0;34m?[2m2023-08-22T13:43:59.003+02:00?[0;39m ?[32mTRACE?[0;39m ?[35m18216?[0;39m ?[2m---?[0;39m ?[2m[io-28852-exec-3]?[0;39m ?[36mo.s.security.web.FilterChainProxy       ?[0;39m ?[2m:?[0;39m Invoking DisableEncodeUrlFilter (1/12)
?[0m?[0;34m?[2m2023-08-22T13:43:59.003+02:00?[0;39m ?[32mTRACE?[0;39m ?[35m18216?[0;39m ?[2m---?[0;39m ?[2m[io-28852-exec-3]?[0;39m ?[36mo.s.security.web.FilterChainProxy       ?[0;39m ?[2m:?[0;39m Invoking WebAsyncManagerIntegrationFilter (2/12)
?[0m?[0;34m?[2m2023-08-22T13:43:59.003+02:00?[0;39m ?[32mTRACE?[0;39m ?[35m18216?[0;39m ?[2m---?[0;39m ?[2m[io-28852-exec-3]?[0;39m ?[36mo.s.security.web.FilterChainProxy       ?[0;39m ?[2m:?[0;39m Invoking SecurityContextHolderFilter (3/12)
?[0m?[0;34m?[2m2023-08-22T13:43:59.003+02:00?[0;39m ?[32mTRACE?[0;39m ?[35m18216?[0;39m ?[2m---?[0;39m ?[2m[io-28852-exec-3]?[0;39m ?[36mo.s.security.web.FilterChainProxy       ?[0;39m ?[2m:?[0;39m Invoking HeaderWriterFilter (4/12)
?[0m?[0;34m?[2m2023-08-22T13:43:59.003+02:00?[0;39m ?[32mTRACE?[0;39m ?[35m18216?[0;39m ?[2m---?[0;39m ?[2m[io-28852-exec-3]?[0;39m ?[36mo.s.security.web.FilterChainProxy       ?[0;39m ?[2m:?[0;39m Invoking LogoutFilter (5/12)
?[0m?[0;34m?[2m2023-08-22T13:43:59.003+02:00?[0;39m ?[32mTRACE?[0;39m ?[35m18216?[0;39m ?[2m---?[0;39m ?[2m[io-28852-exec-3]?[0;39m ?[36mo.s.s.w.a.logout.LogoutFilter           ?[0;39m ?[2m:?[0;39m Did not match request to Or [Ant [pattern='/logout', GET], Ant [pattern='/logout', POST], Ant [pattern='/logout', PUT], Ant [pattern='/logout', DELETE]]
?[0m?[0;34m?[2m2023-08-22T13:43:59.003+02:00?[0;39m ?[32mTRACE?[0;39m ?[35m18216?[0;39m ?[2m---?[0;39m ?[2m[io-28852-exec-3]?[0;39m ?[36mo.s.security.web.FilterChainProxy       ?[0;39m ?[2m:?[0;39m Invoking BasicAuthenticationFilter (6/12)
?[0m?[0;34m?[2m2023-08-22T13:43:59.003+02:00?[0;39m ?[32mTRACE?[0;39m ?[35m18216?[0;39m ?[2m---?[0;39m ?[2m[io-28852-exec-3]?[0;39m ?[36mo.s.s.w.a.www.BasicAuthenticationFilter ?[0;39m ?[2m:?[0;39m Found username 'JohnDoe@acme.com' in Basic Authorization header
?[0m?[0;34m?[2m2023-08-22T13:43:59.003+02:00?[0;39m ?[32mTRACE?[0;39m ?[35m18216?[0;39m ?[2m---?[0;39m ?[2m[io-28852-exec-3]?[0;39m ?[36m.s.s.w.c.SupplierDeferredSecurityContext?[0;39m ?[2m:?[0;39m Created SecurityContextImpl [Null authentication]
?[0m?[0;34m?[2m2023-08-22T13:43:59.003+02:00?[0;39m ?[32mTRACE?[0;39m ?[35m18216?[0;39m ?[2m---?[0;39m ?[2m[io-28852-exec-3]?[0;39m ?[36mo.s.s.authentication.ProviderManager    ?[0;39m ?[2m:?[0;39m Authenticating request with DaoAuthenticationProvider (1/1)
?[0m?[0;34mHibernate: select u1_0.id,u1_0.email,u1_0.lastname,u1_0.name,u1_0.password from users u1_0 where upper(u1_0.email)=upper(?)
?[0m?[0;34m?[2m2023-08-22T13:43:59.062+02:00?[0;39m ?[32mDEBUG?[0;39m ?[35m18216?[0;39m ?[2m---?[0;39m ?[2m[io-28852-exec-3]?[0;39m ?[36mo.s.s.a.dao.DaoAuthenticationProvider   ?[0;39m ?[2m:?[0;39m Failed to authenticate since password does not match stored value
?[0m?[0;34m?[2m2023-08-22T13:43:59.062+02:00?[0;39m ?[32mDEBUG?[0;39m ?[35m18216?[0;39m ?[2m---?[0;39m ?[2m[io-28852-exec-3]?[0;39m ?[36mo.s.s.w.a.www.BasicAuthenticationFilter ?[0;39m ?[2m:?[0;39m Failed to process authentication request
?[0m?[0;34m
?[0m?[0;34morg.springframework.security.authentication.BadCredentialsException: Bad credentials
?[0m?[0;34m	at org.springframework.security.authentication.dao.DaoAuthenticationProvider.additionalAuthenticationChecks(DaoAuthenticationProvider.java:80) ~[spring-security-core-6.0.1.jar:6.0.1]
?[0m?[0;34m	at org.springframework.security.authentication.dao.AbstractUserDetailsAuthenticationProvider.authenticate(AbstractUserDetailsAuthenticationProvider.java:147) ~[spring-security-core-6.0.1.jar:6.0.1]
?[0m?[0;34m	at org.springframework.security.authentication.ProviderManager.authenticate(ProviderManager.java:182) ~[spring-security-core-6.0.1.jar:6.0.1]
?[0m?[0;34m	at org.springframework.security.authentication.ProviderManager.authenticate(ProviderManager.java:201) ~[spring-security-core-6.0.1.jar:6.0.1]
?[0m?[0;34m	at org.springframework.security.authentication.ObservationAuthenticationManager.lambda$authenticate$1(ObservationAuthenticationManager.java:53) ~[spring-security-core-6.0.1.jar:6.0.1]
?[0m?[0;34m	at io.micrometer.observation.Observation.observe(Observation.java:559) ~[micrometer-observation-1.10.3.jar:1.10.3]
?[0m?[0;34m	at org.springframework.security.authentication.ObservationAuthenticationManager.authenticate(ObservationAuthenticationManager.java:52) ~[spring-security-core-6.0.1.jar:6.0.1]
?[0m?[0;34m	at org.springframework.security.web.authentication.www.BasicAuthenticationFilter.doFilterInternal(BasicAuthenticationFilter.java:176) ~[spring-security-web-6.0.1.jar:6.0.1]
?[0m?[0;34m	at org.springframework.web.filter.OncePerRequestFilter.doFilter(OncePerRequestFilter.java:116) ~[spring-web-6.0.4.jar:6.0.4]
?[0m?[0;34m	at org.springframework.security.web.ObservationFilterChainDecorator$ObservationFilter.wrapFilter(ObservationFilterChainDecorator.java:186) ~[spring-security-web-6.0.1.jar:6.0.1]
?[0m?[0;34m	at org.springframework.security.web.ObservationFilterChainDecorator$ObservationFilter.doFilter(ObservationFilterChainDecorator.java:173) ~[spring-security-web-6.0.1.jar:6.0.1]
?[0m?[0;34m	at org.springframework.security.web.ObservationFilterChainDecorator$VirtualFilterChain.doFilter(ObservationFilterChainDecorator.java:134) ~[spring-security-web-6.0.1.jar:6.0.1]
?[0m?[0;34m	at org.springframework.security.web.authentication.logout.LogoutFilter.doFilter(LogoutFilter.java:107) ~[spring-security-web-6.0.1.jar:6.0.1]
?[0m?[0;34m	at org.springframework.security.web.authentication.logout.LogoutFilter.doFilter(LogoutFilter.java:93) ~[spring-security-web-6.0.1.jar:6.0.1]
?[0m?[0;34m	at org.springframework.security.web.ObservationFilterChainDecorator$ObservationFilter.wrapFilter(ObservationFilterChainDecorator.java:186) ~[spring-security-web-6.0.1.jar:6.0.1]
?[0m?[0;34m	at org.springframework.security.web.ObservationFilterChainDecorator$ObservationFilter.doFilter(ObservationFilterChainDecorator.java:173) ~[spring-security-web-6.0.1.jar:6.0.1]
?[0m?[0;34m	at org.springframework.security.web.ObservationFilterChainDecorator$VirtualFilterChain.doFilter(ObservationFilterChainDecorator.java:134) ~[spring-security-web-6.0.1.jar:6.0.1]
?[0m?[0;34m	at org.springframework.security.web.header.HeaderWriterFilter.doHeadersAfter(HeaderWriterFilter.java:90) ~[spring-security-web-6.0.1.jar:6.0.1]
?[0m?[0;34m	at org.springframework.security.web.header.HeaderWriterFilter.doFilterInternal(HeaderWriterFilter.java:75) ~[spring-security-web-6.0.1.jar:6.0.1]
?[0m?[0;34m	at org.springframework.web.filter.OncePerRequestFilter.doFilter(OncePerRequestFilter.java:116) ~[spring-web-6.0.4.jar:6.0.4]
?[0m?[0;34m	at org.springframework.security.web.ObservationFilterChainDecorator$ObservationFilter.wrapFilter(ObservationFilterChainDecorator.java:186) ~[spring-security-web-6.0.1.jar:6.0.1]
?[0m?[0;34m	at org.springframework.security.web.ObservationFilterChainDecorator$ObservationFilter.doFilter(ObservationFilterChainDecorator.java:173) ~[spring-security-web-6.0.1.jar:6.0.1]
?[0m?[0;34m	at org.springframework.security.web.ObservationFilterChainDecorator$VirtualFilterChain.doFilter(ObservationFilterChainDecorator.java:134) ~[spring-security-web-6.0.1.jar:6.0.1]
?[0m?[0;34m	at org.springframework.security.web.context.SecurityContextHolderFilter.doFilter(SecurityContextHolderFilter.java:82) ~[spring-security-web-6.0.1.jar:6.0.1]
?[0m?[0;34m	at org.springframework.security.web.context.SecurityContextHolderFilter.doFilter(SecurityContextHolderFilter.java:69) ~[spring-security-web-6.0.1.jar:6.0.1]
?[0m?[0;34m	at org.springframework.security.web.ObservationFilterChainDecorator$ObservationFilter.wrapFilter(ObservationFilterChainDecorator.java:186) ~[spring-security-web-6.0.1.jar:6.0.1]
?[0m?[0;34m	at org.springframework.security.web.ObservationFilterChainDecorator$ObservationFilter.doFilter(ObservationFilterChainDecorator.java:173) ~[spring-security-web-6.0.1.jar:6.0.1]
?[0m?[0;34m	at org.springframework.security.web.ObservationFilterChainDecorator$VirtualFilterChain.doFilter(ObservationFilterChainDecorator.java:134) ~[spring-security-web-6.0.1.jar:6.0.1]
?[0m?[0;34m	at org.springframework.security.web.context.request.async.WebAsyncManagerIntegrationFilter.doFilterInternal(WebAsyncManagerIntegrationFilter.java:62) ~[spring-security-web-6.0.1.jar:6.0.1]
?[0m?[0;34m	at org.springframework.web.filter.OncePerRequestFilter.doFilter(OncePerRequestFilter.java:116) ~[spring-web-6.0.4.jar:6.0.4]
?[0m?[0;34m	at org.springframework.security.web.ObservationFilterChainDecorator$ObservationFilter.wrapFilter(ObservationFilterChainDecorator.java:186) ~[spring-security-web-6.0.1.jar:6.0.1]
?[0m?[0;34m	at org.springframework.security.web.ObservationFilterChainDecorator$ObservationFilter.doFilter(ObservationFilterChainDecorator.java:173) ~[spring-security-web-6.0.1.jar:6.0.1]
?[0m?[0;34m	at org.springframework.security.web.ObservationFilterChainDecorator$VirtualFilterChain.doFilter(ObservationFilterChainDecorator.java:134) ~[spring-security-web-6.0.1.jar:6.0.1]
?[0m?[0;34m	at org.springframework.security.web.session.DisableEncodeUrlFilter.doFilterInternal(DisableEncodeUrlFilter.java:42) ~[spring-security-web-6.0.1.jar:6.0.1]
?[0m?[0;34m	at org.springframework.web.filter.OncePerRequestFilter.doFilter(OncePerRequestFilter.java:116) ~[spring-web-6.0.4.jar:6.0.4]
?[0m?[0;34m	at org.springframework.security.web.ObservationFilterChainDecorator$ObservationFilter.wrapFilter(ObservationFilterChainDecorator.java:186) ~[spring-security-web-6.0.1.jar:6.0.1]
?[0m?[0;34m	at org.springframework.security.web.ObservationFilterChainDecorator$AroundFilterObservation$SimpleAroundFilterObservation.lambda$wrap$0(ObservationFilterChainDecorator.java:280) ~[spring-security-web-6.0.1.jar:6.0.1]
?[0m?[0;34m	at org.springframework.security.web.ObservationFilterChainDecorator$ObservationFilter.doFilter(ObservationFilterChainDecorator.java:170) ~[spring-security-web-6.0.1.jar:6.0.1]
?[0m?[0;34m	at org.springframework.security.web.ObservationFilterChainDecorator$VirtualFilterChain.doFilter(ObservationFilterChainDecorator.java:134) ~[spring-security-web-6.0.1.jar:6.0.1]
?[0m?[0;34m	at org.springframework.security.web.FilterChainProxy.doFilterInternal(FilterChainProxy.java:233) ~[spring-security-web-6.0.1.jar:6.0.1]
?[0m?[0;34m	at org.springframework.security.web.FilterChainProxy.doFilter(FilterChainProxy.java:191) ~[spring-security-web-6.0.1.jar:6.0.1]
?[0m?[0;34m	at org.springframework.web.filter.DelegatingFilterProxy.invokeDelegate(DelegatingFilterProxy.java:351) ~[spring-web-6.0.4.jar:6.0.4]
?[0m?[0;34m	at org.springframework.web.filter.DelegatingFilterProxy.doFilter(DelegatingFilterProxy.java:267) ~[spring-web-6.0.4.jar:6.0.4]
?[0m?[0;34m	at jdk.internal.reflect.GeneratedMethodAccessor11.invoke(Unknown Source) ~[na:na]
?[0m?[0;34m	at java.base/jdk.internal.reflect.DelegatingMethodAccessorImpl.invoke(DelegatingMethodAccessorImpl.java:43) ~[na:na]
?[0m?[0;34m	at java.base/java.lang.reflect.Method.invoke(Method.java:568) ~[na:na]
?[0m?[0;34m	at org.apache.catalina.security.SecurityUtil.lambda$execute$0(SecurityUtil.java:281) ~[tomcat-embed-core-10.1.5.jar:10.1.5]
?[0m?[0;34m	at java.base/java.security.AccessController.doPrivileged(AccessController.java:712) ~[na:na]
?[0m?[0;34m	at java.base/javax.security.auth.Subject.doAsPrivileged(Subject.java:584) ~[na:na]
?[0m?[0;34m	at org.apache.catalina.security.SecurityUtil.execute(SecurityUtil.java:312) ~[tomcat-embed-core-10.1.5.jar:10.1.5]
?[0m?[0;34m	at org.apache.catalina.security.SecurityUtil.doAsPrivilege(SecurityUtil.java:254) ~[tomcat-embed-core-10.1.5.jar:10.1.5]
?[0m?[0;34m	at org.apache.catalina.core.ApplicationFilterChain.internalDoFilter(ApplicationFilterChain.java:183) ~[tomcat-embed-core-10.1.5.jar:10.1.5]
?[0m?[0;34m	at org.apache.catalina.core.ApplicationFilterChain.lambda$doFilter$0(ApplicationFilterChain.java:141) ~[tomcat-embed-core-10.1.5.jar:10.1.5]
?[0m?[0;34m	at java.base/java.security.AccessController.doPrivileged(AccessController.java:569) ~[na:na]
?[0m?[0;34m	at org.apache.catalina.core.ApplicationFilterChain.doFilter(ApplicationFilterChain.java:139) ~[tomcat-embed-core-10.1.5.jar:10.1.5]
?[0m?[0;34m	at org.springframework.web.filter.RequestContextFilter.doFilterInternal(RequestContextFilter.java:100) ~[spring-web-6.0.4.jar:6.0.4]
?[0m?[0;34m	at org.springframework.web.filter.OncePerRequestFilter.doFilter(OncePerRequestFilter.java:116) ~[spring-web-6.0.4.jar:6.0.4]
?[0m?[0;34m	at jdk.internal.reflect.GeneratedMethodAccessor11.invoke(Unknown Source) ~[na:na]
?[0m?[0;34m	at java.base/jdk.internal.reflect.DelegatingMethodAccessorImpl.invoke(DelegatingMethodAccessorImpl.java:43) ~[na:na]
?[0m?[0;34m	at java.base/java.lang.reflect.Method.invoke(Method.java:568) ~[na:na]
?[0m?[0;34m	at org.apache.catalina.security.SecurityUtil.lambda$execute$0(SecurityUtil.java:281) ~[tomcat-embed-core-10.1.5.jar:10.1.5]
?[0m?[0;34m	at java.base/java.security.AccessController.doPrivileged(AccessController.java:712) ~[na:na]
?[0m?[0;34m	at java.base/javax.security.auth.Subject.doAsPrivileged(Subject.java:584) ~[na:na]
?[0m?[0;34m	at org.apache.catalina.security.SecurityUtil.execute(SecurityUtil.java:312) ~[tomcat-embed-core-10.1.5.jar:10.1.5]
?[0m?[0;34m	at org.apache.catalina.security.SecurityUtil.doAsPrivilege(SecurityUtil.java:254) ~[tomcat-embed-core-10.1.5.jar:10.1.5]
?[0m?[0;34m	at org.apache.catalina.core.ApplicationFilterChain.internalDoFilter(ApplicationFilterChain.java:183) ~[tomcat-embed-core-10.1.5.jar:10.1.5]
?[0m?[0;34m	at org.apache.catalina.core.ApplicationFilterChain.lambda$doFilter$0(ApplicationFilterChain.java:141) ~[tomcat-embed-core-10.1.5.jar:10.1.5]
?[0m?[0;34m	at java.base/java.security.AccessController.doPrivileged(AccessController.java:569) ~[na:na]
?[0m?[0;34m	at org.apache.catalina.core.ApplicationFilterChain.doFilter(ApplicationFilterChain.java:139) ~[tomcat-embed-core-10.1.5.jar:10.1.5]
?[0m?[0;34m	at org.springframework.web.filter.FormContentFilter.doFilterInternal(FormContentFilter.java:93) ~[spring-web-6.0.4.jar:6.0.4]
?[0m?[0;34m	at org.springframework.web.filter.OncePerRequestFilter.doFilter(OncePerRequestFilter.java:116) ~[spring-web-6.0.4.jar:6.0.4]
?[0m?[0;34m	at jdk.internal.reflect.GeneratedMethodAccessor11.invoke(Unknown Source) ~[na:na]
?[0m?[0;34m	at java.base/jdk.internal.reflect.DelegatingMethodAccessorImpl.invoke(DelegatingMethodAccessorImpl.java:43) ~[na:na]
?[0m?[0;34m	at java.base/java.lang.reflect.Method.invoke(Method.java:568) ~[na:na]
?[0m?[0;34m	at org.apache.catalina.security.SecurityUtil.lambda$execute$0(SecurityUtil.java:281) ~[tomcat-embed-core-10.1.5.jar:10.1.5]
?[0m?[0;34m	at java.base/java.security.AccessController.doPrivileged(AccessController.java:712) ~[na:na]
?[0m?[0;34m	at java.base/javax.security.auth.Subject.doAsPrivileged(Subject.java:584) ~[na:na]
?[0m?[0;34m	at org.apache.catalina.security.SecurityUtil.execute(SecurityUtil.java:312) ~[tomcat-embed-core-10.1.5.jar:10.1.5]
?[0m?[0;34m	at org.apache.catalina.security.SecurityUtil.doAsPrivilege(SecurityUtil.java:254) ~[tomcat-embed-core-10.1.5.jar:10.1.5]
?[0m?[0;34m	at org.apache.catalina.core.ApplicationFilterChain.internalDoFilter(ApplicationFilterChain.java:183) ~[tomcat-embed-core-10.1.5.jar:10.1.5]
?[0m?[0;34m	at org.apache.catalina.core.ApplicationFilterChain.lambda$doFilter$0(ApplicationFilterChain.java:141) ~[tomcat-embed-core-10.1.5.jar:10.1.5]
?[0m?[0;34m	at java.base/java.security.AccessController.doPrivileged(AccessController.java:569) ~[na:na]
?[0m?[0;34m	at org.apache.catalina.core.ApplicationFilterChain.doFilter(ApplicationFilterChain.java:139) ~[tomcat-embed-core-10.1.5.jar:10.1.5]
?[0m?[0;34m	at org.springframework.web.filter.ServerHttpObservationFilter.doFilterInternal(ServerHttpObservationFilter.java:109) ~[spring-web-6.0.4.jar:6.0.4]
?[0m?[0;34m	at org.springframework.web.filter.OncePerRequestFilter.doFilter(OncePerRequestFilter.java:116) ~[spring-web-6.0.4.jar:6.0.4]
?[0m?[0;34m	at jdk.internal.reflect.GeneratedMethodAccessor11.invoke(Unknown Source) ~[na:na]
?[0m?[0;34m	at java.base/jdk.internal.reflect.DelegatingMethodAccessorImpl.invoke(DelegatingMethodAccessorImpl.java:43) ~[na:na]
?[0m?[0;34m	at java.base/java.lang.reflect.Method.invoke(Method.java:568) ~[na:na]
?[0m?[0;34m	at org.apache.catalina.security.SecurityUtil.lambda$execute$0(SecurityUtil.java:281) ~[tomcat-embed-core-10.1.5.jar:10.1.5]
?[0m?[0;34m	at java.base/java.security.AccessController.doPrivileged(AccessController.java:712) ~[na:na]
?[0m?[0;34m	at java.base/javax.security.auth.Subject.doAsPrivileged(Subject.java:584) ~[na:na]
?[0m?[0;34m	at org.apache.catalina.security.SecurityUtil.execute(SecurityUtil.java:312) ~[tomcat-embed-core-10.1.5.jar:10.1.5]
?[0m?[0;34m	at org.apache.catalina.security.SecurityUtil.doAsPrivilege(SecurityUtil.java:254) ~[tomcat-embed-core-10.1.5.jar:10.1.5]
?[0m?[0;34m	at org.apache.catalina.core.ApplicationFilterChain.internalDoFilter(ApplicationFilterChain.java:183) ~[tomcat-embed-core-10.1.5.jar:10.1.5]
?[0m?[0;34m	at org.apache.catalina.core.ApplicationFilterChain.lambda$doFilter$0(ApplicationFilterChain.java:141) ~[tomcat-embed-core-10.1.5.jar:10.1.5]
?[0m?[0;34m	at java.base/java.security.AccessController.doPrivileged(AccessController.java:569) ~[na:na]
?[0m?[0;34m	at org.apache.catalina.core.ApplicationFilterChain.doFilter(ApplicationFilterChain.java:139) ~[tomcat-embed-core-10.1.5.jar:10.1.5]
?[0m?[0;34m	at org.springframework.web.filter.CharacterEncodingFilter.doFilterInternal(CharacterEncodingFilter.java:201) ~[spring-web-6.0.4.jar:6.0.4]
?[0m?[0;34m	at org.springframework.web.filter.OncePerRequestFilter.doFilter(OncePerRequestFilter.java:116) ~[spring-web-6.0.4.jar:6.0.4]
?[0m?[0;34m	at jdk.internal.reflect.GeneratedMethodAccessor11.invoke(Unknown Source) ~[na:na]
?[0m?[0;34m	at java.base/jdk.internal.reflect.DelegatingMethodAccessorImpl.invoke(DelegatingMethodAccessorImpl.java:43) ~[na:na]
?[0m?[0;34m	at java.base/java.lang.reflect.Method.invoke(Method.java:568) ~[na:na]
?[0m?[0;34m	at org.apache.catalina.security.SecurityUtil.lambda$execute$0(SecurityUtil.java:281) ~[tomcat-embed-core-10.1.5.jar:10.1.5]
?[0m?[0;34m	at java.base/java.security.AccessController.doPrivileged(AccessController.java:712) ~[na:na]
?[0m?[0;34m	at java.base/javax.security.auth.Subject.doAsPrivileged(Subject.java:584) ~[na:na]
?[0m?[0;34m	at org.apache.catalina.security.SecurityUtil.execute(SecurityUtil.java:312) ~[tomcat-embed-core-10.1.5.jar:10.1.5]
?[0m?[0;34m	at org.apache.catalina.security.SecurityUtil.doAsPrivilege(SecurityUtil.java:254) ~[tomcat-embed-core-10.1.5.jar:10.1.5]
?[0m?[0;34m	at org.apache.catalina.core.ApplicationFilterChain.internalDoFilter(ApplicationFilterChain.java:183) ~[tomcat-embed-core-10.1.5.jar:10.1.5]
?[0m?[0;34m	at org.apache.catalina.core.ApplicationFilterChain.lambda$doFilter$0(ApplicationFilterChain.java:141) ~[tomcat-embed-core-10.1.5.jar:10.1.5]
?[0m?[0;34m	at java.base/java.security.AccessController.doPrivileged(AccessController.java:569) ~[na:na]
?[0m?[0;34m	at org.apache.catalina.core.ApplicationFilterChain.doFilter(ApplicationFilterChain.java:139) ~[tomcat-embed-core-10.1.5.jar:10.1.5]
?[0m?[0;34m	at org.apache.catalina.core.StandardWrapperValve.invoke(StandardWrapperValve.java:177) ~[tomcat-embed-core-10.1.5.jar:10.1.5]
?[0m?[0;34m	at org.apache.catalina.core.StandardContextValve.invoke(StandardContextValve.java:97) ~[tomcat-embed-core-10.1.5.jar:10.1.5]
?[0m?[0;34m	at org.apache.catalina.authenticator.AuthenticatorBase.invoke(AuthenticatorBase.java:542) ~[tomcat-embed-core-10.1.5.jar:10.1.5]
?[0m?[0;34m	at org.apache.catalina.core.StandardHostValve.invoke(StandardHostValve.java:119) ~[tomcat-embed-core-10.1.5.jar:10.1.5]
?[0m?[0;34m	at org.apache.catalina.valves.ErrorReportValve.invoke(ErrorReportValve.java:92) ~[tomcat-embed-core-10.1.5.jar:10.1.5]
?[0m?[0;34m	at org.apache.catalina.core.StandardEngineValve.invoke(StandardEngineValve.java:78) ~[tomcat-embed-core-10.1.5.jar:10.1.5]
?[0m?[0;34m	at org.apache.catalina.connector.CoyoteAdapter.service(CoyoteAdapter.java:357) ~[tomcat-embed-core-10.1.5.jar:10.1.5]
?[0m?[0;34m	at org.apache.coyote.http11.Http11Processor.service(Http11Processor.java:400) ~[tomcat-embed-core-10.1.5.jar:10.1.5]
?[0m?[0;34m	at org.apache.coyote.AbstractProcessorLight.process(AbstractProcessorLight.java:65) ~[tomcat-embed-core-10.1.5.jar:10.1.5]
?[0m?[0;34m	at org.apache.coyote.AbstractProtocol$ConnectionHandler.process(AbstractProtocol.java:859) ~[tomcat-embed-core-10.1.5.jar:10.1.5]
?[0m?[0;34m	at org.apache.tomcat.util.net.NioEndpoint$SocketProcessor.doRun(NioEndpoint.java:1734) ~[tomcat-embed-core-10.1.5.jar:10.1.5]
?[0m?[0;34m	at org.apache.tomcat.util.net.SocketProcessorBase.run(SocketProcessorBase.java:52) ~[tomcat-embed-core-10.1.5.jar:10.1.5]
?[0m?[0;34m	at org.apache.tomcat.util.threads.ThreadPoolExecutor.runWorker(ThreadPoolExecutor.java:1191) ~[tomcat-embed-core-10.1.5.jar:10.1.5]
?[0m?[0;34m	at org.apache.tomcat.util.threads.ThreadPoolExecutor$Worker.run(ThreadPoolExecutor.java:659) ~[tomcat-embed-core-10.1.5.jar:10.1.5]
?[0m?[0;34m	at org.apache.tomcat.util.threads.TaskThread$WrappingRunnable.run(TaskThread.java:61) ~[tomcat-embed-core-10.1.5.jar:10.1.5]
?[0m?[0;34m	at java.base/java.lang.Thread.run(Thread.java:833) ~[na:na]
?[0m?[0;34m
?[0m?[0;34m?[2m2023-08-22T13:43:59.064+02:00?[0;39m ?[32mDEBUG?[0;39m ?[35m18216?[0;39m ?[2m---?[0;39m ?[2m[io-28852-exec-3]?[0;39m ?[36ms.w.a.DelegatingAuthenticationEntryPoint?[0;39m ?[2m:?[0;39m Trying to match using RequestHeaderRequestMatcher [expectedHeaderName=X-Requested-With, expectedHeaderValue=XMLHttpRequest]
?[0m?[0;34m?[2m2023-08-22T13:43:59.064+02:00?[0;39m ?[32mDEBUG?[0;39m ?[35m18216?[0;39m ?[2m---?[0;39m ?[2m[io-28852-exec-3]?[0;39m ?[36ms.w.a.DelegatingAuthenticationEntryPoint?[0;39m ?[2m:?[0;39m No match found. Using default entry point org.springframework.security.web.authentication.www.BasicAuthenticationEntryPoint@1ae325ab
?[0m?[0;34m?[2m2023-08-22T13:43:59.065+02:00?[0;39m ?[32mTRACE?[0;39m ?[35m18216?[0;39m ?[2m---?[0;39m ?[2m[io-28852-exec-3]?[0;39m ?[36mo.s.s.w.header.writers.HstsHeaderWriter ?[0;39m ?[2m:?[0;39m Not injecting HSTS header since it did not match request to [Is Secure]
?[0m?[0;34m?[2m2023-08-22T13:43:59.065+02:00?[0;39m ?[32mTRACE?[0;39m ?[35m18216?[0;39m ?[2m---?[0;39m ?[2m[io-28852-exec-3]?[0;39m ?[36mo.s.security.web.FilterChainProxy       ?[0;39m ?[2m:?[0;39m Trying to match request against DefaultSecurityFilterChain [RequestMatcher=any request, Filters=[org.springframework.security.web.session.DisableEncodeUrlFilter@1398e3aa, org.springframework.security.web.context.request.async.WebAsyncManagerIntegrationFilter@531bffd, org.springframework.security.web.context.SecurityContextHolderFilter@207fce87, org.springframework.security.web.header.HeaderWriterFilter@7c068c7b, org.springframework.security.web.authentication.logout.LogoutFilter@43a8dd9b, org.springframework.security.web.authentication.www.BasicAuthenticationFilter@1c7159d5, org.springframework.security.web.savedrequest.RequestCacheAwareFilter@67171221, org.springframework.security.web.servletapi.SecurityContextHolderAwareRequestFilter@2f3a3fec, org.springframework.security.web.authentication.AnonymousAuthenticationFilter@31c87223, org.springframework.security.web.session.SessionManagementFilter@31906cb2, org.springframework.security.web.access.ExceptionTranslationFilter@4b9187de, org.springframework.security.web.access.intercept.AuthorizationFilter@1659a0ff]] (1/1)
?[0m?[0;34m?[2m2023-08-22T13:43:59.065+02:00?[0;39m ?[32mDEBUG?[0;39m ?[35m18216?[0;39m ?[2m---?[0;39m ?[2m[io-28852-exec-3]?[0;39m ?[36mo.s.security.web.FilterChainProxy       ?[0;39m ?[2m:?[0;39m Securing GET /error
?[0m?[0;34m?[2m2023-08-22T13:43:59.065+02:00?[0;39m ?[32mTRACE?[0;39m ?[35m18216?[0;39m ?[2m---?[0;39m ?[2m[io-28852-exec-3]?[0;39m ?[36mo.s.security.web.FilterChainProxy       ?[0;39m ?[2m:?[0;39m Invoking DisableEncodeUrlFilter (1/12)
?[0m?[0;34m?[2m2023-08-22T13:43:59.065+02:00?[0;39m ?[32mTRACE?[0;39m ?[35m18216?[0;39m ?[2m---?[0;39m ?[2m[io-28852-exec-3]?[0;39m ?[36mo.s.security.web.FilterChainProxy       ?[0;39m ?[2m:?[0;39m Invoking WebAsyncManagerIntegrationFilter (2/12)
?[0m?[0;34m?[2m2023-08-22T13:43:59.065+02:00?[0;39m ?[32mTRACE?[0;39m ?[35m18216?[0;39m ?[2m---?[0;39m ?[2m[io-28852-exec-3]?[0;39m ?[36mo.s.security.web.FilterChainProxy       ?[0;39m ?[2m:?[0;39m Invoking SecurityContextHolderFilter (3/12)
?[0m?[0;34m?[2m2023-08-22T13:43:59.065+02:00?[0;39m ?[32mTRACE?[0;39m ?[35m18216?[0;39m ?[2m---?[0;39m ?[2m[io-28852-exec-3]?[0;39m ?[36mo.s.security.web.FilterChainProxy       ?[0;39m ?[2m:?[0;39m Invoking HeaderWriterFilter (4/12)
?[0m?[0;34m?[2m2023-08-22T13:43:59.065+02:00?[0;39m ?[32mTRACE?[0;39m ?[35m18216?[0;39m ?[2m---?[0;39m ?[2m[io-28852-exec-3]?[0;39m ?[36mo.s.security.web.FilterChainProxy       ?[0;39m ?[2m:?[0;39m Invoking LogoutFilter (5/12)
?[0m?[0;34m?[2m2023-08-22T13:43:59.065+02:00?[0;39m ?[32mTRACE?[0;39m ?[35m18216?[0;39m ?[2m---?[0;39m ?[2m[io-28852-exec-3]?[0;39m ?[36mo.s.s.w.a.logout.LogoutFilter           ?[0;39m ?[2m:?[0;39m Did not match request to Or [Ant [pattern='/logout', GET], Ant [pattern='/logout', POST], Ant [pattern='/logout', PUT], Ant [pattern='/logout', DELETE]]
?[0m?[0;34m?[2m2023-08-22T13:43:59.065+02:00?[0;39m ?[32mTRACE?[0;39m ?[35m18216?[0;39m ?[2m---?[0;39m ?[2m[io-28852-exec-3]?[0;39m ?[36mo.s.security.web.FilterChainProxy       ?[0;39m ?[2m:?[0;39m Invoking BasicAuthenticationFilter (6/12)
?[0m?[0;34m?[2m2023-08-22T13:43:59.065+02:00?[0;39m ?[32mTRACE?[0;39m ?[35m18216?[0;39m ?[2m---?[0;39m ?[2m[io-28852-exec-3]?[0;39m ?[36mo.s.security.web.FilterChainProxy       ?[0;39m ?[2m:?[0;39m Invoking RequestCacheAwareFilter (7/12)
?[0m?[0;34m?[2m2023-08-22T13:43:59.065+02:00?[0;39m ?[32mTRACE?[0;39m ?[35m18216?[0;39m ?[2m---?[0;39m ?[2m[io-28852-exec-3]?[0;39m ?[36mo.s.security.web.FilterChainProxy       ?[0;39m ?[2m:?[0;39m Invoking SecurityContextHolderAwareRequestFilter (8/12)
?[0m?[0;34m?[2m2023-08-22T13:43:59.065+02:00?[0;39m ?[32mTRACE?[0;39m ?[35m18216?[0;39m ?[2m---?[0;39m ?[2m[io-28852-exec-3]?[0;39m ?[36mo.s.security.web.FilterChainProxy       ?[0;39m ?[2m:?[0;39m Invoking AnonymousAuthenticationFilter (9/12)
?[0m?[0;34m?[2m2023-08-22T13:43:59.066+02:00?[0;39m ?[32mTRACE?[0;39m ?[35m18216?[0;39m ?[2m---?[0;39m ?[2m[io-28852-exec-3]?[0;39m ?[36mo.s.security.web.FilterChainProxy       ?[0;39m ?[2m:?[0;39m Invoking SessionManagementFilter (10/12)
?[0m?[0;34m?[2m2023-08-22T13:43:59.066+02:00?[0;39m ?[32mTRACE?[0;39m ?[35m18216?[0;39m ?[2m---?[0;39m ?[2m[io-28852-exec-3]?[0;39m ?[36m.s.s.w.c.SupplierDeferredSecurityContext?[0;39m ?[2m:?[0;39m Created SecurityContextImpl [Null authentication]
?[0m?[0;34m?[2m2023-08-22T13:43:59.066+02:00?[0;39m ?[32mTRACE?[0;39m ?[35m18216?[0;39m ?[2m---?[0;39m ?[2m[io-28852-exec-3]?[0;39m ?[36mo.s.s.w.a.AnonymousAuthenticationFilter ?[0;39m ?[2m:?[0;39m Set SecurityContextHolder to AnonymousAuthenticationToken [Principal=anonymousUser, Credentials=[PROTECTED], Authenticated=true, Details=WebAuthenticationDetails [RemoteIpAddress=127.0.0.1, SessionId=null], Granted Authorities=[ROLE_ANONYMOUS]]
?[0m?[0;34m?[2m2023-08-22T13:43:59.066+02:00?[0;39m ?[32mTRACE?[0;39m ?[35m18216?[0;39m ?[2m---?[0;39m ?[2m[io-28852-exec-3]?[0;39m ?[36mo.s.security.web.FilterChainProxy       ?[0;39m ?[2m:?[0;39m Invoking ExceptionTranslationFilter (11/12)
?[0m?[0;34m?[2m2023-08-22T13:43:59.066+02:00?[0;39m ?[32mTRACE?[0;39m ?[35m18216?[0;39m ?[2m---?[0;39m ?[2m[io-28852-exec-3]?[0;39m ?[36mo.s.security.web.FilterChainProxy       ?[0;39m ?[2m:?[0;39m Invoking AuthorizationFilter (12/12)
?[0m?[0;34m?[2m2023-08-22T13:43:59.066+02:00?[0;39m ?[32mTRACE?[0;39m ?[35m18216?[0;39m ?[2m---?[0;39m ?[2m[io-28852-exec-3]?[0;39m ?[36mestMatcherDelegatingAuthorizationManager?[0;39m ?[2m:?[0;39m Authorizing SecurityContextHolderAwareRequestWrapper[ FirewalledRequest[ org.apache.catalina.core.ApplicationHttpRequest@12cbf550]]
?[0m?[0;34m?[2m2023-08-22T13:43:59.066+02:00?[0;39m ?[32mTRACE?[0;39m ?[35m18216?[0;39m ?[2m---?[0;39m ?[2m[io-28852-exec-3]?[0;39m ?[36mestMatcherDelegatingAuthorizationManager?[0;39m ?[2m:?[0;39m Checking authorization on SecurityContextHolderAwareRequestWrapper[ FirewalledRequest[ org.apache.catalina.core.ApplicationHttpRequest@12cbf550]] using org.springframework.security.config.annotation.web.configurers.AuthorizeHttpRequestsConfigurer$$Lambda$1316/0x0000000100a4d140@528cc85a
?[0m?[0;34m?[2m2023-08-22T13:43:59.066+02:00?[0;39m ?[32mDEBUG?[0;39m ?[35m18216?[0;39m ?[2m---?[0;39m ?[2m[io-28852-exec-3]?[0;39m ?[36mo.s.security.web.FilterChainProxy       ?[0;39m ?[2m:?[0;39m Secured GET /error
?[1;31m
Start test 48?[0m
?[0;34m?[2m2023-08-22T13:43:59.074+02:00?[0;39m ?[32mTRACE?[0;39m ?[35m18216?[0;39m ?[2m---?[0;39m ?[2m[io-28852-exec-4]?[0;39m ?[36mo.s.security.web.FilterChainProxy       ?[0;39m ?[2m:?[0;39m Trying to match request against DefaultSecurityFilterChain [RequestMatcher=any request, Filters=[org.springframework.security.web.session.DisableEncodeUrlFilter@1398e3aa, org.springframework.security.web.context.request.async.WebAsyncManagerIntegrationFilter@531bffd, org.springframework.security.web.context.SecurityContextHolderFilter@207fce87, org.springframework.security.web.header.HeaderWriterFilter@7c068c7b, org.springframework.security.web.authentication.logout.LogoutFilter@43a8dd9b, org.springframework.security.web.authentication.www.BasicAuthenticationFilter@1c7159d5, org.springframework.security.web.savedrequest.RequestCacheAwareFilter@67171221, org.springframework.security.web.servletapi.SecurityContextHolderAwareRequestFilter@2f3a3fec, org.springframework.security.web.authentication.AnonymousAuthenticationFilter@31c87223, org.springframework.security.web.session.SessionManagementFilter@31906cb2, org.springframework.security.web.access.ExceptionTranslationFilter@4b9187de, org.springframework.security.web.access.intercept.AuthorizationFilter@1659a0ff]] (1/1)
?[0m?[0;34m?[2m2023-08-22T13:43:59.075+02:00?[0;39m ?[32mDEBUG?[0;39m ?[35m18216?[0;39m ?[2m---?[0;39m ?[2m[io-28852-exec-4]?[0;39m ?[36mo.s.security.web.FilterChainProxy       ?[0;39m ?[2m:?[0;39m Securing GET /api/empl/payment
?[0m?[0;34m?[2m2023-08-22T13:43:59.075+02:00?[0;39m ?[32mTRACE?[0;39m ?[35m18216?[0;39m ?[2m---?[0;39m ?[2m[io-28852-exec-4]?[0;39m ?[36mo.s.security.web.FilterChainProxy       ?[0;39m ?[2m:?[0;39m Invoking DisableEncodeUrlFilter (1/12)
?[0m?[0;34m?[2m2023-08-22T13:43:59.075+02:00?[0;39m ?[32mTRACE?[0;39m ?[35m18216?[0;39m ?[2m---?[0;39m ?[2m[io-28852-exec-4]?[0;39m ?[36mo.s.security.web.FilterChainProxy       ?[0;39m ?[2m:?[0;39m Invoking WebAsyncManagerIntegrationFilter (2/12)
?[0m?[0;34m?[2m2023-08-22T13:43:59.075+02:00?[0;39m ?[32mTRACE?[0;39m ?[35m18216?[0;39m ?[2m---?[0;39m ?[2m[io-28852-exec-4]?[0;39m ?[36mo.s.security.web.FilterChainProxy       ?[0;39m ?[2m:?[0;39m Invoking SecurityContextHolderFilter (3/12)
?[0m?[0;34m?[2m2023-08-22T13:43:59.075+02:00?[0;39m ?[32mTRACE?[0;39m ?[35m18216?[0;39m ?[2m---?[0;39m ?[2m[io-28852-exec-4]?[0;39m ?[36mo.s.security.web.FilterChainProxy       ?[0;39m ?[2m:?[0;39m Invoking HeaderWriterFilter (4/12)
?[0m?[0;34m?[2m2023-08-22T13:43:59.075+02:00?[0;39m ?[32mTRACE?[0;39m ?[35m18216?[0;39m ?[2m---?[0;39m ?[2m[io-28852-exec-4]?[0;39m ?[36mo.s.security.web.FilterChainProxy       ?[0;39m ?[2m:?[0;39m Invoking LogoutFilter (5/12)
?[0m?[0;34m?[2m2023-08-22T13:43:59.075+02:00?[0;39m ?[32mTRACE?[0;39m ?[35m18216?[0;39m ?[2m---?[0;39m ?[2m[io-28852-exec-4]?[0;39m ?[36mo.s.s.w.a.logout.LogoutFilter           ?[0;39m ?[2m:?[0;39m Did not match request to Or [Ant [pattern='/logout', GET], Ant [pattern='/logout', POST], Ant [pattern='/logout', PUT], Ant [pattern='/logout', DELETE]]
?[0m?[0;34m?[2m2023-08-22T13:43:59.075+02:00?[0;39m ?[32mTRACE?[0;39m ?[35m18216?[0;39m ?[2m---?[0;39m ?[2m[io-28852-exec-4]?[0;39m ?[36mo.s.security.web.FilterChainProxy       ?[0;39m ?[2m:?[0;39m Invoking BasicAuthenticationFilter (6/12)
?[0m?[0;34m?[2m2023-08-22T13:43:59.075+02:00?[0;39m ?[32mTRACE?[0;39m ?[35m18216?[0;39m ?[2m---?[0;39m ?[2m[io-28852-exec-4]?[0;39m ?[36mo.s.s.w.a.www.BasicAuthenticationFilter ?[0;39m ?[2m:?[0;39m Found username 'JohnDoe@acme.com' in Basic Authorization header
?[0m?[0;34m?[2m2023-08-22T13:43:59.075+02:00?[0;39m ?[32mTRACE?[0;39m ?[35m18216?[0;39m ?[2m---?[0;39m ?[2m[io-28852-exec-4]?[0;39m ?[36m.s.s.w.c.SupplierDeferredSecurityContext?[0;39m ?[2m:?[0;39m Created SecurityContextImpl [Null authentication]
?[0m?[0;34m?[2m2023-08-22T13:43:59.075+02:00?[0;39m ?[32mTRACE?[0;39m ?[35m18216?[0;39m ?[2m---?[0;39m ?[2m[io-28852-exec-4]?[0;39m ?[36mo.s.s.authentication.ProviderManager    ?[0;39m ?[2m:?[0;39m Authenticating request with DaoAuthenticationProvider (1/1)
?[0m?[0;34mHibernate: select u1_0.id,u1_0.email,u1_0.lastname,u1_0.name,u1_0.password from users u1_0 where upper(u1_0.email)=upper(?)
?[0m?[0;34m?[2m2023-08-22T13:43:59.133+02:00?[0;39m ?[32mDEBUG?[0;39m ?[35m18216?[0;39m ?[2m---?[0;39m ?[2m[io-28852-exec-4]?[0;39m ?[36mo.s.s.a.dao.DaoAuthenticationProvider   ?[0;39m ?[2m:?[0;39m Authenticated user
?[0m?[0;34m?[2m2023-08-22T13:43:59.133+02:00?[0;39m ?[32mDEBUG?[0;39m ?[35m18216?[0;39m ?[2m---?[0;39m ?[2m[io-28852-exec-4]?[0;39m ?[36mo.s.s.w.a.www.BasicAuthenticationFilter ?[0;39m ?[2m:?[0;39m Set SecurityContextHolder to UsernamePasswordAuthenticationToken [Principal=account.businesslayer.security.UserAdapter@6330b685, Credentials=[PROTECTED], Authenticated=true, Details=WebAuthenticationDetails [RemoteIpAddress=127.0.0.1, SessionId=null], Granted Authorities=[ROLE_USER]]
?[0m?[0;34m?[2m2023-08-22T13:43:59.133+02:00?[0;39m ?[32mTRACE?[0;39m ?[35m18216?[0;39m ?[2m---?[0;39m ?[2m[io-28852-exec-4]?[0;39m ?[36mo.s.security.web.FilterChainProxy       ?[0;39m ?[2m:?[0;39m Invoking RequestCacheAwareFilter (7/12)
?[0m?[0;34m?[2m2023-08-22T13:43:59.133+02:00?[0;39m ?[32mTRACE?[0;39m ?[35m18216?[0;39m ?[2m---?[0;39m ?[2m[io-28852-exec-4]?[0;39m ?[36mo.s.security.web.FilterChainProxy       ?[0;39m ?[2m:?[0;39m Invoking SecurityContextHolderAwareRequestFilter (8/12)
?[0m?[0;34m?[2m2023-08-22T13:43:59.133+02:00?[0;39m ?[32mTRACE?[0;39m ?[35m18216?[0;39m ?[2m---?[0;39m ?[2m[io-28852-exec-4]?[0;39m ?[36mo.s.security.web.FilterChainProxy       ?[0;39m ?[2m:?[0;39m Invoking AnonymousAuthenticationFilter (9/12)
?[0m?[0;34m?[2m2023-08-22T13:43:59.133+02:00?[0;39m ?[32mTRACE?[0;39m ?[35m18216?[0;39m ?[2m---?[0;39m ?[2m[io-28852-exec-4]?[0;39m ?[36mo.s.security.web.FilterChainProxy       ?[0;39m ?[2m:?[0;39m Invoking SessionManagementFilter (10/12)
?[0m?[0;34m?[2m2023-08-22T13:43:59.133+02:00?[0;39m ?[32mTRACE?[0;39m ?[35m18216?[0;39m ?[2m---?[0;39m ?[2m[io-28852-exec-4]?[0;39m ?[36mo.s.s.w.a.AnonymousAuthenticationFilter ?[0;39m ?[2m:?[0;39m Did not set SecurityContextHolder since already authenticated UsernamePasswordAuthenticationToken [Principal=account.businesslayer.security.UserAdapter@6330b685, Credentials=[PROTECTED], Authenticated=true, Details=WebAuthenticationDetails [RemoteIpAddress=127.0.0.1, SessionId=null], Granted Authorities=[ROLE_USER]]
?[0m?[0;34m?[2m2023-08-22T13:43:59.133+02:00?[0;39m ?[32mTRACE?[0;39m ?[35m18216?[0;39m ?[2m---?[0;39m ?[2m[io-28852-exec-4]?[0;39m ?[36ms.CompositeSessionAuthenticationStrategy?[0;39m ?[2m:?[0;39m Preparing session with ChangeSessionIdAuthenticationStrategy (1/1)
?[0m?[0;34m?[2m2023-08-22T13:43:59.133+02:00?[0;39m ?[32mTRACE?[0;39m ?[35m18216?[0;39m ?[2m---?[0;39m ?[2m[io-28852-exec-4]?[0;39m ?[36mo.s.security.web.FilterChainProxy       ?[0;39m ?[2m:?[0;39m Invoking ExceptionTranslationFilter (11/12)
?[0m?[0;34m?[2m2023-08-22T13:43:59.133+02:00?[0;39m ?[32mTRACE?[0;39m ?[35m18216?[0;39m ?[2m---?[0;39m ?[2m[io-28852-exec-4]?[0;39m ?[36mo.s.security.web.FilterChainProxy       ?[0;39m ?[2m:?[0;39m Invoking AuthorizationFilter (12/12)
?[0m?[0;34m?[2m2023-08-22T13:43:59.133+02:00?[0;39m ?[32mTRACE?[0;39m ?[35m18216?[0;39m ?[2m---?[0;39m ?[2m[io-28852-exec-4]?[0;39m ?[36mestMatcherDelegatingAuthorizationManager?[0;39m ?[2m:?[0;39m Authorizing SecurityContextHolderAwareRequestWrapper[ org.springframework.security.web.header.HeaderWriterFilter$HeaderWriterRequest@194f83f5]
?[0m?[0;34m?[2m2023-08-22T13:43:59.134+02:00?[0;39m ?[32mTRACE?[0;39m ?[35m18216?[0;39m ?[2m---?[0;39m ?[2m[io-28852-exec-4]?[0;39m ?[36mestMatcherDelegatingAuthorizationManager?[0;39m ?[2m:?[0;39m Checking authorization on SecurityContextHolderAwareRequestWrapper[ org.springframework.security.web.header.HeaderWriterFilter$HeaderWriterRequest@194f83f5] using org.springframework.security.authorization.AuthenticatedAuthorizationManager@231d7549
?[0m?[0;34m?[2m2023-08-22T13:43:59.134+02:00?[0;39m ?[32mDEBUG?[0;39m ?[35m18216?[0;39m ?[2m---?[0;39m ?[2m[io-28852-exec-4]?[0;39m ?[36mo.s.security.web.FilterChainProxy       ?[0;39m ?[2m:?[0;39m Secured GET /api/empl/payment
?[0m?[0;34mHibernate: select u1_0.id,u1_0.email,u1_0.lastname,u1_0.name,u1_0.password from users u1_0 where upper(u1_0.email)=upper(?)
?[0m?[0;34m?[2m2023-08-22T13:43:59.136+02:00?[0;39m ?[32mTRACE?[0;39m ?[35m18216?[0;39m ?[2m---?[0;39m ?[2m[io-28852-exec-4]?[0;39m ?[36mo.s.s.w.header.writers.HstsHeaderWriter ?[0;39m ?[2m:?[0;39m Not injecting HSTS header since it did not match request to [Is Secure]
?[1;31m
Start test 49?[0m
?[0;34m?[2m2023-08-22T13:43:59.143+02:00?[0;39m ?[32mTRACE?[0;39m ?[35m18216?[0;39m ?[2m---?[0;39m ?[2m[io-28852-exec-5]?[0;39m ?[36mo.s.security.web.FilterChainProxy       ?[0;39m ?[2m:?[0;39m Trying to match request against DefaultSecurityFilterChain [RequestMatcher=any request, Filters=[org.springframework.security.web.session.DisableEncodeUrlFilter@1398e3aa, org.springframework.security.web.context.request.async.WebAsyncManagerIntegrationFilter@531bffd, org.springframework.security.web.context.SecurityContextHolderFilter@207fce87, org.springframework.security.web.header.HeaderWriterFilter@7c068c7b, org.springframework.security.web.authentication.logout.LogoutFilter@43a8dd9b, org.springframework.security.web.authentication.www.BasicAuthenticationFilter@1c7159d5, org.springframework.security.web.savedrequest.RequestCacheAwareFilter@67171221, org.springframework.security.web.servletapi.SecurityContextHolderAwareRequestFilter@2f3a3fec, org.springframework.security.web.authentication.AnonymousAuthenticationFilter@31c87223, org.springframework.security.web.session.SessionManagementFilter@31906cb2, org.springframework.security.web.access.ExceptionTranslationFilter@4b9187de, org.springframework.security.web.access.intercept.AuthorizationFilter@1659a0ff]] (1/1)
?[0m?[0;34m?[2m2023-08-22T13:43:59.143+02:00?[0;39m ?[32mDEBUG?[0;39m ?[35m18216?[0;39m ?[2m---?[0;39m ?[2m[io-28852-exec-5]?[0;39m ?[36mo.s.security.web.FilterChainProxy       ?[0;39m ?[2m:?[0;39m Securing POST /api/auth/changepass
?[0m?[0;34m?[2m2023-08-22T13:43:59.143+02:00?[0;39m ?[32mTRACE?[0;39m ?[35m18216?[0;39m ?[2m---?[0;39m ?[2m[io-28852-exec-5]?[0;39m ?[36mo.s.security.web.FilterChainProxy       ?[0;39m ?[2m:?[0;39m Invoking DisableEncodeUrlFilter (1/12)
?[0m?[0;34m?[2m2023-08-22T13:43:59.143+02:00?[0;39m ?[32mTRACE?[0;39m ?[35m18216?[0;39m ?[2m---?[0;39m ?[2m[io-28852-exec-5]?[0;39m ?[36mo.s.security.web.FilterChainProxy       ?[0;39m ?[2m:?[0;39m Invoking WebAsyncManagerIntegrationFilter (2/12)
?[0m?[0;34m?[2m2023-08-22T13:43:59.143+02:00?[0;39m ?[32mTRACE?[0;39m ?[35m18216?[0;39m ?[2m---?[0;39m ?[2m[io-28852-exec-5]?[0;39m ?[36mo.s.security.web.FilterChainProxy       ?[0;39m ?[2m:?[0;39m Invoking SecurityContextHolderFilter (3/12)
?[0m?[0;34m?[2m2023-08-22T13:43:59.143+02:00?[0;39m ?[32mTRACE?[0;39m ?[35m18216?[0;39m ?[2m---?[0;39m ?[2m[io-28852-exec-5]?[0;39m ?[36mo.s.security.web.FilterChainProxy       ?[0;39m ?[2m:?[0;39m Invoking HeaderWriterFilter (4/12)
?[0m?[0;34m?[2m2023-08-22T13:43:59.143+02:00?[0;39m ?[32mTRACE?[0;39m ?[35m18216?[0;39m ?[2m---?[0;39m ?[2m[io-28852-exec-5]?[0;39m ?[36mo.s.security.web.FilterChainProxy       ?[0;39m ?[2m:?[0;39m Invoking LogoutFilter (5/12)
?[0m?[0;34m?[2m2023-08-22T13:43:59.143+02:00?[0;39m ?[32mTRACE?[0;39m ?[35m18216?[0;39m ?[2m---?[0;39m ?[2m[io-28852-exec-5]?[0;39m ?[36mo.s.s.w.a.logout.LogoutFilter           ?[0;39m ?[2m:?[0;39m Did not match request to Or [Ant [pattern='/logout', GET], Ant [pattern='/logout', POST], Ant [pattern='/logout', PUT], Ant [pattern='/logout', DELETE]]
?[0m?[0;34m?[2m2023-08-22T13:43:59.143+02:00?[0;39m ?[32mTRACE?[0;39m ?[35m18216?[0;39m ?[2m---?[0;39m ?[2m[io-28852-exec-5]?[0;39m ?[36mo.s.security.web.FilterChainProxy       ?[0;39m ?[2m:?[0;39m Invoking BasicAuthenticationFilter (6/12)
?[0m?[0;34m?[2m2023-08-22T13:43:59.143+02:00?[0;39m ?[32mTRACE?[0;39m ?[35m18216?[0;39m ?[2m---?[0;39m ?[2m[io-28852-exec-5]?[0;39m ?[36mo.s.s.w.a.www.BasicAuthenticationFilter ?[0;39m ?[2m:?[0;39m Found username 'maxmustermann@acme.com' in Basic Authorization header
?[0m?[0;34m?[2m2023-08-22T13:43:59.143+02:00?[0;39m ?[32mTRACE?[0;39m ?[35m18216?[0;39m ?[2m---?[0;39m ?[2m[io-28852-exec-5]?[0;39m ?[36m.s.s.w.c.SupplierDeferredSecurityContext?[0;39m ?[2m:?[0;39m Created SecurityContextImpl [Null authentication]
?[0m?[0;34m?[2m2023-08-22T13:43:59.143+02:00?[0;39m ?[32mTRACE?[0;39m ?[35m18216?[0;39m ?[2m---?[0;39m ?[2m[io-28852-exec-5]?[0;39m ?[36mo.s.s.authentication.ProviderManager    ?[0;39m ?[2m:?[0;39m Authenticating request with DaoAuthenticationProvider (1/1)
?[0m?[0;34mHibernate: select u1_0.id,u1_0.email,u1_0.lastname,u1_0.name,u1_0.password from users u1_0 where upper(u1_0.email)=upper(?)
?[0m?[0;34m?[2m2023-08-22T13:43:59.201+02:00?[0;39m ?[32mDEBUG?[0;39m ?[35m18216?[0;39m ?[2m---?[0;39m ?[2m[io-28852-exec-5]?[0;39m ?[36mo.s.s.a.dao.DaoAuthenticationProvider   ?[0;39m ?[2m:?[0;39m Authenticated user
?[0m?[0;34m?[2m2023-08-22T13:43:59.202+02:00?[0;39m ?[32mDEBUG?[0;39m ?[35m18216?[0;39m ?[2m---?[0;39m ?[2m[io-28852-exec-5]?[0;39m ?[36mo.s.s.w.a.www.BasicAuthenticationFilter ?[0;39m ?[2m:?[0;39m Set SecurityContextHolder to UsernamePasswordAuthenticationToken [Principal=account.businesslayer.security.UserAdapter@26127de3, Credentials=[PROTECTED], Authenticated=true, Details=WebAuthenticationDetails [RemoteIpAddress=127.0.0.1, SessionId=null], Granted Authorities=[ROLE_USER]]
?[0m?[0;34m?[2m2023-08-22T13:43:59.202+02:00?[0;39m ?[32mTRACE?[0;39m ?[35m18216?[0;39m ?[2m---?[0;39m ?[2m[io-28852-exec-5]?[0;39m ?[36mo.s.security.web.FilterChainProxy       ?[0;39m ?[2m:?[0;39m Invoking RequestCacheAwareFilter (7/12)
?[0m?[0;34m?[2m2023-08-22T13:43:59.202+02:00?[0;39m ?[32mTRACE?[0;39m ?[35m18216?[0;39m ?[2m---?[0;39m ?[2m[io-28852-exec-5]?[0;39m ?[36mo.s.security.web.FilterChainProxy       ?[0;39m ?[2m:?[0;39m Invoking SecurityContextHolderAwareRequestFilter (8/12)
?[0m?[0;34m?[2m2023-08-22T13:43:59.202+02:00?[0;39m ?[32mTRACE?[0;39m ?[35m18216?[0;39m ?[2m---?[0;39m ?[2m[io-28852-exec-5]?[0;39m ?[36mo.s.security.web.FilterChainProxy       ?[0;39m ?[2m:?[0;39m Invoking AnonymousAuthenticationFilter (9/12)
?[0m?[0;34m?[2m2023-08-22T13:43:59.202+02:00?[0;39m ?[32mTRACE?[0;39m ?[35m18216?[0;39m ?[2m---?[0;39m ?[2m[io-28852-exec-5]?[0;39m ?[36mo.s.security.web.FilterChainProxy       ?[0;39m ?[2m:?[0;39m Invoking SessionManagementFilter (10/12)
?[0m?[0;34m?[2m2023-08-22T13:43:59.202+02:00?[0;39m ?[32mTRACE?[0;39m ?[35m18216?[0;39m ?[2m---?[0;39m ?[2m[io-28852-exec-5]?[0;39m ?[36mo.s.s.w.a.AnonymousAuthenticationFilter ?[0;39m ?[2m:?[0;39m Did not set SecurityContextHolder since already authenticated UsernamePasswordAuthenticationToken [Principal=account.businesslayer.security.UserAdapter@26127de3, Credentials=[PROTECTED], Authenticated=true, Details=WebAuthenticationDetails [RemoteIpAddress=127.0.0.1, SessionId=null], Granted Authorities=[ROLE_USER]]
?[0m?[0;34m?[2m2023-08-22T13:43:59.202+02:00?[0;39m ?[32mTRACE?[0;39m ?[35m18216?[0;39m ?[2m---?[0;39m ?[2m[io-28852-exec-5]?[0;39m ?[36ms.CompositeSessionAuthenticationStrategy?[0;39m ?[2m:?[0;39m Preparing session with ChangeSessionIdAuthenticationStrategy (1/1)
?[0m?[0;34m?[2m2023-08-22T13:43:59.202+02:00?[0;39m ?[32mTRACE?[0;39m ?[35m18216?[0;39m ?[2m---?[0;39m ?[2m[io-28852-exec-5]?[0;39m ?[36mo.s.security.web.FilterChainProxy       ?[0;39m ?[2m:?[0;39m Invoking ExceptionTranslationFilter (11/12)
?[0m?[0;34m?[2m2023-08-22T13:43:59.202+02:00?[0;39m ?[32mTRACE?[0;39m ?[35m18216?[0;39m ?[2m---?[0;39m ?[2m[io-28852-exec-5]?[0;39m ?[36mo.s.security.web.FilterChainProxy       ?[0;39m ?[2m:?[0;39m Invoking AuthorizationFilter (12/12)
?[0m?[0;34m?[2m2023-08-22T13:43:59.202+02:00?[0;39m ?[32mTRACE?[0;39m ?[35m18216?[0;39m ?[2m---?[0;39m ?[2m[io-28852-exec-5]?[0;39m ?[36mestMatcherDelegatingAuthorizationManager?[0;39m ?[2m:?[0;39m Authorizing SecurityContextHolderAwareRequestWrapper[ org.springframework.security.web.header.HeaderWriterFilter$HeaderWriterRequest@2d37399a]
?[0m?[0;34m?[2m2023-08-22T13:43:59.202+02:00?[0;39m ?[32mTRACE?[0;39m ?[35m18216?[0;39m ?[2m---?[0;39m ?[2m[io-28852-exec-5]?[0;39m ?[36mestMatcherDelegatingAuthorizationManager?[0;39m ?[2m:?[0;39m Checking authorization on SecurityContextHolderAwareRequestWrapper[ org.springframework.security.web.header.HeaderWriterFilter$HeaderWriterRequest@2d37399a] using org.springframework.security.authorization.AuthenticatedAuthorizationManager@231d7549
?[0m?[0;34m?[2m2023-08-22T13:43:59.202+02:00?[0;39m ?[32mDEBUG?[0;39m ?[35m18216?[0;39m ?[2m---?[0;39m ?[2m[io-28852-exec-5]?[0;39m ?[36mo.s.security.web.FilterChainProxy       ?[0;39m ?[2m:?[0;39m Secured POST /api/auth/changepass
?[0m?[0;34mHibernate: select u1_0.id,u1_0.email,u1_0.lastname,u1_0.name,u1_0.password from users u1_0 where upper(u1_0.email)=upper(?)
?[0m?[0;34mHibernate: update users set email=?, lastname=?, name=?, password=? where id=?
?[0m?[0;34m?[2m2023-08-22T13:43:59.319+02:00?[0;39m ?[32mTRACE?[0;39m ?[35m18216?[0;39m ?[2m---?[0;39m ?[2m[io-28852-exec-5]?[0;39m ?[36mo.s.s.w.header.writers.HstsHeaderWriter ?[0;39m ?[2m:?[0;39m Not injecting HSTS header since it did not match request to [Is Secure]
?[1;31m
Start test 50?[0m
?[0;34m?[2m2023-08-22T13:43:59.326+02:00?[0;39m ?[32mTRACE?[0;39m ?[35m18216?[0;39m ?[2m---?[0;39m ?[2m[io-28852-exec-6]?[0;39m ?[36mo.s.security.web.FilterChainProxy       ?[0;39m ?[2m:?[0;39m Trying to match request against DefaultSecurityFilterChain [RequestMatcher=any request, Filters=[org.springframework.security.web.session.DisableEncodeUrlFilter@1398e3aa, org.springframework.security.web.context.request.async.WebAsyncManagerIntegrationFilter@531bffd, org.springframework.security.web.context.SecurityContextHolderFilter@207fce87, org.springframework.security.web.header.HeaderWriterFilter@7c068c7b, org.springframework.security.web.authentication.logout.LogoutFilter@43a8dd9b, org.springframework.security.web.authentication.www.BasicAuthenticationFilter@1c7159d5, org.springframework.security.web.savedrequest.RequestCacheAwareFilter@67171221, org.springframework.security.web.servletapi.SecurityContextHolderAwareRequestFilter@2f3a3fec, org.springframework.security.web.authentication.AnonymousAuthenticationFilter@31c87223, org.springframework.security.web.session.SessionManagementFilter@31906cb2, org.springframework.security.web.access.ExceptionTranslationFilter@4b9187de, org.springframework.security.web.access.intercept.AuthorizationFilter@1659a0ff]] (1/1)
?[0m?[0;34m?[2m2023-08-22T13:43:59.326+02:00?[0;39m ?[32mDEBUG?[0;39m ?[35m18216?[0;39m ?[2m---?[0;39m ?[2m[io-28852-exec-6]?[0;39m ?[36mo.s.security.web.FilterChainProxy       ?[0;39m ?[2m:?[0;39m Securing GET /api/empl/payment
?[0m?[0;34m?[2m2023-08-22T13:43:59.326+02:00?[0;39m ?[32mTRACE?[0;39m ?[35m18216?[0;39m ?[2m---?[0;39m ?[2m[io-28852-exec-6]?[0;39m ?[36mo.s.security.web.FilterChainProxy       ?[0;39m ?[2m:?[0;39m Invoking DisableEncodeUrlFilter (1/12)
?[0m?[0;34m?[2m2023-08-22T13:43:59.326+02:00?[0;39m ?[32mTRACE?[0;39m ?[35m18216?[0;39m ?[2m---?[0;39m ?[2m[io-28852-exec-6]?[0;39m ?[36mo.s.security.web.FilterChainProxy       ?[0;39m ?[2m:?[0;39m Invoking WebAsyncManagerIntegrationFilter (2/12)
?[0m?[0;34m?[2m2023-08-22T13:43:59.326+02:00?[0;39m ?[32mTRACE?[0;39m ?[35m18216?[0;39m ?[2m---?[0;39m ?[2m[io-28852-exec-6]?[0;39m ?[36mo.s.security.web.FilterChainProxy       ?[0;39m ?[2m:?[0;39m Invoking SecurityContextHolderFilter (3/12)
?[0m?[0;34m?[2m2023-08-22T13:43:59.326+02:00?[0;39m ?[32mTRACE?[0;39m ?[35m18216?[0;39m ?[2m---?[0;39m ?[2m[io-28852-exec-6]?[0;39m ?[36mo.s.security.web.FilterChainProxy       ?[0;39m ?[2m:?[0;39m Invoking HeaderWriterFilter (4/12)
?[0m?[0;34m?[2m2023-08-22T13:43:59.326+02:00?[0;39m ?[32mTRACE?[0;39m ?[35m18216?[0;39m ?[2m---?[0;39m ?[2m[io-28852-exec-6]?[0;39m ?[36mo.s.security.web.FilterChainProxy       ?[0;39m ?[2m:?[0;39m Invoking LogoutFilter (5/12)
?[0m?[0;34m?[2m2023-08-22T13:43:59.326+02:00?[0;39m ?[32mTRACE?[0;39m ?[35m18216?[0;39m ?[2m---?[0;39m ?[2m[io-28852-exec-6]?[0;39m ?[36mo.s.s.w.a.logout.LogoutFilter           ?[0;39m ?[2m:?[0;39m Did not match request to Or [Ant [pattern='/logout', GET], Ant [pattern='/logout', POST], Ant [pattern='/logout', PUT], Ant [pattern='/logout', DELETE]]
?[0m?[0;34m?[2m2023-08-22T13:43:59.326+02:00?[0;39m ?[32mTRACE?[0;39m ?[35m18216?[0;39m ?[2m---?[0;39m ?[2m[io-28852-exec-6]?[0;39m ?[36mo.s.security.web.FilterChainProxy       ?[0;39m ?[2m:?[0;39m Invoking BasicAuthenticationFilter (6/12)
?[0m?[0;34m?[2m2023-08-22T13:43:59.326+02:00?[0;39m ?[32mTRACE?[0;39m ?[35m18216?[0;39m ?[2m---?[0;39m ?[2m[io-28852-exec-6]?[0;39m ?[36mo.s.s.w.a.www.BasicAuthenticationFilter ?[0;39m ?[2m:?[0;39m Found username 'MaxMustermann@acme.com' in Basic Authorization header
?[0m?[0;34m?[2m2023-08-22T13:43:59.326+02:00?[0;39m ?[32mTRACE?[0;39m ?[35m18216?[0;39m ?[2m---?[0;39m ?[2m[io-28852-exec-6]?[0;39m ?[36m.s.s.w.c.SupplierDeferredSecurityContext?[0;39m ?[2m:?[0;39m Created SecurityContextImpl [Null authentication]
?[0m?[0;34m?[2m2023-08-22T13:43:59.326+02:00?[0;39m ?[32mTRACE?[0;39m ?[35m18216?[0;39m ?[2m---?[0;39m ?[2m[io-28852-exec-6]?[0;39m ?[36mo.s.s.authentication.ProviderManager    ?[0;39m ?[2m:?[0;39m Authenticating request with DaoAuthenticationProvider (1/1)
?[0m?[0;34mHibernate: select u1_0.id,u1_0.email,u1_0.lastname,u1_0.name,u1_0.password from users u1_0 where upper(u1_0.email)=upper(?)
?[0m?[0;34m?[2m2023-08-22T13:43:59.384+02:00?[0;39m ?[32mDEBUG?[0;39m ?[35m18216?[0;39m ?[2m---?[0;39m ?[2m[io-28852-exec-6]?[0;39m ?[36mo.s.s.a.dao.DaoAuthenticationProvider   ?[0;39m ?[2m:?[0;39m Failed to authenticate since password does not match stored value
?[0m?[0;34m?[2m2023-08-22T13:43:59.385+02:00?[0;39m ?[32mDEBUG?[0;39m ?[35m18216?[0;39m ?[2m---?[0;39m ?[2m[io-28852-exec-6]?[0;39m ?[36mo.s.s.w.a.www.BasicAuthenticationFilter ?[0;39m ?[2m:?[0;39m Failed to process authentication request
?[0m?[0;34m
?[0m?[0;34morg.springframework.security.authentication.BadCredentialsException: Bad credentials
?[0m?[0;34m	at org.springframework.security.authentication.dao.DaoAuthenticationProvider.additionalAuthenticationChecks(DaoAuthenticationProvider.java:80) ~[spring-security-core-6.0.1.jar:6.0.1]
?[0m?[0;34m	at org.springframework.security.authentication.dao.AbstractUserDetailsAuthenticationProvider.authenticate(AbstractUserDetailsAuthenticationProvider.java:147) ~[spring-security-core-6.0.1.jar:6.0.1]
?[0m?[0;34m	at org.springframework.security.authentication.ProviderManager.authenticate(ProviderManager.java:182) ~[spring-security-core-6.0.1.jar:6.0.1]
?[0m?[0;34m	at org.springframework.security.authentication.ProviderManager.authenticate(ProviderManager.java:201) ~[spring-security-core-6.0.1.jar:6.0.1]
?[0m?[0;34m	at org.springframework.security.authentication.ObservationAuthenticationManager.lambda$authenticate$1(ObservationAuthenticationManager.java:53) ~[spring-security-core-6.0.1.jar:6.0.1]
?[0m?[0;34m	at io.micrometer.observation.Observation.observe(Observation.java:559) ~[micrometer-observation-1.10.3.jar:1.10.3]
?[0m?[0;34m	at org.springframework.security.authentication.ObservationAuthenticationManager.authenticate(ObservationAuthenticationManager.java:52) ~[spring-security-core-6.0.1.jar:6.0.1]
?[0m?[0;34m	at org.springframework.security.web.authentication.www.BasicAuthenticationFilter.doFilterInternal(BasicAuthenticationFilter.java:176) ~[spring-security-web-6.0.1.jar:6.0.1]
?[0m?[0;34m	at org.springframework.web.filter.OncePerRequestFilter.doFilter(OncePerRequestFilter.java:116) ~[spring-web-6.0.4.jar:6.0.4]
?[0m?[0;34m	at org.springframework.security.web.ObservationFilterChainDecorator$ObservationFilter.wrapFilter(ObservationFilterChainDecorator.java:186) ~[spring-security-web-6.0.1.jar:6.0.1]
?[0m?[0;34m	at org.springframework.security.web.ObservationFilterChainDecorator$ObservationFilter.doFilter(ObservationFilterChainDecorator.java:173) ~[spring-security-web-6.0.1.jar:6.0.1]
?[0m?[0;34m	at org.springframework.security.web.ObservationFilterChainDecorator$VirtualFilterChain.doFilter(ObservationFilterChainDecorator.java:134) ~[spring-security-web-6.0.1.jar:6.0.1]
?[0m?[0;34m	at org.springframework.security.web.authentication.logout.LogoutFilter.doFilter(LogoutFilter.java:107) ~[spring-security-web-6.0.1.jar:6.0.1]
?[0m?[0;34m	at org.springframework.security.web.authentication.logout.LogoutFilter.doFilter(LogoutFilter.java:93) ~[spring-security-web-6.0.1.jar:6.0.1]
?[0m?[0;34m	at org.springframework.security.web.ObservationFilterChainDecorator$ObservationFilter.wrapFilter(ObservationFilterChainDecorator.java:186) ~[spring-security-web-6.0.1.jar:6.0.1]
?[0m?[0;34m	at org.springframework.security.web.ObservationFilterChainDecorator$ObservationFilter.doFilter(ObservationFilterChainDecorator.java:173) ~[spring-security-web-6.0.1.jar:6.0.1]
?[0m?[0;34m	at org.springframework.security.web.ObservationFilterChainDecorator$VirtualFilterChain.doFilter(ObservationFilterChainDecorator.java:134) ~[spring-security-web-6.0.1.jar:6.0.1]
?[0m?[0;34m	at org.springframework.security.web.header.HeaderWriterFilter.doHeadersAfter(HeaderWriterFilter.java:90) ~[spring-security-web-6.0.1.jar:6.0.1]
?[0m?[0;34m	at org.springframework.security.web.header.HeaderWriterFilter.doFilterInternal(HeaderWriterFilter.java:75) ~[spring-security-web-6.0.1.jar:6.0.1]
?[0m?[0;34m	at org.springframework.web.filter.OncePerRequestFilter.doFilter(OncePerRequestFilter.java:116) ~[spring-web-6.0.4.jar:6.0.4]
?[0m?[0;34m	at org.springframework.security.web.ObservationFilterChainDecorator$ObservationFilter.wrapFilter(ObservationFilterChainDecorator.java:186) ~[spring-security-web-6.0.1.jar:6.0.1]
?[0m?[0;34m	at org.springframework.security.web.ObservationFilterChainDecorator$ObservationFilter.doFilter(ObservationFilterChainDecorator.java:173) ~[spring-security-web-6.0.1.jar:6.0.1]
?[0m?[0;34m	at org.springframework.security.web.ObservationFilterChainDecorator$VirtualFilterChain.doFilter(ObservationFilterChainDecorator.java:134) ~[spring-security-web-6.0.1.jar:6.0.1]
?[0m?[0;34m	at org.springframework.security.web.context.SecurityContextHolderFilter.doFilter(SecurityContextHolderFilter.java:82) ~[spring-security-web-6.0.1.jar:6.0.1]
?[0m?[0;34m	at org.springframework.security.web.context.SecurityContextHolderFilter.doFilter(SecurityContextHolderFilter.java:69) ~[spring-security-web-6.0.1.jar:6.0.1]
?[0m?[0;34m	at org.springframework.security.web.ObservationFilterChainDecorator$ObservationFilter.wrapFilter(ObservationFilterChainDecorator.java:186) ~[spring-security-web-6.0.1.jar:6.0.1]
?[0m?[0;34m	at org.springframework.security.web.ObservationFilterChainDecorator$ObservationFilter.doFilter(ObservationFilterChainDecorator.java:173) ~[spring-security-web-6.0.1.jar:6.0.1]
?[0m?[0;34m	at org.springframework.security.web.ObservationFilterChainDecorator$VirtualFilterChain.doFilter(ObservationFilterChainDecorator.java:134) ~[spring-security-web-6.0.1.jar:6.0.1]
?[0m?[0;34m	at org.springframework.security.web.context.request.async.WebAsyncManagerIntegrationFilter.doFilterInternal(WebAsyncManagerIntegrationFilter.java:62) ~[spring-security-web-6.0.1.jar:6.0.1]
?[0m?[0;34m	at org.springframework.web.filter.OncePerRequestFilter.doFilter(OncePerRequestFilter.java:116) ~[spring-web-6.0.4.jar:6.0.4]
?[0m?[0;34m	at org.springframework.security.web.ObservationFilterChainDecorator$ObservationFilter.wrapFilter(ObservationFilterChainDecorator.java:186) ~[spring-security-web-6.0.1.jar:6.0.1]
?[0m?[0;34m	at org.springframework.security.web.ObservationFilterChainDecorator$ObservationFilter.doFilter(ObservationFilterChainDecorator.java:173) ~[spring-security-web-6.0.1.jar:6.0.1]
?[0m?[0;34m	at org.springframework.security.web.ObservationFilterChainDecorator$VirtualFilterChain.doFilter(ObservationFilterChainDecorator.java:134) ~[spring-security-web-6.0.1.jar:6.0.1]
?[0m?[0;34m	at org.springframework.security.web.session.DisableEncodeUrlFilter.doFilterInternal(DisableEncodeUrlFilter.java:42) ~[spring-security-web-6.0.1.jar:6.0.1]
?[0m?[0;34m	at org.springframework.web.filter.OncePerRequestFilter.doFilter(OncePerRequestFilter.java:116) ~[spring-web-6.0.4.jar:6.0.4]
?[0m?[0;34m	at org.springframework.security.web.ObservationFilterChainDecorator$ObservationFilter.wrapFilter(ObservationFilterChainDecorator.java:186) ~[spring-security-web-6.0.1.jar:6.0.1]
?[0m?[0;34m	at org.springframework.security.web.ObservationFilterChainDecorator$AroundFilterObservation$SimpleAroundFilterObservation.lambda$wrap$0(ObservationFilterChainDecorator.java:280) ~[spring-security-web-6.0.1.jar:6.0.1]
?[0m?[0;34m	at org.springframework.security.web.ObservationFilterChainDecorator$ObservationFilter.doFilter(ObservationFilterChainDecorator.java:170) ~[spring-security-web-6.0.1.jar:6.0.1]
?[0m?[0;34m	at org.springframework.security.web.ObservationFilterChainDecorator$VirtualFilterChain.doFilter(ObservationFilterChainDecorator.java:134) ~[spring-security-web-6.0.1.jar:6.0.1]
?[0m?[0;34m	at org.springframework.security.web.FilterChainProxy.doFilterInternal(FilterChainProxy.java:233) ~[spring-security-web-6.0.1.jar:6.0.1]
?[0m?[0;34m	at org.springframework.security.web.FilterChainProxy.doFilter(FilterChainProxy.java:191) ~[spring-security-web-6.0.1.jar:6.0.1]
?[0m?[0;34m	at org.springframework.web.filter.DelegatingFilterProxy.invokeDelegate(DelegatingFilterProxy.java:351) ~[spring-web-6.0.4.jar:6.0.4]
?[0m?[0;34m	at org.springframework.web.filter.DelegatingFilterProxy.doFilter(DelegatingFilterProxy.java:267) ~[spring-web-6.0.4.jar:6.0.4]
?[0m?[0;34m	at jdk.internal.reflect.GeneratedMethodAccessor11.invoke(Unknown Source) ~[na:na]
?[0m?[0;34m	at java.base/jdk.internal.reflect.DelegatingMethodAccessorImpl.invoke(DelegatingMethodAccessorImpl.java:43) ~[na:na]
?[0m?[0;34m	at java.base/java.lang.reflect.Method.invoke(Method.java:568) ~[na:na]
?[0m?[0;34m	at org.apache.catalina.security.SecurityUtil.lambda$execute$0(SecurityUtil.java:281) ~[tomcat-embed-core-10.1.5.jar:10.1.5]
?[0m?[0;34m	at java.base/java.security.AccessController.doPrivileged(AccessController.java:712) ~[na:na]
?[0m?[0;34m	at java.base/javax.security.auth.Subject.doAsPrivileged(Subject.java:584) ~[na:na]
?[0m?[0;34m	at org.apache.catalina.security.SecurityUtil.execute(SecurityUtil.java:312) ~[tomcat-embed-core-10.1.5.jar:10.1.5]
?[0m?[0;34m	at org.apache.catalina.security.SecurityUtil.doAsPrivilege(SecurityUtil.java:254) ~[tomcat-embed-core-10.1.5.jar:10.1.5]
?[0m?[0;34m	at org.apache.catalina.core.ApplicationFilterChain.internalDoFilter(ApplicationFilterChain.java:183) ~[tomcat-embed-core-10.1.5.jar:10.1.5]
?[0m?[0;34m	at org.apache.catalina.core.ApplicationFilterChain.lambda$doFilter$0(ApplicationFilterChain.java:141) ~[tomcat-embed-core-10.1.5.jar:10.1.5]
?[0m?[0;34m	at java.base/java.security.AccessController.doPrivileged(AccessController.java:569) ~[na:na]
?[0m?[0;34m	at org.apache.catalina.core.ApplicationFilterChain.doFilter(ApplicationFilterChain.java:139) ~[tomcat-embed-core-10.1.5.jar:10.1.5]
?[0m?[0;34m	at org.springframework.web.filter.RequestContextFilter.doFilterInternal(RequestContextFilter.java:100) ~[spring-web-6.0.4.jar:6.0.4]
?[0m?[0;34m	at org.springframework.web.filter.OncePerRequestFilter.doFilter(OncePerRequestFilter.java:116) ~[spring-web-6.0.4.jar:6.0.4]
?[0m?[0;34m	at jdk.internal.reflect.GeneratedMethodAccessor11.invoke(Unknown Source) ~[na:na]
?[0m?[0;34m	at java.base/jdk.internal.reflect.DelegatingMethodAccessorImpl.invoke(DelegatingMethodAccessorImpl.java:43) ~[na:na]
?[0m?[0;34m	at java.base/java.lang.reflect.Method.invoke(Method.java:568) ~[na:na]
?[0m?[0;34m	at org.apache.catalina.security.SecurityUtil.lambda$execute$0(SecurityUtil.java:281) ~[tomcat-embed-core-10.1.5.jar:10.1.5]
?[0m?[0;34m	at java.base/java.security.AccessController.doPrivileged(AccessController.java:712) ~[na:na]
?[0m?[0;34m	at java.base/javax.security.auth.Subject.doAsPrivileged(Subject.java:584) ~[na:na]
?[0m?[0;34m	at org.apache.catalina.security.SecurityUtil.execute(SecurityUtil.java:312) ~[tomcat-embed-core-10.1.5.jar:10.1.5]
?[0m?[0;34m	at org.apache.catalina.security.SecurityUtil.doAsPrivilege(SecurityUtil.java:254) ~[tomcat-embed-core-10.1.5.jar:10.1.5]
?[0m?[0;34m	at org.apache.catalina.core.ApplicationFilterChain.internalDoFilter(ApplicationFilterChain.java:183) ~[tomcat-embed-core-10.1.5.jar:10.1.5]
?[0m?[0;34m	at org.apache.catalina.core.ApplicationFilterChain.lambda$doFilter$0(ApplicationFilterChain.java:141) ~[tomcat-embed-core-10.1.5.jar:10.1.5]
?[0m?[0;34m	at java.base/java.security.AccessController.doPrivileged(AccessController.java:569) ~[na:na]
?[0m?[0;34m	at org.apache.catalina.core.ApplicationFilterChain.doFilter(ApplicationFilterChain.java:139) ~[tomcat-embed-core-10.1.5.jar:10.1.5]
?[0m?[0;34m	at org.springframework.web.filter.FormContentFilter.doFilterInternal(FormContentFilter.java:93) ~[spring-web-6.0.4.jar:6.0.4]
?[0m?[0;34m	at org.springframework.web.filter.OncePerRequestFilter.doFilter(OncePerRequestFilter.java:116) ~[spring-web-6.0.4.jar:6.0.4]
?[0m?[0;34m	at jdk.internal.reflect.GeneratedMethodAccessor11.invoke(Unknown Source) ~[na:na]
?[0m?[0;34m	at java.base/jdk.internal.reflect.DelegatingMethodAccessorImpl.invoke(DelegatingMethodAccessorImpl.java:43) ~[na:na]
?[0m?[0;34m	at java.base/java.lang.reflect.Method.invoke(Method.java:568) ~[na:na]
?[0m?[0;34m	at org.apache.catalina.security.SecurityUtil.lambda$execute$0(SecurityUtil.java:281) ~[tomcat-embed-core-10.1.5.jar:10.1.5]
?[0m?[0;34m	at java.base/java.security.AccessController.doPrivileged(AccessController.java:712) ~[na:na]
?[0m?[0;34m	at java.base/javax.security.auth.Subject.doAsPrivileged(Subject.java:584) ~[na:na]
?[0m?[0;34m	at org.apache.catalina.security.SecurityUtil.execute(SecurityUtil.java:312) ~[tomcat-embed-core-10.1.5.jar:10.1.5]
?[0m?[0;34m	at org.apache.catalina.security.SecurityUtil.doAsPrivilege(SecurityUtil.java:254) ~[tomcat-embed-core-10.1.5.jar:10.1.5]
?[0m?[0;34m	at org.apache.catalina.core.ApplicationFilterChain.internalDoFilter(ApplicationFilterChain.java:183) ~[tomcat-embed-core-10.1.5.jar:10.1.5]
?[0m?[0;34m	at org.apache.catalina.core.ApplicationFilterChain.lambda$doFilter$0(ApplicationFilterChain.java:141) ~[tomcat-embed-core-10.1.5.jar:10.1.5]
?[0m?[0;34m	at java.base/java.security.AccessController.doPrivileged(AccessController.java:569) ~[na:na]
?[0m?[0;34m	at org.apache.catalina.core.ApplicationFilterChain.doFilter(ApplicationFilterChain.java:139) ~[tomcat-embed-core-10.1.5.jar:10.1.5]
?[0m?[0;34m	at org.springframework.web.filter.ServerHttpObservationFilter.doFilterInternal(ServerHttpObservationFilter.java:109) ~[spring-web-6.0.4.jar:6.0.4]
?[0m?[0;34m	at org.springframework.web.filter.OncePerRequestFilter.doFilter(OncePerRequestFilter.java:116) ~[spring-web-6.0.4.jar:6.0.4]
?[0m?[0;34m	at jdk.internal.reflect.GeneratedMethodAccessor11.invoke(Unknown Source) ~[na:na]
?[0m?[0;34m	at java.base/jdk.internal.reflect.DelegatingMethodAccessorImpl.invoke(DelegatingMethodAccessorImpl.java:43) ~[na:na]
?[0m?[0;34m	at java.base/java.lang.reflect.Method.invoke(Method.java:568) ~[na:na]
?[0m?[0;34m	at org.apache.catalina.security.SecurityUtil.lambda$execute$0(SecurityUtil.java:281) ~[tomcat-embed-core-10.1.5.jar:10.1.5]
?[0m?[0;34m	at java.base/java.security.AccessController.doPrivileged(AccessController.java:712) ~[na:na]
?[0m?[0;34m	at java.base/javax.security.auth.Subject.doAsPrivileged(Subject.java:584) ~[na:na]
?[0m?[0;34m	at org.apache.catalina.security.SecurityUtil.execute(SecurityUtil.java:312) ~[tomcat-embed-core-10.1.5.jar:10.1.5]
?[0m?[0;34m	at org.apache.catalina.security.SecurityUtil.doAsPrivilege(SecurityUtil.java:254) ~[tomcat-embed-core-10.1.5.jar:10.1.5]
?[0m?[0;34m	at org.apache.catalina.core.ApplicationFilterChain.internalDoFilter(ApplicationFilterChain.java:183) ~[tomcat-embed-core-10.1.5.jar:10.1.5]
?[0m?[0;34m	at org.apache.catalina.core.ApplicationFilterChain.lambda$doFilter$0(ApplicationFilterChain.java:141) ~[tomcat-embed-core-10.1.5.jar:10.1.5]
?[0m?[0;34m	at java.base/java.security.AccessController.doPrivileged(AccessController.java:569) ~[na:na]
?[0m?[0;34m	at org.apache.catalina.core.ApplicationFilterChain.doFilter(ApplicationFilterChain.java:139) ~[tomcat-embed-core-10.1.5.jar:10.1.5]
?[0m?[0;34m	at org.springframework.web.filter.CharacterEncodingFilter.doFilterInternal(CharacterEncodingFilter.java:201) ~[spring-web-6.0.4.jar:6.0.4]
?[0m?[0;34m	at org.springframework.web.filter.OncePerRequestFilter.doFilter(OncePerRequestFilter.java:116) ~[spring-web-6.0.4.jar:6.0.4]
?[0m?[0;34m	at jdk.internal.reflect.GeneratedMethodAccessor11.invoke(Unknown Source) ~[na:na]
?[0m?[0;34m	at java.base/jdk.internal.reflect.DelegatingMethodAccessorImpl.invoke(DelegatingMethodAccessorImpl.java:43) ~[na:na]
?[0m?[0;34m	at java.base/java.lang.reflect.Method.invoke(Method.java:568) ~[na:na]
?[0m?[0;34m	at org.apache.catalina.security.SecurityUtil.lambda$execute$0(SecurityUtil.java:281) ~[tomcat-embed-core-10.1.5.jar:10.1.5]
?[0m?[0;34m	at java.base/java.security.AccessController.doPrivileged(AccessController.java:712) ~[na:na]
?[0m?[0;34m	at java.base/javax.security.auth.Subject.doAsPrivileged(Subject.java:584) ~[na:na]
?[0m?[0;34m	at org.apache.catalina.security.SecurityUtil.execute(SecurityUtil.java:312) ~[tomcat-embed-core-10.1.5.jar:10.1.5]
?[0m?[0;34m	at org.apache.catalina.security.SecurityUtil.doAsPrivilege(SecurityUtil.java:254) ~[tomcat-embed-core-10.1.5.jar:10.1.5]
?[0m?[0;34m	at org.apache.catalina.core.ApplicationFilterChain.internalDoFilter(ApplicationFilterChain.java:183) ~[tomcat-embed-core-10.1.5.jar:10.1.5]
?[0m?[0;34m	at org.apache.catalina.core.ApplicationFilterChain.lambda$doFilter$0(ApplicationFilterChain.java:141) ~[tomcat-embed-core-10.1.5.jar:10.1.5]
?[0m?[0;34m	at java.base/java.security.AccessController.doPrivileged(AccessController.java:569) ~[na:na]
?[0m?[0;34m	at org.apache.catalina.core.ApplicationFilterChain.doFilter(ApplicationFilterChain.java:139) ~[tomcat-embed-core-10.1.5.jar:10.1.5]
?[0m?[0;34m	at org.apache.catalina.core.StandardWrapperValve.invoke(StandardWrapperValve.java:177) ~[tomcat-embed-core-10.1.5.jar:10.1.5]
?[0m?[0;34m	at org.apache.catalina.core.StandardContextValve.invoke(StandardContextValve.java:97) ~[tomcat-embed-core-10.1.5.jar:10.1.5]
?[0m?[0;34m	at org.apache.catalina.authenticator.AuthenticatorBase.invoke(AuthenticatorBase.java:542) ~[tomcat-embed-core-10.1.5.jar:10.1.5]
?[0m?[0;34m	at org.apache.catalina.core.StandardHostValve.invoke(StandardHostValve.java:119) ~[tomcat-embed-core-10.1.5.jar:10.1.5]
?[0m?[0;34m	at org.apache.catalina.valves.ErrorReportValve.invoke(ErrorReportValve.java:92) ~[tomcat-embed-core-10.1.5.jar:10.1.5]
?[0m?[0;34m	at org.apache.catalina.core.StandardEngineValve.invoke(StandardEngineValve.java:78) ~[tomcat-embed-core-10.1.5.jar:10.1.5]
?[0m?[0;34m	at org.apache.catalina.connector.CoyoteAdapter.service(CoyoteAdapter.java:357) ~[tomcat-embed-core-10.1.5.jar:10.1.5]
?[0m?[0;34m	at org.apache.coyote.http11.Http11Processor.service(Http11Processor.java:400) ~[tomcat-embed-core-10.1.5.jar:10.1.5]
?[0m?[0;34m	at org.apache.coyote.AbstractProcessorLight.process(AbstractProcessorLight.java:65) ~[tomcat-embed-core-10.1.5.jar:10.1.5]
?[0m?[0;34m	at org.apache.coyote.AbstractProtocol$ConnectionHandler.process(AbstractProtocol.java:859) ~[tomcat-embed-core-10.1.5.jar:10.1.5]
?[0m?[0;34m	at org.apache.tomcat.util.net.NioEndpoint$SocketProcessor.doRun(NioEndpoint.java:1734) ~[tomcat-embed-core-10.1.5.jar:10.1.5]
?[0m?[0;34m	at org.apache.tomcat.util.net.SocketProcessorBase.run(SocketProcessorBase.java:52) ~[tomcat-embed-core-10.1.5.jar:10.1.5]
?[0m?[0;34m	at org.apache.tomcat.util.threads.ThreadPoolExecutor.runWorker(ThreadPoolExecutor.java:1191) ~[tomcat-embed-core-10.1.5.jar:10.1.5]
?[0m?[0;34m	at org.apache.tomcat.util.threads.ThreadPoolExecutor$Worker.run(ThreadPoolExecutor.java:659) ~[tomcat-embed-core-10.1.5.jar:10.1.5]
?[0m?[0;34m	at org.apache.tomcat.util.threads.TaskThread$WrappingRunnable.run(TaskThread.java:61) ~[tomcat-embed-core-10.1.5.jar:10.1.5]
?[0m?[0;34m	at java.base/java.lang.Thread.run(Thread.java:833) ~[na:na]
?[0m?[0;34m
?[0m?[0;34m?[2m2023-08-22T13:43:59.387+02:00?[0;39m ?[32mDEBUG?[0;39m ?[35m18216?[0;39m ?[2m---?[0;39m ?[2m[io-28852-exec-6]?[0;39m ?[36ms.w.a.DelegatingAuthenticationEntryPoint?[0;39m ?[2m:?[0;39m Trying to match using RequestHeaderRequestMatcher [expectedHeaderName=X-Requested-With, expectedHeaderValue=XMLHttpRequest]
?[0m?[0;34m?[2m2023-08-22T13:43:59.387+02:00?[0;39m ?[32mDEBUG?[0;39m ?[35m18216?[0;39m ?[2m---?[0;39m ?[2m[io-28852-exec-6]?[0;39m ?[36ms.w.a.DelegatingAuthenticationEntryPoint?[0;39m ?[2m:?[0;39m No match found. Using default entry point org.springframework.security.web.authentication.www.BasicAuthenticationEntryPoint@1ae325ab
?[0m?[0;34m?[2m2023-08-22T13:43:59.387+02:00?[0;39m ?[32mTRACE?[0;39m ?[35m18216?[0;39m ?[2m---?[0;39m ?[2m[io-28852-exec-6]?[0;39m ?[36mo.s.s.w.header.writers.HstsHeaderWriter ?[0;39m ?[2m:?[0;39m Not injecting HSTS header since it did not match request to [Is Secure]
?[0m?[0;34m?[2m2023-08-22T13:43:59.387+02:00?[0;39m ?[32mTRACE?[0;39m ?[35m18216?[0;39m ?[2m---?[0;39m ?[2m[io-28852-exec-6]?[0;39m ?[36mo.s.security.web.FilterChainProxy       ?[0;39m ?[2m:?[0;39m Trying to match request against DefaultSecurityFilterChain [RequestMatcher=any request, Filters=[org.springframework.security.web.session.DisableEncodeUrlFilter@1398e3aa, org.springframework.security.web.context.request.async.WebAsyncManagerIntegrationFilter@531bffd, org.springframework.security.web.context.SecurityContextHolderFilter@207fce87, org.springframework.security.web.header.HeaderWriterFilter@7c068c7b, org.springframework.security.web.authentication.logout.LogoutFilter@43a8dd9b, org.springframework.security.web.authentication.www.BasicAuthenticationFilter@1c7159d5, org.springframework.security.web.savedrequest.RequestCacheAwareFilter@67171221, org.springframework.security.web.servletapi.SecurityContextHolderAwareRequestFilter@2f3a3fec, org.springframework.security.web.authentication.AnonymousAuthenticationFilter@31c87223, org.springframework.security.web.session.SessionManagementFilter@31906cb2, org.springframework.security.web.access.ExceptionTranslationFilter@4b9187de, org.springframework.security.web.access.intercept.AuthorizationFilter@1659a0ff]] (1/1)
?[0m?[0;34m?[2m2023-08-22T13:43:59.387+02:00?[0;39m ?[32mDEBUG?[0;39m ?[35m18216?[0;39m ?[2m---?[0;39m ?[2m[io-28852-exec-6]?[0;39m ?[36mo.s.security.web.FilterChainProxy       ?[0;39m ?[2m:?[0;39m Securing GET /error
?[0m?[0;34m?[2m2023-08-22T13:43:59.387+02:00?[0;39m ?[32mTRACE?[0;39m ?[35m18216?[0;39m ?[2m---?[0;39m ?[2m[io-28852-exec-6]?[0;39m ?[36mo.s.security.web.FilterChainProxy       ?[0;39m ?[2m:?[0;39m Invoking DisableEncodeUrlFilter (1/12)
?[0m?[0;34m?[2m2023-08-22T13:43:59.387+02:00?[0;39m ?[32mTRACE?[0;39m ?[35m18216?[0;39m ?[2m---?[0;39m ?[2m[io-28852-exec-6]?[0;39m ?[36mo.s.security.web.FilterChainProxy       ?[0;39m ?[2m:?[0;39m Invoking WebAsyncManagerIntegrationFilter (2/12)
?[0m?[0;34m?[2m2023-08-22T13:43:59.387+02:00?[0;39m ?[32mTRACE?[0;39m ?[35m18216?[0;39m ?[2m---?[0;39m ?[2m[io-28852-exec-6]?[0;39m ?[36mo.s.security.web.FilterChainProxy       ?[0;39m ?[2m:?[0;39m Invoking SecurityContextHolderFilter (3/12)
?[0m?[0;34m?[2m2023-08-22T13:43:59.388+02:00?[0;39m ?[32mTRACE?[0;39m ?[35m18216?[0;39m ?[2m---?[0;39m ?[2m[io-28852-exec-6]?[0;39m ?[36mo.s.security.web.FilterChainProxy       ?[0;39m ?[2m:?[0;39m Invoking HeaderWriterFilter (4/12)
?[0m?[0;34m?[2m2023-08-22T13:43:59.388+02:00?[0;39m ?[32mTRACE?[0;39m ?[35m18216?[0;39m ?[2m---?[0;39m ?[2m[io-28852-exec-6]?[0;39m ?[36mo.s.security.web.FilterChainProxy       ?[0;39m ?[2m:?[0;39m Invoking LogoutFilter (5/12)
?[0m?[0;34m?[2m2023-08-22T13:43:59.388+02:00?[0;39m ?[32mTRACE?[0;39m ?[35m18216?[0;39m ?[2m---?[0;39m ?[2m[io-28852-exec-6]?[0;39m ?[36mo.s.s.w.a.logout.LogoutFilter           ?[0;39m ?[2m:?[0;39m Did not match request to Or [Ant [pattern='/logout', GET], Ant [pattern='/logout', POST], Ant [pattern='/logout', PUT], Ant [pattern='/logout', DELETE]]
?[0m?[0;34m?[2m2023-08-22T13:43:59.388+02:00?[0;39m ?[32mTRACE?[0;39m ?[35m18216?[0;39m ?[2m---?[0;39m ?[2m[io-28852-exec-6]?[0;39m ?[36mo.s.security.web.FilterChainProxy       ?[0;39m ?[2m:?[0;39m Invoking BasicAuthenticationFilter (6/12)
?[0m?[0;34m?[2m2023-08-22T13:43:59.388+02:00?[0;39m ?[32mTRACE?[0;39m ?[35m18216?[0;39m ?[2m---?[0;39m ?[2m[io-28852-exec-6]?[0;39m ?[36mo.s.security.web.FilterChainProxy       ?[0;39m ?[2m:?[0;39m Invoking RequestCacheAwareFilter (7/12)
?[0m?[0;34m?[2m2023-08-22T13:43:59.388+02:00?[0;39m ?[32mTRACE?[0;39m ?[35m18216?[0;39m ?[2m---?[0;39m ?[2m[io-28852-exec-6]?[0;39m ?[36mo.s.security.web.FilterChainProxy       ?[0;39m ?[2m:?[0;39m Invoking SecurityContextHolderAwareRequestFilter (8/12)
?[0m?[0;34m?[2m2023-08-22T13:43:59.388+02:00?[0;39m ?[32mTRACE?[0;39m ?[35m18216?[0;39m ?[2m---?[0;39m ?[2m[io-28852-exec-6]?[0;39m ?[36mo.s.security.web.FilterChainProxy       ?[0;39m ?[2m:?[0;39m Invoking AnonymousAuthenticationFilter (9/12)
?[0m?[0;34m?[2m2023-08-22T13:43:59.388+02:00?[0;39m ?[32mTRACE?[0;39m ?[35m18216?[0;39m ?[2m---?[0;39m ?[2m[io-28852-exec-6]?[0;39m ?[36mo.s.security.web.FilterChainProxy       ?[0;39m ?[2m:?[0;39m Invoking SessionManagementFilter (10/12)
?[0m?[0;34m?[2m2023-08-22T13:43:59.388+02:00?[0;39m ?[32mTRACE?[0;39m ?[35m18216?[0;39m ?[2m---?[0;39m ?[2m[io-28852-exec-6]?[0;39m ?[36m.s.s.w.c.SupplierDeferredSecurityContext?[0;39m ?[2m:?[0;39m Created SecurityContextImpl [Null authentication]
?[0m?[0;34m?[2m2023-08-22T13:43:59.388+02:00?[0;39m ?[32mTRACE?[0;39m ?[35m18216?[0;39m ?[2m---?[0;39m ?[2m[io-28852-exec-6]?[0;39m ?[36mo.s.s.w.a.AnonymousAuthenticationFilter ?[0;39m ?[2m:?[0;39m Set SecurityContextHolder to AnonymousAuthenticationToken [Principal=anonymousUser, Credentials=[PROTECTED], Authenticated=true, Details=WebAuthenticationDetails [RemoteIpAddress=127.0.0.1, SessionId=null], Granted Authorities=[ROLE_ANONYMOUS]]
?[0m?[0;34m?[2m2023-08-22T13:43:59.388+02:00?[0;39m ?[32mTRACE?[0;39m ?[35m18216?[0;39m ?[2m---?[0;39m ?[2m[io-28852-exec-6]?[0;39m ?[36mo.s.security.web.FilterChainProxy       ?[0;39m ?[2m:?[0;39m Invoking ExceptionTranslationFilter (11/12)
?[0m?[0;34m?[2m2023-08-22T13:43:59.388+02:00?[0;39m ?[32mTRACE?[0;39m ?[35m18216?[0;39m ?[2m---?[0;39m ?[2m[io-28852-exec-6]?[0;39m ?[36mo.s.security.web.FilterChainProxy       ?[0;39m ?[2m:?[0;39m Invoking AuthorizationFilter (12/12)
?[0m?[0;34m?[2m2023-08-22T13:43:59.388+02:00?[0;39m ?[32mTRACE?[0;39m ?[35m18216?[0;39m ?[2m---?[0;39m ?[2m[io-28852-exec-6]?[0;39m ?[36mestMatcherDelegatingAuthorizationManager?[0;39m ?[2m:?[0;39m Authorizing SecurityContextHolderAwareRequestWrapper[ FirewalledRequest[ org.apache.catalina.core.ApplicationHttpRequest@25c1814c]]
?[0m?[0;34m?[2m2023-08-22T13:43:59.388+02:00?[0;39m ?[32mTRACE?[0;39m ?[35m18216?[0;39m ?[2m---?[0;39m ?[2m[io-28852-exec-6]?[0;39m ?[36mestMatcherDelegatingAuthorizationManager?[0;39m ?[2m:?[0;39m Checking authorization on SecurityContextHolderAwareRequestWrapper[ FirewalledRequest[ org.apache.catalina.core.ApplicationHttpRequest@25c1814c]] using org.springframework.security.config.annotation.web.configurers.AuthorizeHttpRequestsConfigurer$$Lambda$1316/0x0000000100a4d140@528cc85a
?[0m?[0;34m?[2m2023-08-22T13:43:59.388+02:00?[0;39m ?[32mDEBUG?[0;39m ?[35m18216?[0;39m ?[2m---?[0;39m ?[2m[io-28852-exec-6]?[0;39m ?[36mo.s.security.web.FilterChainProxy       ?[0;39m ?[2m:?[0;39m Secured GET /error
?[1;31m
Start test 51?[0m
?[0;34m?[2m2023-08-22T13:43:59.393+02:00?[0;39m ?[32mTRACE?[0;39m ?[35m18216?[0;39m ?[2m---?[0;39m ?[2m[io-28852-exec-7]?[0;39m ?[36mo.s.security.web.FilterChainProxy       ?[0;39m ?[2m:?[0;39m Trying to match request against DefaultSecurityFilterChain [RequestMatcher=any request, Filters=[org.springframework.security.web.session.DisableEncodeUrlFilter@1398e3aa, org.springframework.security.web.context.request.async.WebAsyncManagerIntegrationFilter@531bffd, org.springframework.security.web.context.SecurityContextHolderFilter@207fce87, org.springframework.security.web.header.HeaderWriterFilter@7c068c7b, org.springframework.security.web.authentication.logout.LogoutFilter@43a8dd9b, org.springframework.security.web.authentication.www.BasicAuthenticationFilter@1c7159d5, org.springframework.security.web.savedrequest.RequestCacheAwareFilter@67171221, org.springframework.security.web.servletapi.SecurityContextHolderAwareRequestFilter@2f3a3fec, org.springframework.security.web.authentication.AnonymousAuthenticationFilter@31c87223, org.springframework.security.web.session.SessionManagementFilter@31906cb2, org.springframework.security.web.access.ExceptionTranslationFilter@4b9187de, org.springframework.security.web.access.intercept.AuthorizationFilter@1659a0ff]] (1/1)
?[0m?[0;34m?[2m2023-08-22T13:43:59.394+02:00?[0;39m ?[32mDEBUG?[0;39m ?[35m18216?[0;39m ?[2m---?[0;39m ?[2m[io-28852-exec-7]?[0;39m ?[36mo.s.security.web.FilterChainProxy       ?[0;39m ?[2m:?[0;39m Securing GET /api/empl/payment
?[0m?[0;34m?[2m2023-08-22T13:43:59.394+02:00?[0;39m ?[32mTRACE?[0;39m ?[35m18216?[0;39m ?[2m---?[0;39m ?[2m[io-28852-exec-7]?[0;39m ?[36mo.s.security.web.FilterChainProxy       ?[0;39m ?[2m:?[0;39m Invoking DisableEncodeUrlFilter (1/12)
?[0m?[0;34m?[2m2023-08-22T13:43:59.394+02:00?[0;39m ?[32mTRACE?[0;39m ?[35m18216?[0;39m ?[2m---?[0;39m ?[2m[io-28852-exec-7]?[0;39m ?[36mo.s.security.web.FilterChainProxy       ?[0;39m ?[2m:?[0;39m Invoking WebAsyncManagerIntegrationFilter (2/12)
?[0m?[0;34m?[2m2023-08-22T13:43:59.394+02:00?[0;39m ?[32mTRACE?[0;39m ?[35m18216?[0;39m ?[2m---?[0;39m ?[2m[io-28852-exec-7]?[0;39m ?[36mo.s.security.web.FilterChainProxy       ?[0;39m ?[2m:?[0;39m Invoking SecurityContextHolderFilter (3/12)
?[0m?[0;34m?[2m2023-08-22T13:43:59.394+02:00?[0;39m ?[32mTRACE?[0;39m ?[35m18216?[0;39m ?[2m---?[0;39m ?[2m[io-28852-exec-7]?[0;39m ?[36mo.s.security.web.FilterChainProxy       ?[0;39m ?[2m:?[0;39m Invoking HeaderWriterFilter (4/12)
?[0m?[0;34m?[2m2023-08-22T13:43:59.394+02:00?[0;39m ?[32mTRACE?[0;39m ?[35m18216?[0;39m ?[2m---?[0;39m ?[2m[io-28852-exec-7]?[0;39m ?[36mo.s.security.web.FilterChainProxy       ?[0;39m ?[2m:?[0;39m Invoking LogoutFilter (5/12)
?[0m?[0;34m?[2m2023-08-22T13:43:59.394+02:00?[0;39m ?[32mTRACE?[0;39m ?[35m18216?[0;39m ?[2m---?[0;39m ?[2m[io-28852-exec-7]?[0;39m ?[36mo.s.s.w.a.logout.LogoutFilter           ?[0;39m ?[2m:?[0;39m Did not match request to Or [Ant [pattern='/logout', GET], Ant [pattern='/logout', POST], Ant [pattern='/logout', PUT], Ant [pattern='/logout', DELETE]]
?[0m?[0;34m?[2m2023-08-22T13:43:59.394+02:00?[0;39m ?[32mTRACE?[0;39m ?[35m18216?[0;39m ?[2m---?[0;39m ?[2m[io-28852-exec-7]?[0;39m ?[36mo.s.security.web.FilterChainProxy       ?[0;39m ?[2m:?[0;39m Invoking BasicAuthenticationFilter (6/12)
?[0m?[0;34m?[2m2023-08-22T13:43:59.394+02:00?[0;39m ?[32mTRACE?[0;39m ?[35m18216?[0;39m ?[2m---?[0;39m ?[2m[io-28852-exec-7]?[0;39m ?[36mo.s.s.w.a.www.BasicAuthenticationFilter ?[0;39m ?[2m:?[0;39m Found username 'MaxMustermann@acme.com' in Basic Authorization header
?[0m?[0;34m?[2m2023-08-22T13:43:59.394+02:00?[0;39m ?[32mTRACE?[0;39m ?[35m18216?[0;39m ?[2m---?[0;39m ?[2m[io-28852-exec-7]?[0;39m ?[36m.s.s.w.c.SupplierDeferredSecurityContext?[0;39m ?[2m:?[0;39m Created SecurityContextImpl [Null authentication]
?[0m?[0;34m?[2m2023-08-22T13:43:59.394+02:00?[0;39m ?[32mTRACE?[0;39m ?[35m18216?[0;39m ?[2m---?[0;39m ?[2m[io-28852-exec-7]?[0;39m ?[36mo.s.s.authentication.ProviderManager    ?[0;39m ?[2m:?[0;39m Authenticating request with DaoAuthenticationProvider (1/1)
?[0m?[0;34mHibernate: select u1_0.id,u1_0.email,u1_0.lastname,u1_0.name,u1_0.password from users u1_0 where upper(u1_0.email)=upper(?)
?[0m?[0;34m?[2m2023-08-22T13:43:59.452+02:00?[0;39m ?[32mDEBUG?[0;39m ?[35m18216?[0;39m ?[2m---?[0;39m ?[2m[io-28852-exec-7]?[0;39m ?[36mo.s.s.a.dao.DaoAuthenticationProvider   ?[0;39m ?[2m:?[0;39m Authenticated user
?[0m?[0;34m?[2m2023-08-22T13:43:59.453+02:00?[0;39m ?[32mDEBUG?[0;39m ?[35m18216?[0;39m ?[2m---?[0;39m ?[2m[io-28852-exec-7]?[0;39m ?[36mo.s.s.w.a.www.BasicAuthenticationFilter ?[0;39m ?[2m:?[0;39m Set SecurityContextHolder to UsernamePasswordAuthenticationToken [Principal=account.businesslayer.security.UserAdapter@27297a8c, Credentials=[PROTECTED], Authenticated=true, Details=WebAuthenticationDetails [RemoteIpAddress=127.0.0.1, SessionId=null], Granted Authorities=[ROLE_USER]]
?[0m?[0;34m?[2m2023-08-22T13:43:59.453+02:00?[0;39m ?[32mTRACE?[0;39m ?[35m18216?[0;39m ?[2m---?[0;39m ?[2m[io-28852-exec-7]?[0;39m ?[36mo.s.security.web.FilterChainProxy       ?[0;39m ?[2m:?[0;39m Invoking RequestCacheAwareFilter (7/12)
?[0m?[0;34m?[2m2023-08-22T13:43:59.453+02:00?[0;39m ?[32mTRACE?[0;39m ?[35m18216?[0;39m ?[2m---?[0;39m ?[2m[io-28852-exec-7]?[0;39m ?[36mo.s.security.web.FilterChainProxy       ?[0;39m ?[2m:?[0;39m Invoking SecurityContextHolderAwareRequestFilter (8/12)
?[0m?[0;34m?[2m2023-08-22T13:43:59.453+02:00?[0;39m ?[32mTRACE?[0;39m ?[35m18216?[0;39m ?[2m---?[0;39m ?[2m[io-28852-exec-7]?[0;39m ?[36mo.s.security.web.FilterChainProxy       ?[0;39m ?[2m:?[0;39m Invoking AnonymousAuthenticationFilter (9/12)
?[0m?[0;34m?[2m2023-08-22T13:43:59.453+02:00?[0;39m ?[32mTRACE?[0;39m ?[35m18216?[0;39m ?[2m---?[0;39m ?[2m[io-28852-exec-7]?[0;39m ?[36mo.s.security.web.FilterChainProxy       ?[0;39m ?[2m:?[0;39m Invoking SessionManagementFilter (10/12)
?[0m?[0;34m?[2m2023-08-22T13:43:59.453+02:00?[0;39m ?[32mTRACE?[0;39m ?[35m18216?[0;39m ?[2m---?[0;39m ?[2m[io-28852-exec-7]?[0;39m ?[36mo.s.s.w.a.AnonymousAuthenticationFilter ?[0;39m ?[2m:?[0;39m Did not set SecurityContextHolder since already authenticated UsernamePasswordAuthenticationToken [Principal=account.businesslayer.security.UserAdapter@27297a8c, Credentials=[PROTECTED], Authenticated=true, Details=WebAuthenticationDetails [RemoteIpAddress=127.0.0.1, SessionId=null], Granted Authorities=[ROLE_USER]]
?[0m?[0;34m?[2m2023-08-22T13:43:59.453+02:00?[0;39m ?[32mTRACE?[0;39m ?[35m18216?[0;39m ?[2m---?[0;39m ?[2m[io-28852-exec-7]?[0;39m ?[36ms.CompositeSessionAuthenticationStrategy?[0;39m ?[2m:?[0;39m Preparing session with ChangeSessionIdAuthenticationStrategy (1/1)
?[0m?[0;34m?[2m2023-08-22T13:43:59.453+02:00?[0;39m ?[32mTRACE?[0;39m ?[35m18216?[0;39m ?[2m---?[0;39m ?[2m[io-28852-exec-7]?[0;39m ?[36mo.s.security.web.FilterChainProxy       ?[0;39m ?[2m:?[0;39m Invoking ExceptionTranslationFilter (11/12)
?[0m?[0;34m?[2m2023-08-22T13:43:59.453+02:00?[0;39m ?[32mTRACE?[0;39m ?[35m18216?[0;39m ?[2m---?[0;39m ?[2m[io-28852-exec-7]?[0;39m ?[36mo.s.security.web.FilterChainProxy       ?[0;39m ?[2m:?[0;39m Invoking AuthorizationFilter (12/12)
?[0m?[0;34m?[2m2023-08-22T13:43:59.453+02:00?[0;39m ?[32mTRACE?[0;39m ?[35m18216?[0;39m ?[2m---?[0;39m ?[2m[io-28852-exec-7]?[0;39m ?[36mestMatcherDelegatingAuthorizationManager?[0;39m ?[2m:?[0;39m Authorizing SecurityContextHolderAwareRequestWrapper[ org.springframework.security.web.header.HeaderWriterFilter$HeaderWriterRequest@50171176]
?[0m?[0;34m?[2m2023-08-22T13:43:59.453+02:00?[0;39m ?[32mTRACE?[0;39m ?[35m18216?[0;39m ?[2m---?[0;39m ?[2m[io-28852-exec-7]?[0;39m ?[36mestMatcherDelegatingAuthorizationManager?[0;39m ?[2m:?[0;39m Checking authorization on SecurityContextHolderAwareRequestWrapper[ org.springframework.security.web.header.HeaderWriterFilter$HeaderWriterRequest@50171176] using org.springframework.security.authorization.AuthenticatedAuthorizationManager@231d7549
?[0m?[0;34m?[2m2023-08-22T13:43:59.454+02:00?[0;39m ?[32mDEBUG?[0;39m ?[35m18216?[0;39m ?[2m---?[0;39m ?[2m[io-28852-exec-7]?[0;39m ?[36mo.s.security.web.FilterChainProxy       ?[0;39m ?[2m:?[0;39m Secured GET /api/empl/payment
?[0m?[0;34mHibernate: select u1_0.id,u1_0.email,u1_0.lastname,u1_0.name,u1_0.password from users u1_0 where upper(u1_0.email)=upper(?)
?[0m?[0;34m?[2m2023-08-22T13:43:59.456+02:00?[0;39m ?[32mTRACE?[0;39m ?[35m18216?[0;39m ?[2m---?[0;39m ?[2m[io-28852-exec-7]?[0;39m ?[36mo.s.s.w.header.writers.HstsHeaderWriter ?[0;39m ?[2m:?[0;39m Not injecting HSTS header since it did not match request to [Is Secure]
?[2m2023-08-22T13:43:59.461+02:00?[0;39m ?[32mTRACE?[0;39m ?[35m18216?[0;39m ?[2m---?[0;39m ?[2m[io-28852-exec-8]?[0;39m ?[36mo.s.security.web.FilterChainProxy       ?[0;39m ?[2m:?[0;39m Trying to match request against DefaultSecurityFilterChain [RequestMatcher=any request, Filters=[org.springframework.security.web.session.DisableEncodeUrlFilter@1398e3aa, org.springframework.security.web.context.request.async.WebAsyncManagerIntegrationFilter@531bffd, org.springframework.security.web.context.SecurityContextHolderFilter@207fce87, org.springframework.security.web.header.HeaderWriterFilter@7c068c7b, org.springframework.security.web.authentication.logout.LogoutFilter@43a8dd9b, org.springframework.security.web.authentication.www.BasicAuthenticationFilter@1c7159d5, org.springframework.security.web.savedrequest.RequestCacheAwareFilter@67171221, org.springframework.security.web.servletapi.SecurityContextHolderAwareRequestFilter@2f3a3fec, org.springframework.security.web.authentication.AnonymousAuthenticationFilter@31c87223, org.springframework.security.web.session.SessionManagementFilter@31906cb2, org.springframework.security.web.access.ExceptionTranslationFilter@4b9187de, org.springframework.security.web.access.intercept.AuthorizationFilter@1659a0ff]] (1/1)
?[2m2023-08-22T13:43:59.461+02:00?[0;39m ?[32mDEBUG?[0;39m ?[35m18216?[0;39m ?[2m---?[0;39m ?[2m[io-28852-exec-8]?[0;39m ?[36mo.s.security.web.FilterChainProxy       ?[0;39m ?[2m:?[0;39m Securing POST /actuator/shutdown
?[2m2023-08-22T13:43:59.461+02:00?[0;39m ?[32mTRACE?[0;39m ?[35m18216?[0;39m ?[2m---?[0;39m ?[2m[io-28852-exec-8]?[0;39m ?[36mo.s.security.web.FilterChainProxy       ?[0;39m ?[2m:?[0;39m Invoking DisableEncodeUrlFilter (1/12)
?[2m2023-08-22T13:43:59.461+02:00?[0;39m ?[32mTRACE?[0;39m ?[35m18216?[0;39m ?[2m---?[0;39m ?[2m[io-28852-exec-8]?[0;39m ?[36mo.s.security.web.FilterChainProxy       ?[0;39m ?[2m:?[0;39m Invoking WebAsyncManagerIntegrationFilter (2/12)
?[2m2023-08-22T13:43:59.461+02:00?[0;39m ?[32mTRACE?[0;39m ?[35m18216?[0;39m ?[2m---?[0;39m ?[2m[io-28852-exec-8]?[0;39m ?[36mo.s.security.web.FilterChainProxy       ?[0;39m ?[2m:?[0;39m Invoking SecurityContextHolderFilter (3/12)
?[2m2023-08-22T13:43:59.461+02:00?[0;39m ?[32mTRACE?[0;39m ?[35m18216?[0;39m ?[2m---?[0;39m ?[2m[io-28852-exec-8]?[0;39m ?[36mo.s.security.web.FilterChainProxy       ?[0;39m ?[2m:?[0;39m Invoking HeaderWriterFilter (4/12)
?[2m2023-08-22T13:43:59.461+02:00?[0;39m ?[32mTRACE?[0;39m ?[35m18216?[0;39m ?[2m---?[0;39m ?[2m[io-28852-exec-8]?[0;39m ?[36mo.s.security.web.FilterChainProxy       ?[0;39m ?[2m:?[0;39m Invoking LogoutFilter (5/12)
?[2m2023-08-22T13:43:59.461+02:00?[0;39m ?[32mTRACE?[0;39m ?[35m18216?[0;39m ?[2m---?[0;39m ?[2m[io-28852-exec-8]?[0;39m ?[36mo.s.s.w.a.logout.LogoutFilter           ?[0;39m ?[2m:?[0;39m Did not match request to Or [Ant [pattern='/logout', GET], Ant [pattern='/logout', POST], Ant [pattern='/logout', PUT], Ant [pattern='/logout', DELETE]]
?[2m2023-08-22T13:43:59.461+02:00?[0;39m ?[32mTRACE?[0;39m ?[35m18216?[0;39m ?[2m---?[0;39m ?[2m[io-28852-exec-8]?[0;39m ?[36mo.s.security.web.FilterChainProxy       ?[0;39m ?[2m:?[0;39m Invoking BasicAuthenticationFilter (6/12)
?[2m2023-08-22T13:43:59.461+02:00?[0;39m ?[32mTRACE?[0;39m ?[35m18216?[0;39m ?[2m---?[0;39m ?[2m[io-28852-exec-8]?[0;39m ?[36mo.s.s.w.a.www.BasicAuthenticationFilter ?[0;39m ?[2m:?[0;39m Did not process authentication request since failed to find username and password in Basic Authorization header
?[2m2023-08-22T13:43:59.461+02:00?[0;39m ?[32mTRACE?[0;39m ?[35m18216?[0;39m ?[2m---?[0;39m ?[2m[io-28852-exec-8]?[0;39m ?[36mo.s.security.web.FilterChainProxy       ?[0;39m ?[2m:?[0;39m Invoking RequestCacheAwareFilter (7/12)
?[2m2023-08-22T13:43:59.462+02:00?[0;39m ?[32mTRACE?[0;39m ?[35m18216?[0;39m ?[2m---?[0;39m ?[2m[io-28852-exec-8]?[0;39m ?[36mo.s.security.web.FilterChainProxy       ?[0;39m ?[2m:?[0;39m Invoking SecurityContextHolderAwareRequestFilter (8/12)
?[2m2023-08-22T13:43:59.462+02:00?[0;39m ?[32mTRACE?[0;39m ?[35m18216?[0;39m ?[2m---?[0;39m ?[2m[io-28852-exec-8]?[0;39m ?[36mo.s.security.web.FilterChainProxy       ?[0;39m ?[2m:?[0;39m Invoking AnonymousAuthenticationFilter (9/12)
?[2m2023-08-22T13:43:59.462+02:00?[0;39m ?[32mTRACE?[0;39m ?[35m18216?[0;39m ?[2m---?[0;39m ?[2m[io-28852-exec-8]?[0;39m ?[36mo.s.security.web.FilterChainProxy       ?[0;39m ?[2m:?[0;39m Invoking SessionManagementFilter (10/12)
?[2m2023-08-22T13:43:59.462+02:00?[0;39m ?[32mTRACE?[0;39m ?[35m18216?[0;39m ?[2m---?[0;39m ?[2m[io-28852-exec-8]?[0;39m ?[36m.s.s.w.c.SupplierDeferredSecurityContext?[0;39m ?[2m:?[0;39m Created SecurityContextImpl [Null authentication]
?[2m2023-08-22T13:43:59.462+02:00?[0;39m ?[32mTRACE?[0;39m ?[35m18216?[0;39m ?[2m---?[0;39m ?[2m[io-28852-exec-8]?[0;39m ?[36mo.s.s.w.a.AnonymousAuthenticationFilter ?[0;39m ?[2m:?[0;39m Set SecurityContextHolder to AnonymousAuthenticationToken [Principal=anonymousUser, Credentials=[PROTECTED], Authenticated=true, Details=WebAuthenticationDetails [RemoteIpAddress=127.0.0.1, SessionId=null], Granted Authorities=[ROLE_ANONYMOUS]]
?[2m2023-08-22T13:43:59.462+02:00?[0;39m ?[32mTRACE?[0;39m ?[35m18216?[0;39m ?[2m---?[0;39m ?[2m[io-28852-exec-8]?[0;39m ?[36mo.s.security.web.FilterChainProxy       ?[0;39m ?[2m:?[0;39m Invoking ExceptionTranslationFilter (11/12)
?[2m2023-08-22T13:43:59.462+02:00?[0;39m ?[32mTRACE?[0;39m ?[35m18216?[0;39m ?[2m---?[0;39m ?[2m[io-28852-exec-8]?[0;39m ?[36mo.s.security.web.FilterChainProxy       ?[0;39m ?[2m:?[0;39m Invoking AuthorizationFilter (12/12)
?[2m2023-08-22T13:43:59.462+02:00?[0;39m ?[32mTRACE?[0;39m ?[35m18216?[0;39m ?[2m---?[0;39m ?[2m[io-28852-exec-8]?[0;39m ?[36mestMatcherDelegatingAuthorizationManager?[0;39m ?[2m:?[0;39m Authorizing SecurityContextHolderAwareRequestWrapper[ org.springframework.security.web.header.HeaderWriterFilter$HeaderWriterRequest@340fcb0]
?[2m2023-08-22T13:43:59.462+02:00?[0;39m ?[32mTRACE?[0;39m ?[35m18216?[0;39m ?[2m---?[0;39m ?[2m[io-28852-exec-8]?[0;39m ?[36mestMatcherDelegatingAuthorizationManager?[0;39m ?[2m:?[0;39m Checking authorization on SecurityContextHolderAwareRequestWrapper[ org.springframework.security.web.header.HeaderWriterFilter$HeaderWriterRequest@340fcb0] using org.springframework.security.config.annotation.web.configurers.AuthorizeHttpRequestsConfigurer$$Lambda$1316/0x0000000100a4d140@528cc85a
?[2m2023-08-22T13:43:59.462+02:00?[0;39m ?[32mDEBUG?[0;39m ?[35m18216?[0;39m ?[2m---?[0;39m ?[2m[io-28852-exec-8]?[0;39m ?[36mo.s.security.web.FilterChainProxy       ?[0;39m ?[2m:?[0;39m Secured POST /actuator/shutdown
?[2m2023-08-22T13:43:59.464+02:00?[0;39m ?[32mTRACE?[0;39m ?[35m18216?[0;39m ?[2m---?[0;39m ?[2m[io-28852-exec-8]?[0;39m ?[36mo.s.s.w.header.writers.HstsHeaderWriter ?[0;39m ?[2m:?[0;39m Not injecting HSTS header since it did not match request to [Is Secure]
]]></system-out>
  <system-err><![CDATA[]]></system-err>
</testsuite>
